<?xml version="1.0" encoding="utf-8"?>
<TestRun id="bf09adb7-7bb1-4fb6-aa24-5cae27aef9a0" name="anna@cloudtest-win10 2023-01-23 04:20:10" runUser="cloudtest-win10\anna" xmlns="http://microsoft.com/schemas/VisualStudio/TeamTest/2010">
  <Times creation="2023-01-23T04:20:10.0401145+00:00" queuing="2023-01-23T04:20:10.0401150+00:00" start="2023-01-23T04:20:03.6790727+00:00" finish="2023-01-23T04:20:10.0762670+00:00" />
  <TestSettings name="default" id="55c8f995-6c86-4b96-a7c5-87f6e44d6000">
    <Deployment runDeploymentRoot="anna_cloudtest-win10_2023-01-23_04_20_10" />
  </TestSettings>
  <Results>
    <UnitTestResult executionId="48645223-09db-4907-8030-e32171bc20bb" testId="5114f1e2-8468-e610-28b0-b9e00bce4c8a" testName="Tester.AzureUtils.Lease.AzureBlobLeaseProviderTests.ProviderCanAcquireLeases" computerName="cloudtest-win10" duration="00:00:01.5706052" startTime="2023-01-23T04:20:09.7399657+00:00" endTime="2023-01-23T04:20:09.7400122+00:00" testType="13cdc9d9-ddb5-4fa4-a97d-d965ccfc6d4b" outcome="Passed" testListId="8c84fa94-04c1-424b-9868-57a2d4851a1d" relativeResultsDirectory="48645223-09db-4907-8030-e32171bc20bb" />
  </Results>
  <TestDefinitions>
    <UnitTest name="Tester.AzureUtils.Lease.AzureBlobLeaseProviderTests.ProviderCanAcquireLeases" storage="c:\users\anna\orleans\test\extensions\testerazureutils\bin\debug\net7.0\tester.azureutils.dll" id="5114f1e2-8468-e610-28b0-b9e00bce4c8a">
      <Execution id="48645223-09db-4907-8030-e32171bc20bb" />
      <TestMethod codeBase="C:\Users\anna\orleans\test\Extensions\TesterAzureUtils\bin\Debug\net7.0\Tester.AzureUtils.dll" adapterTypeName="executor://xunit/VsTestRunner2/netcoreapp" className="Tester.AzureUtils.Lease.AzureBlobLeaseProviderTests" name="ProviderCanAcquireLeases" />
    </UnitTest>
  </TestDefinitions>
  <TestEntries>
    <TestEntry testId="5114f1e2-8468-e610-28b0-b9e00bce4c8a" executionId="48645223-09db-4907-8030-e32171bc20bb" testListId="8c84fa94-04c1-424b-9868-57a2d4851a1d" />
  </TestEntries>
  <TestLists>
    <TestList name="Results Not in a List" id="8c84fa94-04c1-424b-9868-57a2d4851a1d" />
    <TestList name="All Loaded Results" id="19431567-8539-422a-85d7-44ee4e166bda" />
  </TestLists>
  <ResultSummary outcome="Completed">
    <Counters total="1" executed="1" passed="1" failed="0" error="0" timeout="0" aborted="0" inconclusive="0" passedButRunAborted="0" notRunnable="0" notExecuted="0" disconnected="0" warning="0" completed="0" inProgress="0" pending="0" />
    <Output>
      <StdOut>[xUnit.net 00:00:00.00] xUnit.net VSTest Adapter v2.4.5+1caef2f33e (64-bit .NET 7.0.2)&#xD;
[xUnit.net 00:00:01.24]   Discovering: Tester.AzureUtils (method display = ClassAndMethod, method display options = None)&#xD;
[xUnit.net 00:00:01.45]   Discovered:  Tester.AzureUtils (found 246 test cases)&#xD;
[xUnit.net 00:00:01.46]   Starting:    Tester.AzureUtils (parallel test collections = off, max threads = 4)&#xD;
[xUnit.net 00:00:03.14]   Finished:    Tester.AzureUtils&#xD;
</StdOut>
    </Output>
    <RunInfos>
      <RunInfo computerName="cloudtest-win10" outcome="Warning" timestamp="2023-01-23T04:20:09.8925092+00:00">
        <Text>Data collector 'Blame' message: All tests finished running, Sequence file will not be generated.</Text>
      </RunInfo>
    </RunInfos>
  </ResultSummary>
</TestRun>