<?xml version="1.0" encoding="utf-8"?>
<TestRun id="b78babfb-c570-450d-ada3-62a377b93b21" name="anna@cloudtest-win10 2023-01-23 04:20:18" runUser="cloudtest-win10\anna" xmlns="http://microsoft.com/schemas/VisualStudio/TeamTest/2010">
  <Times creation="2023-01-23T04:20:18.5550758+00:00" queuing="2023-01-23T04:20:18.5550762+00:00" start="2023-01-23T04:20:12.2211448+00:00" finish="2023-01-23T04:20:18.5909119+00:00" />
  <TestSettings name="default" id="e7176660-a785-4b08-a8b3-1b86f67767f6">
    <Deployment runDeploymentRoot="anna_cloudtest-win10_2023-01-23_04_20_18" />
  </TestSettings>
  <Results>
    <UnitTestResult executionId="35e0623c-63d8-43f2-bb10-ba0dd91a3b5d" testId="5114f1e2-8468-e610-28b0-b9e00bce4c8a" testName="Tester.AzureUtils.Lease.AzureBlobLeaseProviderTests.ProviderCanAcquireLeases" computerName="cloudtest-win10" duration="00:00:01.6127389" startTime="2023-01-23T04:20:18.2612226+00:00" endTime="2023-01-23T04:20:18.2612852+00:00" testType="13cdc9d9-ddb5-4fa4-a97d-d965ccfc6d4b" outcome="Passed" testListId="8c84fa94-04c1-424b-9868-57a2d4851a1d" relativeResultsDirectory="35e0623c-63d8-43f2-bb10-ba0dd91a3b5d" />
  </Results>
  <TestDefinitions>
    <UnitTest name="Tester.AzureUtils.Lease.AzureBlobLeaseProviderTests.ProviderCanAcquireLeases" storage="c:\users\anna\orleans\test\extensions\testerazureutils\bin\debug\net7.0\tester.azureutils.dll" id="5114f1e2-8468-e610-28b0-b9e00bce4c8a">
      <Execution id="35e0623c-63d8-43f2-bb10-ba0dd91a3b5d" />
      <TestMethod codeBase="C:\Users\anna\orleans\test\Extensions\TesterAzureUtils\bin\Debug\net7.0\Tester.AzureUtils.dll" adapterTypeName="executor://xunit/VsTestRunner2/netcoreapp" className="Tester.AzureUtils.Lease.AzureBlobLeaseProviderTests" name="ProviderCanAcquireLeases" />
    </UnitTest>
  </TestDefinitions>
  <TestEntries>
    <TestEntry testId="5114f1e2-8468-e610-28b0-b9e00bce4c8a" executionId="35e0623c-63d8-43f2-bb10-ba0dd91a3b5d" testListId="8c84fa94-04c1-424b-9868-57a2d4851a1d" />
  </TestEntries>
  <TestLists>
    <TestList name="Results Not in a List" id="8c84fa94-04c1-424b-9868-57a2d4851a1d" />
    <TestList name="All Loaded Results" id="19431567-8539-422a-85d7-44ee4e166bda" />
  </TestLists>
  <ResultSummary outcome="Completed">
    <Counters total="1" executed="1" passed="1" failed="0" error="0" timeout="0" aborted="0" inconclusive="0" passedButRunAborted="0" notRunnable="0" notExecuted="0" disconnected="0" warning="0" completed="0" inProgress="0" pending="0" />
    <Output>
      <StdOut>[xUnit.net 00:00:00.00] xUnit.net VSTest Adapter v2.4.5+1caef2f33e (64-bit .NET 7.0.2)&#xD;
[xUnit.net 00:00:01.23]   Discovering: Tester.AzureUtils (method display = ClassAndMethod, method display options = None)&#xD;
[xUnit.net 00:00:01.44]   Discovered:  Tester.AzureUtils (found 246 test cases)&#xD;
[xUnit.net 00:00:01.46]   Starting:    Tester.AzureUtils (parallel test collections = off, max threads = 4)&#xD;
[xUnit.net 00:00:03.17]   Finished:    Tester.AzureUtils&#xD;
</StdOut>
    </Output>
    <RunInfos>
      <RunInfo computerName="cloudtest-win10" outcome="Warning" timestamp="2023-01-23T04:20:18.4096639+00:00">
        <Text>Data collector 'Blame' message: All tests finished running, Sequence file will not be generated.</Text>
      </RunInfo>
    </RunInfos>
  </ResultSummary>
</TestRun>