<?xml version="1.0" encoding="utf-8"?>
<TestRun id="6909d9c1-f6bd-418c-a6cd-5fc37212900c" name="anna@cloudtest-win10 2023-01-23 04:20:01" runUser="cloudtest-win10\anna" xmlns="http://microsoft.com/schemas/VisualStudio/TeamTest/2010">
  <Times creation="2023-01-23T04:20:01.4562477+00:00" queuing="2023-01-23T04:20:01.4562483+00:00" start="2023-01-23T04:19:55.0272234+00:00" finish="2023-01-23T04:20:01.4954060+00:00" />
  <TestSettings name="default" id="5929f3f1-0b16-4d33-ba41-baf269b0c653">
    <Deployment runDeploymentRoot="anna_cloudtest-win10_2023-01-23_04_20_01" />
  </TestSettings>
  <Results>
    <UnitTestResult executionId="5a4d3c62-551a-4b63-89f7-78b3a0a13140" testId="5114f1e2-8468-e610-28b0-b9e00bce4c8a" testName="Tester.AzureUtils.Lease.AzureBlobLeaseProviderTests.ProviderCanAcquireLeases" computerName="cloudtest-win10" duration="00:00:01.6222123" startTime="2023-01-23T04:20:01.1438896+00:00" endTime="2023-01-23T04:20:01.1439848+00:00" testType="13cdc9d9-ddb5-4fa4-a97d-d965ccfc6d4b" outcome="Passed" testListId="8c84fa94-04c1-424b-9868-57a2d4851a1d" relativeResultsDirectory="5a4d3c62-551a-4b63-89f7-78b3a0a13140" />
  </Results>
  <TestDefinitions>
    <UnitTest name="Tester.AzureUtils.Lease.AzureBlobLeaseProviderTests.ProviderCanAcquireLeases" storage="c:\users\anna\orleans\test\extensions\testerazureutils\bin\debug\net7.0\tester.azureutils.dll" id="5114f1e2-8468-e610-28b0-b9e00bce4c8a">
      <Execution id="5a4d3c62-551a-4b63-89f7-78b3a0a13140" />
      <TestMethod codeBase="C:\Users\anna\orleans\test\Extensions\TesterAzureUtils\bin\Debug\net7.0\Tester.AzureUtils.dll" adapterTypeName="executor://xunit/VsTestRunner2/netcoreapp" className="Tester.AzureUtils.Lease.AzureBlobLeaseProviderTests" name="ProviderCanAcquireLeases" />
    </UnitTest>
  </TestDefinitions>
  <TestEntries>
    <TestEntry testId="5114f1e2-8468-e610-28b0-b9e00bce4c8a" executionId="5a4d3c62-551a-4b63-89f7-78b3a0a13140" testListId="8c84fa94-04c1-424b-9868-57a2d4851a1d" />
  </TestEntries>
  <TestLists>
    <TestList name="Results Not in a List" id="8c84fa94-04c1-424b-9868-57a2d4851a1d" />
    <TestList name="All Loaded Results" id="19431567-8539-422a-85d7-44ee4e166bda" />
  </TestLists>
  <ResultSummary outcome="Completed">
    <Counters total="1" executed="1" passed="1" failed="0" error="0" timeout="0" aborted="0" inconclusive="0" passedButRunAborted="0" notRunnable="0" notExecuted="0" disconnected="0" warning="0" completed="0" inProgress="0" pending="0" />
    <Output>
      <StdOut>[xUnit.net 00:00:00.00] xUnit.net VSTest Adapter v2.4.5+1caef2f33e (64-bit .NET 7.0.2)&#xD;
[xUnit.net 00:00:01.26]   Discovering: Tester.AzureUtils (method display = ClassAndMethod, method display options = None)&#xD;
[xUnit.net 00:00:01.48]   Discovered:  Tester.AzureUtils (found 246 test cases)&#xD;
[xUnit.net 00:00:01.49]   Starting:    Tester.AzureUtils (parallel test collections = off, max threads = 4)&#xD;
[xUnit.net 00:00:03.22]   Finished:    Tester.AzureUtils&#xD;
</StdOut>
    </Output>
    <RunInfos>
      <RunInfo computerName="cloudtest-win10" outcome="Warning" timestamp="2023-01-23T04:20:01.3044161+00:00">
        <Text>Data collector 'Blame' message: All tests finished running, Sequence file will not be generated.</Text>
      </RunInfo>
    </RunInfos>
  </ResultSummary>
</TestRun>