<?xml version="1.0" encoding="utf-8"?>
<TestRun id="b85d4cbd-4cb3-4644-91b6-cdc2d554bfda" name="anna@cloudtest-win10 2023-01-22 19:04:23" runUser="cloudtest-win10\anna" xmlns="http://microsoft.com/schemas/VisualStudio/TeamTest/2010">
  <Times creation="2023-01-22T19:04:23.4635547+00:00" queuing="2023-01-22T19:04:23.4635553+00:00" start="2023-01-22T19:04:15.5797222+00:00" finish="2023-01-22T19:04:23.5055410+00:00" />
  <TestSettings name="default" id="9f149720-5429-486f-b09b-0fd94334d912">
    <Deployment runDeploymentRoot="anna_cloudtest-win10_2023-01-22_19_04_23" />
  </TestSettings>
  <Results>
    <UnitTestResult executionId="3a601e60-8acc-4d40-ace2-ca73950aa99d" testId="dd494d96-08b2-fa33-4417-fa08456d2c25" testName="Tester.AzureUtils.AzureMembershipTableTests.MembershipTable_Azure_UpdateIAmAlive" computerName="cloudtest-win10" duration="00:00:01.9084117" startTime="2023-01-22T19:04:23.1429692+00:00" endTime="2023-01-22T19:04:23.1430138+00:00" testType="13cdc9d9-ddb5-4fa4-a97d-d965ccfc6d4b" outcome="Failed" testListId="8c84fa94-04c1-424b-9868-57a2d4851a1d" relativeResultsDirectory="3a601e60-8acc-4d40-ace2-ca73950aa99d">
      <Output>
        <ErrorInfo>
          <Message>Assert.True() Failure&#xD;
Expected: True&#xD;
Actual:   False</Message>
          <StackTrace>   at UnitTests.MembershipTests.MembershipTableTestsBase.MembershipTable_UpdateIAmAlive(Boolean extendedProtocol) in C:\Users\anna\orleans\test\TesterInternal\MembershipTests\MembershipTableTestsBase.cs:line 402&#xD;
   at Tester.AzureUtils.AzureMembershipTableTests.MembershipTable_Azure_UpdateIAmAlive() in C:\Users\anna\orleans\test\Extensions\TesterAzureUtils\AzureMembershipTableTests.cs:line 106&#xD;
--- End of stack trace from previous location ---</StackTrace>
        </ErrorInfo>
      </Output>
    </UnitTestResult>
  </Results>
  <TestDefinitions>
    <UnitTest name="Tester.AzureUtils.AzureMembershipTableTests.MembershipTable_Azure_UpdateIAmAlive" storage="c:\users\anna\orleans\test\extensions\testerazureutils\bin\debug\net7.0\tester.azureutils.dll" id="dd494d96-08b2-fa33-4417-fa08456d2c25">
      <Execution id="3a601e60-8acc-4d40-ace2-ca73950aa99d" />
      <TestMethod codeBase="C:\Users\anna\orleans\test\Extensions\TesterAzureUtils\bin\Debug\net7.0\Tester.AzureUtils.dll" adapterTypeName="executor://xunit/VsTestRunner2/netcoreapp" className="Tester.AzureUtils.AzureMembershipTableTests" name="MembershipTable_Azure_UpdateIAmAlive" />
    </UnitTest>
  </TestDefinitions>
  <TestEntries>
    <TestEntry testId="dd494d96-08b2-fa33-4417-fa08456d2c25" executionId="3a601e60-8acc-4d40-ace2-ca73950aa99d" testListId="8c84fa94-04c1-424b-9868-57a2d4851a1d" />
  </TestEntries>
  <TestLists>
    <TestList name="Results Not in a List" id="8c84fa94-04c1-424b-9868-57a2d4851a1d" />
    <TestList name="All Loaded Results" id="19431567-8539-422a-85d7-44ee4e166bda" />
  </TestLists>
  <ResultSummary outcome="Failed">
    <Counters total="1" executed="1" passed="0" failed="1" error="0" timeout="0" aborted="0" inconclusive="0" passedButRunAborted="0" notRunnable="0" notExecuted="0" disconnected="0" warning="0" completed="0" inProgress="0" pending="0" />
    <Output>
      <StdOut>[xUnit.net 00:00:00.00] xUnit.net VSTest Adapter v2.4.5+1caef2f33e (64-bit .NET 7.0.2)&#xD;
[xUnit.net 00:00:01.28]   Discovering: Tester.AzureUtils (method display = ClassAndMethod, method display options = None)&#xD;
[xUnit.net 00:00:01.50]   Discovered:  Tester.AzureUtils (found 246 test cases)&#xD;
[xUnit.net 00:00:01.51]   Starting:    Tester.AzureUtils (parallel test collections = off, max threads = 4)&#xD;
[xUnit.net 00:00:04.49]       Assert.True() Failure&#xD;
[xUnit.net 00:00:04.49]       Expected: True&#xD;
[xUnit.net 00:00:04.49]       Actual:   False&#xD;
[xUnit.net 00:00:04.49]       Stack Trace:&#xD;
[xUnit.net 00:00:04.50]         C:\Users\anna\orleans\test\TesterInternal\MembershipTests\MembershipTableTestsBase.cs(402,0): at UnitTests.MembershipTests.MembershipTableTestsBase.MembershipTable_UpdateIAmAlive(Boolean extendedProtocol)&#xD;
[xUnit.net 00:00:04.50]         C:\Users\anna\orleans\test\Extensions\TesterAzureUtils\AzureMembershipTableTests.cs(106,0): at Tester.AzureUtils.AzureMembershipTableTests.MembershipTable_Azure_UpdateIAmAlive()&#xD;
[xUnit.net 00:00:04.50]         --- End of stack trace from previous location ---&#xD;
[xUnit.net 00:00:04.53]   Finished:    Tester.AzureUtils&#xD;
</StdOut>
    </Output>
    <RunInfos>
      <RunInfo computerName="cloudtest-win10" outcome="Min" timestamp="2023-01-22T19:04:23.1381559+00:00">
        <Text>[xUnit.net 00:00:04.49]     Tester.AzureUtils.AzureMembershipTableTests.MembershipTable_Azure_UpdateIAmAlive [FAIL]</Text>
      </RunInfo>
      <RunInfo computerName="cloudtest-win10" outcome="Warning" timestamp="2023-01-22T19:04:23.3125484+00:00">
        <Text>Data collector 'Blame' message: All tests finished running, Sequence file will not be generated.</Text>
      </RunInfo>
    </RunInfos>
  </ResultSummary>
</TestRun>