<?xml version="1.0" encoding="utf-8"?>
<TestRun id="f9ee7429-1122-4157-aab3-f016f722b4c4" name="anna@cloudtest-win10 2023-01-22 19:03:53" runUser="cloudtest-win10\anna" xmlns="http://microsoft.com/schemas/VisualStudio/TeamTest/2010">
  <Times creation="2023-01-22T19:03:53.4720073+00:00" queuing="2023-01-22T19:03:53.4720078+00:00" start="2023-01-22T19:03:45.5616971+00:00" finish="2023-01-22T19:03:53.5081226+00:00" />
  <TestSettings name="default" id="0cebaa3d-b894-43d2-ab24-76ba3d4f1095">
    <Deployment runDeploymentRoot="anna_cloudtest-win10_2023-01-22_19_03_53" />
  </TestSettings>
  <Results>
    <UnitTestResult executionId="580f5bb8-2bad-4177-9f85-a3d3c2d8e9ef" testId="dd494d96-08b2-fa33-4417-fa08456d2c25" testName="Tester.AzureUtils.AzureMembershipTableTests.MembershipTable_Azure_UpdateIAmAlive" computerName="cloudtest-win10" duration="00:00:01.9779042" startTime="2023-01-22T19:03:53.1582310+00:00" endTime="2023-01-22T19:03:53.1582808+00:00" testType="13cdc9d9-ddb5-4fa4-a97d-d965ccfc6d4b" outcome="Passed" testListId="8c84fa94-04c1-424b-9868-57a2d4851a1d" relativeResultsDirectory="580f5bb8-2bad-4177-9f85-a3d3c2d8e9ef" />
  </Results>
  <TestDefinitions>
    <UnitTest name="Tester.AzureUtils.AzureMembershipTableTests.MembershipTable_Azure_UpdateIAmAlive" storage="c:\users\anna\orleans\test\extensions\testerazureutils\bin\debug\net7.0\tester.azureutils.dll" id="dd494d96-08b2-fa33-4417-fa08456d2c25">
      <Execution id="580f5bb8-2bad-4177-9f85-a3d3c2d8e9ef" />
      <TestMethod codeBase="C:\Users\anna\orleans\test\Extensions\TesterAzureUtils\bin\Debug\net7.0\Tester.AzureUtils.dll" adapterTypeName="executor://xunit/VsTestRunner2/netcoreapp" className="Tester.AzureUtils.AzureMembershipTableTests" name="MembershipTable_Azure_UpdateIAmAlive" />
    </UnitTest>
  </TestDefinitions>
  <TestEntries>
    <TestEntry testId="dd494d96-08b2-fa33-4417-fa08456d2c25" executionId="580f5bb8-2bad-4177-9f85-a3d3c2d8e9ef" testListId="8c84fa94-04c1-424b-9868-57a2d4851a1d" />
  </TestEntries>
  <TestLists>
    <TestList name="Results Not in a List" id="8c84fa94-04c1-424b-9868-57a2d4851a1d" />
    <TestList name="All Loaded Results" id="19431567-8539-422a-85d7-44ee4e166bda" />
  </TestLists>
  <ResultSummary outcome="Completed">
    <Counters total="1" executed="1" passed="1" failed="0" error="0" timeout="0" aborted="0" inconclusive="0" passedButRunAborted="0" notRunnable="0" notExecuted="0" disconnected="0" warning="0" completed="0" inProgress="0" pending="0" />
    <Output>
      <StdOut>[xUnit.net 00:00:00.00] xUnit.net VSTest Adapter v2.4.5+1caef2f33e (64-bit .NET 7.0.2)&#xD;
[xUnit.net 00:00:01.28]   Discovering: Tester.AzureUtils (method display = ClassAndMethod, method display options = None)&#xD;
[xUnit.net 00:00:01.50]   Discovered:  Tester.AzureUtils (found 246 test cases)&#xD;
[xUnit.net 00:00:01.51]   Starting:    Tester.AzureUtils (parallel test collections = off, max threads = 4)&#xD;
[xUnit.net 00:00:04.58]   Finished:    Tester.AzureUtils&#xD;
</StdOut>
    </Output>
    <RunInfos>
      <RunInfo computerName="cloudtest-win10" outcome="Warning" timestamp="2023-01-22T19:03:53.3266043+00:00">
        <Text>Data collector 'Blame' message: All tests finished running, Sequence file will not be generated.</Text>
      </RunInfo>
    </RunInfos>
  </ResultSummary>
</TestRun>