<?xml version="1.0" encoding="utf-8"?>
<TestRun id="6d8bc970-250b-4359-a920-ade5ee579fb5" name="anna@cloudtest-win10 2023-01-24 01:32:04" runUser="cloudtest-win10\anna" xmlns="http://microsoft.com/schemas/VisualStudio/TeamTest/2010">
  <Times creation="2023-01-24T01:32:04.8294929+00:00" queuing="2023-01-24T01:32:04.8294937+00:00" start="2023-01-24T01:31:58.7041352+00:00" finish="2023-01-24T01:32:04.9636576+00:00" />
  <TestSettings name="default" id="0fc6b8d5-5ccc-4145-8962-1316366cb6ce">
    <Deployment runDeploymentRoot="anna_cloudtest-win10_2023-01-24_01_32_04" />
  </TestSettings>
  <Results>
    <UnitTestResult executionId="c844ced0-550c-4771-8a30-b5828f11facc" testId="2f40bcbd-67d2-8cb0-7d4f-d11ebb7f112a" testName="Tester.AzureUtils.SiloInstanceTableManagerTests.SiloAddress_ToFrom_RowKey" computerName="cloudtest-win10" duration="00:00:01.4865221" startTime="2023-01-24T01:32:04.7079450+00:00" endTime="2023-01-24T01:32:04.7080476+00:00" testType="13cdc9d9-ddb5-4fa4-a97d-d965ccfc6d4b" outcome="Passed" testListId="8c84fa94-04c1-424b-9868-57a2d4851a1d" relativeResultsDirectory="c844ced0-550c-4771-8a30-b5828f11facc">
      <Output>
        <StdOut>ClusterId=test-10108393-1951-4f04-a1c6-88e39689bf95 Generation=33528723&#xD;
Initializing SiloInstanceManager&#xD;
SiloAddress = S1.2.3.4:5555:6666 Row Key string = 1.2.3.4-5555-6666&#xD;
SiloAddress result = S1.2.3.4:5555:6666 From Row Key string = 1.2.3.4-5555-6666&#xD;
TestCleanup Timeout=00:01:00&#xD;
TestCleanup -  Finished</StdOut>
      </Output>
    </UnitTestResult>
  </Results>
  <TestDefinitions>
    <UnitTest name="Tester.AzureUtils.SiloInstanceTableManagerTests.SiloAddress_ToFrom_RowKey" storage="c:\users\anna\orleans\test\extensions\testerazureutils\bin\debug\net7.0\tester.azureutils.dll" id="2f40bcbd-67d2-8cb0-7d4f-d11ebb7f112a">
      <Execution id="c844ced0-550c-4771-8a30-b5828f11facc" />
      <TestMethod codeBase="C:\Users\anna\orleans\test\Extensions\TesterAzureUtils\bin\Debug\net7.0\Tester.AzureUtils.dll" adapterTypeName="executor://xunit/VsTestRunner2/netcoreapp" className="Tester.AzureUtils.SiloInstanceTableManagerTests" name="SiloAddress_ToFrom_RowKey" />
    </UnitTest>
  </TestDefinitions>
  <TestEntries>
    <TestEntry testId="2f40bcbd-67d2-8cb0-7d4f-d11ebb7f112a" executionId="c844ced0-550c-4771-8a30-b5828f11facc" testListId="8c84fa94-04c1-424b-9868-57a2d4851a1d" />
  </TestEntries>
  <TestLists>
    <TestList name="Results Not in a List" id="8c84fa94-04c1-424b-9868-57a2d4851a1d" />
    <TestList name="All Loaded Results" id="19431567-8539-422a-85d7-44ee4e166bda" />
  </TestLists>
  <ResultSummary outcome="Completed">
    <Counters total="1" executed="1" passed="1" failed="0" error="0" timeout="0" aborted="0" inconclusive="0" passedButRunAborted="0" notRunnable="0" notExecuted="0" disconnected="0" warning="0" completed="0" inProgress="0" pending="0" />
    <Output>
      <StdOut>[xUnit.net 00:00:00.00] xUnit.net VSTest Adapter v2.4.5+1caef2f33e (64-bit .NET 7.0.2)&#xD;
[xUnit.net 00:00:01.25]   Discovering: Tester.AzureUtils (method display = ClassAndMethod, method display options = None)&#xD;
[xUnit.net 00:00:01.46]   Discovered:  Tester.AzureUtils (found 246 test cases)&#xD;
[xUnit.net 00:00:01.47]   Starting:    Tester.AzureUtils (parallel test collections = off, max threads = 4)&#xD;
[xUnit.net 00:00:03.08]   Finished:    Tester.AzureUtils&#xD;
</StdOut>
    </Output>
    <RunInfos>
      <RunInfo computerName="cloudtest-win10" outcome="Warning" timestamp="2023-01-24T01:32:04.8738999+00:00">
        <Text>Data collector 'Blame' message: All tests finished running, Sequence file will not be generated.</Text>
      </RunInfo>
    </RunInfos>
  </ResultSummary>
</TestRun>