<?xml version="1.0" encoding="utf-8"?>
<TestRun id="9465d161-5cf0-4c58-b0b1-3c37ac8a568c" name="anna@cloudtest-win10 2023-01-24 01:31:56" runUser="cloudtest-win10\anna" xmlns="http://microsoft.com/schemas/VisualStudio/TeamTest/2010">
  <Times creation="2023-01-24T01:31:56.4317197+00:00" queuing="2023-01-24T01:31:56.4317202+00:00" start="2023-01-24T01:31:49.9034873+00:00" finish="2023-01-24T01:31:56.4679369+00:00" />
  <TestSettings name="default" id="e7653282-7040-4927-9106-b74afbc8b623">
    <Deployment runDeploymentRoot="anna_cloudtest-win10_2023-01-24_01_31_56" />
  </TestSettings>
  <Results>
    <UnitTestResult executionId="63cf2af2-78f4-415d-9d8c-589e64944aae" testId="2f40bcbd-67d2-8cb0-7d4f-d11ebb7f112a" testName="Tester.AzureUtils.SiloInstanceTableManagerTests.SiloAddress_ToFrom_RowKey" computerName="cloudtest-win10" duration="00:00:01.6878234" startTime="2023-01-24T01:31:56.1339346+00:00" endTime="2023-01-24T01:31:56.1339831+00:00" testType="13cdc9d9-ddb5-4fa4-a97d-d965ccfc6d4b" outcome="Passed" testListId="8c84fa94-04c1-424b-9868-57a2d4851a1d" relativeResultsDirectory="63cf2af2-78f4-415d-9d8c-589e64944aae">
      <Output>
        <StdOut>ClusterId=test-a9b82794-eaa2-4dec-ada8-3e07d9cec113 Generation=33528714&#xD;
Initializing SiloInstanceManager&#xD;
SiloAddress = S1.2.3.4:5555:6666 Row Key string = 1.2.3.4-5555-6666&#xD;
SiloAddress result = S1.2.3.4:5555:6666 From Row Key string = 1.2.3.4-5555-6666&#xD;
TestCleanup Timeout=00:01:00&#xD;
TestCleanup -  Finished</StdOut>
      </Output>
    </UnitTestResult>
  </Results>
  <TestDefinitions>
    <UnitTest name="Tester.AzureUtils.SiloInstanceTableManagerTests.SiloAddress_ToFrom_RowKey" storage="c:\users\anna\orleans\test\extensions\testerazureutils\bin\debug\net7.0\tester.azureutils.dll" id="2f40bcbd-67d2-8cb0-7d4f-d11ebb7f112a">
      <Execution id="63cf2af2-78f4-415d-9d8c-589e64944aae" />
      <TestMethod codeBase="C:\Users\anna\orleans\test\Extensions\TesterAzureUtils\bin\Debug\net7.0\Tester.AzureUtils.dll" adapterTypeName="executor://xunit/VsTestRunner2/netcoreapp" className="Tester.AzureUtils.SiloInstanceTableManagerTests" name="SiloAddress_ToFrom_RowKey" />
    </UnitTest>
  </TestDefinitions>
  <TestEntries>
    <TestEntry testId="2f40bcbd-67d2-8cb0-7d4f-d11ebb7f112a" executionId="63cf2af2-78f4-415d-9d8c-589e64944aae" testListId="8c84fa94-04c1-424b-9868-57a2d4851a1d" />
  </TestEntries>
  <TestLists>
    <TestList name="Results Not in a List" id="8c84fa94-04c1-424b-9868-57a2d4851a1d" />
    <TestList name="All Loaded Results" id="19431567-8539-422a-85d7-44ee4e166bda" />
  </TestLists>
  <ResultSummary outcome="Completed">
    <Counters total="1" executed="1" passed="1" failed="0" error="0" timeout="0" aborted="0" inconclusive="0" passedButRunAborted="0" notRunnable="0" notExecuted="0" disconnected="0" warning="0" completed="0" inProgress="0" pending="0" />
    <Output>
      <StdOut>[xUnit.net 00:00:00.00] xUnit.net VSTest Adapter v2.4.5+1caef2f33e (64-bit .NET 7.0.2)&#xD;
[xUnit.net 00:00:01.24]   Discovering: Tester.AzureUtils (method display = ClassAndMethod, method display options = None)&#xD;
[xUnit.net 00:00:01.49]   Discovered:  Tester.AzureUtils (found 246 test cases)&#xD;
[xUnit.net 00:00:01.50]   Starting:    Tester.AzureUtils (parallel test collections = off, max threads = 4)&#xD;
[xUnit.net 00:00:03.31]   Finished:    Tester.AzureUtils&#xD;
</StdOut>
    </Output>
    <RunInfos>
      <RunInfo computerName="cloudtest-win10" outcome="Warning" timestamp="2023-01-24T01:31:56.2849761+00:00">
        <Text>Data collector 'Blame' message: All tests finished running, Sequence file will not be generated.</Text>
      </RunInfo>
    </RunInfos>
  </ResultSummary>
</TestRun>