<?xml version="1.0" encoding="utf-8"?>
<TestRun id="b2c96cd7-0c6f-490b-abd1-91905c648396" name="anna@cloudtest-win10 2023-01-22 23:57:00" runUser="cloudtest-win10\anna" xmlns="http://microsoft.com/schemas/VisualStudio/TeamTest/2010">
  <Times creation="2023-01-22T23:57:00.0736159+00:00" queuing="2023-01-22T23:57:00.0736171+00:00" start="2023-01-22T23:56:52.4263224+00:00" finish="2023-01-22T23:57:00.1157884+00:00" />
  <TestSettings name="default" id="fa612b6e-1ff4-4999-9f4d-79dc812afa59">
    <Deployment runDeploymentRoot="anna_cloudtest-win10_2023-01-22_23_57_00" />
  </TestSettings>
  <Results>
    <UnitTestResult executionId="4c46a57d-49cb-48c5-9792-40718305219b" testId="0dbe3710-1179-9a3b-49dc-b29f3b121cd4" testName="Tester.AzureUtils.AzureTableDataManagerTests.AzureTableDataManager_InsertTwoTableEntriesConditionallyAsync" computerName="cloudtest-win10" duration="00:00:02.6962514" startTime="2023-01-22T23:56:59.7560766+00:00" endTime="2023-01-22T23:56:59.7561286+00:00" testType="13cdc9d9-ddb5-4fa4-a97d-d965ccfc6d4b" outcome="Failed" testListId="8c84fa94-04c1-424b-9868-57a2d4851a1d" relativeResultsDirectory="4c46a57d-49cb-48c5-9792-40718305219b">
      <Output>
        <ErrorInfo>
          <Message>Azure.RequestFailedException : The specified entity already exists.
RequestId:8c9cced4-9002-00a1-71bd-2e907a000000
Time:2023-01-22T23:56:59.7496765Z&#xD;
Status: 409 (Conflict)&#xD;
ErrorCode: EntityAlreadyExists&#xD;
&#xD;
Content:&#xD;
{"odata.error":{"code":"EntityAlreadyExists","message":{"lang":"en-US","value":"The specified entity already exists.\nRequestId:8c9cced4-9002-00a1-71bd-2e907a000000\nTime:2023-01-22T23:56:59.7496765Z"}}}&#xD;
&#xD;
Headers:&#xD;
Cache-Control: no-cache&#xD;
Server: Windows-Azure-Table/1.0,Microsoft-HTTPAPI/2.0&#xD;
x-ms-request-id: 8c9cced4-9002-00a1-71bd-2e907a000000&#xD;
x-ms-client-request-id: 294b1db8-1d18-4af6-91b1-39d09ba880ce&#xD;
x-ms-version: REDACTED&#xD;
X-Content-Type-Options: REDACTED&#xD;
Preference-Applied: REDACTED&#xD;
Date: Sun, 22 Jan 2023 23:56:58 GMT&#xD;
Connection: keep-alive&#xD;
Content-Type: application/json; odata=minimalmetadata; streaming=true; charset=utf-8&#xD;
Content-Length: 203&#xD;
</Message>
          <StackTrace>   at Azure.Data.Tables.TableRestClient.InsertEntityAsync(String table, Nullable`1 timeout, Nullable`1 responsePreference, IDictionary`2 tableEntityProperties, QueryOptions queryOptions, CancellationToken cancellationToken)&#xD;
   at Azure.Data.Tables.TableClient.AddEntityAsync[T](T entity, CancellationToken cancellationToken)&#xD;
   at Orleans.Clustering.AzureStorage.AzureTableDataManager`1.CreateTableEntryAsync(T data) in C:\Users\anna\orleans\src\Azure\Shared\Storage\AzureTableDataManager.cs:line 171&#xD;
   at Tester.AzureUtils.AzureTableDataManagerTests.AzureTableDataManager_InsertTwoTableEntriesConditionallyAsync() in C:\Users\anna\orleans\test\Extensions\TesterAzureUtils\AzureTableDataManagerTests.cs:line 233&#xD;
--- End of stack trace from previous location ---</StackTrace>
        </ErrorInfo>
      </Output>
    </UnitTestResult>
  </Results>
  <TestDefinitions>
    <UnitTest name="Tester.AzureUtils.AzureTableDataManagerTests.AzureTableDataManager_InsertTwoTableEntriesConditionallyAsync" storage="c:\users\anna\orleans\test\extensions\testerazureutils\bin\debug\net7.0\tester.azureutils.dll" id="0dbe3710-1179-9a3b-49dc-b29f3b121cd4">
      <Execution id="4c46a57d-49cb-48c5-9792-40718305219b" />
      <TestMethod codeBase="C:\Users\anna\orleans\test\Extensions\TesterAzureUtils\bin\Debug\net7.0\Tester.AzureUtils.dll" adapterTypeName="executor://xunit/VsTestRunner2/netcoreapp" className="Tester.AzureUtils.AzureTableDataManagerTests" name="AzureTableDataManager_InsertTwoTableEntriesConditionallyAsync" />
    </UnitTest>
  </TestDefinitions>
  <TestEntries>
    <TestEntry testId="0dbe3710-1179-9a3b-49dc-b29f3b121cd4" executionId="4c46a57d-49cb-48c5-9792-40718305219b" testListId="8c84fa94-04c1-424b-9868-57a2d4851a1d" />
  </TestEntries>
  <TestLists>
    <TestList name="Results Not in a List" id="8c84fa94-04c1-424b-9868-57a2d4851a1d" />
    <TestList name="All Loaded Results" id="19431567-8539-422a-85d7-44ee4e166bda" />
  </TestLists>
  <ResultSummary outcome="Failed">
    <Counters total="1" executed="1" passed="0" failed="1" error="0" timeout="0" aborted="0" inconclusive="0" passedButRunAborted="0" notRunnable="0" notExecuted="0" disconnected="0" warning="0" completed="0" inProgress="0" pending="0" />
    <Output>
      <StdOut>[xUnit.net 00:00:00.00] xUnit.net VSTest Adapter v2.4.5+1caef2f33e (64-bit .NET 7.0.2)&#xD;
[xUnit.net 00:00:01.29]   Discovering: Tester.AzureUtils (method display = ClassAndMethod, method display options = None)&#xD;
[xUnit.net 00:00:01.51]   Discovered:  Tester.AzureUtils (found 246 test cases)&#xD;
[xUnit.net 00:00:01.52]   Starting:    Tester.AzureUtils (parallel test collections = off, max threads = 4)&#xD;
[xUnit.net 00:00:04.31]       Azure.RequestFailedException : The specified entity already exists.
RequestId:8c9cced4-9002-00a1-71bd-2e907a000000
Time:2023-01-22T23:56:59.7496765Z&#xD;
[xUnit.net 00:00:04.31]       Status: 409 (Conflict)&#xD;
[xUnit.net 00:00:04.31]       ErrorCode: EntityAlreadyExists&#xD;
[xUnit.net 00:00:04.31]       &#xD;
[xUnit.net 00:00:04.31]       Content:&#xD;
[xUnit.net 00:00:04.31]       {"odata.error":{"code":"EntityAlreadyExists","message":{"lang":"en-US","value":"The specified entity already exists.\nRequestId:8c9cced4-9002-00a1-71bd-2e907a000000\nTime:2023-01-22T23:56:59.7496765Z"}}}&#xD;
[xUnit.net 00:00:04.31]       &#xD;
[xUnit.net 00:00:04.31]       Headers:&#xD;
[xUnit.net 00:00:04.31]       Cache-Control: no-cache&#xD;
[xUnit.net 00:00:04.31]       Server: Windows-Azure-Table/1.0,Microsoft-HTTPAPI/2.0&#xD;
[xUnit.net 00:00:04.31]       x-ms-request-id: 8c9cced4-9002-00a1-71bd-2e907a000000&#xD;
[xUnit.net 00:00:04.31]       x-ms-client-request-id: 294b1db8-1d18-4af6-91b1-39d09ba880ce&#xD;
[xUnit.net 00:00:04.31]       x-ms-version: REDACTED&#xD;
[xUnit.net 00:00:04.31]       X-Content-Type-Options: REDACTED&#xD;
[xUnit.net 00:00:04.31]       Preference-Applied: REDACTED&#xD;
[xUnit.net 00:00:04.31]       Date: Sun, 22 Jan 2023 23:56:58 GMT&#xD;
[xUnit.net 00:00:04.31]       Connection: keep-alive&#xD;
[xUnit.net 00:00:04.31]       Content-Type: application/json; odata=minimalmetadata; streaming=true; charset=utf-8&#xD;
[xUnit.net 00:00:04.31]       Content-Length: 203&#xD;
[xUnit.net 00:00:04.31]       &#xD;
[xUnit.net 00:00:04.31]       Stack Trace:&#xD;
[xUnit.net 00:00:04.31]            at Azure.Data.Tables.TableRestClient.InsertEntityAsync(String table, Nullable`1 timeout, Nullable`1 responsePreference, IDictionary`2 tableEntityProperties, QueryOptions queryOptions, CancellationToken cancellationToken)&#xD;
[xUnit.net 00:00:04.31]            at Azure.Data.Tables.TableClient.AddEntityAsync[T](T entity, CancellationToken cancellationToken)&#xD;
[xUnit.net 00:00:04.31]         C:\Users\anna\orleans\src\Azure\Shared\Storage\AzureTableDataManager.cs(171,0): at Orleans.Clustering.AzureStorage.AzureTableDataManager`1.CreateTableEntryAsync(T data)&#xD;
[xUnit.net 00:00:04.31]         C:\Users\anna\orleans\test\Extensions\TesterAzureUtils\AzureTableDataManagerTests.cs(233,0): at Tester.AzureUtils.AzureTableDataManagerTests.AzureTableDataManager_InsertTwoTableEntriesConditionallyAsync()&#xD;
[xUnit.net 00:00:04.31]         --- End of stack trace from previous location ---&#xD;
[xUnit.net 00:00:04.35]   Finished:    Tester.AzureUtils&#xD;
</StdOut>
    </Output>
    <RunInfos>
      <RunInfo computerName="cloudtest-win10" outcome="Min" timestamp="2023-01-22T23:56:59.7498785+00:00">
        <Text>[xUnit.net 00:00:04.31]     Tester.AzureUtils.AzureTableDataManagerTests.AzureTableDataManager_InsertTwoTableEntriesConditionallyAsync [FAIL]</Text>
      </RunInfo>
      <RunInfo computerName="cloudtest-win10" outcome="Warning" timestamp="2023-01-22T23:56:59.9174843+00:00">
        <Text>Data collector 'Blame' message: All tests finished running, Sequence file will not be generated.</Text>
      </RunInfo>
    </RunInfos>
  </ResultSummary>
</TestRun>