<?xml version="1.0" encoding="utf-8"?>
<TestRun id="4306cb13-274b-4519-83e6-689cfc605321" name="anna@cloudtest-win10 2023-01-22 23:57:18" runUser="cloudtest-win10\anna" xmlns="http://microsoft.com/schemas/VisualStudio/TeamTest/2010">
  <Times creation="2023-01-22T23:57:18.6045318+00:00" queuing="2023-01-22T23:57:18.6045323+00:00" start="2023-01-22T23:57:11.6066376+00:00" finish="2023-01-22T23:57:18.6414021+00:00" />
  <TestSettings name="default" id="4e7feba0-69cd-4afe-a0a5-67f4dcc6c3cd">
    <Deployment runDeploymentRoot="anna_cloudtest-win10_2023-01-22_23_57_18" />
  </TestSettings>
  <Results>
    <UnitTestResult executionId="6bb6b411-e3a3-4e44-920a-7c1a926e216b" testId="0dbe3710-1179-9a3b-49dc-b29f3b121cd4" testName="Tester.AzureUtils.AzureTableDataManagerTests.AzureTableDataManager_InsertTwoTableEntriesConditionallyAsync" computerName="cloudtest-win10" duration="00:00:02.0764355" startTime="2023-01-22T23:57:18.2898559+00:00" endTime="2023-01-22T23:57:18.2899042+00:00" testType="13cdc9d9-ddb5-4fa4-a97d-d965ccfc6d4b" outcome="Passed" testListId="8c84fa94-04c1-424b-9868-57a2d4851a1d" relativeResultsDirectory="6bb6b411-e3a3-4e44-920a-7c1a926e216b" />
  </Results>
  <TestDefinitions>
    <UnitTest name="Tester.AzureUtils.AzureTableDataManagerTests.AzureTableDataManager_InsertTwoTableEntriesConditionallyAsync" storage="c:\users\anna\orleans\test\extensions\testerazureutils\bin\debug\net7.0\tester.azureutils.dll" id="0dbe3710-1179-9a3b-49dc-b29f3b121cd4">
      <Execution id="6bb6b411-e3a3-4e44-920a-7c1a926e216b" />
      <TestMethod codeBase="C:\Users\anna\orleans\test\Extensions\TesterAzureUtils\bin\Debug\net7.0\Tester.AzureUtils.dll" adapterTypeName="executor://xunit/VsTestRunner2/netcoreapp" className="Tester.AzureUtils.AzureTableDataManagerTests" name="AzureTableDataManager_InsertTwoTableEntriesConditionallyAsync" />
    </UnitTest>
  </TestDefinitions>
  <TestEntries>
    <TestEntry testId="0dbe3710-1179-9a3b-49dc-b29f3b121cd4" executionId="6bb6b411-e3a3-4e44-920a-7c1a926e216b" testListId="8c84fa94-04c1-424b-9868-57a2d4851a1d" />
  </TestEntries>
  <TestLists>
    <TestList name="Results Not in a List" id="8c84fa94-04c1-424b-9868-57a2d4851a1d" />
    <TestList name="All Loaded Results" id="19431567-8539-422a-85d7-44ee4e166bda" />
  </TestLists>
  <ResultSummary outcome="Completed">
    <Counters total="1" executed="1" passed="1" failed="0" error="0" timeout="0" aborted="0" inconclusive="0" passedButRunAborted="0" notRunnable="0" notExecuted="0" disconnected="0" warning="0" completed="0" inProgress="0" pending="0" />
    <Output>
      <StdOut>[xUnit.net 00:00:00.00] xUnit.net VSTest Adapter v2.4.5+1caef2f33e (64-bit .NET 7.0.2)&#xD;
[xUnit.net 00:00:01.28]   Discovering: Tester.AzureUtils (method display = ClassAndMethod, method display options = None)&#xD;
[xUnit.net 00:00:01.50]   Discovered:  Tester.AzureUtils (found 246 test cases)&#xD;
[xUnit.net 00:00:01.51]   Starting:    Tester.AzureUtils (parallel test collections = off, max threads = 4)&#xD;
[xUnit.net 00:00:03.70]   Finished:    Tester.AzureUtils&#xD;
</StdOut>
    </Output>
    <RunInfos>
      <RunInfo computerName="cloudtest-win10" outcome="Warning" timestamp="2023-01-22T23:57:18.4526016+00:00">
        <Text>Data collector 'Blame' message: All tests finished running, Sequence file will not be generated.</Text>
      </RunInfo>
    </RunInfos>
  </ResultSummary>
</TestRun>