<?xml version="1.0" encoding="utf-8"?>
<TestRun id="6ff8bbd3-0068-4aa1-b220-da14a8324a51" name="anna@cloudtest-win10 2023-01-25 00:17:03" runUser="cloudtest-win10\anna" xmlns="http://microsoft.com/schemas/VisualStudio/TeamTest/2010">
  <Times creation="2023-01-25T00:17:03.8082459+00:00" queuing="2023-01-25T00:17:03.8082466+00:00" start="2023-01-25T00:16:07.8864642+00:00" finish="2023-01-25T00:17:03.8475012+00:00" />
  <TestSettings name="default" id="4c4a8d7f-a0c0-4a50-846f-125db3984812">
    <Deployment runDeploymentRoot="anna_cloudtest-win10_2023-01-25_00_17_03" />
  </TestSettings>
  <Results>
    <UnitTestResult executionId="b998fb69-9b0b-4ba6-8fa5-7d9fe3dccfe5" testId="117ab365-9142-4859-372c-a786b1339fb7" testName="Tester.AzureUtils.Streaming.AQStreamingTests.AQ_05_ManyDifferent_ManyProducerGrainsManyConsumerGrains" computerName="cloudtest-win10" duration="00:00:32.1408070" startTime="2023-01-25T00:17:03.4909133+00:00" endTime="2023-01-25T00:17:03.4910081+00:00" testType="13cdc9d9-ddb5-4fa4-a97d-d965ccfc6d4b" outcome="Failed" testListId="8c84fa94-04c1-424b-9868-57a2d4851a1d" relativeResultsDirectory="b998fb69-9b0b-4ba6-8fa5-7d9fe3dccfe5">
      <Output>
        <ErrorInfo>
          <Message>Assert.Equal() Failure&#xD;
Expected: 90&#xD;
Actual:   93</Message>
          <StackTrace>   at UnitTests.StreamingTests.SingleStreamTestRunner.CheckCounters(ProducerProxy producer, ConsumerProxy consumer, Boolean assertAreEqual) in C:\Users\anna\orleans\test\TesterInternal\StreamingTests\SingleStreamTestRunner.cs:line 479&#xD;
   at UnitTests.StreamingTests.SingleStreamTestRunner.BasicTestAsync(Boolean fullTest) in C:\Users\anna\orleans\test\TesterInternal\StreamingTests\SingleStreamTestRunner.cs:line 442&#xD;
   at UnitTests.StreamingTests.SingleStreamTestRunner.StreamTest_05_ManyDifferent_ManyProducerGrainsManyConsumerGrains() in C:\Users\anna\orleans\test\TesterInternal\StreamingTests\SingleStreamTestRunner.cs:line 122&#xD;
   at Tester.AzureUtils.Streaming.AQStreamingTests.AQ_05_ManyDifferent_ManyProducerGrainsManyConsumerGrains() in C:\Users\anna\orleans\test\Extensions\TesterAzureUtils\Streaming\AQStreamingTests.cs:line 121&#xD;
--- End of stack trace from previous location ---</StackTrace>
        </ErrorInfo>
      </Output>
    </UnitTestResult>
  </Results>
  <TestDefinitions>
    <UnitTest name="Tester.AzureUtils.Streaming.AQStreamingTests.AQ_05_ManyDifferent_ManyProducerGrainsManyConsumerGrains" storage="c:\users\anna\orleans\test\extensions\testerazureutils\bin\debug\net7.0\tester.azureutils.dll" id="117ab365-9142-4859-372c-a786b1339fb7">
      <Execution id="b998fb69-9b0b-4ba6-8fa5-7d9fe3dccfe5" />
      <TestMethod codeBase="C:\Users\anna\orleans\test\Extensions\TesterAzureUtils\bin\Debug\net7.0\Tester.AzureUtils.dll" adapterTypeName="executor://xunit/VsTestRunner2/netcoreapp" className="Tester.AzureUtils.Streaming.AQStreamingTests" name="AQ_05_ManyDifferent_ManyProducerGrainsManyConsumerGrains" />
    </UnitTest>
  </TestDefinitions>
  <TestEntries>
    <TestEntry testId="117ab365-9142-4859-372c-a786b1339fb7" executionId="b998fb69-9b0b-4ba6-8fa5-7d9fe3dccfe5" testListId="8c84fa94-04c1-424b-9868-57a2d4851a1d" />
  </TestEntries>
  <TestLists>
    <TestList name="Results Not in a List" id="8c84fa94-04c1-424b-9868-57a2d4851a1d" />
    <TestList name="All Loaded Results" id="19431567-8539-422a-85d7-44ee4e166bda" />
  </TestLists>
  <ResultSummary outcome="Failed">
    <Counters total="1" executed="1" passed="0" failed="1" error="0" timeout="0" aborted="0" inconclusive="0" passedButRunAborted="0" notRunnable="0" notExecuted="0" disconnected="0" warning="0" completed="0" inProgress="0" pending="0" />
    <Output>
      <StdOut>[xUnit.net 00:00:00.00] xUnit.net VSTest Adapter v2.4.5+1caef2f33e (64-bit .NET 7.0.2)&#xD;
[xUnit.net 00:00:01.25]   Discovering: Tester.AzureUtils (method display = ClassAndMethod, method display options = None)&#xD;
[xUnit.net 00:00:01.46]   Discovered:  Tester.AzureUtils (found 246 test cases)&#xD;
[xUnit.net 00:00:01.47]   Starting:    Tester.AzureUtils (parallel test collections = off, max threads = 4)&#xD;
[xUnit.net 00:00:52.64]       Assert.Equal() Failure&#xD;
[xUnit.net 00:00:52.64]       Expected: 90&#xD;
[xUnit.net 00:00:52.64]       Actual:   93&#xD;
[xUnit.net 00:00:52.64]       Stack Trace:&#xD;
[xUnit.net 00:00:52.64]         C:\Users\anna\orleans\test\TesterInternal\StreamingTests\SingleStreamTestRunner.cs(479,0): at UnitTests.StreamingTests.SingleStreamTestRunner.CheckCounters(ProducerProxy producer, ConsumerProxy consumer, Boolean assertAreEqual)&#xD;
[xUnit.net 00:00:52.64]         C:\Users\anna\orleans\test\TesterInternal\StreamingTests\SingleStreamTestRunner.cs(442,0): at UnitTests.StreamingTests.SingleStreamTestRunner.BasicTestAsync(Boolean fullTest)&#xD;
[xUnit.net 00:00:52.64]         C:\Users\anna\orleans\test\TesterInternal\StreamingTests\SingleStreamTestRunner.cs(122,0): at UnitTests.StreamingTests.SingleStreamTestRunner.StreamTest_05_ManyDifferent_ManyProducerGrainsManyConsumerGrains()&#xD;
[xUnit.net 00:00:52.64]         C:\Users\anna\orleans\test\Extensions\TesterAzureUtils\Streaming\AQStreamingTests.cs(121,0): at Tester.AzureUtils.Streaming.AQStreamingTests.AQ_05_ManyDifferent_ManyProducerGrainsManyConsumerGrains()&#xD;
[xUnit.net 00:00:52.64]         --- End of stack trace from previous location ---&#xD;
[xUnit.net 00:00:52.68]   Finished:    Tester.AzureUtils&#xD;
</StdOut>
    </Output>
    <RunInfos>
      <RunInfo computerName="cloudtest-win10" outcome="Min" timestamp="2023-01-25T00:17:03.4860352+00:00">
        <Text>[xUnit.net 00:00:52.64]     Tester.AzureUtils.Streaming.AQStreamingTests.AQ_05_ManyDifferent_ManyProducerGrainsManyConsumerGrains [FAIL]</Text>
      </RunInfo>
      <RunInfo computerName="cloudtest-win10" outcome="Warning" timestamp="2023-01-25T00:17:03.6621595+00:00">
        <Text>Data collector 'Blame' message: All tests finished running, Sequence file will not be generated.</Text>
      </RunInfo>
    </RunInfos>
  </ResultSummary>
</TestRun>