<?xml version="1.0" encoding="utf-8"?>
<TestRun id="c9a7c27b-e25b-4610-a463-a724d6777e09" name="anna@cloudtest-win10 2023-01-25 00:17:35" runUser="cloudtest-win10\anna" xmlns="http://microsoft.com/schemas/VisualStudio/TeamTest/2010">
  <Times creation="2023-01-25T00:17:36.0011538+00:00" queuing="2023-01-25T00:17:36.0011548+00:00" start="2023-01-25T00:17:06.4161055+00:00" finish="2023-01-25T00:17:36.0382204+00:00" />
  <TestSettings name="default" id="eb99bf4a-ca10-4253-853c-0f2297a7ffbb">
    <Deployment runDeploymentRoot="anna_cloudtest-win10_2023-01-25_00_17_35" />
  </TestSettings>
  <Results>
    <UnitTestResult executionId="7547d00b-c9c4-4528-8317-4431fd0b6ad7" testId="117ab365-9142-4859-372c-a786b1339fb7" testName="Tester.AzureUtils.Streaming.AQStreamingTests.AQ_05_ManyDifferent_ManyProducerGrainsManyConsumerGrains" computerName="cloudtest-win10" duration="00:00:06.0186586" startTime="2023-01-25T00:17:35.6716886+00:00" endTime="2023-01-25T00:17:35.6717424+00:00" testType="13cdc9d9-ddb5-4fa4-a97d-d965ccfc6d4b" outcome="Passed" testListId="8c84fa94-04c1-424b-9868-57a2d4851a1d" relativeResultsDirectory="7547d00b-c9c4-4528-8317-4431fd0b6ad7" />
  </Results>
  <TestDefinitions>
    <UnitTest name="Tester.AzureUtils.Streaming.AQStreamingTests.AQ_05_ManyDifferent_ManyProducerGrainsManyConsumerGrains" storage="c:\users\anna\orleans\test\extensions\testerazureutils\bin\debug\net7.0\tester.azureutils.dll" id="117ab365-9142-4859-372c-a786b1339fb7">
      <Execution id="7547d00b-c9c4-4528-8317-4431fd0b6ad7" />
      <TestMethod codeBase="C:\Users\anna\orleans\test\Extensions\TesterAzureUtils\bin\Debug\net7.0\Tester.AzureUtils.dll" adapterTypeName="executor://xunit/VsTestRunner2/netcoreapp" className="Tester.AzureUtils.Streaming.AQStreamingTests" name="AQ_05_ManyDifferent_ManyProducerGrainsManyConsumerGrains" />
    </UnitTest>
  </TestDefinitions>
  <TestEntries>
    <TestEntry testId="117ab365-9142-4859-372c-a786b1339fb7" executionId="7547d00b-c9c4-4528-8317-4431fd0b6ad7" testListId="8c84fa94-04c1-424b-9868-57a2d4851a1d" />
  </TestEntries>
  <TestLists>
    <TestList name="Results Not in a List" id="8c84fa94-04c1-424b-9868-57a2d4851a1d" />
    <TestList name="All Loaded Results" id="19431567-8539-422a-85d7-44ee4e166bda" />
  </TestLists>
  <ResultSummary outcome="Completed">
    <Counters total="1" executed="1" passed="1" failed="0" error="0" timeout="0" aborted="0" inconclusive="0" passedButRunAborted="0" notRunnable="0" notExecuted="0" disconnected="0" warning="0" completed="0" inProgress="0" pending="0" />
    <Output>
      <StdOut>[xUnit.net 00:00:00.00] xUnit.net VSTest Adapter v2.4.5+1caef2f33e (64-bit .NET 7.0.2)&#xD;
[xUnit.net 00:00:01.26]   Discovering: Tester.AzureUtils (method display = ClassAndMethod, method display options = None)&#xD;
[xUnit.net 00:00:01.47]   Discovered:  Tester.AzureUtils (found 246 test cases)&#xD;
[xUnit.net 00:00:01.48]   Starting:    Tester.AzureUtils (parallel test collections = off, max threads = 4)&#xD;
[xUnit.net 00:00:26.32]   Finished:    Tester.AzureUtils&#xD;
</StdOut>
    </Output>
    <RunInfos>
      <RunInfo computerName="cloudtest-win10" outcome="Warning" timestamp="2023-01-25T00:17:35.8536695+00:00">
        <Text>Data collector 'Blame' message: All tests finished running, Sequence file will not be generated.</Text>
      </RunInfo>
    </RunInfos>
  </ResultSummary>
</TestRun>