<?xml version="1.0" encoding="utf-8"?>
<TestRun id="4ceb1552-84c2-48c5-9bf0-f9b99429fe1b" name="anna@cloudtest-win10 2023-01-23 04:20:53" runUser="cloudtest-win10\anna" xmlns="http://microsoft.com/schemas/VisualStudio/TeamTest/2010">
  <Times creation="2023-01-23T04:20:53.1562955+00:00" queuing="2023-01-23T04:20:53.1562961+00:00" start="2023-01-23T04:20:46.6832570+00:00" finish="2023-01-23T04:20:53.1971712+00:00" />
  <TestSettings name="default" id="425c300b-abfc-4d95-87d2-94cc800f74a2">
    <Deployment runDeploymentRoot="anna_cloudtest-win10_2023-01-23_04_20_53" />
  </TestSettings>
  <Results>
    <UnitTestResult executionId="edd6aa9e-c7ea-4f57-aeb1-821e9945e01f" testId="0b23a25b-5d4b-3e6d-d2a0-59f8f18f9102" testName="Tester.AzureUtils.Lease.AzureBlobLeaseProviderTests.ProviderCanReleaseLeases" computerName="cloudtest-win10" duration="00:00:01.6992977" startTime="2023-01-23T04:20:52.8562395+00:00" endTime="2023-01-23T04:20:52.8562855+00:00" testType="13cdc9d9-ddb5-4fa4-a97d-d965ccfc6d4b" outcome="Failed" testListId="8c84fa94-04c1-424b-9868-57a2d4851a1d" relativeResultsDirectory="edd6aa9e-c7ea-4f57-aeb1-821e9945e01f">
      <Output>
        <ErrorInfo>
          <Message>Azure.RequestFailedException : The lease ID specified did not match the lease ID for the container or blob.
RequestId:de4ca3d0-0f28-4da7-9d4d-1456a59e3f82
Time:2023-01-23T04:20:52.775Z&#xD;
Status: 409 (The lease ID specified did not match the lease ID for the container or blob.)&#xD;
ErrorCode: LeaseIdMismatchWithLeaseOperation&#xD;
&#xD;
Content:&#xD;
&lt;?xml version="1.0" encoding="UTF-8" standalone="yes"?&gt;
&lt;Error&gt;
  &lt;Code&gt;LeaseIdMismatchWithLeaseOperation&lt;/Code&gt;
  &lt;Message&gt;The lease ID specified did not match the lease ID for the container or blob.
RequestId:de4ca3d0-0f28-4da7-9d4d-1456a59e3f82
Time:2023-01-23T04:20:52.775Z&lt;/Message&gt;
&lt;/Error&gt;&#xD;
&#xD;
Headers:&#xD;
Server: Azurite-Blob/3.20.1&#xD;
x-ms-error-code: LeaseIdMismatchWithLeaseOperation&#xD;
x-ms-request-id: de4ca3d0-0f28-4da7-9d4d-1456a59e3f82&#xD;
Date: Mon, 23 Jan 2023 04:20:52 GMT&#xD;
Keep-Alive: REDACTED&#xD;
Connection: keep-alive&#xD;
Content-Type: application/xml&#xD;
Content-Length: 296&#xD;
</Message>
          <StackTrace>   at Azure.Storage.Blobs.BlobRestClient.ReleaseLeaseAsync(String leaseId, Nullable`1 timeout, Nullable`1 ifModifiedSince, Nullable`1 ifUnmodifiedSince, String ifMatch, String ifNoneMatch, String ifTags, CancellationToken cancellationToken)&#xD;
   at Azure.Storage.Blobs.Specialized.BlobLeaseClient.ReleaseInternal(RequestConditions conditions, Boolean async, CancellationToken cancellationToken)&#xD;
   at Azure.Storage.Blobs.Specialized.BlobLeaseClient.ReleaseAsync(RequestConditions conditions, CancellationToken cancellationToken)&#xD;
   at Orleans.LeaseProviders.AzureBlobLeaseProvider.Release(String category, AcquiredLease[] acquiredLeases) in C:\Users\anna\orleans\src\Azure\Orleans.Streaming.AzureStorage\Providers\Lease\AzureBlobLeaseProvider.cs:line 91&#xD;
   at TestExtensions.Runners.GoldenPathLeaseProviderTestRunner.ProviderCanReleaseLeases() in C:\Users\anna\orleans\test\TestInfrastructure\TestExtensions\Runners\GoldenPathLeaseProviderTestRunner.cs:line 50&#xD;
--- End of stack trace from previous location ---</StackTrace>
        </ErrorInfo>
      </Output>
    </UnitTestResult>
  </Results>
  <TestDefinitions>
    <UnitTest name="Tester.AzureUtils.Lease.AzureBlobLeaseProviderTests.ProviderCanReleaseLeases" storage="c:\users\anna\orleans\test\extensions\testerazureutils\bin\debug\net7.0\tester.azureutils.dll" id="0b23a25b-5d4b-3e6d-d2a0-59f8f18f9102">
      <Execution id="edd6aa9e-c7ea-4f57-aeb1-821e9945e01f" />
      <TestMethod codeBase="C:\Users\anna\orleans\test\Extensions\TesterAzureUtils\bin\Debug\net7.0\Tester.AzureUtils.dll" adapterTypeName="executor://xunit/VsTestRunner2/netcoreapp" className="Tester.AzureUtils.Lease.AzureBlobLeaseProviderTests" name="ProviderCanReleaseLeases" />
    </UnitTest>
  </TestDefinitions>
  <TestEntries>
    <TestEntry testId="0b23a25b-5d4b-3e6d-d2a0-59f8f18f9102" executionId="edd6aa9e-c7ea-4f57-aeb1-821e9945e01f" testListId="8c84fa94-04c1-424b-9868-57a2d4851a1d" />
  </TestEntries>
  <TestLists>
    <TestList name="Results Not in a List" id="8c84fa94-04c1-424b-9868-57a2d4851a1d" />
    <TestList name="All Loaded Results" id="19431567-8539-422a-85d7-44ee4e166bda" />
  </TestLists>
  <ResultSummary outcome="Failed">
    <Counters total="1" executed="1" passed="0" failed="1" error="0" timeout="0" aborted="0" inconclusive="0" passedButRunAborted="0" notRunnable="0" notExecuted="0" disconnected="0" warning="0" completed="0" inProgress="0" pending="0" />
    <Output>
      <StdOut>[xUnit.net 00:00:00.00] xUnit.net VSTest Adapter v2.4.5+1caef2f33e (64-bit .NET 7.0.2)&#xD;
[xUnit.net 00:00:01.24]   Discovering: Tester.AzureUtils (method display = ClassAndMethod, method display options = None)&#xD;
[xUnit.net 00:00:01.44]   Discovered:  Tester.AzureUtils (found 246 test cases)&#xD;
[xUnit.net 00:00:01.46]   Starting:    Tester.AzureUtils (parallel test collections = off, max threads = 4)&#xD;
[xUnit.net 00:00:03.24]       Azure.RequestFailedException : The lease ID specified did not match the lease ID for the container or blob.
RequestId:de4ca3d0-0f28-4da7-9d4d-1456a59e3f82
Time:2023-01-23T04:20:52.775Z&#xD;
[xUnit.net 00:00:03.24]       Status: 409 (The lease ID specified did not match the lease ID for the container or blob.)&#xD;
[xUnit.net 00:00:03.24]       ErrorCode: LeaseIdMismatchWithLeaseOperation&#xD;
[xUnit.net 00:00:03.24]       &#xD;
[xUnit.net 00:00:03.24]       Content:&#xD;
[xUnit.net 00:00:03.24]       &lt;?xml version="1.0" encoding="UTF-8" standalone="yes"?&gt;
&lt;Error&gt;
  &lt;Code&gt;LeaseIdMismatchWithLeaseOperation&lt;/Code&gt;
  &lt;Message&gt;The lease ID specified did not match the lease ID for the container or blob.
RequestId:de4ca3d0-0f28-4da7-9d4d-1456a59e3f82
Time:2023-01-23T04:20:52.775Z&lt;/Message&gt;
&lt;/Error&gt;&#xD;
[xUnit.net 00:00:03.24]       &#xD;
[xUnit.net 00:00:03.24]       Headers:&#xD;
[xUnit.net 00:00:03.24]       Server: Azurite-Blob/3.20.1&#xD;
[xUnit.net 00:00:03.24]       x-ms-error-code: LeaseIdMismatchWithLeaseOperation&#xD;
[xUnit.net 00:00:03.24]       x-ms-request-id: de4ca3d0-0f28-4da7-9d4d-1456a59e3f82&#xD;
[xUnit.net 00:00:03.24]       Date: Mon, 23 Jan 2023 04:20:52 GMT&#xD;
[xUnit.net 00:00:03.24]       Keep-Alive: REDACTED&#xD;
[xUnit.net 00:00:03.24]       Connection: keep-alive&#xD;
[xUnit.net 00:00:03.24]       Content-Type: application/xml&#xD;
[xUnit.net 00:00:03.24]       Content-Length: 296&#xD;
[xUnit.net 00:00:03.24]       &#xD;
[xUnit.net 00:00:03.24]       Stack Trace:&#xD;
[xUnit.net 00:00:03.25]            at Azure.Storage.Blobs.BlobRestClient.ReleaseLeaseAsync(String leaseId, Nullable`1 timeout, Nullable`1 ifModifiedSince, Nullable`1 ifUnmodifiedSince, String ifMatch, String ifNoneMatch, String ifTags, CancellationToken cancellationToken)&#xD;
[xUnit.net 00:00:03.25]            at Azure.Storage.Blobs.Specialized.BlobLeaseClient.ReleaseInternal(RequestConditions conditions, Boolean async, CancellationToken cancellationToken)&#xD;
[xUnit.net 00:00:03.25]            at Azure.Storage.Blobs.Specialized.BlobLeaseClient.ReleaseAsync(RequestConditions conditions, CancellationToken cancellationToken)&#xD;
[xUnit.net 00:00:03.25]         C:\Users\anna\orleans\src\Azure\Orleans.Streaming.AzureStorage\Providers\Lease\AzureBlobLeaseProvider.cs(91,0): at Orleans.LeaseProviders.AzureBlobLeaseProvider.Release(String category, AcquiredLease[] acquiredLeases)&#xD;
[xUnit.net 00:00:03.25]         C:\Users\anna\orleans\test\TestInfrastructure\TestExtensions\Runners\GoldenPathLeaseProviderTestRunner.cs(50,0): at TestExtensions.Runners.GoldenPathLeaseProviderTestRunner.ProviderCanReleaseLeases()&#xD;
[xUnit.net 00:00:03.25]         --- End of stack trace from previous location ---&#xD;
[xUnit.net 00:00:03.28]   Finished:    Tester.AzureUtils&#xD;
</StdOut>
    </Output>
    <RunInfos>
      <RunInfo computerName="cloudtest-win10" outcome="Min" timestamp="2023-01-23T04:20:52.8502716+00:00">
        <Text>[xUnit.net 00:00:03.24]     Tester.AzureUtils.Lease.AzureBlobLeaseProviderTests.ProviderCanReleaseLeases [FAIL]</Text>
      </RunInfo>
      <RunInfo computerName="cloudtest-win10" outcome="Warning" timestamp="2023-01-23T04:20:53.0086258+00:00">
        <Text>Data collector 'Blame' message: All tests finished running, Sequence file will not be generated.</Text>
      </RunInfo>
    </RunInfos>
  </ResultSummary>
</TestRun>