<?xml version="1.0" encoding="utf-8"?>
<TestRun id="48bbac2b-d5df-40da-b395-9a08510b5ed3" name="anna@cloudtest-win10 2023-01-23 04:20:35" runUser="cloudtest-win10\anna" xmlns="http://microsoft.com/schemas/VisualStudio/TeamTest/2010">
  <Times creation="2023-01-23T04:20:35.8378335+00:00" queuing="2023-01-23T04:20:35.8378348+00:00" start="2023-01-23T04:20:29.1883518+00:00" finish="2023-01-23T04:20:35.8740560+00:00" />
  <TestSettings name="default" id="82284daf-6c2c-453c-a1a0-0c732cc59c44">
    <Deployment runDeploymentRoot="anna_cloudtest-win10_2023-01-23_04_20_35" />
  </TestSettings>
  <Results>
    <UnitTestResult executionId="42a1bfb1-e6ee-4dc8-8b22-0ea55fe342f1" testId="0b23a25b-5d4b-3e6d-d2a0-59f8f18f9102" testName="Tester.AzureUtils.Lease.AzureBlobLeaseProviderTests.ProviderCanReleaseLeases" computerName="cloudtest-win10" duration="00:00:01.8871662" startTime="2023-01-23T04:20:35.5408656+00:00" endTime="2023-01-23T04:20:35.5409129+00:00" testType="13cdc9d9-ddb5-4fa4-a97d-d965ccfc6d4b" outcome="Passed" testListId="8c84fa94-04c1-424b-9868-57a2d4851a1d" relativeResultsDirectory="42a1bfb1-e6ee-4dc8-8b22-0ea55fe342f1" />
  </Results>
  <TestDefinitions>
    <UnitTest name="Tester.AzureUtils.Lease.AzureBlobLeaseProviderTests.ProviderCanReleaseLeases" storage="c:\users\anna\orleans\test\extensions\testerazureutils\bin\debug\net7.0\tester.azureutils.dll" id="0b23a25b-5d4b-3e6d-d2a0-59f8f18f9102">
      <Execution id="42a1bfb1-e6ee-4dc8-8b22-0ea55fe342f1" />
      <TestMethod codeBase="C:\Users\anna\orleans\test\Extensions\TesterAzureUtils\bin\Debug\net7.0\Tester.AzureUtils.dll" adapterTypeName="executor://xunit/VsTestRunner2/netcoreapp" className="Tester.AzureUtils.Lease.AzureBlobLeaseProviderTests" name="ProviderCanReleaseLeases" />
    </UnitTest>
  </TestDefinitions>
  <TestEntries>
    <TestEntry testId="0b23a25b-5d4b-3e6d-d2a0-59f8f18f9102" executionId="42a1bfb1-e6ee-4dc8-8b22-0ea55fe342f1" testListId="8c84fa94-04c1-424b-9868-57a2d4851a1d" />
  </TestEntries>
  <TestLists>
    <TestList name="Results Not in a List" id="8c84fa94-04c1-424b-9868-57a2d4851a1d" />
    <TestList name="All Loaded Results" id="19431567-8539-422a-85d7-44ee4e166bda" />
  </TestLists>
  <ResultSummary outcome="Completed">
    <Counters total="1" executed="1" passed="1" failed="0" error="0" timeout="0" aborted="0" inconclusive="0" passedButRunAborted="0" notRunnable="0" notExecuted="0" disconnected="0" warning="0" completed="0" inProgress="0" pending="0" />
    <Output>
      <StdOut>[xUnit.net 00:00:00.00] xUnit.net VSTest Adapter v2.4.5+1caef2f33e (64-bit .NET 7.0.2)&#xD;
[xUnit.net 00:00:01.24]   Discovering: Tester.AzureUtils (method display = ClassAndMethod, method display options = None)&#xD;
[xUnit.net 00:00:01.44]   Discovered:  Tester.AzureUtils (found 246 test cases)&#xD;
[xUnit.net 00:00:01.46]   Starting:    Tester.AzureUtils (parallel test collections = off, max threads = 4)&#xD;
[xUnit.net 00:00:03.44]   Finished:    Tester.AzureUtils&#xD;
</StdOut>
    </Output>
    <RunInfos>
      <RunInfo computerName="cloudtest-win10" outcome="Warning" timestamp="2023-01-23T04:20:35.6935319+00:00">
        <Text>Data collector 'Blame' message: All tests finished running, Sequence file will not be generated.</Text>
      </RunInfo>
    </RunInfos>
  </ResultSummary>
</TestRun>