<?xml version="1.0" encoding="utf-8"?>
<TestRun id="4215f366-87e0-48c8-969a-55e0346f070e" name="anna@cloudtest-win10 2023-01-24 01:53:43" runUser="cloudtest-win10\anna" xmlns="http://microsoft.com/schemas/VisualStudio/TeamTest/2010">
  <Times creation="2023-01-24T01:53:43.7852598+00:00" queuing="2023-01-24T01:53:43.7852607+00:00" start="2023-01-24T01:53:37.1026063+00:00" finish="2023-01-24T01:53:43.8208629+00:00" />
  <TestSettings name="default" id="0fc2553d-483d-468a-b2de-ad947bd64280">
    <Deployment runDeploymentRoot="anna_cloudtest-win10_2023-01-24_01_53_43" />
  </TestSettings>
  <Results>
    <UnitTestResult executionId="ba47e23e-52ae-4b84-9b6c-bfd8b9485517" testId="561a773e-5278-074f-ca38-a489b340c293" testName="Tester.AzureUtils.SiloInstanceTableManagerTests.SiloInstanceTable_Op_RegisterSiloInstance" computerName="cloudtest-win10" duration="00:00:01.8945934" startTime="2023-01-24T01:53:43.4889123+00:00" endTime="2023-01-24T01:53:43.4889678+00:00" testType="13cdc9d9-ddb5-4fa4-a97d-d965ccfc6d4b" outcome="Passed" testListId="8c84fa94-04c1-424b-9868-57a2d4851a1d" relativeResultsDirectory="ba47e23e-52ae-4b84-9b6c-bfd8b9485517">
      <Output>
        <StdOut>ClusterId=test-973d33a1-7c03-4b2a-8a31-ecf5aa0f8786 Generation=33530021&#xD;
Initializing SiloInstanceManager&#xD;
MyEntry=OrleansSilo [ Deployment=test-973d33a1-7c03-4b2a-8a31-ecf5aa0f8786 LocalEndpoint=127.0.0.1 LocalPort=0 Generation=33530021 Host=127.0.0.1 Status= ProxyPort=30000 RoleName=MyRole SiloName=MyInstance UpgradeZone=0 FaultZone=0 StartTime=2023-01-24 01:53:42.265 GMT IAmAliveTime=]&#xD;
TestCleanup Timeout=00:01:00&#xD;
TestCleanup -  Finished</StdOut>
      </Output>
    </UnitTestResult>
  </Results>
  <TestDefinitions>
    <UnitTest name="Tester.AzureUtils.SiloInstanceTableManagerTests.SiloInstanceTable_Op_RegisterSiloInstance" storage="c:\users\anna\orleans\test\extensions\testerazureutils\bin\debug\net7.0\tester.azureutils.dll" id="561a773e-5278-074f-ca38-a489b340c293">
      <Execution id="ba47e23e-52ae-4b84-9b6c-bfd8b9485517" />
      <TestMethod codeBase="C:\Users\anna\orleans\test\Extensions\TesterAzureUtils\bin\Debug\net7.0\Tester.AzureUtils.dll" adapterTypeName="executor://xunit/VsTestRunner2/netcoreapp" className="Tester.AzureUtils.SiloInstanceTableManagerTests" name="SiloInstanceTable_Op_RegisterSiloInstance" />
    </UnitTest>
  </TestDefinitions>
  <TestEntries>
    <TestEntry testId="561a773e-5278-074f-ca38-a489b340c293" executionId="ba47e23e-52ae-4b84-9b6c-bfd8b9485517" testListId="8c84fa94-04c1-424b-9868-57a2d4851a1d" />
  </TestEntries>
  <TestLists>
    <TestList name="Results Not in a List" id="8c84fa94-04c1-424b-9868-57a2d4851a1d" />
    <TestList name="All Loaded Results" id="19431567-8539-422a-85d7-44ee4e166bda" />
  </TestLists>
  <ResultSummary outcome="Completed">
    <Counters total="1" executed="1" passed="1" failed="0" error="0" timeout="0" aborted="0" inconclusive="0" passedButRunAborted="0" notRunnable="0" notExecuted="0" disconnected="0" warning="0" completed="0" inProgress="0" pending="0" />
    <Output>
      <StdOut>[xUnit.net 00:00:00.00] xUnit.net VSTest Adapter v2.4.5+1caef2f33e (64-bit .NET 7.0.2)&#xD;
[xUnit.net 00:00:01.26]   Discovering: Tester.AzureUtils (method display = ClassAndMethod, method display options = None)&#xD;
[xUnit.net 00:00:01.47]   Discovered:  Tester.AzureUtils (found 246 test cases)&#xD;
[xUnit.net 00:00:01.48]   Starting:    Tester.AzureUtils (parallel test collections = off, max threads = 4)&#xD;
[xUnit.net 00:00:03.50]   Finished:    Tester.AzureUtils&#xD;
</StdOut>
    </Output>
    <RunInfos>
      <RunInfo computerName="cloudtest-win10" outcome="Warning" timestamp="2023-01-24T01:53:43.6428933+00:00">
        <Text>Data collector 'Blame' message: All tests finished running, Sequence file will not be generated.</Text>
      </RunInfo>
    </RunInfos>
  </ResultSummary>
</TestRun>