<?xml version="1.0" encoding="utf-8"?>
<TestRun id="009d88bb-a074-4326-89cd-a6d2609ce1c3" name="anna@cloudtest-win10 2023-01-22 23:32:10" runUser="cloudtest-win10\anna" xmlns="http://microsoft.com/schemas/VisualStudio/TeamTest/2010">
  <Times creation="2023-01-22T23:32:10.2267543+00:00" queuing="2023-01-22T23:32:10.2267547+00:00" start="2023-01-22T23:30:47.5497916+00:00" finish="2023-01-22T23:32:10.2630764+00:00" />
  <TestSettings name="default" id="bbb5236b-0d35-4eaa-b351-38fae761ebec">
    <Deployment runDeploymentRoot="anna_cloudtest-win10_2023-01-22_23_32_10" />
  </TestSettings>
  <Results>
    <UnitTestResult executionId="2cc0e2ee-3a73-4222-a9e1-ce8487e376eb" testId="732e6b4c-18be-ecac-351d-b41a2208fdf8" testName="Tester.AzureUtils.AzureTableDataManagerStressTests.AzureTableDataManagerStressTests_WriteAlot_SinglePartition" computerName="cloudtest-win10" duration="00:01:17.7805305" startTime="2023-01-22T23:32:09.9081212+00:00" endTime="2023-01-22T23:32:09.9081685+00:00" testType="13cdc9d9-ddb5-4fa4-a97d-d965ccfc6d4b" outcome="Passed" testListId="8c84fa94-04c1-424b-9868-57a2d4851a1d" relativeResultsDirectory="2cc0e2ee-3a73-4222-a9e1-ce8487e376eb">
      <Output>
        <StdOut>Iterations=2000, Batch=1000, Partitions=1&#xD;
AzureTableDataManagerStressTests_WriteAlot_SinglePartition has written 1000 rows in 00:00:38.3670499 at 26.06403143826791 RPS&#xD;
AzureTableDataManagerStressTests_WriteAlot_SinglePartition completed. Wrote 2000 entries to 1 partition(s) in 00:01:17.0994209 at 25.940532064359513 RPS</StdOut>
      </Output>
    </UnitTestResult>
  </Results>
  <TestDefinitions>
    <UnitTest name="Tester.AzureUtils.AzureTableDataManagerStressTests.AzureTableDataManagerStressTests_WriteAlot_SinglePartition" storage="c:\users\anna\orleans\test\extensions\testerazureutils\bin\debug\net7.0\tester.azureutils.dll" id="732e6b4c-18be-ecac-351d-b41a2208fdf8">
      <Execution id="2cc0e2ee-3a73-4222-a9e1-ce8487e376eb" />
      <TestMethod codeBase="C:\Users\anna\orleans\test\Extensions\TesterAzureUtils\bin\Debug\net7.0\Tester.AzureUtils.dll" adapterTypeName="executor://xunit/VsTestRunner2/netcoreapp" className="Tester.AzureUtils.AzureTableDataManagerStressTests" name="AzureTableDataManagerStressTests_WriteAlot_SinglePartition" />
    </UnitTest>
  </TestDefinitions>
  <TestEntries>
    <TestEntry testId="732e6b4c-18be-ecac-351d-b41a2208fdf8" executionId="2cc0e2ee-3a73-4222-a9e1-ce8487e376eb" testListId="8c84fa94-04c1-424b-9868-57a2d4851a1d" />
  </TestEntries>
  <TestLists>
    <TestList name="Results Not in a List" id="8c84fa94-04c1-424b-9868-57a2d4851a1d" />
    <TestList name="All Loaded Results" id="19431567-8539-422a-85d7-44ee4e166bda" />
  </TestLists>
  <ResultSummary outcome="Completed">
    <Counters total="1" executed="1" passed="1" failed="0" error="0" timeout="0" aborted="0" inconclusive="0" passedButRunAborted="0" notRunnable="0" notExecuted="0" disconnected="0" warning="0" completed="0" inProgress="0" pending="0" />
    <Output>
      <StdOut>[xUnit.net 00:00:00.00] xUnit.net VSTest Adapter v2.4.5+1caef2f33e (64-bit .NET 7.0.2)&#xD;
[xUnit.net 00:00:01.28]   Discovering: Tester.AzureUtils (method display = ClassAndMethod, method display options = None)&#xD;
[xUnit.net 00:00:01.50]   Discovered:  Tester.AzureUtils (found 246 test cases)&#xD;
[xUnit.net 00:00:01.51]   Starting:    Tester.AzureUtils (parallel test collections = off, max threads = 4)&#xD;
[xUnit.net 00:01:19.40]   Finished:    Tester.AzureUtils&#xD;
</StdOut>
    </Output>
    <RunInfos>
      <RunInfo computerName="cloudtest-win10" outcome="Warning" timestamp="2023-01-22T23:32:10.0739901+00:00">
        <Text>Data collector 'Blame' message: All tests finished running, Sequence file will not be generated.</Text>
      </RunInfo>
    </RunInfos>
  </ResultSummary>
</TestRun>