<?xml version="1.0" encoding="utf-8"?>
<TestRun id="3715a255-6ebf-4e8a-ac8f-54c9d7043a54" name="anna@cloudtest-win10 2023-01-22 23:33:37" runUser="cloudtest-win10\anna" xmlns="http://microsoft.com/schemas/VisualStudio/TeamTest/2010">
  <Times creation="2023-01-22T23:33:37.6646194+00:00" queuing="2023-01-22T23:33:37.6646200+00:00" start="2023-01-22T23:32:12.7081926+00:00" finish="2023-01-22T23:33:37.7026795+00:00" />
  <TestSettings name="default" id="94f47aeb-629c-4d5c-9884-5bea56f7c3f3">
    <Deployment runDeploymentRoot="anna_cloudtest-win10_2023-01-22_23_33_37" />
  </TestSettings>
  <Results>
    <UnitTestResult executionId="93a852cc-95ac-4082-b457-9c5bbf6caaf7" testId="732e6b4c-18be-ecac-351d-b41a2208fdf8" testName="Tester.AzureUtils.AzureTableDataManagerStressTests.AzureTableDataManagerStressTests_WriteAlot_SinglePartition" computerName="cloudtest-win10" duration="00:01:20.0454734" startTime="2023-01-22T23:33:37.3434144+00:00" endTime="2023-01-22T23:33:37.3434606+00:00" testType="13cdc9d9-ddb5-4fa4-a97d-d965ccfc6d4b" outcome="Passed" testListId="8c84fa94-04c1-424b-9868-57a2d4851a1d" relativeResultsDirectory="93a852cc-95ac-4082-b457-9c5bbf6caaf7">
      <Output>
        <StdOut>Iterations=2000, Batch=1000, Partitions=1&#xD;
AzureTableDataManagerStressTests_WriteAlot_SinglePartition has written 1000 rows in 00:00:39.1462416 at 25.5452364409225 RPS&#xD;
AzureTableDataManagerStressTests_WriteAlot_SinglePartition completed. Wrote 2000 entries to 1 partition(s) in 00:01:18.6066041 at 25.443154845560873 RPS</StdOut>
      </Output>
    </UnitTestResult>
  </Results>
  <TestDefinitions>
    <UnitTest name="Tester.AzureUtils.AzureTableDataManagerStressTests.AzureTableDataManagerStressTests_WriteAlot_SinglePartition" storage="c:\users\anna\orleans\test\extensions\testerazureutils\bin\debug\net7.0\tester.azureutils.dll" id="732e6b4c-18be-ecac-351d-b41a2208fdf8">
      <Execution id="93a852cc-95ac-4082-b457-9c5bbf6caaf7" />
      <TestMethod codeBase="C:\Users\anna\orleans\test\Extensions\TesterAzureUtils\bin\Debug\net7.0\Tester.AzureUtils.dll" adapterTypeName="executor://xunit/VsTestRunner2/netcoreapp" className="Tester.AzureUtils.AzureTableDataManagerStressTests" name="AzureTableDataManagerStressTests_WriteAlot_SinglePartition" />
    </UnitTest>
  </TestDefinitions>
  <TestEntries>
    <TestEntry testId="732e6b4c-18be-ecac-351d-b41a2208fdf8" executionId="93a852cc-95ac-4082-b457-9c5bbf6caaf7" testListId="8c84fa94-04c1-424b-9868-57a2d4851a1d" />
  </TestEntries>
  <TestLists>
    <TestList name="Results Not in a List" id="8c84fa94-04c1-424b-9868-57a2d4851a1d" />
    <TestList name="All Loaded Results" id="19431567-8539-422a-85d7-44ee4e166bda" />
  </TestLists>
  <ResultSummary outcome="Completed">
    <Counters total="1" executed="1" passed="1" failed="0" error="0" timeout="0" aborted="0" inconclusive="0" passedButRunAborted="0" notRunnable="0" notExecuted="0" disconnected="0" warning="0" completed="0" inProgress="0" pending="0" />
    <Output>
      <StdOut>[xUnit.net 00:00:00.00] xUnit.net VSTest Adapter v2.4.5+1caef2f33e (64-bit .NET 7.0.2)&#xD;
[xUnit.net 00:00:01.27]   Discovering: Tester.AzureUtils (method display = ClassAndMethod, method display options = None)&#xD;
[xUnit.net 00:00:01.49]   Discovered:  Tester.AzureUtils (found 246 test cases)&#xD;
[xUnit.net 00:00:01.51]   Starting:    Tester.AzureUtils (parallel test collections = off, max threads = 4)&#xD;
[xUnit.net 00:01:21.66]   Finished:    Tester.AzureUtils&#xD;
</StdOut>
    </Output>
    <RunInfos>
      <RunInfo computerName="cloudtest-win10" outcome="Warning" timestamp="2023-01-22T23:33:37.5138947+00:00">
        <Text>Data collector 'Blame' message: All tests finished running, Sequence file will not be generated.</Text>
      </RunInfo>
    </RunInfos>
  </ResultSummary>
</TestRun>