<?xml version="1.0" encoding="utf-8"?>
<TestRun id="7c125181-2c02-4023-a337-e5c6e32021f4" name="anna@cloudtest-win10 2023-01-23 16:02:48" runUser="cloudtest-win10\anna" xmlns="http://microsoft.com/schemas/VisualStudio/TeamTest/2010">
  <Times creation="2023-01-23T16:02:48.3252982+00:00" queuing="2023-01-23T16:02:48.3252988+00:00" start="2023-01-23T16:01:58.5390752+00:00" finish="2023-01-23T16:02:48.3612136+00:00" />
  <TestSettings name="default" id="d4d47c06-367f-48a0-810f-c81be834e0dc">
    <Deployment runDeploymentRoot="anna_cloudtest-win10_2023-01-23_16_02_48" />
  </TestSettings>
  <Results>
    <UnitTestResult executionId="a4532873-540e-4502-b212-427a53b82847" testId="7840ab3a-139e-dcc5-c861-dc85ff45b00d" testName="Tester.AzureUtils.LivenessTests_AzureTable.Liveness_Azure_5_Kill_Silo_1_With_Timers" computerName="cloudtest-win10" duration="00:00:26.3671326" startTime="2023-01-23T16:02:48.0000953+00:00" endTime="2023-01-23T16:02:48.0001517+00:00" testType="13cdc9d9-ddb5-4fa4-a97d-d965ccfc6d4b" outcome="Passed" testListId="8c84fa94-04c1-424b-9868-57a2d4851a1d" relativeResultsDirectory="a4532873-540e-4502-b212-427a53b82847" />
  </Results>
  <TestDefinitions>
    <UnitTest name="Tester.AzureUtils.LivenessTests_AzureTable.Liveness_Azure_5_Kill_Silo_1_With_Timers" storage="c:\users\anna\orleans\test\extensions\testerazureutils\bin\debug\net7.0\tester.azureutils.dll" id="7840ab3a-139e-dcc5-c861-dc85ff45b00d">
      <Execution id="a4532873-540e-4502-b212-427a53b82847" />
      <TestMethod codeBase="C:\Users\anna\orleans\test\Extensions\TesterAzureUtils\bin\Debug\net7.0\Tester.AzureUtils.dll" adapterTypeName="executor://xunit/VsTestRunner2/netcoreapp" className="Tester.AzureUtils.LivenessTests_AzureTable" name="Liveness_Azure_5_Kill_Silo_1_With_Timers" />
    </UnitTest>
  </TestDefinitions>
  <TestEntries>
    <TestEntry testId="7840ab3a-139e-dcc5-c861-dc85ff45b00d" executionId="a4532873-540e-4502-b212-427a53b82847" testListId="8c84fa94-04c1-424b-9868-57a2d4851a1d" />
  </TestEntries>
  <TestLists>
    <TestList name="Results Not in a List" id="8c84fa94-04c1-424b-9868-57a2d4851a1d" />
    <TestList name="All Loaded Results" id="19431567-8539-422a-85d7-44ee4e166bda" />
  </TestLists>
  <ResultSummary outcome="Completed">
    <Counters total="1" executed="1" passed="1" failed="0" error="0" timeout="0" aborted="0" inconclusive="0" passedButRunAborted="0" notRunnable="0" notExecuted="0" disconnected="0" warning="0" completed="0" inProgress="0" pending="0" />
    <Output>
      <StdOut>[xUnit.net 00:00:00.00] xUnit.net VSTest Adapter v2.4.5+1caef2f33e (64-bit .NET 7.0.2)&#xD;
[xUnit.net 00:00:01.25]   Discovering: Tester.AzureUtils (method display = ClassAndMethod, method display options = None)&#xD;
[xUnit.net 00:00:01.46]   Discovered:  Tester.AzureUtils (found 246 test cases)&#xD;
[xUnit.net 00:00:01.48]   Starting:    Tester.AzureUtils (parallel test collections = off, max threads = 4)&#xD;
[xUnit.net 00:00:46.60]   Finished:    Tester.AzureUtils&#xD;
</StdOut>
    </Output>
    <RunInfos>
      <RunInfo computerName="cloudtest-win10" outcome="Warning" timestamp="2023-01-23T16:02:48.1818502+00:00">
        <Text>Data collector 'Blame' message: All tests finished running, Sequence file will not be generated.</Text>
      </RunInfo>
    </RunInfos>
  </ResultSummary>
</TestRun>