<?xml version="1.0" encoding="utf-8"?>
<TestRun id="68fc5a57-9181-43a8-8ff6-b4edcbd40ef0" name="anna@cloudtest-win10 2023-01-23 16:04:32" runUser="cloudtest-win10\anna" xmlns="http://microsoft.com/schemas/VisualStudio/TeamTest/2010">
  <Times creation="2023-01-23T16:04:32.5752358+00:00" queuing="2023-01-23T16:04:32.5752363+00:00" start="2023-01-23T16:03:42.3807241+00:00" finish="2023-01-23T16:04:32.6110570+00:00" />
  <TestSettings name="default" id="5d957aaf-f115-4593-b10d-72ab46dcd655">
    <Deployment runDeploymentRoot="anna_cloudtest-win10_2023-01-23_16_04_32" />
  </TestSettings>
  <Results>
    <UnitTestResult executionId="462aa8e6-d6e7-4e5d-86c1-c2eaa3c633ea" testId="7840ab3a-139e-dcc5-c861-dc85ff45b00d" testName="Tester.AzureUtils.LivenessTests_AzureTable.Liveness_Azure_5_Kill_Silo_1_With_Timers" computerName="cloudtest-win10" duration="00:00:26.2551743" startTime="2023-01-23T16:04:32.2520917+00:00" endTime="2023-01-23T16:04:32.2522045+00:00" testType="13cdc9d9-ddb5-4fa4-a97d-d965ccfc6d4b" outcome="Passed" testListId="8c84fa94-04c1-424b-9868-57a2d4851a1d" relativeResultsDirectory="462aa8e6-d6e7-4e5d-86c1-c2eaa3c633ea" />
  </Results>
  <TestDefinitions>
    <UnitTest name="Tester.AzureUtils.LivenessTests_AzureTable.Liveness_Azure_5_Kill_Silo_1_With_Timers" storage="c:\users\anna\orleans\test\extensions\testerazureutils\bin\debug\net7.0\tester.azureutils.dll" id="7840ab3a-139e-dcc5-c861-dc85ff45b00d">
      <Execution id="462aa8e6-d6e7-4e5d-86c1-c2eaa3c633ea" />
      <TestMethod codeBase="C:\Users\anna\orleans\test\Extensions\TesterAzureUtils\bin\Debug\net7.0\Tester.AzureUtils.dll" adapterTypeName="executor://xunit/VsTestRunner2/netcoreapp" className="Tester.AzureUtils.LivenessTests_AzureTable" name="Liveness_Azure_5_Kill_Silo_1_With_Timers" />
    </UnitTest>
  </TestDefinitions>
  <TestEntries>
    <TestEntry testId="7840ab3a-139e-dcc5-c861-dc85ff45b00d" executionId="462aa8e6-d6e7-4e5d-86c1-c2eaa3c633ea" testListId="8c84fa94-04c1-424b-9868-57a2d4851a1d" />
  </TestEntries>
  <TestLists>
    <TestList name="Results Not in a List" id="8c84fa94-04c1-424b-9868-57a2d4851a1d" />
    <TestList name="All Loaded Results" id="19431567-8539-422a-85d7-44ee4e166bda" />
  </TestLists>
  <ResultSummary outcome="Completed">
    <Counters total="1" executed="1" passed="1" failed="0" error="0" timeout="0" aborted="0" inconclusive="0" passedButRunAborted="0" notRunnable="0" notExecuted="0" disconnected="0" warning="0" completed="0" inProgress="0" pending="0" />
    <Output>
      <StdOut>[xUnit.net 00:00:00.00] xUnit.net VSTest Adapter v2.4.5+1caef2f33e (64-bit .NET 7.0.2)&#xD;
[xUnit.net 00:00:01.24]   Discovering: Tester.AzureUtils (method display = ClassAndMethod, method display options = None)&#xD;
[xUnit.net 00:00:01.45]   Discovered:  Tester.AzureUtils (found 246 test cases)&#xD;
[xUnit.net 00:00:01.47]   Starting:    Tester.AzureUtils (parallel test collections = off, max threads = 4)&#xD;
[xUnit.net 00:00:47.00]   Finished:    Tester.AzureUtils&#xD;
</StdOut>
    </Output>
    <RunInfos>
      <RunInfo computerName="cloudtest-win10" outcome="Warning" timestamp="2023-01-23T16:04:32.4295714+00:00">
        <Text>Data collector 'Blame' message: All tests finished running, Sequence file will not be generated.</Text>
      </RunInfo>
    </RunInfos>
  </ResultSummary>
</TestRun>