<?xml version="1.0" encoding="utf-8"?>
<TestRun id="42e52a1d-1030-4d49-8273-63fabc4a2952" name="anna@cloudtest-win10 2023-01-25 00:56:01" runUser="cloudtest-win10\anna" xmlns="http://microsoft.com/schemas/VisualStudio/TeamTest/2010">
  <Times creation="2023-01-25T00:56:01.3381789+00:00" queuing="2023-01-25T00:56:01.3381793+00:00" start="2023-01-25T00:55:31.4087432+00:00" finish="2023-01-25T00:56:01.3737497+00:00" />
  <TestSettings name="default" id="c48a2e2d-8f64-4490-af01-cf8b41788111">
    <Deployment runDeploymentRoot="anna_cloudtest-win10_2023-01-25_00_56_01" />
  </TestSettings>
  <Results>
    <UnitTestResult executionId="dab32c8a-f178-4dfa-b63e-46c4b82c9c22" testId="46917de2-37bc-a8c3-cb56-27820ddba90b" testName="Tester.AzureUtils.Streaming.AQStreamingTests.AQ_13_SameGrain_ConsumerFirstProducerLater" computerName="cloudtest-win10" duration="00:00:06.5240440" startTime="2023-01-25T00:56:01.0189374+00:00" endTime="2023-01-25T00:56:01.0190696+00:00" testType="13cdc9d9-ddb5-4fa4-a97d-d965ccfc6d4b" outcome="Passed" testListId="8c84fa94-04c1-424b-9868-57a2d4851a1d" relativeResultsDirectory="dab32c8a-f178-4dfa-b63e-46c4b82c9c22" />
  </Results>
  <TestDefinitions>
    <UnitTest name="Tester.AzureUtils.Streaming.AQStreamingTests.AQ_13_SameGrain_ConsumerFirstProducerLater" storage="c:\users\anna\orleans\test\extensions\testerazureutils\bin\debug\net7.0\tester.azureutils.dll" id="46917de2-37bc-a8c3-cb56-27820ddba90b">
      <Execution id="dab32c8a-f178-4dfa-b63e-46c4b82c9c22" />
      <TestMethod codeBase="C:\Users\anna\orleans\test\Extensions\TesterAzureUtils\bin\Debug\net7.0\Tester.AzureUtils.dll" adapterTypeName="executor://xunit/VsTestRunner2/netcoreapp" className="Tester.AzureUtils.Streaming.AQStreamingTests" name="AQ_13_SameGrain_ConsumerFirstProducerLater" />
    </UnitTest>
  </TestDefinitions>
  <TestEntries>
    <TestEntry testId="46917de2-37bc-a8c3-cb56-27820ddba90b" executionId="dab32c8a-f178-4dfa-b63e-46c4b82c9c22" testListId="8c84fa94-04c1-424b-9868-57a2d4851a1d" />
  </TestEntries>
  <TestLists>
    <TestList name="Results Not in a List" id="8c84fa94-04c1-424b-9868-57a2d4851a1d" />
    <TestList name="All Loaded Results" id="19431567-8539-422a-85d7-44ee4e166bda" />
  </TestLists>
  <ResultSummary outcome="Completed">
    <Counters total="1" executed="1" passed="1" failed="0" error="0" timeout="0" aborted="0" inconclusive="0" passedButRunAborted="0" notRunnable="0" notExecuted="0" disconnected="0" warning="0" completed="0" inProgress="0" pending="0" />
    <Output>
      <StdOut>[xUnit.net 00:00:00.00] xUnit.net VSTest Adapter v2.4.5+1caef2f33e (64-bit .NET 7.0.2)&#xD;
[xUnit.net 00:00:01.23]   Discovering: Tester.AzureUtils (method display = ClassAndMethod, method display options = None)&#xD;
[xUnit.net 00:00:01.45]   Discovered:  Tester.AzureUtils (found 246 test cases)&#xD;
[xUnit.net 00:00:01.46]   Starting:    Tester.AzureUtils (parallel test collections = off, max threads = 4)&#xD;
[xUnit.net 00:00:26.68]   Finished:    Tester.AzureUtils&#xD;
</StdOut>
    </Output>
    <RunInfos>
      <RunInfo computerName="cloudtest-win10" outcome="Warning" timestamp="2023-01-25T00:56:01.1936741+00:00">
        <Text>Data collector 'Blame' message: All tests finished running, Sequence file will not be generated.</Text>
      </RunInfo>
    </RunInfos>
  </ResultSummary>
</TestRun>