<?xml version="1.0" encoding="utf-8"?>
<TestRun id="7f46a11f-4416-4785-a58a-fd6d62e076cc" name="anna@cloudtest-win10 2023-01-25 00:52:31" runUser="cloudtest-win10\anna" xmlns="http://microsoft.com/schemas/VisualStudio/TeamTest/2010">
  <Times creation="2023-01-25T00:52:31.8530449+00:00" queuing="2023-01-25T00:52:31.8530456+00:00" start="2023-01-25T00:52:04.0687427+00:00" finish="2023-01-25T00:52:31.8890151+00:00" />
  <TestSettings name="default" id="0b2defd9-a412-4854-8185-e74bfaf8a488">
    <Deployment runDeploymentRoot="anna_cloudtest-win10_2023-01-25_00_52_31" />
  </TestSettings>
  <Results>
    <UnitTestResult executionId="5f258cc2-0bb7-4abd-9840-4b10ef08e77d" testId="46917de2-37bc-a8c3-cb56-27820ddba90b" testName="Tester.AzureUtils.Streaming.AQStreamingTests.AQ_13_SameGrain_ConsumerFirstProducerLater" computerName="cloudtest-win10" duration="00:00:04.5014373" startTime="2023-01-25T00:52:31.5334613+00:00" endTime="2023-01-25T00:52:31.5335077+00:00" testType="13cdc9d9-ddb5-4fa4-a97d-d965ccfc6d4b" outcome="Passed" testListId="8c84fa94-04c1-424b-9868-57a2d4851a1d" relativeResultsDirectory="5f258cc2-0bb7-4abd-9840-4b10ef08e77d" />
  </Results>
  <TestDefinitions>
    <UnitTest name="Tester.AzureUtils.Streaming.AQStreamingTests.AQ_13_SameGrain_ConsumerFirstProducerLater" storage="c:\users\anna\orleans\test\extensions\testerazureutils\bin\debug\net7.0\tester.azureutils.dll" id="46917de2-37bc-a8c3-cb56-27820ddba90b">
      <Execution id="5f258cc2-0bb7-4abd-9840-4b10ef08e77d" />
      <TestMethod codeBase="C:\Users\anna\orleans\test\Extensions\TesterAzureUtils\bin\Debug\net7.0\Tester.AzureUtils.dll" adapterTypeName="executor://xunit/VsTestRunner2/netcoreapp" className="Tester.AzureUtils.Streaming.AQStreamingTests" name="AQ_13_SameGrain_ConsumerFirstProducerLater" />
    </UnitTest>
  </TestDefinitions>
  <TestEntries>
    <TestEntry testId="46917de2-37bc-a8c3-cb56-27820ddba90b" executionId="5f258cc2-0bb7-4abd-9840-4b10ef08e77d" testListId="8c84fa94-04c1-424b-9868-57a2d4851a1d" />
  </TestEntries>
  <TestLists>
    <TestList name="Results Not in a List" id="8c84fa94-04c1-424b-9868-57a2d4851a1d" />
    <TestList name="All Loaded Results" id="19431567-8539-422a-85d7-44ee4e166bda" />
  </TestLists>
  <ResultSummary outcome="Completed">
    <Counters total="1" executed="1" passed="1" failed="0" error="0" timeout="0" aborted="0" inconclusive="0" passedButRunAborted="0" notRunnable="0" notExecuted="0" disconnected="0" warning="0" completed="0" inProgress="0" pending="0" />
    <Output>
      <StdOut>[xUnit.net 00:00:00.00] xUnit.net VSTest Adapter v2.4.5+1caef2f33e (64-bit .NET 7.0.2)&#xD;
[xUnit.net 00:00:01.24]   Discovering: Tester.AzureUtils (method display = ClassAndMethod, method display options = None)&#xD;
[xUnit.net 00:00:01.46]   Discovered:  Tester.AzureUtils (found 246 test cases)&#xD;
[xUnit.net 00:00:01.47]   Starting:    Tester.AzureUtils (parallel test collections = off, max threads = 4)&#xD;
[xUnit.net 00:00:24.56]   Finished:    Tester.AzureUtils&#xD;
</StdOut>
    </Output>
    <RunInfos>
      <RunInfo computerName="cloudtest-win10" outcome="Warning" timestamp="2023-01-25T00:52:31.7053976+00:00">
        <Text>Data collector 'Blame' message: All tests finished running, Sequence file will not be generated.</Text>
      </RunInfo>
    </RunInfos>
  </ResultSummary>
</TestRun>