<?xml version="1.0" encoding="utf-8"?>
<TestRun id="33c19947-a76e-4243-9711-83b51f2b7599" name="anna@cloudtest-win10 2023-01-24 22:05:38" runUser="cloudtest-win10\anna" xmlns="http://microsoft.com/schemas/VisualStudio/TeamTest/2010">
  <Times creation="2023-01-24T22:05:38.7626367+00:00" queuing="2023-01-24T22:05:38.7626376+00:00" start="2023-01-24T22:04:45.0747443+00:00" finish="2023-01-24T22:05:38.8010401+00:00" />
  <TestSettings name="default" id="ca794c97-6d18-40d7-8014-03abd3beee26">
    <Deployment runDeploymentRoot="anna_cloudtest-win10_2023-01-24_22_05_38" />
  </TestSettings>
  <Results>
    <UnitTestResult executionId="28876d2a-75c2-45ac-9668-ab4b49d09661" testId="e65e02e4-96be-60b3-5f98-1837de94bfc5" testName="Tester.AzureUtils.Streaming.AQStreamingTests.AQ_14_SameGrain_ProducerFirstConsumerLater" computerName="cloudtest-win10" duration="00:00:30.8784234" startTime="2023-01-24T22:05:38.4450468+00:00" endTime="2023-01-24T22:05:38.4451208+00:00" testType="13cdc9d9-ddb5-4fa4-a97d-d965ccfc6d4b" outcome="Failed" testListId="8c84fa94-04c1-424b-9868-57a2d4851a1d" relativeResultsDirectory="28876d2a-75c2-45ac-9668-ab4b49d09661">
      <Output>
        <ErrorInfo>
          <Message>Assert.Equal() Failure&#xD;
Expected: 10&#xD;
Actual:   11</Message>
          <StackTrace>   at UnitTests.StreamingTests.SingleStreamTestRunner.CheckCounters(ProducerProxy producer, ConsumerProxy consumer, Boolean assertAreEqual) in C:\Users\anna\orleans\test\TesterInternal\StreamingTests\SingleStreamTestRunner.cs:line 479&#xD;
   at UnitTests.StreamingTests.SingleStreamTestRunner.BasicTestAsync(Boolean fullTest) in C:\Users\anna\orleans\test\TesterInternal\StreamingTests\SingleStreamTestRunner.cs:line 442&#xD;
   at UnitTests.StreamingTests.SingleStreamTestRunner.StreamTest_14_SameGrain_ProducerFirstConsumerLater(Boolean useReentrantGrain) in C:\Users\anna\orleans\test\TesterInternal\StreamingTests\SingleStreamTestRunner.cs:line 236&#xD;
   at Tester.AzureUtils.Streaming.AQStreamingTests.AQ_14_SameGrain_ProducerFirstConsumerLater() in C:\Users\anna\orleans\test\Extensions\TesterAzureUtils\Streaming\AQStreamingTests.cs:line 178&#xD;
--- End of stack trace from previous location ---</StackTrace>
        </ErrorInfo>
      </Output>
    </UnitTestResult>
  </Results>
  <TestDefinitions>
    <UnitTest name="Tester.AzureUtils.Streaming.AQStreamingTests.AQ_14_SameGrain_ProducerFirstConsumerLater" storage="c:\users\anna\orleans\test\extensions\testerazureutils\bin\debug\net7.0\tester.azureutils.dll" id="e65e02e4-96be-60b3-5f98-1837de94bfc5">
      <Execution id="28876d2a-75c2-45ac-9668-ab4b49d09661" />
      <TestMethod codeBase="C:\Users\anna\orleans\test\Extensions\TesterAzureUtils\bin\Debug\net7.0\Tester.AzureUtils.dll" adapterTypeName="executor://xunit/VsTestRunner2/netcoreapp" className="Tester.AzureUtils.Streaming.AQStreamingTests" name="AQ_14_SameGrain_ProducerFirstConsumerLater" />
    </UnitTest>
  </TestDefinitions>
  <TestEntries>
    <TestEntry testId="e65e02e4-96be-60b3-5f98-1837de94bfc5" executionId="28876d2a-75c2-45ac-9668-ab4b49d09661" testListId="8c84fa94-04c1-424b-9868-57a2d4851a1d" />
  </TestEntries>
  <TestLists>
    <TestList name="Results Not in a List" id="8c84fa94-04c1-424b-9868-57a2d4851a1d" />
    <TestList name="All Loaded Results" id="19431567-8539-422a-85d7-44ee4e166bda" />
  </TestLists>
  <ResultSummary outcome="Failed">
    <Counters total="1" executed="1" passed="0" failed="1" error="0" timeout="0" aborted="0" inconclusive="0" passedButRunAborted="0" notRunnable="0" notExecuted="0" disconnected="0" warning="0" completed="0" inProgress="0" pending="0" />
    <Output>
      <StdOut>[xUnit.net 00:00:00.00] xUnit.net VSTest Adapter v2.4.5+1caef2f33e (64-bit .NET 7.0.2)&#xD;
[xUnit.net 00:00:01.25]   Discovering: Tester.AzureUtils (method display = ClassAndMethod, method display options = None)&#xD;
[xUnit.net 00:00:01.46]   Discovered:  Tester.AzureUtils (found 246 test cases)&#xD;
[xUnit.net 00:00:01.47]   Starting:    Tester.AzureUtils (parallel test collections = off, max threads = 4)&#xD;
[xUnit.net 00:00:50.46]       Assert.Equal() Failure&#xD;
[xUnit.net 00:00:50.46]       Expected: 10&#xD;
[xUnit.net 00:00:50.46]       Actual:   11&#xD;
[xUnit.net 00:00:50.46]       Stack Trace:&#xD;
[xUnit.net 00:00:50.46]         C:\Users\anna\orleans\test\TesterInternal\StreamingTests\SingleStreamTestRunner.cs(479,0): at UnitTests.StreamingTests.SingleStreamTestRunner.CheckCounters(ProducerProxy producer, ConsumerProxy consumer, Boolean assertAreEqual)&#xD;
[xUnit.net 00:00:50.46]         C:\Users\anna\orleans\test\TesterInternal\StreamingTests\SingleStreamTestRunner.cs(442,0): at UnitTests.StreamingTests.SingleStreamTestRunner.BasicTestAsync(Boolean fullTest)&#xD;
[xUnit.net 00:00:50.46]         C:\Users\anna\orleans\test\TesterInternal\StreamingTests\SingleStreamTestRunner.cs(236,0): at UnitTests.StreamingTests.SingleStreamTestRunner.StreamTest_14_SameGrain_ProducerFirstConsumerLater(Boolean useReentrantGrain)&#xD;
[xUnit.net 00:00:50.46]         C:\Users\anna\orleans\test\Extensions\TesterAzureUtils\Streaming\AQStreamingTests.cs(178,0): at Tester.AzureUtils.Streaming.AQStreamingTests.AQ_14_SameGrain_ProducerFirstConsumerLater()&#xD;
[xUnit.net 00:00:50.46]         --- End of stack trace from previous location ---&#xD;
[xUnit.net 00:00:50.50]   Finished:    Tester.AzureUtils&#xD;
</StdOut>
    </Output>
    <RunInfos>
      <RunInfo computerName="cloudtest-win10" outcome="Min" timestamp="2023-01-24T22:05:38.4396460+00:00">
        <Text>[xUnit.net 00:00:50.46]     Tester.AzureUtils.Streaming.AQStreamingTests.AQ_14_SameGrain_ProducerFirstConsumerLater [FAIL]</Text>
      </RunInfo>
      <RunInfo computerName="cloudtest-win10" outcome="Warning" timestamp="2023-01-24T22:05:38.6161926+00:00">
        <Text>Data collector 'Blame' message: All tests finished running, Sequence file will not be generated.</Text>
      </RunInfo>
    </RunInfos>
  </ResultSummary>
</TestRun>