<?xml version="1.0" encoding="utf-8"?>
<TestRun id="ad40e26e-81cf-4d92-84cb-71e8abd7aad3" name="anna@cloudtest-win10 2023-01-24 22:07:03" runUser="cloudtest-win10\anna" xmlns="http://microsoft.com/schemas/VisualStudio/TeamTest/2010">
  <Times creation="2023-01-24T22:07:03.7411726+00:00" queuing="2023-01-24T22:07:03.7411730+00:00" start="2023-01-24T22:06:39.8363128+00:00" finish="2023-01-24T22:07:03.7797403+00:00" />
  <TestSettings name="default" id="4d56b5db-a6d0-4192-90de-b13a91c52c58">
    <Deployment runDeploymentRoot="anna_cloudtest-win10_2023-01-24_22_07_03" />
  </TestSettings>
  <Results>
    <UnitTestResult executionId="5793907d-3e30-4d5f-85bf-e5ea10808cff" testId="e65e02e4-96be-60b3-5f98-1837de94bfc5" testName="Tester.AzureUtils.Streaming.AQStreamingTests.AQ_14_SameGrain_ProducerFirstConsumerLater" computerName="cloudtest-win10" duration="00:00:01.3369766" startTime="2023-01-24T22:07:03.4286830+00:00" endTime="2023-01-24T22:07:03.4287286+00:00" testType="13cdc9d9-ddb5-4fa4-a97d-d965ccfc6d4b" outcome="Failed" testListId="8c84fa94-04c1-424b-9868-57a2d4851a1d" relativeResultsDirectory="5793907d-3e30-4d5f-85bf-e5ea10808cff">
      <Output>
        <ErrorInfo>
          <Message>Orleans.Storage.TableStorageUpdateConditionNotSatisfiedException : Table storage condition not Satisfied.  GrainType: PubSubRendezvousGrain, GrainId: pubsubrendezvous/AzureQueueProvider/null/62781ca2f3404280bba82bee4f4fc23b, TableName: OrleansGrainState, StoredETag: Unknown, CurrentETag: &#xD;
---- Azure.RequestFailedException : The specified entity already exists.
RequestId:6795ea58-beb6-4acd-9c82-bfca2f8a50c2
Time:2023-01-24T22:06:49.100Z&#xD;
Status: 409 (Conflict)&#xD;
ErrorCode: EntityAlreadyExists&#xD;
&#xD;
Content:&#xD;
{"odata.error":{"code":"EntityAlreadyExists","message":{"lang":"en-US","value":"The specified entity already exists.\nRequestId:6795ea58-beb6-4acd-9c82-bfca2f8a50c2\nTime:2023-01-24T22:06:49.100Z"}}}&#xD;
&#xD;
Headers:&#xD;
Server: Azurite-Table/3.20.1&#xD;
x-ms-error-code: REDACTED&#xD;
x-ms-request-id: 6795ea58-beb6-4acd-9c82-bfca2f8a50c2&#xD;
x-ms-version: REDACTED&#xD;
Date: Tue, 24 Jan 2023 22:06:49 GMT&#xD;
Keep-Alive: REDACTED&#xD;
Connection: keep-alive&#xD;
Content-Type: application/json; odata=minimalmetadata; streaming=true; charset=utf-8&#xD;
Content-Length: 199&#xD;
</Message>
          <StackTrace>   at Orleans.Storage.AzureTableGrainStorage.DoOptimisticUpdate(Func`1 updateOperation, String grainType, GrainId grainId, String tableName, String currentETag) in C:\Users\anna\orleans\src\Azure\Orleans.Persistence.AzureStorage\Providers\Storage\AzureTableStorage.cs:line 192&#xD;
   at Orleans.Storage.AzureTableGrainStorage.WriteStateAsync[T](String grainType, GrainId grainId, IGrainState`1 grainState) in C:\Users\anna\orleans\src\Azure\Orleans.Persistence.AzureStorage\Providers\Storage\AzureTableStorage.cs:line 113&#xD;
   at Orleans.Core.StateStorageBridge`1.WriteStateAsync() in C:\Users\anna\orleans\src\Orleans.Runtime\Storage\StateStorageBridge.cs:line 93&#xD;
   at Orleans.Streams.PubSubRendezvousGrain.RegisterConsumer(GuidId subscriptionId, QualifiedStreamId streamId, GrainId streamConsumer, String filterData) in C:\Users\anna\orleans\src\Orleans.Streaming\PubSub\PubSubRendezvousGrain.cs:line 181&#xD;
   at Orleans.Runtime.TaskRequest.Invoke() in C:\Users\anna\orleans\src\Orleans.Core.Abstractions\Runtime\GrainReference.cs:line 690&#xD;
--- End of stack trace from previous location ---&#xD;
   at Orleans.Serialization.Invocation.ResponseCompletionSource.System.Threading.Tasks.Sources.IValueTaskSource.GetResult(Int16 token) in C:\Users\anna\orleans\src\Orleans.Serialization\Invocation\ResponseCompletionSource.cs:line 98&#xD;
   at System.Threading.Tasks.ValueTask.ValueTaskSourceAsTask.&lt;&gt;c.&lt;.cctor&gt;b__4_0(Object state)&#xD;
--- End of stack trace from previous location ---&#xD;
   at Orleans.Streams.StreamConsumer`1.SubscribeAsyncImpl(IAsyncObserver`1 observer, IAsyncBatchObserver`1 batchObserver, StreamSequenceToken token, String filterData) in C:\Users\anna\orleans\src\Orleans.Streaming\Internal\StreamConsumer.cs:line 113&#xD;
   at UnitTests.Grains.ConsumerObserver.BecomeConsumer(Guid streamId, IStreamProvider streamProvider, String streamNamespace) in C:\Users\anna\orleans\test\Grains\TestInternalGrains\StreamingGrain.cs:line 124&#xD;
   at UnitTests.Grains.Streaming_ProducerConsumerGrain.BecomeConsumer(Guid streamId, String providerToUse, String streamNamespace) in C:\Users\anna\orleans\test\Grains\TestInternalGrains\StreamingGrain.cs:line 840&#xD;
   at Orleans.Runtime.TaskRequest.CompleteInvokeAsync(Task resultTask) in C:\Users\anna\orleans\src\Orleans.Core.Abstractions\Runtime\GrainReference.cs:line 707&#xD;
--- End of stack trace from previous location ---&#xD;
   at Orleans.Serialization.Invocation.ResponseCompletionSource.System.Threading.Tasks.Sources.IValueTaskSource.GetResult(Int16 token) in C:\Users\anna\orleans\src\Orleans.Serialization\Invocation\ResponseCompletionSource.cs:line 98&#xD;
   at System.Threading.Tasks.ValueTask.ValueTaskSourceAsTask.&lt;&gt;c.&lt;.cctor&gt;b__4_0(Object state)&#xD;
--- End of stack trace from previous location ---&#xD;
   at UnitTests.StreamingTests.ConsumerProxy.BecomeConsumer(Guid streamId, String providerToUse) in C:\Users\anna\orleans\test\TesterInternal\StreamingTests\StreamTestHelperClasses.cs:line 296&#xD;
   at UnitTests.StreamingTests.ConsumerProxy.NewConsumerProxy(Guid streamId, String streamProvider, IStreaming_ConsumerGrain[] targets, ILogger logger, IInternalGrainFactory grainFactory) in C:\Users\anna\orleans\test\TesterInternal\StreamingTests\StreamTestHelperClasses.cs:line 193&#xD;
   at UnitTests.StreamingTests.SingleStreamTestRunner.StreamTest_14_SameGrain_ProducerFirstConsumerLater(Boolean useReentrantGrain) in C:\Users\anna\orleans\test\TesterInternal\StreamingTests\SingleStreamTestRunner.cs:line 235&#xD;
   at Tester.AzureUtils.Streaming.AQStreamingTests.AQ_14_SameGrain_ProducerFirstConsumerLater() in C:\Users\anna\orleans\test\Extensions\TesterAzureUtils\Streaming\AQStreamingTests.cs:line 178&#xD;
--- End of stack trace from previous location ---&#xD;
----- Inner Stack Trace -----&#xD;
   at Azure.Data.Tables.TableRestClient.InsertEntityAsync(String table, Nullable`1 timeout, Nullable`1 responsePreference, IDictionary`2 tableEntityProperties, QueryOptions queryOptions, CancellationToken cancellationToken)&#xD;
   at Azure.Data.Tables.TableClient.AddEntityAsync[T](T entity, CancellationToken cancellationToken)&#xD;
   at Orleans.Persistence.AzureStorage.AzureTableDataManager`1.CreateTableEntryAsync(T data) in C:\Users\anna\orleans\src\Azure\Shared\Storage\AzureTableDataManager.cs:line 171&#xD;
   at Orleans.Storage.AzureTableGrainStorage.GrainStateTableDataManager.Write(TableEntity entity) in C:\Users\anna\orleans\src\Azure\Orleans.Persistence.AzureStorage\Providers\Storage\AzureTableStorage.cs:line 457&#xD;
   at Orleans.Storage.AzureTableGrainStorage.DoOptimisticUpdate(Func`1 updateOperation, String grainType, GrainId grainId, String tableName, String currentETag) in C:\Users\anna\orleans\src\Azure\Orleans.Persistence.AzureStorage\Providers\Storage\AzureTableStorage.cs:line 188&#xD;
--- End of stack trace from previous location ---&#xD;
</StackTrace>
        </ErrorInfo>
      </Output>
    </UnitTestResult>
  </Results>
  <TestDefinitions>
    <UnitTest name="Tester.AzureUtils.Streaming.AQStreamingTests.AQ_14_SameGrain_ProducerFirstConsumerLater" storage="c:\users\anna\orleans\test\extensions\testerazureutils\bin\debug\net7.0\tester.azureutils.dll" id="e65e02e4-96be-60b3-5f98-1837de94bfc5">
      <Execution id="5793907d-3e30-4d5f-85bf-e5ea10808cff" />
      <TestMethod codeBase="C:\Users\anna\orleans\test\Extensions\TesterAzureUtils\bin\Debug\net7.0\Tester.AzureUtils.dll" adapterTypeName="executor://xunit/VsTestRunner2/netcoreapp" className="Tester.AzureUtils.Streaming.AQStreamingTests" name="AQ_14_SameGrain_ProducerFirstConsumerLater" />
    </UnitTest>
  </TestDefinitions>
  <TestEntries>
    <TestEntry testId="e65e02e4-96be-60b3-5f98-1837de94bfc5" executionId="5793907d-3e30-4d5f-85bf-e5ea10808cff" testListId="8c84fa94-04c1-424b-9868-57a2d4851a1d" />
  </TestEntries>
  <TestLists>
    <TestList name="Results Not in a List" id="8c84fa94-04c1-424b-9868-57a2d4851a1d" />
    <TestList name="All Loaded Results" id="19431567-8539-422a-85d7-44ee4e166bda" />
  </TestLists>
  <ResultSummary outcome="Failed">
    <Counters total="1" executed="1" passed="0" failed="1" error="0" timeout="0" aborted="0" inconclusive="0" passedButRunAborted="0" notRunnable="0" notExecuted="0" disconnected="0" warning="0" completed="0" inProgress="0" pending="0" />
    <Output>
      <StdOut>[xUnit.net 00:00:00.00] xUnit.net VSTest Adapter v2.4.5+1caef2f33e (64-bit .NET 7.0.2)&#xD;
[xUnit.net 00:00:01.25]   Discovering: Tester.AzureUtils (method display = ClassAndMethod, method display options = None)&#xD;
[xUnit.net 00:00:01.45]   Discovered:  Tester.AzureUtils (found 246 test cases)&#xD;
[xUnit.net 00:00:01.46]   Starting:    Tester.AzureUtils (parallel test collections = off, max threads = 4)&#xD;
[xUnit.net 00:00:20.65]       Orleans.Storage.TableStorageUpdateConditionNotSatisfiedException : Table storage condition not Satisfied.  GrainType: PubSubRendezvousGrain, GrainId: pubsubrendezvous/AzureQueueProvider/null/62781ca2f3404280bba82bee4f4fc23b, TableName: OrleansGrainState, StoredETag: Unknown, CurrentETag: &#xD;
[xUnit.net 00:00:20.65]       ---- Azure.RequestFailedException : The specified entity already exists.
RequestId:6795ea58-beb6-4acd-9c82-bfca2f8a50c2
Time:2023-01-24T22:06:49.100Z&#xD;
[xUnit.net 00:00:20.65]       Status: 409 (Conflict)&#xD;
[xUnit.net 00:00:20.65]       ErrorCode: EntityAlreadyExists&#xD;
[xUnit.net 00:00:20.65]       &#xD;
[xUnit.net 00:00:20.65]       Content:&#xD;
[xUnit.net 00:00:20.65]       {"odata.error":{"code":"EntityAlreadyExists","message":{"lang":"en-US","value":"The specified entity already exists.\nRequestId:6795ea58-beb6-4acd-9c82-bfca2f8a50c2\nTime:2023-01-24T22:06:49.100Z"}}}&#xD;
[xUnit.net 00:00:20.65]       &#xD;
[xUnit.net 00:00:20.65]       Headers:&#xD;
[xUnit.net 00:00:20.65]       Server: Azurite-Table/3.20.1&#xD;
[xUnit.net 00:00:20.65]       x-ms-error-code: REDACTED&#xD;
[xUnit.net 00:00:20.65]       x-ms-request-id: 6795ea58-beb6-4acd-9c82-bfca2f8a50c2&#xD;
[xUnit.net 00:00:20.65]       x-ms-version: REDACTED&#xD;
[xUnit.net 00:00:20.65]       Date: Tue, 24 Jan 2023 22:06:49 GMT&#xD;
[xUnit.net 00:00:20.65]       Keep-Alive: REDACTED&#xD;
[xUnit.net 00:00:20.65]       Connection: keep-alive&#xD;
[xUnit.net 00:00:20.65]       Content-Type: application/json; odata=minimalmetadata; streaming=true; charset=utf-8&#xD;
[xUnit.net 00:00:20.65]       Content-Length: 199&#xD;
[xUnit.net 00:00:20.65]       &#xD;
[xUnit.net 00:00:20.66]       Stack Trace:&#xD;
[xUnit.net 00:00:20.66]         C:\Users\anna\orleans\src\Azure\Orleans.Persistence.AzureStorage\Providers\Storage\AzureTableStorage.cs(192,0): at Orleans.Storage.AzureTableGrainStorage.DoOptimisticUpdate(Func`1 updateOperation, String grainType, GrainId grainId, String tableName, String currentETag)&#xD;
[xUnit.net 00:00:20.66]         C:\Users\anna\orleans\src\Azure\Orleans.Persistence.AzureStorage\Providers\Storage\AzureTableStorage.cs(113,0): at Orleans.Storage.AzureTableGrainStorage.WriteStateAsync[T](String grainType, GrainId grainId, IGrainState`1 grainState)&#xD;
[xUnit.net 00:00:20.66]         C:\Users\anna\orleans\src\Orleans.Runtime\Storage\StateStorageBridge.cs(93,0): at Orleans.Core.StateStorageBridge`1.WriteStateAsync()&#xD;
[xUnit.net 00:00:20.66]         C:\Users\anna\orleans\src\Orleans.Streaming\PubSub\PubSubRendezvousGrain.cs(181,0): at Orleans.Streams.PubSubRendezvousGrain.RegisterConsumer(GuidId subscriptionId, QualifiedStreamId streamId, GrainId streamConsumer, String filterData)&#xD;
[xUnit.net 00:00:20.66]         C:\Users\anna\orleans\src\Orleans.Core.Abstractions\Runtime\GrainReference.cs(690,0): at Orleans.Runtime.TaskRequest.Invoke()&#xD;
[xUnit.net 00:00:20.66]         --- End of stack trace from previous location ---&#xD;
[xUnit.net 00:00:20.66]         C:\Users\anna\orleans\src\Orleans.Serialization\Invocation\ResponseCompletionSource.cs(98,0): at Orleans.Serialization.Invocation.ResponseCompletionSource.System.Threading.Tasks.Sources.IValueTaskSource.GetResult(Int16 token)&#xD;
[xUnit.net 00:00:20.66]            at System.Threading.Tasks.ValueTask.ValueTaskSourceAsTask.&lt;&gt;c.&lt;.cctor&gt;b__4_0(Object state)&#xD;
[xUnit.net 00:00:20.66]         --- End of stack trace from previous location ---&#xD;
[xUnit.net 00:00:20.66]         C:\Users\anna\orleans\src\Orleans.Streaming\Internal\StreamConsumer.cs(113,0): at Orleans.Streams.StreamConsumer`1.SubscribeAsyncImpl(IAsyncObserver`1 observer, IAsyncBatchObserver`1 batchObserver, StreamSequenceToken token, String filterData)&#xD;
[xUnit.net 00:00:20.66]         C:\Users\anna\orleans\test\Grains\TestInternalGrains\StreamingGrain.cs(124,0): at UnitTests.Grains.ConsumerObserver.BecomeConsumer(Guid streamId, IStreamProvider streamProvider, String streamNamespace)&#xD;
[xUnit.net 00:00:20.66]         C:\Users\anna\orleans\test\Grains\TestInternalGrains\StreamingGrain.cs(840,0): at UnitTests.Grains.Streaming_ProducerConsumerGrain.BecomeConsumer(Guid streamId, String providerToUse, String streamNamespace)&#xD;
[xUnit.net 00:00:20.66]         C:\Users\anna\orleans\src\Orleans.Core.Abstractions\Runtime\GrainReference.cs(707,0): at Orleans.Runtime.TaskRequest.CompleteInvokeAsync(Task resultTask)&#xD;
[xUnit.net 00:00:20.66]         --- End of stack trace from previous location ---&#xD;
[xUnit.net 00:00:20.66]         C:\Users\anna\orleans\src\Orleans.Serialization\Invocation\ResponseCompletionSource.cs(98,0): at Orleans.Serialization.Invocation.ResponseCompletionSource.System.Threading.Tasks.Sources.IValueTaskSource.GetResult(Int16 token)&#xD;
[xUnit.net 00:00:20.66]            at System.Threading.Tasks.ValueTask.ValueTaskSourceAsTask.&lt;&gt;c.&lt;.cctor&gt;b__4_0(Object state)&#xD;
[xUnit.net 00:00:20.66]         --- End of stack trace from previous location ---&#xD;
[xUnit.net 00:00:20.66]         C:\Users\anna\orleans\test\TesterInternal\StreamingTests\StreamTestHelperClasses.cs(296,0): at UnitTests.StreamingTests.ConsumerProxy.BecomeConsumer(Guid streamId, String providerToUse)&#xD;
[xUnit.net 00:00:20.66]         C:\Users\anna\orleans\test\TesterInternal\StreamingTests\StreamTestHelperClasses.cs(193,0): at UnitTests.StreamingTests.ConsumerProxy.NewConsumerProxy(Guid streamId, String streamProvider, IStreaming_ConsumerGrain[] targets, ILogger logger, IInternalGrainFactory grainFactory)&#xD;
[xUnit.net 00:00:20.66]         C:\Users\anna\orleans\test\TesterInternal\StreamingTests\SingleStreamTestRunner.cs(235,0): at UnitTests.StreamingTests.SingleStreamTestRunner.StreamTest_14_SameGrain_ProducerFirstConsumerLater(Boolean useReentrantGrain)&#xD;
[xUnit.net 00:00:20.66]         C:\Users\anna\orleans\test\Extensions\TesterAzureUtils\Streaming\AQStreamingTests.cs(178,0): at Tester.AzureUtils.Streaming.AQStreamingTests.AQ_14_SameGrain_ProducerFirstConsumerLater()&#xD;
[xUnit.net 00:00:20.66]         --- End of stack trace from previous location ---&#xD;
[xUnit.net 00:00:20.66]         ----- Inner Stack Trace -----&#xD;
[xUnit.net 00:00:20.66]            at Azure.Data.Tables.TableRestClient.InsertEntityAsync(String table, Nullable`1 timeout, Nullable`1 responsePreference, IDictionary`2 tableEntityProperties, QueryOptions queryOptions, CancellationToken cancellationToken)&#xD;
[xUnit.net 00:00:20.66]            at Azure.Data.Tables.TableClient.AddEntityAsync[T](T entity, CancellationToken cancellationToken)&#xD;
[xUnit.net 00:00:20.66]         C:\Users\anna\orleans\src\Azure\Shared\Storage\AzureTableDataManager.cs(171,0): at Orleans.Persistence.AzureStorage.AzureTableDataManager`1.CreateTableEntryAsync(T data)&#xD;
[xUnit.net 00:00:20.66]         C:\Users\anna\orleans\src\Azure\Orleans.Persistence.AzureStorage\Providers\Storage\AzureTableStorage.cs(457,0): at Orleans.Storage.AzureTableGrainStorage.GrainStateTableDataManager.Write(TableEntity entity)&#xD;
[xUnit.net 00:00:20.66]         C:\Users\anna\orleans\src\Azure\Orleans.Persistence.AzureStorage\Providers\Storage\AzureTableStorage.cs(188,0): at Orleans.Storage.AzureTableGrainStorage.DoOptimisticUpdate(Func`1 updateOperation, String grainType, GrainId grainId, String tableName, String currentETag)&#xD;
[xUnit.net 00:00:20.66]         --- End of stack trace from previous location ---&#xD;
[xUnit.net 00:00:20.66]         &#xD;
[xUnit.net 00:00:20.69]   Finished:    Tester.AzureUtils&#xD;
</StdOut>
    </Output>
    <RunInfos>
      <RunInfo computerName="cloudtest-win10" outcome="Min" timestamp="2023-01-24T22:07:03.4210282+00:00">
        <Text>[xUnit.net 00:00:20.65]     Tester.AzureUtils.Streaming.AQStreamingTests.AQ_14_SameGrain_ProducerFirstConsumerLater [FAIL]</Text>
      </RunInfo>
      <RunInfo computerName="cloudtest-win10" outcome="Warning" timestamp="2023-01-24T22:07:03.5973947+00:00">
        <Text>Data collector 'Blame' message: All tests finished running, Sequence file will not be generated.</Text>
      </RunInfo>
    </RunInfos>
  </ResultSummary>
</TestRun>