<?xml version="1.0" encoding="utf-8"?>
<TestRun id="bdcf3322-14dd-4f4a-899f-58de8477c7f6" name="anna@cloudtest-win10 2023-01-24 22:06:08" runUser="cloudtest-win10\anna" xmlns="http://microsoft.com/schemas/VisualStudio/TeamTest/2010">
  <Times creation="2023-01-24T22:06:08.1113121+00:00" queuing="2023-01-24T22:06:08.1113130+00:00" start="2023-01-24T22:05:41.4429334+00:00" finish="2023-01-24T22:06:08.1479198+00:00" />
  <TestSettings name="default" id="5c961201-aa94-40b4-a614-2f45a8485840">
    <Deployment runDeploymentRoot="anna_cloudtest-win10_2023-01-24_22_06_08" />
  </TestSettings>
  <Results>
    <UnitTestResult executionId="cd5b230a-19ce-4b49-a00f-0d6756cfa69a" testId="e65e02e4-96be-60b3-5f98-1837de94bfc5" testName="Tester.AzureUtils.Streaming.AQStreamingTests.AQ_14_SameGrain_ProducerFirstConsumerLater" computerName="cloudtest-win10" duration="00:00:04.0733943" startTime="2023-01-24T22:06:07.7999940+00:00" endTime="2023-01-24T22:06:07.8000834+00:00" testType="13cdc9d9-ddb5-4fa4-a97d-d965ccfc6d4b" outcome="Passed" testListId="8c84fa94-04c1-424b-9868-57a2d4851a1d" relativeResultsDirectory="cd5b230a-19ce-4b49-a00f-0d6756cfa69a" />
  </Results>
  <TestDefinitions>
    <UnitTest name="Tester.AzureUtils.Streaming.AQStreamingTests.AQ_14_SameGrain_ProducerFirstConsumerLater" storage="c:\users\anna\orleans\test\extensions\testerazureutils\bin\debug\net7.0\tester.azureutils.dll" id="e65e02e4-96be-60b3-5f98-1837de94bfc5">
      <Execution id="cd5b230a-19ce-4b49-a00f-0d6756cfa69a" />
      <TestMethod codeBase="C:\Users\anna\orleans\test\Extensions\TesterAzureUtils\bin\Debug\net7.0\Tester.AzureUtils.dll" adapterTypeName="executor://xunit/VsTestRunner2/netcoreapp" className="Tester.AzureUtils.Streaming.AQStreamingTests" name="AQ_14_SameGrain_ProducerFirstConsumerLater" />
    </UnitTest>
  </TestDefinitions>
  <TestEntries>
    <TestEntry testId="e65e02e4-96be-60b3-5f98-1837de94bfc5" executionId="cd5b230a-19ce-4b49-a00f-0d6756cfa69a" testListId="8c84fa94-04c1-424b-9868-57a2d4851a1d" />
  </TestEntries>
  <TestLists>
    <TestList name="Results Not in a List" id="8c84fa94-04c1-424b-9868-57a2d4851a1d" />
    <TestList name="All Loaded Results" id="19431567-8539-422a-85d7-44ee4e166bda" />
  </TestLists>
  <ResultSummary outcome="Completed">
    <Counters total="1" executed="1" passed="1" failed="0" error="0" timeout="0" aborted="0" inconclusive="0" passedButRunAborted="0" notRunnable="0" notExecuted="0" disconnected="0" warning="0" completed="0" inProgress="0" pending="0" />
    <Output>
      <StdOut>[xUnit.net 00:00:00.00] xUnit.net VSTest Adapter v2.4.5+1caef2f33e (64-bit .NET 7.0.2)&#xD;
[xUnit.net 00:00:01.24]   Discovering: Tester.AzureUtils (method display = ClassAndMethod, method display options = None)&#xD;
[xUnit.net 00:00:01.46]   Discovered:  Tester.AzureUtils (found 246 test cases)&#xD;
[xUnit.net 00:00:01.48]   Starting:    Tester.AzureUtils (parallel test collections = off, max threads = 4)&#xD;
[xUnit.net 00:00:23.48]   Finished:    Tester.AzureUtils&#xD;
</StdOut>
    </Output>
    <RunInfos>
      <RunInfo computerName="cloudtest-win10" outcome="Warning" timestamp="2023-01-24T22:06:07.9643023+00:00">
        <Text>Data collector 'Blame' message: All tests finished running, Sequence file will not be generated.</Text>
      </RunInfo>
    </RunInfos>
  </ResultSummary>
</TestRun>