<?xml version="1.0" encoding="utf-8"?>
<TestRun id="f9d99a62-3038-4ba7-8273-c4391b254760" name="anna@cloudtest-win10 2023-01-23 15:17:00" runUser="cloudtest-win10\anna" xmlns="http://microsoft.com/schemas/VisualStudio/TeamTest/2010">
  <Times creation="2023-01-23T15:17:00.8479893+00:00" queuing="2023-01-23T15:17:00.8479898+00:00" start="2023-01-23T15:15:25.3060427+00:00" finish="2023-01-23T15:17:00.8835130+00:00" />
  <TestSettings name="default" id="851a8401-c35d-448b-928e-29b275069e6e">
    <Deployment runDeploymentRoot="anna_cloudtest-win10_2023-01-23_15_17_00" />
  </TestSettings>
  <Results>
    <UnitTestResult executionId="f8877d6e-da25-4b83-83eb-7775f993230d" testId="480bc216-c16d-6459-aea9-cedc41f89f9a" testName="Tester.AzureUtils.Lease.LeaseBasedQueueBalancerTests.LeaseBalancedQueueBalancer_SupportAutoScaleScenario" computerName="cloudtest-win10" duration="00:01:00.3618763" startTime="2023-01-23T15:17:00.5250802+00:00" endTime="2023-01-23T15:17:00.5251254+00:00" testType="13cdc9d9-ddb5-4fa4-a97d-d965ccfc6d4b" outcome="Passed" testListId="8c84fa94-04c1-424b-9868-57a2d4851a1d" relativeResultsDirectory="f8877d6e-da25-4b83-83eb-7775f993230d" />
  </Results>
  <TestDefinitions>
    <UnitTest name="Tester.AzureUtils.Lease.LeaseBasedQueueBalancerTests.LeaseBalancedQueueBalancer_SupportAutoScaleScenario" storage="c:\users\anna\orleans\test\extensions\testerazureutils\bin\debug\net7.0\tester.azureutils.dll" id="480bc216-c16d-6459-aea9-cedc41f89f9a">
      <Execution id="f8877d6e-da25-4b83-83eb-7775f993230d" />
      <TestMethod codeBase="C:\Users\anna\orleans\test\Extensions\TesterAzureUtils\bin\Debug\net7.0\Tester.AzureUtils.dll" adapterTypeName="executor://xunit/VsTestRunner2/netcoreapp" className="Tester.AzureUtils.Lease.LeaseBasedQueueBalancerTests" name="LeaseBalancedQueueBalancer_SupportAutoScaleScenario" />
    </UnitTest>
  </TestDefinitions>
  <TestEntries>
    <TestEntry testId="480bc216-c16d-6459-aea9-cedc41f89f9a" executionId="f8877d6e-da25-4b83-83eb-7775f993230d" testListId="8c84fa94-04c1-424b-9868-57a2d4851a1d" />
  </TestEntries>
  <TestLists>
    <TestList name="Results Not in a List" id="8c84fa94-04c1-424b-9868-57a2d4851a1d" />
    <TestList name="All Loaded Results" id="19431567-8539-422a-85d7-44ee4e166bda" />
  </TestLists>
  <ResultSummary outcome="Completed">
    <Counters total="1" executed="1" passed="1" failed="0" error="0" timeout="0" aborted="0" inconclusive="0" passedButRunAborted="0" notRunnable="0" notExecuted="0" disconnected="0" warning="0" completed="0" inProgress="0" pending="0" />
    <Output>
      <StdOut>[xUnit.net 00:00:00.00] xUnit.net VSTest Adapter v2.4.5+1caef2f33e (64-bit .NET 7.0.2)&#xD;
[xUnit.net 00:00:01.24]   Discovering: Tester.AzureUtils (method display = ClassAndMethod, method display options = None)&#xD;
[xUnit.net 00:00:01.45]   Discovered:  Tester.AzureUtils (found 246 test cases)&#xD;
[xUnit.net 00:00:01.46]   Starting:    Tester.AzureUtils (parallel test collections = off, max threads = 4)&#xD;
[xUnit.net 00:01:32.35]   Finished:    Tester.AzureUtils&#xD;
</StdOut>
    </Output>
    <RunInfos>
      <RunInfo computerName="cloudtest-win10" outcome="Warning" timestamp="2023-01-23T15:17:00.7002496+00:00">
        <Text>Data collector 'Blame' message: All tests finished running, Sequence file will not be generated.</Text>
      </RunInfo>
    </RunInfos>
  </ResultSummary>
</TestRun>