<?xml version="1.0" encoding="utf-8"?>
<TestRun id="2a6e80ec-8335-4119-8658-9d7d084b0b55" name="anna@cloudtest-win10 2023-01-23 15:18:39" runUser="cloudtest-win10\anna" xmlns="http://microsoft.com/schemas/VisualStudio/TeamTest/2010">
  <Times creation="2023-01-23T15:18:39.4723699+00:00" queuing="2023-01-23T15:18:39.4723704+00:00" start="2023-01-23T15:17:03.0268482+00:00" finish="2023-01-23T15:18:39.5079873+00:00" />
  <TestSettings name="default" id="0559b4c6-a9db-4aa3-b0df-ddbc7e0ae9ae">
    <Deployment runDeploymentRoot="anna_cloudtest-win10_2023-01-23_15_18_39" />
  </TestSettings>
  <Results>
    <UnitTestResult executionId="78f47bba-4490-43c6-bd00-df2ffebc28f2" testId="480bc216-c16d-6459-aea9-cedc41f89f9a" testName="Tester.AzureUtils.Lease.LeaseBasedQueueBalancerTests.LeaseBalancedQueueBalancer_SupportAutoScaleScenario" computerName="cloudtest-win10" duration="00:01:01.4256128" startTime="2023-01-23T15:18:39.1510167+00:00" endTime="2023-01-23T15:18:39.1511130+00:00" testType="13cdc9d9-ddb5-4fa4-a97d-d965ccfc6d4b" outcome="Passed" testListId="8c84fa94-04c1-424b-9868-57a2d4851a1d" relativeResultsDirectory="78f47bba-4490-43c6-bd00-df2ffebc28f2" />
  </Results>
  <TestDefinitions>
    <UnitTest name="Tester.AzureUtils.Lease.LeaseBasedQueueBalancerTests.LeaseBalancedQueueBalancer_SupportAutoScaleScenario" storage="c:\users\anna\orleans\test\extensions\testerazureutils\bin\debug\net7.0\tester.azureutils.dll" id="480bc216-c16d-6459-aea9-cedc41f89f9a">
      <Execution id="78f47bba-4490-43c6-bd00-df2ffebc28f2" />
      <TestMethod codeBase="C:\Users\anna\orleans\test\Extensions\TesterAzureUtils\bin\Debug\net7.0\Tester.AzureUtils.dll" adapterTypeName="executor://xunit/VsTestRunner2/netcoreapp" className="Tester.AzureUtils.Lease.LeaseBasedQueueBalancerTests" name="LeaseBalancedQueueBalancer_SupportAutoScaleScenario" />
    </UnitTest>
  </TestDefinitions>
  <TestEntries>
    <TestEntry testId="480bc216-c16d-6459-aea9-cedc41f89f9a" executionId="78f47bba-4490-43c6-bd00-df2ffebc28f2" testListId="8c84fa94-04c1-424b-9868-57a2d4851a1d" />
  </TestEntries>
  <TestLists>
    <TestList name="Results Not in a List" id="8c84fa94-04c1-424b-9868-57a2d4851a1d" />
    <TestList name="All Loaded Results" id="19431567-8539-422a-85d7-44ee4e166bda" />
  </TestLists>
  <ResultSummary outcome="Completed">
    <Counters total="1" executed="1" passed="1" failed="0" error="0" timeout="0" aborted="0" inconclusive="0" passedButRunAborted="0" notRunnable="0" notExecuted="0" disconnected="0" warning="0" completed="0" inProgress="0" pending="0" />
    <Output>
      <StdOut>[xUnit.net 00:00:00.00] xUnit.net VSTest Adapter v2.4.5+1caef2f33e (64-bit .NET 7.0.2)&#xD;
[xUnit.net 00:00:01.24]   Discovering: Tester.AzureUtils (method display = ClassAndMethod, method display options = None)&#xD;
[xUnit.net 00:00:01.46]   Discovered:  Tester.AzureUtils (found 246 test cases)&#xD;
[xUnit.net 00:00:01.47]   Starting:    Tester.AzureUtils (parallel test collections = off, max threads = 4)&#xD;
[xUnit.net 00:01:33.25]   Finished:    Tester.AzureUtils&#xD;
</StdOut>
    </Output>
    <RunInfos>
      <RunInfo computerName="cloudtest-win10" outcome="Warning" timestamp="2023-01-23T15:18:39.3305993+00:00">
        <Text>Data collector 'Blame' message: All tests finished running, Sequence file will not be generated.</Text>
      </RunInfo>
    </RunInfos>
  </ResultSummary>
</TestRun>