<?xml version="1.0" encoding="utf-8"?>
<TestRun id="6015ab8e-f347-424f-a267-40a0f3ca4eb6" name="anna@cloudtest-win10 2023-01-23 15:23:30" runUser="cloudtest-win10\anna" xmlns="http://microsoft.com/schemas/VisualStudio/TeamTest/2010">
  <Times creation="2023-01-23T15:23:30.3553069+00:00" queuing="2023-01-23T15:23:30.3553078+00:00" start="2023-01-23T15:21:55.9449458+00:00" finish="2023-01-23T15:23:30.3909629+00:00" />
  <TestSettings name="default" id="4f892a4f-a17b-4748-948d-d81cbc44ad81">
    <Deployment runDeploymentRoot="anna_cloudtest-win10_2023-01-23_15_23_30" />
  </TestSettings>
  <Results>
    <UnitTestResult executionId="fd0d927c-ac42-4561-ae50-889005ed4eea" testId="480bc216-c16d-6459-aea9-cedc41f89f9a" testName="Tester.AzureUtils.Lease.LeaseBasedQueueBalancerTests.LeaseBalancedQueueBalancer_SupportAutoScaleScenario" computerName="cloudtest-win10" duration="00:01:00.4150745" startTime="2023-01-23T15:23:30.0289232+00:00" endTime="2023-01-23T15:23:30.0289697+00:00" testType="13cdc9d9-ddb5-4fa4-a97d-d965ccfc6d4b" outcome="Passed" testListId="8c84fa94-04c1-424b-9868-57a2d4851a1d" relativeResultsDirectory="fd0d927c-ac42-4561-ae50-889005ed4eea" />
  </Results>
  <TestDefinitions>
    <UnitTest name="Tester.AzureUtils.Lease.LeaseBasedQueueBalancerTests.LeaseBalancedQueueBalancer_SupportAutoScaleScenario" storage="c:\users\anna\orleans\test\extensions\testerazureutils\bin\debug\net7.0\tester.azureutils.dll" id="480bc216-c16d-6459-aea9-cedc41f89f9a">
      <Execution id="fd0d927c-ac42-4561-ae50-889005ed4eea" />
      <TestMethod codeBase="C:\Users\anna\orleans\test\Extensions\TesterAzureUtils\bin\Debug\net7.0\Tester.AzureUtils.dll" adapterTypeName="executor://xunit/VsTestRunner2/netcoreapp" className="Tester.AzureUtils.Lease.LeaseBasedQueueBalancerTests" name="LeaseBalancedQueueBalancer_SupportAutoScaleScenario" />
    </UnitTest>
  </TestDefinitions>
  <TestEntries>
    <TestEntry testId="480bc216-c16d-6459-aea9-cedc41f89f9a" executionId="fd0d927c-ac42-4561-ae50-889005ed4eea" testListId="8c84fa94-04c1-424b-9868-57a2d4851a1d" />
  </TestEntries>
  <TestLists>
    <TestList name="Results Not in a List" id="8c84fa94-04c1-424b-9868-57a2d4851a1d" />
    <TestList name="All Loaded Results" id="19431567-8539-422a-85d7-44ee4e166bda" />
  </TestLists>
  <ResultSummary outcome="Completed">
    <Counters total="1" executed="1" passed="1" failed="0" error="0" timeout="0" aborted="0" inconclusive="0" passedButRunAborted="0" notRunnable="0" notExecuted="0" disconnected="0" warning="0" completed="0" inProgress="0" pending="0" />
    <Output>
      <StdOut>[xUnit.net 00:00:00.00] xUnit.net VSTest Adapter v2.4.5+1caef2f33e (64-bit .NET 7.0.2)&#xD;
[xUnit.net 00:00:01.24]   Discovering: Tester.AzureUtils (method display = ClassAndMethod, method display options = None)&#xD;
[xUnit.net 00:00:01.45]   Discovered:  Tester.AzureUtils (found 246 test cases)&#xD;
[xUnit.net 00:00:01.46]   Starting:    Tester.AzureUtils (parallel test collections = off, max threads = 4)&#xD;
[xUnit.net 00:01:31.22]   Finished:    Tester.AzureUtils&#xD;
</StdOut>
    </Output>
    <RunInfos>
      <RunInfo computerName="cloudtest-win10" outcome="Warning" timestamp="2023-01-23T15:23:30.2074118+00:00">
        <Text>Data collector 'Blame' message: All tests finished running, Sequence file will not be generated.</Text>
      </RunInfo>
    </RunInfos>
  </ResultSummary>
</TestRun>