<?xml version="1.0" encoding="utf-8"?>
<TestRun id="e85d752c-0e18-48dc-a0c5-1da8a2aeaa6b" name="anna@cloudtest-win10 2023-01-23 15:08:56" runUser="cloudtest-win10\anna" xmlns="http://microsoft.com/schemas/VisualStudio/TeamTest/2010">
  <Times creation="2023-01-23T15:08:56.0452396+00:00" queuing="2023-01-23T15:08:56.0452401+00:00" start="2023-01-23T15:07:21.6048930+00:00" finish="2023-01-23T15:08:56.0814261+00:00" />
  <TestSettings name="default" id="e6e64421-5a54-498b-a8f5-228b40db9ff0">
    <Deployment runDeploymentRoot="anna_cloudtest-win10_2023-01-23_15_08_56" />
  </TestSettings>
  <Results>
    <UnitTestResult executionId="bd0bcd96-324a-4f89-a752-fe7fe7e076d8" testId="480bc216-c16d-6459-aea9-cedc41f89f9a" testName="Tester.AzureUtils.Lease.LeaseBasedQueueBalancerTests.LeaseBalancedQueueBalancer_SupportAutoScaleScenario" computerName="cloudtest-win10" duration="00:01:00.2736932" startTime="2023-01-23T15:08:55.7189663+00:00" endTime="2023-01-23T15:08:55.7190120+00:00" testType="13cdc9d9-ddb5-4fa4-a97d-d965ccfc6d4b" outcome="Passed" testListId="8c84fa94-04c1-424b-9868-57a2d4851a1d" relativeResultsDirectory="bd0bcd96-324a-4f89-a752-fe7fe7e076d8" />
  </Results>
  <TestDefinitions>
    <UnitTest name="Tester.AzureUtils.Lease.LeaseBasedQueueBalancerTests.LeaseBalancedQueueBalancer_SupportAutoScaleScenario" storage="c:\users\anna\orleans\test\extensions\testerazureutils\bin\debug\net7.0\tester.azureutils.dll" id="480bc216-c16d-6459-aea9-cedc41f89f9a">
      <Execution id="bd0bcd96-324a-4f89-a752-fe7fe7e076d8" />
      <TestMethod codeBase="C:\Users\anna\orleans\test\Extensions\TesterAzureUtils\bin\Debug\net7.0\Tester.AzureUtils.dll" adapterTypeName="executor://xunit/VsTestRunner2/netcoreapp" className="Tester.AzureUtils.Lease.LeaseBasedQueueBalancerTests" name="LeaseBalancedQueueBalancer_SupportAutoScaleScenario" />
    </UnitTest>
  </TestDefinitions>
  <TestEntries>
    <TestEntry testId="480bc216-c16d-6459-aea9-cedc41f89f9a" executionId="bd0bcd96-324a-4f89-a752-fe7fe7e076d8" testListId="8c84fa94-04c1-424b-9868-57a2d4851a1d" />
  </TestEntries>
  <TestLists>
    <TestList name="Results Not in a List" id="8c84fa94-04c1-424b-9868-57a2d4851a1d" />
    <TestList name="All Loaded Results" id="19431567-8539-422a-85d7-44ee4e166bda" />
  </TestLists>
  <ResultSummary outcome="Completed">
    <Counters total="1" executed="1" passed="1" failed="0" error="0" timeout="0" aborted="0" inconclusive="0" passedButRunAborted="0" notRunnable="0" notExecuted="0" disconnected="0" warning="0" completed="0" inProgress="0" pending="0" />
    <Output>
      <StdOut>[xUnit.net 00:00:00.00] xUnit.net VSTest Adapter v2.4.5+1caef2f33e (64-bit .NET 7.0.2)&#xD;
[xUnit.net 00:00:01.24]   Discovering: Tester.AzureUtils (method display = ClassAndMethod, method display options = None)&#xD;
[xUnit.net 00:00:01.45]   Discovered:  Tester.AzureUtils (found 246 test cases)&#xD;
[xUnit.net 00:00:01.46]   Starting:    Tester.AzureUtils (parallel test collections = off, max threads = 4)&#xD;
[xUnit.net 00:01:31.27]   Finished:    Tester.AzureUtils&#xD;
</StdOut>
    </Output>
    <RunInfos>
      <RunInfo computerName="cloudtest-win10" outcome="Warning" timestamp="2023-01-23T15:08:55.8987062+00:00">
        <Text>Data collector 'Blame' message: All tests finished running, Sequence file will not be generated.</Text>
      </RunInfo>
    </RunInfos>
  </ResultSummary>
</TestRun>