<?xml version="1.0" encoding="utf-8"?>
<TestRun id="9fe5bab1-5dd2-4cc9-bab3-c87ae58c9545" name="anna@cloudtest-win10 2023-01-24 01:51:13" runUser="cloudtest-win10\anna" xmlns="http://microsoft.com/schemas/VisualStudio/TeamTest/2010">
  <Times creation="2023-01-24T01:51:13.1959170+00:00" queuing="2023-01-24T01:51:13.1959178+00:00" start="2023-01-24T01:51:06.5149920+00:00" finish="2023-01-24T01:51:13.2388525+00:00" />
  <TestSettings name="default" id="fbcacea1-3845-4f53-a6a4-fccff356d566">
    <Deployment runDeploymentRoot="anna_cloudtest-win10_2023-01-24_01_51_13" />
  </TestSettings>
  <Results>
    <UnitTestResult executionId="1eb3483d-f0d1-4d20-aa81-245fa2444050" testId="6368dda7-e78d-74ce-fb1e-4626f663705f" testName="Tester.AzureUtils.SiloInstanceTableManagerTests.SiloInstanceTable_Op_ActivateSiloInstance" computerName="cloudtest-win10" duration="00:00:01.8573988" startTime="2023-01-24T01:51:12.8890848+00:00" endTime="2023-01-24T01:51:12.8891308+00:00" testType="13cdc9d9-ddb5-4fa4-a97d-d965ccfc6d4b" outcome="Failed" testListId="8c84fa94-04c1-424b-9868-57a2d4851a1d" relativeResultsDirectory="1eb3483d-f0d1-4d20-aa81-245fa2444050">
      <Output>
        <StdOut>ClusterId=test-d4286174-a0de-4f5e-a34f-eac9b5a00e23 Generation=33529871&#xD;
Initializing SiloInstanceManager&#xD;
MyEntry=OrleansSilo [ Deployment=test-d4286174-a0de-4f5e-a34f-eac9b5a00e23 LocalEndpoint=127.0.0.1 LocalPort=0 Generation=33529871 Host=127.0.0.1 Status= ProxyPort=30000 RoleName=MyRole SiloName=MyInstance UpgradeZone=0 FaultZone=0 StartTime=2023-01-24 01:51:11.719 GMT IAmAliveTime=]&#xD;
TestCleanup Timeout=00:01:00</StdOut>
        <ErrorInfo>
          <Message>System.AggregateException : One or more errors occurred. (The specified resource does not exist.
RequestId:2c0a3996-c002-0015-1596-2f5cb4000000
Time:2023-01-24T01:51:12.8563530Z&#xD;
Status: 404 (Not Found)&#xD;
ErrorCode: ResourceNotFound&#xD;
&#xD;
Content:&#xD;
{"odata.error":{"code":"ResourceNotFound","message":{"lang":"en-US","value":"The specified resource does not exist.\nRequestId:2c0a3996-c002-0015-1596-2f5cb4000000\nTime:2023-01-24T01:51:12.8563530Z"}}}&#xD;
&#xD;
Headers:&#xD;
X-Content-Type-Options: REDACTED&#xD;
Cache-Control: no-cache&#xD;
DataServiceVersion: 3.0;&#xD;
Content-Type: application/json;odata=minimalmetadata;streaming=true;charset=utf-8&#xD;
)&#xD;
---- Azure.Data.Tables.TableTransactionFailedException : The specified resource does not exist.
RequestId:2c0a3996-c002-0015-1596-2f5cb4000000
Time:2023-01-24T01:51:12.8563530Z&#xD;
Status: 404 (Not Found)&#xD;
ErrorCode: ResourceNotFound&#xD;
&#xD;
Content:&#xD;
{"odata.error":{"code":"ResourceNotFound","message":{"lang":"en-US","value":"The specified resource does not exist.\nRequestId:2c0a3996-c002-0015-1596-2f5cb4000000\nTime:2023-01-24T01:51:12.8563530Z"}}}&#xD;
&#xD;
Headers:&#xD;
X-Content-Type-Options: REDACTED&#xD;
Cache-Control: no-cache&#xD;
DataServiceVersion: 3.0;&#xD;
Content-Type: application/json;odata=minimalmetadata;streaming=true;charset=utf-8&#xD;
</Message>
          <StackTrace>   at System.Threading.Tasks.Task.ThrowIfExceptional(Boolean includeTaskCanceledExceptions)&#xD;
   at System.Threading.Tasks.Task.Wait(Int32 millisecondsTimeout, CancellationToken cancellationToken)&#xD;
   at System.Threading.Tasks.Task.Wait(TimeSpan timeout, CancellationToken cancellationToken)&#xD;
   at System.Threading.Tasks.Task.Wait(TimeSpan timeout)&#xD;
   at Orleans.Internal.OrleansTaskExtentions.WaitWithThrow(Task task, TimeSpan timeout) in C:\Users\anna\orleans\src\Orleans.Core\Async\TaskExtensions.cs:line 49&#xD;
   at Tester.AzureUtils.SiloInstanceTableManagerTests.Dispose() in C:\Users\anna\orleans\test\Extensions\TesterAzureUtils\SiloInstanceTableManagerTests.cs:line 70&#xD;
   at ReflectionAbstractionExtensions.DisposeTestClass(ITest test, Object testClass, IMessageBus messageBus, ExecutionTimer timer, CancellationTokenSource cancellationTokenSource) in /_/src/xunit.execution/Extensions/ReflectionAbstractionExtensions.cs:line 79&#xD;
----- Inner Stack Trace -----&#xD;
   at Azure.Data.Tables.TableRestClient.SendBatchRequestAsync(HttpMessage message, CancellationToken cancellationToken)&#xD;
   at Azure.Data.Tables.TableClient.SubmitTransactionInternalAsync(IEnumerable`1 transactionalBatch, Guid batchId, Guid changesetId, Boolean async, CancellationToken cancellationToken)&#xD;
   at Azure.Data.Tables.TableClient.SubmitTransactionAsync(IEnumerable`1 transactionActions, CancellationToken cancellationToken)&#xD;
   at Orleans.Clustering.AzureStorage.AzureTableDataManager`1.DeleteTableEntriesAsync(List`1 collection) in C:\Users\anna\orleans\src\Azure\Shared\Storage\AzureTableDataManager.cs:line 483&#xD;
   at Orleans.AzureUtils.OrleansSiloInstanceManager.DeleteEntriesBatch(List`1 entriesList) in C:\Users\anna\orleans\src\Azure\Orleans.Clustering.AzureStorage\OrleansSiloInstanceManager.cs:line 197&#xD;
   at Orleans.AzureUtils.OrleansSiloInstanceManager.DeleteTableEntries(String clusterId) in C:\Users\anna\orleans\src\Azure\Orleans.Clustering.AzureStorage\OrleansSiloInstanceManager.cs:line 177</StackTrace>
        </ErrorInfo>
      </Output>
    </UnitTestResult>
  </Results>
  <TestDefinitions>
    <UnitTest name="Tester.AzureUtils.SiloInstanceTableManagerTests.SiloInstanceTable_Op_ActivateSiloInstance" storage="c:\users\anna\orleans\test\extensions\testerazureutils\bin\debug\net7.0\tester.azureutils.dll" id="6368dda7-e78d-74ce-fb1e-4626f663705f">
      <Execution id="1eb3483d-f0d1-4d20-aa81-245fa2444050" />
      <TestMethod codeBase="C:\Users\anna\orleans\test\Extensions\TesterAzureUtils\bin\Debug\net7.0\Tester.AzureUtils.dll" adapterTypeName="executor://xunit/VsTestRunner2/netcoreapp" className="Tester.AzureUtils.SiloInstanceTableManagerTests" name="SiloInstanceTable_Op_ActivateSiloInstance" />
    </UnitTest>
  </TestDefinitions>
  <TestEntries>
    <TestEntry testId="6368dda7-e78d-74ce-fb1e-4626f663705f" executionId="1eb3483d-f0d1-4d20-aa81-245fa2444050" testListId="8c84fa94-04c1-424b-9868-57a2d4851a1d" />
  </TestEntries>
  <TestLists>
    <TestList name="Results Not in a List" id="8c84fa94-04c1-424b-9868-57a2d4851a1d" />
    <TestList name="All Loaded Results" id="19431567-8539-422a-85d7-44ee4e166bda" />
  </TestLists>
  <ResultSummary outcome="Failed">
    <Counters total="1" executed="1" passed="0" failed="1" error="0" timeout="0" aborted="0" inconclusive="0" passedButRunAborted="0" notRunnable="0" notExecuted="0" disconnected="0" warning="0" completed="0" inProgress="0" pending="0" />
    <Output>
      <StdOut>[xUnit.net 00:00:00.00] xUnit.net VSTest Adapter v2.4.5+1caef2f33e (64-bit .NET 7.0.2)&#xD;
[xUnit.net 00:00:01.25]   Discovering: Tester.AzureUtils (method display = ClassAndMethod, method display options = None)&#xD;
[xUnit.net 00:00:01.46]   Discovered:  Tester.AzureUtils (found 246 test cases)&#xD;
[xUnit.net 00:00:01.48]   Starting:    Tester.AzureUtils (parallel test collections = off, max threads = 4)&#xD;
[xUnit.net 00:00:03.43]       System.AggregateException : One or more errors occurred. (The specified resource does not exist.
RequestId:2c0a3996-c002-0015-1596-2f5cb4000000
Time:2023-01-24T01:51:12.8563530Z&#xD;
[xUnit.net 00:00:03.43]       Status: 404 (Not Found)&#xD;
[xUnit.net 00:00:03.43]       ErrorCode: ResourceNotFound&#xD;
[xUnit.net 00:00:03.43]       &#xD;
[xUnit.net 00:00:03.43]       Content:&#xD;
[xUnit.net 00:00:03.43]       {"odata.error":{"code":"ResourceNotFound","message":{"lang":"en-US","value":"The specified resource does not exist.\nRequestId:2c0a3996-c002-0015-1596-2f5cb4000000\nTime:2023-01-24T01:51:12.8563530Z"}}}&#xD;
[xUnit.net 00:00:03.43]       &#xD;
[xUnit.net 00:00:03.43]       Headers:&#xD;
[xUnit.net 00:00:03.43]       X-Content-Type-Options: REDACTED&#xD;
[xUnit.net 00:00:03.43]       Cache-Control: no-cache&#xD;
[xUnit.net 00:00:03.43]       DataServiceVersion: 3.0;&#xD;
[xUnit.net 00:00:03.43]       Content-Type: application/json;odata=minimalmetadata;streaming=true;charset=utf-8&#xD;
[xUnit.net 00:00:03.43]       )&#xD;
[xUnit.net 00:00:03.43]       ---- Azure.Data.Tables.TableTransactionFailedException : The specified resource does not exist.
RequestId:2c0a3996-c002-0015-1596-2f5cb4000000
Time:2023-01-24T01:51:12.8563530Z&#xD;
[xUnit.net 00:00:03.43]       Status: 404 (Not Found)&#xD;
[xUnit.net 00:00:03.43]       ErrorCode: ResourceNotFound&#xD;
[xUnit.net 00:00:03.43]       &#xD;
[xUnit.net 00:00:03.43]       Content:&#xD;
[xUnit.net 00:00:03.43]       {"odata.error":{"code":"ResourceNotFound","message":{"lang":"en-US","value":"The specified resource does not exist.\nRequestId:2c0a3996-c002-0015-1596-2f5cb4000000\nTime:2023-01-24T01:51:12.8563530Z"}}}&#xD;
[xUnit.net 00:00:03.43]       &#xD;
[xUnit.net 00:00:03.43]       Headers:&#xD;
[xUnit.net 00:00:03.43]       X-Content-Type-Options: REDACTED&#xD;
[xUnit.net 00:00:03.43]       Cache-Control: no-cache&#xD;
[xUnit.net 00:00:03.43]       DataServiceVersion: 3.0;&#xD;
[xUnit.net 00:00:03.43]       Content-Type: application/json;odata=minimalmetadata;streaming=true;charset=utf-8&#xD;
[xUnit.net 00:00:03.43]       &#xD;
[xUnit.net 00:00:03.43]       Stack Trace:&#xD;
[xUnit.net 00:00:03.43]            at System.Threading.Tasks.Task.ThrowIfExceptional(Boolean includeTaskCanceledExceptions)&#xD;
[xUnit.net 00:00:03.43]            at System.Threading.Tasks.Task.Wait(Int32 millisecondsTimeout, CancellationToken cancellationToken)&#xD;
[xUnit.net 00:00:03.43]            at System.Threading.Tasks.Task.Wait(TimeSpan timeout, CancellationToken cancellationToken)&#xD;
[xUnit.net 00:00:03.43]            at System.Threading.Tasks.Task.Wait(TimeSpan timeout)&#xD;
[xUnit.net 00:00:03.43]         C:\Users\anna\orleans\src\Orleans.Core\Async\TaskExtensions.cs(49,0): at Orleans.Internal.OrleansTaskExtentions.WaitWithThrow(Task task, TimeSpan timeout)&#xD;
[xUnit.net 00:00:03.43]         C:\Users\anna\orleans\test\Extensions\TesterAzureUtils\SiloInstanceTableManagerTests.cs(70,0): at Tester.AzureUtils.SiloInstanceTableManagerTests.Dispose()&#xD;
[xUnit.net 00:00:03.43]         /_/src/xunit.execution/Extensions/ReflectionAbstractionExtensions.cs(79,0): at ReflectionAbstractionExtensions.DisposeTestClass(ITest test, Object testClass, IMessageBus messageBus, ExecutionTimer timer, CancellationTokenSource cancellationTokenSource)&#xD;
[xUnit.net 00:00:03.43]         ----- Inner Stack Trace -----&#xD;
[xUnit.net 00:00:03.43]            at Azure.Data.Tables.TableRestClient.SendBatchRequestAsync(HttpMessage message, CancellationToken cancellationToken)&#xD;
[xUnit.net 00:00:03.43]            at Azure.Data.Tables.TableClient.SubmitTransactionInternalAsync(IEnumerable`1 transactionalBatch, Guid batchId, Guid changesetId, Boolean async, CancellationToken cancellationToken)&#xD;
[xUnit.net 00:00:03.43]            at Azure.Data.Tables.TableClient.SubmitTransactionAsync(IEnumerable`1 transactionActions, CancellationToken cancellationToken)&#xD;
[xUnit.net 00:00:03.43]         C:\Users\anna\orleans\src\Azure\Shared\Storage\AzureTableDataManager.cs(483,0): at Orleans.Clustering.AzureStorage.AzureTableDataManager`1.DeleteTableEntriesAsync(List`1 collection)&#xD;
[xUnit.net 00:00:03.43]         C:\Users\anna\orleans\src\Azure\Orleans.Clustering.AzureStorage\OrleansSiloInstanceManager.cs(197,0): at Orleans.AzureUtils.OrleansSiloInstanceManager.DeleteEntriesBatch(List`1 entriesList)&#xD;
[xUnit.net 00:00:03.43]         C:\Users\anna\orleans\src\Azure\Orleans.Clustering.AzureStorage\OrleansSiloInstanceManager.cs(177,0): at Orleans.AzureUtils.OrleansSiloInstanceManager.DeleteTableEntries(String clusterId)&#xD;
[xUnit.net 00:00:03.43]       Output:&#xD;
[xUnit.net 00:00:03.44]         ClusterId=test-d4286174-a0de-4f5e-a34f-eac9b5a00e23 Generation=33529871&#xD;
[xUnit.net 00:00:03.44]         Initializing SiloInstanceManager&#xD;
[xUnit.net 00:00:03.44]         MyEntry=OrleansSilo [ Deployment=test-d4286174-a0de-4f5e-a34f-eac9b5a00e23 LocalEndpoint=127.0.0.1 LocalPort=0 Generation=33529871 Host=127.0.0.1 Status= ProxyPort=30000 RoleName=MyRole SiloName=MyInstance UpgradeZone=0 FaultZone=0 StartTime=2023-01-24 01:51:11.719 GMT IAmAliveTime=]&#xD;
[xUnit.net 00:00:03.44]         TestCleanup Timeout=00:01:00&#xD;
[xUnit.net 00:00:03.47]   Finished:    Tester.AzureUtils&#xD;
</StdOut>
    </Output>
    <RunInfos>
      <RunInfo computerName="cloudtest-win10" outcome="Min" timestamp="2023-01-24T01:51:12.8815177+00:00">
        <Text>[xUnit.net 00:00:03.43]     Tester.AzureUtils.SiloInstanceTableManagerTests.SiloInstanceTable_Op_ActivateSiloInstance [FAIL]</Text>
      </RunInfo>
      <RunInfo computerName="cloudtest-win10" outcome="Warning" timestamp="2023-01-24T01:51:13.0417840+00:00">
        <Text>Data collector 'Blame' message: All tests finished running, Sequence file will not be generated.</Text>
      </RunInfo>
    </RunInfos>
  </ResultSummary>
</TestRun>