<?xml version="1.0" encoding="utf-8"?>
<TestRun id="ab8c6003-5936-4e70-817d-20987f712bc6" name="anna@cloudtest-win10 2023-01-24 01:51:22" runUser="cloudtest-win10\anna" xmlns="http://microsoft.com/schemas/VisualStudio/TeamTest/2010">
  <Times creation="2023-01-24T01:51:22.3887101+00:00" queuing="2023-01-24T01:51:22.3887111+00:00" start="2023-01-24T01:51:15.3451845+00:00" finish="2023-01-24T01:51:22.4246443+00:00" />
  <TestSettings name="default" id="e5299daa-e227-49d6-9503-052a48277210">
    <Deployment runDeploymentRoot="anna_cloudtest-win10_2023-01-24_01_51_22" />
  </TestSettings>
  <Results>
    <UnitTestResult executionId="474467b3-7ad2-40ca-ae98-9a1b58ff7039" testId="6368dda7-e78d-74ce-fb1e-4626f663705f" testName="Tester.AzureUtils.SiloInstanceTableManagerTests.SiloInstanceTable_Op_ActivateSiloInstance" computerName="cloudtest-win10" duration="00:00:02.0853447" startTime="2023-01-24T01:51:21.9886556+00:00" endTime="2023-01-24T01:51:21.9887380+00:00" testType="13cdc9d9-ddb5-4fa4-a97d-d965ccfc6d4b" outcome="Passed" testListId="8c84fa94-04c1-424b-9868-57a2d4851a1d" relativeResultsDirectory="474467b3-7ad2-40ca-ae98-9a1b58ff7039">
      <Output>
        <StdOut>ClusterId=test-4a11f466-d8fa-4410-8129-3e4572dfcd25 Generation=33529879&#xD;
Initializing SiloInstanceManager&#xD;
MyEntry=OrleansSilo [ Deployment=test-4a11f466-d8fa-4410-8129-3e4572dfcd25 LocalEndpoint=127.0.0.1 LocalPort=0 Generation=33529879 Host=127.0.0.1 Status= ProxyPort=30000 RoleName=MyRole SiloName=MyInstance UpgradeZone=0 FaultZone=0 StartTime=2023-01-24 01:51:20.625 GMT IAmAliveTime=]&#xD;
TestCleanup Timeout=00:01:00&#xD;
TestCleanup -  Finished</StdOut>
      </Output>
    </UnitTestResult>
  </Results>
  <TestDefinitions>
    <UnitTest name="Tester.AzureUtils.SiloInstanceTableManagerTests.SiloInstanceTable_Op_ActivateSiloInstance" storage="c:\users\anna\orleans\test\extensions\testerazureutils\bin\debug\net7.0\tester.azureutils.dll" id="6368dda7-e78d-74ce-fb1e-4626f663705f">
      <Execution id="474467b3-7ad2-40ca-ae98-9a1b58ff7039" />
      <TestMethod codeBase="C:\Users\anna\orleans\test\Extensions\TesterAzureUtils\bin\Debug\net7.0\Tester.AzureUtils.dll" adapterTypeName="executor://xunit/VsTestRunner2/netcoreapp" className="Tester.AzureUtils.SiloInstanceTableManagerTests" name="SiloInstanceTable_Op_ActivateSiloInstance" />
    </UnitTest>
  </TestDefinitions>
  <TestEntries>
    <TestEntry testId="6368dda7-e78d-74ce-fb1e-4626f663705f" executionId="474467b3-7ad2-40ca-ae98-9a1b58ff7039" testListId="8c84fa94-04c1-424b-9868-57a2d4851a1d" />
  </TestEntries>
  <TestLists>
    <TestList name="Results Not in a List" id="8c84fa94-04c1-424b-9868-57a2d4851a1d" />
    <TestList name="All Loaded Results" id="19431567-8539-422a-85d7-44ee4e166bda" />
  </TestLists>
  <ResultSummary outcome="Completed">
    <Counters total="1" executed="1" passed="1" failed="0" error="0" timeout="0" aborted="0" inconclusive="0" passedButRunAborted="0" notRunnable="0" notExecuted="0" disconnected="0" warning="0" completed="0" inProgress="0" pending="0" />
    <Output>
      <StdOut>[xUnit.net 00:00:00.00] xUnit.net VSTest Adapter v2.4.5+1caef2f33e (64-bit .NET 7.0.2)&#xD;
[xUnit.net 00:00:01.32]   Discovering: Tester.AzureUtils (method display = ClassAndMethod, method display options = None)&#xD;
[xUnit.net 00:00:01.53]   Discovered:  Tester.AzureUtils (found 246 test cases)&#xD;
[xUnit.net 00:00:01.55]   Starting:    Tester.AzureUtils (parallel test collections = off, max threads = 4)&#xD;
[xUnit.net 00:00:03.76]   Finished:    Tester.AzureUtils&#xD;
</StdOut>
    </Output>
    <RunInfos>
      <RunInfo computerName="cloudtest-win10" outcome="Warning" timestamp="2023-01-24T01:51:22.2282850+00:00">
        <Text>Data collector 'Blame' message: All tests finished running, Sequence file will not be generated.</Text>
      </RunInfo>
    </RunInfos>
  </ResultSummary>
</TestRun>