<?xml version="1.0" encoding="utf-8"?>
<TestRun id="e7db2c9a-2cba-4f50-88ee-2bbe720e663e" name="anna@cloudtest-win10 2023-01-25 00:22:11" runUser="cloudtest-win10\anna" xmlns="http://microsoft.com/schemas/VisualStudio/TeamTest/2010">
  <Times creation="2023-01-25T00:22:11.5688771+00:00" queuing="2023-01-25T00:22:11.5688781+00:00" start="2023-01-25T00:21:15.5028059+00:00" finish="2023-01-25T00:22:11.6079597+00:00" />
  <TestSettings name="default" id="a1885e2f-ca2d-4e05-8725-ee47b420519a">
    <Deployment runDeploymentRoot="anna_cloudtest-win10_2023-01-25_00_22_11" />
  </TestSettings>
  <Results>
    <UnitTestResult executionId="92587817-34c1-4554-bbbd-26d6b1c26517" testId="5110fc96-72c5-8053-68ed-43d36d525b9b" testName="Tester.AzureUtils.Streaming.AQStreamingTests.AQ_06_ManyDifferent_ManyProducerGrainManyConsumerClients" computerName="cloudtest-win10" duration="00:00:32.1277288" startTime="2023-01-25T00:22:11.2302800+00:00" endTime="2023-01-25T00:22:11.2303293+00:00" testType="13cdc9d9-ddb5-4fa4-a97d-d965ccfc6d4b" outcome="Failed" testListId="8c84fa94-04c1-424b-9868-57a2d4851a1d" relativeResultsDirectory="92587817-34c1-4554-bbbd-26d6b1c26517">
      <Output>
        <ErrorInfo>
          <Message>Assert.Equal() Failure&#xD;
Expected: 90&#xD;
Actual:   93</Message>
          <StackTrace>   at UnitTests.StreamingTests.SingleStreamTestRunner.CheckCounters(ProducerProxy producer, ConsumerProxy consumer, Boolean assertAreEqual) in C:\Users\anna\orleans\test\TesterInternal\StreamingTests\SingleStreamTestRunner.cs:line 479&#xD;
   at UnitTests.StreamingTests.SingleStreamTestRunner.BasicTestAsync(Boolean fullTest) in C:\Users\anna\orleans\test\TesterInternal\StreamingTests\SingleStreamTestRunner.cs:line 442&#xD;
   at UnitTests.StreamingTests.SingleStreamTestRunner.StreamTest_06_ManyDifferent_ManyProducerGrainManyConsumerClients() in C:\Users\anna\orleans\test\TesterInternal\StreamingTests\SingleStreamTestRunner.cs:line 132&#xD;
   at Tester.AzureUtils.Streaming.AQStreamingTests.AQ_06_ManyDifferent_ManyProducerGrainManyConsumerClients() in C:\Users\anna\orleans\test\Extensions\TesterAzureUtils\Streaming\AQStreamingTests.cs:line 127&#xD;
--- End of stack trace from previous location ---</StackTrace>
        </ErrorInfo>
      </Output>
    </UnitTestResult>
  </Results>
  <TestDefinitions>
    <UnitTest name="Tester.AzureUtils.Streaming.AQStreamingTests.AQ_06_ManyDifferent_ManyProducerGrainManyConsumerClients" storage="c:\users\anna\orleans\test\extensions\testerazureutils\bin\debug\net7.0\tester.azureutils.dll" id="5110fc96-72c5-8053-68ed-43d36d525b9b">
      <Execution id="92587817-34c1-4554-bbbd-26d6b1c26517" />
      <TestMethod codeBase="C:\Users\anna\orleans\test\Extensions\TesterAzureUtils\bin\Debug\net7.0\Tester.AzureUtils.dll" adapterTypeName="executor://xunit/VsTestRunner2/netcoreapp" className="Tester.AzureUtils.Streaming.AQStreamingTests" name="AQ_06_ManyDifferent_ManyProducerGrainManyConsumerClients" />
    </UnitTest>
  </TestDefinitions>
  <TestEntries>
    <TestEntry testId="5110fc96-72c5-8053-68ed-43d36d525b9b" executionId="92587817-34c1-4554-bbbd-26d6b1c26517" testListId="8c84fa94-04c1-424b-9868-57a2d4851a1d" />
  </TestEntries>
  <TestLists>
    <TestList name="Results Not in a List" id="8c84fa94-04c1-424b-9868-57a2d4851a1d" />
    <TestList name="All Loaded Results" id="19431567-8539-422a-85d7-44ee4e166bda" />
  </TestLists>
  <ResultSummary outcome="Failed">
    <Counters total="1" executed="1" passed="0" failed="1" error="0" timeout="0" aborted="0" inconclusive="0" passedButRunAborted="0" notRunnable="0" notExecuted="0" disconnected="0" warning="0" completed="0" inProgress="0" pending="0" />
    <Output>
      <StdOut>[xUnit.net 00:00:00.00] xUnit.net VSTest Adapter v2.4.5+1caef2f33e (64-bit .NET 7.0.2)&#xD;
[xUnit.net 00:00:01.24]   Discovering: Tester.AzureUtils (method display = ClassAndMethod, method display options = None)&#xD;
[xUnit.net 00:00:01.45]   Discovered:  Tester.AzureUtils (found 246 test cases)&#xD;
[xUnit.net 00:00:01.47]   Starting:    Tester.AzureUtils (parallel test collections = off, max threads = 4)&#xD;
[xUnit.net 00:00:52.80]       Assert.Equal() Failure&#xD;
[xUnit.net 00:00:52.80]       Expected: 90&#xD;
[xUnit.net 00:00:52.80]       Actual:   93&#xD;
[xUnit.net 00:00:52.80]       Stack Trace:&#xD;
[xUnit.net 00:00:52.80]         C:\Users\anna\orleans\test\TesterInternal\StreamingTests\SingleStreamTestRunner.cs(479,0): at UnitTests.StreamingTests.SingleStreamTestRunner.CheckCounters(ProducerProxy producer, ConsumerProxy consumer, Boolean assertAreEqual)&#xD;
[xUnit.net 00:00:52.80]         C:\Users\anna\orleans\test\TesterInternal\StreamingTests\SingleStreamTestRunner.cs(442,0): at UnitTests.StreamingTests.SingleStreamTestRunner.BasicTestAsync(Boolean fullTest)&#xD;
[xUnit.net 00:00:52.80]         C:\Users\anna\orleans\test\TesterInternal\StreamingTests\SingleStreamTestRunner.cs(132,0): at UnitTests.StreamingTests.SingleStreamTestRunner.StreamTest_06_ManyDifferent_ManyProducerGrainManyConsumerClients()&#xD;
[xUnit.net 00:00:52.80]         C:\Users\anna\orleans\test\Extensions\TesterAzureUtils\Streaming\AQStreamingTests.cs(127,0): at Tester.AzureUtils.Streaming.AQStreamingTests.AQ_06_ManyDifferent_ManyProducerGrainManyConsumerClients()&#xD;
[xUnit.net 00:00:52.80]         --- End of stack trace from previous location ---&#xD;
[xUnit.net 00:00:52.84]   Finished:    Tester.AzureUtils&#xD;
</StdOut>
    </Output>
    <RunInfos>
      <RunInfo computerName="cloudtest-win10" outcome="Min" timestamp="2023-01-25T00:22:11.2234452+00:00">
        <Text>[xUnit.net 00:00:52.80]     Tester.AzureUtils.Streaming.AQStreamingTests.AQ_06_ManyDifferent_ManyProducerGrainManyConsumerClients [FAIL]</Text>
      </RunInfo>
      <RunInfo computerName="cloudtest-win10" outcome="Warning" timestamp="2023-01-25T00:22:11.4228823+00:00">
        <Text>Data collector 'Blame' message: All tests finished running, Sequence file will not be generated.</Text>
      </RunInfo>
    </RunInfos>
  </ResultSummary>
</TestRun>