<?xml version="1.0" encoding="utf-8"?>
<TestRun id="99d9ccc0-215b-477d-8c49-003bb2cfd83e" name="anna@cloudtest-win10 2023-01-25 00:23:16" runUser="cloudtest-win10\anna" xmlns="http://microsoft.com/schemas/VisualStudio/TeamTest/2010">
  <Times creation="2023-01-25T00:23:16.1321047+00:00" queuing="2023-01-25T00:23:16.1321051+00:00" start="2023-01-25T00:22:46.0658791+00:00" finish="2023-01-25T00:23:16.1678877+00:00" />
  <TestSettings name="default" id="2ddacd95-5136-4a24-befb-3f4cd0a6ee91">
    <Deployment runDeploymentRoot="anna_cloudtest-win10_2023-01-25_00_23_16" />
  </TestSettings>
  <Results>
    <UnitTestResult executionId="40b9a215-c552-4b91-bcf3-79d78f8ca473" testId="5110fc96-72c5-8053-68ed-43d36d525b9b" testName="Tester.AzureUtils.Streaming.AQStreamingTests.AQ_06_ManyDifferent_ManyProducerGrainManyConsumerClients" computerName="cloudtest-win10" duration="00:00:06.5992083" startTime="2023-01-25T00:23:15.8028988+00:00" endTime="2023-01-25T00:23:15.8029524+00:00" testType="13cdc9d9-ddb5-4fa4-a97d-d965ccfc6d4b" outcome="Passed" testListId="8c84fa94-04c1-424b-9868-57a2d4851a1d" relativeResultsDirectory="40b9a215-c552-4b91-bcf3-79d78f8ca473" />
  </Results>
  <TestDefinitions>
    <UnitTest name="Tester.AzureUtils.Streaming.AQStreamingTests.AQ_06_ManyDifferent_ManyProducerGrainManyConsumerClients" storage="c:\users\anna\orleans\test\extensions\testerazureutils\bin\debug\net7.0\tester.azureutils.dll" id="5110fc96-72c5-8053-68ed-43d36d525b9b">
      <Execution id="40b9a215-c552-4b91-bcf3-79d78f8ca473" />
      <TestMethod codeBase="C:\Users\anna\orleans\test\Extensions\TesterAzureUtils\bin\Debug\net7.0\Tester.AzureUtils.dll" adapterTypeName="executor://xunit/VsTestRunner2/netcoreapp" className="Tester.AzureUtils.Streaming.AQStreamingTests" name="AQ_06_ManyDifferent_ManyProducerGrainManyConsumerClients" />
    </UnitTest>
  </TestDefinitions>
  <TestEntries>
    <TestEntry testId="5110fc96-72c5-8053-68ed-43d36d525b9b" executionId="40b9a215-c552-4b91-bcf3-79d78f8ca473" testListId="8c84fa94-04c1-424b-9868-57a2d4851a1d" />
  </TestEntries>
  <TestLists>
    <TestList name="Results Not in a List" id="8c84fa94-04c1-424b-9868-57a2d4851a1d" />
    <TestList name="All Loaded Results" id="19431567-8539-422a-85d7-44ee4e166bda" />
  </TestLists>
  <ResultSummary outcome="Completed">
    <Counters total="1" executed="1" passed="1" failed="0" error="0" timeout="0" aborted="0" inconclusive="0" passedButRunAborted="0" notRunnable="0" notExecuted="0" disconnected="0" warning="0" completed="0" inProgress="0" pending="0" />
    <Output>
      <StdOut>[xUnit.net 00:00:00.00] xUnit.net VSTest Adapter v2.4.5+1caef2f33e (64-bit .NET 7.0.2)&#xD;
[xUnit.net 00:00:01.26]   Discovering: Tester.AzureUtils (method display = ClassAndMethod, method display options = None)&#xD;
[xUnit.net 00:00:01.46]   Discovered:  Tester.AzureUtils (found 246 test cases)&#xD;
[xUnit.net 00:00:01.48]   Starting:    Tester.AzureUtils (parallel test collections = off, max threads = 4)&#xD;
[xUnit.net 00:00:26.84]   Finished:    Tester.AzureUtils&#xD;
</StdOut>
    </Output>
    <RunInfos>
      <RunInfo computerName="cloudtest-win10" outcome="Warning" timestamp="2023-01-25T00:23:15.9865638+00:00">
        <Text>Data collector 'Blame' message: All tests finished running, Sequence file will not be generated.</Text>
      </RunInfo>
    </RunInfos>
  </ResultSummary>
</TestRun>