<?xml version="1.0" encoding="utf-8"?>
<TestRun id="efc9eec9-fadb-4424-9e80-ea5dc7511b1c" name="anna@cloudtest-win10 2023-01-22 19:40:59" runUser="cloudtest-win10\anna" xmlns="http://microsoft.com/schemas/VisualStudio/TeamTest/2010">
  <Times creation="2023-01-22T19:41:00.0302351+00:00" queuing="2023-01-22T19:41:00.0302361+00:00" start="2023-01-22T19:40:53.8849910+00:00" finish="2023-01-22T19:41:00.1777357+00:00" />
  <TestSettings name="default" id="7fab6380-fcbd-406c-bbe2-fa5b45f3f263">
    <Deployment runDeploymentRoot="anna_cloudtest-win10_2023-01-22_19_40_59" />
  </TestSettings>
  <Results>
    <UnitTestResult executionId="8efe60b3-f9ac-4fc6-b326-bbd6659fb15a" testId="70490d52-ffd4-9caf-c9bb-f024ea7851e1" testName="Tester.AzureUtils.AzureQueueDataManagerTests.AQ_Standalone_2" computerName="cloudtest-win10" duration="00:00:01.4190050" startTime="2023-01-22T19:40:59.9206517+00:00" endTime="2023-01-22T19:40:59.9207006+00:00" testType="13cdc9d9-ddb5-4fa4-a97d-d965ccfc6d4b" outcome="Passed" testListId="8c84fa94-04c1-424b-9868-57a2d4851a1d" relativeResultsDirectory="8efe60b3-f9ac-4fc6-b326-bbd6659fb15a" />
  </Results>
  <TestDefinitions>
    <UnitTest name="Tester.AzureUtils.AzureQueueDataManagerTests.AQ_Standalone_2" storage="c:\users\anna\orleans\test\extensions\testerazureutils\bin\debug\net7.0\tester.azureutils.dll" id="70490d52-ffd4-9caf-c9bb-f024ea7851e1">
      <Execution id="8efe60b3-f9ac-4fc6-b326-bbd6659fb15a" />
      <TestMethod codeBase="C:\Users\anna\orleans\test\Extensions\TesterAzureUtils\bin\Debug\net7.0\Tester.AzureUtils.dll" adapterTypeName="executor://xunit/VsTestRunner2/netcoreapp" className="Tester.AzureUtils.AzureQueueDataManagerTests" name="AQ_Standalone_2" />
    </UnitTest>
  </TestDefinitions>
  <TestEntries>
    <TestEntry testId="70490d52-ffd4-9caf-c9bb-f024ea7851e1" executionId="8efe60b3-f9ac-4fc6-b326-bbd6659fb15a" testListId="8c84fa94-04c1-424b-9868-57a2d4851a1d" />
  </TestEntries>
  <TestLists>
    <TestList name="Results Not in a List" id="8c84fa94-04c1-424b-9868-57a2d4851a1d" />
    <TestList name="All Loaded Results" id="19431567-8539-422a-85d7-44ee4e166bda" />
  </TestLists>
  <ResultSummary outcome="Completed">
    <Counters total="1" executed="1" passed="1" failed="0" error="0" timeout="0" aborted="0" inconclusive="0" passedButRunAborted="0" notRunnable="0" notExecuted="0" disconnected="0" warning="0" completed="0" inProgress="0" pending="0" />
    <Output>
      <StdOut>[xUnit.net 00:00:00.00] xUnit.net VSTest Adapter v2.4.5+1caef2f33e (64-bit .NET 7.0.2)&#xD;
[xUnit.net 00:00:01.26]   Discovering: Tester.AzureUtils (method display = ClassAndMethod, method display options = None)&#xD;
[xUnit.net 00:00:01.48]   Discovered:  Tester.AzureUtils (found 246 test cases)&#xD;
[xUnit.net 00:00:01.49]   Starting:    Tester.AzureUtils (parallel test collections = off, max threads = 4)&#xD;
[xUnit.net 00:00:03.11]   Finished:    Tester.AzureUtils&#xD;
</StdOut>
    </Output>
    <RunInfos>
      <RunInfo computerName="cloudtest-win10" outcome="Warning" timestamp="2023-01-22T19:41:00.0860213+00:00">
        <Text>Data collector 'Blame' message: All tests finished running, Sequence file will not be generated.</Text>
      </RunInfo>
    </RunInfos>
  </ResultSummary>
</TestRun>