<?xml version="1.0" encoding="utf-8"?>
<TestRun id="07591169-61ea-4bce-9d42-55d662508899" name="anna@cloudtest-win10 2023-01-22 19:50:22" runUser="cloudtest-win10\anna" xmlns="http://microsoft.com/schemas/VisualStudio/TeamTest/2010">
  <Times creation="2023-01-22T19:50:22.7300596+00:00" queuing="2023-01-22T19:50:22.7300601+00:00" start="2023-01-22T19:49:44.4606339+00:00" finish="2023-01-22T19:50:22.7673680+00:00" />
  <TestSettings name="default" id="3f9efb68-8351-4534-b0ac-f494271e6fc1">
    <Deployment runDeploymentRoot="anna_cloudtest-win10_2023-01-22_19_50_22" />
  </TestSettings>
  <Results>
    <UnitTestResult executionId="8fdf5a5e-3447-4225-9ac2-c62399ab91c7" testId="b8585ed4-c43f-c998-ca87-19216a098e70" testName="Tester.AzureUtils.AzureTableDataManagerStressTests.AzureTableDataManagerStressTests_WriteAlot_MultiPartition" computerName="cloudtest-win10" duration="00:00:33.3928235" startTime="2023-01-22T19:50:22.4221237+00:00" endTime="2023-01-22T19:50:22.4221690+00:00" testType="13cdc9d9-ddb5-4fa4-a97d-d965ccfc6d4b" outcome="Passed" testListId="8c84fa94-04c1-424b-9868-57a2d4851a1d" relativeResultsDirectory="8fdf5a5e-3447-4225-9ac2-c62399ab91c7">
      <Output>
        <StdOut>Iterations=2000, Batch=1000, Partitions=100&#xD;
AzureTableDataManagerStressTests_WriteAlot_MultiPartition has written 1000 rows in 00:00:17.0556363 at 58.63164390629247 RPS&#xD;
AzureTableDataManagerStressTests_WriteAlot_MultiPartition completed. Wrote 2000 entries to 100 partition(s) in 00:00:32.8684043 at 60.8487099569966 RPS</StdOut>
      </Output>
    </UnitTestResult>
  </Results>
  <TestDefinitions>
    <UnitTest name="Tester.AzureUtils.AzureTableDataManagerStressTests.AzureTableDataManagerStressTests_WriteAlot_MultiPartition" storage="c:\users\anna\orleans\test\extensions\testerazureutils\bin\debug\net7.0\tester.azureutils.dll" id="b8585ed4-c43f-c998-ca87-19216a098e70">
      <Execution id="8fdf5a5e-3447-4225-9ac2-c62399ab91c7" />
      <TestMethod codeBase="C:\Users\anna\orleans\test\Extensions\TesterAzureUtils\bin\Debug\net7.0\Tester.AzureUtils.dll" adapterTypeName="executor://xunit/VsTestRunner2/netcoreapp" className="Tester.AzureUtils.AzureTableDataManagerStressTests" name="AzureTableDataManagerStressTests_WriteAlot_MultiPartition" />
    </UnitTest>
  </TestDefinitions>
  <TestEntries>
    <TestEntry testId="b8585ed4-c43f-c998-ca87-19216a098e70" executionId="8fdf5a5e-3447-4225-9ac2-c62399ab91c7" testListId="8c84fa94-04c1-424b-9868-57a2d4851a1d" />
  </TestEntries>
  <TestLists>
    <TestList name="Results Not in a List" id="8c84fa94-04c1-424b-9868-57a2d4851a1d" />
    <TestList name="All Loaded Results" id="19431567-8539-422a-85d7-44ee4e166bda" />
  </TestLists>
  <ResultSummary outcome="Completed">
    <Counters total="1" executed="1" passed="1" failed="0" error="0" timeout="0" aborted="0" inconclusive="0" passedButRunAborted="0" notRunnable="0" notExecuted="0" disconnected="0" warning="0" completed="0" inProgress="0" pending="0" />
    <Output>
      <StdOut>[xUnit.net 00:00:00.00] xUnit.net VSTest Adapter v2.4.5+1caef2f33e (64-bit .NET 7.0.2)&#xD;
[xUnit.net 00:00:01.29]   Discovering: Tester.AzureUtils (method display = ClassAndMethod, method display options = None)&#xD;
[xUnit.net 00:00:01.50]   Discovered:  Tester.AzureUtils (found 246 test cases)&#xD;
[xUnit.net 00:00:01.52]   Starting:    Tester.AzureUtils (parallel test collections = off, max threads = 4)&#xD;
[xUnit.net 00:00:35.02]   Finished:    Tester.AzureUtils&#xD;
</StdOut>
    </Output>
    <RunInfos>
      <RunInfo computerName="cloudtest-win10" outcome="Warning" timestamp="2023-01-22T19:50:22.5833766+00:00">
        <Text>Data collector 'Blame' message: All tests finished running, Sequence file will not be generated.</Text>
      </RunInfo>
    </RunInfos>
  </ResultSummary>
</TestRun>