<?xml version="1.0" encoding="utf-8"?>
<TestRun id="3a54ebb6-92a1-49fd-b4b0-6f1f10297c18" name="anna@cloudtest-win10 2023-01-22 19:51:02" runUser="cloudtest-win10\anna" xmlns="http://microsoft.com/schemas/VisualStudio/TeamTest/2010">
  <Times creation="2023-01-22T19:51:02.6767961+00:00" queuing="2023-01-22T19:51:02.6767966+00:00" start="2023-01-22T19:50:25.2080523+00:00" finish="2023-01-22T19:51:02.7127193+00:00" />
  <TestSettings name="default" id="b15bfb7c-aa31-41c5-914b-8cd19a1a0695">
    <Deployment runDeploymentRoot="anna_cloudtest-win10_2023-01-22_19_51_02" />
  </TestSettings>
  <Results>
    <UnitTestResult executionId="e626a8f6-9d24-4c8d-b75e-1dd7e02e0924" testId="b8585ed4-c43f-c998-ca87-19216a098e70" testName="Tester.AzureUtils.AzureTableDataManagerStressTests.AzureTableDataManagerStressTests_WriteAlot_MultiPartition" computerName="cloudtest-win10" duration="00:00:32.5969977" startTime="2023-01-22T19:51:02.3569506+00:00" endTime="2023-01-22T19:51:02.3570518+00:00" testType="13cdc9d9-ddb5-4fa4-a97d-d965ccfc6d4b" outcome="Passed" testListId="8c84fa94-04c1-424b-9868-57a2d4851a1d" relativeResultsDirectory="e626a8f6-9d24-4c8d-b75e-1dd7e02e0924">
      <Output>
        <StdOut>Iterations=2000, Batch=1000, Partitions=100&#xD;
AzureTableDataManagerStressTests_WriteAlot_MultiPartition has written 1000 rows in 00:00:15.6803834 at 63.77394961323555 RPS&#xD;
AzureTableDataManagerStressTests_WriteAlot_MultiPartition completed. Wrote 2000 entries to 100 partition(s) in 00:00:31.4021824 at 63.68984086914927 RPS</StdOut>
      </Output>
    </UnitTestResult>
  </Results>
  <TestDefinitions>
    <UnitTest name="Tester.AzureUtils.AzureTableDataManagerStressTests.AzureTableDataManagerStressTests_WriteAlot_MultiPartition" storage="c:\users\anna\orleans\test\extensions\testerazureutils\bin\debug\net7.0\tester.azureutils.dll" id="b8585ed4-c43f-c998-ca87-19216a098e70">
      <Execution id="e626a8f6-9d24-4c8d-b75e-1dd7e02e0924" />
      <TestMethod codeBase="C:\Users\anna\orleans\test\Extensions\TesterAzureUtils\bin\Debug\net7.0\Tester.AzureUtils.dll" adapterTypeName="executor://xunit/VsTestRunner2/netcoreapp" className="Tester.AzureUtils.AzureTableDataManagerStressTests" name="AzureTableDataManagerStressTests_WriteAlot_MultiPartition" />
    </UnitTest>
  </TestDefinitions>
  <TestEntries>
    <TestEntry testId="b8585ed4-c43f-c998-ca87-19216a098e70" executionId="e626a8f6-9d24-4c8d-b75e-1dd7e02e0924" testListId="8c84fa94-04c1-424b-9868-57a2d4851a1d" />
  </TestEntries>
  <TestLists>
    <TestList name="Results Not in a List" id="8c84fa94-04c1-424b-9868-57a2d4851a1d" />
    <TestList name="All Loaded Results" id="19431567-8539-422a-85d7-44ee4e166bda" />
  </TestLists>
  <ResultSummary outcome="Completed">
    <Counters total="1" executed="1" passed="1" failed="0" error="0" timeout="0" aborted="0" inconclusive="0" passedButRunAborted="0" notRunnable="0" notExecuted="0" disconnected="0" warning="0" completed="0" inProgress="0" pending="0" />
    <Output>
      <StdOut>[xUnit.net 00:00:00.00] xUnit.net VSTest Adapter v2.4.5+1caef2f33e (64-bit .NET 7.0.2)&#xD;
[xUnit.net 00:00:01.28]   Discovering: Tester.AzureUtils (method display = ClassAndMethod, method display options = None)&#xD;
[xUnit.net 00:00:01.49]   Discovered:  Tester.AzureUtils (found 246 test cases)&#xD;
[xUnit.net 00:00:01.50]   Starting:    Tester.AzureUtils (parallel test collections = off, max threads = 4)&#xD;
[xUnit.net 00:00:34.21]   Finished:    Tester.AzureUtils&#xD;
</StdOut>
    </Output>
    <RunInfos>
      <RunInfo computerName="cloudtest-win10" outcome="Warning" timestamp="2023-01-22T19:51:02.5281771+00:00">
        <Text>Data collector 'Blame' message: All tests finished running, Sequence file will not be generated.</Text>
      </RunInfo>
    </RunInfos>
  </ResultSummary>
</TestRun>