<?xml version="1.0" encoding="utf-8"?>
<TestRun id="f10921a1-af9d-46fb-89a6-15a0b26decd4" name="anna@cloudtest-win10 2023-01-23 16:00:11" runUser="cloudtest-win10\anna" xmlns="http://microsoft.com/schemas/VisualStudio/TeamTest/2010">
  <Times creation="2023-01-23T16:00:11.6118061+00:00" queuing="2023-01-23T16:00:11.6118068+00:00" start="2023-01-23T15:59:20.7181615+00:00" finish="2023-01-23T16:00:11.6486692+00:00" />
  <TestSettings name="default" id="e551cb3e-2a16-4003-95cc-e8ec22e5bb99">
    <Deployment runDeploymentRoot="anna_cloudtest-win10_2023-01-23_16_00_11" />
  </TestSettings>
  <Results>
    <UnitTestResult executionId="2f7b6283-6acb-46b6-a99c-aa778e5813d4" testId="bd3e8755-c61e-bf2b-1d1c-75d5a2c695ce" testName="Tester.AzureUtils.LivenessTests_AzureTable.Liveness_Azure_4_Restart_Silo_1" computerName="cloudtest-win10" duration="00:00:18.8566043" startTime="2023-01-23T16:00:11.2823613+00:00" endTime="2023-01-23T16:00:11.2824080+00:00" testType="13cdc9d9-ddb5-4fa4-a97d-d965ccfc6d4b" outcome="Passed" testListId="8c84fa94-04c1-424b-9868-57a2d4851a1d" relativeResultsDirectory="2f7b6283-6acb-46b6-a99c-aa778e5813d4" />
  </Results>
  <TestDefinitions>
    <UnitTest name="Tester.AzureUtils.LivenessTests_AzureTable.Liveness_Azure_4_Restart_Silo_1" storage="c:\users\anna\orleans\test\extensions\testerazureutils\bin\debug\net7.0\tester.azureutils.dll" id="bd3e8755-c61e-bf2b-1d1c-75d5a2c695ce">
      <Execution id="2f7b6283-6acb-46b6-a99c-aa778e5813d4" />
      <TestMethod codeBase="C:\Users\anna\orleans\test\Extensions\TesterAzureUtils\bin\Debug\net7.0\Tester.AzureUtils.dll" adapterTypeName="executor://xunit/VsTestRunner2/netcoreapp" className="Tester.AzureUtils.LivenessTests_AzureTable" name="Liveness_Azure_4_Restart_Silo_1" />
    </UnitTest>
  </TestDefinitions>
  <TestEntries>
    <TestEntry testId="bd3e8755-c61e-bf2b-1d1c-75d5a2c695ce" executionId="2f7b6283-6acb-46b6-a99c-aa778e5813d4" testListId="8c84fa94-04c1-424b-9868-57a2d4851a1d" />
  </TestEntries>
  <TestLists>
    <TestList name="Results Not in a List" id="8c84fa94-04c1-424b-9868-57a2d4851a1d" />
    <TestList name="All Loaded Results" id="19431567-8539-422a-85d7-44ee4e166bda" />
  </TestLists>
  <ResultSummary outcome="Completed">
    <Counters total="1" executed="1" passed="1" failed="0" error="0" timeout="0" aborted="0" inconclusive="0" passedButRunAborted="0" notRunnable="0" notExecuted="0" disconnected="0" warning="0" completed="0" inProgress="0" pending="0" />
    <Output>
      <StdOut>[xUnit.net 00:00:00.00] xUnit.net VSTest Adapter v2.4.5+1caef2f33e (64-bit .NET 7.0.2)&#xD;
[xUnit.net 00:00:01.24]   Discovering: Tester.AzureUtils (method display = ClassAndMethod, method display options = None)&#xD;
[xUnit.net 00:00:01.45]   Discovered:  Tester.AzureUtils (found 246 test cases)&#xD;
[xUnit.net 00:00:01.46]   Starting:    Tester.AzureUtils (parallel test collections = off, max threads = 4)&#xD;
[xUnit.net 00:00:47.70]   Finished:    Tester.AzureUtils&#xD;
</StdOut>
    </Output>
    <RunInfos>
      <RunInfo computerName="cloudtest-win10" outcome="Warning" timestamp="2023-01-23T16:00:11.4704510+00:00">
        <Text>Data collector 'Blame' message: All tests finished running, Sequence file will not be generated.</Text>
      </RunInfo>
    </RunInfos>
  </ResultSummary>
</TestRun>