<?xml version="1.0" encoding="utf-8"?>
<TestRun id="26c41e79-50d7-4641-af50-e42b82a8fef7" name="anna@cloudtest-win10 2023-01-23 15:57:32" runUser="cloudtest-win10\anna" xmlns="http://microsoft.com/schemas/VisualStudio/TeamTest/2010">
  <Times creation="2023-01-23T15:57:32.8716201+00:00" queuing="2023-01-23T15:57:32.8716205+00:00" start="2023-01-23T15:56:43.0013073+00:00" finish="2023-01-23T15:57:32.9067470+00:00" />
  <TestSettings name="default" id="8297785c-5c56-4933-bc1b-4cf806121862">
    <Deployment runDeploymentRoot="anna_cloudtest-win10_2023-01-23_15_57_32" />
  </TestSettings>
  <Results>
    <UnitTestResult executionId="176ff8ce-6a0e-49b6-8fd7-81ab72eba25d" testId="bd3e8755-c61e-bf2b-1d1c-75d5a2c695ce" testName="Tester.AzureUtils.LivenessTests_AzureTable.Liveness_Azure_4_Restart_Silo_1" computerName="cloudtest-win10" duration="00:00:18.9902996" startTime="2023-01-23T15:57:32.5439936+00:00" endTime="2023-01-23T15:57:32.5440502+00:00" testType="13cdc9d9-ddb5-4fa4-a97d-d965ccfc6d4b" outcome="Passed" testListId="8c84fa94-04c1-424b-9868-57a2d4851a1d" relativeResultsDirectory="176ff8ce-6a0e-49b6-8fd7-81ab72eba25d" />
  </Results>
  <TestDefinitions>
    <UnitTest name="Tester.AzureUtils.LivenessTests_AzureTable.Liveness_Azure_4_Restart_Silo_1" storage="c:\users\anna\orleans\test\extensions\testerazureutils\bin\debug\net7.0\tester.azureutils.dll" id="bd3e8755-c61e-bf2b-1d1c-75d5a2c695ce">
      <Execution id="176ff8ce-6a0e-49b6-8fd7-81ab72eba25d" />
      <TestMethod codeBase="C:\Users\anna\orleans\test\Extensions\TesterAzureUtils\bin\Debug\net7.0\Tester.AzureUtils.dll" adapterTypeName="executor://xunit/VsTestRunner2/netcoreapp" className="Tester.AzureUtils.LivenessTests_AzureTable" name="Liveness_Azure_4_Restart_Silo_1" />
    </UnitTest>
  </TestDefinitions>
  <TestEntries>
    <TestEntry testId="bd3e8755-c61e-bf2b-1d1c-75d5a2c695ce" executionId="176ff8ce-6a0e-49b6-8fd7-81ab72eba25d" testListId="8c84fa94-04c1-424b-9868-57a2d4851a1d" />
  </TestEntries>
  <TestLists>
    <TestList name="Results Not in a List" id="8c84fa94-04c1-424b-9868-57a2d4851a1d" />
    <TestList name="All Loaded Results" id="19431567-8539-422a-85d7-44ee4e166bda" />
  </TestLists>
  <ResultSummary outcome="Completed">
    <Counters total="1" executed="1" passed="1" failed="0" error="0" timeout="0" aborted="0" inconclusive="0" passedButRunAborted="0" notRunnable="0" notExecuted="0" disconnected="0" warning="0" completed="0" inProgress="0" pending="0" />
    <Output>
      <StdOut>[xUnit.net 00:00:00.00] xUnit.net VSTest Adapter v2.4.5+1caef2f33e (64-bit .NET 7.0.2)&#xD;
[xUnit.net 00:00:01.26]   Discovering: Tester.AzureUtils (method display = ClassAndMethod, method display options = None)&#xD;
[xUnit.net 00:00:01.46]   Discovered:  Tester.AzureUtils (found 246 test cases)&#xD;
[xUnit.net 00:00:01.48]   Starting:    Tester.AzureUtils (parallel test collections = off, max threads = 4)&#xD;
[xUnit.net 00:00:46.65]   Finished:    Tester.AzureUtils&#xD;
</StdOut>
    </Output>
    <RunInfos>
      <RunInfo computerName="cloudtest-win10" outcome="Warning" timestamp="2023-01-23T15:57:32.7267813+00:00">
        <Text>Data collector 'Blame' message: All tests finished running, Sequence file will not be generated.</Text>
      </RunInfo>
    </RunInfos>
  </ResultSummary>
</TestRun>