<?xml version="1.0" encoding="utf-8"?>
<TestRun id="21e13225-9fa3-4395-8337-229a5d817e88" name="anna@cloudtest-win10 2023-01-24 21:24:13" runUser="cloudtest-win10\anna" xmlns="http://microsoft.com/schemas/VisualStudio/TeamTest/2010">
  <Times creation="2023-01-24T21:24:13.3392876+00:00" queuing="2023-01-24T21:24:13.3392885+00:00" start="2023-01-24T21:23:42.2535924+00:00" finish="2023-01-24T21:24:13.3754829+00:00" />
  <TestSettings name="default" id="0947a787-b625-405e-8441-d2e077138521">
    <Deployment runDeploymentRoot="anna_cloudtest-win10_2023-01-24_21_24_13" />
  </TestSettings>
  <Results>
    <UnitTestResult executionId="83cb8b4f-4c81-4b01-9f28-2c4a990afce9" testId="3cd29323-c52b-081b-cc00-5a1274a16516" testName="Tester.AzureUtils.Streaming.AQStreamingTests.AQ_04_OneProducerClientOneConsumerClient" computerName="cloudtest-win10" duration="00:00:07.4826163" startTime="2023-01-24T21:24:13.0345618+00:00" endTime="2023-01-24T21:24:13.0346078+00:00" testType="13cdc9d9-ddb5-4fa4-a97d-d965ccfc6d4b" outcome="Passed" testListId="8c84fa94-04c1-424b-9868-57a2d4851a1d" relativeResultsDirectory="83cb8b4f-4c81-4b01-9f28-2c4a990afce9" />
  </Results>
  <TestDefinitions>
    <UnitTest name="Tester.AzureUtils.Streaming.AQStreamingTests.AQ_04_OneProducerClientOneConsumerClient" storage="c:\users\anna\orleans\test\extensions\testerazureutils\bin\debug\net7.0\tester.azureutils.dll" id="3cd29323-c52b-081b-cc00-5a1274a16516">
      <Execution id="83cb8b4f-4c81-4b01-9f28-2c4a990afce9" />
      <TestMethod codeBase="C:\Users\anna\orleans\test\Extensions\TesterAzureUtils\bin\Debug\net7.0\Tester.AzureUtils.dll" adapterTypeName="executor://xunit/VsTestRunner2/netcoreapp" className="Tester.AzureUtils.Streaming.AQStreamingTests" name="AQ_04_OneProducerClientOneConsumerClient" />
    </UnitTest>
  </TestDefinitions>
  <TestEntries>
    <TestEntry testId="3cd29323-c52b-081b-cc00-5a1274a16516" executionId="83cb8b4f-4c81-4b01-9f28-2c4a990afce9" testListId="8c84fa94-04c1-424b-9868-57a2d4851a1d" />
  </TestEntries>
  <TestLists>
    <TestList name="Results Not in a List" id="8c84fa94-04c1-424b-9868-57a2d4851a1d" />
    <TestList name="All Loaded Results" id="19431567-8539-422a-85d7-44ee4e166bda" />
  </TestLists>
  <ResultSummary outcome="Completed">
    <Counters total="1" executed="1" passed="1" failed="0" error="0" timeout="0" aborted="0" inconclusive="0" passedButRunAborted="0" notRunnable="0" notExecuted="0" disconnected="0" warning="0" completed="0" inProgress="0" pending="0" />
    <Output>
      <StdOut>[xUnit.net 00:00:00.00] xUnit.net VSTest Adapter v2.4.5+1caef2f33e (64-bit .NET 7.0.2)&#xD;
[xUnit.net 00:00:01.26]   Discovering: Tester.AzureUtils (method display = ClassAndMethod, method display options = None)&#xD;
[xUnit.net 00:00:01.50]   Discovered:  Tester.AzureUtils (found 246 test cases)&#xD;
[xUnit.net 00:00:01.51]   Starting:    Tester.AzureUtils (parallel test collections = off, max threads = 4)&#xD;
[xUnit.net 00:00:27.92]   Finished:    Tester.AzureUtils&#xD;
</StdOut>
    </Output>
    <RunInfos>
      <RunInfo computerName="cloudtest-win10" outcome="Warning" timestamp="2023-01-24T21:24:13.1975981+00:00">
        <Text>Data collector 'Blame' message: All tests finished running, Sequence file will not be generated.</Text>
      </RunInfo>
    </RunInfos>
  </ResultSummary>
</TestRun>