<?xml version="1.0" encoding="utf-8"?>
<TestRun id="f48171a4-d7bf-484b-b460-9319720e3091" name="anna@cloudtest-win10 2023-01-22 19:49:42" runUser="cloudtest-win10\anna" xmlns="http://microsoft.com/schemas/VisualStudio/TeamTest/2010">
  <Times creation="2023-01-22T19:49:42.1290162+00:00" queuing="2023-01-22T19:49:42.1290169+00:00" start="2023-01-22T19:49:14.3736602+00:00" finish="2023-01-22T19:49:42.1665052+00:00" />
  <TestSettings name="default" id="68322730-043c-4cd7-b1dd-bb98c7944454">
    <Deployment runDeploymentRoot="anna_cloudtest-win10_2023-01-22_19_49_42" />
  </TestSettings>
  <Results>
    <UnitTestResult executionId="128b388e-8e9f-4ed9-a180-2d6893665a4c" testId="d7889b29-ef4a-5bbb-ecee-9e1f3b295838" testName="Tester.AzureUtils.AzureTableDataManagerStressTests.AzureTableDataManagerStressTests_ReadAll_SinglePartition" computerName="cloudtest-win10" duration="00:00:22.8382838" startTime="2023-01-22T19:49:41.8109771+00:00" endTime="2023-01-22T19:49:41.8110300+00:00" testType="13cdc9d9-ddb5-4fa4-a97d-d965ccfc6d4b" outcome="Passed" testListId="8c84fa94-04c1-424b-9868-57a2d4851a1d" relativeResultsDirectory="128b388e-8e9f-4ed9-a180-2d6893665a4c">
      <Output>
        <StdOut>Iterations=1000, Batch=1000, Partitions=1&#xD;
AzureTableDataManagerStressTests_ReadAll completed. Wrote 1000 entries to 1 partition(s) in 00:00:16.3201889 at 61.273800574698 RPS&#xD;
AzureTable_ReadAll completed. ReadAll 1000 entries in 00:00:05.2033138 at 192.1852185812818 RPS</StdOut>
      </Output>
    </UnitTestResult>
  </Results>
  <TestDefinitions>
    <UnitTest name="Tester.AzureUtils.AzureTableDataManagerStressTests.AzureTableDataManagerStressTests_ReadAll_SinglePartition" storage="c:\users\anna\orleans\test\extensions\testerazureutils\bin\debug\net7.0\tester.azureutils.dll" id="d7889b29-ef4a-5bbb-ecee-9e1f3b295838">
      <Execution id="128b388e-8e9f-4ed9-a180-2d6893665a4c" />
      <TestMethod codeBase="C:\Users\anna\orleans\test\Extensions\TesterAzureUtils\bin\Debug\net7.0\Tester.AzureUtils.dll" adapterTypeName="executor://xunit/VsTestRunner2/netcoreapp" className="Tester.AzureUtils.AzureTableDataManagerStressTests" name="AzureTableDataManagerStressTests_ReadAll_SinglePartition" />
    </UnitTest>
  </TestDefinitions>
  <TestEntries>
    <TestEntry testId="d7889b29-ef4a-5bbb-ecee-9e1f3b295838" executionId="128b388e-8e9f-4ed9-a180-2d6893665a4c" testListId="8c84fa94-04c1-424b-9868-57a2d4851a1d" />
  </TestEntries>
  <TestLists>
    <TestList name="Results Not in a List" id="8c84fa94-04c1-424b-9868-57a2d4851a1d" />
    <TestList name="All Loaded Results" id="19431567-8539-422a-85d7-44ee4e166bda" />
  </TestLists>
  <ResultSummary outcome="Completed">
    <Counters total="1" executed="1" passed="1" failed="0" error="0" timeout="0" aborted="0" inconclusive="0" passedButRunAborted="0" notRunnable="0" notExecuted="0" disconnected="0" warning="0" completed="0" inProgress="0" pending="0" />
    <Output>
      <StdOut>[xUnit.net 00:00:00.00] xUnit.net VSTest Adapter v2.4.5+1caef2f33e (64-bit .NET 7.0.2)&#xD;
[xUnit.net 00:00:01.29]   Discovering: Tester.AzureUtils (method display = ClassAndMethod, method display options = None)&#xD;
[xUnit.net 00:00:01.51]   Discovered:  Tester.AzureUtils (found 246 test cases)&#xD;
[xUnit.net 00:00:01.52]   Starting:    Tester.AzureUtils (parallel test collections = off, max threads = 4)&#xD;
[xUnit.net 00:00:24.47]   Finished:    Tester.AzureUtils&#xD;
</StdOut>
    </Output>
    <RunInfos>
      <RunInfo computerName="cloudtest-win10" outcome="Warning" timestamp="2023-01-22T19:49:41.9774771+00:00">
        <Text>Data collector 'Blame' message: All tests finished running, Sequence file will not be generated.</Text>
      </RunInfo>
    </RunInfos>
  </ResultSummary>
</TestRun>