<?xml version="1.0" encoding="utf-8"?>
<TestRun id="bab42314-eac5-475b-ac02-02dbd246c41f" name="anna@cloudtest-win10 2023-01-24 01:54:38" runUser="cloudtest-win10\anna" xmlns="http://microsoft.com/schemas/VisualStudio/TeamTest/2010">
  <Times creation="2023-01-24T01:54:38.2718191+00:00" queuing="2023-01-24T01:54:38.2718196+00:00" start="2023-01-24T01:54:31.4506083+00:00" finish="2023-01-24T01:54:38.3075557+00:00" />
  <TestSettings name="default" id="960d532a-f033-4a9d-ae86-7ed0a4b7acb2">
    <Deployment runDeploymentRoot="anna_cloudtest-win10_2023-01-24_01_54_38" />
  </TestSettings>
  <Results>
    <UnitTestResult executionId="2483f5fd-025a-4a8f-a24b-a7163dfd2553" testId="6027bfe0-b63c-1dea-6056-192796d084f9" testName="Tester.AzureUtils.SiloInstanceTableManagerTests.SiloInstanceTable_Op_UnregisterSiloInstance" computerName="cloudtest-win10" duration="00:00:01.9840174" startTime="2023-01-24T01:54:37.9619811+00:00" endTime="2023-01-24T01:54:37.9621113+00:00" testType="13cdc9d9-ddb5-4fa4-a97d-d965ccfc6d4b" outcome="Passed" testListId="8c84fa94-04c1-424b-9868-57a2d4851a1d" relativeResultsDirectory="2483f5fd-025a-4a8f-a24b-a7163dfd2553">
      <Output>
        <StdOut>ClusterId=test-57ec21bb-7b49-4e70-a83d-f3a76cd19dfc Generation=33530075&#xD;
Initializing SiloInstanceManager&#xD;
MyEntry=OrleansSilo [ Deployment=test-57ec21bb-7b49-4e70-a83d-f3a76cd19dfc LocalEndpoint=127.0.0.1 LocalPort=0 Generation=33530075 Host=127.0.0.1 Status= ProxyPort=30000 RoleName=MyRole SiloName=MyInstance UpgradeZone=0 FaultZone=0 StartTime=2023-01-24 01:54:36.730 GMT IAmAliveTime=]&#xD;
TestCleanup Timeout=00:01:00&#xD;
TestCleanup -  Finished</StdOut>
      </Output>
    </UnitTestResult>
  </Results>
  <TestDefinitions>
    <UnitTest name="Tester.AzureUtils.SiloInstanceTableManagerTests.SiloInstanceTable_Op_UnregisterSiloInstance" storage="c:\users\anna\orleans\test\extensions\testerazureutils\bin\debug\net7.0\tester.azureutils.dll" id="6027bfe0-b63c-1dea-6056-192796d084f9">
      <Execution id="2483f5fd-025a-4a8f-a24b-a7163dfd2553" />
      <TestMethod codeBase="C:\Users\anna\orleans\test\Extensions\TesterAzureUtils\bin\Debug\net7.0\Tester.AzureUtils.dll" adapterTypeName="executor://xunit/VsTestRunner2/netcoreapp" className="Tester.AzureUtils.SiloInstanceTableManagerTests" name="SiloInstanceTable_Op_UnregisterSiloInstance" />
    </UnitTest>
  </TestDefinitions>
  <TestEntries>
    <TestEntry testId="6027bfe0-b63c-1dea-6056-192796d084f9" executionId="2483f5fd-025a-4a8f-a24b-a7163dfd2553" testListId="8c84fa94-04c1-424b-9868-57a2d4851a1d" />
  </TestEntries>
  <TestLists>
    <TestList name="Results Not in a List" id="8c84fa94-04c1-424b-9868-57a2d4851a1d" />
    <TestList name="All Loaded Results" id="19431567-8539-422a-85d7-44ee4e166bda" />
  </TestLists>
  <ResultSummary outcome="Completed">
    <Counters total="1" executed="1" passed="1" failed="0" error="0" timeout="0" aborted="0" inconclusive="0" passedButRunAborted="0" notRunnable="0" notExecuted="0" disconnected="0" warning="0" completed="0" inProgress="0" pending="0" />
    <Output>
      <StdOut>[xUnit.net 00:00:00.00] xUnit.net VSTest Adapter v2.4.5+1caef2f33e (64-bit .NET 7.0.2)&#xD;
[xUnit.net 00:00:01.26]   Discovering: Tester.AzureUtils (method display = ClassAndMethod, method display options = None)&#xD;
[xUnit.net 00:00:01.47]   Discovered:  Tester.AzureUtils (found 246 test cases)&#xD;
[xUnit.net 00:00:01.49]   Starting:    Tester.AzureUtils (parallel test collections = off, max threads = 4)&#xD;
[xUnit.net 00:00:03.59]   Finished:    Tester.AzureUtils&#xD;
</StdOut>
    </Output>
    <RunInfos>
      <RunInfo computerName="cloudtest-win10" outcome="Warning" timestamp="2023-01-24T01:54:38.1227451+00:00">
        <Text>Data collector 'Blame' message: All tests finished running, Sequence file will not be generated.</Text>
      </RunInfo>
    </RunInfos>
  </ResultSummary>
</TestRun>