<?xml version="1.0" encoding="utf-8"?>
<TestRun id="027032af-1348-4cbe-b8b9-eefdfe6bd84b" name="anna@cloudtest-win10 2023-01-23 04:21:45" runUser="cloudtest-win10\anna" xmlns="http://microsoft.com/schemas/VisualStudio/TeamTest/2010">
  <Times creation="2023-01-23T04:21:45.0763971+00:00" queuing="2023-01-23T04:21:45.0763978+00:00" start="2023-01-23T04:21:38.6978386+00:00" finish="2023-01-23T04:21:45.1134279+00:00" />
  <TestSettings name="default" id="6ac12102-b812-4eb4-b592-e49e7bec0199">
    <Deployment runDeploymentRoot="anna_cloudtest-win10_2023-01-23_04_21_45" />
  </TestSettings>
  <Results>
    <UnitTestResult executionId="b4ce19c0-4c14-4fdf-939d-a42642234309" testId="52d72771-d83b-d056-c40d-b993264b41a3" testName="Tester.AzureUtils.Lease.AzureBlobLeaseProviderTests.Provider_LifeCycle_Acqurie_Renew_Release_ShouldBeAbleToAcquireLeaseOnTheSameResourceAfterRelease" computerName="cloudtest-win10" duration="00:00:01.6312323" startTime="2023-01-23T04:21:44.7706624+00:00" endTime="2023-01-23T04:21:44.7707263+00:00" testType="13cdc9d9-ddb5-4fa4-a97d-d965ccfc6d4b" outcome="Passed" testListId="8c84fa94-04c1-424b-9868-57a2d4851a1d" relativeResultsDirectory="b4ce19c0-4c14-4fdf-939d-a42642234309" />
  </Results>
  <TestDefinitions>
    <UnitTest name="Tester.AzureUtils.Lease.AzureBlobLeaseProviderTests.Provider_LifeCycle_Acqurie_Renew_Release_ShouldBeAbleToAcquireLeaseOnTheSameResourceAfterRelease" storage="c:\users\anna\orleans\test\extensions\testerazureutils\bin\debug\net7.0\tester.azureutils.dll" id="52d72771-d83b-d056-c40d-b993264b41a3">
      <Execution id="b4ce19c0-4c14-4fdf-939d-a42642234309" />
      <TestMethod codeBase="C:\Users\anna\orleans\test\Extensions\TesterAzureUtils\bin\Debug\net7.0\Tester.AzureUtils.dll" adapterTypeName="executor://xunit/VsTestRunner2/netcoreapp" className="Tester.AzureUtils.Lease.AzureBlobLeaseProviderTests" name="Provider_LifeCycle_Acqurie_Renew_Release_ShouldBeAbleToAcquireLeaseOnTheSameResourceAfterRelease" />
    </UnitTest>
  </TestDefinitions>
  <TestEntries>
    <TestEntry testId="52d72771-d83b-d056-c40d-b993264b41a3" executionId="b4ce19c0-4c14-4fdf-939d-a42642234309" testListId="8c84fa94-04c1-424b-9868-57a2d4851a1d" />
  </TestEntries>
  <TestLists>
    <TestList name="Results Not in a List" id="8c84fa94-04c1-424b-9868-57a2d4851a1d" />
    <TestList name="All Loaded Results" id="19431567-8539-422a-85d7-44ee4e166bda" />
  </TestLists>
  <ResultSummary outcome="Completed">
    <Counters total="1" executed="1" passed="1" failed="0" error="0" timeout="0" aborted="0" inconclusive="0" passedButRunAborted="0" notRunnable="0" notExecuted="0" disconnected="0" warning="0" completed="0" inProgress="0" pending="0" />
    <Output>
      <StdOut>[xUnit.net 00:00:00.00] xUnit.net VSTest Adapter v2.4.5+1caef2f33e (64-bit .NET 7.0.2)&#xD;
[xUnit.net 00:00:01.24]   Discovering: Tester.AzureUtils (method display = ClassAndMethod, method display options = None)&#xD;
[xUnit.net 00:00:01.45]   Discovered:  Tester.AzureUtils (found 246 test cases)&#xD;
[xUnit.net 00:00:01.46]   Starting:    Tester.AzureUtils (parallel test collections = off, max threads = 4)&#xD;
[xUnit.net 00:00:03.20]   Finished:    Tester.AzureUtils&#xD;
</StdOut>
    </Output>
    <RunInfos>
      <RunInfo computerName="cloudtest-win10" outcome="Warning" timestamp="2023-01-23T04:21:44.9221817+00:00">
        <Text>Data collector 'Blame' message: All tests finished running, Sequence file will not be generated.</Text>
      </RunInfo>
    </RunInfos>
  </ResultSummary>
</TestRun>