<?xml version="1.0" encoding="utf-8"?>
<TestRun id="a8721d2d-3a0a-4820-aa7b-06a9e51623fe" name="anna@cloudtest-win10 2023-01-23 00:00:17" runUser="cloudtest-win10\anna" xmlns="http://microsoft.com/schemas/VisualStudio/TeamTest/2010">
  <Times creation="2023-01-23T00:00:17.3739172+00:00" queuing="2023-01-23T00:00:17.3739176+00:00" start="2023-01-23T00:00:10.3020625+00:00" finish="2023-01-23T00:00:17.4113883+00:00" />
  <TestSettings name="default" id="fec89296-ec29-4227-b966-773ada89467c">
    <Deployment runDeploymentRoot="anna_cloudtest-win10_2023-01-23_00_00_17" />
  </TestSettings>
  <Results>
    <UnitTestResult executionId="0db9a83d-9ef7-4a97-a509-127982c0d3eb" testId="968236f3-c910-bf93-6637-fea68cf9c77b" testName="Tester.AzureUtils.AzureTableGrainDirectoryTests.DoNotOverrideEntry" computerName="cloudtest-win10" duration="00:00:02.1845417" startTime="2023-01-23T00:00:17.0582277+00:00" endTime="2023-01-23T00:00:17.0583181+00:00" testType="13cdc9d9-ddb5-4fa4-a97d-d965ccfc6d4b" outcome="Passed" testListId="8c84fa94-04c1-424b-9868-57a2d4851a1d" relativeResultsDirectory="0db9a83d-9ef7-4a97-a509-127982c0d3eb" />
  </Results>
  <TestDefinitions>
    <UnitTest name="Tester.AzureUtils.AzureTableGrainDirectoryTests.DoNotOverrideEntry" storage="c:\users\anna\orleans\test\extensions\testerazureutils\bin\debug\net7.0\tester.azureutils.dll" id="968236f3-c910-bf93-6637-fea68cf9c77b">
      <Execution id="0db9a83d-9ef7-4a97-a509-127982c0d3eb" />
      <TestMethod codeBase="C:\Users\anna\orleans\test\Extensions\TesterAzureUtils\bin\Debug\net7.0\Tester.AzureUtils.dll" adapterTypeName="executor://xunit/VsTestRunner2/netcoreapp" className="Tester.AzureUtils.AzureTableGrainDirectoryTests" name="DoNotOverrideEntry" />
    </UnitTest>
  </TestDefinitions>
  <TestEntries>
    <TestEntry testId="968236f3-c910-bf93-6637-fea68cf9c77b" executionId="0db9a83d-9ef7-4a97-a509-127982c0d3eb" testListId="8c84fa94-04c1-424b-9868-57a2d4851a1d" />
  </TestEntries>
  <TestLists>
    <TestList name="Results Not in a List" id="8c84fa94-04c1-424b-9868-57a2d4851a1d" />
    <TestList name="All Loaded Results" id="19431567-8539-422a-85d7-44ee4e166bda" />
  </TestLists>
  <ResultSummary outcome="Completed">
    <Counters total="1" executed="1" passed="1" failed="0" error="0" timeout="0" aborted="0" inconclusive="0" passedButRunAborted="0" notRunnable="0" notExecuted="0" disconnected="0" warning="0" completed="0" inProgress="0" pending="0" />
    <Output>
      <StdOut>[xUnit.net 00:00:00.00] xUnit.net VSTest Adapter v2.4.5+1caef2f33e (64-bit .NET 7.0.2)&#xD;
[xUnit.net 00:00:01.28]   Discovering: Tester.AzureUtils (method display = ClassAndMethod, method display options = None)&#xD;
[xUnit.net 00:00:01.49]   Discovered:  Tester.AzureUtils (found 246 test cases)&#xD;
[xUnit.net 00:00:01.51]   Starting:    Tester.AzureUtils (parallel test collections = off, max threads = 4)&#xD;
[xUnit.net 00:00:03.80]   Finished:    Tester.AzureUtils&#xD;
</StdOut>
    </Output>
    <RunInfos>
      <RunInfo computerName="cloudtest-win10" outcome="Warning" timestamp="2023-01-23T00:00:17.2287410+00:00">
        <Text>Data collector 'Blame' message: All tests finished running, Sequence file will not be generated.</Text>
      </RunInfo>
    </RunInfos>
  </ResultSummary>
</TestRun>