<?xml version="1.0" encoding="utf-8"?>
<TestRun id="bb206f59-6944-4bdd-8fb9-dd7fb59ca041" name="anna@cloudtest-win10 2023-01-23 00:00:08" runUser="cloudtest-win10\anna" xmlns="http://microsoft.com/schemas/VisualStudio/TeamTest/2010">
  <Times creation="2023-01-23T00:00:08.1710066+00:00" queuing="2023-01-23T00:00:08.1710072+00:00" start="2023-01-23T00:00:01.2225398+00:00" finish="2023-01-23T00:00:08.2065682+00:00" />
  <TestSettings name="default" id="dce5def8-cd46-4540-a035-a361f9c4b91f">
    <Deployment runDeploymentRoot="anna_cloudtest-win10_2023-01-23_00_00_08" />
  </TestSettings>
  <Results>
    <UnitTestResult executionId="7bf6b723-1d11-496c-b11b-150ec0d25c7d" testId="968236f3-c910-bf93-6637-fea68cf9c77b" testName="Tester.AzureUtils.AzureTableGrainDirectoryTests.DoNotOverrideEntry" computerName="cloudtest-win10" duration="00:00:02.0524917" startTime="2023-01-23T00:00:07.8607050+00:00" endTime="2023-01-23T00:00:07.8607686+00:00" testType="13cdc9d9-ddb5-4fa4-a97d-d965ccfc6d4b" outcome="Passed" testListId="8c84fa94-04c1-424b-9868-57a2d4851a1d" relativeResultsDirectory="7bf6b723-1d11-496c-b11b-150ec0d25c7d" />
  </Results>
  <TestDefinitions>
    <UnitTest name="Tester.AzureUtils.AzureTableGrainDirectoryTests.DoNotOverrideEntry" storage="c:\users\anna\orleans\test\extensions\testerazureutils\bin\debug\net7.0\tester.azureutils.dll" id="968236f3-c910-bf93-6637-fea68cf9c77b">
      <Execution id="7bf6b723-1d11-496c-b11b-150ec0d25c7d" />
      <TestMethod codeBase="C:\Users\anna\orleans\test\Extensions\TesterAzureUtils\bin\Debug\net7.0\Tester.AzureUtils.dll" adapterTypeName="executor://xunit/VsTestRunner2/netcoreapp" className="Tester.AzureUtils.AzureTableGrainDirectoryTests" name="DoNotOverrideEntry" />
    </UnitTest>
  </TestDefinitions>
  <TestEntries>
    <TestEntry testId="968236f3-c910-bf93-6637-fea68cf9c77b" executionId="7bf6b723-1d11-496c-b11b-150ec0d25c7d" testListId="8c84fa94-04c1-424b-9868-57a2d4851a1d" />
  </TestEntries>
  <TestLists>
    <TestList name="Results Not in a List" id="8c84fa94-04c1-424b-9868-57a2d4851a1d" />
    <TestList name="All Loaded Results" id="19431567-8539-422a-85d7-44ee4e166bda" />
  </TestLists>
  <ResultSummary outcome="Completed">
    <Counters total="1" executed="1" passed="1" failed="0" error="0" timeout="0" aborted="0" inconclusive="0" passedButRunAborted="0" notRunnable="0" notExecuted="0" disconnected="0" warning="0" completed="0" inProgress="0" pending="0" />
    <Output>
      <StdOut>[xUnit.net 00:00:00.00] xUnit.net VSTest Adapter v2.4.5+1caef2f33e (64-bit .NET 7.0.2)&#xD;
[xUnit.net 00:00:01.28]   Discovering: Tester.AzureUtils (method display = ClassAndMethod, method display options = None)&#xD;
[xUnit.net 00:00:01.49]   Discovered:  Tester.AzureUtils (found 246 test cases)&#xD;
[xUnit.net 00:00:01.50]   Starting:    Tester.AzureUtils (parallel test collections = off, max threads = 4)&#xD;
[xUnit.net 00:00:03.67]   Finished:    Tester.AzureUtils&#xD;
</StdOut>
    </Output>
    <RunInfos>
      <RunInfo computerName="cloudtest-win10" outcome="Warning" timestamp="2023-01-23T00:00:08.0258419+00:00">
        <Text>Data collector 'Blame' message: All tests finished running, Sequence file will not be generated.</Text>
      </RunInfo>
    </RunInfos>
  </ResultSummary>
</TestRun>