<?xml version="1.0" encoding="utf-8"?>
<TestRun id="403c3657-af76-4b4d-8848-be5f337b4ca6" name="anna@cloudtest-win10 2023-01-23 04:57:48" runUser="cloudtest-win10\anna" xmlns="http://microsoft.com/schemas/VisualStudio/TeamTest/2010">
  <Times creation="2023-01-23T04:57:48.5391331+00:00" queuing="2023-01-23T04:57:48.5391337+00:00" start="2023-01-23T04:57:17.5639726+00:00" finish="2023-01-23T04:57:48.5748355+00:00" />
  <TestSettings name="default" id="4a0e7527-1a70-42e3-a492-f1c17f213230">
    <Deployment runDeploymentRoot="anna_cloudtest-win10_2023-01-23_04_57_48" />
  </TestSettings>
  <Results>
    <UnitTestResult executionId="cc1e0640-0baf-4641-bd9f-cde184d2ca4d" testId="7b468be3-b2b6-6a8f-3259-0823b98ad848" testName="Tester.AzureUtils.LivenessTests_AzureTable.Liveness_Azure_1" computerName="cloudtest-win10" duration="00:00:08.1876926" startTime="2023-01-23T04:57:48.2334357+00:00" endTime="2023-01-23T04:57:48.2334836+00:00" testType="13cdc9d9-ddb5-4fa4-a97d-d965ccfc6d4b" outcome="Passed" testListId="8c84fa94-04c1-424b-9868-57a2d4851a1d" relativeResultsDirectory="cc1e0640-0baf-4641-bd9f-cde184d2ca4d">
      <Output>
        <StdOut>ClusterId= testcluster-2023-01-23t04-57-22-110&#xD;
       ######## Silo S127.0.0.1:29736:33454642, status: Active&#xD;
       ######## Silo S127.0.0.1:29737:33454645, status: Active&#xD;
       ######## Silo S127.0.0.1:29735:33454642, status: Active&#xD;
About to stop 127.0.0.1:29737&#xD;
----------------&#xD;
       ######## Silo S127.0.0.1:29736:33454642, status: Active&#xD;
       ######## Silo S127.0.0.1:29737:33454645, status: Dead&#xD;
       ######## Silo S127.0.0.1:29735:33454642, status: Active</StdOut>
      </Output>
    </UnitTestResult>
  </Results>
  <TestDefinitions>
    <UnitTest name="Tester.AzureUtils.LivenessTests_AzureTable.Liveness_Azure_1" storage="c:\users\anna\orleans\test\extensions\testerazureutils\bin\debug\net7.0\tester.azureutils.dll" id="7b468be3-b2b6-6a8f-3259-0823b98ad848">
      <Execution id="cc1e0640-0baf-4641-bd9f-cde184d2ca4d" />
      <TestMethod codeBase="C:\Users\anna\orleans\test\Extensions\TesterAzureUtils\bin\Debug\net7.0\Tester.AzureUtils.dll" adapterTypeName="executor://xunit/VsTestRunner2/netcoreapp" className="Tester.AzureUtils.LivenessTests_AzureTable" name="Liveness_Azure_1" />
    </UnitTest>
  </TestDefinitions>
  <TestEntries>
    <TestEntry testId="7b468be3-b2b6-6a8f-3259-0823b98ad848" executionId="cc1e0640-0baf-4641-bd9f-cde184d2ca4d" testListId="8c84fa94-04c1-424b-9868-57a2d4851a1d" />
  </TestEntries>
  <TestLists>
    <TestList name="Results Not in a List" id="8c84fa94-04c1-424b-9868-57a2d4851a1d" />
    <TestList name="All Loaded Results" id="19431567-8539-422a-85d7-44ee4e166bda" />
  </TestLists>
  <ResultSummary outcome="Completed">
    <Counters total="1" executed="1" passed="1" failed="0" error="0" timeout="0" aborted="0" inconclusive="0" passedButRunAborted="0" notRunnable="0" notExecuted="0" disconnected="0" warning="0" completed="0" inProgress="0" pending="0" />
    <Output>
      <StdOut>[xUnit.net 00:00:00.00] xUnit.net VSTest Adapter v2.4.5+1caef2f33e (64-bit .NET 7.0.2)&#xD;
[xUnit.net 00:00:01.23]   Discovering: Tester.AzureUtils (method display = ClassAndMethod, method display options = None)&#xD;
[xUnit.net 00:00:01.44]   Discovered:  Tester.AzureUtils (found 246 test cases)&#xD;
[xUnit.net 00:00:01.45]   Starting:    Tester.AzureUtils (parallel test collections = off, max threads = 4)&#xD;
[xUnit.net 00:00:27.78]   Finished:    Tester.AzureUtils&#xD;
</StdOut>
    </Output>
    <RunInfos>
      <RunInfo computerName="cloudtest-win10" outcome="Warning" timestamp="2023-01-23T04:57:48.3911560+00:00">
        <Text>Data collector 'Blame' message: All tests finished running, Sequence file will not be generated.</Text>
      </RunInfo>
    </RunInfos>
  </ResultSummary>
</TestRun>