<?xml version="1.0" encoding="utf-8"?>
<TestRun id="915cdb78-da73-4928-b74f-57950572a6d2" name="anna@cloudtest-win10 2023-01-23 04:58:21" runUser="cloudtest-win10\anna" xmlns="http://microsoft.com/schemas/VisualStudio/TeamTest/2010">
  <Times creation="2023-01-23T04:58:21.8364981+00:00" queuing="2023-01-23T04:58:21.8364986+00:00" start="2023-01-23T04:57:50.6649720+00:00" finish="2023-01-23T04:58:21.8731617+00:00" />
  <TestSettings name="default" id="8fab6295-56a0-48e2-9874-892a3e823288">
    <Deployment runDeploymentRoot="anna_cloudtest-win10_2023-01-23_04_58_21" />
  </TestSettings>
  <Results>
    <UnitTestResult executionId="d4c5041c-4b8e-4ab5-bca7-11c6e8b09ea0" testId="7b468be3-b2b6-6a8f-3259-0823b98ad848" testName="Tester.AzureUtils.LivenessTests_AzureTable.Liveness_Azure_1" computerName="cloudtest-win10" duration="00:00:08.0347901" startTime="2023-01-23T04:58:21.5233289+00:00" endTime="2023-01-23T04:58:21.5233795+00:00" testType="13cdc9d9-ddb5-4fa4-a97d-d965ccfc6d4b" outcome="Passed" testListId="8c84fa94-04c1-424b-9868-57a2d4851a1d" relativeResultsDirectory="d4c5041c-4b8e-4ab5-bca7-11c6e8b09ea0">
      <Output>
        <StdOut>ClusterId= testcluster-2023-01-23t04-57-55-645&#xD;
       ######## Silo S127.0.0.1:24127:33454679, status: Active&#xD;
       ######## Silo S127.0.0.1:24126:33454675, status: Active&#xD;
       ######## Silo S127.0.0.1:24125:33454675, status: Active&#xD;
About to stop 127.0.0.1:24127&#xD;
----------------&#xD;
       ######## Silo S127.0.0.1:24127:33454679, status: Dead&#xD;
       ######## Silo S127.0.0.1:24126:33454675, status: Active&#xD;
       ######## Silo S127.0.0.1:24125:33454675, status: Active</StdOut>
      </Output>
    </UnitTestResult>
  </Results>
  <TestDefinitions>
    <UnitTest name="Tester.AzureUtils.LivenessTests_AzureTable.Liveness_Azure_1" storage="c:\users\anna\orleans\test\extensions\testerazureutils\bin\debug\net7.0\tester.azureutils.dll" id="7b468be3-b2b6-6a8f-3259-0823b98ad848">
      <Execution id="d4c5041c-4b8e-4ab5-bca7-11c6e8b09ea0" />
      <TestMethod codeBase="C:\Users\anna\orleans\test\Extensions\TesterAzureUtils\bin\Debug\net7.0\Tester.AzureUtils.dll" adapterTypeName="executor://xunit/VsTestRunner2/netcoreapp" className="Tester.AzureUtils.LivenessTests_AzureTable" name="Liveness_Azure_1" />
    </UnitTest>
  </TestDefinitions>
  <TestEntries>
    <TestEntry testId="7b468be3-b2b6-6a8f-3259-0823b98ad848" executionId="d4c5041c-4b8e-4ab5-bca7-11c6e8b09ea0" testListId="8c84fa94-04c1-424b-9868-57a2d4851a1d" />
  </TestEntries>
  <TestLists>
    <TestList name="Results Not in a List" id="8c84fa94-04c1-424b-9868-57a2d4851a1d" />
    <TestList name="All Loaded Results" id="19431567-8539-422a-85d7-44ee4e166bda" />
  </TestLists>
  <ResultSummary outcome="Completed">
    <Counters total="1" executed="1" passed="1" failed="0" error="0" timeout="0" aborted="0" inconclusive="0" passedButRunAborted="0" notRunnable="0" notExecuted="0" disconnected="0" warning="0" completed="0" inProgress="0" pending="0" />
    <Output>
      <StdOut>[xUnit.net 00:00:00.00] xUnit.net VSTest Adapter v2.4.5+1caef2f33e (64-bit .NET 7.0.2)&#xD;
[xUnit.net 00:00:01.24]   Discovering: Tester.AzureUtils (method display = ClassAndMethod, method display options = None)&#xD;
[xUnit.net 00:00:01.45]   Discovered:  Tester.AzureUtils (found 246 test cases)&#xD;
[xUnit.net 00:00:01.46]   Starting:    Tester.AzureUtils (parallel test collections = off, max threads = 4)&#xD;
[xUnit.net 00:00:27.96]   Finished:    Tester.AzureUtils&#xD;
</StdOut>
    </Output>
    <RunInfos>
      <RunInfo computerName="cloudtest-win10" outcome="Warning" timestamp="2023-01-23T04:58:21.6895169+00:00">
        <Text>Data collector 'Blame' message: All tests finished running, Sequence file will not be generated.</Text>
      </RunInfo>
    </RunInfos>
  </ResultSummary>
</TestRun>