<?xml version="1.0" encoding="utf-8"?>
<TestRun id="a1e539b2-bbf0-4b17-ae9d-b9625fb0cd96" name="anna@cloudtest-win10 2023-01-23 05:00:02" runUser="cloudtest-win10\anna" xmlns="http://microsoft.com/schemas/VisualStudio/TeamTest/2010">
  <Times creation="2023-01-23T05:00:02.9169481+00:00" queuing="2023-01-23T05:00:02.9169487+00:00" start="2023-01-23T04:59:31.7337855+00:00" finish="2023-01-23T05:00:02.9527580+00:00" />
  <TestSettings name="default" id="7f958ca9-f281-4415-8cac-5854ec477a7c">
    <Deployment runDeploymentRoot="anna_cloudtest-win10_2023-01-23_05_00_02" />
  </TestSettings>
  <Results>
    <UnitTestResult executionId="1a9a1e8d-5473-427c-be49-bb6d8babe6a2" testId="7b468be3-b2b6-6a8f-3259-0823b98ad848" testName="Tester.AzureUtils.LivenessTests_AzureTable.Liveness_Azure_1" computerName="cloudtest-win10" duration="00:00:08.3467347" startTime="2023-01-23T05:00:02.6039391+00:00" endTime="2023-01-23T05:00:02.6039852+00:00" testType="13cdc9d9-ddb5-4fa4-a97d-d965ccfc6d4b" outcome="Passed" testListId="8c84fa94-04c1-424b-9868-57a2d4851a1d" relativeResultsDirectory="1a9a1e8d-5473-427c-be49-bb6d8babe6a2">
      <Output>
        <StdOut>ClusterId= testcluster-2023-01-23t04-59-36-658&#xD;
       ######## Silo S127.0.0.1:28767:33454779, status: Active&#xD;
       ######## Silo S127.0.0.1:28765:33454776, status: Active&#xD;
       ######## Silo S127.0.0.1:28766:33454776, status: Active&#xD;
About to stop 127.0.0.1:28767&#xD;
----------------&#xD;
       ######## Silo S127.0.0.1:28767:33454779, status: Dead&#xD;
       ######## Silo S127.0.0.1:28765:33454776, status: Active&#xD;
       ######## Silo S127.0.0.1:28766:33454776, status: Active</StdOut>
      </Output>
    </UnitTestResult>
  </Results>
  <TestDefinitions>
    <UnitTest name="Tester.AzureUtils.LivenessTests_AzureTable.Liveness_Azure_1" storage="c:\users\anna\orleans\test\extensions\testerazureutils\bin\debug\net7.0\tester.azureutils.dll" id="7b468be3-b2b6-6a8f-3259-0823b98ad848">
      <Execution id="1a9a1e8d-5473-427c-be49-bb6d8babe6a2" />
      <TestMethod codeBase="C:\Users\anna\orleans\test\Extensions\TesterAzureUtils\bin\Debug\net7.0\Tester.AzureUtils.dll" adapterTypeName="executor://xunit/VsTestRunner2/netcoreapp" className="Tester.AzureUtils.LivenessTests_AzureTable" name="Liveness_Azure_1" />
    </UnitTest>
  </TestDefinitions>
  <TestEntries>
    <TestEntry testId="7b468be3-b2b6-6a8f-3259-0823b98ad848" executionId="1a9a1e8d-5473-427c-be49-bb6d8babe6a2" testListId="8c84fa94-04c1-424b-9868-57a2d4851a1d" />
  </TestEntries>
  <TestLists>
    <TestList name="Results Not in a List" id="8c84fa94-04c1-424b-9868-57a2d4851a1d" />
    <TestList name="All Loaded Results" id="19431567-8539-422a-85d7-44ee4e166bda" />
  </TestLists>
  <ResultSummary outcome="Completed">
    <Counters total="1" executed="1" passed="1" failed="0" error="0" timeout="0" aborted="0" inconclusive="0" passedButRunAborted="0" notRunnable="0" notExecuted="0" disconnected="0" warning="0" completed="0" inProgress="0" pending="0" />
    <Output>
      <StdOut>[xUnit.net 00:00:00.00] xUnit.net VSTest Adapter v2.4.5+1caef2f33e (64-bit .NET 7.0.2)&#xD;
[xUnit.net 00:00:01.25]   Discovering: Tester.AzureUtils (method display = ClassAndMethod, method display options = None)&#xD;
[xUnit.net 00:00:01.45]   Discovered:  Tester.AzureUtils (found 246 test cases)&#xD;
[xUnit.net 00:00:01.47]   Starting:    Tester.AzureUtils (parallel test collections = off, max threads = 4)&#xD;
[xUnit.net 00:00:27.97]   Finished:    Tester.AzureUtils&#xD;
</StdOut>
    </Output>
    <RunInfos>
      <RunInfo computerName="cloudtest-win10" outcome="Warning" timestamp="2023-01-23T05:00:02.7702272+00:00">
        <Text>Data collector 'Blame' message: All tests finished running, Sequence file will not be generated.</Text>
      </RunInfo>
    </RunInfos>
  </ResultSummary>
</TestRun>