<?xml version="1.0" encoding="utf-8"?>
<TestRun id="043bdf5f-dccf-41d4-95b7-1436b5ff25e6" name="anna@cloudtest-win10 2023-01-22 23:59:06" runUser="cloudtest-win10\anna" xmlns="http://microsoft.com/schemas/VisualStudio/TeamTest/2010">
  <Times creation="2023-01-22T23:59:06.1389576+00:00" queuing="2023-01-22T23:59:06.1389580+00:00" start="2023-01-22T23:58:59.3965237+00:00" finish="2023-01-22T23:59:06.1748773+00:00" />
  <TestSettings name="default" id="b5fd87a5-4bc9-4b11-ac08-78f3b682f7ea">
    <Deployment runDeploymentRoot="anna_cloudtest-win10_2023-01-22_23_59_06" />
  </TestSettings>
  <Results>
    <UnitTestResult executionId="ac552050-c8dd-4329-8c4f-ac6d0f466fac" testId="bbf7a954-76f9-1351-d799-dd3678204055" testName="Tester.AzureUtils.AzureTableDataManagerTests.AzureTableDataManager_UpsertTableEntryAsync" computerName="cloudtest-win10" duration="00:00:01.7947661" startTime="2023-01-22T23:59:05.8331879+00:00" endTime="2023-01-22T23:59:05.8332585+00:00" testType="13cdc9d9-ddb5-4fa4-a97d-d965ccfc6d4b" outcome="Passed" testListId="8c84fa94-04c1-424b-9868-57a2d4851a1d" relativeResultsDirectory="ac552050-c8dd-4329-8c4f-ac6d0f466fac" />
  </Results>
  <TestDefinitions>
    <UnitTest name="Tester.AzureUtils.AzureTableDataManagerTests.AzureTableDataManager_UpsertTableEntryAsync" storage="c:\users\anna\orleans\test\extensions\testerazureutils\bin\debug\net7.0\tester.azureutils.dll" id="bbf7a954-76f9-1351-d799-dd3678204055">
      <Execution id="ac552050-c8dd-4329-8c4f-ac6d0f466fac" />
      <TestMethod codeBase="C:\Users\anna\orleans\test\Extensions\TesterAzureUtils\bin\Debug\net7.0\Tester.AzureUtils.dll" adapterTypeName="executor://xunit/VsTestRunner2/netcoreapp" className="Tester.AzureUtils.AzureTableDataManagerTests" name="AzureTableDataManager_UpsertTableEntryAsync" />
    </UnitTest>
  </TestDefinitions>
  <TestEntries>
    <TestEntry testId="bbf7a954-76f9-1351-d799-dd3678204055" executionId="ac552050-c8dd-4329-8c4f-ac6d0f466fac" testListId="8c84fa94-04c1-424b-9868-57a2d4851a1d" />
  </TestEntries>
  <TestLists>
    <TestList name="Results Not in a List" id="8c84fa94-04c1-424b-9868-57a2d4851a1d" />
    <TestList name="All Loaded Results" id="19431567-8539-422a-85d7-44ee4e166bda" />
  </TestLists>
  <ResultSummary outcome="Completed">
    <Counters total="1" executed="1" passed="1" failed="0" error="0" timeout="0" aborted="0" inconclusive="0" passedButRunAborted="0" notRunnable="0" notExecuted="0" disconnected="0" warning="0" completed="0" inProgress="0" pending="0" />
    <Output>
      <StdOut>[xUnit.net 00:00:00.00] xUnit.net VSTest Adapter v2.4.5+1caef2f33e (64-bit .NET 7.0.2)&#xD;
[xUnit.net 00:00:01.28]   Discovering: Tester.AzureUtils (method display = ClassAndMethod, method display options = None)&#xD;
[xUnit.net 00:00:01.49]   Discovered:  Tester.AzureUtils (found 246 test cases)&#xD;
[xUnit.net 00:00:01.51]   Starting:    Tester.AzureUtils (parallel test collections = off, max threads = 4)&#xD;
[xUnit.net 00:00:03.41]   Finished:    Tester.AzureUtils&#xD;
</StdOut>
    </Output>
    <RunInfos>
      <RunInfo computerName="cloudtest-win10" outcome="Warning" timestamp="2023-01-22T23:59:05.9947689+00:00">
        <Text>Data collector 'Blame' message: All tests finished running, Sequence file will not be generated.</Text>
      </RunInfo>
    </RunInfos>
  </ResultSummary>
</TestRun>