<?xml version="1.0" encoding="utf-8"?>
<TestRun id="def0856a-7c14-4460-91e6-015f651c2309" name="anna@cloudtest-win10 2023-01-23 15:05:14" runUser="cloudtest-win10\anna" xmlns="http://microsoft.com/schemas/VisualStudio/TeamTest/2010">
  <Times creation="2023-01-23T15:05:14.0514325+00:00" queuing="2023-01-23T15:05:14.0514330+00:00" start="2023-01-23T15:05:06.9946155+00:00" finish="2023-01-23T15:05:14.0879337+00:00" />
  <TestSettings name="default" id="6759b865-3e47-483c-ba51-9a58d96b71cf">
    <Deployment runDeploymentRoot="anna_cloudtest-win10_2023-01-23_15_05_14" />
  </TestSettings>
  <Results>
    <UnitTestResult executionId="bd572e33-9d0f-4cf7-837f-283c7df2759b" testId="6e4130f8-49b6-a5de-0180-63293180b9b3" testName="Tester.AzureUtils.Lease.AzureBlobLeaseProviderTests.Provider_TryRenewLeaseWithWrongToken_Return_InvalidToken" computerName="cloudtest-win10" duration="00:00:02.3024120" startTime="2023-01-23T15:05:13.7476085+00:00" endTime="2023-01-23T15:05:13.7476590+00:00" testType="13cdc9d9-ddb5-4fa4-a97d-d965ccfc6d4b" outcome="Passed" testListId="8c84fa94-04c1-424b-9868-57a2d4851a1d" relativeResultsDirectory="bd572e33-9d0f-4cf7-837f-283c7df2759b" />
  </Results>
  <TestDefinitions>
    <UnitTest name="Tester.AzureUtils.Lease.AzureBlobLeaseProviderTests.Provider_TryRenewLeaseWithWrongToken_Return_InvalidToken" storage="c:\users\anna\orleans\test\extensions\testerazureutils\bin\debug\net7.0\tester.azureutils.dll" id="6e4130f8-49b6-a5de-0180-63293180b9b3">
      <Execution id="bd572e33-9d0f-4cf7-837f-283c7df2759b" />
      <TestMethod codeBase="C:\Users\anna\orleans\test\Extensions\TesterAzureUtils\bin\Debug\net7.0\Tester.AzureUtils.dll" adapterTypeName="executor://xunit/VsTestRunner2/netcoreapp" className="Tester.AzureUtils.Lease.AzureBlobLeaseProviderTests" name="Provider_TryRenewLeaseWithWrongToken_Return_InvalidToken" />
    </UnitTest>
  </TestDefinitions>
  <TestEntries>
    <TestEntry testId="6e4130f8-49b6-a5de-0180-63293180b9b3" executionId="bd572e33-9d0f-4cf7-837f-283c7df2759b" testListId="8c84fa94-04c1-424b-9868-57a2d4851a1d" />
  </TestEntries>
  <TestLists>
    <TestList name="Results Not in a List" id="8c84fa94-04c1-424b-9868-57a2d4851a1d" />
    <TestList name="All Loaded Results" id="19431567-8539-422a-85d7-44ee4e166bda" />
  </TestLists>
  <ResultSummary outcome="Completed">
    <Counters total="1" executed="1" passed="1" failed="0" error="0" timeout="0" aborted="0" inconclusive="0" passedButRunAborted="0" notRunnable="0" notExecuted="0" disconnected="0" warning="0" completed="0" inProgress="0" pending="0" />
    <Output>
      <StdOut>[xUnit.net 00:00:00.00] xUnit.net VSTest Adapter v2.4.5+1caef2f33e (64-bit .NET 7.0.2)&#xD;
[xUnit.net 00:00:01.23]   Discovering: Tester.AzureUtils (method display = ClassAndMethod, method display options = None)&#xD;
[xUnit.net 00:00:01.45]   Discovered:  Tester.AzureUtils (found 246 test cases)&#xD;
[xUnit.net 00:00:01.46]   Starting:    Tester.AzureUtils (parallel test collections = off, max threads = 4)&#xD;
[xUnit.net 00:00:03.87]   Finished:    Tester.AzureUtils&#xD;
</StdOut>
    </Output>
    <RunInfos>
      <RunInfo computerName="cloudtest-win10" outcome="Warning" timestamp="2023-01-23T15:05:13.9046811+00:00">
        <Text>Data collector 'Blame' message: All tests finished running, Sequence file will not be generated.</Text>
      </RunInfo>
    </RunInfos>
  </ResultSummary>
</TestRun>