<?xml version="1.0" encoding="utf-8"?>
<TestRun id="a664987c-5c6a-4a4e-869f-22308fcd2f0d" name="anna@cloudtest-win10 2023-01-22 23:59:23" runUser="cloudtest-win10\anna" xmlns="http://microsoft.com/schemas/VisualStudio/TeamTest/2010">
  <Times creation="2023-01-22T23:59:23.6496495+00:00" queuing="2023-01-22T23:59:23.6496500+00:00" start="2023-01-22T23:59:17.2673915+00:00" finish="2023-01-22T23:59:23.6863166+00:00" />
  <TestSettings name="default" id="da4cc987-4a25-4bc4-ab4b-580048e30af5">
    <Deployment runDeploymentRoot="anna_cloudtest-win10_2023-01-22_23_59_23" />
  </TestSettings>
  <Results>
    <UnitTestResult executionId="be1d7d0b-f917-42a6-8bd9-1800287c968f" testId="b445a85e-6394-2e7d-2794-48e4cd4e77f1" testName="Tester.AzureUtils.AzureTableGrainDirectoryTests.ConversionTest" computerName="cloudtest-win10" duration="00:00:01.4623427" startTime="2023-01-22T23:59:23.3383530+00:00" endTime="2023-01-22T23:59:23.3384045+00:00" testType="13cdc9d9-ddb5-4fa4-a97d-d965ccfc6d4b" outcome="Passed" testListId="8c84fa94-04c1-424b-9868-57a2d4851a1d" relativeResultsDirectory="be1d7d0b-f917-42a6-8bd9-1800287c968f" />
  </Results>
  <TestDefinitions>
    <UnitTest name="Tester.AzureUtils.AzureTableGrainDirectoryTests.ConversionTest" storage="c:\users\anna\orleans\test\extensions\testerazureutils\bin\debug\net7.0\tester.azureutils.dll" id="b445a85e-6394-2e7d-2794-48e4cd4e77f1">
      <Execution id="be1d7d0b-f917-42a6-8bd9-1800287c968f" />
      <TestMethod codeBase="C:\Users\anna\orleans\test\Extensions\TesterAzureUtils\bin\Debug\net7.0\Tester.AzureUtils.dll" adapterTypeName="executor://xunit/VsTestRunner2/netcoreapp" className="Tester.AzureUtils.AzureTableGrainDirectoryTests" name="ConversionTest" />
    </UnitTest>
  </TestDefinitions>
  <TestEntries>
    <TestEntry testId="b445a85e-6394-2e7d-2794-48e4cd4e77f1" executionId="be1d7d0b-f917-42a6-8bd9-1800287c968f" testListId="8c84fa94-04c1-424b-9868-57a2d4851a1d" />
  </TestEntries>
  <TestLists>
    <TestList name="Results Not in a List" id="8c84fa94-04c1-424b-9868-57a2d4851a1d" />
    <TestList name="All Loaded Results" id="19431567-8539-422a-85d7-44ee4e166bda" />
  </TestLists>
  <ResultSummary outcome="Completed">
    <Counters total="1" executed="1" passed="1" failed="0" error="0" timeout="0" aborted="0" inconclusive="0" passedButRunAborted="0" notRunnable="0" notExecuted="0" disconnected="0" warning="0" completed="0" inProgress="0" pending="0" />
    <Output>
      <StdOut>[xUnit.net 00:00:00.00] xUnit.net VSTest Adapter v2.4.5+1caef2f33e (64-bit .NET 7.0.2)&#xD;
[xUnit.net 00:00:01.29]   Discovering: Tester.AzureUtils (method display = ClassAndMethod, method display options = None)&#xD;
[xUnit.net 00:00:01.50]   Discovered:  Tester.AzureUtils (found 246 test cases)&#xD;
[xUnit.net 00:00:01.52]   Starting:    Tester.AzureUtils (parallel test collections = off, max threads = 4)&#xD;
[xUnit.net 00:00:03.08]   Finished:    Tester.AzureUtils&#xD;
</StdOut>
    </Output>
    <RunInfos>
      <RunInfo computerName="cloudtest-win10" outcome="Warning" timestamp="2023-01-22T23:59:23.5017531+00:00">
        <Text>Data collector 'Blame' message: All tests finished running, Sequence file will not be generated.</Text>
      </RunInfo>
    </RunInfos>
  </ResultSummary>
</TestRun>