<?xml version="1.0" encoding="utf-8"?>
<TestRun id="2d8dec72-5755-4234-badf-33e71d0153c4" name="anna@cloudtest-win10 2023-01-22 19:06:11" runUser="cloudtest-win10\anna" xmlns="http://microsoft.com/schemas/VisualStudio/TeamTest/2010">
  <Times creation="2023-01-22T19:06:11.1380688+00:00" queuing="2023-01-22T19:06:11.1380696+00:00" start="2023-01-22T19:05:55.6267933+00:00" finish="2023-01-22T19:06:11.1766262+00:00" />
  <TestSettings name="default" id="c7d2def3-5340-4f88-af7b-a9d4d27df1a0">
    <Deployment runDeploymentRoot="anna_cloudtest-win10_2023-01-22_19_06_11" />
  </TestSettings>
  <Results>
    <UnitTestResult executionId="e53c8dbb-421d-4d0a-b4af-3bae271dcc6e" testId="308bcf34-689e-c2f1-8dfd-270dc1dba339" testName="Tester.AzureUtils.AzureMembershipTableTests.MembershipTable_Azure_UpdateRow" computerName="cloudtest-win10" duration="00:00:09.5007194" startTime="2023-01-22T19:06:10.8166066+00:00" endTime="2023-01-22T19:06:10.8166801+00:00" testType="13cdc9d9-ddb5-4fa4-a97d-d965ccfc6d4b" outcome="Passed" testListId="8c84fa94-04c1-424b-9868-57a2d4851a1d" relativeResultsDirectory="e53c8dbb-421d-4d0a-b4af-3bae271dcc6e" />
  </Results>
  <TestDefinitions>
    <UnitTest name="Tester.AzureUtils.AzureMembershipTableTests.MembershipTable_Azure_UpdateRow" storage="c:\users\anna\orleans\test\extensions\testerazureutils\bin\debug\net7.0\tester.azureutils.dll" id="308bcf34-689e-c2f1-8dfd-270dc1dba339">
      <Execution id="e53c8dbb-421d-4d0a-b4af-3bae271dcc6e" />
      <TestMethod codeBase="C:\Users\anna\orleans\test\Extensions\TesterAzureUtils\bin\Debug\net7.0\Tester.AzureUtils.dll" adapterTypeName="executor://xunit/VsTestRunner2/netcoreapp" className="Tester.AzureUtils.AzureMembershipTableTests" name="MembershipTable_Azure_UpdateRow" />
    </UnitTest>
  </TestDefinitions>
  <TestEntries>
    <TestEntry testId="308bcf34-689e-c2f1-8dfd-270dc1dba339" executionId="e53c8dbb-421d-4d0a-b4af-3bae271dcc6e" testListId="8c84fa94-04c1-424b-9868-57a2d4851a1d" />
  </TestEntries>
  <TestLists>
    <TestList name="Results Not in a List" id="8c84fa94-04c1-424b-9868-57a2d4851a1d" />
    <TestList name="All Loaded Results" id="19431567-8539-422a-85d7-44ee4e166bda" />
  </TestLists>
  <ResultSummary outcome="Completed">
    <Counters total="1" executed="1" passed="1" failed="0" error="0" timeout="0" aborted="0" inconclusive="0" passedButRunAborted="0" notRunnable="0" notExecuted="0" disconnected="0" warning="0" completed="0" inProgress="0" pending="0" />
    <Output>
      <StdOut>[xUnit.net 00:00:00.00] xUnit.net VSTest Adapter v2.4.5+1caef2f33e (64-bit .NET 7.0.2)&#xD;
[xUnit.net 00:00:01.32]   Discovering: Tester.AzureUtils (method display = ClassAndMethod, method display options = None)&#xD;
[xUnit.net 00:00:01.54]   Discovered:  Tester.AzureUtils (found 246 test cases)&#xD;
[xUnit.net 00:00:01.56]   Starting:    Tester.AzureUtils (parallel test collections = off, max threads = 4)&#xD;
[xUnit.net 00:00:12.14]   Finished:    Tester.AzureUtils&#xD;
</StdOut>
    </Output>
    <RunInfos>
      <RunInfo computerName="cloudtest-win10" outcome="Warning" timestamp="2023-01-22T19:06:10.9887313+00:00">
        <Text>Data collector 'Blame' message: All tests finished running, Sequence file will not be generated.</Text>
      </RunInfo>
    </RunInfos>
  </ResultSummary>
</TestRun>