<?xml version="1.0" encoding="utf-8"?>
<TestRun id="a9d32ca2-77e7-4ecc-916d-d86bf2f5242f" name="anna@cloudtest-win10 2023-01-22 19:05:43" runUser="cloudtest-win10\anna" xmlns="http://microsoft.com/schemas/VisualStudio/TeamTest/2010">
  <Times creation="2023-01-22T19:05:43.4959080+00:00" queuing="2023-01-22T19:05:43.4959087+00:00" start="2023-01-22T19:05:28.2827647+00:00" finish="2023-01-22T19:05:43.5329654+00:00" />
  <TestSettings name="default" id="967d9c17-8196-4b91-8545-e7b3ed1ab710">
    <Deployment runDeploymentRoot="anna_cloudtest-win10_2023-01-22_19_05_43" />
  </TestSettings>
  <Results>
    <UnitTestResult executionId="661b67e8-febb-45ff-9fd0-ff5fb53da7c9" testId="308bcf34-689e-c2f1-8dfd-270dc1dba339" testName="Tester.AzureUtils.AzureMembershipTableTests.MembershipTable_Azure_UpdateRow" computerName="cloudtest-win10" duration="00:00:09.3397848" startTime="2023-01-22T19:05:43.1796912+00:00" endTime="2023-01-22T19:05:43.1797444+00:00" testType="13cdc9d9-ddb5-4fa4-a97d-d965ccfc6d4b" outcome="Passed" testListId="8c84fa94-04c1-424b-9868-57a2d4851a1d" relativeResultsDirectory="661b67e8-febb-45ff-9fd0-ff5fb53da7c9" />
  </Results>
  <TestDefinitions>
    <UnitTest name="Tester.AzureUtils.AzureMembershipTableTests.MembershipTable_Azure_UpdateRow" storage="c:\users\anna\orleans\test\extensions\testerazureutils\bin\debug\net7.0\tester.azureutils.dll" id="308bcf34-689e-c2f1-8dfd-270dc1dba339">
      <Execution id="661b67e8-febb-45ff-9fd0-ff5fb53da7c9" />
      <TestMethod codeBase="C:\Users\anna\orleans\test\Extensions\TesterAzureUtils\bin\Debug\net7.0\Tester.AzureUtils.dll" adapterTypeName="executor://xunit/VsTestRunner2/netcoreapp" className="Tester.AzureUtils.AzureMembershipTableTests" name="MembershipTable_Azure_UpdateRow" />
    </UnitTest>
  </TestDefinitions>
  <TestEntries>
    <TestEntry testId="308bcf34-689e-c2f1-8dfd-270dc1dba339" executionId="661b67e8-febb-45ff-9fd0-ff5fb53da7c9" testListId="8c84fa94-04c1-424b-9868-57a2d4851a1d" />
  </TestEntries>
  <TestLists>
    <TestList name="Results Not in a List" id="8c84fa94-04c1-424b-9868-57a2d4851a1d" />
    <TestList name="All Loaded Results" id="19431567-8539-422a-85d7-44ee4e166bda" />
  </TestLists>
  <ResultSummary outcome="Completed">
    <Counters total="1" executed="1" passed="1" failed="0" error="0" timeout="0" aborted="0" inconclusive="0" passedButRunAborted="0" notRunnable="0" notExecuted="0" disconnected="0" warning="0" completed="0" inProgress="0" pending="0" />
    <Output>
      <StdOut>[xUnit.net 00:00:00.00] xUnit.net VSTest Adapter v2.4.5+1caef2f33e (64-bit .NET 7.0.2)&#xD;
[xUnit.net 00:00:01.28]   Discovering: Tester.AzureUtils (method display = ClassAndMethod, method display options = None)&#xD;
[xUnit.net 00:00:01.50]   Discovered:  Tester.AzureUtils (found 246 test cases)&#xD;
[xUnit.net 00:00:01.51]   Starting:    Tester.AzureUtils (parallel test collections = off, max threads = 4)&#xD;
[xUnit.net 00:00:11.93]   Finished:    Tester.AzureUtils&#xD;
</StdOut>
    </Output>
    <RunInfos>
      <RunInfo computerName="cloudtest-win10" outcome="Warning" timestamp="2023-01-22T19:05:43.3482773+00:00">
        <Text>Data collector 'Blame' message: All tests finished running, Sequence file will not be generated.</Text>
      </RunInfo>
    </RunInfos>
  </ResultSummary>
</TestRun>