<?xml version="1.0" encoding="utf-8"?>
<TestRun id="aaee9ce5-3d1b-4718-8dca-f1c4dad02cb5" name="anna@cloudtest-win10 2023-01-22 18:25:42" runUser="cloudtest-win10\anna" xmlns="http://microsoft.com/schemas/VisualStudio/TeamTest/2010">
  <Times creation="2023-01-22T18:25:42.3911243+00:00" queuing="2023-01-22T18:25:42.3911250+00:00" start="2023-01-22T18:25:34.5361123+00:00" finish="2023-01-22T18:25:42.4283302+00:00" />
  <TestSettings name="default" id="90f566ce-9f1a-4a78-a353-ba1ece13721b">
    <Deployment runDeploymentRoot="anna_cloudtest-win10_2023-01-22_18_25_42" />
  </TestSettings>
  <Results>
    <UnitTestResult executionId="ecf2f391-bd79-4a25-8f35-71def984269c" testId="0fc7afa1-bccc-bd57-5ca0-475359ca85dd" testName="Tester.AzureUtils.AzureMembershipTableTests.MembershipTable_Azure_ReadAll_EmptyTable" computerName="cloudtest-win10" duration="00:00:02.0094002" startTime="2023-01-22T18:25:42.0758265+00:00" endTime="2023-01-22T18:25:42.0758748+00:00" testType="13cdc9d9-ddb5-4fa4-a97d-d965ccfc6d4b" outcome="Passed" testListId="8c84fa94-04c1-424b-9868-57a2d4851a1d" relativeResultsDirectory="ecf2f391-bd79-4a25-8f35-71def984269c" />
  </Results>
  <TestDefinitions>
    <UnitTest name="Tester.AzureUtils.AzureMembershipTableTests.MembershipTable_Azure_ReadAll_EmptyTable" storage="c:\users\anna\orleans\test\extensions\testerazureutils\bin\debug\net7.0\tester.azureutils.dll" id="0fc7afa1-bccc-bd57-5ca0-475359ca85dd">
      <Execution id="ecf2f391-bd79-4a25-8f35-71def984269c" />
      <TestMethod codeBase="C:\Users\anna\orleans\test\Extensions\TesterAzureUtils\bin\Debug\net7.0\Tester.AzureUtils.dll" adapterTypeName="executor://xunit/VsTestRunner2/netcoreapp" className="Tester.AzureUtils.AzureMembershipTableTests" name="MembershipTable_Azure_ReadAll_EmptyTable" />
    </UnitTest>
  </TestDefinitions>
  <TestEntries>
    <TestEntry testId="0fc7afa1-bccc-bd57-5ca0-475359ca85dd" executionId="ecf2f391-bd79-4a25-8f35-71def984269c" testListId="8c84fa94-04c1-424b-9868-57a2d4851a1d" />
  </TestEntries>
  <TestLists>
    <TestList name="Results Not in a List" id="8c84fa94-04c1-424b-9868-57a2d4851a1d" />
    <TestList name="All Loaded Results" id="19431567-8539-422a-85d7-44ee4e166bda" />
  </TestLists>
  <ResultSummary outcome="Completed">
    <Counters total="1" executed="1" passed="1" failed="0" error="0" timeout="0" aborted="0" inconclusive="0" passedButRunAborted="0" notRunnable="0" notExecuted="0" disconnected="0" warning="0" completed="0" inProgress="0" pending="0" />
    <Output>
      <StdOut>[xUnit.net 00:00:00.00] xUnit.net VSTest Adapter v2.4.5+1caef2f33e (64-bit .NET 7.0.2)&#xD;
[xUnit.net 00:00:01.27]   Discovering: Tester.AzureUtils (method display = ClassAndMethod, method display options = None)&#xD;
[xUnit.net 00:00:01.48]   Discovered:  Tester.AzureUtils (found 246 test cases)&#xD;
[xUnit.net 00:00:01.50]   Starting:    Tester.AzureUtils (parallel test collections = off, max threads = 4)&#xD;
[xUnit.net 00:00:04.57]   Finished:    Tester.AzureUtils&#xD;
</StdOut>
    </Output>
    <RunInfos>
      <RunInfo computerName="cloudtest-win10" outcome="Warning" timestamp="2023-01-22T18:25:42.2394782+00:00">
        <Text>Data collector 'Blame' message: All tests finished running, Sequence file will not be generated.</Text>
      </RunInfo>
    </RunInfos>
  </ResultSummary>
</TestRun>