<?xml version="1.0" encoding="utf-8"?>
<TestRun id="f74bfe3d-382c-4672-8ce8-4bb80156fdc6" name="anna@cloudtest-win10 2023-01-22 18:25:12" runUser="cloudtest-win10\anna" xmlns="http://microsoft.com/schemas/VisualStudio/TeamTest/2010">
  <Times creation="2023-01-22T18:25:12.3479445+00:00" queuing="2023-01-22T18:25:12.3479449+00:00" start="2023-01-22T18:25:04.3182549+00:00" finish="2023-01-22T18:25:12.3852943+00:00" />
  <TestSettings name="default" id="166111a0-f21e-4d23-93b0-169785ecabc9">
    <Deployment runDeploymentRoot="anna_cloudtest-win10_2023-01-22_18_25_12" />
  </TestSettings>
  <Results>
    <UnitTestResult executionId="c6cc1699-6180-4a50-927c-06ac5e9f94ed" testId="0fc7afa1-bccc-bd57-5ca0-475359ca85dd" testName="Tester.AzureUtils.AzureMembershipTableTests.MembershipTable_Azure_ReadAll_EmptyTable" computerName="cloudtest-win10" duration="00:00:02.1892739" startTime="2023-01-22T18:25:12.0357581+00:00" endTime="2023-01-22T18:25:12.0358128+00:00" testType="13cdc9d9-ddb5-4fa4-a97d-d965ccfc6d4b" outcome="Passed" testListId="8c84fa94-04c1-424b-9868-57a2d4851a1d" relativeResultsDirectory="c6cc1699-6180-4a50-927c-06ac5e9f94ed" />
  </Results>
  <TestDefinitions>
    <UnitTest name="Tester.AzureUtils.AzureMembershipTableTests.MembershipTable_Azure_ReadAll_EmptyTable" storage="c:\users\anna\orleans\test\extensions\testerazureutils\bin\debug\net7.0\tester.azureutils.dll" id="0fc7afa1-bccc-bd57-5ca0-475359ca85dd">
      <Execution id="c6cc1699-6180-4a50-927c-06ac5e9f94ed" />
      <TestMethod codeBase="C:\Users\anna\orleans\test\Extensions\TesterAzureUtils\bin\Debug\net7.0\Tester.AzureUtils.dll" adapterTypeName="executor://xunit/VsTestRunner2/netcoreapp" className="Tester.AzureUtils.AzureMembershipTableTests" name="MembershipTable_Azure_ReadAll_EmptyTable" />
    </UnitTest>
  </TestDefinitions>
  <TestEntries>
    <TestEntry testId="0fc7afa1-bccc-bd57-5ca0-475359ca85dd" executionId="c6cc1699-6180-4a50-927c-06ac5e9f94ed" testListId="8c84fa94-04c1-424b-9868-57a2d4851a1d" />
  </TestEntries>
  <TestLists>
    <TestList name="Results Not in a List" id="8c84fa94-04c1-424b-9868-57a2d4851a1d" />
    <TestList name="All Loaded Results" id="19431567-8539-422a-85d7-44ee4e166bda" />
  </TestLists>
  <ResultSummary outcome="Completed">
    <Counters total="1" executed="1" passed="1" failed="0" error="0" timeout="0" aborted="0" inconclusive="0" passedButRunAborted="0" notRunnable="0" notExecuted="0" disconnected="0" warning="0" completed="0" inProgress="0" pending="0" />
    <Output>
      <StdOut>[xUnit.net 00:00:00.00] xUnit.net VSTest Adapter v2.4.5+1caef2f33e (64-bit .NET 7.0.2)&#xD;
[xUnit.net 00:00:01.25]   Discovering: Tester.AzureUtils (method display = ClassAndMethod, method display options = None)&#xD;
[xUnit.net 00:00:01.46]   Discovered:  Tester.AzureUtils (found 246 test cases)&#xD;
[xUnit.net 00:00:01.47]   Starting:    Tester.AzureUtils (parallel test collections = off, max threads = 4)&#xD;
[xUnit.net 00:00:04.74]   Finished:    Tester.AzureUtils&#xD;
</StdOut>
    </Output>
    <RunInfos>
      <RunInfo computerName="cloudtest-win10" outcome="Warning" timestamp="2023-01-22T18:25:12.2014072+00:00">
        <Text>Data collector 'Blame' message: All tests finished running, Sequence file will not be generated.</Text>
      </RunInfo>
    </RunInfos>
  </ResultSummary>
</TestRun>