<?xml version="1.0" encoding="utf-8"?>
<TestRun id="51b252e6-1555-496d-ad43-d1887b24bad7" name="anna@cloudtest-win10 2023-01-22 19:52:36" runUser="cloudtest-win10\anna" xmlns="http://microsoft.com/schemas/VisualStudio/TeamTest/2010">
  <Times creation="2023-01-22T19:52:36.4269956+00:00" queuing="2023-01-22T19:52:36.4269963+00:00" start="2023-01-22T19:52:29.8512277+00:00" finish="2023-01-22T19:52:36.4665963+00:00" />
  <TestSettings name="default" id="035e02ec-2f0a-4712-b4e6-31a6fb73e2ed">
    <Deployment runDeploymentRoot="anna_cloudtest-win10_2023-01-22_19_52_36" />
  </TestSettings>
  <Results>
    <UnitTestResult executionId="0e7b4bc2-c6f0-4068-93eb-d6fe86da648d" testId="f7e60991-4842-8663-713d-bb1731c8ccbe" testName="Tester.AzureUtils.AzureTableDataManagerTests.AzureTableDataManager_CreateTableEntryAsync" computerName="cloudtest-win10" duration="00:00:01.7131653" startTime="2023-01-22T19:52:36.1191075+00:00" endTime="2023-01-22T19:52:36.1191536+00:00" testType="13cdc9d9-ddb5-4fa4-a97d-d965ccfc6d4b" outcome="Failed" testListId="8c84fa94-04c1-424b-9868-57a2d4851a1d" relativeResultsDirectory="0e7b4bc2-c6f0-4068-93eb-d6fe86da648d">
      <Output>
        <ErrorInfo>
          <Message>Azure.RequestFailedException : The specified entity already exists.
RequestId:b9887e8e-ac92-4202-b190-75323ad17730
Time:2023-01-22T19:52:36.070Z&#xD;
Status: 409 (Conflict)&#xD;
ErrorCode: EntityAlreadyExists&#xD;
&#xD;
Content:&#xD;
{"odata.error":{"code":"EntityAlreadyExists","message":{"lang":"en-US","value":"The specified entity already exists.\nRequestId:b9887e8e-ac92-4202-b190-75323ad17730\nTime:2023-01-22T19:52:36.070Z"}}}&#xD;
&#xD;
Headers:&#xD;
Server: Azurite-Table/3.20.1&#xD;
x-ms-error-code: REDACTED&#xD;
x-ms-request-id: b9887e8e-ac92-4202-b190-75323ad17730&#xD;
x-ms-version: REDACTED&#xD;
Date: Sun, 22 Jan 2023 19:52:36 GMT&#xD;
Keep-Alive: REDACTED&#xD;
Connection: keep-alive&#xD;
Content-Type: application/json; odata=minimalmetadata; streaming=true; charset=utf-8&#xD;
Content-Length: 199&#xD;
</Message>
          <StackTrace>   at Azure.Data.Tables.TableRestClient.InsertEntityAsync(String table, Nullable`1 timeout, Nullable`1 responsePreference, IDictionary`2 tableEntityProperties, QueryOptions queryOptions, CancellationToken cancellationToken)&#xD;
   at Azure.Data.Tables.TableClient.AddEntityAsync[T](T entity, CancellationToken cancellationToken)&#xD;
   at Orleans.Clustering.AzureStorage.AzureTableDataManager`1.CreateTableEntryAsync(T data) in C:\Users\anna\orleans\src\Azure\Shared\Storage\AzureTableDataManager.cs:line 171&#xD;
   at Tester.AzureUtils.AzureTableDataManagerTests.AzureTableDataManager_CreateTableEntryAsync() in C:\Users\anna\orleans\test\Extensions\TesterAzureUtils\AzureTableDataManagerTests.cs:line 35&#xD;
--- End of stack trace from previous location ---</StackTrace>
        </ErrorInfo>
      </Output>
    </UnitTestResult>
  </Results>
  <TestDefinitions>
    <UnitTest name="Tester.AzureUtils.AzureTableDataManagerTests.AzureTableDataManager_CreateTableEntryAsync" storage="c:\users\anna\orleans\test\extensions\testerazureutils\bin\debug\net7.0\tester.azureutils.dll" id="f7e60991-4842-8663-713d-bb1731c8ccbe">
      <Execution id="0e7b4bc2-c6f0-4068-93eb-d6fe86da648d" />
      <TestMethod codeBase="C:\Users\anna\orleans\test\Extensions\TesterAzureUtils\bin\Debug\net7.0\Tester.AzureUtils.dll" adapterTypeName="executor://xunit/VsTestRunner2/netcoreapp" className="Tester.AzureUtils.AzureTableDataManagerTests" name="AzureTableDataManager_CreateTableEntryAsync" />
    </UnitTest>
  </TestDefinitions>
  <TestEntries>
    <TestEntry testId="f7e60991-4842-8663-713d-bb1731c8ccbe" executionId="0e7b4bc2-c6f0-4068-93eb-d6fe86da648d" testListId="8c84fa94-04c1-424b-9868-57a2d4851a1d" />
  </TestEntries>
  <TestLists>
    <TestList name="Results Not in a List" id="8c84fa94-04c1-424b-9868-57a2d4851a1d" />
    <TestList name="All Loaded Results" id="19431567-8539-422a-85d7-44ee4e166bda" />
  </TestLists>
  <ResultSummary outcome="Failed">
    <Counters total="1" executed="1" passed="0" failed="1" error="0" timeout="0" aborted="0" inconclusive="0" passedButRunAborted="0" notRunnable="0" notExecuted="0" disconnected="0" warning="0" completed="0" inProgress="0" pending="0" />
    <Output>
      <StdOut>[xUnit.net 00:00:00.00] xUnit.net VSTest Adapter v2.4.5+1caef2f33e (64-bit .NET 7.0.2)&#xD;
[xUnit.net 00:00:01.27]   Discovering: Tester.AzureUtils (method display = ClassAndMethod, method display options = None)&#xD;
[xUnit.net 00:00:01.48]   Discovered:  Tester.AzureUtils (found 246 test cases)&#xD;
[xUnit.net 00:00:01.49]   Starting:    Tester.AzureUtils (parallel test collections = off, max threads = 4)&#xD;
[xUnit.net 00:00:03.29]       Azure.RequestFailedException : The specified entity already exists.
RequestId:b9887e8e-ac92-4202-b190-75323ad17730
Time:2023-01-22T19:52:36.070Z&#xD;
[xUnit.net 00:00:03.29]       Status: 409 (Conflict)&#xD;
[xUnit.net 00:00:03.29]       ErrorCode: EntityAlreadyExists&#xD;
[xUnit.net 00:00:03.29]       &#xD;
[xUnit.net 00:00:03.29]       Content:&#xD;
[xUnit.net 00:00:03.29]       {"odata.error":{"code":"EntityAlreadyExists","message":{"lang":"en-US","value":"The specified entity already exists.\nRequestId:b9887e8e-ac92-4202-b190-75323ad17730\nTime:2023-01-22T19:52:36.070Z"}}}&#xD;
[xUnit.net 00:00:03.29]       &#xD;
[xUnit.net 00:00:03.29]       Headers:&#xD;
[xUnit.net 00:00:03.29]       Server: Azurite-Table/3.20.1&#xD;
[xUnit.net 00:00:03.29]       x-ms-error-code: REDACTED&#xD;
[xUnit.net 00:00:03.29]       x-ms-request-id: b9887e8e-ac92-4202-b190-75323ad17730&#xD;
[xUnit.net 00:00:03.29]       x-ms-version: REDACTED&#xD;
[xUnit.net 00:00:03.29]       Date: Sun, 22 Jan 2023 19:52:36 GMT&#xD;
[xUnit.net 00:00:03.29]       Keep-Alive: REDACTED&#xD;
[xUnit.net 00:00:03.29]       Connection: keep-alive&#xD;
[xUnit.net 00:00:03.29]       Content-Type: application/json; odata=minimalmetadata; streaming=true; charset=utf-8&#xD;
[xUnit.net 00:00:03.29]       Content-Length: 199&#xD;
[xUnit.net 00:00:03.29]       &#xD;
[xUnit.net 00:00:03.29]       Stack Trace:&#xD;
[xUnit.net 00:00:03.29]            at Azure.Data.Tables.TableRestClient.InsertEntityAsync(String table, Nullable`1 timeout, Nullable`1 responsePreference, IDictionary`2 tableEntityProperties, QueryOptions queryOptions, CancellationToken cancellationToken)&#xD;
[xUnit.net 00:00:03.29]            at Azure.Data.Tables.TableClient.AddEntityAsync[T](T entity, CancellationToken cancellationToken)&#xD;
[xUnit.net 00:00:03.29]         C:\Users\anna\orleans\src\Azure\Shared\Storage\AzureTableDataManager.cs(171,0): at Orleans.Clustering.AzureStorage.AzureTableDataManager`1.CreateTableEntryAsync(T data)&#xD;
[xUnit.net 00:00:03.29]         C:\Users\anna\orleans\test\Extensions\TesterAzureUtils\AzureTableDataManagerTests.cs(35,0): at Tester.AzureUtils.AzureTableDataManagerTests.AzureTableDataManager_CreateTableEntryAsync()&#xD;
[xUnit.net 00:00:03.29]         --- End of stack trace from previous location ---&#xD;
[xUnit.net 00:00:03.33]   Finished:    Tester.AzureUtils&#xD;
</StdOut>
    </Output>
    <RunInfos>
      <RunInfo computerName="cloudtest-win10" outcome="Min" timestamp="2023-01-22T19:52:36.1132536+00:00">
        <Text>[xUnit.net 00:00:03.29]     Tester.AzureUtils.AzureTableDataManagerTests.AzureTableDataManager_CreateTableEntryAsync [FAIL]</Text>
      </RunInfo>
      <RunInfo computerName="cloudtest-win10" outcome="Warning" timestamp="2023-01-22T19:52:36.2760560+00:00">
        <Text>Data collector 'Blame' message: All tests finished running, Sequence file will not be generated.</Text>
      </RunInfo>
    </RunInfos>
  </ResultSummary>
</TestRun>