<?xml version="1.0" encoding="utf-8"?>
<TestRun id="3d262779-be19-49ce-8e1d-f16b68ecaa5e" name="anna@cloudtest-win10 2023-01-22 19:52:44" runUser="cloudtest-win10\anna" xmlns="http://microsoft.com/schemas/VisualStudio/TeamTest/2010">
  <Times creation="2023-01-22T19:52:44.9758454+00:00" queuing="2023-01-22T19:52:44.9758458+00:00" start="2023-01-22T19:52:38.5646696+00:00" finish="2023-01-22T19:52:45.0114258+00:00" />
  <TestSettings name="default" id="ff6fdad6-2a34-4e6a-8d20-bee1962b0c46">
    <Deployment runDeploymentRoot="anna_cloudtest-win10_2023-01-22_19_52_44" />
  </TestSettings>
  <Results>
    <UnitTestResult executionId="46a8d473-1a49-495a-a09c-b44b5fd14d22" testId="f7e60991-4842-8663-713d-bb1731c8ccbe" testName="Tester.AzureUtils.AzureTableDataManagerTests.AzureTableDataManager_CreateTableEntryAsync" computerName="cloudtest-win10" duration="00:00:01.5877618" startTime="2023-01-22T19:52:44.6723367+00:00" endTime="2023-01-22T19:52:44.6724608+00:00" testType="13cdc9d9-ddb5-4fa4-a97d-d965ccfc6d4b" outcome="Passed" testListId="8c84fa94-04c1-424b-9868-57a2d4851a1d" relativeResultsDirectory="46a8d473-1a49-495a-a09c-b44b5fd14d22" />
  </Results>
  <TestDefinitions>
    <UnitTest name="Tester.AzureUtils.AzureTableDataManagerTests.AzureTableDataManager_CreateTableEntryAsync" storage="c:\users\anna\orleans\test\extensions\testerazureutils\bin\debug\net7.0\tester.azureutils.dll" id="f7e60991-4842-8663-713d-bb1731c8ccbe">
      <Execution id="46a8d473-1a49-495a-a09c-b44b5fd14d22" />
      <TestMethod codeBase="C:\Users\anna\orleans\test\Extensions\TesterAzureUtils\bin\Debug\net7.0\Tester.AzureUtils.dll" adapterTypeName="executor://xunit/VsTestRunner2/netcoreapp" className="Tester.AzureUtils.AzureTableDataManagerTests" name="AzureTableDataManager_CreateTableEntryAsync" />
    </UnitTest>
  </TestDefinitions>
  <TestEntries>
    <TestEntry testId="f7e60991-4842-8663-713d-bb1731c8ccbe" executionId="46a8d473-1a49-495a-a09c-b44b5fd14d22" testListId="8c84fa94-04c1-424b-9868-57a2d4851a1d" />
  </TestEntries>
  <TestLists>
    <TestList name="Results Not in a List" id="8c84fa94-04c1-424b-9868-57a2d4851a1d" />
    <TestList name="All Loaded Results" id="19431567-8539-422a-85d7-44ee4e166bda" />
  </TestLists>
  <ResultSummary outcome="Completed">
    <Counters total="1" executed="1" passed="1" failed="0" error="0" timeout="0" aborted="0" inconclusive="0" passedButRunAborted="0" notRunnable="0" notExecuted="0" disconnected="0" warning="0" completed="0" inProgress="0" pending="0" />
    <Output>
      <StdOut>[xUnit.net 00:00:00.00] xUnit.net VSTest Adapter v2.4.5+1caef2f33e (64-bit .NET 7.0.2)&#xD;
[xUnit.net 00:00:01.27]   Discovering: Tester.AzureUtils (method display = ClassAndMethod, method display options = None)&#xD;
[xUnit.net 00:00:01.48]   Discovered:  Tester.AzureUtils (found 246 test cases)&#xD;
[xUnit.net 00:00:01.49]   Starting:    Tester.AzureUtils (parallel test collections = off, max threads = 4)&#xD;
[xUnit.net 00:00:03.18]   Finished:    Tester.AzureUtils&#xD;
</StdOut>
    </Output>
    <RunInfos>
      <RunInfo computerName="cloudtest-win10" outcome="Warning" timestamp="2023-01-22T19:52:44.8296701+00:00">
        <Text>Data collector 'Blame' message: All tests finished running, Sequence file will not be generated.</Text>
      </RunInfo>
    </RunInfos>
  </ResultSummary>
</TestRun>