<?xml version="1.0" encoding="utf-8"?>
<TestRun id="66724513-5d96-4ab8-9cfb-71121537e38d" name="anna@cloudtest-win10 2023-01-24 21:06:23" runUser="cloudtest-win10\anna" xmlns="http://microsoft.com/schemas/VisualStudio/TeamTest/2010">
  <Times creation="2023-01-24T21:06:23.9336920+00:00" queuing="2023-01-24T21:06:23.9336925+00:00" start="2023-01-24T21:05:53.4113429+00:00" finish="2023-01-24T21:06:23.9690438+00:00" />
  <TestSettings name="default" id="8ca87cde-d15d-44c8-b3da-c6bd44e07827">
    <Deployment runDeploymentRoot="anna_cloudtest-win10_2023-01-24_21_06_23" />
  </TestSettings>
  <Results>
    <UnitTestResult executionId="2e637ccb-8637-41c4-b4d7-02b346159451" testId="080ea717-12d1-b5de-d5de-38f4ea3442f3" testName="Tester.AzureUtils.Streaming.AQStreamingTests.AQ_01_OneProducerGrainOneConsumerGrain" computerName="cloudtest-win10" duration="00:00:07.7539319" startTime="2023-01-24T21:06:23.6195581+00:00" endTime="2023-01-24T21:06:23.6196251+00:00" testType="13cdc9d9-ddb5-4fa4-a97d-d965ccfc6d4b" outcome="Passed" testListId="8c84fa94-04c1-424b-9868-57a2d4851a1d" relativeResultsDirectory="2e637ccb-8637-41c4-b4d7-02b346159451" />
  </Results>
  <TestDefinitions>
    <UnitTest name="Tester.AzureUtils.Streaming.AQStreamingTests.AQ_01_OneProducerGrainOneConsumerGrain" storage="c:\users\anna\orleans\test\extensions\testerazureutils\bin\debug\net7.0\tester.azureutils.dll" id="080ea717-12d1-b5de-d5de-38f4ea3442f3">
      <Execution id="2e637ccb-8637-41c4-b4d7-02b346159451" />
      <TestMethod codeBase="C:\Users\anna\orleans\test\Extensions\TesterAzureUtils\bin\Debug\net7.0\Tester.AzureUtils.dll" adapterTypeName="executor://xunit/VsTestRunner2/netcoreapp" className="Tester.AzureUtils.Streaming.AQStreamingTests" name="AQ_01_OneProducerGrainOneConsumerGrain" />
    </UnitTest>
  </TestDefinitions>
  <TestEntries>
    <TestEntry testId="080ea717-12d1-b5de-d5de-38f4ea3442f3" executionId="2e637ccb-8637-41c4-b4d7-02b346159451" testListId="8c84fa94-04c1-424b-9868-57a2d4851a1d" />
  </TestEntries>
  <TestLists>
    <TestList name="Results Not in a List" id="8c84fa94-04c1-424b-9868-57a2d4851a1d" />
    <TestList name="All Loaded Results" id="19431567-8539-422a-85d7-44ee4e166bda" />
  </TestLists>
  <ResultSummary outcome="Completed">
    <Counters total="1" executed="1" passed="1" failed="0" error="0" timeout="0" aborted="0" inconclusive="0" passedButRunAborted="0" notRunnable="0" notExecuted="0" disconnected="0" warning="0" completed="0" inProgress="0" pending="0" />
    <Output>
      <StdOut>[xUnit.net 00:00:00.00] xUnit.net VSTest Adapter v2.4.5+1caef2f33e (64-bit .NET 7.0.2)&#xD;
[xUnit.net 00:00:01.24]   Discovering: Tester.AzureUtils (method display = ClassAndMethod, method display options = None)&#xD;
[xUnit.net 00:00:01.45]   Discovered:  Tester.AzureUtils (found 246 test cases)&#xD;
[xUnit.net 00:00:01.46]   Starting:    Tester.AzureUtils (parallel test collections = off, max threads = 4)&#xD;
[xUnit.net 00:00:27.28]   Finished:    Tester.AzureUtils&#xD;
</StdOut>
    </Output>
    <RunInfos>
      <RunInfo computerName="cloudtest-win10" outcome="Warning" timestamp="2023-01-24T21:06:23.7886484+00:00">
        <Text>Data collector 'Blame' message: All tests finished running, Sequence file will not be generated.</Text>
      </RunInfo>
    </RunInfos>
  </ResultSummary>
</TestRun>