<?xml version="1.0" encoding="utf-8"?>
<TestRun id="9f722782-c9d1-407d-8a55-f6900192f492" name="anna@cloudtest-win10 2023-01-24 21:06:56" runUser="cloudtest-win10\anna" xmlns="http://microsoft.com/schemas/VisualStudio/TeamTest/2010">
  <Times creation="2023-01-24T21:06:56.9176540+00:00" queuing="2023-01-24T21:06:56.9176548+00:00" start="2023-01-24T21:06:26.2711794+00:00" finish="2023-01-24T21:06:56.9538789+00:00" />
  <TestSettings name="default" id="75870dd7-9011-4ee2-8879-9a7945dbff02">
    <Deployment runDeploymentRoot="anna_cloudtest-win10_2023-01-24_21_06_56" />
  </TestSettings>
  <Results>
    <UnitTestResult executionId="fe70a5ba-9741-418f-9576-b9a42e8834b5" testId="080ea717-12d1-b5de-d5de-38f4ea3442f3" testName="Tester.AzureUtils.Streaming.AQStreamingTests.AQ_01_OneProducerGrainOneConsumerGrain" computerName="cloudtest-win10" duration="00:00:07.9499801" startTime="2023-01-24T21:06:56.6140625+00:00" endTime="2023-01-24T21:06:56.6141081+00:00" testType="13cdc9d9-ddb5-4fa4-a97d-d965ccfc6d4b" outcome="Passed" testListId="8c84fa94-04c1-424b-9868-57a2d4851a1d" relativeResultsDirectory="fe70a5ba-9741-418f-9576-b9a42e8834b5" />
  </Results>
  <TestDefinitions>
    <UnitTest name="Tester.AzureUtils.Streaming.AQStreamingTests.AQ_01_OneProducerGrainOneConsumerGrain" storage="c:\users\anna\orleans\test\extensions\testerazureutils\bin\debug\net7.0\tester.azureutils.dll" id="080ea717-12d1-b5de-d5de-38f4ea3442f3">
      <Execution id="fe70a5ba-9741-418f-9576-b9a42e8834b5" />
      <TestMethod codeBase="C:\Users\anna\orleans\test\Extensions\TesterAzureUtils\bin\Debug\net7.0\Tester.AzureUtils.dll" adapterTypeName="executor://xunit/VsTestRunner2/netcoreapp" className="Tester.AzureUtils.Streaming.AQStreamingTests" name="AQ_01_OneProducerGrainOneConsumerGrain" />
    </UnitTest>
  </TestDefinitions>
  <TestEntries>
    <TestEntry testId="080ea717-12d1-b5de-d5de-38f4ea3442f3" executionId="fe70a5ba-9741-418f-9576-b9a42e8834b5" testListId="8c84fa94-04c1-424b-9868-57a2d4851a1d" />
  </TestEntries>
  <TestLists>
    <TestList name="Results Not in a List" id="8c84fa94-04c1-424b-9868-57a2d4851a1d" />
    <TestList name="All Loaded Results" id="19431567-8539-422a-85d7-44ee4e166bda" />
  </TestLists>
  <ResultSummary outcome="Completed">
    <Counters total="1" executed="1" passed="1" failed="0" error="0" timeout="0" aborted="0" inconclusive="0" passedButRunAborted="0" notRunnable="0" notExecuted="0" disconnected="0" warning="0" completed="0" inProgress="0" pending="0" />
    <Output>
      <StdOut>[xUnit.net 00:00:00.00] xUnit.net VSTest Adapter v2.4.5+1caef2f33e (64-bit .NET 7.0.2)&#xD;
[xUnit.net 00:00:01.28]   Discovering: Tester.AzureUtils (method display = ClassAndMethod, method display options = None)&#xD;
[xUnit.net 00:00:01.48]   Discovered:  Tester.AzureUtils (found 246 test cases)&#xD;
[xUnit.net 00:00:01.50]   Starting:    Tester.AzureUtils (parallel test collections = off, max threads = 4)&#xD;
[xUnit.net 00:00:27.43]   Finished:    Tester.AzureUtils&#xD;
</StdOut>
    </Output>
    <RunInfos>
      <RunInfo computerName="cloudtest-win10" outcome="Warning" timestamp="2023-01-24T21:06:56.7746238+00:00">
        <Text>Data collector 'Blame' message: All tests finished running, Sequence file will not be generated.</Text>
      </RunInfo>
    </RunInfos>
  </ResultSummary>
</TestRun>