<?xml version="1.0" encoding="utf-8"?>
<TestRun id="6efdb166-5429-43a3-bd94-ea544eaa1390" name="anna@cloudtest-win10 2023-01-24 21:04:54" runUser="cloudtest-win10\anna" xmlns="http://microsoft.com/schemas/VisualStudio/TeamTest/2010">
  <Times creation="2023-01-24T21:04:54.7735475+00:00" queuing="2023-01-24T21:04:54.7735481+00:00" start="2023-01-24T21:04:24.3447429+00:00" finish="2023-01-24T21:04:54.8093944+00:00" />
  <TestSettings name="default" id="9f6d1e0c-035e-49d9-8076-094f76b81ba6">
    <Deployment runDeploymentRoot="anna_cloudtest-win10_2023-01-24_21_04_54" />
  </TestSettings>
  <Results>
    <UnitTestResult executionId="050182d0-ab92-4a5b-a8b2-cbfec9d3153a" testId="080ea717-12d1-b5de-d5de-38f4ea3442f3" testName="Tester.AzureUtils.Streaming.AQStreamingTests.AQ_01_OneProducerGrainOneConsumerGrain" computerName="cloudtest-win10" duration="00:00:07.5946972" startTime="2023-01-24T21:04:54.4669247+00:00" endTime="2023-01-24T21:04:54.4669710+00:00" testType="13cdc9d9-ddb5-4fa4-a97d-d965ccfc6d4b" outcome="Passed" testListId="8c84fa94-04c1-424b-9868-57a2d4851a1d" relativeResultsDirectory="050182d0-ab92-4a5b-a8b2-cbfec9d3153a" />
  </Results>
  <TestDefinitions>
    <UnitTest name="Tester.AzureUtils.Streaming.AQStreamingTests.AQ_01_OneProducerGrainOneConsumerGrain" storage="c:\users\anna\orleans\test\extensions\testerazureutils\bin\debug\net7.0\tester.azureutils.dll" id="080ea717-12d1-b5de-d5de-38f4ea3442f3">
      <Execution id="050182d0-ab92-4a5b-a8b2-cbfec9d3153a" />
      <TestMethod codeBase="C:\Users\anna\orleans\test\Extensions\TesterAzureUtils\bin\Debug\net7.0\Tester.AzureUtils.dll" adapterTypeName="executor://xunit/VsTestRunner2/netcoreapp" className="Tester.AzureUtils.Streaming.AQStreamingTests" name="AQ_01_OneProducerGrainOneConsumerGrain" />
    </UnitTest>
  </TestDefinitions>
  <TestEntries>
    <TestEntry testId="080ea717-12d1-b5de-d5de-38f4ea3442f3" executionId="050182d0-ab92-4a5b-a8b2-cbfec9d3153a" testListId="8c84fa94-04c1-424b-9868-57a2d4851a1d" />
  </TestEntries>
  <TestLists>
    <TestList name="Results Not in a List" id="8c84fa94-04c1-424b-9868-57a2d4851a1d" />
    <TestList name="All Loaded Results" id="19431567-8539-422a-85d7-44ee4e166bda" />
  </TestLists>
  <ResultSummary outcome="Completed">
    <Counters total="1" executed="1" passed="1" failed="0" error="0" timeout="0" aborted="0" inconclusive="0" passedButRunAborted="0" notRunnable="0" notExecuted="0" disconnected="0" warning="0" completed="0" inProgress="0" pending="0" />
    <Output>
      <StdOut>[xUnit.net 00:00:00.00] xUnit.net VSTest Adapter v2.4.5+1caef2f33e (64-bit .NET 7.0.2)&#xD;
[xUnit.net 00:00:01.24]   Discovering: Tester.AzureUtils (method display = ClassAndMethod, method display options = None)&#xD;
[xUnit.net 00:00:01.45]   Discovered:  Tester.AzureUtils (found 246 test cases)&#xD;
[xUnit.net 00:00:01.46]   Starting:    Tester.AzureUtils (parallel test collections = off, max threads = 4)&#xD;
[xUnit.net 00:00:27.22]   Finished:    Tester.AzureUtils&#xD;
</StdOut>
    </Output>
    <RunInfos>
      <RunInfo computerName="cloudtest-win10" outcome="Warning" timestamp="2023-01-24T21:04:54.6274204+00:00">
        <Text>Data collector 'Blame' message: All tests finished running, Sequence file will not be generated.</Text>
      </RunInfo>
    </RunInfos>
  </ResultSummary>
</TestRun>