<?xml version="1.0" encoding="utf-8"?>
<TestRun id="7042dc43-961f-451b-b113-8161809dbe3c" name="anna@cloudtest-win10 2023-01-25 01:19:26" runUser="cloudtest-win10\anna" xmlns="http://microsoft.com/schemas/VisualStudio/TeamTest/2010">
  <Times creation="2023-01-25T01:19:26.5216277+00:00" queuing="2023-01-25T01:19:26.5216284+00:00" start="2023-01-25T01:18:31.9570798+00:00" finish="2023-01-25T01:19:26.5578379+00:00" />
  <TestSettings name="default" id="38e1f101-ccfe-4c7c-9ee9-4baf4f0d0f0a">
    <Deployment runDeploymentRoot="anna_cloudtest-win10_2023-01-25_01_19_26" />
  </TestSettings>
  <Results>
    <UnitTestResult executionId="89cc0595-122e-461d-b354-ca43bcac0d05" testId="e6c7c98f-081d-2999-cc2c-ecbd88f0697a" testName="Tester.AzureUtils.Streaming.AQStreamingTests.AQ_19_ConsumerImplicitlySubscribedToProducerClient" computerName="cloudtest-win10" duration="00:00:30.9699133" startTime="2023-01-25T01:19:26.2072145+00:00" endTime="2023-01-25T01:19:26.2072663+00:00" testType="13cdc9d9-ddb5-4fa4-a97d-d965ccfc6d4b" outcome="Passed" testListId="8c84fa94-04c1-424b-9868-57a2d4851a1d" relativeResultsDirectory="89cc0595-122e-461d-b354-ca43bcac0d05" />
  </Results>
  <TestDefinitions>
    <UnitTest name="Tester.AzureUtils.Streaming.AQStreamingTests.AQ_19_ConsumerImplicitlySubscribedToProducerClient" storage="c:\users\anna\orleans\test\extensions\testerazureutils\bin\debug\net7.0\tester.azureutils.dll" id="e6c7c98f-081d-2999-cc2c-ecbd88f0697a">
      <Execution id="89cc0595-122e-461d-b354-ca43bcac0d05" />
      <TestMethod codeBase="C:\Users\anna\orleans\test\Extensions\TesterAzureUtils\bin\Debug\net7.0\Tester.AzureUtils.dll" adapterTypeName="executor://xunit/VsTestRunner2/netcoreapp" className="Tester.AzureUtils.Streaming.AQStreamingTests" name="AQ_19_ConsumerImplicitlySubscribedToProducerClient" />
    </UnitTest>
  </TestDefinitions>
  <TestEntries>
    <TestEntry testId="e6c7c98f-081d-2999-cc2c-ecbd88f0697a" executionId="89cc0595-122e-461d-b354-ca43bcac0d05" testListId="8c84fa94-04c1-424b-9868-57a2d4851a1d" />
  </TestEntries>
  <TestLists>
    <TestList name="Results Not in a List" id="8c84fa94-04c1-424b-9868-57a2d4851a1d" />
    <TestList name="All Loaded Results" id="19431567-8539-422a-85d7-44ee4e166bda" />
  </TestLists>
  <ResultSummary outcome="Completed">
    <Counters total="1" executed="1" passed="1" failed="0" error="0" timeout="0" aborted="0" inconclusive="0" passedButRunAborted="0" notRunnable="0" notExecuted="0" disconnected="0" warning="0" completed="0" inProgress="0" pending="0" />
    <Output>
      <StdOut>[xUnit.net 00:00:00.00] xUnit.net VSTest Adapter v2.4.5+1caef2f33e (64-bit .NET 7.0.2)&#xD;
[xUnit.net 00:00:01.25]   Discovering: Tester.AzureUtils (method display = ClassAndMethod, method display options = None)&#xD;
[xUnit.net 00:00:01.46]   Discovered:  Tester.AzureUtils (found 246 test cases)&#xD;
[xUnit.net 00:00:01.48]   Starting:    Tester.AzureUtils (parallel test collections = off, max threads = 4)&#xD;
[xUnit.net 00:00:51.36]   Finished:    Tester.AzureUtils&#xD;
</StdOut>
    </Output>
    <RunInfos>
      <RunInfo computerName="cloudtest-win10" outcome="Warning" timestamp="2023-01-25T01:19:26.3747860+00:00">
        <Text>Data collector 'Blame' message: All tests finished running, Sequence file will not be generated.</Text>
      </RunInfo>
    </RunInfos>
  </ResultSummary>
</TestRun>