<?xml version="1.0" encoding="utf-8"?>
<TestRun id="d93f4bf6-f803-411a-83ca-bb94231b5968" name="anna@cloudtest-win10 2023-01-25 01:25:13" runUser="cloudtest-win10\anna" xmlns="http://microsoft.com/schemas/VisualStudio/TeamTest/2010">
  <Times creation="2023-01-25T01:25:13.5435139+00:00" queuing="2023-01-25T01:25:13.5435144+00:00" start="2023-01-25T01:24:18.7636208+00:00" finish="2023-01-25T01:25:13.5808346+00:00" />
  <TestSettings name="default" id="6773fb25-e5fb-4aa1-a032-0e5963ab7994">
    <Deployment runDeploymentRoot="anna_cloudtest-win10_2023-01-25_01_25_13" />
  </TestSettings>
  <Results>
    <UnitTestResult executionId="5b108606-829b-41a4-a37e-9574597503cc" testId="e6c7c98f-081d-2999-cc2c-ecbd88f0697a" testName="Tester.AzureUtils.Streaming.AQStreamingTests.AQ_19_ConsumerImplicitlySubscribedToProducerClient" computerName="cloudtest-win10" duration="00:00:30.7555157" startTime="2023-01-25T01:25:13.2347765+00:00" endTime="2023-01-25T01:25:13.2348243+00:00" testType="13cdc9d9-ddb5-4fa4-a97d-d965ccfc6d4b" outcome="Passed" testListId="8c84fa94-04c1-424b-9868-57a2d4851a1d" relativeResultsDirectory="5b108606-829b-41a4-a37e-9574597503cc" />
  </Results>
  <TestDefinitions>
    <UnitTest name="Tester.AzureUtils.Streaming.AQStreamingTests.AQ_19_ConsumerImplicitlySubscribedToProducerClient" storage="c:\users\anna\orleans\test\extensions\testerazureutils\bin\debug\net7.0\tester.azureutils.dll" id="e6c7c98f-081d-2999-cc2c-ecbd88f0697a">
      <Execution id="5b108606-829b-41a4-a37e-9574597503cc" />
      <TestMethod codeBase="C:\Users\anna\orleans\test\Extensions\TesterAzureUtils\bin\Debug\net7.0\Tester.AzureUtils.dll" adapterTypeName="executor://xunit/VsTestRunner2/netcoreapp" className="Tester.AzureUtils.Streaming.AQStreamingTests" name="AQ_19_ConsumerImplicitlySubscribedToProducerClient" />
    </UnitTest>
  </TestDefinitions>
  <TestEntries>
    <TestEntry testId="e6c7c98f-081d-2999-cc2c-ecbd88f0697a" executionId="5b108606-829b-41a4-a37e-9574597503cc" testListId="8c84fa94-04c1-424b-9868-57a2d4851a1d" />
  </TestEntries>
  <TestLists>
    <TestList name="Results Not in a List" id="8c84fa94-04c1-424b-9868-57a2d4851a1d" />
    <TestList name="All Loaded Results" id="19431567-8539-422a-85d7-44ee4e166bda" />
  </TestLists>
  <ResultSummary outcome="Completed">
    <Counters total="1" executed="1" passed="1" failed="0" error="0" timeout="0" aborted="0" inconclusive="0" passedButRunAborted="0" notRunnable="0" notExecuted="0" disconnected="0" warning="0" completed="0" inProgress="0" pending="0" />
    <Output>
      <StdOut>[xUnit.net 00:00:00.00] xUnit.net VSTest Adapter v2.4.5+1caef2f33e (64-bit .NET 7.0.2)&#xD;
[xUnit.net 00:00:01.46]   Discovering: Tester.AzureUtils (method display = ClassAndMethod, method display options = None)&#xD;
[xUnit.net 00:00:01.67]   Discovered:  Tester.AzureUtils (found 246 test cases)&#xD;
[xUnit.net 00:00:01.68]   Starting:    Tester.AzureUtils (parallel test collections = off, max threads = 4)&#xD;
[xUnit.net 00:00:51.55]   Finished:    Tester.AzureUtils&#xD;
</StdOut>
    </Output>
    <RunInfos>
      <RunInfo computerName="cloudtest-win10" outcome="Warning" timestamp="2023-01-25T01:25:13.3993185+00:00">
        <Text>Data collector 'Blame' message: All tests finished running, Sequence file will not be generated.</Text>
      </RunInfo>
    </RunInfos>
  </ResultSummary>
</TestRun>