<?xml version="1.0" encoding="utf-8"?>
<TestRun id="84b4d286-98d7-4c15-a293-ad917fa2e97c" name="anna@cloudtest-win10 2023-01-22 19:00:23" runUser="cloudtest-win10\anna" xmlns="http://microsoft.com/schemas/VisualStudio/TeamTest/2010">
  <Times creation="2023-01-22T19:00:23.3482977+00:00" queuing="2023-01-22T19:00:23.3482982+00:00" start="2023-01-22T19:00:15.6000850+00:00" finish="2023-01-22T19:00:23.3881104+00:00" />
  <TestSettings name="default" id="9beb4c26-b62c-4d28-bf95-c696b054528c">
    <Deployment runDeploymentRoot="anna_cloudtest-win10_2023-01-22_19_00_23" />
  </TestSettings>
  <Results>
    <UnitTestResult executionId="3c09c6af-fa30-4a49-a314-60f62f7cf4e2" testId="07d0ba55-47b1-e83b-d97b-1b52020f0e86" testName="Tester.AzureUtils.AzureMembershipTableTests.MembershipTable_Azure_InsertRow" computerName="cloudtest-win10" duration="00:00:01.7562873" startTime="2023-01-22T19:00:23.0313533+00:00" endTime="2023-01-22T19:00:23.0313999+00:00" testType="13cdc9d9-ddb5-4fa4-a97d-d965ccfc6d4b" outcome="Failed" testListId="8c84fa94-04c1-424b-9868-57a2d4851a1d" relativeResultsDirectory="3c09c6af-fa30-4a49-a314-60f62f7cf4e2">
      <Output>
        <ErrorInfo>
          <Message>InsertRow failed&#xD;
Expected: True&#xD;
Actual:   False</Message>
          <StackTrace>   at UnitTests.MembershipTests.MembershipTableTestsBase.MembershipTable_InsertRow(Boolean extendedProtocol) in C:\Users\anna\orleans\test\TesterInternal\MembershipTests\MembershipTableTestsBase.cs:line 155&#xD;
   at Tester.AzureUtils.AzureMembershipTableTests.MembershipTable_Azure_InsertRow() in C:\Users\anna\orleans\test\Extensions\TesterAzureUtils\AzureMembershipTableTests.cs:line 76&#xD;
--- End of stack trace from previous location ---</StackTrace>
        </ErrorInfo>
      </Output>
    </UnitTestResult>
  </Results>
  <TestDefinitions>
    <UnitTest name="Tester.AzureUtils.AzureMembershipTableTests.MembershipTable_Azure_InsertRow" storage="c:\users\anna\orleans\test\extensions\testerazureutils\bin\debug\net7.0\tester.azureutils.dll" id="07d0ba55-47b1-e83b-d97b-1b52020f0e86">
      <Execution id="3c09c6af-fa30-4a49-a314-60f62f7cf4e2" />
      <TestMethod codeBase="C:\Users\anna\orleans\test\Extensions\TesterAzureUtils\bin\Debug\net7.0\Tester.AzureUtils.dll" adapterTypeName="executor://xunit/VsTestRunner2/netcoreapp" className="Tester.AzureUtils.AzureMembershipTableTests" name="MembershipTable_Azure_InsertRow" />
    </UnitTest>
  </TestDefinitions>
  <TestEntries>
    <TestEntry testId="07d0ba55-47b1-e83b-d97b-1b52020f0e86" executionId="3c09c6af-fa30-4a49-a314-60f62f7cf4e2" testListId="8c84fa94-04c1-424b-9868-57a2d4851a1d" />
  </TestEntries>
  <TestLists>
    <TestList name="Results Not in a List" id="8c84fa94-04c1-424b-9868-57a2d4851a1d" />
    <TestList name="All Loaded Results" id="19431567-8539-422a-85d7-44ee4e166bda" />
  </TestLists>
  <ResultSummary outcome="Failed">
    <Counters total="1" executed="1" passed="0" failed="1" error="0" timeout="0" aborted="0" inconclusive="0" passedButRunAborted="0" notRunnable="0" notExecuted="0" disconnected="0" warning="0" completed="0" inProgress="0" pending="0" />
    <Output>
      <StdOut>[xUnit.net 00:00:00.00] xUnit.net VSTest Adapter v2.4.5+1caef2f33e (64-bit .NET 7.0.2)&#xD;
[xUnit.net 00:00:01.30]   Discovering: Tester.AzureUtils (method display = ClassAndMethod, method display options = None)&#xD;
[xUnit.net 00:00:01.52]   Discovered:  Tester.AzureUtils (found 246 test cases)&#xD;
[xUnit.net 00:00:01.53]   Starting:    Tester.AzureUtils (parallel test collections = off, max threads = 4)&#xD;
[xUnit.net 00:00:04.35]       InsertRow failed&#xD;
[xUnit.net 00:00:04.35]       Expected: True&#xD;
[xUnit.net 00:00:04.35]       Actual:   False&#xD;
[xUnit.net 00:00:04.35]       Stack Trace:&#xD;
[xUnit.net 00:00:04.35]         C:\Users\anna\orleans\test\TesterInternal\MembershipTests\MembershipTableTestsBase.cs(155,0): at UnitTests.MembershipTests.MembershipTableTestsBase.MembershipTable_InsertRow(Boolean extendedProtocol)&#xD;
[xUnit.net 00:00:04.36]         C:\Users\anna\orleans\test\Extensions\TesterAzureUtils\AzureMembershipTableTests.cs(76,0): at Tester.AzureUtils.AzureMembershipTableTests.MembershipTable_Azure_InsertRow()&#xD;
[xUnit.net 00:00:04.36]         --- End of stack trace from previous location ---&#xD;
[xUnit.net 00:00:04.39]   Finished:    Tester.AzureUtils&#xD;
</StdOut>
    </Output>
    <RunInfos>
      <RunInfo computerName="cloudtest-win10" outcome="Min" timestamp="2023-01-22T19:00:23.0265329+00:00">
        <Text>[xUnit.net 00:00:04.35]     Tester.AzureUtils.AzureMembershipTableTests.MembershipTable_Azure_InsertRow [FAIL]</Text>
      </RunInfo>
      <RunInfo computerName="cloudtest-win10" outcome="Warning" timestamp="2023-01-22T19:00:23.1998109+00:00">
        <Text>Data collector 'Blame' message: All tests finished running, Sequence file will not be generated.</Text>
      </RunInfo>
    </RunInfos>
  </ResultSummary>
</TestRun>