<?xml version="1.0" encoding="utf-8"?>
<TestRun id="1b79f118-3127-4c1c-81fc-e1a5b7ce062c" name="anna@cloudtest-win10 2023-01-22 19:00:13" runUser="cloudtest-win10\anna" xmlns="http://microsoft.com/schemas/VisualStudio/TeamTest/2010">
  <Times creation="2023-01-22T19:00:13.3995640+00:00" queuing="2023-01-22T19:00:13.3995647+00:00" start="2023-01-22T19:00:05.5198848+00:00" finish="2023-01-22T19:00:13.4366183+00:00" />
  <TestSettings name="default" id="3d575857-0219-42b1-8e77-7953c131b559">
    <Deployment runDeploymentRoot="anna_cloudtest-win10_2023-01-22_19_00_13" />
  </TestSettings>
  <Results>
    <UnitTestResult executionId="15b0044b-9f23-4cca-8f28-124dd429eec6" testId="07d0ba55-47b1-e83b-d97b-1b52020f0e86" testName="Tester.AzureUtils.AzureMembershipTableTests.MembershipTable_Azure_InsertRow" computerName="cloudtest-win10" duration="00:00:01.9989709" startTime="2023-01-22T19:00:13.0822411+00:00" endTime="2023-01-22T19:00:13.0822921+00:00" testType="13cdc9d9-ddb5-4fa4-a97d-d965ccfc6d4b" outcome="Passed" testListId="8c84fa94-04c1-424b-9868-57a2d4851a1d" relativeResultsDirectory="15b0044b-9f23-4cca-8f28-124dd429eec6" />
  </Results>
  <TestDefinitions>
    <UnitTest name="Tester.AzureUtils.AzureMembershipTableTests.MembershipTable_Azure_InsertRow" storage="c:\users\anna\orleans\test\extensions\testerazureutils\bin\debug\net7.0\tester.azureutils.dll" id="07d0ba55-47b1-e83b-d97b-1b52020f0e86">
      <Execution id="15b0044b-9f23-4cca-8f28-124dd429eec6" />
      <TestMethod codeBase="C:\Users\anna\orleans\test\Extensions\TesterAzureUtils\bin\Debug\net7.0\Tester.AzureUtils.dll" adapterTypeName="executor://xunit/VsTestRunner2/netcoreapp" className="Tester.AzureUtils.AzureMembershipTableTests" name="MembershipTable_Azure_InsertRow" />
    </UnitTest>
  </TestDefinitions>
  <TestEntries>
    <TestEntry testId="07d0ba55-47b1-e83b-d97b-1b52020f0e86" executionId="15b0044b-9f23-4cca-8f28-124dd429eec6" testListId="8c84fa94-04c1-424b-9868-57a2d4851a1d" />
  </TestEntries>
  <TestLists>
    <TestList name="Results Not in a List" id="8c84fa94-04c1-424b-9868-57a2d4851a1d" />
    <TestList name="All Loaded Results" id="19431567-8539-422a-85d7-44ee4e166bda" />
  </TestLists>
  <ResultSummary outcome="Completed">
    <Counters total="1" executed="1" passed="1" failed="0" error="0" timeout="0" aborted="0" inconclusive="0" passedButRunAborted="0" notRunnable="0" notExecuted="0" disconnected="0" warning="0" completed="0" inProgress="0" pending="0" />
    <Output>
      <StdOut>[xUnit.net 00:00:00.00] xUnit.net VSTest Adapter v2.4.5+1caef2f33e (64-bit .NET 7.0.2)&#xD;
[xUnit.net 00:00:01.28]   Discovering: Tester.AzureUtils (method display = ClassAndMethod, method display options = None)&#xD;
[xUnit.net 00:00:01.50]   Discovered:  Tester.AzureUtils (found 246 test cases)&#xD;
[xUnit.net 00:00:01.51]   Starting:    Tester.AzureUtils (parallel test collections = off, max threads = 4)&#xD;
[xUnit.net 00:00:04.60]   Finished:    Tester.AzureUtils&#xD;
</StdOut>
    </Output>
    <RunInfos>
      <RunInfo computerName="cloudtest-win10" outcome="Warning" timestamp="2023-01-22T19:00:13.2493842+00:00">
        <Text>Data collector 'Blame' message: All tests finished running, Sequence file will not be generated.</Text>
      </RunInfo>
    </RunInfos>
  </ResultSummary>
</TestRun>