<?xml version="1.0" encoding="utf-8"?>
<TestRun id="199fa77e-f8f6-43b6-bfe2-934d8b4db491" name="anna@cloudtest-win10 2023-01-22 18:59:53" runUser="cloudtest-win10\anna" xmlns="http://microsoft.com/schemas/VisualStudio/TeamTest/2010">
  <Times creation="2023-01-22T18:59:53.2485165+00:00" queuing="2023-01-22T18:59:53.2485169+00:00" start="2023-01-22T18:59:45.2109522+00:00" finish="2023-01-22T18:59:53.2853789+00:00" />
  <TestSettings name="default" id="27ac7949-eaab-40e5-b233-7ca3acca5f20">
    <Deployment runDeploymentRoot="anna_cloudtest-win10_2023-01-22_18_59_53" />
  </TestSettings>
  <Results>
    <UnitTestResult executionId="82f832e8-3725-4202-81ca-b45890781512" testId="07d0ba55-47b1-e83b-d97b-1b52020f0e86" testName="Tester.AzureUtils.AzureMembershipTableTests.MembershipTable_Azure_InsertRow" computerName="cloudtest-win10" duration="00:00:02.1816314" startTime="2023-01-22T18:59:52.9309167+00:00" endTime="2023-01-22T18:59:52.9309656+00:00" testType="13cdc9d9-ddb5-4fa4-a97d-d965ccfc6d4b" outcome="Passed" testListId="8c84fa94-04c1-424b-9868-57a2d4851a1d" relativeResultsDirectory="82f832e8-3725-4202-81ca-b45890781512" />
  </Results>
  <TestDefinitions>
    <UnitTest name="Tester.AzureUtils.AzureMembershipTableTests.MembershipTable_Azure_InsertRow" storage="c:\users\anna\orleans\test\extensions\testerazureutils\bin\debug\net7.0\tester.azureutils.dll" id="07d0ba55-47b1-e83b-d97b-1b52020f0e86">
      <Execution id="82f832e8-3725-4202-81ca-b45890781512" />
      <TestMethod codeBase="C:\Users\anna\orleans\test\Extensions\TesterAzureUtils\bin\Debug\net7.0\Tester.AzureUtils.dll" adapterTypeName="executor://xunit/VsTestRunner2/netcoreapp" className="Tester.AzureUtils.AzureMembershipTableTests" name="MembershipTable_Azure_InsertRow" />
    </UnitTest>
  </TestDefinitions>
  <TestEntries>
    <TestEntry testId="07d0ba55-47b1-e83b-d97b-1b52020f0e86" executionId="82f832e8-3725-4202-81ca-b45890781512" testListId="8c84fa94-04c1-424b-9868-57a2d4851a1d" />
  </TestEntries>
  <TestLists>
    <TestList name="Results Not in a List" id="8c84fa94-04c1-424b-9868-57a2d4851a1d" />
    <TestList name="All Loaded Results" id="19431567-8539-422a-85d7-44ee4e166bda" />
  </TestLists>
  <ResultSummary outcome="Completed">
    <Counters total="1" executed="1" passed="1" failed="0" error="0" timeout="0" aborted="0" inconclusive="0" passedButRunAborted="0" notRunnable="0" notExecuted="0" disconnected="0" warning="0" completed="0" inProgress="0" pending="0" />
    <Output>
      <StdOut>[xUnit.net 00:00:00.00] xUnit.net VSTest Adapter v2.4.5+1caef2f33e (64-bit .NET 7.0.2)&#xD;
[xUnit.net 00:00:01.27]   Discovering: Tester.AzureUtils (method display = ClassAndMethod, method display options = None)&#xD;
[xUnit.net 00:00:01.48]   Discovered:  Tester.AzureUtils (found 246 test cases)&#xD;
[xUnit.net 00:00:01.50]   Starting:    Tester.AzureUtils (parallel test collections = off, max threads = 4)&#xD;
[xUnit.net 00:00:04.77]   Finished:    Tester.AzureUtils&#xD;
</StdOut>
    </Output>
    <RunInfos>
      <RunInfo computerName="cloudtest-win10" outcome="Warning" timestamp="2023-01-22T18:59:53.0987246+00:00">
        <Text>Data collector 'Blame' message: All tests finished running, Sequence file will not be generated.</Text>
      </RunInfo>
    </RunInfos>
  </ResultSummary>
</TestRun>