<?xml version="1.0" encoding="utf-8"?>
<TestRun id="4071c084-a654-4d74-8f37-4549af9b3edb" name="anna@cloudtest-win10 2023-01-25 00:38:16" runUser="cloudtest-win10\anna" xmlns="http://microsoft.com/schemas/VisualStudio/TeamTest/2010">
  <Times creation="2023-01-25T00:38:16.4433841+00:00" queuing="2023-01-25T00:38:16.4433845+00:00" start="2023-01-25T00:37:45.5965635+00:00" finish="2023-01-25T00:38:16.4799595+00:00" />
  <TestSettings name="default" id="2ef52b0f-d480-40a0-bd1e-290a7615b64e">
    <Deployment runDeploymentRoot="anna_cloudtest-win10_2023-01-25_00_38_16" />
  </TestSettings>
  <Results>
    <UnitTestResult executionId="55efea96-7cf8-47c0-92f9-204553f84dda" testId="7b15b4ad-4b0c-848d-0b42-042a369a2b9c" testName="Tester.AzureUtils.Streaming.AQStreamingTests.AQ_10_ManySame_ManyConsumerGrainsManyProducerGrains" computerName="cloudtest-win10" duration="00:00:07.1342999" startTime="2023-01-25T00:38:16.1284985+00:00" endTime="2023-01-25T00:38:16.1285528+00:00" testType="13cdc9d9-ddb5-4fa4-a97d-d965ccfc6d4b" outcome="Passed" testListId="8c84fa94-04c1-424b-9868-57a2d4851a1d" relativeResultsDirectory="55efea96-7cf8-47c0-92f9-204553f84dda" />
  </Results>
  <TestDefinitions>
    <UnitTest name="Tester.AzureUtils.Streaming.AQStreamingTests.AQ_10_ManySame_ManyConsumerGrainsManyProducerGrains" storage="c:\users\anna\orleans\test\extensions\testerazureutils\bin\debug\net7.0\tester.azureutils.dll" id="7b15b4ad-4b0c-848d-0b42-042a369a2b9c">
      <Execution id="55efea96-7cf8-47c0-92f9-204553f84dda" />
      <TestMethod codeBase="C:\Users\anna\orleans\test\Extensions\TesterAzureUtils\bin\Debug\net7.0\Tester.AzureUtils.dll" adapterTypeName="executor://xunit/VsTestRunner2/netcoreapp" className="Tester.AzureUtils.Streaming.AQStreamingTests" name="AQ_10_ManySame_ManyConsumerGrainsManyProducerGrains" />
    </UnitTest>
  </TestDefinitions>
  <TestEntries>
    <TestEntry testId="7b15b4ad-4b0c-848d-0b42-042a369a2b9c" executionId="55efea96-7cf8-47c0-92f9-204553f84dda" testListId="8c84fa94-04c1-424b-9868-57a2d4851a1d" />
  </TestEntries>
  <TestLists>
    <TestList name="Results Not in a List" id="8c84fa94-04c1-424b-9868-57a2d4851a1d" />
    <TestList name="All Loaded Results" id="19431567-8539-422a-85d7-44ee4e166bda" />
  </TestLists>
  <ResultSummary outcome="Completed">
    <Counters total="1" executed="1" passed="1" failed="0" error="0" timeout="0" aborted="0" inconclusive="0" passedButRunAborted="0" notRunnable="0" notExecuted="0" disconnected="0" warning="0" completed="0" inProgress="0" pending="0" />
    <Output>
      <StdOut>[xUnit.net 00:00:00.00] xUnit.net VSTest Adapter v2.4.5+1caef2f33e (64-bit .NET 7.0.2)&#xD;
[xUnit.net 00:00:01.26]   Discovering: Tester.AzureUtils (method display = ClassAndMethod, method display options = None)&#xD;
[xUnit.net 00:00:01.47]   Discovered:  Tester.AzureUtils (found 246 test cases)&#xD;
[xUnit.net 00:00:01.48]   Starting:    Tester.AzureUtils (parallel test collections = off, max threads = 4)&#xD;
[xUnit.net 00:00:27.61]   Finished:    Tester.AzureUtils&#xD;
</StdOut>
    </Output>
    <RunInfos>
      <RunInfo computerName="cloudtest-win10" outcome="Warning" timestamp="2023-01-25T00:38:16.2993510+00:00">
        <Text>Data collector 'Blame' message: All tests finished running, Sequence file will not be generated.</Text>
      </RunInfo>
    </RunInfos>
  </ResultSummary>
</TestRun>