<?xml version="1.0" encoding="utf-8"?>
<TestRun id="b0ad36ad-3ca9-4fef-8b80-869ee1de923d" name="anna@cloudtest-win10 2023-01-25 00:36:45" runUser="cloudtest-win10\anna" xmlns="http://microsoft.com/schemas/VisualStudio/TeamTest/2010">
  <Times creation="2023-01-25T00:36:45.2070039+00:00" queuing="2023-01-25T00:36:45.2070045+00:00" start="2023-01-25T00:36:14.4799193+00:00" finish="2023-01-25T00:36:45.2431655+00:00" />
  <TestSettings name="default" id="b95f04a9-f476-429f-9dd7-c61b404cb3bf">
    <Deployment runDeploymentRoot="anna_cloudtest-win10_2023-01-25_00_36_45" />
  </TestSettings>
  <Results>
    <UnitTestResult executionId="66430250-7821-48b9-859d-40be2189100b" testId="7b15b4ad-4b0c-848d-0b42-042a369a2b9c" testName="Tester.AzureUtils.Streaming.AQStreamingTests.AQ_10_ManySame_ManyConsumerGrainsManyProducerGrains" computerName="cloudtest-win10" duration="00:00:07.1780234" startTime="2023-01-25T00:36:44.8846321+00:00" endTime="2023-01-25T00:36:44.8847496+00:00" testType="13cdc9d9-ddb5-4fa4-a97d-d965ccfc6d4b" outcome="Passed" testListId="8c84fa94-04c1-424b-9868-57a2d4851a1d" relativeResultsDirectory="66430250-7821-48b9-859d-40be2189100b" />
  </Results>
  <TestDefinitions>
    <UnitTest name="Tester.AzureUtils.Streaming.AQStreamingTests.AQ_10_ManySame_ManyConsumerGrainsManyProducerGrains" storage="c:\users\anna\orleans\test\extensions\testerazureutils\bin\debug\net7.0\tester.azureutils.dll" id="7b15b4ad-4b0c-848d-0b42-042a369a2b9c">
      <Execution id="66430250-7821-48b9-859d-40be2189100b" />
      <TestMethod codeBase="C:\Users\anna\orleans\test\Extensions\TesterAzureUtils\bin\Debug\net7.0\Tester.AzureUtils.dll" adapterTypeName="executor://xunit/VsTestRunner2/netcoreapp" className="Tester.AzureUtils.Streaming.AQStreamingTests" name="AQ_10_ManySame_ManyConsumerGrainsManyProducerGrains" />
    </UnitTest>
  </TestDefinitions>
  <TestEntries>
    <TestEntry testId="7b15b4ad-4b0c-848d-0b42-042a369a2b9c" executionId="66430250-7821-48b9-859d-40be2189100b" testListId="8c84fa94-04c1-424b-9868-57a2d4851a1d" />
  </TestEntries>
  <TestLists>
    <TestList name="Results Not in a List" id="8c84fa94-04c1-424b-9868-57a2d4851a1d" />
    <TestList name="All Loaded Results" id="19431567-8539-422a-85d7-44ee4e166bda" />
  </TestLists>
  <ResultSummary outcome="Completed">
    <Counters total="1" executed="1" passed="1" failed="0" error="0" timeout="0" aborted="0" inconclusive="0" passedButRunAborted="0" notRunnable="0" notExecuted="0" disconnected="0" warning="0" completed="0" inProgress="0" pending="0" />
    <Output>
      <StdOut>[xUnit.net 00:00:00.00] xUnit.net VSTest Adapter v2.4.5+1caef2f33e (64-bit .NET 7.0.2)&#xD;
[xUnit.net 00:00:01.26]   Discovering: Tester.AzureUtils (method display = ClassAndMethod, method display options = None)&#xD;
[xUnit.net 00:00:01.46]   Discovered:  Tester.AzureUtils (found 246 test cases)&#xD;
[xUnit.net 00:00:01.47]   Starting:    Tester.AzureUtils (parallel test collections = off, max threads = 4)&#xD;
[xUnit.net 00:00:27.50]   Finished:    Tester.AzureUtils&#xD;
</StdOut>
    </Output>
    <RunInfos>
      <RunInfo computerName="cloudtest-win10" outcome="Warning" timestamp="2023-01-25T00:36:45.0597836+00:00">
        <Text>Data collector 'Blame' message: All tests finished running, Sequence file will not be generated.</Text>
      </RunInfo>
    </RunInfos>
  </ResultSummary>
</TestRun>