<?xml version="1.0" encoding="utf-8"?>
<TestRun id="d6048ad9-ae11-41a0-84e3-66aa36919619" name="anna@cloudtest-win10 2023-01-25 01:30:06" runUser="cloudtest-win10\anna" xmlns="http://microsoft.com/schemas/VisualStudio/TeamTest/2010">
  <Times creation="2023-01-25T01:30:06.3185804+00:00" queuing="2023-01-25T01:30:06.3185810+00:00" start="2023-01-25T01:29:09.4452084+00:00" finish="2023-01-25T01:30:06.3581331+00:00" />
  <TestSettings name="default" id="55afeac1-8f67-45f8-aa54-63ee466feb90">
    <Deployment runDeploymentRoot="anna_cloudtest-win10_2023-01-25_01_30_06" />
  </TestSettings>
  <Results>
    <UnitTestResult executionId="b7849085-515e-4cba-aeda-e9ba6def5504" testId="d6dd809e-992a-3461-062e-a665238efa0b" testName="Tester.AzureUtils.Streaming.AQStreamingTests.AQ_20_ConsumerImplicitlySubscribedToProducerGrain" computerName="cloudtest-win10" duration="00:00:31.6770820" startTime="2023-01-25T01:30:06.0012237+00:00" endTime="2023-01-25T01:30:06.0012681+00:00" testType="13cdc9d9-ddb5-4fa4-a97d-d965ccfc6d4b" outcome="Failed" testListId="8c84fa94-04c1-424b-9868-57a2d4851a1d" relativeResultsDirectory="b7849085-515e-4cba-aeda-e9ba6def5504">
      <Output>
        <ErrorInfo>
          <Message>Assert.Equal() Failure&#xD;
Expected: 10&#xD;
Actual:   11</Message>
          <StackTrace>   at UnitTests.StreamingTests.SingleStreamTestRunner.CheckCounters(ProducerProxy producer, ConsumerProxy consumer, Boolean assertAreEqual) in C:\Users\anna\orleans\test\TesterInternal\StreamingTests\SingleStreamTestRunner.cs:line 479&#xD;
   at UnitTests.StreamingTests.SingleStreamTestRunner.StreamTest_20_ConsumerImplicitlySubscribedToProducerGrain() in C:\Users\anna\orleans\test\TesterInternal\StreamingTests\SingleStreamTestRunner.cs:line 351&#xD;
   at Tester.AzureUtils.Streaming.AQStreamingTests.AQ_20_ConsumerImplicitlySubscribedToProducerGrain() in C:\Users\anna\orleans\test\Extensions\TesterAzureUtils\Streaming\AQStreamingTests.cs:line 224&#xD;
--- End of stack trace from previous location ---</StackTrace>
        </ErrorInfo>
      </Output>
    </UnitTestResult>
  </Results>
  <TestDefinitions>
    <UnitTest name="Tester.AzureUtils.Streaming.AQStreamingTests.AQ_20_ConsumerImplicitlySubscribedToProducerGrain" storage="c:\users\anna\orleans\test\extensions\testerazureutils\bin\debug\net7.0\tester.azureutils.dll" id="d6dd809e-992a-3461-062e-a665238efa0b">
      <Execution id="b7849085-515e-4cba-aeda-e9ba6def5504" />
      <TestMethod codeBase="C:\Users\anna\orleans\test\Extensions\TesterAzureUtils\bin\Debug\net7.0\Tester.AzureUtils.dll" adapterTypeName="executor://xunit/VsTestRunner2/netcoreapp" className="Tester.AzureUtils.Streaming.AQStreamingTests" name="AQ_20_ConsumerImplicitlySubscribedToProducerGrain" />
    </UnitTest>
  </TestDefinitions>
  <TestEntries>
    <TestEntry testId="d6dd809e-992a-3461-062e-a665238efa0b" executionId="b7849085-515e-4cba-aeda-e9ba6def5504" testListId="8c84fa94-04c1-424b-9868-57a2d4851a1d" />
  </TestEntries>
  <TestLists>
    <TestList name="Results Not in a List" id="8c84fa94-04c1-424b-9868-57a2d4851a1d" />
    <TestList name="All Loaded Results" id="19431567-8539-422a-85d7-44ee4e166bda" />
  </TestLists>
  <ResultSummary outcome="Failed">
    <Counters total="1" executed="1" passed="0" failed="1" error="0" timeout="0" aborted="0" inconclusive="0" passedButRunAborted="0" notRunnable="0" notExecuted="0" disconnected="0" warning="0" completed="0" inProgress="0" pending="0" />
    <Output>
      <StdOut>[xUnit.net 00:00:00.00] xUnit.net VSTest Adapter v2.4.5+1caef2f33e (64-bit .NET 7.0.2)&#xD;
[xUnit.net 00:00:01.28]   Discovering: Tester.AzureUtils (method display = ClassAndMethod, method display options = None)&#xD;
[xUnit.net 00:00:01.49]   Discovered:  Tester.AzureUtils (found 246 test cases)&#xD;
[xUnit.net 00:00:01.50]   Starting:    Tester.AzureUtils (parallel test collections = off, max threads = 4)&#xD;
[xUnit.net 00:00:52.85]       Assert.Equal() Failure&#xD;
[xUnit.net 00:00:52.85]       Expected: 10&#xD;
[xUnit.net 00:00:52.85]       Actual:   11&#xD;
[xUnit.net 00:00:52.86]       Stack Trace:&#xD;
[xUnit.net 00:00:52.86]         C:\Users\anna\orleans\test\TesterInternal\StreamingTests\SingleStreamTestRunner.cs(479,0): at UnitTests.StreamingTests.SingleStreamTestRunner.CheckCounters(ProducerProxy producer, ConsumerProxy consumer, Boolean assertAreEqual)&#xD;
[xUnit.net 00:00:52.86]         C:\Users\anna\orleans\test\TesterInternal\StreamingTests\SingleStreamTestRunner.cs(351,0): at UnitTests.StreamingTests.SingleStreamTestRunner.StreamTest_20_ConsumerImplicitlySubscribedToProducerGrain()&#xD;
[xUnit.net 00:00:52.86]         C:\Users\anna\orleans\test\Extensions\TesterAzureUtils\Streaming\AQStreamingTests.cs(224,0): at Tester.AzureUtils.Streaming.AQStreamingTests.AQ_20_ConsumerImplicitlySubscribedToProducerGrain()&#xD;
[xUnit.net 00:00:52.86]         --- End of stack trace from previous location ---&#xD;
[xUnit.net 00:00:52.89]   Finished:    Tester.AzureUtils&#xD;
</StdOut>
    </Output>
    <RunInfos>
      <RunInfo computerName="cloudtest-win10" outcome="Min" timestamp="2023-01-25T01:30:05.9958216+00:00">
        <Text>[xUnit.net 00:00:52.85]     Tester.AzureUtils.Streaming.AQStreamingTests.AQ_20_ConsumerImplicitlySubscribedToProducerGrain [FAIL]</Text>
      </RunInfo>
      <RunInfo computerName="cloudtest-win10" outcome="Warning" timestamp="2023-01-25T01:30:06.1714270+00:00">
        <Text>Data collector 'Blame' message: All tests finished running, Sequence file will not be generated.</Text>
      </RunInfo>
    </RunInfos>
  </ResultSummary>
</TestRun>