<?xml version="1.0" encoding="utf-8"?>
<TestRun id="609e26d9-7f47-4392-b54d-2beddf569304" name="anna@cloudtest-win10 2023-01-22 19:39:29" runUser="cloudtest-win10\anna" xmlns="http://microsoft.com/schemas/VisualStudio/TeamTest/2010">
  <Times creation="2023-01-22T19:39:29.4616063+00:00" queuing="2023-01-22T19:39:29.4616073+00:00" start="2023-01-22T19:39:23.3850572+00:00" finish="2023-01-22T19:39:29.4972606+00:00" />
  <TestSettings name="default" id="4837702c-1018-4bc1-9549-fc115f86488b">
    <Deployment runDeploymentRoot="anna_cloudtest-win10_2023-01-22_19_39_29" />
  </TestSettings>
  <Results>
    <UnitTestResult executionId="1bb21c6a-d500-4cb1-b502-f75130f1712e" testId="f16aa026-a4b0-5ea6-8637-84dd3952addc" testName="Tester.AzureUtils.AzureQueueDataManagerTests.AQ_Standalone_1" computerName="cloudtest-win10" duration="00:00:00.9284916" startTime="2023-01-22T19:39:29.1498907+00:00" endTime="2023-01-22T19:39:29.1499520+00:00" testType="13cdc9d9-ddb5-4fa4-a97d-d965ccfc6d4b" outcome="Passed" testListId="8c84fa94-04c1-424b-9868-57a2d4851a1d" relativeResultsDirectory="1bb21c6a-d500-4cb1-b502-f75130f1712e" />
  </Results>
  <TestDefinitions>
    <UnitTest name="Tester.AzureUtils.AzureQueueDataManagerTests.AQ_Standalone_1" storage="c:\users\anna\orleans\test\extensions\testerazureutils\bin\debug\net7.0\tester.azureutils.dll" id="f16aa026-a4b0-5ea6-8637-84dd3952addc">
      <Execution id="1bb21c6a-d500-4cb1-b502-f75130f1712e" />
      <TestMethod codeBase="C:\Users\anna\orleans\test\Extensions\TesterAzureUtils\bin\Debug\net7.0\Tester.AzureUtils.dll" adapterTypeName="executor://xunit/VsTestRunner2/netcoreapp" className="Tester.AzureUtils.AzureQueueDataManagerTests" name="AQ_Standalone_1" />
    </UnitTest>
  </TestDefinitions>
  <TestEntries>
    <TestEntry testId="f16aa026-a4b0-5ea6-8637-84dd3952addc" executionId="1bb21c6a-d500-4cb1-b502-f75130f1712e" testListId="8c84fa94-04c1-424b-9868-57a2d4851a1d" />
  </TestEntries>
  <TestLists>
    <TestList name="Results Not in a List" id="8c84fa94-04c1-424b-9868-57a2d4851a1d" />
    <TestList name="All Loaded Results" id="19431567-8539-422a-85d7-44ee4e166bda" />
  </TestLists>
  <ResultSummary outcome="Completed">
    <Counters total="1" executed="1" passed="1" failed="0" error="0" timeout="0" aborted="0" inconclusive="0" passedButRunAborted="0" notRunnable="0" notExecuted="0" disconnected="0" warning="0" completed="0" inProgress="0" pending="0" />
    <Output>
      <StdOut>[xUnit.net 00:00:00.00] xUnit.net VSTest Adapter v2.4.5+1caef2f33e (64-bit .NET 7.0.2)&#xD;
[xUnit.net 00:00:01.26]   Discovering: Tester.AzureUtils (method display = ClassAndMethod, method display options = None)&#xD;
[xUnit.net 00:00:01.48]   Discovered:  Tester.AzureUtils (found 246 test cases)&#xD;
[xUnit.net 00:00:01.49]   Starting:    Tester.AzureUtils (parallel test collections = off, max threads = 4)&#xD;
[xUnit.net 00:00:02.79]   Finished:    Tester.AzureUtils&#xD;
</StdOut>
    </Output>
    <RunInfos>
      <RunInfo computerName="cloudtest-win10" outcome="Warning" timestamp="2023-01-22T19:39:29.3160493+00:00">
        <Text>Data collector 'Blame' message: All tests finished running, Sequence file will not be generated.</Text>
      </RunInfo>
    </RunInfos>
  </ResultSummary>
</TestRun>