<?xml version="1.0" encoding="utf-8"?>
<TestRun id="cd535d78-9460-4357-b522-22e06bf835c6" name="anna@cloudtest-win10 2023-01-22 19:39:21" runUser="cloudtest-win10\anna" xmlns="http://microsoft.com/schemas/VisualStudio/TeamTest/2010">
  <Times creation="2023-01-22T19:39:21.1657899+00:00" queuing="2023-01-22T19:39:21.1657906+00:00" start="2023-01-22T19:39:15.0796270+00:00" finish="2023-01-22T19:39:21.2023556+00:00" />
  <TestSettings name="default" id="ef9ce57d-e2bd-4cf0-8707-2e55dd5dea3c">
    <Deployment runDeploymentRoot="anna_cloudtest-win10_2023-01-22_19_39_21" />
  </TestSettings>
  <Results>
    <UnitTestResult executionId="ee072394-371d-4788-b24d-764185750270" testId="f16aa026-a4b0-5ea6-8637-84dd3952addc" testName="Tester.AzureUtils.AzureQueueDataManagerTests.AQ_Standalone_1" computerName="cloudtest-win10" duration="00:00:01.1032495" startTime="2023-01-22T19:39:20.8496495+00:00" endTime="2023-01-22T19:39:20.8496967+00:00" testType="13cdc9d9-ddb5-4fa4-a97d-d965ccfc6d4b" outcome="Passed" testListId="8c84fa94-04c1-424b-9868-57a2d4851a1d" relativeResultsDirectory="ee072394-371d-4788-b24d-764185750270" />
  </Results>
  <TestDefinitions>
    <UnitTest name="Tester.AzureUtils.AzureQueueDataManagerTests.AQ_Standalone_1" storage="c:\users\anna\orleans\test\extensions\testerazureutils\bin\debug\net7.0\tester.azureutils.dll" id="f16aa026-a4b0-5ea6-8637-84dd3952addc">
      <Execution id="ee072394-371d-4788-b24d-764185750270" />
      <TestMethod codeBase="C:\Users\anna\orleans\test\Extensions\TesterAzureUtils\bin\Debug\net7.0\Tester.AzureUtils.dll" adapterTypeName="executor://xunit/VsTestRunner2/netcoreapp" className="Tester.AzureUtils.AzureQueueDataManagerTests" name="AQ_Standalone_1" />
    </UnitTest>
  </TestDefinitions>
  <TestEntries>
    <TestEntry testId="f16aa026-a4b0-5ea6-8637-84dd3952addc" executionId="ee072394-371d-4788-b24d-764185750270" testListId="8c84fa94-04c1-424b-9868-57a2d4851a1d" />
  </TestEntries>
  <TestLists>
    <TestList name="Results Not in a List" id="8c84fa94-04c1-424b-9868-57a2d4851a1d" />
    <TestList name="All Loaded Results" id="19431567-8539-422a-85d7-44ee4e166bda" />
  </TestLists>
  <ResultSummary outcome="Completed">
    <Counters total="1" executed="1" passed="1" failed="0" error="0" timeout="0" aborted="0" inconclusive="0" passedButRunAborted="0" notRunnable="0" notExecuted="0" disconnected="0" warning="0" completed="0" inProgress="0" pending="0" />
    <Output>
      <StdOut>[xUnit.net 00:00:00.00] xUnit.net VSTest Adapter v2.4.5+1caef2f33e (64-bit .NET 7.0.2)&#xD;
[xUnit.net 00:00:01.28]   Discovering: Tester.AzureUtils (method display = ClassAndMethod, method display options = None)&#xD;
[xUnit.net 00:00:01.49]   Discovered:  Tester.AzureUtils (found 246 test cases)&#xD;
[xUnit.net 00:00:01.51]   Starting:    Tester.AzureUtils (parallel test collections = off, max threads = 4)&#xD;
[xUnit.net 00:00:02.81]   Finished:    Tester.AzureUtils&#xD;
</StdOut>
    </Output>
    <RunInfos>
      <RunInfo computerName="cloudtest-win10" outcome="Warning" timestamp="2023-01-22T19:39:21.0175320+00:00">
        <Text>Data collector 'Blame' message: All tests finished running, Sequence file will not be generated.</Text>
      </RunInfo>
    </RunInfos>
  </ResultSummary>
</TestRun>