<?xml version="1.0" encoding="utf-8"?>
<TestRun id="61ac463f-5d77-483c-ad71-782cada7ef0e" name="anna@cloudtest-win10 2023-01-24 01:49:50" runUser="cloudtest-win10\anna" xmlns="http://microsoft.com/schemas/VisualStudio/TeamTest/2010">
  <Times creation="2023-01-24T01:49:50.4691204+00:00" queuing="2023-01-24T01:49:50.4691209+00:00" start="2023-01-24T01:49:43.2457764+00:00" finish="2023-01-24T01:49:50.5067741+00:00" />
  <TestSettings name="default" id="a5d87e0c-38f1-4b34-8eef-eb84322a4e57">
    <Deployment runDeploymentRoot="anna_cloudtest-win10_2023-01-24_01_49_50" />
  </TestSettings>
  <Results>
    <UnitTestResult executionId="efcf0211-1005-4969-9b25-b1e6e04213f4" testId="bfb62a78-fe33-687b-1882-7a9d075536dd" testName="Tester.AzureUtils.SiloInstanceTableManagerTests.SiloInstanceTable_Activate_CheckData" computerName="cloudtest-win10" duration="00:00:02.2788284" startTime="2023-01-24T01:49:50.1123966+00:00" endTime="2023-01-24T01:49:50.1124844+00:00" testType="13cdc9d9-ddb5-4fa4-a97d-d965ccfc6d4b" outcome="Passed" testListId="8c84fa94-04c1-424b-9868-57a2d4851a1d" relativeResultsDirectory="efcf0211-1005-4969-9b25-b1e6e04213f4">
      <Output>
        <StdOut>ClusterId=test-d121f645-b0b4-463c-8c3e-94152020bcb1 Generation=33529787&#xD;
Initializing SiloInstanceManager&#xD;
MyEntry=OrleansSilo [ Deployment=test-d121f645-b0b4-463c-8c3e-94152020bcb1 LocalEndpoint=127.0.0.1 LocalPort=0 Generation=33529787 Host=127.0.0.1 Status= ProxyPort=30000 RoleName=MyRole SiloName=MyInstance UpgradeZone=0 FaultZone=0 StartTime=2023-01-24 01:49:48.600 GMT IAmAliveTime=]&#xD;
FindSiloEntry for SiloAddress=S127.0.0.1:0:33529787 PartitionKey=test-d121f645-b0b4-463c-8c3e-94152020bcb1 RowKey=127.0.0.1-0-33529787&#xD;
FindSiloEntry returning Data=(OrleansSilo [ Deployment=test-d121f645-b0b4-463c-8c3e-94152020bcb1 LocalEndpoint=127.0.0.1 LocalPort=0 Generation=33529787 Host=127.0.0.1 Status=Active ProxyPort=30000 RoleName=MyRole SiloName=MyInstance UpgradeZone=0 FaultZone=0 StartTime=2023-01-24 01:49:48.600 GMT IAmAliveTime=], W/"datetime'2023-01-24T01%3A49%3A49.7781171Z'")&#xD;
TestCleanup Timeout=00:01:00&#xD;
TestCleanup -  Finished</StdOut>
      </Output>
    </UnitTestResult>
  </Results>
  <TestDefinitions>
    <UnitTest name="Tester.AzureUtils.SiloInstanceTableManagerTests.SiloInstanceTable_Activate_CheckData" storage="c:\users\anna\orleans\test\extensions\testerazureutils\bin\debug\net7.0\tester.azureutils.dll" id="bfb62a78-fe33-687b-1882-7a9d075536dd">
      <Execution id="efcf0211-1005-4969-9b25-b1e6e04213f4" />
      <TestMethod codeBase="C:\Users\anna\orleans\test\Extensions\TesterAzureUtils\bin\Debug\net7.0\Tester.AzureUtils.dll" adapterTypeName="executor://xunit/VsTestRunner2/netcoreapp" className="Tester.AzureUtils.SiloInstanceTableManagerTests" name="SiloInstanceTable_Activate_CheckData" />
    </UnitTest>
  </TestDefinitions>
  <TestEntries>
    <TestEntry testId="bfb62a78-fe33-687b-1882-7a9d075536dd" executionId="efcf0211-1005-4969-9b25-b1e6e04213f4" testListId="8c84fa94-04c1-424b-9868-57a2d4851a1d" />
  </TestEntries>
  <TestLists>
    <TestList name="Results Not in a List" id="8c84fa94-04c1-424b-9868-57a2d4851a1d" />
    <TestList name="All Loaded Results" id="19431567-8539-422a-85d7-44ee4e166bda" />
  </TestLists>
  <ResultSummary outcome="Completed">
    <Counters total="1" executed="1" passed="1" failed="0" error="0" timeout="0" aborted="0" inconclusive="0" passedButRunAborted="0" notRunnable="0" notExecuted="0" disconnected="0" warning="0" completed="0" inProgress="0" pending="0" />
    <Output>
      <StdOut>[xUnit.net 00:00:00.00] xUnit.net VSTest Adapter v2.4.5+1caef2f33e (64-bit .NET 7.0.2)&#xD;
[xUnit.net 00:00:01.25]   Discovering: Tester.AzureUtils (method display = ClassAndMethod, method display options = None)&#xD;
[xUnit.net 00:00:01.46]   Discovered:  Tester.AzureUtils (found 246 test cases)&#xD;
[xUnit.net 00:00:01.47]   Starting:    Tester.AzureUtils (parallel test collections = off, max threads = 4)&#xD;
[xUnit.net 00:00:03.88]   Finished:    Tester.AzureUtils&#xD;
</StdOut>
    </Output>
    <RunInfos>
      <RunInfo computerName="cloudtest-win10" outcome="Warning" timestamp="2023-01-24T01:49:50.3215493+00:00">
        <Text>Data collector 'Blame' message: All tests finished running, Sequence file will not be generated.</Text>
      </RunInfo>
    </RunInfos>
  </ResultSummary>
</TestRun>