<?xml version="1.0" encoding="utf-8"?>
<TestRun id="898aa7d5-1a23-4c15-8fd7-fd15eb59ab25" name="anna@cloudtest-win10 2023-01-24 01:50:08" runUser="cloudtest-win10\anna" xmlns="http://microsoft.com/schemas/VisualStudio/TeamTest/2010">
  <Times creation="2023-01-24T01:50:08.8880821+00:00" queuing="2023-01-24T01:50:08.8880827+00:00" start="2023-01-24T01:50:02.0275824+00:00" finish="2023-01-24T01:50:08.9234875+00:00" />
  <TestSettings name="default" id="943b84c1-30f8-4a3a-b9a4-f234ccd7293d">
    <Deployment runDeploymentRoot="anna_cloudtest-win10_2023-01-24_01_50_08" />
  </TestSettings>
  <Results>
    <UnitTestResult executionId="60a83bcf-9c6d-4b6b-838c-f91f247b4dd8" testId="bfb62a78-fe33-687b-1882-7a9d075536dd" testName="Tester.AzureUtils.SiloInstanceTableManagerTests.SiloInstanceTable_Activate_CheckData" computerName="cloudtest-win10" duration="00:00:02.0733006" startTime="2023-01-24T01:50:08.5832116+00:00" endTime="2023-01-24T01:50:08.5832589+00:00" testType="13cdc9d9-ddb5-4fa4-a97d-d965ccfc6d4b" outcome="Passed" testListId="8c84fa94-04c1-424b-9868-57a2d4851a1d" relativeResultsDirectory="60a83bcf-9c6d-4b6b-838c-f91f247b4dd8">
      <Output>
        <StdOut>ClusterId=test-38e869dc-832b-411c-a738-92e434b17a69 Generation=33529806&#xD;
Initializing SiloInstanceManager&#xD;
MyEntry=OrleansSilo [ Deployment=test-38e869dc-832b-411c-a738-92e434b17a69 LocalEndpoint=127.0.0.1 LocalPort=0 Generation=33529806 Host=127.0.0.1 Status= ProxyPort=30000 RoleName=MyRole SiloName=MyInstance UpgradeZone=0 FaultZone=0 StartTime=2023-01-24 01:50:07.205 GMT IAmAliveTime=]&#xD;
FindSiloEntry for SiloAddress=S127.0.0.1:0:33529806 PartitionKey=test-38e869dc-832b-411c-a738-92e434b17a69 RowKey=127.0.0.1-0-33529806&#xD;
FindSiloEntry returning Data=(OrleansSilo [ Deployment=test-38e869dc-832b-411c-a738-92e434b17a69 LocalEndpoint=127.0.0.1 LocalPort=0 Generation=33529806 Host=127.0.0.1 Status=Active ProxyPort=30000 RoleName=MyRole SiloName=MyInstance UpgradeZone=0 FaultZone=0 StartTime=2023-01-24 01:50:07.205 GMT IAmAliveTime=], W/"datetime'2023-01-24T01%3A50%3A07.413111Z'")&#xD;
TestCleanup Timeout=00:01:00&#xD;
TestCleanup -  Finished</StdOut>
      </Output>
    </UnitTestResult>
  </Results>
  <TestDefinitions>
    <UnitTest name="Tester.AzureUtils.SiloInstanceTableManagerTests.SiloInstanceTable_Activate_CheckData" storage="c:\users\anna\orleans\test\extensions\testerazureutils\bin\debug\net7.0\tester.azureutils.dll" id="bfb62a78-fe33-687b-1882-7a9d075536dd">
      <Execution id="60a83bcf-9c6d-4b6b-838c-f91f247b4dd8" />
      <TestMethod codeBase="C:\Users\anna\orleans\test\Extensions\TesterAzureUtils\bin\Debug\net7.0\Tester.AzureUtils.dll" adapterTypeName="executor://xunit/VsTestRunner2/netcoreapp" className="Tester.AzureUtils.SiloInstanceTableManagerTests" name="SiloInstanceTable_Activate_CheckData" />
    </UnitTest>
  </TestDefinitions>
  <TestEntries>
    <TestEntry testId="bfb62a78-fe33-687b-1882-7a9d075536dd" executionId="60a83bcf-9c6d-4b6b-838c-f91f247b4dd8" testListId="8c84fa94-04c1-424b-9868-57a2d4851a1d" />
  </TestEntries>
  <TestLists>
    <TestList name="Results Not in a List" id="8c84fa94-04c1-424b-9868-57a2d4851a1d" />
    <TestList name="All Loaded Results" id="19431567-8539-422a-85d7-44ee4e166bda" />
  </TestLists>
  <ResultSummary outcome="Completed">
    <Counters total="1" executed="1" passed="1" failed="0" error="0" timeout="0" aborted="0" inconclusive="0" passedButRunAborted="0" notRunnable="0" notExecuted="0" disconnected="0" warning="0" completed="0" inProgress="0" pending="0" />
    <Output>
      <StdOut>[xUnit.net 00:00:00.00] xUnit.net VSTest Adapter v2.4.5+1caef2f33e (64-bit .NET 7.0.2)&#xD;
[xUnit.net 00:00:01.25]   Discovering: Tester.AzureUtils (method display = ClassAndMethod, method display options = None)&#xD;
[xUnit.net 00:00:01.46]   Discovered:  Tester.AzureUtils (found 246 test cases)&#xD;
[xUnit.net 00:00:01.47]   Starting:    Tester.AzureUtils (parallel test collections = off, max threads = 4)&#xD;
[xUnit.net 00:00:03.66]   Finished:    Tester.AzureUtils&#xD;
</StdOut>
    </Output>
    <RunInfos>
      <RunInfo computerName="cloudtest-win10" outcome="Warning" timestamp="2023-01-24T01:50:08.7413750+00:00">
        <Text>Data collector 'Blame' message: All tests finished running, Sequence file will not be generated.</Text>
      </RunInfo>
    </RunInfos>
  </ResultSummary>
</TestRun>