<?xml version="1.0" encoding="utf-8"?>
<TestRun id="6dc95185-b42f-4708-adac-d72fc2048534" name="anna@cloudtest-win10 2023-01-22 19:03:23" runUser="cloudtest-win10\anna" xmlns="http://microsoft.com/schemas/VisualStudio/TeamTest/2010">
  <Times creation="2023-01-22T19:03:23.6086594+00:00" queuing="2023-01-22T19:03:23.6086600+00:00" start="2023-01-22T19:03:15.3871419+00:00" finish="2023-01-22T19:03:23.6469853+00:00" />
  <TestSettings name="default" id="d31aadc9-7c35-4efd-b9bd-5a914698a1a1">
    <Deployment runDeploymentRoot="anna_cloudtest-win10_2023-01-22_19_03_23" />
  </TestSettings>
  <Results>
    <UnitTestResult executionId="b78a367b-0293-4bdd-a9d3-1555bf580e9f" testId="3b1868e8-34d3-e73d-cfed-ceff9555946a" testName="Tester.AzureUtils.AzureMembershipTableTests.MembershipTable_Azure_ReadRow_Insert_Read" computerName="cloudtest-win10" duration="00:00:02.2635340" startTime="2023-01-22T19:03:23.2761276+00:00" endTime="2023-01-22T19:03:23.2761785+00:00" testType="13cdc9d9-ddb5-4fa4-a97d-d965ccfc6d4b" outcome="Passed" testListId="8c84fa94-04c1-424b-9868-57a2d4851a1d" relativeResultsDirectory="b78a367b-0293-4bdd-a9d3-1555bf580e9f" />
  </Results>
  <TestDefinitions>
    <UnitTest name="Tester.AzureUtils.AzureMembershipTableTests.MembershipTable_Azure_ReadRow_Insert_Read" storage="c:\users\anna\orleans\test\extensions\testerazureutils\bin\debug\net7.0\tester.azureutils.dll" id="3b1868e8-34d3-e73d-cfed-ceff9555946a">
      <Execution id="b78a367b-0293-4bdd-a9d3-1555bf580e9f" />
      <TestMethod codeBase="C:\Users\anna\orleans\test\Extensions\TesterAzureUtils\bin\Debug\net7.0\Tester.AzureUtils.dll" adapterTypeName="executor://xunit/VsTestRunner2/netcoreapp" className="Tester.AzureUtils.AzureMembershipTableTests" name="MembershipTable_Azure_ReadRow_Insert_Read" />
    </UnitTest>
  </TestDefinitions>
  <TestEntries>
    <TestEntry testId="3b1868e8-34d3-e73d-cfed-ceff9555946a" executionId="b78a367b-0293-4bdd-a9d3-1555bf580e9f" testListId="8c84fa94-04c1-424b-9868-57a2d4851a1d" />
  </TestEntries>
  <TestLists>
    <TestList name="Results Not in a List" id="8c84fa94-04c1-424b-9868-57a2d4851a1d" />
    <TestList name="All Loaded Results" id="19431567-8539-422a-85d7-44ee4e166bda" />
  </TestLists>
  <ResultSummary outcome="Completed">
    <Counters total="1" executed="1" passed="1" failed="0" error="0" timeout="0" aborted="0" inconclusive="0" passedButRunAborted="0" notRunnable="0" notExecuted="0" disconnected="0" warning="0" completed="0" inProgress="0" pending="0" />
    <Output>
      <StdOut>[xUnit.net 00:00:00.00] xUnit.net VSTest Adapter v2.4.5+1caef2f33e (64-bit .NET 7.0.2)&#xD;
[xUnit.net 00:00:01.29]   Discovering: Tester.AzureUtils (method display = ClassAndMethod, method display options = None)&#xD;
[xUnit.net 00:00:01.51]   Discovered:  Tester.AzureUtils (found 246 test cases)&#xD;
[xUnit.net 00:00:01.52]   Starting:    Tester.AzureUtils (parallel test collections = off, max threads = 4)&#xD;
[xUnit.net 00:00:04.86]   Finished:    Tester.AzureUtils&#xD;
</StdOut>
    </Output>
    <RunInfos>
      <RunInfo computerName="cloudtest-win10" outcome="Warning" timestamp="2023-01-22T19:03:23.4589683+00:00">
        <Text>Data collector 'Blame' message: All tests finished running, Sequence file will not be generated.</Text>
      </RunInfo>
    </RunInfos>
  </ResultSummary>
</TestRun>