<?xml version="1.0" encoding="utf-8"?>
<TestRun id="6be7df54-36a1-42cd-b2ea-936309b10f7a" name="anna@cloudtest-win10 2023-01-22 19:03:03" runUser="cloudtest-win10\anna" xmlns="http://microsoft.com/schemas/VisualStudio/TeamTest/2010">
  <Times creation="2023-01-22T19:03:03.3501606+00:00" queuing="2023-01-22T19:03:03.3501615+00:00" start="2023-01-22T19:02:55.1031222+00:00" finish="2023-01-22T19:03:03.3876772+00:00" />
  <TestSettings name="default" id="48170316-fdf1-4a30-9929-bdf3ddbffa5b">
    <Deployment runDeploymentRoot="anna_cloudtest-win10_2023-01-22_19_03_03" />
  </TestSettings>
  <Results>
    <UnitTestResult executionId="512c9c54-6921-4344-87c9-ab0126bd76d3" testId="3b1868e8-34d3-e73d-cfed-ceff9555946a" testName="Tester.AzureUtils.AzureMembershipTableTests.MembershipTable_Azure_ReadRow_Insert_Read" computerName="cloudtest-win10" duration="00:00:02.3704272" startTime="2023-01-22T19:03:03.0347365+00:00" endTime="2023-01-22T19:03:03.0347845+00:00" testType="13cdc9d9-ddb5-4fa4-a97d-d965ccfc6d4b" outcome="Passed" testListId="8c84fa94-04c1-424b-9868-57a2d4851a1d" relativeResultsDirectory="512c9c54-6921-4344-87c9-ab0126bd76d3" />
  </Results>
  <TestDefinitions>
    <UnitTest name="Tester.AzureUtils.AzureMembershipTableTests.MembershipTable_Azure_ReadRow_Insert_Read" storage="c:\users\anna\orleans\test\extensions\testerazureutils\bin\debug\net7.0\tester.azureutils.dll" id="3b1868e8-34d3-e73d-cfed-ceff9555946a">
      <Execution id="512c9c54-6921-4344-87c9-ab0126bd76d3" />
      <TestMethod codeBase="C:\Users\anna\orleans\test\Extensions\TesterAzureUtils\bin\Debug\net7.0\Tester.AzureUtils.dll" adapterTypeName="executor://xunit/VsTestRunner2/netcoreapp" className="Tester.AzureUtils.AzureMembershipTableTests" name="MembershipTable_Azure_ReadRow_Insert_Read" />
    </UnitTest>
  </TestDefinitions>
  <TestEntries>
    <TestEntry testId="3b1868e8-34d3-e73d-cfed-ceff9555946a" executionId="512c9c54-6921-4344-87c9-ab0126bd76d3" testListId="8c84fa94-04c1-424b-9868-57a2d4851a1d" />
  </TestEntries>
  <TestLists>
    <TestList name="Results Not in a List" id="8c84fa94-04c1-424b-9868-57a2d4851a1d" />
    <TestList name="All Loaded Results" id="19431567-8539-422a-85d7-44ee4e166bda" />
  </TestLists>
  <ResultSummary outcome="Completed">
    <Counters total="1" executed="1" passed="1" failed="0" error="0" timeout="0" aborted="0" inconclusive="0" passedButRunAborted="0" notRunnable="0" notExecuted="0" disconnected="0" warning="0" completed="0" inProgress="0" pending="0" />
    <Output>
      <StdOut>[xUnit.net 00:00:00.00] xUnit.net VSTest Adapter v2.4.5+1caef2f33e (64-bit .NET 7.0.2)&#xD;
[xUnit.net 00:00:01.29]   Discovering: Tester.AzureUtils (method display = ClassAndMethod, method display options = None)&#xD;
[xUnit.net 00:00:01.50]   Discovered:  Tester.AzureUtils (found 246 test cases)&#xD;
[xUnit.net 00:00:01.51]   Starting:    Tester.AzureUtils (parallel test collections = off, max threads = 4)&#xD;
[xUnit.net 00:00:04.97]   Finished:    Tester.AzureUtils&#xD;
</StdOut>
    </Output>
    <RunInfos>
      <RunInfo computerName="cloudtest-win10" outcome="Warning" timestamp="2023-01-22T19:03:03.2019771+00:00">
        <Text>Data collector 'Blame' message: All tests finished running, Sequence file will not be generated.</Text>
      </RunInfo>
    </RunInfos>
  </ResultSummary>
</TestRun>