<?xml version="1.0" encoding="utf-8"?>
<TestRun id="89a5378f-2ab0-41cc-9015-a2eb42dd82a7" name="anna@cloudtest-win10 2023-01-22 16:59:32" runUser="cloudtest-win10\anna" xmlns="http://microsoft.com/schemas/VisualStudio/TeamTest/2010">
  <Times creation="2023-01-22T16:59:32.4938102+00:00" queuing="2023-01-22T16:59:32.4938109+00:00" start="2023-01-22T16:58:58.1078599+00:00" finish="2023-01-22T16:59:46.3400478+00:00" />
  <TestSettings name="default" id="06607dc5-4fd5-4aab-9d65-dea7aa1eb8bf">
    <Deployment runDeploymentRoot="anna_cloudtest-win10_2023-01-22_16_59_32" />
  </TestSettings>
  <Results>
    <UnitTestResult executionId="5c95005b-bb79-41f1-aa02-2708f847afa8" testId="0ead2138-2212-aba4-35b8-60be64e9d95f" testName="Tester.AzureUtils.TimerTests.ReminderTests_AzureTable.Rem_Azure_Basic_ListOps" computerName="cloudtest-win10" duration="00:00:25.1135124" startTime="2023-01-22T16:59:32.0246607+00:00" endTime="2023-01-22T16:59:32.0247045+00:00" testType="13cdc9d9-ddb5-4fa4-a97d-d965ccfc6d4b" outcome="Failed" testListId="8c84fa94-04c1-424b-9868-57a2d4851a1d" relativeResultsDirectory="5c95005b-bb79-41f1-aa02-2708f847afa8">
      <Output>
        <ErrorInfo>
          <Message>Assert.Equal() Failure&#xD;
Expected: 2&#xD;
Actual:   1</Message>
          <StackTrace>   at UnitTests.TimerTests.ReminderTests_Base.Test_Reminders_Basic_ListOps() in C:\Users\anna\orleans\test\TesterInternal\TimerTests\ReminderTests_Base.cs:line 133&#xD;
   at Tester.AzureUtils.TimerTests.ReminderTests_AzureTable.Rem_Azure_Basic_ListOps() in C:\Users\anna\orleans\test\Extensions\TesterAzureUtils\Reminder\ReminderTests_AzureTable.cs:line 58&#xD;
--- End of stack trace from previous location ---</StackTrace>
        </ErrorInfo>
      </Output>
    </UnitTestResult>
  </Results>
  <TestDefinitions>
    <UnitTest name="Tester.AzureUtils.TimerTests.ReminderTests_AzureTable.Rem_Azure_Basic_ListOps" storage="c:\users\anna\orleans\test\extensions\testerazureutils\bin\debug\net7.0\tester.azureutils.dll" id="0ead2138-2212-aba4-35b8-60be64e9d95f">
      <Execution id="5c95005b-bb79-41f1-aa02-2708f847afa8" />
      <TestMethod codeBase="C:\Users\anna\orleans\test\Extensions\TesterAzureUtils\bin\Debug\net7.0\Tester.AzureUtils.dll" adapterTypeName="executor://xunit/VsTestRunner2/netcoreapp" className="Tester.AzureUtils.TimerTests.ReminderTests_AzureTable" name="Rem_Azure_Basic_ListOps" />
    </UnitTest>
  </TestDefinitions>
  <TestEntries>
    <TestEntry testId="0ead2138-2212-aba4-35b8-60be64e9d95f" executionId="5c95005b-bb79-41f1-aa02-2708f847afa8" testListId="8c84fa94-04c1-424b-9868-57a2d4851a1d" />
  </TestEntries>
  <TestLists>
    <TestList name="Results Not in a List" id="8c84fa94-04c1-424b-9868-57a2d4851a1d" />
    <TestList name="All Loaded Results" id="19431567-8539-422a-85d7-44ee4e166bda" />
  </TestLists>
  <ResultSummary outcome="Failed">
    <Counters total="1" executed="1" passed="0" failed="1" error="0" timeout="0" aborted="0" inconclusive="0" passedButRunAborted="0" notRunnable="0" notExecuted="0" disconnected="0" warning="0" completed="0" inProgress="0" pending="0" />
    <Output>
      <StdOut>[xUnit.net 00:00:00.00] xUnit.net VSTest Adapter v2.4.5+1caef2f33e (64-bit .NET 7.0.2)&#xD;
[xUnit.net 00:00:01.29]   Discovering: Tester.AzureUtils (method display = ClassAndMethod, method display options = None)&#xD;
[xUnit.net 00:00:01.50]   Discovered:  Tester.AzureUtils (found 246 test cases)&#xD;
[xUnit.net 00:00:01.51]   Starting:    Tester.AzureUtils (parallel test collections = off, max threads = 4)&#xD;
[xUnit.net 00:00:30.88]       Assert.Equal() Failure&#xD;
[xUnit.net 00:00:30.88]       Expected: 2&#xD;
[xUnit.net 00:00:30.88]       Actual:   1&#xD;
[xUnit.net 00:00:30.89]       Stack Trace:&#xD;
[xUnit.net 00:00:30.89]         C:\Users\anna\orleans\test\TesterInternal\TimerTests\ReminderTests_Base.cs(133,0): at UnitTests.TimerTests.ReminderTests_Base.Test_Reminders_Basic_ListOps()&#xD;
[xUnit.net 00:00:30.89]         C:\Users\anna\orleans\test\Extensions\TesterAzureUtils\Reminder\ReminderTests_AzureTable.cs(58,0): at Tester.AzureUtils.TimerTests.ReminderTests_AzureTable.Rem_Azure_Basic_ListOps()&#xD;
[xUnit.net 00:00:30.89]         --- End of stack trace from previous location ---&#xD;
[xUnit.net 00:00:44.99]   Finished:    Tester.AzureUtils&#xD;
</StdOut>
    </Output>
    <RunInfos>
      <RunInfo computerName="cloudtest-win10" outcome="Min" timestamp="2023-01-22T16:59:32.0198612+00:00">
        <Text>[xUnit.net 00:00:30.88]     Tester.AzureUtils.TimerTests.ReminderTests_AzureTable.Rem_Azure_Basic_ListOps [FAIL]</Text>
      </RunInfo>
      <RunInfo computerName="cloudtest-win10" outcome="Warning" timestamp="2023-01-22T16:59:46.2490480+00:00">
        <Text>Data collector 'Blame' message: All tests finished running, Sequence file will not be generated.</Text>
      </RunInfo>
    </RunInfos>
  </ResultSummary>
</TestRun>