<?xml version="1.0" encoding="utf-8"?>
<TestRun id="e54b9152-390e-4892-a660-5c2e2a5c775b" name="anna@cloudtest-win10 2023-01-22 17:00:22" runUser="cloudtest-win10\anna" xmlns="http://microsoft.com/schemas/VisualStudio/TeamTest/2010">
  <Times creation="2023-01-22T17:00:22.7589240+00:00" queuing="2023-01-22T17:00:22.7589245+00:00" start="2023-01-22T16:59:48.4877770+00:00" finish="2023-01-22T17:00:36.6406514+00:00" />
  <TestSettings name="default" id="f3903ec2-0aab-4bf5-abaf-cb3a35752d55">
    <Deployment runDeploymentRoot="anna_cloudtest-win10_2023-01-22_17_00_22" />
  </TestSettings>
  <Results>
    <UnitTestResult executionId="86c14572-2f3a-494a-8203-69511417c04e" testId="0ead2138-2212-aba4-35b8-60be64e9d95f" testName="Tester.AzureUtils.TimerTests.ReminderTests_AzureTable.Rem_Azure_Basic_ListOps" computerName="cloudtest-win10" duration="00:00:25.0620426" startTime="2023-01-22T17:00:22.2331868+00:00" endTime="2023-01-22T17:00:22.2332393+00:00" testType="13cdc9d9-ddb5-4fa4-a97d-d965ccfc6d4b" outcome="Passed" testListId="8c84fa94-04c1-424b-9868-57a2d4851a1d" relativeResultsDirectory="86c14572-2f3a-494a-8203-69511417c04e" />
  </Results>
  <TestDefinitions>
    <UnitTest name="Tester.AzureUtils.TimerTests.ReminderTests_AzureTable.Rem_Azure_Basic_ListOps" storage="c:\users\anna\orleans\test\extensions\testerazureutils\bin\debug\net7.0\tester.azureutils.dll" id="0ead2138-2212-aba4-35b8-60be64e9d95f">
      <Execution id="86c14572-2f3a-494a-8203-69511417c04e" />
      <TestMethod codeBase="C:\Users\anna\orleans\test\Extensions\TesterAzureUtils\bin\Debug\net7.0\Tester.AzureUtils.dll" adapterTypeName="executor://xunit/VsTestRunner2/netcoreapp" className="Tester.AzureUtils.TimerTests.ReminderTests_AzureTable" name="Rem_Azure_Basic_ListOps" />
    </UnitTest>
  </TestDefinitions>
  <TestEntries>
    <TestEntry testId="0ead2138-2212-aba4-35b8-60be64e9d95f" executionId="86c14572-2f3a-494a-8203-69511417c04e" testListId="8c84fa94-04c1-424b-9868-57a2d4851a1d" />
  </TestEntries>
  <TestLists>
    <TestList name="Results Not in a List" id="8c84fa94-04c1-424b-9868-57a2d4851a1d" />
    <TestList name="All Loaded Results" id="19431567-8539-422a-85d7-44ee4e166bda" />
  </TestLists>
  <ResultSummary outcome="Completed">
    <Counters total="1" executed="1" passed="1" failed="0" error="0" timeout="0" aborted="0" inconclusive="0" passedButRunAborted="0" notRunnable="0" notExecuted="0" disconnected="0" warning="0" completed="0" inProgress="0" pending="0" />
    <Output>
      <StdOut>[xUnit.net 00:00:00.00] xUnit.net VSTest Adapter v2.4.5+1caef2f33e (64-bit .NET 7.0.2)&#xD;
[xUnit.net 00:00:01.27]   Discovering: Tester.AzureUtils (method display = ClassAndMethod, method display options = None)&#xD;
[xUnit.net 00:00:01.48]   Discovered:  Tester.AzureUtils (found 246 test cases)&#xD;
[xUnit.net 00:00:01.49]   Starting:    Tester.AzureUtils (parallel test collections = off, max threads = 4)&#xD;
[xUnit.net 00:00:44.94]   Finished:    Tester.AzureUtils&#xD;
</StdOut>
    </Output>
    <RunInfos>
      <RunInfo computerName="cloudtest-win10" outcome="Warning" timestamp="2023-01-22T17:00:36.5483613+00:00">
        <Text>Data collector 'Blame' message: All tests finished running, Sequence file will not be generated.</Text>
      </RunInfo>
    </RunInfos>
  </ResultSummary>
</TestRun>