<?xml version="1.0" encoding="utf-8"?>
<TestRun id="81769a9f-3160-4c75-af6c-59dd96637aa7" name="anna@cloudtest-win10 2023-01-22 23:57:27" runUser="cloudtest-win10\anna" xmlns="http://microsoft.com/schemas/VisualStudio/TeamTest/2010">
  <Times creation="2023-01-22T23:57:27.5507851+00:00" queuing="2023-01-22T23:57:27.5507857+00:00" start="2023-01-22T23:57:20.7802612+00:00" finish="2023-01-22T23:57:27.5879391+00:00" />
  <TestSettings name="default" id="de47a328-141d-4e06-a6a7-a4cce584146d">
    <Deployment runDeploymentRoot="anna_cloudtest-win10_2023-01-22_23_57_27" />
  </TestSettings>
  <Results>
    <UnitTestResult executionId="89d4aff7-6b25-4e00-818c-45f0f5b337de" testId="d64f70c3-11a7-2215-9a26-480e2b782693" testName="Tester.AzureUtils.AzureTableDataManagerTests.AzureTableDataManager_MergeTableAsync" computerName="cloudtest-win10" duration="00:00:01.8601982" startTime="2023-01-22T23:57:27.2420611+00:00" endTime="2023-01-22T23:57:27.2421132+00:00" testType="13cdc9d9-ddb5-4fa4-a97d-d965ccfc6d4b" outcome="Passed" testListId="8c84fa94-04c1-424b-9868-57a2d4851a1d" relativeResultsDirectory="89d4aff7-6b25-4e00-818c-45f0f5b337de" />
  </Results>
  <TestDefinitions>
    <UnitTest name="Tester.AzureUtils.AzureTableDataManagerTests.AzureTableDataManager_MergeTableAsync" storage="c:\users\anna\orleans\test\extensions\testerazureutils\bin\debug\net7.0\tester.azureutils.dll" id="d64f70c3-11a7-2215-9a26-480e2b782693">
      <Execution id="89d4aff7-6b25-4e00-818c-45f0f5b337de" />
      <TestMethod codeBase="C:\Users\anna\orleans\test\Extensions\TesterAzureUtils\bin\Debug\net7.0\Tester.AzureUtils.dll" adapterTypeName="executor://xunit/VsTestRunner2/netcoreapp" className="Tester.AzureUtils.AzureTableDataManagerTests" name="AzureTableDataManager_MergeTableAsync" />
    </UnitTest>
  </TestDefinitions>
  <TestEntries>
    <TestEntry testId="d64f70c3-11a7-2215-9a26-480e2b782693" executionId="89d4aff7-6b25-4e00-818c-45f0f5b337de" testListId="8c84fa94-04c1-424b-9868-57a2d4851a1d" />
  </TestEntries>
  <TestLists>
    <TestList name="Results Not in a List" id="8c84fa94-04c1-424b-9868-57a2d4851a1d" />
    <TestList name="All Loaded Results" id="19431567-8539-422a-85d7-44ee4e166bda" />
  </TestLists>
  <ResultSummary outcome="Completed">
    <Counters total="1" executed="1" passed="1" failed="0" error="0" timeout="0" aborted="0" inconclusive="0" passedButRunAborted="0" notRunnable="0" notExecuted="0" disconnected="0" warning="0" completed="0" inProgress="0" pending="0" />
    <Output>
      <StdOut>[xUnit.net 00:00:00.00] xUnit.net VSTest Adapter v2.4.5+1caef2f33e (64-bit .NET 7.0.2)&#xD;
[xUnit.net 00:00:01.30]   Discovering: Tester.AzureUtils (method display = ClassAndMethod, method display options = None)&#xD;
[xUnit.net 00:00:01.51]   Discovered:  Tester.AzureUtils (found 246 test cases)&#xD;
[xUnit.net 00:00:01.53]   Starting:    Tester.AzureUtils (parallel test collections = off, max threads = 4)&#xD;
[xUnit.net 00:00:03.49]   Finished:    Tester.AzureUtils&#xD;
</StdOut>
    </Output>
    <RunInfos>
      <RunInfo computerName="cloudtest-win10" outcome="Warning" timestamp="2023-01-22T23:57:27.4041189+00:00">
        <Text>Data collector 'Blame' message: All tests finished running, Sequence file will not be generated.</Text>
      </RunInfo>
    </RunInfos>
  </ResultSummary>
</TestRun>