<?xml version="1.0" encoding="utf-8"?>
<TestRun id="a5c95640-9b56-430e-8164-c37c94e22fa7" name="anna@cloudtest-win10 2023-01-22 23:57:36" runUser="cloudtest-win10\anna" xmlns="http://microsoft.com/schemas/VisualStudio/TeamTest/2010">
  <Times creation="2023-01-22T23:57:36.6267089+00:00" queuing="2023-01-22T23:57:36.6267093+00:00" start="2023-01-22T23:57:29.6960929+00:00" finish="2023-01-22T23:57:36.6655862+00:00" />
  <TestSettings name="default" id="3900a676-a103-4e28-8c99-ef8e3b265914">
    <Deployment runDeploymentRoot="anna_cloudtest-win10_2023-01-22_23_57_36" />
  </TestSettings>
  <Results>
    <UnitTestResult executionId="55cb32bd-a56a-4aa7-bc47-53aaad4fd92e" testId="d64f70c3-11a7-2215-9a26-480e2b782693" testName="Tester.AzureUtils.AzureTableDataManagerTests.AzureTableDataManager_MergeTableAsync" computerName="cloudtest-win10" duration="00:00:02.0199960" startTime="2023-01-22T23:57:36.3178140+00:00" endTime="2023-01-22T23:57:36.3178744+00:00" testType="13cdc9d9-ddb5-4fa4-a97d-d965ccfc6d4b" outcome="Passed" testListId="8c84fa94-04c1-424b-9868-57a2d4851a1d" relativeResultsDirectory="55cb32bd-a56a-4aa7-bc47-53aaad4fd92e" />
  </Results>
  <TestDefinitions>
    <UnitTest name="Tester.AzureUtils.AzureTableDataManagerTests.AzureTableDataManager_MergeTableAsync" storage="c:\users\anna\orleans\test\extensions\testerazureutils\bin\debug\net7.0\tester.azureutils.dll" id="d64f70c3-11a7-2215-9a26-480e2b782693">
      <Execution id="55cb32bd-a56a-4aa7-bc47-53aaad4fd92e" />
      <TestMethod codeBase="C:\Users\anna\orleans\test\Extensions\TesterAzureUtils\bin\Debug\net7.0\Tester.AzureUtils.dll" adapterTypeName="executor://xunit/VsTestRunner2/netcoreapp" className="Tester.AzureUtils.AzureTableDataManagerTests" name="AzureTableDataManager_MergeTableAsync" />
    </UnitTest>
  </TestDefinitions>
  <TestEntries>
    <TestEntry testId="d64f70c3-11a7-2215-9a26-480e2b782693" executionId="55cb32bd-a56a-4aa7-bc47-53aaad4fd92e" testListId="8c84fa94-04c1-424b-9868-57a2d4851a1d" />
  </TestEntries>
  <TestLists>
    <TestList name="Results Not in a List" id="8c84fa94-04c1-424b-9868-57a2d4851a1d" />
    <TestList name="All Loaded Results" id="19431567-8539-422a-85d7-44ee4e166bda" />
  </TestLists>
  <ResultSummary outcome="Completed">
    <Counters total="1" executed="1" passed="1" failed="0" error="0" timeout="0" aborted="0" inconclusive="0" passedButRunAborted="0" notRunnable="0" notExecuted="0" disconnected="0" warning="0" completed="0" inProgress="0" pending="0" />
    <Output>
      <StdOut>[xUnit.net 00:00:00.00] xUnit.net VSTest Adapter v2.4.5+1caef2f33e (64-bit .NET 7.0.2)&#xD;
[xUnit.net 00:00:01.28]   Discovering: Tester.AzureUtils (method display = ClassAndMethod, method display options = None)&#xD;
[xUnit.net 00:00:01.49]   Discovered:  Tester.AzureUtils (found 246 test cases)&#xD;
[xUnit.net 00:00:01.51]   Starting:    Tester.AzureUtils (parallel test collections = off, max threads = 4)&#xD;
[xUnit.net 00:00:03.64]   Finished:    Tester.AzureUtils&#xD;
</StdOut>
    </Output>
    <RunInfos>
      <RunInfo computerName="cloudtest-win10" outcome="Warning" timestamp="2023-01-22T23:57:36.4786072+00:00">
        <Text>Data collector 'Blame' message: All tests finished running, Sequence file will not be generated.</Text>
      </RunInfo>
    </RunInfos>
  </ResultSummary>
</TestRun>