<?xml version="1.0" encoding="utf-8"?>
<TestRun id="0e75a0aa-ccee-4947-9a8e-0942628efeb2" name="anna@cloudtest-win10 2023-01-24 21:12:12" runUser="cloudtest-win10\anna" xmlns="http://microsoft.com/schemas/VisualStudio/TeamTest/2010">
  <Times creation="2023-01-24T21:12:12.6030439+00:00" queuing="2023-01-24T21:12:12.6030445+00:00" start="2023-01-24T21:11:42.4769678+00:00" finish="2023-01-24T21:12:12.6388440+00:00" />
  <TestSettings name="default" id="108b4d56-2fce-4c0b-9bf6-c7ca9b2cb8e1">
    <Deployment runDeploymentRoot="anna_cloudtest-win10_2023-01-24_21_12_12" />
  </TestSettings>
  <Results>
    <UnitTestResult executionId="136c149a-befc-4347-be20-6ee228d523b1" testId="c58dd2df-e406-126a-acb7-0a2ea1af4989" testName="Tester.AzureUtils.Streaming.AQStreamingTests.AQ_02_OneProducerGrainOneConsumerClient" computerName="cloudtest-win10" duration="00:00:07.5073489" startTime="2023-01-24T21:12:12.2927432+00:00" endTime="2023-01-24T21:12:12.2927871+00:00" testType="13cdc9d9-ddb5-4fa4-a97d-d965ccfc6d4b" outcome="Passed" testListId="8c84fa94-04c1-424b-9868-57a2d4851a1d" relativeResultsDirectory="136c149a-befc-4347-be20-6ee228d523b1" />
  </Results>
  <TestDefinitions>
    <UnitTest name="Tester.AzureUtils.Streaming.AQStreamingTests.AQ_02_OneProducerGrainOneConsumerClient" storage="c:\users\anna\orleans\test\extensions\testerazureutils\bin\debug\net7.0\tester.azureutils.dll" id="c58dd2df-e406-126a-acb7-0a2ea1af4989">
      <Execution id="136c149a-befc-4347-be20-6ee228d523b1" />
      <TestMethod codeBase="C:\Users\anna\orleans\test\Extensions\TesterAzureUtils\bin\Debug\net7.0\Tester.AzureUtils.dll" adapterTypeName="executor://xunit/VsTestRunner2/netcoreapp" className="Tester.AzureUtils.Streaming.AQStreamingTests" name="AQ_02_OneProducerGrainOneConsumerClient" />
    </UnitTest>
  </TestDefinitions>
  <TestEntries>
    <TestEntry testId="c58dd2df-e406-126a-acb7-0a2ea1af4989" executionId="136c149a-befc-4347-be20-6ee228d523b1" testListId="8c84fa94-04c1-424b-9868-57a2d4851a1d" />
  </TestEntries>
  <TestLists>
    <TestList name="Results Not in a List" id="8c84fa94-04c1-424b-9868-57a2d4851a1d" />
    <TestList name="All Loaded Results" id="19431567-8539-422a-85d7-44ee4e166bda" />
  </TestLists>
  <ResultSummary outcome="Completed">
    <Counters total="1" executed="1" passed="1" failed="0" error="0" timeout="0" aborted="0" inconclusive="0" passedButRunAborted="0" notRunnable="0" notExecuted="0" disconnected="0" warning="0" completed="0" inProgress="0" pending="0" />
    <Output>
      <StdOut>[xUnit.net 00:00:00.00] xUnit.net VSTest Adapter v2.4.5+1caef2f33e (64-bit .NET 7.0.2)&#xD;
[xUnit.net 00:00:01.25]   Discovering: Tester.AzureUtils (method display = ClassAndMethod, method display options = None)&#xD;
[xUnit.net 00:00:01.46]   Discovered:  Tester.AzureUtils (found 246 test cases)&#xD;
[xUnit.net 00:00:01.47]   Starting:    Tester.AzureUtils (parallel test collections = off, max threads = 4)&#xD;
[xUnit.net 00:00:26.92]   Finished:    Tester.AzureUtils&#xD;
</StdOut>
    </Output>
    <RunInfos>
      <RunInfo computerName="cloudtest-win10" outcome="Warning" timestamp="2023-01-24T21:12:12.4574966+00:00">
        <Text>Data collector 'Blame' message: All tests finished running, Sequence file will not be generated.</Text>
      </RunInfo>
    </RunInfos>
  </ResultSummary>
</TestRun>