<?xml version="1.0" encoding="utf-8"?>
<TestRun id="ccb79efe-4a37-431d-916c-fd89c20026bc" name="anna@cloudtest-win10 2023-01-24 21:13:12" runUser="cloudtest-win10\anna" xmlns="http://microsoft.com/schemas/VisualStudio/TeamTest/2010">
  <Times creation="2023-01-24T21:13:12.6814868+00:00" queuing="2023-01-24T21:13:12.6814872+00:00" start="2023-01-24T21:12:40.8418249+00:00" finish="2023-01-24T21:13:12.7171139+00:00" />
  <TestSettings name="default" id="99690ed9-0e7a-4377-a060-ecb5bbc9f875">
    <Deployment runDeploymentRoot="anna_cloudtest-win10_2023-01-24_21_13_12" />
  </TestSettings>
  <Results>
    <UnitTestResult executionId="defa21dc-7a78-4eb4-b7c1-805c225bbed4" testId="c58dd2df-e406-126a-acb7-0a2ea1af4989" testName="Tester.AzureUtils.Streaming.AQStreamingTests.AQ_02_OneProducerGrainOneConsumerClient" computerName="cloudtest-win10" duration="00:00:09.3012111" startTime="2023-01-24T21:13:12.3700649+00:00" endTime="2023-01-24T21:13:12.3701107+00:00" testType="13cdc9d9-ddb5-4fa4-a97d-d965ccfc6d4b" outcome="Passed" testListId="8c84fa94-04c1-424b-9868-57a2d4851a1d" relativeResultsDirectory="defa21dc-7a78-4eb4-b7c1-805c225bbed4" />
  </Results>
  <TestDefinitions>
    <UnitTest name="Tester.AzureUtils.Streaming.AQStreamingTests.AQ_02_OneProducerGrainOneConsumerClient" storage="c:\users\anna\orleans\test\extensions\testerazureutils\bin\debug\net7.0\tester.azureutils.dll" id="c58dd2df-e406-126a-acb7-0a2ea1af4989">
      <Execution id="defa21dc-7a78-4eb4-b7c1-805c225bbed4" />
      <TestMethod codeBase="C:\Users\anna\orleans\test\Extensions\TesterAzureUtils\bin\Debug\net7.0\Tester.AzureUtils.dll" adapterTypeName="executor://xunit/VsTestRunner2/netcoreapp" className="Tester.AzureUtils.Streaming.AQStreamingTests" name="AQ_02_OneProducerGrainOneConsumerClient" />
    </UnitTest>
  </TestDefinitions>
  <TestEntries>
    <TestEntry testId="c58dd2df-e406-126a-acb7-0a2ea1af4989" executionId="defa21dc-7a78-4eb4-b7c1-805c225bbed4" testListId="8c84fa94-04c1-424b-9868-57a2d4851a1d" />
  </TestEntries>
  <TestLists>
    <TestList name="Results Not in a List" id="8c84fa94-04c1-424b-9868-57a2d4851a1d" />
    <TestList name="All Loaded Results" id="19431567-8539-422a-85d7-44ee4e166bda" />
  </TestLists>
  <ResultSummary outcome="Completed">
    <Counters total="1" executed="1" passed="1" failed="0" error="0" timeout="0" aborted="0" inconclusive="0" passedButRunAborted="0" notRunnable="0" notExecuted="0" disconnected="0" warning="0" completed="0" inProgress="0" pending="0" />
    <Output>
      <StdOut>[xUnit.net 00:00:00.00] xUnit.net VSTest Adapter v2.4.5+1caef2f33e (64-bit .NET 7.0.2)&#xD;
[xUnit.net 00:00:01.25]   Discovering: Tester.AzureUtils (method display = ClassAndMethod, method display options = None)&#xD;
[xUnit.net 00:00:01.46]   Discovered:  Tester.AzureUtils (found 246 test cases)&#xD;
[xUnit.net 00:00:01.47]   Starting:    Tester.AzureUtils (parallel test collections = off, max threads = 4)&#xD;
[xUnit.net 00:00:28.60]   Finished:    Tester.AzureUtils&#xD;
</StdOut>
    </Output>
    <RunInfos>
      <RunInfo computerName="cloudtest-win10" outcome="Warning" timestamp="2023-01-24T21:13:12.5395140+00:00">
        <Text>Data collector 'Blame' message: All tests finished running, Sequence file will not be generated.</Text>
      </RunInfo>
    </RunInfos>
  </ResultSummary>
</TestRun>