<?xml version="1.0" encoding="utf-8"?>
<TestRun id="582495aa-30cd-400e-817b-bd96831f280d" name="anna@cloudtest-win10 2023-01-25 01:07:41" runUser="cloudtest-win10\anna" xmlns="http://microsoft.com/schemas/VisualStudio/TeamTest/2010">
  <Times creation="2023-01-25T01:07:41.1922975+00:00" queuing="2023-01-25T01:07:41.1922980+00:00" start="2023-01-25T01:07:13.6727357+00:00" finish="2023-01-25T01:07:41.2282063+00:00" />
  <TestSettings name="default" id="d39004af-b079-4427-aa99-5a8349cde5d7">
    <Deployment runDeploymentRoot="anna_cloudtest-win10_2023-01-25_01_07_41" />
  </TestSettings>
  <Results>
    <UnitTestResult executionId="d28c6ce0-4ab1-4f69-9b8c-a3a91b04b0a3" testId="8450984b-cf0a-eef9-6480-ac905c41d4c2" testName="Tester.AzureUtils.Streaming.AQStreamingTests.AQ_16_MultipleStreams_ManyDifferent_ManyProducerGrainsManyConsumerGrains" computerName="cloudtest-win10" duration="00:00:03.9445891" startTime="2023-01-25T01:07:40.8676891+00:00" endTime="2023-01-25T01:07:40.8677409+00:00" testType="13cdc9d9-ddb5-4fa4-a97d-d965ccfc6d4b" outcome="Passed" testListId="8c84fa94-04c1-424b-9868-57a2d4851a1d" relativeResultsDirectory="d28c6ce0-4ab1-4f69-9b8c-a3a91b04b0a3" />
  </Results>
  <TestDefinitions>
    <UnitTest name="Tester.AzureUtils.Streaming.AQStreamingTests.AQ_16_MultipleStreams_ManyDifferent_ManyProducerGrainsManyConsumerGrains" storage="c:\users\anna\orleans\test\extensions\testerazureutils\bin\debug\net7.0\tester.azureutils.dll" id="8450984b-cf0a-eef9-6480-ac905c41d4c2">
      <Execution id="d28c6ce0-4ab1-4f69-9b8c-a3a91b04b0a3" />
      <TestMethod codeBase="C:\Users\anna\orleans\test\Extensions\TesterAzureUtils\bin\Debug\net7.0\Tester.AzureUtils.dll" adapterTypeName="executor://xunit/VsTestRunner2/netcoreapp" className="Tester.AzureUtils.Streaming.AQStreamingTests" name="AQ_16_MultipleStreams_ManyDifferent_ManyProducerGrainsManyConsumerGrains" />
    </UnitTest>
  </TestDefinitions>
  <TestEntries>
    <TestEntry testId="8450984b-cf0a-eef9-6480-ac905c41d4c2" executionId="d28c6ce0-4ab1-4f69-9b8c-a3a91b04b0a3" testListId="8c84fa94-04c1-424b-9868-57a2d4851a1d" />
  </TestEntries>
  <TestLists>
    <TestList name="Results Not in a List" id="8c84fa94-04c1-424b-9868-57a2d4851a1d" />
    <TestList name="All Loaded Results" id="19431567-8539-422a-85d7-44ee4e166bda" />
  </TestLists>
  <ResultSummary outcome="Completed">
    <Counters total="1" executed="1" passed="1" failed="0" error="0" timeout="0" aborted="0" inconclusive="0" passedButRunAborted="0" notRunnable="0" notExecuted="0" disconnected="0" warning="0" completed="0" inProgress="0" pending="0" />
    <Output>
      <StdOut>[xUnit.net 00:00:00.00] xUnit.net VSTest Adapter v2.4.5+1caef2f33e (64-bit .NET 7.0.2)&#xD;
[xUnit.net 00:00:01.24]   Discovering: Tester.AzureUtils (method display = ClassAndMethod, method display options = None)&#xD;
[xUnit.net 00:00:01.45]   Discovered:  Tester.AzureUtils (found 246 test cases)&#xD;
[xUnit.net 00:00:01.47]   Starting:    Tester.AzureUtils (parallel test collections = off, max threads = 4)&#xD;
[xUnit.net 00:00:24.31]   Finished:    Tester.AzureUtils&#xD;
</StdOut>
    </Output>
    <RunInfos>
      <RunInfo computerName="cloudtest-win10" outcome="Warning" timestamp="2023-01-25T01:07:41.0471922+00:00">
        <Text>Data collector 'Blame' message: All tests finished running, Sequence file will not be generated.</Text>
      </RunInfo>
    </RunInfos>
  </ResultSummary>
</TestRun>