<?xml version="1.0" encoding="utf-8"?>
<TestRun id="8701c6bb-b0ff-4ea5-83bb-9f3100c29435" name="anna@cloudtest-win10 2023-01-25 00:33:02" runUser="cloudtest-win10\anna" xmlns="http://microsoft.com/schemas/VisualStudio/TeamTest/2010">
  <Times creation="2023-01-25T00:33:02.0392848+00:00" queuing="2023-01-25T00:33:02.0392853+00:00" start="2023-01-25T00:32:30.8297761+00:00" finish="2023-01-25T00:33:02.0757193+00:00" />
  <TestSettings name="default" id="0a32c631-6a68-4e0c-8038-a952d1c44d6f">
    <Deployment runDeploymentRoot="anna_cloudtest-win10_2023-01-25_00_33_02" />
  </TestSettings>
  <Results>
    <UnitTestResult executionId="c167996c-28c8-4591-a1b6-8a0f5b10bfda" testId="0b215f6f-f880-25f9-96f3-5ab331be7164" testName="Tester.AzureUtils.Streaming.AQStreamingTests.AQ_09_ManySame_ManyProducerGrainsManyConsumerGrains" computerName="cloudtest-win10" duration="00:00:07.6754875" startTime="2023-01-25T00:33:01.7233185+00:00" endTime="2023-01-25T00:33:01.7233643+00:00" testType="13cdc9d9-ddb5-4fa4-a97d-d965ccfc6d4b" outcome="Passed" testListId="8c84fa94-04c1-424b-9868-57a2d4851a1d" relativeResultsDirectory="c167996c-28c8-4591-a1b6-8a0f5b10bfda" />
  </Results>
  <TestDefinitions>
    <UnitTest name="Tester.AzureUtils.Streaming.AQStreamingTests.AQ_09_ManySame_ManyProducerGrainsManyConsumerGrains" storage="c:\users\anna\orleans\test\extensions\testerazureutils\bin\debug\net7.0\tester.azureutils.dll" id="0b215f6f-f880-25f9-96f3-5ab331be7164">
      <Execution id="c167996c-28c8-4591-a1b6-8a0f5b10bfda" />
      <TestMethod codeBase="C:\Users\anna\orleans\test\Extensions\TesterAzureUtils\bin\Debug\net7.0\Tester.AzureUtils.dll" adapterTypeName="executor://xunit/VsTestRunner2/netcoreapp" className="Tester.AzureUtils.Streaming.AQStreamingTests" name="AQ_09_ManySame_ManyProducerGrainsManyConsumerGrains" />
    </UnitTest>
  </TestDefinitions>
  <TestEntries>
    <TestEntry testId="0b215f6f-f880-25f9-96f3-5ab331be7164" executionId="c167996c-28c8-4591-a1b6-8a0f5b10bfda" testListId="8c84fa94-04c1-424b-9868-57a2d4851a1d" />
  </TestEntries>
  <TestLists>
    <TestList name="Results Not in a List" id="8c84fa94-04c1-424b-9868-57a2d4851a1d" />
    <TestList name="All Loaded Results" id="19431567-8539-422a-85d7-44ee4e166bda" />
  </TestLists>
  <ResultSummary outcome="Completed">
    <Counters total="1" executed="1" passed="1" failed="0" error="0" timeout="0" aborted="0" inconclusive="0" passedButRunAborted="0" notRunnable="0" notExecuted="0" disconnected="0" warning="0" completed="0" inProgress="0" pending="0" />
    <Output>
      <StdOut>[xUnit.net 00:00:00.00] xUnit.net VSTest Adapter v2.4.5+1caef2f33e (64-bit .NET 7.0.2)&#xD;
[xUnit.net 00:00:01.25]   Discovering: Tester.AzureUtils (method display = ClassAndMethod, method display options = None)&#xD;
[xUnit.net 00:00:01.46]   Discovered:  Tester.AzureUtils (found 246 test cases)&#xD;
[xUnit.net 00:00:01.47]   Starting:    Tester.AzureUtils (parallel test collections = off, max threads = 4)&#xD;
[xUnit.net 00:00:27.96]   Finished:    Tester.AzureUtils&#xD;
</StdOut>
    </Output>
    <RunInfos>
      <RunInfo computerName="cloudtest-win10" outcome="Warning" timestamp="2023-01-25T00:33:01.8913555+00:00">
        <Text>Data collector 'Blame' message: All tests finished running, Sequence file will not be generated.</Text>
      </RunInfo>
    </RunInfos>
  </ResultSummary>
</TestRun>