<?xml version="1.0" encoding="utf-8"?>
<TestRun id="d81a7111-4466-4b2f-bef3-7d94eb6dc884" name="anna@cloudtest-win10 2023-01-25 00:31:30" runUser="cloudtest-win10\anna" xmlns="http://microsoft.com/schemas/VisualStudio/TeamTest/2010">
  <Times creation="2023-01-25T00:31:30.3902471+00:00" queuing="2023-01-25T00:31:30.3902478+00:00" start="2023-01-25T00:30:59.5365288+00:00" finish="2023-01-25T00:31:30.4264931+00:00" />
  <TestSettings name="default" id="a88a60d1-55d3-4e64-bf91-d9d047407357">
    <Deployment runDeploymentRoot="anna_cloudtest-win10_2023-01-25_00_31_30" />
  </TestSettings>
  <Results>
    <UnitTestResult executionId="86488abe-01cb-47c5-bc08-2b2508a08900" testId="0b215f6f-f880-25f9-96f3-5ab331be7164" testName="Tester.AzureUtils.Streaming.AQStreamingTests.AQ_09_ManySame_ManyProducerGrainsManyConsumerGrains" computerName="cloudtest-win10" duration="00:00:07.2551186" startTime="2023-01-25T00:31:30.0688806+00:00" endTime="2023-01-25T00:31:30.0689309+00:00" testType="13cdc9d9-ddb5-4fa4-a97d-d965ccfc6d4b" outcome="Passed" testListId="8c84fa94-04c1-424b-9868-57a2d4851a1d" relativeResultsDirectory="86488abe-01cb-47c5-bc08-2b2508a08900" />
  </Results>
  <TestDefinitions>
    <UnitTest name="Tester.AzureUtils.Streaming.AQStreamingTests.AQ_09_ManySame_ManyProducerGrainsManyConsumerGrains" storage="c:\users\anna\orleans\test\extensions\testerazureutils\bin\debug\net7.0\tester.azureutils.dll" id="0b215f6f-f880-25f9-96f3-5ab331be7164">
      <Execution id="86488abe-01cb-47c5-bc08-2b2508a08900" />
      <TestMethod codeBase="C:\Users\anna\orleans\test\Extensions\TesterAzureUtils\bin\Debug\net7.0\Tester.AzureUtils.dll" adapterTypeName="executor://xunit/VsTestRunner2/netcoreapp" className="Tester.AzureUtils.Streaming.AQStreamingTests" name="AQ_09_ManySame_ManyProducerGrainsManyConsumerGrains" />
    </UnitTest>
  </TestDefinitions>
  <TestEntries>
    <TestEntry testId="0b215f6f-f880-25f9-96f3-5ab331be7164" executionId="86488abe-01cb-47c5-bc08-2b2508a08900" testListId="8c84fa94-04c1-424b-9868-57a2d4851a1d" />
  </TestEntries>
  <TestLists>
    <TestList name="Results Not in a List" id="8c84fa94-04c1-424b-9868-57a2d4851a1d" />
    <TestList name="All Loaded Results" id="19431567-8539-422a-85d7-44ee4e166bda" />
  </TestLists>
  <ResultSummary outcome="Completed">
    <Counters total="1" executed="1" passed="1" failed="0" error="0" timeout="0" aborted="0" inconclusive="0" passedButRunAborted="0" notRunnable="0" notExecuted="0" disconnected="0" warning="0" completed="0" inProgress="0" pending="0" />
    <Output>
      <StdOut>[xUnit.net 00:00:00.00] xUnit.net VSTest Adapter v2.4.5+1caef2f33e (64-bit .NET 7.0.2)&#xD;
[xUnit.net 00:00:01.25]   Discovering: Tester.AzureUtils (method display = ClassAndMethod, method display options = None)&#xD;
[xUnit.net 00:00:01.46]   Discovered:  Tester.AzureUtils (found 246 test cases)&#xD;
[xUnit.net 00:00:01.48]   Starting:    Tester.AzureUtils (parallel test collections = off, max threads = 4)&#xD;
[xUnit.net 00:00:27.61]   Finished:    Tester.AzureUtils&#xD;
</StdOut>
    </Output>
    <RunInfos>
      <RunInfo computerName="cloudtest-win10" outcome="Warning" timestamp="2023-01-25T00:31:30.2435472+00:00">
        <Text>Data collector 'Blame' message: All tests finished running, Sequence file will not be generated.</Text>
      </RunInfo>
    </RunInfos>
  </ResultSummary>
</TestRun>