<?xml version="1.0" encoding="utf-8"?>
<TestRun id="4edc8bf2-76b5-4f4d-87bc-ac21cfa8520e" name="anna@cloudtest-win10 2023-01-24 01:33:23" runUser="cloudtest-win10\anna" xmlns="http://microsoft.com/schemas/VisualStudio/TeamTest/2010">
  <Times creation="2023-01-24T01:33:23.4215020+00:00" queuing="2023-01-24T01:33:23.4215027+00:00" start="2023-01-24T01:33:16.8129342+00:00" finish="2023-01-24T01:33:23.4573907+00:00" />
  <TestSettings name="default" id="fae8d2c0-e609-47c7-aa24-5e92c4429a0d">
    <Deployment runDeploymentRoot="anna_cloudtest-win10_2023-01-24_01_33_23" />
  </TestSettings>
  <Results>
    <UnitTestResult executionId="9aec161a-1334-4c3c-a081-1505d5e41b53" testId="d8f5a3dc-7553-7c5e-0a7c-ee51dead7147" testName="Tester.AzureUtils.SiloInstanceTableManagerTests.SiloInstanceTable_FindAllGatewayProxyEndpoints" computerName="cloudtest-win10" duration="00:00:01.7864678" startTime="2023-01-24T01:33:23.1239145+00:00" endTime="2023-01-24T01:33:23.1239706+00:00" testType="13cdc9d9-ddb5-4fa4-a97d-d965ccfc6d4b" outcome="Passed" testListId="8c84fa94-04c1-424b-9868-57a2d4851a1d" relativeResultsDirectory="9aec161a-1334-4c3c-a081-1505d5e41b53">
      <Output>
        <StdOut>ClusterId=test-b12b259a-b952-42e5-8dad-d26ab566aae1 Generation=33528801&#xD;
Initializing SiloInstanceManager&#xD;
MyEntry=OrleansSilo [ Deployment=test-b12b259a-b952-42e5-8dad-d26ab566aae1 LocalEndpoint=127.0.0.1 LocalPort=0 Generation=33528801 Host=127.0.0.1 Status= ProxyPort=30000 RoleName=MyRole SiloName=MyInstance UpgradeZone=0 FaultZone=0 StartTime=2023-01-24 01:33:22.708 GMT IAmAliveTime=]&#xD;
TestCleanup Timeout=00:01:00&#xD;
TestCleanup -  Finished</StdOut>
      </Output>
    </UnitTestResult>
  </Results>
  <TestDefinitions>
    <UnitTest name="Tester.AzureUtils.SiloInstanceTableManagerTests.SiloInstanceTable_FindAllGatewayProxyEndpoints" storage="c:\users\anna\orleans\test\extensions\testerazureutils\bin\debug\net7.0\tester.azureutils.dll" id="d8f5a3dc-7553-7c5e-0a7c-ee51dead7147">
      <Execution id="9aec161a-1334-4c3c-a081-1505d5e41b53" />
      <TestMethod codeBase="C:\Users\anna\orleans\test\Extensions\TesterAzureUtils\bin\Debug\net7.0\Tester.AzureUtils.dll" adapterTypeName="executor://xunit/VsTestRunner2/netcoreapp" className="Tester.AzureUtils.SiloInstanceTableManagerTests" name="SiloInstanceTable_FindAllGatewayProxyEndpoints" />
    </UnitTest>
  </TestDefinitions>
  <TestEntries>
    <TestEntry testId="d8f5a3dc-7553-7c5e-0a7c-ee51dead7147" executionId="9aec161a-1334-4c3c-a081-1505d5e41b53" testListId="8c84fa94-04c1-424b-9868-57a2d4851a1d" />
  </TestEntries>
  <TestLists>
    <TestList name="Results Not in a List" id="8c84fa94-04c1-424b-9868-57a2d4851a1d" />
    <TestList name="All Loaded Results" id="19431567-8539-422a-85d7-44ee4e166bda" />
  </TestLists>
  <ResultSummary outcome="Completed">
    <Counters total="1" executed="1" passed="1" failed="0" error="0" timeout="0" aborted="0" inconclusive="0" passedButRunAborted="0" notRunnable="0" notExecuted="0" disconnected="0" warning="0" completed="0" inProgress="0" pending="0" />
    <Output>
      <StdOut>[xUnit.net 00:00:00.00] xUnit.net VSTest Adapter v2.4.5+1caef2f33e (64-bit .NET 7.0.2)&#xD;
[xUnit.net 00:00:01.25]   Discovering: Tester.AzureUtils (method display = ClassAndMethod, method display options = None)&#xD;
[xUnit.net 00:00:01.46]   Discovered:  Tester.AzureUtils (found 246 test cases)&#xD;
[xUnit.net 00:00:01.48]   Starting:    Tester.AzureUtils (parallel test collections = off, max threads = 4)&#xD;
[xUnit.net 00:00:03.38]   Finished:    Tester.AzureUtils&#xD;
</StdOut>
    </Output>
    <RunInfos>
      <RunInfo computerName="cloudtest-win10" outcome="Warning" timestamp="2023-01-24T01:33:23.2780061+00:00">
        <Text>Data collector 'Blame' message: All tests finished running, Sequence file will not be generated.</Text>
      </RunInfo>
    </RunInfos>
  </ResultSummary>
</TestRun>