<?xml version="1.0" encoding="utf-8"?>
<TestRun id="212cb7fd-c5b0-49a9-8e12-8f9c0af4ff8a" name="anna@cloudtest-win10 2023-01-24 01:52:35" runUser="cloudtest-win10\anna" xmlns="http://microsoft.com/schemas/VisualStudio/TeamTest/2010">
  <Times creation="2023-01-24T01:52:35.9460567+00:00" queuing="2023-01-24T01:52:35.9460571+00:00" start="2023-01-24T01:52:25.2336063+00:00" finish="2023-01-24T01:52:35.9811844+00:00" />
  <TestSettings name="default" id="c08b6519-2bf0-49fb-9160-4a53ccc39e39">
    <Deployment runDeploymentRoot="anna_cloudtest-win10_2023-01-24_01_52_35" />
  </TestSettings>
  <Results>
    <UnitTestResult executionId="3afa16da-2fa7-47c5-865c-174c3db96f2d" testId="a8b06e50-edd6-4a49-d532-32e22f490471" testName="Tester.AzureUtils.SiloInstanceTableManagerTests.SiloInstanceTable_Op_CleanDeadSiloInstance" computerName="cloudtest-win10" duration="00:00:05.9593293" startTime="2023-01-24T01:52:35.6462728+00:00" endTime="2023-01-24T01:52:35.6463194+00:00" testType="13cdc9d9-ddb5-4fa4-a97d-d965ccfc6d4b" outcome="Passed" testListId="8c84fa94-04c1-424b-9868-57a2d4851a1d" relativeResultsDirectory="3afa16da-2fa7-47c5-865c-174c3db96f2d">
      <Output>
        <StdOut>ClusterId=test-07fd141f-5c36-4631-8376-dabc6a9bf4f9 Generation=33529949&#xD;
Initializing SiloInstanceManager&#xD;
MyEntry=OrleansSilo [ Deployment=test-07fd141f-5c36-4631-8376-dabc6a9bf4f9 LocalEndpoint=127.0.0.1 LocalPort=0 Generation=0 Host=127.0.0.1 Status= ProxyPort=30000 RoleName=MyRole SiloName=MyInstance UpgradeZone=0 FaultZone=0 StartTime=2023-01-24 01:52:30.533 GMT IAmAliveTime=]&#xD;
MyEntry=OrleansSilo [ Deployment=test-07fd141f-5c36-4631-8376-dabc6a9bf4f9 LocalEndpoint=127.0.0.1 LocalPort=0 Generation=1 Host=127.0.0.1 Status= ProxyPort=30000 RoleName=MyRole SiloName=MyInstance UpgradeZone=0 FaultZone=0 StartTime=2023-01-24 01:52:30.688 GMT IAmAliveTime=]&#xD;
MyEntry=OrleansSilo [ Deployment=test-07fd141f-5c36-4631-8376-dabc6a9bf4f9 LocalEndpoint=127.0.0.1 LocalPort=0 Generation=2 Host=127.0.0.1 Status= ProxyPort=30000 RoleName=MyRole SiloName=MyInstance UpgradeZone=0 FaultZone=0 StartTime=2023-01-24 01:52:30.821 GMT IAmAliveTime=]&#xD;
MyEntry=OrleansSilo [ Deployment=test-07fd141f-5c36-4631-8376-dabc6a9bf4f9 LocalEndpoint=127.0.0.1 LocalPort=0 Generation=3 Host=127.0.0.1 Status= ProxyPort=30000 RoleName=MyRole SiloName=MyInstance UpgradeZone=0 FaultZone=0 StartTime=2023-01-24 01:52:30.950 GMT IAmAliveTime=]&#xD;
MyEntry=OrleansSilo [ Deployment=test-07fd141f-5c36-4631-8376-dabc6a9bf4f9 LocalEndpoint=127.0.0.1 LocalPort=0 Generation=4 Host=127.0.0.1 Status= ProxyPort=30000 RoleName=MyRole SiloName=MyInstance UpgradeZone=0 FaultZone=0 StartTime=2023-01-24 01:52:31.087 GMT IAmAliveTime=]&#xD;
TestCleanup Timeout=00:01:00&#xD;
TestCleanup -  Finished</StdOut>
      </Output>
    </UnitTestResult>
  </Results>
  <TestDefinitions>
    <UnitTest name="Tester.AzureUtils.SiloInstanceTableManagerTests.SiloInstanceTable_Op_CleanDeadSiloInstance" storage="c:\users\anna\orleans\test\extensions\testerazureutils\bin\debug\net7.0\tester.azureutils.dll" id="a8b06e50-edd6-4a49-d532-32e22f490471">
      <Execution id="3afa16da-2fa7-47c5-865c-174c3db96f2d" />
      <TestMethod codeBase="C:\Users\anna\orleans\test\Extensions\TesterAzureUtils\bin\Debug\net7.0\Tester.AzureUtils.dll" adapterTypeName="executor://xunit/VsTestRunner2/netcoreapp" className="Tester.AzureUtils.SiloInstanceTableManagerTests" name="SiloInstanceTable_Op_CleanDeadSiloInstance" />
    </UnitTest>
  </TestDefinitions>
  <TestEntries>
    <TestEntry testId="a8b06e50-edd6-4a49-d532-32e22f490471" executionId="3afa16da-2fa7-47c5-865c-174c3db96f2d" testListId="8c84fa94-04c1-424b-9868-57a2d4851a1d" />
  </TestEntries>
  <TestLists>
    <TestList name="Results Not in a List" id="8c84fa94-04c1-424b-9868-57a2d4851a1d" />
    <TestList name="All Loaded Results" id="19431567-8539-422a-85d7-44ee4e166bda" />
  </TestLists>
  <ResultSummary outcome="Completed">
    <Counters total="1" executed="1" passed="1" failed="0" error="0" timeout="0" aborted="0" inconclusive="0" passedButRunAborted="0" notRunnable="0" notExecuted="0" disconnected="0" warning="0" completed="0" inProgress="0" pending="0" />
    <Output>
      <StdOut>[xUnit.net 00:00:00.00] xUnit.net VSTest Adapter v2.4.5+1caef2f33e (64-bit .NET 7.0.2)&#xD;
[xUnit.net 00:00:01.24]   Discovering: Tester.AzureUtils (method display = ClassAndMethod, method display options = None)&#xD;
[xUnit.net 00:00:01.45]   Discovered:  Tester.AzureUtils (found 246 test cases)&#xD;
[xUnit.net 00:00:01.46]   Starting:    Tester.AzureUtils (parallel test collections = off, max threads = 4)&#xD;
[xUnit.net 00:00:07.54]   Finished:    Tester.AzureUtils&#xD;
</StdOut>
    </Output>
    <RunInfos>
      <RunInfo computerName="cloudtest-win10" outcome="Warning" timestamp="2023-01-24T01:52:35.8019564+00:00">
        <Text>Data collector 'Blame' message: All tests finished running, Sequence file will not be generated.</Text>
      </RunInfo>
    </RunInfos>
  </ResultSummary>
</TestRun>