<?xml version="1.0" encoding="utf-8"?>
<TestRun id="e175f4ec-ece7-4545-8f50-af4153f6784e" name="anna@cloudtest-win10 2023-01-24 01:51:56" runUser="cloudtest-win10\anna" xmlns="http://microsoft.com/schemas/VisualStudio/TeamTest/2010">
  <Times creation="2023-01-24T01:51:56.8957829+00:00" queuing="2023-01-24T01:51:56.8957837+00:00" start="2023-01-24T01:51:46.4279019+00:00" finish="2023-01-24T01:51:56.9346294+00:00" />
  <TestSettings name="default" id="f6e6ef5d-f405-437b-84b5-9548d531bac4">
    <Deployment runDeploymentRoot="anna_cloudtest-win10_2023-01-24_01_51_56" />
  </TestSettings>
  <Results>
    <UnitTestResult executionId="39f63817-2dc9-4ef4-87a6-e70f6bda85a1" testId="a8b06e50-edd6-4a49-d532-32e22f490471" testName="Tester.AzureUtils.SiloInstanceTableManagerTests.SiloInstanceTable_Op_CleanDeadSiloInstance" computerName="cloudtest-win10" duration="00:00:05.6542088" startTime="2023-01-24T01:51:56.5940762+00:00" endTime="2023-01-24T01:51:56.5941221+00:00" testType="13cdc9d9-ddb5-4fa4-a97d-d965ccfc6d4b" outcome="Passed" testListId="8c84fa94-04c1-424b-9868-57a2d4851a1d" relativeResultsDirectory="39f63817-2dc9-4ef4-87a6-e70f6bda85a1">
      <Output>
        <StdOut>ClusterId=test-2b31e370-fabf-4c3c-934e-4ac87a694272 Generation=33529910&#xD;
Initializing SiloInstanceManager&#xD;
MyEntry=OrleansSilo [ Deployment=test-2b31e370-fabf-4c3c-934e-4ac87a694272 LocalEndpoint=127.0.0.1 LocalPort=0 Generation=0 Host=127.0.0.1 Status= ProxyPort=30000 RoleName=MyRole SiloName=MyInstance UpgradeZone=0 FaultZone=0 StartTime=2023-01-24 01:51:52.532 GMT IAmAliveTime=]&#xD;
MyEntry=OrleansSilo [ Deployment=test-2b31e370-fabf-4c3c-934e-4ac87a694272 LocalEndpoint=127.0.0.1 LocalPort=0 Generation=1 Host=127.0.0.1 Status= ProxyPort=30000 RoleName=MyRole SiloName=MyInstance UpgradeZone=0 FaultZone=0 StartTime=2023-01-24 01:51:52.675 GMT IAmAliveTime=]&#xD;
MyEntry=OrleansSilo [ Deployment=test-2b31e370-fabf-4c3c-934e-4ac87a694272 LocalEndpoint=127.0.0.1 LocalPort=0 Generation=2 Host=127.0.0.1 Status= ProxyPort=30000 RoleName=MyRole SiloName=MyInstance UpgradeZone=0 FaultZone=0 StartTime=2023-01-24 01:51:52.798 GMT IAmAliveTime=]&#xD;
MyEntry=OrleansSilo [ Deployment=test-2b31e370-fabf-4c3c-934e-4ac87a694272 LocalEndpoint=127.0.0.1 LocalPort=0 Generation=3 Host=127.0.0.1 Status= ProxyPort=30000 RoleName=MyRole SiloName=MyInstance UpgradeZone=0 FaultZone=0 StartTime=2023-01-24 01:51:52.908 GMT IAmAliveTime=]&#xD;
MyEntry=OrleansSilo [ Deployment=test-2b31e370-fabf-4c3c-934e-4ac87a694272 LocalEndpoint=127.0.0.1 LocalPort=0 Generation=4 Host=127.0.0.1 Status= ProxyPort=30000 RoleName=MyRole SiloName=MyInstance UpgradeZone=0 FaultZone=0 StartTime=2023-01-24 01:51:53.020 GMT IAmAliveTime=]&#xD;
TestCleanup Timeout=00:01:00&#xD;
TestCleanup -  Finished</StdOut>
      </Output>
    </UnitTestResult>
  </Results>
  <TestDefinitions>
    <UnitTest name="Tester.AzureUtils.SiloInstanceTableManagerTests.SiloInstanceTable_Op_CleanDeadSiloInstance" storage="c:\users\anna\orleans\test\extensions\testerazureutils\bin\debug\net7.0\tester.azureutils.dll" id="a8b06e50-edd6-4a49-d532-32e22f490471">
      <Execution id="39f63817-2dc9-4ef4-87a6-e70f6bda85a1" />
      <TestMethod codeBase="C:\Users\anna\orleans\test\Extensions\TesterAzureUtils\bin\Debug\net7.0\Tester.AzureUtils.dll" adapterTypeName="executor://xunit/VsTestRunner2/netcoreapp" className="Tester.AzureUtils.SiloInstanceTableManagerTests" name="SiloInstanceTable_Op_CleanDeadSiloInstance" />
    </UnitTest>
  </TestDefinitions>
  <TestEntries>
    <TestEntry testId="a8b06e50-edd6-4a49-d532-32e22f490471" executionId="39f63817-2dc9-4ef4-87a6-e70f6bda85a1" testListId="8c84fa94-04c1-424b-9868-57a2d4851a1d" />
  </TestEntries>
  <TestLists>
    <TestList name="Results Not in a List" id="8c84fa94-04c1-424b-9868-57a2d4851a1d" />
    <TestList name="All Loaded Results" id="19431567-8539-422a-85d7-44ee4e166bda" />
  </TestLists>
  <ResultSummary outcome="Completed">
    <Counters total="1" executed="1" passed="1" failed="0" error="0" timeout="0" aborted="0" inconclusive="0" passedButRunAborted="0" notRunnable="0" notExecuted="0" disconnected="0" warning="0" completed="0" inProgress="0" pending="0" />
    <Output>
      <StdOut>[xUnit.net 00:00:00.00] xUnit.net VSTest Adapter v2.4.5+1caef2f33e (64-bit .NET 7.0.2)&#xD;
[xUnit.net 00:00:01.24]   Discovering: Tester.AzureUtils (method display = ClassAndMethod, method display options = None)&#xD;
[xUnit.net 00:00:01.45]   Discovered:  Tester.AzureUtils (found 246 test cases)&#xD;
[xUnit.net 00:00:01.46]   Starting:    Tester.AzureUtils (parallel test collections = off, max threads = 4)&#xD;
[xUnit.net 00:00:07.24]   Finished:    Tester.AzureUtils&#xD;
</StdOut>
    </Output>
    <RunInfos>
      <RunInfo computerName="cloudtest-win10" outcome="Warning" timestamp="2023-01-24T01:51:56.7493956+00:00">
        <Text>Data collector 'Blame' message: All tests finished running, Sequence file will not be generated.</Text>
      </RunInfo>
    </RunInfos>
  </ResultSummary>
</TestRun>