<?xml version="1.0" encoding="utf-8"?>
<TestRun id="552a2bbd-c2c2-41d1-ad87-560be3f3d579" name="anna@cloudtest-win10 2023-01-24 01:53:34" runUser="cloudtest-win10\anna" xmlns="http://microsoft.com/schemas/VisualStudio/TeamTest/2010">
  <Times creation="2023-01-24T01:53:34.9434814+00:00" queuing="2023-01-24T01:53:34.9434820+00:00" start="2023-01-24T01:53:27.8759424+00:00" finish="2023-01-24T01:53:34.9814209+00:00" />
  <TestSettings name="default" id="a3797d7b-6f19-4416-abcd-32378e877d81">
    <Deployment runDeploymentRoot="anna_cloudtest-win10_2023-01-24_01_53_34" />
  </TestSettings>
  <Results>
    <UnitTestResult executionId="760f24d0-6500-43bd-8cfe-ba7dc43a7d8c" testId="3573d3ee-354c-3210-4087-b549fe24d804" testName="Tester.AzureUtils.SiloInstanceTableManagerTests.SiloInstanceTable_Op_CreateSiloEntryConditionally" computerName="cloudtest-win10" duration="00:00:01.9540363" startTime="2023-01-24T01:53:34.6465510+00:00" endTime="2023-01-24T01:53:34.6465982+00:00" testType="13cdc9d9-ddb5-4fa4-a97d-d965ccfc6d4b" outcome="Passed" testListId="8c84fa94-04c1-424b-9868-57a2d4851a1d" relativeResultsDirectory="760f24d0-6500-43bd-8cfe-ba7dc43a7d8c">
      <Output>
        <StdOut>ClusterId=test-69c83402-cbd9-40ee-9622-0bb1eaa7831d Generation=33530012&#xD;
Initializing SiloInstanceManager&#xD;
TestCleanup Timeout=00:01:00&#xD;
TestCleanup -  Finished</StdOut>
      </Output>
    </UnitTestResult>
  </Results>
  <TestDefinitions>
    <UnitTest name="Tester.AzureUtils.SiloInstanceTableManagerTests.SiloInstanceTable_Op_CreateSiloEntryConditionally" storage="c:\users\anna\orleans\test\extensions\testerazureutils\bin\debug\net7.0\tester.azureutils.dll" id="3573d3ee-354c-3210-4087-b549fe24d804">
      <Execution id="760f24d0-6500-43bd-8cfe-ba7dc43a7d8c" />
      <TestMethod codeBase="C:\Users\anna\orleans\test\Extensions\TesterAzureUtils\bin\Debug\net7.0\Tester.AzureUtils.dll" adapterTypeName="executor://xunit/VsTestRunner2/netcoreapp" className="Tester.AzureUtils.SiloInstanceTableManagerTests" name="SiloInstanceTable_Op_CreateSiloEntryConditionally" />
    </UnitTest>
  </TestDefinitions>
  <TestEntries>
    <TestEntry testId="3573d3ee-354c-3210-4087-b549fe24d804" executionId="760f24d0-6500-43bd-8cfe-ba7dc43a7d8c" testListId="8c84fa94-04c1-424b-9868-57a2d4851a1d" />
  </TestEntries>
  <TestLists>
    <TestList name="Results Not in a List" id="8c84fa94-04c1-424b-9868-57a2d4851a1d" />
    <TestList name="All Loaded Results" id="19431567-8539-422a-85d7-44ee4e166bda" />
  </TestLists>
  <ResultSummary outcome="Completed">
    <Counters total="1" executed="1" passed="1" failed="0" error="0" timeout="0" aborted="0" inconclusive="0" passedButRunAborted="0" notRunnable="0" notExecuted="0" disconnected="0" warning="0" completed="0" inProgress="0" pending="0" />
    <Output>
      <StdOut>[xUnit.net 00:00:00.00] xUnit.net VSTest Adapter v2.4.5+1caef2f33e (64-bit .NET 7.0.2)&#xD;
[xUnit.net 00:00:01.30]   Discovering: Tester.AzureUtils (method display = ClassAndMethod, method display options = None)&#xD;
[xUnit.net 00:00:01.52]   Discovered:  Tester.AzureUtils (found 246 test cases)&#xD;
[xUnit.net 00:00:01.53]   Starting:    Tester.AzureUtils (parallel test collections = off, max threads = 4)&#xD;
[xUnit.net 00:00:03.61]   Finished:    Tester.AzureUtils&#xD;
</StdOut>
    </Output>
    <RunInfos>
      <RunInfo computerName="cloudtest-win10" outcome="Warning" timestamp="2023-01-24T01:53:34.7999366+00:00">
        <Text>Data collector 'Blame' message: All tests finished running, Sequence file will not be generated.</Text>
      </RunInfo>
    </RunInfos>
  </ResultSummary>
</TestRun>