<?xml version="1.0" encoding="utf-8"?>
<TestRun id="e8f52054-8d5b-42ed-8b49-9c1204229ff0" name="anna@cloudtest-win10 2023-01-24 21:53:31" runUser="cloudtest-win10\anna" xmlns="http://microsoft.com/schemas/VisualStudio/TeamTest/2010">
  <Times creation="2023-01-24T21:53:32.0039178+00:00" queuing="2023-01-24T21:53:32.0039185+00:00" start="2023-01-24T21:53:02.7056504+00:00" finish="2023-01-24T21:53:32.0403300+00:00" />
  <TestSettings name="default" id="797b0c5b-ac62-4e05-b527-fff19a69f671">
    <Deployment runDeploymentRoot="anna_cloudtest-win10_2023-01-24_21_53_31" />
  </TestSettings>
  <Results>
    <UnitTestResult executionId="f7cadf02-b19c-4bb3-b482-6b2011dd38fb" testId="b382e816-0896-59c0-1661-542d1f870d12" testName="Tester.AzureUtils.Streaming.AQStreamingTests.AQ_11_ManySame_ManyProducerGrainsManyConsumerClients" computerName="cloudtest-win10" duration="00:00:05.8601670" startTime="2023-01-24T21:53:31.6914180+00:00" endTime="2023-01-24T21:53:31.6914661+00:00" testType="13cdc9d9-ddb5-4fa4-a97d-d965ccfc6d4b" outcome="Passed" testListId="8c84fa94-04c1-424b-9868-57a2d4851a1d" relativeResultsDirectory="f7cadf02-b19c-4bb3-b482-6b2011dd38fb" />
  </Results>
  <TestDefinitions>
    <UnitTest name="Tester.AzureUtils.Streaming.AQStreamingTests.AQ_11_ManySame_ManyProducerGrainsManyConsumerClients" storage="c:\users\anna\orleans\test\extensions\testerazureutils\bin\debug\net7.0\tester.azureutils.dll" id="b382e816-0896-59c0-1661-542d1f870d12">
      <Execution id="f7cadf02-b19c-4bb3-b482-6b2011dd38fb" />
      <TestMethod codeBase="C:\Users\anna\orleans\test\Extensions\TesterAzureUtils\bin\Debug\net7.0\Tester.AzureUtils.dll" adapterTypeName="executor://xunit/VsTestRunner2/netcoreapp" className="Tester.AzureUtils.Streaming.AQStreamingTests" name="AQ_11_ManySame_ManyProducerGrainsManyConsumerClients" />
    </UnitTest>
  </TestDefinitions>
  <TestEntries>
    <TestEntry testId="b382e816-0896-59c0-1661-542d1f870d12" executionId="f7cadf02-b19c-4bb3-b482-6b2011dd38fb" testListId="8c84fa94-04c1-424b-9868-57a2d4851a1d" />
  </TestEntries>
  <TestLists>
    <TestList name="Results Not in a List" id="8c84fa94-04c1-424b-9868-57a2d4851a1d" />
    <TestList name="All Loaded Results" id="19431567-8539-422a-85d7-44ee4e166bda" />
  </TestLists>
  <ResultSummary outcome="Completed">
    <Counters total="1" executed="1" passed="1" failed="0" error="0" timeout="0" aborted="0" inconclusive="0" passedButRunAborted="0" notRunnable="0" notExecuted="0" disconnected="0" warning="0" completed="0" inProgress="0" pending="0" />
    <Output>
      <StdOut>[xUnit.net 00:00:00.00] xUnit.net VSTest Adapter v2.4.5+1caef2f33e (64-bit .NET 7.0.2)&#xD;
[xUnit.net 00:00:01.25]   Discovering: Tester.AzureUtils (method display = ClassAndMethod, method display options = None)&#xD;
[xUnit.net 00:00:01.45]   Discovered:  Tester.AzureUtils (found 246 test cases)&#xD;
[xUnit.net 00:00:01.47]   Starting:    Tester.AzureUtils (parallel test collections = off, max threads = 4)&#xD;
[xUnit.net 00:00:25.99]   Finished:    Tester.AzureUtils&#xD;
</StdOut>
    </Output>
    <RunInfos>
      <RunInfo computerName="cloudtest-win10" outcome="Warning" timestamp="2023-01-24T21:53:31.8514533+00:00">
        <Text>Data collector 'Blame' message: All tests finished running, Sequence file will not be generated.</Text>
      </RunInfo>
    </RunInfos>
  </ResultSummary>
</TestRun>