<?xml version="1.0" encoding="utf-8"?>
<TestRun id="78a8231e-23c9-4ca3-9353-5519c505fa2f" name="anna@cloudtest-win10 2023-01-24 21:50:07" runUser="cloudtest-win10\anna" xmlns="http://microsoft.com/schemas/VisualStudio/TeamTest/2010">
  <Times creation="2023-01-24T21:50:07.8550751+00:00" queuing="2023-01-24T21:50:07.8550757+00:00" start="2023-01-24T21:49:38.4087266+00:00" finish="2023-01-24T21:50:07.8908058+00:00" />
  <TestSettings name="default" id="b2fc27bd-6856-469a-83f4-9c30019c288e">
    <Deployment runDeploymentRoot="anna_cloudtest-win10_2023-01-24_21_50_07" />
  </TestSettings>
  <Results>
    <UnitTestResult executionId="588f3950-2a25-494c-8557-9c31661cfffe" testId="b382e816-0896-59c0-1661-542d1f870d12" testName="Tester.AzureUtils.Streaming.AQStreamingTests.AQ_11_ManySame_ManyProducerGrainsManyConsumerClients" computerName="cloudtest-win10" duration="00:00:06.6565143" startTime="2023-01-24T21:50:07.5503667+00:00" endTime="2023-01-24T21:50:07.5504829+00:00" testType="13cdc9d9-ddb5-4fa4-a97d-d965ccfc6d4b" outcome="Passed" testListId="8c84fa94-04c1-424b-9868-57a2d4851a1d" relativeResultsDirectory="588f3950-2a25-494c-8557-9c31661cfffe" />
  </Results>
  <TestDefinitions>
    <UnitTest name="Tester.AzureUtils.Streaming.AQStreamingTests.AQ_11_ManySame_ManyProducerGrainsManyConsumerClients" storage="c:\users\anna\orleans\test\extensions\testerazureutils\bin\debug\net7.0\tester.azureutils.dll" id="b382e816-0896-59c0-1661-542d1f870d12">
      <Execution id="588f3950-2a25-494c-8557-9c31661cfffe" />
      <TestMethod codeBase="C:\Users\anna\orleans\test\Extensions\TesterAzureUtils\bin\Debug\net7.0\Tester.AzureUtils.dll" adapterTypeName="executor://xunit/VsTestRunner2/netcoreapp" className="Tester.AzureUtils.Streaming.AQStreamingTests" name="AQ_11_ManySame_ManyProducerGrainsManyConsumerClients" />
    </UnitTest>
  </TestDefinitions>
  <TestEntries>
    <TestEntry testId="b382e816-0896-59c0-1661-542d1f870d12" executionId="588f3950-2a25-494c-8557-9c31661cfffe" testListId="8c84fa94-04c1-424b-9868-57a2d4851a1d" />
  </TestEntries>
  <TestLists>
    <TestList name="Results Not in a List" id="8c84fa94-04c1-424b-9868-57a2d4851a1d" />
    <TestList name="All Loaded Results" id="19431567-8539-422a-85d7-44ee4e166bda" />
  </TestLists>
  <ResultSummary outcome="Completed">
    <Counters total="1" executed="1" passed="1" failed="0" error="0" timeout="0" aborted="0" inconclusive="0" passedButRunAborted="0" notRunnable="0" notExecuted="0" disconnected="0" warning="0" completed="0" inProgress="0" pending="0" />
    <Output>
      <StdOut>[xUnit.net 00:00:00.00] xUnit.net VSTest Adapter v2.4.5+1caef2f33e (64-bit .NET 7.0.2)&#xD;
[xUnit.net 00:00:01.24]   Discovering: Tester.AzureUtils (method display = ClassAndMethod, method display options = None)&#xD;
[xUnit.net 00:00:01.45]   Discovered:  Tester.AzureUtils (found 246 test cases)&#xD;
[xUnit.net 00:00:01.47]   Starting:    Tester.AzureUtils (parallel test collections = off, max threads = 4)&#xD;
[xUnit.net 00:00:26.25]   Finished:    Tester.AzureUtils&#xD;
</StdOut>
    </Output>
    <RunInfos>
      <RunInfo computerName="cloudtest-win10" outcome="Warning" timestamp="2023-01-24T21:50:07.7065809+00:00">
        <Text>Data collector 'Blame' message: All tests finished running, Sequence file will not be generated.</Text>
      </RunInfo>
    </RunInfos>
  </ResultSummary>
</TestRun>