<?xml version="1.0" encoding="utf-8"?>
<TestRun id="f914589d-3911-414d-94a2-27f92b66e347" name="anna@cloudtest-win10 2023-01-24 01:35:10" runUser="cloudtest-win10\anna" xmlns="http://microsoft.com/schemas/VisualStudio/TeamTest/2010">
  <Times creation="2023-01-24T01:35:10.2413122+00:00" queuing="2023-01-24T01:35:10.2413129+00:00" start="2023-01-24T01:35:00.4529172+00:00" finish="2023-01-24T01:35:10.2770918+00:00" />
  <TestSettings name="default" id="5b7030ef-9760-4969-8cb0-5ef89b96f369">
    <Deployment runDeploymentRoot="anna_cloudtest-win10_2023-01-24_01_35_10" />
  </TestSettings>
  <Results>
    <UnitTestResult executionId="fd7ec6cf-0df6-4f03-acdb-5768a5833394" testId="a8b06e50-edd6-4a49-d532-32e22f490471" testName="Tester.AzureUtils.SiloInstanceTableManagerTests.SiloInstanceTable_Op_CleanDeadSiloInstance" computerName="cloudtest-win10" duration="00:00:05.0066445" startTime="2023-01-24T01:35:09.9377544+00:00" endTime="2023-01-24T01:35:09.9377999+00:00" testType="13cdc9d9-ddb5-4fa4-a97d-d965ccfc6d4b" outcome="Passed" testListId="8c84fa94-04c1-424b-9868-57a2d4851a1d" relativeResultsDirectory="fd7ec6cf-0df6-4f03-acdb-5768a5833394">
      <Output>
        <StdOut>ClusterId=test-b0506265-b8f9-4976-9b28-23cc2eb2257d Generation=33528904&#xD;
Initializing SiloInstanceManager&#xD;
MyEntry=OrleansSilo [ Deployment=test-b0506265-b8f9-4976-9b28-23cc2eb2257d LocalEndpoint=127.0.0.1 LocalPort=0 Generation=0 Host=127.0.0.1 Status= ProxyPort=30000 RoleName=MyRole SiloName=MyInstance UpgradeZone=0 FaultZone=0 StartTime=2023-01-24 01:35:06.245 GMT IAmAliveTime=]&#xD;
MyEntry=OrleansSilo [ Deployment=test-b0506265-b8f9-4976-9b28-23cc2eb2257d LocalEndpoint=127.0.0.1 LocalPort=0 Generation=1 Host=127.0.0.1 Status= ProxyPort=30000 RoleName=MyRole SiloName=MyInstance UpgradeZone=0 FaultZone=0 StartTime=2023-01-24 01:35:06.341 GMT IAmAliveTime=]&#xD;
MyEntry=OrleansSilo [ Deployment=test-b0506265-b8f9-4976-9b28-23cc2eb2257d LocalEndpoint=127.0.0.1 LocalPort=0 Generation=2 Host=127.0.0.1 Status= ProxyPort=30000 RoleName=MyRole SiloName=MyInstance UpgradeZone=0 FaultZone=0 StartTime=2023-01-24 01:35:06.408 GMT IAmAliveTime=]&#xD;
MyEntry=OrleansSilo [ Deployment=test-b0506265-b8f9-4976-9b28-23cc2eb2257d LocalEndpoint=127.0.0.1 LocalPort=0 Generation=3 Host=127.0.0.1 Status= ProxyPort=30000 RoleName=MyRole SiloName=MyInstance UpgradeZone=0 FaultZone=0 StartTime=2023-01-24 01:35:06.480 GMT IAmAliveTime=]&#xD;
MyEntry=OrleansSilo [ Deployment=test-b0506265-b8f9-4976-9b28-23cc2eb2257d LocalEndpoint=127.0.0.1 LocalPort=0 Generation=4 Host=127.0.0.1 Status= ProxyPort=30000 RoleName=MyRole SiloName=MyInstance UpgradeZone=0 FaultZone=0 StartTime=2023-01-24 01:35:06.541 GMT IAmAliveTime=]&#xD;
TestCleanup Timeout=00:01:00&#xD;
TestCleanup -  Finished</StdOut>
      </Output>
    </UnitTestResult>
  </Results>
  <TestDefinitions>
    <UnitTest name="Tester.AzureUtils.SiloInstanceTableManagerTests.SiloInstanceTable_Op_CleanDeadSiloInstance" storage="c:\users\anna\orleans\test\extensions\testerazureutils\bin\debug\net7.0\tester.azureutils.dll" id="a8b06e50-edd6-4a49-d532-32e22f490471">
      <Execution id="fd7ec6cf-0df6-4f03-acdb-5768a5833394" />
      <TestMethod codeBase="C:\Users\anna\orleans\test\Extensions\TesterAzureUtils\bin\Debug\net7.0\Tester.AzureUtils.dll" adapterTypeName="executor://xunit/VsTestRunner2/netcoreapp" className="Tester.AzureUtils.SiloInstanceTableManagerTests" name="SiloInstanceTable_Op_CleanDeadSiloInstance" />
    </UnitTest>
  </TestDefinitions>
  <TestEntries>
    <TestEntry testId="a8b06e50-edd6-4a49-d532-32e22f490471" executionId="fd7ec6cf-0df6-4f03-acdb-5768a5833394" testListId="8c84fa94-04c1-424b-9868-57a2d4851a1d" />
  </TestEntries>
  <TestLists>
    <TestList name="Results Not in a List" id="8c84fa94-04c1-424b-9868-57a2d4851a1d" />
    <TestList name="All Loaded Results" id="19431567-8539-422a-85d7-44ee4e166bda" />
  </TestLists>
  <ResultSummary outcome="Completed">
    <Counters total="1" executed="1" passed="1" failed="0" error="0" timeout="0" aborted="0" inconclusive="0" passedButRunAborted="0" notRunnable="0" notExecuted="0" disconnected="0" warning="0" completed="0" inProgress="0" pending="0" />
    <Output>
      <StdOut>[xUnit.net 00:00:00.00] xUnit.net VSTest Adapter v2.4.5+1caef2f33e (64-bit .NET 7.0.2)&#xD;
[xUnit.net 00:00:01.25]   Discovering: Tester.AzureUtils (method display = ClassAndMethod, method display options = None)&#xD;
[xUnit.net 00:00:01.45]   Discovered:  Tester.AzureUtils (found 246 test cases)&#xD;
[xUnit.net 00:00:01.47]   Starting:    Tester.AzureUtils (parallel test collections = off, max threads = 4)&#xD;
[xUnit.net 00:00:06.60]   Finished:    Tester.AzureUtils&#xD;
</StdOut>
    </Output>
    <RunInfos>
      <RunInfo computerName="cloudtest-win10" outcome="Warning" timestamp="2023-01-24T01:35:10.0936469+00:00">
        <Text>Data collector 'Blame' message: All tests finished running, Sequence file will not be generated.</Text>
      </RunInfo>
    </RunInfos>
  </ResultSummary>
</TestRun>