<?xml version="1.0" encoding="utf-8"?>
<TestRun id="de9fa822-9f4d-4d59-b430-1c6b28a83bb0" name="anna@cloudtest-win10 2023-01-24 01:34:09" runUser="cloudtest-win10\anna" xmlns="http://microsoft.com/schemas/VisualStudio/TeamTest/2010">
  <Times creation="2023-01-24T01:34:10.0201986+00:00" queuing="2023-01-24T01:34:10.0201993+00:00" start="2023-01-24T01:33:59.9606401+00:00" finish="2023-01-24T01:34:10.0560912+00:00" />
  <TestSettings name="default" id="6b0ac6ee-4e3f-42a5-80e3-1fe859e472ea">
    <Deployment runDeploymentRoot="anna_cloudtest-win10_2023-01-24_01_34_09" />
  </TestSettings>
  <Results>
    <UnitTestResult executionId="60b84064-c358-49e0-b710-e4368e0863be" testId="a8b06e50-edd6-4a49-d532-32e22f490471" testName="Tester.AzureUtils.SiloInstanceTableManagerTests.SiloInstanceTable_Op_CleanDeadSiloInstance" computerName="cloudtest-win10" duration="00:00:05.1703064" startTime="2023-01-24T01:34:09.6298192+00:00" endTime="2023-01-24T01:34:09.6298652+00:00" testType="13cdc9d9-ddb5-4fa4-a97d-d965ccfc6d4b" outcome="Passed" testListId="8c84fa94-04c1-424b-9868-57a2d4851a1d" relativeResultsDirectory="60b84064-c358-49e0-b710-e4368e0863be">
      <Output>
        <StdOut>ClusterId=test-6dbd7750-14b7-4774-b940-18734da3c657 Generation=33528844&#xD;
Initializing SiloInstanceManager&#xD;
MyEntry=OrleansSilo [ Deployment=test-6dbd7750-14b7-4774-b940-18734da3c657 LocalEndpoint=127.0.0.1 LocalPort=0 Generation=0 Host=127.0.0.1 Status= ProxyPort=30000 RoleName=MyRole SiloName=MyInstance UpgradeZone=0 FaultZone=0 StartTime=2023-01-24 01:34:05.851 GMT IAmAliveTime=]&#xD;
MyEntry=OrleansSilo [ Deployment=test-6dbd7750-14b7-4774-b940-18734da3c657 LocalEndpoint=127.0.0.1 LocalPort=0 Generation=1 Host=127.0.0.1 Status= ProxyPort=30000 RoleName=MyRole SiloName=MyInstance UpgradeZone=0 FaultZone=0 StartTime=2023-01-24 01:34:05.932 GMT IAmAliveTime=]&#xD;
MyEntry=OrleansSilo [ Deployment=test-6dbd7750-14b7-4774-b940-18734da3c657 LocalEndpoint=127.0.0.1 LocalPort=0 Generation=2 Host=127.0.0.1 Status= ProxyPort=30000 RoleName=MyRole SiloName=MyInstance UpgradeZone=0 FaultZone=0 StartTime=2023-01-24 01:34:06.005 GMT IAmAliveTime=]&#xD;
MyEntry=OrleansSilo [ Deployment=test-6dbd7750-14b7-4774-b940-18734da3c657 LocalEndpoint=127.0.0.1 LocalPort=0 Generation=3 Host=127.0.0.1 Status= ProxyPort=30000 RoleName=MyRole SiloName=MyInstance UpgradeZone=0 FaultZone=0 StartTime=2023-01-24 01:34:06.077 GMT IAmAliveTime=]&#xD;
MyEntry=OrleansSilo [ Deployment=test-6dbd7750-14b7-4774-b940-18734da3c657 LocalEndpoint=127.0.0.1 LocalPort=0 Generation=4 Host=127.0.0.1 Status= ProxyPort=30000 RoleName=MyRole SiloName=MyInstance UpgradeZone=0 FaultZone=0 StartTime=2023-01-24 01:34:06.154 GMT IAmAliveTime=]&#xD;
TestCleanup Timeout=00:01:00&#xD;
TestCleanup -  Finished</StdOut>
      </Output>
    </UnitTestResult>
  </Results>
  <TestDefinitions>
    <UnitTest name="Tester.AzureUtils.SiloInstanceTableManagerTests.SiloInstanceTable_Op_CleanDeadSiloInstance" storage="c:\users\anna\orleans\test\extensions\testerazureutils\bin\debug\net7.0\tester.azureutils.dll" id="a8b06e50-edd6-4a49-d532-32e22f490471">
      <Execution id="60b84064-c358-49e0-b710-e4368e0863be" />
      <TestMethod codeBase="C:\Users\anna\orleans\test\Extensions\TesterAzureUtils\bin\Debug\net7.0\Tester.AzureUtils.dll" adapterTypeName="executor://xunit/VsTestRunner2/netcoreapp" className="Tester.AzureUtils.SiloInstanceTableManagerTests" name="SiloInstanceTable_Op_CleanDeadSiloInstance" />
    </UnitTest>
  </TestDefinitions>
  <TestEntries>
    <TestEntry testId="a8b06e50-edd6-4a49-d532-32e22f490471" executionId="60b84064-c358-49e0-b710-e4368e0863be" testListId="8c84fa94-04c1-424b-9868-57a2d4851a1d" />
  </TestEntries>
  <TestLists>
    <TestList name="Results Not in a List" id="8c84fa94-04c1-424b-9868-57a2d4851a1d" />
    <TestList name="All Loaded Results" id="19431567-8539-422a-85d7-44ee4e166bda" />
  </TestLists>
  <ResultSummary outcome="Completed">
    <Counters total="1" executed="1" passed="1" failed="0" error="0" timeout="0" aborted="0" inconclusive="0" passedButRunAborted="0" notRunnable="0" notExecuted="0" disconnected="0" warning="0" completed="0" inProgress="0" pending="0" />
    <Output>
      <StdOut>[xUnit.net 00:00:00.00] xUnit.net VSTest Adapter v2.4.5+1caef2f33e (64-bit .NET 7.0.2)&#xD;
[xUnit.net 00:00:01.24]   Discovering: Tester.AzureUtils (method display = ClassAndMethod, method display options = None)&#xD;
[xUnit.net 00:00:01.45]   Discovered:  Tester.AzureUtils (found 246 test cases)&#xD;
[xUnit.net 00:00:01.46]   Starting:    Tester.AzureUtils (parallel test collections = off, max threads = 4)&#xD;
[xUnit.net 00:00:06.76]   Finished:    Tester.AzureUtils&#xD;
</StdOut>
    </Output>
    <RunInfos>
      <RunInfo computerName="cloudtest-win10" outcome="Warning" timestamp="2023-01-24T01:34:09.8726846+00:00">
        <Text>Data collector 'Blame' message: All tests finished running, Sequence file will not be generated.</Text>
      </RunInfo>
    </RunInfos>
  </ResultSummary>
</TestRun>