<?xml version="1.0" encoding="utf-8"?>
<TestRun id="76061b78-8aaa-4f7a-94be-4ddc04ec6c76" name="anna@cloudtest-win10 2023-01-24 01:34:58" runUser="cloudtest-win10\anna" xmlns="http://microsoft.com/schemas/VisualStudio/TeamTest/2010">
  <Times creation="2023-01-24T01:34:58.3074108+00:00" queuing="2023-01-24T01:34:58.3074112+00:00" start="2023-01-24T01:34:48.3570721+00:00" finish="2023-01-24T01:34:58.3447876+00:00" />
  <TestSettings name="default" id="ad78625a-eb34-4c53-a749-8fa667537a01">
    <Deployment runDeploymentRoot="anna_cloudtest-win10_2023-01-24_01_34_58" />
  </TestSettings>
  <Results>
    <UnitTestResult executionId="491d5d72-17f7-48ac-a117-f6f629209ad4" testId="a8b06e50-edd6-4a49-d532-32e22f490471" testName="Tester.AzureUtils.SiloInstanceTableManagerTests.SiloInstanceTable_Op_CleanDeadSiloInstance" computerName="cloudtest-win10" duration="00:00:05.1606438" startTime="2023-01-24T01:34:58.0114837+00:00" endTime="2023-01-24T01:34:58.0115290+00:00" testType="13cdc9d9-ddb5-4fa4-a97d-d965ccfc6d4b" outcome="Passed" testListId="8c84fa94-04c1-424b-9868-57a2d4851a1d" relativeResultsDirectory="491d5d72-17f7-48ac-a117-f6f629209ad4">
      <Output>
        <StdOut>ClusterId=test-0456d23b-2f51-4088-915c-602600351bda Generation=33528892&#xD;
Initializing SiloInstanceManager&#xD;
MyEntry=OrleansSilo [ Deployment=test-0456d23b-2f51-4088-915c-602600351bda LocalEndpoint=127.0.0.1 LocalPort=0 Generation=0 Host=127.0.0.1 Status= ProxyPort=30000 RoleName=MyRole SiloName=MyInstance UpgradeZone=0 FaultZone=0 StartTime=2023-01-24 01:34:53.482 GMT IAmAliveTime=]&#xD;
MyEntry=OrleansSilo [ Deployment=test-0456d23b-2f51-4088-915c-602600351bda LocalEndpoint=127.0.0.1 LocalPort=0 Generation=1 Host=127.0.0.1 Status= ProxyPort=30000 RoleName=MyRole SiloName=MyInstance UpgradeZone=0 FaultZone=0 StartTime=2023-01-24 01:34:53.580 GMT IAmAliveTime=]&#xD;
MyEntry=OrleansSilo [ Deployment=test-0456d23b-2f51-4088-915c-602600351bda LocalEndpoint=127.0.0.1 LocalPort=0 Generation=2 Host=127.0.0.1 Status= ProxyPort=30000 RoleName=MyRole SiloName=MyInstance UpgradeZone=0 FaultZone=0 StartTime=2023-01-24 01:34:53.670 GMT IAmAliveTime=]&#xD;
MyEntry=OrleansSilo [ Deployment=test-0456d23b-2f51-4088-915c-602600351bda LocalEndpoint=127.0.0.1 LocalPort=0 Generation=3 Host=127.0.0.1 Status= ProxyPort=30000 RoleName=MyRole SiloName=MyInstance UpgradeZone=0 FaultZone=0 StartTime=2023-01-24 01:34:53.752 GMT IAmAliveTime=]&#xD;
MyEntry=OrleansSilo [ Deployment=test-0456d23b-2f51-4088-915c-602600351bda LocalEndpoint=127.0.0.1 LocalPort=0 Generation=4 Host=127.0.0.1 Status= ProxyPort=30000 RoleName=MyRole SiloName=MyInstance UpgradeZone=0 FaultZone=0 StartTime=2023-01-24 01:34:53.833 GMT IAmAliveTime=]&#xD;
TestCleanup Timeout=00:01:00&#xD;
TestCleanup -  Finished</StdOut>
      </Output>
    </UnitTestResult>
  </Results>
  <TestDefinitions>
    <UnitTest name="Tester.AzureUtils.SiloInstanceTableManagerTests.SiloInstanceTable_Op_CleanDeadSiloInstance" storage="c:\users\anna\orleans\test\extensions\testerazureutils\bin\debug\net7.0\tester.azureutils.dll" id="a8b06e50-edd6-4a49-d532-32e22f490471">
      <Execution id="491d5d72-17f7-48ac-a117-f6f629209ad4" />
      <TestMethod codeBase="C:\Users\anna\orleans\test\Extensions\TesterAzureUtils\bin\Debug\net7.0\Tester.AzureUtils.dll" adapterTypeName="executor://xunit/VsTestRunner2/netcoreapp" className="Tester.AzureUtils.SiloInstanceTableManagerTests" name="SiloInstanceTable_Op_CleanDeadSiloInstance" />
    </UnitTest>
  </TestDefinitions>
  <TestEntries>
    <TestEntry testId="a8b06e50-edd6-4a49-d532-32e22f490471" executionId="491d5d72-17f7-48ac-a117-f6f629209ad4" testListId="8c84fa94-04c1-424b-9868-57a2d4851a1d" />
  </TestEntries>
  <TestLists>
    <TestList name="Results Not in a List" id="8c84fa94-04c1-424b-9868-57a2d4851a1d" />
    <TestList name="All Loaded Results" id="19431567-8539-422a-85d7-44ee4e166bda" />
  </TestLists>
  <ResultSummary outcome="Completed">
    <Counters total="1" executed="1" passed="1" failed="0" error="0" timeout="0" aborted="0" inconclusive="0" passedButRunAborted="0" notRunnable="0" notExecuted="0" disconnected="0" warning="0" completed="0" inProgress="0" pending="0" />
    <Output>
      <StdOut>[xUnit.net 00:00:00.00] xUnit.net VSTest Adapter v2.4.5+1caef2f33e (64-bit .NET 7.0.2)&#xD;
[xUnit.net 00:00:01.25]   Discovering: Tester.AzureUtils (method display = ClassAndMethod, method display options = None)&#xD;
[xUnit.net 00:00:01.46]   Discovered:  Tester.AzureUtils (found 246 test cases)&#xD;
[xUnit.net 00:00:01.47]   Starting:    Tester.AzureUtils (parallel test collections = off, max threads = 4)&#xD;
[xUnit.net 00:00:06.76]   Finished:    Tester.AzureUtils&#xD;
</StdOut>
    </Output>
    <RunInfos>
      <RunInfo computerName="cloudtest-win10" outcome="Warning" timestamp="2023-01-24T01:34:58.1650500+00:00">
        <Text>Data collector 'Blame' message: All tests finished running, Sequence file will not be generated.</Text>
      </RunInfo>
    </RunInfos>
  </ResultSummary>
</TestRun>