<?xml version="1.0" encoding="utf-8"?>
<TestRun id="1876c994-9be5-403c-b7a1-0623f6c1078a" name="anna@cloudtest-win10 2023-01-22 23:13:20" runUser="cloudtest-win10\anna" xmlns="http://microsoft.com/schemas/VisualStudio/TeamTest/2010">
  <Times creation="2023-01-22T23:13:20.5372989+00:00" queuing="2023-01-22T23:13:20.5372995+00:00" start="2023-01-22T23:13:13.7939523+00:00" finish="2023-01-22T23:13:20.5737807+00:00" />
  <TestSettings name="default" id="347fb494-4377-4b23-948b-f300034dde33">
    <Deployment runDeploymentRoot="anna_cloudtest-win10_2023-01-22_23_13_20" />
  </TestSettings>
  <Results>
    <UnitTestResult executionId="2c45eee0-ba9f-4a89-8f02-d58b07804e2f" testId="f16aa026-a4b0-5ea6-8637-84dd3952addc" testName="Tester.AzureUtils.AzureQueueDataManagerTests.AQ_Standalone_1" computerName="cloudtest-win10" duration="00:00:01.6598657" startTime="2023-01-22T23:13:20.2036969+00:00" endTime="2023-01-22T23:13:20.2037471+00:00" testType="13cdc9d9-ddb5-4fa4-a97d-d965ccfc6d4b" outcome="Passed" testListId="8c84fa94-04c1-424b-9868-57a2d4851a1d" relativeResultsDirectory="2c45eee0-ba9f-4a89-8f02-d58b07804e2f" />
  </Results>
  <TestDefinitions>
    <UnitTest name="Tester.AzureUtils.AzureQueueDataManagerTests.AQ_Standalone_1" storage="c:\users\anna\orleans\test\extensions\testerazureutils\bin\debug\net7.0\tester.azureutils.dll" id="f16aa026-a4b0-5ea6-8637-84dd3952addc">
      <Execution id="2c45eee0-ba9f-4a89-8f02-d58b07804e2f" />
      <TestMethod codeBase="C:\Users\anna\orleans\test\Extensions\TesterAzureUtils\bin\Debug\net7.0\Tester.AzureUtils.dll" adapterTypeName="executor://xunit/VsTestRunner2/netcoreapp" className="Tester.AzureUtils.AzureQueueDataManagerTests" name="AQ_Standalone_1" />
    </UnitTest>
  </TestDefinitions>
  <TestEntries>
    <TestEntry testId="f16aa026-a4b0-5ea6-8637-84dd3952addc" executionId="2c45eee0-ba9f-4a89-8f02-d58b07804e2f" testListId="8c84fa94-04c1-424b-9868-57a2d4851a1d" />
  </TestEntries>
  <TestLists>
    <TestList name="Results Not in a List" id="8c84fa94-04c1-424b-9868-57a2d4851a1d" />
    <TestList name="All Loaded Results" id="19431567-8539-422a-85d7-44ee4e166bda" />
  </TestLists>
  <ResultSummary outcome="Completed">
    <Counters total="1" executed="1" passed="1" failed="0" error="0" timeout="0" aborted="0" inconclusive="0" passedButRunAborted="0" notRunnable="0" notExecuted="0" disconnected="0" warning="0" completed="0" inProgress="0" pending="0" />
    <Output>
      <StdOut>[xUnit.net 00:00:00.00] xUnit.net VSTest Adapter v2.4.5+1caef2f33e (64-bit .NET 7.0.2)&#xD;
[xUnit.net 00:00:01.28]   Discovering: Tester.AzureUtils (method display = ClassAndMethod, method display options = None)&#xD;
[xUnit.net 00:00:01.50]   Discovered:  Tester.AzureUtils (found 246 test cases)&#xD;
[xUnit.net 00:00:01.51]   Starting:    Tester.AzureUtils (parallel test collections = off, max threads = 4)&#xD;
[xUnit.net 00:00:03.48]   Finished:    Tester.AzureUtils&#xD;
</StdOut>
    </Output>
    <RunInfos>
      <RunInfo computerName="cloudtest-win10" outcome="Warning" timestamp="2023-01-22T23:13:20.3878654+00:00">
        <Text>Data collector 'Blame' message: All tests finished running, Sequence file will not be generated.</Text>
      </RunInfo>
    </RunInfos>
  </ResultSummary>
</TestRun>