<?xml version="1.0" encoding="utf-8"?>
<TestRun id="fcea1c7d-bc60-4aed-b312-9958e35b5afd" name="anna@cloudtest-win10 2023-01-22 23:12:27" runUser="cloudtest-win10\anna" xmlns="http://microsoft.com/schemas/VisualStudio/TeamTest/2010">
  <Times creation="2023-01-22T23:12:27.9093982+00:00" queuing="2023-01-22T23:12:27.9093989+00:00" start="2023-01-22T23:12:20.8939133+00:00" finish="2023-01-22T23:12:27.9460859+00:00" />
  <TestSettings name="default" id="3b18754e-8a0b-46a5-9b2a-2dc73950d450">
    <Deployment runDeploymentRoot="anna_cloudtest-win10_2023-01-22_23_12_27" />
  </TestSettings>
  <Results>
    <UnitTestResult executionId="7979133a-5c4f-4516-8247-6253b8f7daa9" testId="f16aa026-a4b0-5ea6-8637-84dd3952addc" testName="Tester.AzureUtils.AzureQueueDataManagerTests.AQ_Standalone_1" computerName="cloudtest-win10" duration="00:00:01.9082672" startTime="2023-01-22T23:12:27.5831318+00:00" endTime="2023-01-22T23:12:27.5831815+00:00" testType="13cdc9d9-ddb5-4fa4-a97d-d965ccfc6d4b" outcome="Passed" testListId="8c84fa94-04c1-424b-9868-57a2d4851a1d" relativeResultsDirectory="7979133a-5c4f-4516-8247-6253b8f7daa9" />
  </Results>
  <TestDefinitions>
    <UnitTest name="Tester.AzureUtils.AzureQueueDataManagerTests.AQ_Standalone_1" storage="c:\users\anna\orleans\test\extensions\testerazureutils\bin\debug\net7.0\tester.azureutils.dll" id="f16aa026-a4b0-5ea6-8637-84dd3952addc">
      <Execution id="7979133a-5c4f-4516-8247-6253b8f7daa9" />
      <TestMethod codeBase="C:\Users\anna\orleans\test\Extensions\TesterAzureUtils\bin\Debug\net7.0\Tester.AzureUtils.dll" adapterTypeName="executor://xunit/VsTestRunner2/netcoreapp" className="Tester.AzureUtils.AzureQueueDataManagerTests" name="AQ_Standalone_1" />
    </UnitTest>
  </TestDefinitions>
  <TestEntries>
    <TestEntry testId="f16aa026-a4b0-5ea6-8637-84dd3952addc" executionId="7979133a-5c4f-4516-8247-6253b8f7daa9" testListId="8c84fa94-04c1-424b-9868-57a2d4851a1d" />
  </TestEntries>
  <TestLists>
    <TestList name="Results Not in a List" id="8c84fa94-04c1-424b-9868-57a2d4851a1d" />
    <TestList name="All Loaded Results" id="19431567-8539-422a-85d7-44ee4e166bda" />
  </TestLists>
  <ResultSummary outcome="Completed">
    <Counters total="1" executed="1" passed="1" failed="0" error="0" timeout="0" aborted="0" inconclusive="0" passedButRunAborted="0" notRunnable="0" notExecuted="0" disconnected="0" warning="0" completed="0" inProgress="0" pending="0" />
    <Output>
      <StdOut>[xUnit.net 00:00:00.00] xUnit.net VSTest Adapter v2.4.5+1caef2f33e (64-bit .NET 7.0.2)&#xD;
[xUnit.net 00:00:01.27]   Discovering: Tester.AzureUtils (method display = ClassAndMethod, method display options = None)&#xD;
[xUnit.net 00:00:01.48]   Discovered:  Tester.AzureUtils (found 246 test cases)&#xD;
[xUnit.net 00:00:01.50]   Starting:    Tester.AzureUtils (parallel test collections = off, max threads = 4)&#xD;
[xUnit.net 00:00:03.72]   Finished:    Tester.AzureUtils&#xD;
</StdOut>
    </Output>
    <RunInfos>
      <RunInfo computerName="cloudtest-win10" outcome="Warning" timestamp="2023-01-22T23:12:27.7639118+00:00">
        <Text>Data collector 'Blame' message: All tests finished running, Sequence file will not be generated.</Text>
      </RunInfo>
    </RunInfos>
  </ResultSummary>
</TestRun>