<?xml version="1.0" encoding="utf-8"?>
<TestRun id="1d2c2a2a-6319-4694-8c48-0c09675dd324" name="anna@cloudtest-win10 2023-01-23 23:04:52" runUser="cloudtest-win10\anna" xmlns="http://microsoft.com/schemas/VisualStudio/TeamTest/2010">
  <Times creation="2023-01-23T23:04:52.4218228+00:00" queuing="2023-01-23T23:04:52.4218232+00:00" start="2023-01-23T23:04:38.8330584+00:00" finish="2023-01-23T23:05:21.8971640+00:00" />
  <TestSettings name="default" id="dd836217-a3cb-469c-ae0c-626f53880771">
    <Deployment runDeploymentRoot="anna_cloudtest-win10_2023-01-23_23_04_52" />
  </TestSettings>
  <Results>
    <UnitTestResult executionId="8523b8e5-9646-4fae-a428-dbce93175575" testId="991553f7-23fd-ae65-d5af-3ed1ce07c8b7" testName="Tester.AzureUtils.Persistence.PersistenceStateTests_AzureTableGrainStorage.Grain_LongKey_AzureTableGrainStorage_Read_Write" computerName="cloudtest-win10" duration="00:00:01.2055698" startTime="2023-01-23T23:04:52.0481714+00:00" endTime="2023-01-23T23:04:52.0482358+00:00" testType="13cdc9d9-ddb5-4fa4-a97d-d965ccfc6d4b" outcome="Failed" testListId="8c84fa94-04c1-424b-9868-57a2d4851a1d" relativeResultsDirectory="8523b8e5-9646-4fae-a428-dbce93175575">
      <Output>
        <ErrorInfo>
          <Message>Orleans.Storage.TableStorageUpdateConditionNotSatisfiedException : Table storage condition not Satisfied.  GrainType: state, GrainId: new-test-storage-grain/4237B97D, TableName: OrleansGrainState, StoredETag: Unknown, CurrentETag: W/"datetime'2023-01-23T23%3A04%3A51.1199085Z'"&#xD;
---- Azure.RequestFailedException : The update condition specified in the request was not satisfied.
RequestId:b214d08a-9002-0055-117f-2f5b8c000000
Time:2023-01-23T23:04:52.0054895Z&#xD;
Status: 412 (Precondition Failed)&#xD;
ErrorCode: UpdateConditionNotSatisfied&#xD;
&#xD;
Content:&#xD;
{"odata.error":{"code":"UpdateConditionNotSatisfied","message":{"lang":"en-US","value":"The update condition specified in the request was not satisfied.\nRequestId:b214d08a-9002-0055-117f-2f5b8c000000\nTime:2023-01-23T23:04:52.0054895Z"}}}&#xD;
&#xD;
Headers:&#xD;
Cache-Control: no-cache&#xD;
Server: Windows-Azure-Table/1.0,Microsoft-HTTPAPI/2.0&#xD;
x-ms-request-id: b214d08a-9002-0055-117f-2f5b8c000000&#xD;
x-ms-client-request-id: d0370faa-2b2e-4ac0-8219-81fdb0762270&#xD;
x-ms-version: REDACTED&#xD;
X-Content-Type-Options: REDACTED&#xD;
Date: Mon, 23 Jan 2023 23:04:51 GMT&#xD;
Connection: keep-alive&#xD;
Content-Type: application/json; odata=minimalmetadata; streaming=true; charset=utf-8&#xD;
Content-Length: 239&#xD;
</Message>
          <StackTrace>   at Orleans.Storage.AzureTableGrainStorage.DoOptimisticUpdate(Func`1 updateOperation, String grainType, GrainId grainId, String tableName, String currentETag) in C:\Users\anna\orleans\src\Azure\Orleans.Persistence.AzureStorage\Providers\Storage\AzureTableStorage.cs:line 192&#xD;
   at Orleans.Storage.AzureTableGrainStorage.WriteStateAsync[T](String grainType, GrainId grainId, IGrainState`1 grainState) in C:\Users\anna\orleans\src\Azure\Orleans.Persistence.AzureStorage\Providers\Storage\AzureTableStorage.cs:line 113&#xD;
   at Orleans.Core.StateStorageBridge`1.WriteStateAsync() in C:\Users\anna\orleans\src\Orleans.Runtime\Storage\StateStorageBridge.cs:line 93&#xD;
   at Orleans.Runtime.TaskRequest.Invoke() in C:\Users\anna\orleans\src\Orleans.Core.Abstractions\Runtime\GrainReference.cs:line 690&#xD;
--- End of stack trace from previous location ---&#xD;
   at Orleans.Serialization.Invocation.ResponseCompletionSource.System.Threading.Tasks.Sources.IValueTaskSource.GetResult(Int16 token) in C:\Users\anna\orleans\src\Orleans.Serialization\Invocation\ResponseCompletionSource.cs:line 98&#xD;
   at System.Threading.Tasks.ValueTask.ValueTaskSourceAsTask.&lt;&gt;c.&lt;.cctor&gt;b__4_0(Object state)&#xD;
--- End of stack trace from previous location ---&#xD;
   at TestExtensions.Runners.GrainPersistenceTestsRunner.Grain_LongKey_GrainStorage_Read_Write() in C:\Users\anna\orleans\test\TesterInternal\TestRunners\GrainPersistenceTestRunner.cs:line 102&#xD;
   at Tester.AzureUtils.Persistence.PersistenceStateTests_AzureTableGrainStorage.Grain_LongKey_AzureTableGrainStorage_Read_Write() in C:\Users\anna\orleans\test\Extensions\TesterAzureUtils\Persistence\PersistenceStateTests_AzureTableGrainStorage.cs:line 69&#xD;
--- End of stack trace from previous location ---&#xD;
----- Inner Stack Trace -----&#xD;
   at Azure.Data.Tables.TableRestClient.UpdateEntityAsync(String table, String partitionKey, String rowKey, Nullable`1 timeout, String ifMatch, IDictionary`2 tableEntityProperties, QueryOptions queryOptions, CancellationToken cancellationToken)&#xD;
   at Azure.Data.Tables.TableClient.UpdateEntityAsync[T](T entity, ETag ifMatch, TableUpdateMode mode, CancellationToken cancellationToken)&#xD;
   at Orleans.Persistence.AzureStorage.AzureTableDataManager`1.UpdateTableEntryAsync(T data, ETag dataEtag) in C:\Users\anna\orleans\src\Azure\Shared\Storage\AzureTableDataManager.cs:line 322&#xD;
   at Orleans.Storage.AzureTableGrainStorage.GrainStateTableDataManager.Write(TableEntity entity) in C:\Users\anna\orleans\src\Azure\Orleans.Persistence.AzureStorage\Providers\Storage\AzureTableStorage.cs:line 457&#xD;
   at Orleans.Storage.AzureTableGrainStorage.DoOptimisticUpdate(Func`1 updateOperation, String grainType, GrainId grainId, String tableName, String currentETag) in C:\Users\anna\orleans\src\Azure\Orleans.Persistence.AzureStorage\Providers\Storage\AzureTableStorage.cs:line 188&#xD;
--- End of stack trace from previous location ---&#xD;
</StackTrace>
        </ErrorInfo>
      </Output>
    </UnitTestResult>
  </Results>
  <TestDefinitions>
    <UnitTest name="Tester.AzureUtils.Persistence.PersistenceStateTests_AzureTableGrainStorage.Grain_LongKey_AzureTableGrainStorage_Read_Write" storage="c:\users\anna\orleans\test\extensions\testerazureutils\bin\debug\net7.0\tester.azureutils.dll" id="991553f7-23fd-ae65-d5af-3ed1ce07c8b7">
      <Execution id="8523b8e5-9646-4fae-a428-dbce93175575" />
      <TestMethod codeBase="C:\Users\anna\orleans\test\Extensions\TesterAzureUtils\bin\Debug\net7.0\Tester.AzureUtils.dll" adapterTypeName="executor://xunit/VsTestRunner2/netcoreapp" className="Tester.AzureUtils.Persistence.PersistenceStateTests_AzureTableGrainStorage" name="Grain_LongKey_AzureTableGrainStorage_Read_Write" />
    </UnitTest>
  </TestDefinitions>
  <TestEntries>
    <TestEntry testId="991553f7-23fd-ae65-d5af-3ed1ce07c8b7" executionId="8523b8e5-9646-4fae-a428-dbce93175575" testListId="8c84fa94-04c1-424b-9868-57a2d4851a1d" />
  </TestEntries>
  <TestLists>
    <TestList name="Results Not in a List" id="8c84fa94-04c1-424b-9868-57a2d4851a1d" />
    <TestList name="All Loaded Results" id="19431567-8539-422a-85d7-44ee4e166bda" />
  </TestLists>
  <ResultSummary outcome="Failed">
    <Counters total="1" executed="1" passed="0" failed="1" error="0" timeout="0" aborted="0" inconclusive="0" passedButRunAborted="0" notRunnable="0" notExecuted="0" disconnected="0" warning="0" completed="0" inProgress="0" pending="0" />
    <Output>
      <StdOut>[xUnit.net 00:00:00.00] xUnit.net VSTest Adapter v2.4.5+1caef2f33e (64-bit .NET 7.0.2)&#xD;
[xUnit.net 00:00:01.26]   Discovering: Tester.AzureUtils (method display = ClassAndMethod, method display options = None)&#xD;
[xUnit.net 00:00:01.46]   Discovered:  Tester.AzureUtils (found 246 test cases)&#xD;
[xUnit.net 00:00:01.47]   Starting:    Tester.AzureUtils (parallel test collections = off, max threads = 4)&#xD;
[xUnit.net 00:00:10.26]       Orleans.Storage.TableStorageUpdateConditionNotSatisfiedException : Table storage condition not Satisfied.  GrainType: state, GrainId: new-test-storage-grain/4237B97D, TableName: OrleansGrainState, StoredETag: Unknown, CurrentETag: W/"datetime'2023-01-23T23%3A04%3A51.1199085Z'"&#xD;
[xUnit.net 00:00:10.26]       ---- Azure.RequestFailedException : The update condition specified in the request was not satisfied.
RequestId:b214d08a-9002-0055-117f-2f5b8c000000
Time:2023-01-23T23:04:52.0054895Z&#xD;
[xUnit.net 00:00:10.27]       Status: 412 (Precondition Failed)&#xD;
[xUnit.net 00:00:10.27]       ErrorCode: UpdateConditionNotSatisfied&#xD;
[xUnit.net 00:00:10.27]       &#xD;
[xUnit.net 00:00:10.27]       Content:&#xD;
[xUnit.net 00:00:10.27]       {"odata.error":{"code":"UpdateConditionNotSatisfied","message":{"lang":"en-US","value":"The update condition specified in the request was not satisfied.\nRequestId:b214d08a-9002-0055-117f-2f5b8c000000\nTime:2023-01-23T23:04:52.0054895Z"}}}&#xD;
[xUnit.net 00:00:10.27]       &#xD;
[xUnit.net 00:00:10.27]       Headers:&#xD;
[xUnit.net 00:00:10.27]       Cache-Control: no-cache&#xD;
[xUnit.net 00:00:10.27]       Server: Windows-Azure-Table/1.0,Microsoft-HTTPAPI/2.0&#xD;
[xUnit.net 00:00:10.27]       x-ms-request-id: b214d08a-9002-0055-117f-2f5b8c000000&#xD;
[xUnit.net 00:00:10.27]       x-ms-client-request-id: d0370faa-2b2e-4ac0-8219-81fdb0762270&#xD;
[xUnit.net 00:00:10.27]       x-ms-version: REDACTED&#xD;
[xUnit.net 00:00:10.27]       X-Content-Type-Options: REDACTED&#xD;
[xUnit.net 00:00:10.27]       Date: Mon, 23 Jan 2023 23:04:51 GMT&#xD;
[xUnit.net 00:00:10.27]       Connection: keep-alive&#xD;
[xUnit.net 00:00:10.27]       Content-Type: application/json; odata=minimalmetadata; streaming=true; charset=utf-8&#xD;
[xUnit.net 00:00:10.27]       Content-Length: 239&#xD;
[xUnit.net 00:00:10.27]       &#xD;
[xUnit.net 00:00:10.27]       Stack Trace:&#xD;
[xUnit.net 00:00:10.27]         C:\Users\anna\orleans\src\Azure\Orleans.Persistence.AzureStorage\Providers\Storage\AzureTableStorage.cs(192,0): at Orleans.Storage.AzureTableGrainStorage.DoOptimisticUpdate(Func`1 updateOperation, String grainType, GrainId grainId, String tableName, String currentETag)&#xD;
[xUnit.net 00:00:10.27]         C:\Users\anna\orleans\src\Azure\Orleans.Persistence.AzureStorage\Providers\Storage\AzureTableStorage.cs(113,0): at Orleans.Storage.AzureTableGrainStorage.WriteStateAsync[T](String grainType, GrainId grainId, IGrainState`1 grainState)&#xD;
[xUnit.net 00:00:10.27]         C:\Users\anna\orleans\src\Orleans.Runtime\Storage\StateStorageBridge.cs(93,0): at Orleans.Core.StateStorageBridge`1.WriteStateAsync()&#xD;
[xUnit.net 00:00:10.27]         C:\Users\anna\orleans\src\Orleans.Core.Abstractions\Runtime\GrainReference.cs(690,0): at Orleans.Runtime.TaskRequest.Invoke()&#xD;
[xUnit.net 00:00:10.27]         --- End of stack trace from previous location ---&#xD;
[xUnit.net 00:00:10.27]         C:\Users\anna\orleans\src\Orleans.Serialization\Invocation\ResponseCompletionSource.cs(98,0): at Orleans.Serialization.Invocation.ResponseCompletionSource.System.Threading.Tasks.Sources.IValueTaskSource.GetResult(Int16 token)&#xD;
[xUnit.net 00:00:10.27]            at System.Threading.Tasks.ValueTask.ValueTaskSourceAsTask.&lt;&gt;c.&lt;.cctor&gt;b__4_0(Object state)&#xD;
[xUnit.net 00:00:10.27]         --- End of stack trace from previous location ---&#xD;
[xUnit.net 00:00:10.27]         C:\Users\anna\orleans\test\TesterInternal\TestRunners\GrainPersistenceTestRunner.cs(102,0): at TestExtensions.Runners.GrainPersistenceTestsRunner.Grain_LongKey_GrainStorage_Read_Write()&#xD;
[xUnit.net 00:00:10.27]         C:\Users\anna\orleans\test\Extensions\TesterAzureUtils\Persistence\PersistenceStateTests_AzureTableGrainStorage.cs(69,0): at Tester.AzureUtils.Persistence.PersistenceStateTests_AzureTableGrainStorage.Grain_LongKey_AzureTableGrainStorage_Read_Write()&#xD;
[xUnit.net 00:00:10.27]         --- End of stack trace from previous location ---&#xD;
[xUnit.net 00:00:10.27]         ----- Inner Stack Trace -----&#xD;
[xUnit.net 00:00:10.27]            at Azure.Data.Tables.TableRestClient.UpdateEntityAsync(String table, String partitionKey, String rowKey, Nullable`1 timeout, String ifMatch, IDictionary`2 tableEntityProperties, QueryOptions queryOptions, CancellationToken cancellationToken)&#xD;
[xUnit.net 00:00:10.27]            at Azure.Data.Tables.TableClient.UpdateEntityAsync[T](T entity, ETag ifMatch, TableUpdateMode mode, CancellationToken cancellationToken)&#xD;
[xUnit.net 00:00:10.27]         C:\Users\anna\orleans\src\Azure\Shared\Storage\AzureTableDataManager.cs(322,0): at Orleans.Persistence.AzureStorage.AzureTableDataManager`1.UpdateTableEntryAsync(T data, ETag dataEtag)&#xD;
[xUnit.net 00:00:10.27]         C:\Users\anna\orleans\src\Azure\Orleans.Persistence.AzureStorage\Providers\Storage\AzureTableStorage.cs(457,0): at Orleans.Storage.AzureTableGrainStorage.GrainStateTableDataManager.Write(TableEntity entity)&#xD;
[xUnit.net 00:00:10.27]         C:\Users\anna\orleans\src\Azure\Orleans.Persistence.AzureStorage\Providers\Storage\AzureTableStorage.cs(188,0): at Orleans.Storage.AzureTableGrainStorage.DoOptimisticUpdate(Func`1 updateOperation, String grainType, GrainId grainId, String tableName, String currentETag)&#xD;
[xUnit.net 00:00:10.27]         --- End of stack trace from previous location ---&#xD;
[xUnit.net 00:00:10.27]         &#xD;
[xUnit.net 00:00:39.88]   Finished:    Tester.AzureUtils&#xD;
</StdOut>
    </Output>
    <RunInfos>
      <RunInfo computerName="cloudtest-win10" outcome="Min" timestamp="2023-01-23T23:04:52.0411562+00:00">
        <Text>[xUnit.net 00:00:10.26]     Tester.AzureUtils.Persistence.PersistenceStateTests_AzureTableGrainStorage.Grain_LongKey_AzureTableGrainStorage_Read_Write [FAIL]</Text>
      </RunInfo>
      <RunInfo computerName="cloudtest-win10" outcome="Warning" timestamp="2023-01-23T23:05:21.8071203+00:00">
        <Text>Data collector 'Blame' message: All tests finished running, Sequence file will not be generated.</Text>
      </RunInfo>
    </RunInfos>
  </ResultSummary>
</TestRun>