<?xml version="1.0" encoding="utf-8"?>
<TestRun id="5898bcbd-fdd3-4b4a-81b3-e75f7cf0ae5e" name="anna@cloudtest-win10 2023-01-23 23:07:03" runUser="cloudtest-win10\anna" xmlns="http://microsoft.com/schemas/VisualStudio/TeamTest/2010">
  <Times creation="2023-01-23T23:07:03.2509517+00:00" queuing="2023-01-23T23:07:03.2509522+00:00" start="2023-01-23T23:06:50.8113773+00:00" finish="2023-01-23T23:07:31.6440242+00:00" />
  <TestSettings name="default" id="e9079e14-0e6d-42a7-8ed2-4db6e4241dc4">
    <Deployment runDeploymentRoot="anna_cloudtest-win10_2023-01-23_23_07_03" />
  </TestSettings>
  <Results>
    <UnitTestResult executionId="d8ec805a-5729-4e79-a8b2-b9441a705c4f" testId="991553f7-23fd-ae65-d5af-3ed1ce07c8b7" testName="Tester.AzureUtils.Persistence.PersistenceStateTests_AzureTableGrainStorage.Grain_LongKey_AzureTableGrainStorage_Read_Write" computerName="cloudtest-win10" duration="00:00:00.3910865" startTime="2023-01-23T23:07:02.0421532+00:00" endTime="2023-01-23T23:07:02.0422131+00:00" testType="13cdc9d9-ddb5-4fa4-a97d-d965ccfc6d4b" outcome="Passed" testListId="8c84fa94-04c1-424b-9868-57a2d4851a1d" relativeResultsDirectory="d8ec805a-5729-4e79-a8b2-b9441a705c4f" />
  </Results>
  <TestDefinitions>
    <UnitTest name="Tester.AzureUtils.Persistence.PersistenceStateTests_AzureTableGrainStorage.Grain_LongKey_AzureTableGrainStorage_Read_Write" storage="c:\users\anna\orleans\test\extensions\testerazureutils\bin\debug\net7.0\tester.azureutils.dll" id="991553f7-23fd-ae65-d5af-3ed1ce07c8b7">
      <Execution id="d8ec805a-5729-4e79-a8b2-b9441a705c4f" />
      <TestMethod codeBase="C:\Users\anna\orleans\test\Extensions\TesterAzureUtils\bin\Debug\net7.0\Tester.AzureUtils.dll" adapterTypeName="executor://xunit/VsTestRunner2/netcoreapp" className="Tester.AzureUtils.Persistence.PersistenceStateTests_AzureTableGrainStorage" name="Grain_LongKey_AzureTableGrainStorage_Read_Write" />
    </UnitTest>
  </TestDefinitions>
  <TestEntries>
    <TestEntry testId="991553f7-23fd-ae65-d5af-3ed1ce07c8b7" executionId="d8ec805a-5729-4e79-a8b2-b9441a705c4f" testListId="8c84fa94-04c1-424b-9868-57a2d4851a1d" />
  </TestEntries>
  <TestLists>
    <TestList name="Results Not in a List" id="8c84fa94-04c1-424b-9868-57a2d4851a1d" />
    <TestList name="All Loaded Results" id="19431567-8539-422a-85d7-44ee4e166bda" />
  </TestLists>
  <ResultSummary outcome="Completed">
    <Counters total="1" executed="1" passed="1" failed="0" error="0" timeout="0" aborted="0" inconclusive="0" passedButRunAborted="0" notRunnable="0" notExecuted="0" disconnected="0" warning="0" completed="0" inProgress="0" pending="0" />
    <Output>
      <StdOut>[xUnit.net 00:00:00.00] xUnit.net VSTest Adapter v2.4.5+1caef2f33e (64-bit .NET 7.0.2)&#xD;
[xUnit.net 00:00:01.25]   Discovering: Tester.AzureUtils (method display = ClassAndMethod, method display options = None)&#xD;
[xUnit.net 00:00:01.46]   Discovered:  Tester.AzureUtils (found 246 test cases)&#xD;
[xUnit.net 00:00:01.47]   Starting:    Tester.AzureUtils (parallel test collections = off, max threads = 4)&#xD;
[xUnit.net 00:00:37.68]   Finished:    Tester.AzureUtils&#xD;
</StdOut>
    </Output>
    <RunInfos>
      <RunInfo computerName="cloudtest-win10" outcome="Warning" timestamp="2023-01-23T23:07:31.5543727+00:00">
        <Text>Data collector 'Blame' message: All tests finished running, Sequence file will not be generated.</Text>
      </RunInfo>
    </RunInfos>
  </ResultSummary>
</TestRun>