<?xml version="1.0" encoding="utf-8"?>
<TestRun id="4fcf02ff-aab4-4bd4-9aa5-096a76f66f1d" name="anna@cloudtest-win10 2023-01-23 23:08:28" runUser="cloudtest-win10\anna" xmlns="http://microsoft.com/schemas/VisualStudio/TeamTest/2010">
  <Times creation="2023-01-23T23:08:28.5187011+00:00" queuing="2023-01-23T23:08:28.5187015+00:00" start="2023-01-23T23:08:16.6767485+00:00" finish="2023-01-23T23:08:57.2530549+00:00" />
  <TestSettings name="default" id="b2d01e03-9cb2-4062-9336-a677aeae9dcb">
    <Deployment runDeploymentRoot="anna_cloudtest-win10_2023-01-23_23_08_28" />
  </TestSettings>
  <Results>
    <UnitTestResult executionId="66230c25-f722-4512-9276-c83cfce20414" testId="991553f7-23fd-ae65-d5af-3ed1ce07c8b7" testName="Tester.AzureUtils.Persistence.PersistenceStateTests_AzureTableGrainStorage.Grain_LongKey_AzureTableGrainStorage_Read_Write" computerName="cloudtest-win10" duration="00:00:00.4092988" startTime="2023-01-23T23:08:27.3234048+00:00" endTime="2023-01-23T23:08:27.3234483+00:00" testType="13cdc9d9-ddb5-4fa4-a97d-d965ccfc6d4b" outcome="Passed" testListId="8c84fa94-04c1-424b-9868-57a2d4851a1d" relativeResultsDirectory="66230c25-f722-4512-9276-c83cfce20414" />
  </Results>
  <TestDefinitions>
    <UnitTest name="Tester.AzureUtils.Persistence.PersistenceStateTests_AzureTableGrainStorage.Grain_LongKey_AzureTableGrainStorage_Read_Write" storage="c:\users\anna\orleans\test\extensions\testerazureutils\bin\debug\net7.0\tester.azureutils.dll" id="991553f7-23fd-ae65-d5af-3ed1ce07c8b7">
      <Execution id="66230c25-f722-4512-9276-c83cfce20414" />
      <TestMethod codeBase="C:\Users\anna\orleans\test\Extensions\TesterAzureUtils\bin\Debug\net7.0\Tester.AzureUtils.dll" adapterTypeName="executor://xunit/VsTestRunner2/netcoreapp" className="Tester.AzureUtils.Persistence.PersistenceStateTests_AzureTableGrainStorage" name="Grain_LongKey_AzureTableGrainStorage_Read_Write" />
    </UnitTest>
  </TestDefinitions>
  <TestEntries>
    <TestEntry testId="991553f7-23fd-ae65-d5af-3ed1ce07c8b7" executionId="66230c25-f722-4512-9276-c83cfce20414" testListId="8c84fa94-04c1-424b-9868-57a2d4851a1d" />
  </TestEntries>
  <TestLists>
    <TestList name="Results Not in a List" id="8c84fa94-04c1-424b-9868-57a2d4851a1d" />
    <TestList name="All Loaded Results" id="19431567-8539-422a-85d7-44ee4e166bda" />
  </TestLists>
  <ResultSummary outcome="Completed">
    <Counters total="1" executed="1" passed="1" failed="0" error="0" timeout="0" aborted="0" inconclusive="0" passedButRunAborted="0" notRunnable="0" notExecuted="0" disconnected="0" warning="0" completed="0" inProgress="0" pending="0" />
    <Output>
      <StdOut>[xUnit.net 00:00:00.00] xUnit.net VSTest Adapter v2.4.5+1caef2f33e (64-bit .NET 7.0.2)&#xD;
[xUnit.net 00:00:01.26]   Discovering: Tester.AzureUtils (method display = ClassAndMethod, method display options = None)&#xD;
[xUnit.net 00:00:01.46]   Discovered:  Tester.AzureUtils (found 246 test cases)&#xD;
[xUnit.net 00:00:01.48]   Starting:    Tester.AzureUtils (parallel test collections = off, max threads = 4)&#xD;
[xUnit.net 00:00:37.38]   Finished:    Tester.AzureUtils&#xD;
</StdOut>
    </Output>
    <RunInfos>
      <RunInfo computerName="cloudtest-win10" outcome="Warning" timestamp="2023-01-23T23:08:57.1641607+00:00">
        <Text>Data collector 'Blame' message: All tests finished running, Sequence file will not be generated.</Text>
      </RunInfo>
    </RunInfos>
  </ResultSummary>
</TestRun>