<?xml version="1.0" encoding="utf-8"?>
<TestRun id="4c905e63-5dbe-4603-9285-382a0e2375be" name="anna@cloudtest-win10 2023-01-23 23:01:57" runUser="cloudtest-win10\anna" xmlns="http://microsoft.com/schemas/VisualStudio/TeamTest/2010">
  <Times creation="2023-01-23T23:01:57.4815543+00:00" queuing="2023-01-23T23:01:57.4815550+00:00" start="2023-01-23T23:01:46.3684308+00:00" finish="2023-01-23T23:02:25.9489534+00:00" />
  <TestSettings name="default" id="7cd148ec-36f2-498b-ae4c-9d46a22bef16">
    <Deployment runDeploymentRoot="anna_cloudtest-win10_2023-01-23_23_01_57" />
  </TestSettings>
  <Results>
    <UnitTestResult executionId="669704fc-9198-4083-87d2-35798cec4a75" testId="991553f7-23fd-ae65-d5af-3ed1ce07c8b7" testName="Tester.AzureUtils.Persistence.PersistenceStateTests_AzureTableGrainStorage.Grain_LongKey_AzureTableGrainStorage_Read_Write" computerName="cloudtest-win10" duration="00:00:00.4081561" startTime="2023-01-23T23:01:56.2911920+00:00" endTime="2023-01-23T23:01:56.2913064+00:00" testType="13cdc9d9-ddb5-4fa4-a97d-d965ccfc6d4b" outcome="Passed" testListId="8c84fa94-04c1-424b-9868-57a2d4851a1d" relativeResultsDirectory="669704fc-9198-4083-87d2-35798cec4a75" />
  </Results>
  <TestDefinitions>
    <UnitTest name="Tester.AzureUtils.Persistence.PersistenceStateTests_AzureTableGrainStorage.Grain_LongKey_AzureTableGrainStorage_Read_Write" storage="c:\users\anna\orleans\test\extensions\testerazureutils\bin\debug\net7.0\tester.azureutils.dll" id="991553f7-23fd-ae65-d5af-3ed1ce07c8b7">
      <Execution id="669704fc-9198-4083-87d2-35798cec4a75" />
      <TestMethod codeBase="C:\Users\anna\orleans\test\Extensions\TesterAzureUtils\bin\Debug\net7.0\Tester.AzureUtils.dll" adapterTypeName="executor://xunit/VsTestRunner2/netcoreapp" className="Tester.AzureUtils.Persistence.PersistenceStateTests_AzureTableGrainStorage" name="Grain_LongKey_AzureTableGrainStorage_Read_Write" />
    </UnitTest>
  </TestDefinitions>
  <TestEntries>
    <TestEntry testId="991553f7-23fd-ae65-d5af-3ed1ce07c8b7" executionId="669704fc-9198-4083-87d2-35798cec4a75" testListId="8c84fa94-04c1-424b-9868-57a2d4851a1d" />
  </TestEntries>
  <TestLists>
    <TestList name="Results Not in a List" id="8c84fa94-04c1-424b-9868-57a2d4851a1d" />
    <TestList name="All Loaded Results" id="19431567-8539-422a-85d7-44ee4e166bda" />
  </TestLists>
  <ResultSummary outcome="Completed">
    <Counters total="1" executed="1" passed="1" failed="0" error="0" timeout="0" aborted="0" inconclusive="0" passedButRunAborted="0" notRunnable="0" notExecuted="0" disconnected="0" warning="0" completed="0" inProgress="0" pending="0" />
    <Output>
      <StdOut>[xUnit.net 00:00:00.00] xUnit.net VSTest Adapter v2.4.5+1caef2f33e (64-bit .NET 7.0.2)&#xD;
[xUnit.net 00:00:01.27]   Discovering: Tester.AzureUtils (method display = ClassAndMethod, method display options = None)&#xD;
[xUnit.net 00:00:01.48]   Discovered:  Tester.AzureUtils (found 246 test cases)&#xD;
[xUnit.net 00:00:01.49]   Starting:    Tester.AzureUtils (parallel test collections = off, max threads = 4)&#xD;
[xUnit.net 00:00:36.39]   Finished:    Tester.AzureUtils&#xD;
</StdOut>
    </Output>
    <RunInfos>
      <RunInfo computerName="cloudtest-win10" outcome="Warning" timestamp="2023-01-23T23:02:25.8589745+00:00">
        <Text>Data collector 'Blame' message: All tests finished running, Sequence file will not be generated.</Text>
      </RunInfo>
    </RunInfos>
  </ResultSummary>
</TestRun>