<?xml version="1.0" encoding="utf-8"?>
<TestRun id="a8f8489b-6218-44e7-a3bf-cc05f54b1662" name="anna@cloudtest-win10 2023-01-23 04:21:01" runUser="cloudtest-win10\anna" xmlns="http://microsoft.com/schemas/VisualStudio/TeamTest/2010">
  <Times creation="2023-01-23T04:21:01.9278832+00:00" queuing="2023-01-23T04:21:01.9278839+00:00" start="2023-01-23T04:20:55.3003883+00:00" finish="2023-01-23T04:21:01.9637771+00:00" />
  <TestSettings name="default" id="cf16ccb7-afd7-4fcd-8955-a1b14408cb57">
    <Deployment runDeploymentRoot="anna_cloudtest-win10_2023-01-23_04_21_01" />
  </TestSettings>
  <Results>
    <UnitTestResult executionId="9e41d04b-6343-48af-b27e-30c090901679" testId="83f1356a-2b36-3bd3-27e2-a5cbe8bc68ac" testName="Tester.AzureUtils.Lease.AzureBlobLeaseProviderTests.ProviderCanRenewLeases" computerName="cloudtest-win10" duration="00:00:01.8580150" startTime="2023-01-23T04:21:01.6226514+00:00" endTime="2023-01-23T04:21:01.6227007+00:00" testType="13cdc9d9-ddb5-4fa4-a97d-d965ccfc6d4b" outcome="Passed" testListId="8c84fa94-04c1-424b-9868-57a2d4851a1d" relativeResultsDirectory="9e41d04b-6343-48af-b27e-30c090901679" />
  </Results>
  <TestDefinitions>
    <UnitTest name="Tester.AzureUtils.Lease.AzureBlobLeaseProviderTests.ProviderCanRenewLeases" storage="c:\users\anna\orleans\test\extensions\testerazureutils\bin\debug\net7.0\tester.azureutils.dll" id="83f1356a-2b36-3bd3-27e2-a5cbe8bc68ac">
      <Execution id="9e41d04b-6343-48af-b27e-30c090901679" />
      <TestMethod codeBase="C:\Users\anna\orleans\test\Extensions\TesterAzureUtils\bin\Debug\net7.0\Tester.AzureUtils.dll" adapterTypeName="executor://xunit/VsTestRunner2/netcoreapp" className="Tester.AzureUtils.Lease.AzureBlobLeaseProviderTests" name="ProviderCanRenewLeases" />
    </UnitTest>
  </TestDefinitions>
  <TestEntries>
    <TestEntry testId="83f1356a-2b36-3bd3-27e2-a5cbe8bc68ac" executionId="9e41d04b-6343-48af-b27e-30c090901679" testListId="8c84fa94-04c1-424b-9868-57a2d4851a1d" />
  </TestEntries>
  <TestLists>
    <TestList name="Results Not in a List" id="8c84fa94-04c1-424b-9868-57a2d4851a1d" />
    <TestList name="All Loaded Results" id="19431567-8539-422a-85d7-44ee4e166bda" />
  </TestLists>
  <ResultSummary outcome="Completed">
    <Counters total="1" executed="1" passed="1" failed="0" error="0" timeout="0" aborted="0" inconclusive="0" passedButRunAborted="0" notRunnable="0" notExecuted="0" disconnected="0" warning="0" completed="0" inProgress="0" pending="0" />
    <Output>
      <StdOut>[xUnit.net 00:00:00.00] xUnit.net VSTest Adapter v2.4.5+1caef2f33e (64-bit .NET 7.0.2)&#xD;
[xUnit.net 00:00:01.23]   Discovering: Tester.AzureUtils (method display = ClassAndMethod, method display options = None)&#xD;
[xUnit.net 00:00:01.44]   Discovered:  Tester.AzureUtils (found 246 test cases)&#xD;
[xUnit.net 00:00:01.46]   Starting:    Tester.AzureUtils (parallel test collections = off, max threads = 4)&#xD;
[xUnit.net 00:00:03.42]   Finished:    Tester.AzureUtils&#xD;
</StdOut>
    </Output>
    <RunInfos>
      <RunInfo computerName="cloudtest-win10" outcome="Warning" timestamp="2023-01-23T04:21:01.7766267+00:00">
        <Text>Data collector 'Blame' message: All tests finished running, Sequence file will not be generated.</Text>
      </RunInfo>
    </RunInfos>
  </ResultSummary>
</TestRun>