<?xml version="1.0" encoding="utf-8"?>
<TestRun id="f5f47758-2ed4-4570-ae25-3293acf6a3e5" name="anna@cloudtest-win10 2023-01-22 18:58:32" runUser="cloudtest-win10\anna" xmlns="http://microsoft.com/schemas/VisualStudio/TeamTest/2010">
  <Times creation="2023-01-22T18:58:32.8806989+00:00" queuing="2023-01-22T18:58:32.8806995+00:00" start="2023-01-22T18:58:25.1781654+00:00" finish="2023-01-22T18:58:32.9211129+00:00" />
  <TestSettings name="default" id="cd59641d-952e-4ce6-ae45-76fdc6607477">
    <Deployment runDeploymentRoot="anna_cloudtest-win10_2023-01-22_18_58_32" />
  </TestSettings>
  <Results>
    <UnitTestResult executionId="cf6a4c5e-ddd0-45fc-940e-68531aedfafb" testId="0f51aa7e-46f9-ea7b-ba91-ff845f618023" testName="Tester.AzureUtils.AzureMembershipTableTests.MembershipTable_Azure_GetGateways" computerName="cloudtest-win10" duration="00:00:01.8222578" startTime="2023-01-22T18:58:32.5682495+00:00" endTime="2023-01-22T18:58:32.5682951+00:00" testType="13cdc9d9-ddb5-4fa4-a97d-d965ccfc6d4b" outcome="Failed" testListId="8c84fa94-04c1-424b-9868-57a2d4851a1d" relativeResultsDirectory="cf6a4c5e-ddd0-45fc-940e-68531aedfafb">
      <Output>
        <ErrorInfo>
          <Message>Assert.True() Failure&#xD;
Expected: True&#xD;
Actual:   False</Message>
          <StackTrace>   at UnitTests.MembershipTests.MembershipTableTestsBase.MembershipTable_GetGateways() in C:\Users\anna\orleans\test\TesterInternal\MembershipTests\MembershipTableTestsBase.cs:line 115&#xD;
   at Tester.AzureUtils.AzureMembershipTableTests.MembershipTable_Azure_GetGateways() in C:\Users\anna\orleans\test\Extensions\TesterAzureUtils\AzureMembershipTableTests.cs:line 64&#xD;
--- End of stack trace from previous location ---</StackTrace>
        </ErrorInfo>
      </Output>
    </UnitTestResult>
  </Results>
  <TestDefinitions>
    <UnitTest name="Tester.AzureUtils.AzureMembershipTableTests.MembershipTable_Azure_GetGateways" storage="c:\users\anna\orleans\test\extensions\testerazureutils\bin\debug\net7.0\tester.azureutils.dll" id="0f51aa7e-46f9-ea7b-ba91-ff845f618023">
      <Execution id="cf6a4c5e-ddd0-45fc-940e-68531aedfafb" />
      <TestMethod codeBase="C:\Users\anna\orleans\test\Extensions\TesterAzureUtils\bin\Debug\net7.0\Tester.AzureUtils.dll" adapterTypeName="executor://xunit/VsTestRunner2/netcoreapp" className="Tester.AzureUtils.AzureMembershipTableTests" name="MembershipTable_Azure_GetGateways" />
    </UnitTest>
  </TestDefinitions>
  <TestEntries>
    <TestEntry testId="0f51aa7e-46f9-ea7b-ba91-ff845f618023" executionId="cf6a4c5e-ddd0-45fc-940e-68531aedfafb" testListId="8c84fa94-04c1-424b-9868-57a2d4851a1d" />
  </TestEntries>
  <TestLists>
    <TestList name="Results Not in a List" id="8c84fa94-04c1-424b-9868-57a2d4851a1d" />
    <TestList name="All Loaded Results" id="19431567-8539-422a-85d7-44ee4e166bda" />
  </TestLists>
  <ResultSummary outcome="Failed">
    <Counters total="1" executed="1" passed="0" failed="1" error="0" timeout="0" aborted="0" inconclusive="0" passedButRunAborted="0" notRunnable="0" notExecuted="0" disconnected="0" warning="0" completed="0" inProgress="0" pending="0" />
    <Output>
      <StdOut>[xUnit.net 00:00:00.00] xUnit.net VSTest Adapter v2.4.5+1caef2f33e (64-bit .NET 7.0.2)&#xD;
[xUnit.net 00:00:01.28]   Discovering: Tester.AzureUtils (method display = ClassAndMethod, method display options = None)&#xD;
[xUnit.net 00:00:01.50]   Discovered:  Tester.AzureUtils (found 246 test cases)&#xD;
[xUnit.net 00:00:01.51]   Starting:    Tester.AzureUtils (parallel test collections = off, max threads = 4)&#xD;
[xUnit.net 00:00:04.39]       Assert.True() Failure&#xD;
[xUnit.net 00:00:04.39]       Expected: True&#xD;
[xUnit.net 00:00:04.39]       Actual:   False&#xD;
[xUnit.net 00:00:04.39]       Stack Trace:&#xD;
[xUnit.net 00:00:04.39]         C:\Users\anna\orleans\test\TesterInternal\MembershipTests\MembershipTableTestsBase.cs(115,0): at UnitTests.MembershipTests.MembershipTableTestsBase.MembershipTable_GetGateways()&#xD;
[xUnit.net 00:00:04.39]         C:\Users\anna\orleans\test\Extensions\TesterAzureUtils\AzureMembershipTableTests.cs(64,0): at Tester.AzureUtils.AzureMembershipTableTests.MembershipTable_Azure_GetGateways()&#xD;
[xUnit.net 00:00:04.39]         --- End of stack trace from previous location ---&#xD;
[xUnit.net 00:00:04.42]   Finished:    Tester.AzureUtils&#xD;
</StdOut>
    </Output>
    <RunInfos>
      <RunInfo computerName="cloudtest-win10" outcome="Min" timestamp="2023-01-22T18:58:32.5636151+00:00">
        <Text>[xUnit.net 00:00:04.39]     Tester.AzureUtils.AzureMembershipTableTests.MembershipTable_Azure_GetGateways [FAIL]</Text>
      </RunInfo>
      <RunInfo computerName="cloudtest-win10" outcome="Warning" timestamp="2023-01-22T18:58:32.7319244+00:00">
        <Text>Data collector 'Blame' message: All tests finished running, Sequence file will not be generated.</Text>
      </RunInfo>
    </RunInfos>
  </ResultSummary>
</TestRun>