<?xml version="1.0" encoding="utf-8"?>
<TestRun id="f9ee66e8-2058-4788-b2af-2f176fc541fe" name="anna@cloudtest-win10 2023-01-22 18:58:44" runUser="cloudtest-win10\anna" xmlns="http://microsoft.com/schemas/VisualStudio/TeamTest/2010">
  <Times creation="2023-01-22T18:58:44.3446559+00:00" queuing="2023-01-22T18:58:44.3446563+00:00" start="2023-01-22T18:58:35.0230438+00:00" finish="2023-01-22T18:58:44.3802187+00:00" />
  <TestSettings name="default" id="468fc048-36c4-4db5-8b44-549c3172d818">
    <Deployment runDeploymentRoot="anna_cloudtest-win10_2023-01-22_18_58_44" />
  </TestSettings>
  <Results>
    <UnitTestResult executionId="4a5e8843-85cf-40bb-89b7-6e662a310c87" testId="0f51aa7e-46f9-ea7b-ba91-ff845f618023" testName="Tester.AzureUtils.AzureMembershipTableTests.MembershipTable_Azure_GetGateways" computerName="cloudtest-win10" duration="00:00:03.4314309" startTime="2023-01-22T18:58:44.0228947+00:00" endTime="2023-01-22T18:58:44.0229537+00:00" testType="13cdc9d9-ddb5-4fa4-a97d-d965ccfc6d4b" outcome="Passed" testListId="8c84fa94-04c1-424b-9868-57a2d4851a1d" relativeResultsDirectory="4a5e8843-85cf-40bb-89b7-6e662a310c87" />
  </Results>
  <TestDefinitions>
    <UnitTest name="Tester.AzureUtils.AzureMembershipTableTests.MembershipTable_Azure_GetGateways" storage="c:\users\anna\orleans\test\extensions\testerazureutils\bin\debug\net7.0\tester.azureutils.dll" id="0f51aa7e-46f9-ea7b-ba91-ff845f618023">
      <Execution id="4a5e8843-85cf-40bb-89b7-6e662a310c87" />
      <TestMethod codeBase="C:\Users\anna\orleans\test\Extensions\TesterAzureUtils\bin\Debug\net7.0\Tester.AzureUtils.dll" adapterTypeName="executor://xunit/VsTestRunner2/netcoreapp" className="Tester.AzureUtils.AzureMembershipTableTests" name="MembershipTable_Azure_GetGateways" />
    </UnitTest>
  </TestDefinitions>
  <TestEntries>
    <TestEntry testId="0f51aa7e-46f9-ea7b-ba91-ff845f618023" executionId="4a5e8843-85cf-40bb-89b7-6e662a310c87" testListId="8c84fa94-04c1-424b-9868-57a2d4851a1d" />
  </TestEntries>
  <TestLists>
    <TestList name="Results Not in a List" id="8c84fa94-04c1-424b-9868-57a2d4851a1d" />
    <TestList name="All Loaded Results" id="19431567-8539-422a-85d7-44ee4e166bda" />
  </TestLists>
  <ResultSummary outcome="Completed">
    <Counters total="1" executed="1" passed="1" failed="0" error="0" timeout="0" aborted="0" inconclusive="0" passedButRunAborted="0" notRunnable="0" notExecuted="0" disconnected="0" warning="0" completed="0" inProgress="0" pending="0" />
    <Output>
      <StdOut>[xUnit.net 00:00:00.00] xUnit.net VSTest Adapter v2.4.5+1caef2f33e (64-bit .NET 7.0.2)&#xD;
[xUnit.net 00:00:01.28]   Discovering: Tester.AzureUtils (method display = ClassAndMethod, method display options = None)&#xD;
[xUnit.net 00:00:01.50]   Discovered:  Tester.AzureUtils (found 246 test cases)&#xD;
[xUnit.net 00:00:01.52]   Starting:    Tester.AzureUtils (parallel test collections = off, max threads = 4)&#xD;
[xUnit.net 00:00:06.01]   Finished:    Tester.AzureUtils&#xD;
</StdOut>
    </Output>
    <RunInfos>
      <RunInfo computerName="cloudtest-win10" outcome="Warning" timestamp="2023-01-22T18:58:44.1976387+00:00">
        <Text>Data collector 'Blame' message: All tests finished running, Sequence file will not be generated.</Text>
      </RunInfo>
    </RunInfos>
  </ResultSummary>
</TestRun>