<?xml version="1.0" encoding="utf-8"?>
<TestRun id="77b784e9-f0cb-4e0b-ad43-0b51c02a6ec8" name="anna@cloudtest-win10 2023-01-22 18:32:28" runUser="cloudtest-win10\anna" xmlns="http://microsoft.com/schemas/VisualStudio/TeamTest/2010">
  <Times creation="2023-01-22T18:32:28.2057082+00:00" queuing="2023-01-22T18:32:28.2057088+00:00" start="2023-01-22T18:32:16.6379129+00:00" finish="2023-01-22T18:32:28.2452083+00:00" />
  <TestSettings name="default" id="10f3eeba-070c-419a-baf8-3e7b28dd2206">
    <Deployment runDeploymentRoot="anna_cloudtest-win10_2023-01-22_18_32_28" />
  </TestSettings>
  <Results>
    <UnitTestResult executionId="c5e463ea-6c62-4bbc-9297-20598f40e6cc" testId="25cf1ab5-8c91-2cb3-44d4-300ca8f4cbf6" testName="Tester.AzureUtils.AzureMembershipTableTests.MembershipTable_Azure_UpdateRowInParallel" computerName="cloudtest-win10" duration="00:00:05.7258431" startTime="2023-01-22T18:32:27.8828773+00:00" endTime="2023-01-22T18:32:27.8829347+00:00" testType="13cdc9d9-ddb5-4fa4-a97d-d965ccfc6d4b" outcome="Failed" testListId="8c84fa94-04c1-424b-9868-57a2d4851a1d" relativeResultsDirectory="c5e463ea-6c62-4bbc-9297-20598f40e6cc">
      <Output>
        <ErrorInfo>
          <Message>Assert.Equal() Failure&#xD;
Expected: 20&#xD;
Actual:   21</Message>
          <StackTrace>   at UnitTests.MembershipTests.MembershipTableTestsBase.MembershipTable_UpdateRowInParallel(Boolean extendedProtocol) in C:\Users\anna\orleans\test\TesterInternal\MembershipTests\MembershipTableTestsBase.cs:line 390&#xD;
   at Tester.AzureUtils.AzureMembershipTableTests.MembershipTable_Azure_UpdateRowInParallel() in C:\Users\anna\orleans\test\Extensions\TesterAzureUtils\AzureMembershipTableTests.cs:line 100&#xD;
--- End of stack trace from previous location ---</StackTrace>
        </ErrorInfo>
      </Output>
    </UnitTestResult>
  </Results>
  <TestDefinitions>
    <UnitTest name="Tester.AzureUtils.AzureMembershipTableTests.MembershipTable_Azure_UpdateRowInParallel" storage="c:\users\anna\orleans\test\extensions\testerazureutils\bin\debug\net7.0\tester.azureutils.dll" id="25cf1ab5-8c91-2cb3-44d4-300ca8f4cbf6">
      <Execution id="c5e463ea-6c62-4bbc-9297-20598f40e6cc" />
      <TestMethod codeBase="C:\Users\anna\orleans\test\Extensions\TesterAzureUtils\bin\Debug\net7.0\Tester.AzureUtils.dll" adapterTypeName="executor://xunit/VsTestRunner2/netcoreapp" className="Tester.AzureUtils.AzureMembershipTableTests" name="MembershipTable_Azure_UpdateRowInParallel" />
    </UnitTest>
  </TestDefinitions>
  <TestEntries>
    <TestEntry testId="25cf1ab5-8c91-2cb3-44d4-300ca8f4cbf6" executionId="c5e463ea-6c62-4bbc-9297-20598f40e6cc" testListId="8c84fa94-04c1-424b-9868-57a2d4851a1d" />
  </TestEntries>
  <TestLists>
    <TestList name="Results Not in a List" id="8c84fa94-04c1-424b-9868-57a2d4851a1d" />
    <TestList name="All Loaded Results" id="19431567-8539-422a-85d7-44ee4e166bda" />
  </TestLists>
  <ResultSummary outcome="Failed">
    <Counters total="1" executed="1" passed="0" failed="1" error="0" timeout="0" aborted="0" inconclusive="0" passedButRunAborted="0" notRunnable="0" notExecuted="0" disconnected="0" warning="0" completed="0" inProgress="0" pending="0" />
    <Output>
      <StdOut>[xUnit.net 00:00:00.00] xUnit.net VSTest Adapter v2.4.5+1caef2f33e (64-bit .NET 7.0.2)&#xD;
[xUnit.net 00:00:01.27]   Discovering: Tester.AzureUtils (method display = ClassAndMethod, method display options = None)&#xD;
[xUnit.net 00:00:01.49]   Discovered:  Tester.AzureUtils (found 246 test cases)&#xD;
[xUnit.net 00:00:01.50]   Starting:    Tester.AzureUtils (parallel test collections = off, max threads = 4)&#xD;
[xUnit.net 00:00:08.28]       Assert.Equal() Failure&#xD;
[xUnit.net 00:00:08.28]       Expected: 20&#xD;
[xUnit.net 00:00:08.28]       Actual:   21&#xD;
[xUnit.net 00:00:08.28]       Stack Trace:&#xD;
[xUnit.net 00:00:08.28]         C:\Users\anna\orleans\test\TesterInternal\MembershipTests\MembershipTableTestsBase.cs(390,0): at UnitTests.MembershipTests.MembershipTableTestsBase.MembershipTable_UpdateRowInParallel(Boolean extendedProtocol)&#xD;
[xUnit.net 00:00:08.28]         C:\Users\anna\orleans\test\Extensions\TesterAzureUtils\AzureMembershipTableTests.cs(100,0): at Tester.AzureUtils.AzureMembershipTableTests.MembershipTable_Azure_UpdateRowInParallel()&#xD;
[xUnit.net 00:00:08.28]         --- End of stack trace from previous location ---&#xD;
[xUnit.net 00:00:08.31]   Finished:    Tester.AzureUtils&#xD;
</StdOut>
    </Output>
    <RunInfos>
      <RunInfo computerName="cloudtest-win10" outcome="Min" timestamp="2023-01-22T18:32:27.8785737+00:00">
        <Text>[xUnit.net 00:00:08.27]     Tester.AzureUtils.AzureMembershipTableTests.MembershipTable_Azure_UpdateRowInParallel [FAIL]</Text>
      </RunInfo>
      <RunInfo computerName="cloudtest-win10" outcome="Warning" timestamp="2023-01-22T18:32:28.0572734+00:00">
        <Text>Data collector 'Blame' message: All tests finished running, Sequence file will not be generated.</Text>
      </RunInfo>
    </RunInfos>
  </ResultSummary>
</TestRun>