<?xml version="1.0" encoding="utf-8"?>
<TestRun id="75d42c3e-0976-4266-89db-e77e5a8490a8" name="anna@cloudtest-win10 2023-01-22 18:31:34" runUser="cloudtest-win10\anna" xmlns="http://microsoft.com/schemas/VisualStudio/TeamTest/2010">
  <Times creation="2023-01-22T18:31:34.4968611+00:00" queuing="2023-01-22T18:31:34.4968621+00:00" start="2023-01-22T18:31:22.7926441+00:00" finish="2023-01-22T18:31:34.5335439+00:00" />
  <TestSettings name="default" id="7a0353be-cb2e-401e-b7c1-0ef5ce8ebd2f">
    <Deployment runDeploymentRoot="anna_cloudtest-win10_2023-01-22_18_31_34" />
  </TestSettings>
  <Results>
    <UnitTestResult executionId="f192446a-601d-4763-be3e-5c099ef3119c" testId="25cf1ab5-8c91-2cb3-44d4-300ca8f4cbf6" testName="Tester.AzureUtils.AzureMembershipTableTests.MembershipTable_Azure_UpdateRowInParallel" computerName="cloudtest-win10" duration="00:00:05.8273526" startTime="2023-01-22T18:31:34.1765948+00:00" endTime="2023-01-22T18:31:34.1766420+00:00" testType="13cdc9d9-ddb5-4fa4-a97d-d965ccfc6d4b" outcome="Passed" testListId="8c84fa94-04c1-424b-9868-57a2d4851a1d" relativeResultsDirectory="f192446a-601d-4763-be3e-5c099ef3119c" />
  </Results>
  <TestDefinitions>
    <UnitTest name="Tester.AzureUtils.AzureMembershipTableTests.MembershipTable_Azure_UpdateRowInParallel" storage="c:\users\anna\orleans\test\extensions\testerazureutils\bin\debug\net7.0\tester.azureutils.dll" id="25cf1ab5-8c91-2cb3-44d4-300ca8f4cbf6">
      <Execution id="f192446a-601d-4763-be3e-5c099ef3119c" />
      <TestMethod codeBase="C:\Users\anna\orleans\test\Extensions\TesterAzureUtils\bin\Debug\net7.0\Tester.AzureUtils.dll" adapterTypeName="executor://xunit/VsTestRunner2/netcoreapp" className="Tester.AzureUtils.AzureMembershipTableTests" name="MembershipTable_Azure_UpdateRowInParallel" />
    </UnitTest>
  </TestDefinitions>
  <TestEntries>
    <TestEntry testId="25cf1ab5-8c91-2cb3-44d4-300ca8f4cbf6" executionId="f192446a-601d-4763-be3e-5c099ef3119c" testListId="8c84fa94-04c1-424b-9868-57a2d4851a1d" />
  </TestEntries>
  <TestLists>
    <TestList name="Results Not in a List" id="8c84fa94-04c1-424b-9868-57a2d4851a1d" />
    <TestList name="All Loaded Results" id="19431567-8539-422a-85d7-44ee4e166bda" />
  </TestLists>
  <ResultSummary outcome="Completed">
    <Counters total="1" executed="1" passed="1" failed="0" error="0" timeout="0" aborted="0" inconclusive="0" passedButRunAborted="0" notRunnable="0" notExecuted="0" disconnected="0" warning="0" completed="0" inProgress="0" pending="0" />
    <Output>
      <StdOut>[xUnit.net 00:00:00.00] xUnit.net VSTest Adapter v2.4.5+1caef2f33e (64-bit .NET 7.0.2)&#xD;
[xUnit.net 00:00:01.27]   Discovering: Tester.AzureUtils (method display = ClassAndMethod, method display options = None)&#xD;
[xUnit.net 00:00:01.48]   Discovered:  Tester.AzureUtils (found 246 test cases)&#xD;
[xUnit.net 00:00:01.50]   Starting:    Tester.AzureUtils (parallel test collections = off, max threads = 4)&#xD;
[xUnit.net 00:00:08.40]   Finished:    Tester.AzureUtils&#xD;
</StdOut>
    </Output>
    <RunInfos>
      <RunInfo computerName="cloudtest-win10" outcome="Warning" timestamp="2023-01-22T18:31:34.3521065+00:00">
        <Text>Data collector 'Blame' message: All tests finished running, Sequence file will not be generated.</Text>
      </RunInfo>
    </RunInfos>
  </ResultSummary>
</TestRun>