<?xml version="1.0" encoding="utf-8"?>
<TestRun id="bc2578c8-4def-445a-8d35-b5d20a63686e" name="anna@cloudtest-win10 2023-01-22 18:24:31" runUser="cloudtest-win10\anna" xmlns="http://microsoft.com/schemas/VisualStudio/TeamTest/2010">
  <Times creation="2023-01-22T18:24:31.6996714+00:00" queuing="2023-01-22T18:24:31.6996718+00:00" start="2023-01-22T18:24:23.1135996+00:00" finish="2023-01-22T18:24:31.7353213+00:00" />
  <TestSettings name="default" id="c0b0d99f-f9bd-44b1-8f3a-90231f3ba45c">
    <Deployment runDeploymentRoot="anna_cloudtest-win10_2023-01-22_18_24_31" />
  </TestSettings>
  <Results>
    <UnitTestResult executionId="c96f28b4-06dc-44ad-a666-1d44faf70cd2" testId="07d0ba55-47b1-e83b-d97b-1b52020f0e86" testName="Tester.AzureUtils.AzureMembershipTableTests.MembershipTable_Azure_InsertRow" computerName="cloudtest-win10" duration="00:00:02.7755626" startTime="2023-01-22T18:24:31.3840125+00:00" endTime="2023-01-22T18:24:31.3841183+00:00" testType="13cdc9d9-ddb5-4fa4-a97d-d965ccfc6d4b" outcome="Passed" testListId="8c84fa94-04c1-424b-9868-57a2d4851a1d" relativeResultsDirectory="c96f28b4-06dc-44ad-a666-1d44faf70cd2" />
  </Results>
  <TestDefinitions>
    <UnitTest name="Tester.AzureUtils.AzureMembershipTableTests.MembershipTable_Azure_InsertRow" storage="c:\users\anna\orleans\test\extensions\testerazureutils\bin\debug\net7.0\tester.azureutils.dll" id="07d0ba55-47b1-e83b-d97b-1b52020f0e86">
      <Execution id="c96f28b4-06dc-44ad-a666-1d44faf70cd2" />
      <TestMethod codeBase="C:\Users\anna\orleans\test\Extensions\TesterAzureUtils\bin\Debug\net7.0\Tester.AzureUtils.dll" adapterTypeName="executor://xunit/VsTestRunner2/netcoreapp" className="Tester.AzureUtils.AzureMembershipTableTests" name="MembershipTable_Azure_InsertRow" />
    </UnitTest>
  </TestDefinitions>
  <TestEntries>
    <TestEntry testId="07d0ba55-47b1-e83b-d97b-1b52020f0e86" executionId="c96f28b4-06dc-44ad-a666-1d44faf70cd2" testListId="8c84fa94-04c1-424b-9868-57a2d4851a1d" />
  </TestEntries>
  <TestLists>
    <TestList name="Results Not in a List" id="8c84fa94-04c1-424b-9868-57a2d4851a1d" />
    <TestList name="All Loaded Results" id="19431567-8539-422a-85d7-44ee4e166bda" />
  </TestLists>
  <ResultSummary outcome="Completed">
    <Counters total="1" executed="1" passed="1" failed="0" error="0" timeout="0" aborted="0" inconclusive="0" passedButRunAborted="0" notRunnable="0" notExecuted="0" disconnected="0" warning="0" completed="0" inProgress="0" pending="0" />
    <Output>
      <StdOut>[xUnit.net 00:00:00.00] xUnit.net VSTest Adapter v2.4.5+1caef2f33e (64-bit .NET 7.0.2)&#xD;
[xUnit.net 00:00:01.26]   Discovering: Tester.AzureUtils (method display = ClassAndMethod, method display options = None)&#xD;
[xUnit.net 00:00:01.47]   Discovered:  Tester.AzureUtils (found 246 test cases)&#xD;
[xUnit.net 00:00:01.49]   Starting:    Tester.AzureUtils (parallel test collections = off, max threads = 4)&#xD;
[xUnit.net 00:00:05.33]   Finished:    Tester.AzureUtils&#xD;
</StdOut>
    </Output>
    <RunInfos>
      <RunInfo computerName="cloudtest-win10" outcome="Warning" timestamp="2023-01-22T18:24:31.5522490+00:00">
        <Text>Data collector 'Blame' message: All tests finished running, Sequence file will not be generated.</Text>
      </RunInfo>
    </RunInfos>
  </ResultSummary>
</TestRun>