<?xml version="1.0" encoding="utf-8"?>
<TestRun id="cff4bd8e-6ae2-4f90-b4b8-e30fc60f155b" name="anna@cloudtest-win10 2023-01-22 23:58:12" runUser="cloudtest-win10\anna" xmlns="http://microsoft.com/schemas/VisualStudio/TeamTest/2010">
  <Times creation="2023-01-22T23:58:12.7995534+00:00" queuing="2023-01-22T23:58:12.7995540+00:00" start="2023-01-22T23:58:05.7683617+00:00" finish="2023-01-22T23:58:12.8377805+00:00" />
  <TestSettings name="default" id="8d246d5d-2bd9-408d-82a9-fd8e17812869">
    <Deployment runDeploymentRoot="anna_cloudtest-win10_2023-01-22_23_58_12" />
  </TestSettings>
  <Results>
    <UnitTestResult executionId="320ccfb3-562e-4eda-b53c-f4d7d6595e91" testId="eb8becaa-d5e7-00ee-6454-b8be9c8a7f31" testName="Tester.AzureUtils.AzureTableDataManagerTests.AzureTableDataManager_UpdateTableEntryAsync" computerName="cloudtest-win10" duration="00:00:02.1667535" startTime="2023-01-22T23:58:12.4933621+00:00" endTime="2023-01-22T23:58:12.4934090+00:00" testType="13cdc9d9-ddb5-4fa4-a97d-d965ccfc6d4b" outcome="Passed" testListId="8c84fa94-04c1-424b-9868-57a2d4851a1d" relativeResultsDirectory="320ccfb3-562e-4eda-b53c-f4d7d6595e91" />
  </Results>
  <TestDefinitions>
    <UnitTest name="Tester.AzureUtils.AzureTableDataManagerTests.AzureTableDataManager_UpdateTableEntryAsync" storage="c:\users\anna\orleans\test\extensions\testerazureutils\bin\debug\net7.0\tester.azureutils.dll" id="eb8becaa-d5e7-00ee-6454-b8be9c8a7f31">
      <Execution id="320ccfb3-562e-4eda-b53c-f4d7d6595e91" />
      <TestMethod codeBase="C:\Users\anna\orleans\test\Extensions\TesterAzureUtils\bin\Debug\net7.0\Tester.AzureUtils.dll" adapterTypeName="executor://xunit/VsTestRunner2/netcoreapp" className="Tester.AzureUtils.AzureTableDataManagerTests" name="AzureTableDataManager_UpdateTableEntryAsync" />
    </UnitTest>
  </TestDefinitions>
  <TestEntries>
    <TestEntry testId="eb8becaa-d5e7-00ee-6454-b8be9c8a7f31" executionId="320ccfb3-562e-4eda-b53c-f4d7d6595e91" testListId="8c84fa94-04c1-424b-9868-57a2d4851a1d" />
  </TestEntries>
  <TestLists>
    <TestList name="Results Not in a List" id="8c84fa94-04c1-424b-9868-57a2d4851a1d" />
    <TestList name="All Loaded Results" id="19431567-8539-422a-85d7-44ee4e166bda" />
  </TestLists>
  <ResultSummary outcome="Completed">
    <Counters total="1" executed="1" passed="1" failed="0" error="0" timeout="0" aborted="0" inconclusive="0" passedButRunAborted="0" notRunnable="0" notExecuted="0" disconnected="0" warning="0" completed="0" inProgress="0" pending="0" />
    <Output>
      <StdOut>[xUnit.net 00:00:00.00] xUnit.net VSTest Adapter v2.4.5+1caef2f33e (64-bit .NET 7.0.2)&#xD;
[xUnit.net 00:00:01.28]   Discovering: Tester.AzureUtils (method display = ClassAndMethod, method display options = None)&#xD;
[xUnit.net 00:00:01.48]   Discovered:  Tester.AzureUtils (found 246 test cases)&#xD;
[xUnit.net 00:00:01.50]   Starting:    Tester.AzureUtils (parallel test collections = off, max threads = 4)&#xD;
[xUnit.net 00:00:03.77]   Finished:    Tester.AzureUtils&#xD;
</StdOut>
    </Output>
    <RunInfos>
      <RunInfo computerName="cloudtest-win10" outcome="Warning" timestamp="2023-01-22T23:58:12.6512310+00:00">
        <Text>Data collector 'Blame' message: All tests finished running, Sequence file will not be generated.</Text>
      </RunInfo>
    </RunInfos>
  </ResultSummary>
</TestRun>