<?xml version="1.0" encoding="utf-8"?>
<TestRun id="e7ac5b82-7903-4385-a898-83aec9782359" name="anna@cloudtest-win10 2023-01-22 23:58:22" runUser="cloudtest-win10\anna" xmlns="http://microsoft.com/schemas/VisualStudio/TeamTest/2010">
  <Times creation="2023-01-22T23:58:22.0347991+00:00" queuing="2023-01-22T23:58:22.0347997+00:00" start="2023-01-22T23:58:14.9327232+00:00" finish="2023-01-22T23:58:22.0709609+00:00" />
  <TestSettings name="default" id="32f7da04-03b1-477d-aaae-4e70968606e4">
    <Deployment runDeploymentRoot="anna_cloudtest-win10_2023-01-22_23_58_22" />
  </TestSettings>
  <Results>
    <UnitTestResult executionId="fa9f392e-3a2a-4332-b922-2855b2caef56" testId="eb8becaa-d5e7-00ee-6454-b8be9c8a7f31" testName="Tester.AzureUtils.AzureTableDataManagerTests.AzureTableDataManager_UpdateTableEntryAsync" computerName="cloudtest-win10" duration="00:00:02.2266852" startTime="2023-01-22T23:58:21.7263981+00:00" endTime="2023-01-22T23:58:21.7266258+00:00" testType="13cdc9d9-ddb5-4fa4-a97d-d965ccfc6d4b" outcome="Passed" testListId="8c84fa94-04c1-424b-9868-57a2d4851a1d" relativeResultsDirectory="fa9f392e-3a2a-4332-b922-2855b2caef56" />
  </Results>
  <TestDefinitions>
    <UnitTest name="Tester.AzureUtils.AzureTableDataManagerTests.AzureTableDataManager_UpdateTableEntryAsync" storage="c:\users\anna\orleans\test\extensions\testerazureutils\bin\debug\net7.0\tester.azureutils.dll" id="eb8becaa-d5e7-00ee-6454-b8be9c8a7f31">
      <Execution id="fa9f392e-3a2a-4332-b922-2855b2caef56" />
      <TestMethod codeBase="C:\Users\anna\orleans\test\Extensions\TesterAzureUtils\bin\Debug\net7.0\Tester.AzureUtils.dll" adapterTypeName="executor://xunit/VsTestRunner2/netcoreapp" className="Tester.AzureUtils.AzureTableDataManagerTests" name="AzureTableDataManager_UpdateTableEntryAsync" />
    </UnitTest>
  </TestDefinitions>
  <TestEntries>
    <TestEntry testId="eb8becaa-d5e7-00ee-6454-b8be9c8a7f31" executionId="fa9f392e-3a2a-4332-b922-2855b2caef56" testListId="8c84fa94-04c1-424b-9868-57a2d4851a1d" />
  </TestEntries>
  <TestLists>
    <TestList name="Results Not in a List" id="8c84fa94-04c1-424b-9868-57a2d4851a1d" />
    <TestList name="All Loaded Results" id="19431567-8539-422a-85d7-44ee4e166bda" />
  </TestLists>
  <ResultSummary outcome="Completed">
    <Counters total="1" executed="1" passed="1" failed="0" error="0" timeout="0" aborted="0" inconclusive="0" passedButRunAborted="0" notRunnable="0" notExecuted="0" disconnected="0" warning="0" completed="0" inProgress="0" pending="0" />
    <Output>
      <StdOut>[xUnit.net 00:00:00.00] xUnit.net VSTest Adapter v2.4.5+1caef2f33e (64-bit .NET 7.0.2)&#xD;
[xUnit.net 00:00:01.28]   Discovering: Tester.AzureUtils (method display = ClassAndMethod, method display options = None)&#xD;
[xUnit.net 00:00:01.50]   Discovered:  Tester.AzureUtils (found 246 test cases)&#xD;
[xUnit.net 00:00:01.51]   Starting:    Tester.AzureUtils (parallel test collections = off, max threads = 4)&#xD;
[xUnit.net 00:00:03.84]   Finished:    Tester.AzureUtils&#xD;
</StdOut>
    </Output>
    <RunInfos>
      <RunInfo computerName="cloudtest-win10" outcome="Warning" timestamp="2023-01-22T23:58:21.8865030+00:00">
        <Text>Data collector 'Blame' message: All tests finished running, Sequence file will not be generated.</Text>
      </RunInfo>
    </RunInfos>
  </ResultSummary>
</TestRun>