<?xml version="1.0" encoding="utf-8"?>
<TestRun id="656b2f78-57c0-4172-a6b7-2b37eea190b0" name="anna@cloudtest-win10 2023-01-22 23:58:03" runUser="cloudtest-win10\anna" xmlns="http://microsoft.com/schemas/VisualStudio/TeamTest/2010">
  <Times creation="2023-01-22T23:58:03.4877553+00:00" queuing="2023-01-22T23:58:03.4877560+00:00" start="2023-01-22T23:57:56.5815550+00:00" finish="2023-01-22T23:58:03.5266926+00:00" />
  <TestSettings name="default" id="6b9ceae3-7157-4b05-9dc3-db15dd41bcf6">
    <Deployment runDeploymentRoot="anna_cloudtest-win10_2023-01-22_23_58_03" />
  </TestSettings>
  <Results>
    <UnitTestResult executionId="658ec956-54a5-4041-887f-33dc34dabfca" testId="eb8becaa-d5e7-00ee-6454-b8be9c8a7f31" testName="Tester.AzureUtils.AzureTableDataManagerTests.AzureTableDataManager_UpdateTableEntryAsync" computerName="cloudtest-win10" duration="00:00:01.9971478" startTime="2023-01-22T23:58:03.1641467+00:00" endTime="2023-01-22T23:58:03.1642016+00:00" testType="13cdc9d9-ddb5-4fa4-a97d-d965ccfc6d4b" outcome="Passed" testListId="8c84fa94-04c1-424b-9868-57a2d4851a1d" relativeResultsDirectory="658ec956-54a5-4041-887f-33dc34dabfca" />
  </Results>
  <TestDefinitions>
    <UnitTest name="Tester.AzureUtils.AzureTableDataManagerTests.AzureTableDataManager_UpdateTableEntryAsync" storage="c:\users\anna\orleans\test\extensions\testerazureutils\bin\debug\net7.0\tester.azureutils.dll" id="eb8becaa-d5e7-00ee-6454-b8be9c8a7f31">
      <Execution id="658ec956-54a5-4041-887f-33dc34dabfca" />
      <TestMethod codeBase="C:\Users\anna\orleans\test\Extensions\TesterAzureUtils\bin\Debug\net7.0\Tester.AzureUtils.dll" adapterTypeName="executor://xunit/VsTestRunner2/netcoreapp" className="Tester.AzureUtils.AzureTableDataManagerTests" name="AzureTableDataManager_UpdateTableEntryAsync" />
    </UnitTest>
  </TestDefinitions>
  <TestEntries>
    <TestEntry testId="eb8becaa-d5e7-00ee-6454-b8be9c8a7f31" executionId="658ec956-54a5-4041-887f-33dc34dabfca" testListId="8c84fa94-04c1-424b-9868-57a2d4851a1d" />
  </TestEntries>
  <TestLists>
    <TestList name="Results Not in a List" id="8c84fa94-04c1-424b-9868-57a2d4851a1d" />
    <TestList name="All Loaded Results" id="19431567-8539-422a-85d7-44ee4e166bda" />
  </TestLists>
  <ResultSummary outcome="Completed">
    <Counters total="1" executed="1" passed="1" failed="0" error="0" timeout="0" aborted="0" inconclusive="0" passedButRunAborted="0" notRunnable="0" notExecuted="0" disconnected="0" warning="0" completed="0" inProgress="0" pending="0" />
    <Output>
      <StdOut>[xUnit.net 00:00:00.00] xUnit.net VSTest Adapter v2.4.5+1caef2f33e (64-bit .NET 7.0.2)&#xD;
[xUnit.net 00:00:01.29]   Discovering: Tester.AzureUtils (method display = ClassAndMethod, method display options = None)&#xD;
[xUnit.net 00:00:01.51]   Discovered:  Tester.AzureUtils (found 246 test cases)&#xD;
[xUnit.net 00:00:01.53]   Starting:    Tester.AzureUtils (parallel test collections = off, max threads = 4)&#xD;
[xUnit.net 00:00:03.63]   Finished:    Tester.AzureUtils&#xD;
</StdOut>
    </Output>
    <RunInfos>
      <RunInfo computerName="cloudtest-win10" outcome="Warning" timestamp="2023-01-22T23:58:03.3317403+00:00">
        <Text>Data collector 'Blame' message: All tests finished running, Sequence file will not be generated.</Text>
      </RunInfo>
    </RunInfos>
  </ResultSummary>
</TestRun>