<?xml version="1.0" encoding="utf-8"?>
<TestRun id="89bb12a1-f3bc-4eab-929d-2d61f610cd0e" name="anna@cloudtest-win10 2023-01-22 23:59:50" runUser="cloudtest-win10\anna" xmlns="http://microsoft.com/schemas/VisualStudio/TeamTest/2010">
  <Times creation="2023-01-22T23:59:50.1923387+00:00" queuing="2023-01-22T23:59:50.1923394+00:00" start="2023-01-22T23:59:43.3767659+00:00" finish="2023-01-22T23:59:50.2281076+00:00" />
  <TestSettings name="default" id="f2fd0ef8-04c7-4a53-85bc-9c9f1864f825">
    <Deployment runDeploymentRoot="anna_cloudtest-win10_2023-01-22_23_59_50" />
  </TestSettings>
  <Results>
    <UnitTestResult executionId="134f078d-fc6b-4fb5-ab3f-86b710cf3a76" testId="e7163f1e-1b3c-30a2-f8ba-b79754f0910e" testName="Tester.AzureUtils.AzureTableGrainDirectoryTests.DoNotDeleteDifferentActivationIdEntry" computerName="cloudtest-win10" duration="00:00:01.9262408" startTime="2023-01-22T23:59:49.8797803+00:00" endTime="2023-01-22T23:59:49.8798518+00:00" testType="13cdc9d9-ddb5-4fa4-a97d-d965ccfc6d4b" outcome="Passed" testListId="8c84fa94-04c1-424b-9868-57a2d4851a1d" relativeResultsDirectory="134f078d-fc6b-4fb5-ab3f-86b710cf3a76" />
  </Results>
  <TestDefinitions>
    <UnitTest name="Tester.AzureUtils.AzureTableGrainDirectoryTests.DoNotDeleteDifferentActivationIdEntry" storage="c:\users\anna\orleans\test\extensions\testerazureutils\bin\debug\net7.0\tester.azureutils.dll" id="e7163f1e-1b3c-30a2-f8ba-b79754f0910e">
      <Execution id="134f078d-fc6b-4fb5-ab3f-86b710cf3a76" />
      <TestMethod codeBase="C:\Users\anna\orleans\test\Extensions\TesterAzureUtils\bin\Debug\net7.0\Tester.AzureUtils.dll" adapterTypeName="executor://xunit/VsTestRunner2/netcoreapp" className="Tester.AzureUtils.AzureTableGrainDirectoryTests" name="DoNotDeleteDifferentActivationIdEntry" />
    </UnitTest>
  </TestDefinitions>
  <TestEntries>
    <TestEntry testId="e7163f1e-1b3c-30a2-f8ba-b79754f0910e" executionId="134f078d-fc6b-4fb5-ab3f-86b710cf3a76" testListId="8c84fa94-04c1-424b-9868-57a2d4851a1d" />
  </TestEntries>
  <TestLists>
    <TestList name="Results Not in a List" id="8c84fa94-04c1-424b-9868-57a2d4851a1d" />
    <TestList name="All Loaded Results" id="19431567-8539-422a-85d7-44ee4e166bda" />
  </TestLists>
  <ResultSummary outcome="Completed">
    <Counters total="1" executed="1" passed="1" failed="0" error="0" timeout="0" aborted="0" inconclusive="0" passedButRunAborted="0" notRunnable="0" notExecuted="0" disconnected="0" warning="0" completed="0" inProgress="0" pending="0" />
    <Output>
      <StdOut>[xUnit.net 00:00:00.00] xUnit.net VSTest Adapter v2.4.5+1caef2f33e (64-bit .NET 7.0.2)&#xD;
[xUnit.net 00:00:01.28]   Discovering: Tester.AzureUtils (method display = ClassAndMethod, method display options = None)&#xD;
[xUnit.net 00:00:01.50]   Discovered:  Tester.AzureUtils (found 246 test cases)&#xD;
[xUnit.net 00:00:01.51]   Starting:    Tester.AzureUtils (parallel test collections = off, max threads = 4)&#xD;
[xUnit.net 00:00:03.55]   Finished:    Tester.AzureUtils&#xD;
</StdOut>
    </Output>
    <RunInfos>
      <RunInfo computerName="cloudtest-win10" outcome="Warning" timestamp="2023-01-22T23:59:50.0434185+00:00">
        <Text>Data collector 'Blame' message: All tests finished running, Sequence file will not be generated.</Text>
      </RunInfo>
    </RunInfos>
  </ResultSummary>
</TestRun>