<?xml version="1.0" encoding="utf-8"?>
<TestRun id="e79b01f4-3b9c-4736-8b39-3154439ee9c2" name="anna@cloudtest-win10 2023-01-22 23:59:59" runUser="cloudtest-win10\anna" xmlns="http://microsoft.com/schemas/VisualStudio/TeamTest/2010">
  <Times creation="2023-01-22T23:59:59.0688489+00:00" queuing="2023-01-22T23:59:59.0688494+00:00" start="2023-01-22T23:59:52.3183006+00:00" finish="2023-01-22T23:59:59.1049581+00:00" />
  <TestSettings name="default" id="2c2d9c91-3781-44e0-8349-dab7205488b2">
    <Deployment runDeploymentRoot="anna_cloudtest-win10_2023-01-22_23_59_59" />
  </TestSettings>
  <Results>
    <UnitTestResult executionId="df5987d4-de58-462d-b7f2-3e5dbb6cddf9" testId="e7163f1e-1b3c-30a2-f8ba-b79754f0910e" testName="Tester.AzureUtils.AzureTableGrainDirectoryTests.DoNotDeleteDifferentActivationIdEntry" computerName="cloudtest-win10" duration="00:00:01.8731118" startTime="2023-01-22T23:59:58.7497997+00:00" endTime="2023-01-22T23:59:58.7498472+00:00" testType="13cdc9d9-ddb5-4fa4-a97d-d965ccfc6d4b" outcome="Passed" testListId="8c84fa94-04c1-424b-9868-57a2d4851a1d" relativeResultsDirectory="df5987d4-de58-462d-b7f2-3e5dbb6cddf9" />
  </Results>
  <TestDefinitions>
    <UnitTest name="Tester.AzureUtils.AzureTableGrainDirectoryTests.DoNotDeleteDifferentActivationIdEntry" storage="c:\users\anna\orleans\test\extensions\testerazureutils\bin\debug\net7.0\tester.azureutils.dll" id="e7163f1e-1b3c-30a2-f8ba-b79754f0910e">
      <Execution id="df5987d4-de58-462d-b7f2-3e5dbb6cddf9" />
      <TestMethod codeBase="C:\Users\anna\orleans\test\Extensions\TesterAzureUtils\bin\Debug\net7.0\Tester.AzureUtils.dll" adapterTypeName="executor://xunit/VsTestRunner2/netcoreapp" className="Tester.AzureUtils.AzureTableGrainDirectoryTests" name="DoNotDeleteDifferentActivationIdEntry" />
    </UnitTest>
  </TestDefinitions>
  <TestEntries>
    <TestEntry testId="e7163f1e-1b3c-30a2-f8ba-b79754f0910e" executionId="df5987d4-de58-462d-b7f2-3e5dbb6cddf9" testListId="8c84fa94-04c1-424b-9868-57a2d4851a1d" />
  </TestEntries>
  <TestLists>
    <TestList name="Results Not in a List" id="8c84fa94-04c1-424b-9868-57a2d4851a1d" />
    <TestList name="All Loaded Results" id="19431567-8539-422a-85d7-44ee4e166bda" />
  </TestLists>
  <ResultSummary outcome="Completed">
    <Counters total="1" executed="1" passed="1" failed="0" error="0" timeout="0" aborted="0" inconclusive="0" passedButRunAborted="0" notRunnable="0" notExecuted="0" disconnected="0" warning="0" completed="0" inProgress="0" pending="0" />
    <Output>
      <StdOut>[xUnit.net 00:00:00.00] xUnit.net VSTest Adapter v2.4.5+1caef2f33e (64-bit .NET 7.0.2)&#xD;
[xUnit.net 00:00:01.28]   Discovering: Tester.AzureUtils (method display = ClassAndMethod, method display options = None)&#xD;
[xUnit.net 00:00:01.49]   Discovered:  Tester.AzureUtils (found 246 test cases)&#xD;
[xUnit.net 00:00:01.50]   Starting:    Tester.AzureUtils (parallel test collections = off, max threads = 4)&#xD;
[xUnit.net 00:00:03.48]   Finished:    Tester.AzureUtils&#xD;
</StdOut>
    </Output>
    <RunInfos>
      <RunInfo computerName="cloudtest-win10" outcome="Warning" timestamp="2023-01-22T23:59:58.9193268+00:00">
        <Text>Data collector 'Blame' message: All tests finished running, Sequence file will not be generated.</Text>
      </RunInfo>
    </RunInfos>
  </ResultSummary>
</TestRun>