<?xml version="1.0" encoding="utf-8"?>
<TestRun id="fabf3294-d250-4d1c-9f67-0413a3f803e9" name="anna@cloudtest-win10 2023-01-22 19:52:53" runUser="cloudtest-win10\anna" xmlns="http://microsoft.com/schemas/VisualStudio/TeamTest/2010">
  <Times creation="2023-01-22T19:52:53.6035313+00:00" queuing="2023-01-22T19:52:53.6035318+00:00" start="2023-01-22T19:52:47.1275485+00:00" finish="2023-01-22T19:52:53.6391349+00:00" />
  <TestSettings name="default" id="05f80270-989d-47fd-80aa-0e8a16def56a">
    <Deployment runDeploymentRoot="anna_cloudtest-win10_2023-01-22_19_52_53" />
  </TestSettings>
  <Results>
    <UnitTestResult executionId="10fa1354-6d90-489c-b767-d492fb13ce71" testId="60a46c89-261b-3ab8-4a85-671ac4a81765" testName="Tester.AzureUtils.AzureTableDataManagerTests.AzureTableDataManager_DeleteTableAsync" computerName="cloudtest-win10" duration="00:00:01.6035820" startTime="2023-01-22T19:52:53.2974935+00:00" endTime="2023-01-22T19:52:53.2976046+00:00" testType="13cdc9d9-ddb5-4fa4-a97d-d965ccfc6d4b" outcome="Passed" testListId="8c84fa94-04c1-424b-9868-57a2d4851a1d" relativeResultsDirectory="10fa1354-6d90-489c-b767-d492fb13ce71" />
  </Results>
  <TestDefinitions>
    <UnitTest name="Tester.AzureUtils.AzureTableDataManagerTests.AzureTableDataManager_DeleteTableAsync" storage="c:\users\anna\orleans\test\extensions\testerazureutils\bin\debug\net7.0\tester.azureutils.dll" id="60a46c89-261b-3ab8-4a85-671ac4a81765">
      <Execution id="10fa1354-6d90-489c-b767-d492fb13ce71" />
      <TestMethod codeBase="C:\Users\anna\orleans\test\Extensions\TesterAzureUtils\bin\Debug\net7.0\Tester.AzureUtils.dll" adapterTypeName="executor://xunit/VsTestRunner2/netcoreapp" className="Tester.AzureUtils.AzureTableDataManagerTests" name="AzureTableDataManager_DeleteTableAsync" />
    </UnitTest>
  </TestDefinitions>
  <TestEntries>
    <TestEntry testId="60a46c89-261b-3ab8-4a85-671ac4a81765" executionId="10fa1354-6d90-489c-b767-d492fb13ce71" testListId="8c84fa94-04c1-424b-9868-57a2d4851a1d" />
  </TestEntries>
  <TestLists>
    <TestList name="Results Not in a List" id="8c84fa94-04c1-424b-9868-57a2d4851a1d" />
    <TestList name="All Loaded Results" id="19431567-8539-422a-85d7-44ee4e166bda" />
  </TestLists>
  <ResultSummary outcome="Completed">
    <Counters total="1" executed="1" passed="1" failed="0" error="0" timeout="0" aborted="0" inconclusive="0" passedButRunAborted="0" notRunnable="0" notExecuted="0" disconnected="0" warning="0" completed="0" inProgress="0" pending="0" />
    <Output>
      <StdOut>[xUnit.net 00:00:00.00] xUnit.net VSTest Adapter v2.4.5+1caef2f33e (64-bit .NET 7.0.2)&#xD;
[xUnit.net 00:00:01.27]   Discovering: Tester.AzureUtils (method display = ClassAndMethod, method display options = None)&#xD;
[xUnit.net 00:00:01.48]   Discovered:  Tester.AzureUtils (found 246 test cases)&#xD;
[xUnit.net 00:00:01.50]   Starting:    Tester.AzureUtils (parallel test collections = off, max threads = 4)&#xD;
[xUnit.net 00:00:03.21]   Finished:    Tester.AzureUtils&#xD;
</StdOut>
    </Output>
    <RunInfos>
      <RunInfo computerName="cloudtest-win10" outcome="Warning" timestamp="2023-01-22T19:52:53.4532640+00:00">
        <Text>Data collector 'Blame' message: All tests finished running, Sequence file will not be generated.</Text>
      </RunInfo>
    </RunInfos>
  </ResultSummary>
</TestRun>