<?xml version="1.0" encoding="utf-8"?>
<TestRun id="fcde0e70-0983-4b70-9f94-1436174b1512" name="anna@cloudtest-win10 2023-01-24 01:37:01" runUser="cloudtest-win10\anna" xmlns="http://microsoft.com/schemas/VisualStudio/TeamTest/2010">
  <Times creation="2023-01-24T01:37:01.8457000+00:00" queuing="2023-01-24T01:37:01.8457008+00:00" start="2023-01-24T01:36:55.5375540+00:00" finish="2023-01-24T01:37:01.8827814+00:00" />
  <TestSettings name="default" id="350e2550-eea8-4b12-97af-d68774405599">
    <Deployment runDeploymentRoot="anna_cloudtest-win10_2023-01-24_01_37_01" />
  </TestSettings>
  <Results>
    <UnitTestResult executionId="88d87d66-f08b-4dd5-bddc-78c6df1f44b1" testId="6027bfe0-b63c-1dea-6056-192796d084f9" testName="Tester.AzureUtils.SiloInstanceTableManagerTests.SiloInstanceTable_Op_UnregisterSiloInstance" computerName="cloudtest-win10" duration="00:00:01.5374552" startTime="2023-01-24T01:37:01.5368056+00:00" endTime="2023-01-24T01:37:01.5368548+00:00" testType="13cdc9d9-ddb5-4fa4-a97d-d965ccfc6d4b" outcome="Passed" testListId="8c84fa94-04c1-424b-9868-57a2d4851a1d" relativeResultsDirectory="88d87d66-f08b-4dd5-bddc-78c6df1f44b1">
      <Output>
        <StdOut>ClusterId=test-0039a776-ccca-4c96-8283-d0f1a423121b Generation=33529020&#xD;
Initializing SiloInstanceManager&#xD;
MyEntry=OrleansSilo [ Deployment=test-0039a776-ccca-4c96-8283-d0f1a423121b LocalEndpoint=127.0.0.1 LocalPort=0 Generation=33529020 Host=127.0.0.1 Status= ProxyPort=30000 RoleName=MyRole SiloName=MyInstance UpgradeZone=0 FaultZone=0 StartTime=2023-01-24 01:37:01.228 GMT IAmAliveTime=]&#xD;
TestCleanup Timeout=00:01:00&#xD;
TestCleanup -  Finished</StdOut>
      </Output>
    </UnitTestResult>
  </Results>
  <TestDefinitions>
    <UnitTest name="Tester.AzureUtils.SiloInstanceTableManagerTests.SiloInstanceTable_Op_UnregisterSiloInstance" storage="c:\users\anna\orleans\test\extensions\testerazureutils\bin\debug\net7.0\tester.azureutils.dll" id="6027bfe0-b63c-1dea-6056-192796d084f9">
      <Execution id="88d87d66-f08b-4dd5-bddc-78c6df1f44b1" />
      <TestMethod codeBase="C:\Users\anna\orleans\test\Extensions\TesterAzureUtils\bin\Debug\net7.0\Tester.AzureUtils.dll" adapterTypeName="executor://xunit/VsTestRunner2/netcoreapp" className="Tester.AzureUtils.SiloInstanceTableManagerTests" name="SiloInstanceTable_Op_UnregisterSiloInstance" />
    </UnitTest>
  </TestDefinitions>
  <TestEntries>
    <TestEntry testId="6027bfe0-b63c-1dea-6056-192796d084f9" executionId="88d87d66-f08b-4dd5-bddc-78c6df1f44b1" testListId="8c84fa94-04c1-424b-9868-57a2d4851a1d" />
  </TestEntries>
  <TestLists>
    <TestList name="Results Not in a List" id="8c84fa94-04c1-424b-9868-57a2d4851a1d" />
    <TestList name="All Loaded Results" id="19431567-8539-422a-85d7-44ee4e166bda" />
  </TestLists>
  <ResultSummary outcome="Completed">
    <Counters total="1" executed="1" passed="1" failed="0" error="0" timeout="0" aborted="0" inconclusive="0" passedButRunAborted="0" notRunnable="0" notExecuted="0" disconnected="0" warning="0" completed="0" inProgress="0" pending="0" />
    <Output>
      <StdOut>[xUnit.net 00:00:00.00] xUnit.net VSTest Adapter v2.4.5+1caef2f33e (64-bit .NET 7.0.2)&#xD;
[xUnit.net 00:00:01.25]   Discovering: Tester.AzureUtils (method display = ClassAndMethod, method display options = None)&#xD;
[xUnit.net 00:00:01.45]   Discovered:  Tester.AzureUtils (found 246 test cases)&#xD;
[xUnit.net 00:00:01.46]   Starting:    Tester.AzureUtils (parallel test collections = off, max threads = 4)&#xD;
[xUnit.net 00:00:03.12]   Finished:    Tester.AzureUtils&#xD;
</StdOut>
    </Output>
    <RunInfos>
      <RunInfo computerName="cloudtest-win10" outcome="Warning" timestamp="2023-01-24T01:37:01.6958510+00:00">
        <Text>Data collector 'Blame' message: All tests finished running, Sequence file will not be generated.</Text>
      </RunInfo>
    </RunInfos>
  </ResultSummary>
</TestRun>