<?xml version="1.0" encoding="utf-8"?>
<TestRun id="d053c97f-eb23-4f02-a2d9-6a836828df13" name="anna@cloudtest-win10 2023-01-23 15:49:42" runUser="cloudtest-win10\anna" xmlns="http://microsoft.com/schemas/VisualStudio/TeamTest/2010">
  <Times creation="2023-01-23T15:49:42.3774984+00:00" queuing="2023-01-23T15:49:42.3774990+00:00" start="2023-01-23T15:48:51.9002310+00:00" finish="2023-01-23T15:49:42.4142525+00:00" />
  <TestSettings name="default" id="57dbdedd-d731-4397-bce4-f8e24b1b0fd3">
    <Deployment runDeploymentRoot="anna_cloudtest-win10_2023-01-23_15_49_42" />
  </TestSettings>
  <Results>
    <UnitTestResult executionId="61f67891-9923-4885-aec8-956a66d35b36" testId="080342f8-c96b-cb4e-2f08-662742947f6f" testName="Tester.AzureUtils.LivenessTests_AzureTable.Liveness_Azure_2_Restart_Primary" computerName="cloudtest-win10" duration="00:00:18.9587201" startTime="2023-01-23T15:49:42.0487629+00:00" endTime="2023-01-23T15:49:42.0488083+00:00" testType="13cdc9d9-ddb5-4fa4-a97d-d965ccfc6d4b" outcome="Passed" testListId="8c84fa94-04c1-424b-9868-57a2d4851a1d" relativeResultsDirectory="61f67891-9923-4885-aec8-956a66d35b36" />
  </Results>
  <TestDefinitions>
    <UnitTest name="Tester.AzureUtils.LivenessTests_AzureTable.Liveness_Azure_2_Restart_Primary" storage="c:\users\anna\orleans\test\extensions\testerazureutils\bin\debug\net7.0\tester.azureutils.dll" id="080342f8-c96b-cb4e-2f08-662742947f6f">
      <Execution id="61f67891-9923-4885-aec8-956a66d35b36" />
      <TestMethod codeBase="C:\Users\anna\orleans\test\Extensions\TesterAzureUtils\bin\Debug\net7.0\Tester.AzureUtils.dll" adapterTypeName="executor://xunit/VsTestRunner2/netcoreapp" className="Tester.AzureUtils.LivenessTests_AzureTable" name="Liveness_Azure_2_Restart_Primary" />
    </UnitTest>
  </TestDefinitions>
  <TestEntries>
    <TestEntry testId="080342f8-c96b-cb4e-2f08-662742947f6f" executionId="61f67891-9923-4885-aec8-956a66d35b36" testListId="8c84fa94-04c1-424b-9868-57a2d4851a1d" />
  </TestEntries>
  <TestLists>
    <TestList name="Results Not in a List" id="8c84fa94-04c1-424b-9868-57a2d4851a1d" />
    <TestList name="All Loaded Results" id="19431567-8539-422a-85d7-44ee4e166bda" />
  </TestLists>
  <ResultSummary outcome="Completed">
    <Counters total="1" executed="1" passed="1" failed="0" error="0" timeout="0" aborted="0" inconclusive="0" passedButRunAborted="0" notRunnable="0" notExecuted="0" disconnected="0" warning="0" completed="0" inProgress="0" pending="0" />
    <Output>
      <StdOut>[xUnit.net 00:00:00.00] xUnit.net VSTest Adapter v2.4.5+1caef2f33e (64-bit .NET 7.0.2)&#xD;
[xUnit.net 00:00:01.23]   Discovering: Tester.AzureUtils (method display = ClassAndMethod, method display options = None)&#xD;
[xUnit.net 00:00:01.43]   Discovered:  Tester.AzureUtils (found 246 test cases)&#xD;
[xUnit.net 00:00:01.45]   Starting:    Tester.AzureUtils (parallel test collections = off, max threads = 4)&#xD;
[xUnit.net 00:00:47.29]   Finished:    Tester.AzureUtils&#xD;
</StdOut>
    </Output>
    <RunInfos>
      <RunInfo computerName="cloudtest-win10" outcome="Warning" timestamp="2023-01-23T15:49:42.2286396+00:00">
        <Text>Data collector 'Blame' message: All tests finished running, Sequence file will not be generated.</Text>
      </RunInfo>
    </RunInfos>
  </ResultSummary>
</TestRun>