<?xml version="1.0" encoding="utf-8"?>
<TestRun id="7f68da77-9576-41a0-8f96-54f1bcd450a5" name="anna@cloudtest-win10 2023-01-23 15:51:26" runUser="cloudtest-win10\anna" xmlns="http://microsoft.com/schemas/VisualStudio/TeamTest/2010">
  <Times creation="2023-01-23T15:51:26.8990713+00:00" queuing="2023-01-23T15:51:26.8990720+00:00" start="2023-01-23T15:50:36.9962935+00:00" finish="2023-01-23T15:51:26.9372051+00:00" />
  <TestSettings name="default" id="2ef6b2f7-1c6f-445b-bf84-294832e63bf9">
    <Deployment runDeploymentRoot="anna_cloudtest-win10_2023-01-23_15_51_26" />
  </TestSettings>
  <Results>
    <UnitTestResult executionId="408e1642-0f8d-4cda-8ae3-d3dca1a2c316" testId="080342f8-c96b-cb4e-2f08-662742947f6f" testName="Tester.AzureUtils.LivenessTests_AzureTable.Liveness_Azure_2_Restart_Primary" computerName="cloudtest-win10" duration="00:00:19.0556811" startTime="2023-01-23T15:51:26.5860183+00:00" endTime="2023-01-23T15:51:26.5860642+00:00" testType="13cdc9d9-ddb5-4fa4-a97d-d965ccfc6d4b" outcome="Passed" testListId="8c84fa94-04c1-424b-9868-57a2d4851a1d" relativeResultsDirectory="408e1642-0f8d-4cda-8ae3-d3dca1a2c316" />
  </Results>
  <TestDefinitions>
    <UnitTest name="Tester.AzureUtils.LivenessTests_AzureTable.Liveness_Azure_2_Restart_Primary" storage="c:\users\anna\orleans\test\extensions\testerazureutils\bin\debug\net7.0\tester.azureutils.dll" id="080342f8-c96b-cb4e-2f08-662742947f6f">
      <Execution id="408e1642-0f8d-4cda-8ae3-d3dca1a2c316" />
      <TestMethod codeBase="C:\Users\anna\orleans\test\Extensions\TesterAzureUtils\bin\Debug\net7.0\Tester.AzureUtils.dll" adapterTypeName="executor://xunit/VsTestRunner2/netcoreapp" className="Tester.AzureUtils.LivenessTests_AzureTable" name="Liveness_Azure_2_Restart_Primary" />
    </UnitTest>
  </TestDefinitions>
  <TestEntries>
    <TestEntry testId="080342f8-c96b-cb4e-2f08-662742947f6f" executionId="408e1642-0f8d-4cda-8ae3-d3dca1a2c316" testListId="8c84fa94-04c1-424b-9868-57a2d4851a1d" />
  </TestEntries>
  <TestLists>
    <TestList name="Results Not in a List" id="8c84fa94-04c1-424b-9868-57a2d4851a1d" />
    <TestList name="All Loaded Results" id="19431567-8539-422a-85d7-44ee4e166bda" />
  </TestLists>
  <ResultSummary outcome="Completed">
    <Counters total="1" executed="1" passed="1" failed="0" error="0" timeout="0" aborted="0" inconclusive="0" passedButRunAborted="0" notRunnable="0" notExecuted="0" disconnected="0" warning="0" completed="0" inProgress="0" pending="0" />
    <Output>
      <StdOut>[xUnit.net 00:00:00.00] xUnit.net VSTest Adapter v2.4.5+1caef2f33e (64-bit .NET 7.0.2)&#xD;
[xUnit.net 00:00:01.24]   Discovering: Tester.AzureUtils (method display = ClassAndMethod, method display options = None)&#xD;
[xUnit.net 00:00:01.44]   Discovered:  Tester.AzureUtils (found 246 test cases)&#xD;
[xUnit.net 00:00:01.45]   Starting:    Tester.AzureUtils (parallel test collections = off, max threads = 4)&#xD;
[xUnit.net 00:00:46.71]   Finished:    Tester.AzureUtils&#xD;
</StdOut>
    </Output>
    <RunInfos>
      <RunInfo computerName="cloudtest-win10" outcome="Warning" timestamp="2023-01-23T15:51:26.7542679+00:00">
        <Text>Data collector 'Blame' message: All tests finished running, Sequence file will not be generated.</Text>
      </RunInfo>
    </RunInfos>
  </ResultSummary>
</TestRun>