<?xml version="1.0" encoding="utf-8"?>
<TestRun id="09a26462-1c59-4c80-849e-3f6dcf522003" name="anna@cloudtest-win10 2023-01-22 23:27:49" runUser="cloudtest-win10\anna" xmlns="http://microsoft.com/schemas/VisualStudio/TeamTest/2010">
  <Times creation="2023-01-22T23:27:49.5327757+00:00" queuing="2023-01-22T23:27:49.5327762+00:00" start="2023-01-22T23:26:59.2972250+00:00" finish="2023-01-22T23:27:49.5700221+00:00" />
  <TestSettings name="default" id="33463113-15f6-43ff-88b6-d15ebc642549">
    <Deployment runDeploymentRoot="anna_cloudtest-win10_2023-01-22_23_27_49" />
  </TestSettings>
  <Results>
    <UnitTestResult executionId="12abab08-2c20-4d2e-939e-34805e71ce88" testId="d7889b29-ef4a-5bbb-ecee-9e1f3b295838" testName="Tester.AzureUtils.AzureTableDataManagerStressTests.AzureTableDataManagerStressTests_ReadAll_SinglePartition" computerName="cloudtest-win10" duration="00:00:45.3657761" startTime="2023-01-22T23:27:49.2171290+00:00" endTime="2023-01-22T23:27:49.2171755+00:00" testType="13cdc9d9-ddb5-4fa4-a97d-d965ccfc6d4b" outcome="Passed" testListId="8c84fa94-04c1-424b-9868-57a2d4851a1d" relativeResultsDirectory="12abab08-2c20-4d2e-939e-34805e71ce88">
      <Output>
        <StdOut>Iterations=1000, Batch=1000, Partitions=1&#xD;
AzureTableDataManagerStressTests_ReadAll completed. Wrote 1000 entries to 1 partition(s) in 00:00:38.6812651 at 25.852308537861138 RPS&#xD;
AzureTable_ReadAll completed. ReadAll 1000 entries in 00:00:05.2789813 at 189.43048727980909 RPS</StdOut>
      </Output>
    </UnitTestResult>
  </Results>
  <TestDefinitions>
    <UnitTest name="Tester.AzureUtils.AzureTableDataManagerStressTests.AzureTableDataManagerStressTests_ReadAll_SinglePartition" storage="c:\users\anna\orleans\test\extensions\testerazureutils\bin\debug\net7.0\tester.azureutils.dll" id="d7889b29-ef4a-5bbb-ecee-9e1f3b295838">
      <Execution id="12abab08-2c20-4d2e-939e-34805e71ce88" />
      <TestMethod codeBase="C:\Users\anna\orleans\test\Extensions\TesterAzureUtils\bin\Debug\net7.0\Tester.AzureUtils.dll" adapterTypeName="executor://xunit/VsTestRunner2/netcoreapp" className="Tester.AzureUtils.AzureTableDataManagerStressTests" name="AzureTableDataManagerStressTests_ReadAll_SinglePartition" />
    </UnitTest>
  </TestDefinitions>
  <TestEntries>
    <TestEntry testId="d7889b29-ef4a-5bbb-ecee-9e1f3b295838" executionId="12abab08-2c20-4d2e-939e-34805e71ce88" testListId="8c84fa94-04c1-424b-9868-57a2d4851a1d" />
  </TestEntries>
  <TestLists>
    <TestList name="Results Not in a List" id="8c84fa94-04c1-424b-9868-57a2d4851a1d" />
    <TestList name="All Loaded Results" id="19431567-8539-422a-85d7-44ee4e166bda" />
  </TestLists>
  <ResultSummary outcome="Completed">
    <Counters total="1" executed="1" passed="1" failed="0" error="0" timeout="0" aborted="0" inconclusive="0" passedButRunAborted="0" notRunnable="0" notExecuted="0" disconnected="0" warning="0" completed="0" inProgress="0" pending="0" />
    <Output>
      <StdOut>[xUnit.net 00:00:00.00] xUnit.net VSTest Adapter v2.4.5+1caef2f33e (64-bit .NET 7.0.2)&#xD;
[xUnit.net 00:00:01.27]   Discovering: Tester.AzureUtils (method display = ClassAndMethod, method display options = None)&#xD;
[xUnit.net 00:00:01.49]   Discovered:  Tester.AzureUtils (found 246 test cases)&#xD;
[xUnit.net 00:00:01.51]   Starting:    Tester.AzureUtils (parallel test collections = off, max threads = 4)&#xD;
[xUnit.net 00:00:46.98]   Finished:    Tester.AzureUtils&#xD;
</StdOut>
    </Output>
    <RunInfos>
      <RunInfo computerName="cloudtest-win10" outcome="Warning" timestamp="2023-01-22T23:27:49.3819134+00:00">
        <Text>Data collector 'Blame' message: All tests finished running, Sequence file will not be generated.</Text>
      </RunInfo>
    </RunInfos>
  </ResultSummary>
</TestRun>