<?xml version="1.0" encoding="utf-8"?>
<TestRun id="fdab368e-4301-460a-a0c2-8b4388ab16d8" name="anna@cloudtest-win10 2023-01-22 23:26:56" runUser="cloudtest-win10\anna" xmlns="http://microsoft.com/schemas/VisualStudio/TeamTest/2010">
  <Times creation="2023-01-22T23:26:56.9537646+00:00" queuing="2023-01-22T23:26:56.9537651+00:00" start="2023-01-22T23:26:06.1536028+00:00" finish="2023-01-22T23:26:56.9900537+00:00" />
  <TestSettings name="default" id="fe8f4d76-c419-43f2-9658-bb88dbbe9cb4">
    <Deployment runDeploymentRoot="anna_cloudtest-win10_2023-01-22_23_26_56" />
  </TestSettings>
  <Results>
    <UnitTestResult executionId="e43560e4-b6a7-487d-b6bb-9ef64e9f330f" testId="d7889b29-ef4a-5bbb-ecee-9e1f3b295838" testName="Tester.AzureUtils.AzureTableDataManagerStressTests.AzureTableDataManagerStressTests_ReadAll_SinglePartition" computerName="cloudtest-win10" duration="00:00:45.9128964" startTime="2023-01-22T23:26:56.6353969+00:00" endTime="2023-01-22T23:26:56.6354427+00:00" testType="13cdc9d9-ddb5-4fa4-a97d-d965ccfc6d4b" outcome="Passed" testListId="8c84fa94-04c1-424b-9868-57a2d4851a1d" relativeResultsDirectory="e43560e4-b6a7-487d-b6bb-9ef64e9f330f">
      <Output>
        <StdOut>Iterations=1000, Batch=1000, Partitions=1&#xD;
AzureTableDataManagerStressTests_ReadAll completed. Wrote 1000 entries to 1 partition(s) in 00:00:39.0963015 at 25.577867001051235 RPS&#xD;
AzureTable_ReadAll completed. ReadAll 1000 entries in 00:00:06.1308815 at 163.1086818428965 RPS</StdOut>
      </Output>
    </UnitTestResult>
  </Results>
  <TestDefinitions>
    <UnitTest name="Tester.AzureUtils.AzureTableDataManagerStressTests.AzureTableDataManagerStressTests_ReadAll_SinglePartition" storage="c:\users\anna\orleans\test\extensions\testerazureutils\bin\debug\net7.0\tester.azureutils.dll" id="d7889b29-ef4a-5bbb-ecee-9e1f3b295838">
      <Execution id="e43560e4-b6a7-487d-b6bb-9ef64e9f330f" />
      <TestMethod codeBase="C:\Users\anna\orleans\test\Extensions\TesterAzureUtils\bin\Debug\net7.0\Tester.AzureUtils.dll" adapterTypeName="executor://xunit/VsTestRunner2/netcoreapp" className="Tester.AzureUtils.AzureTableDataManagerStressTests" name="AzureTableDataManagerStressTests_ReadAll_SinglePartition" />
    </UnitTest>
  </TestDefinitions>
  <TestEntries>
    <TestEntry testId="d7889b29-ef4a-5bbb-ecee-9e1f3b295838" executionId="e43560e4-b6a7-487d-b6bb-9ef64e9f330f" testListId="8c84fa94-04c1-424b-9868-57a2d4851a1d" />
  </TestEntries>
  <TestLists>
    <TestList name="Results Not in a List" id="8c84fa94-04c1-424b-9868-57a2d4851a1d" />
    <TestList name="All Loaded Results" id="19431567-8539-422a-85d7-44ee4e166bda" />
  </TestLists>
  <ResultSummary outcome="Completed">
    <Counters total="1" executed="1" passed="1" failed="0" error="0" timeout="0" aborted="0" inconclusive="0" passedButRunAborted="0" notRunnable="0" notExecuted="0" disconnected="0" warning="0" completed="0" inProgress="0" pending="0" />
    <Output>
      <StdOut>[xUnit.net 00:00:00.00] xUnit.net VSTest Adapter v2.4.5+1caef2f33e (64-bit .NET 7.0.2)&#xD;
[xUnit.net 00:00:01.27]   Discovering: Tester.AzureUtils (method display = ClassAndMethod, method display options = None)&#xD;
[xUnit.net 00:00:01.49]   Discovered:  Tester.AzureUtils (found 246 test cases)&#xD;
[xUnit.net 00:00:01.50]   Starting:    Tester.AzureUtils (parallel test collections = off, max threads = 4)&#xD;
[xUnit.net 00:00:47.53]   Finished:    Tester.AzureUtils&#xD;
</StdOut>
    </Output>
    <RunInfos>
      <RunInfo computerName="cloudtest-win10" outcome="Warning" timestamp="2023-01-22T23:26:56.8014483+00:00">
        <Text>Data collector 'Blame' message: All tests finished running, Sequence file will not be generated.</Text>
      </RunInfo>
    </RunInfos>
  </ResultSummary>
</TestRun>