<?xml version="1.0" encoding="utf-8"?>
<TestRun id="52d9676d-c13b-4181-ba60-b230ab32e4cb" name="anna@cloudtest-win10 2023-01-25 01:02:40" runUser="cloudtest-win10\anna" xmlns="http://microsoft.com/schemas/VisualStudio/TeamTest/2010">
  <Times creation="2023-01-25T01:02:40.8698162+00:00" queuing="2023-01-25T01:02:40.8698168+00:00" start="2023-01-25T01:02:11.8587231+00:00" finish="2023-01-25T01:02:40.9053957+00:00" />
  <TestSettings name="default" id="c0e0350c-aa85-43b4-a856-21285e3c29fb">
    <Deployment runDeploymentRoot="anna_cloudtest-win10_2023-01-25_01_02_40" />
  </TestSettings>
  <Results>
    <UnitTestResult executionId="f1eb6b2f-ce3c-4688-933c-3ac5571c8224" testId="48abf46c-6732-76c0-bfeb-19288ac48f8a" testName="Tester.AzureUtils.Streaming.AQStreamingTests.AQ_15_ConsumeAtProducersRequest" computerName="cloudtest-win10" duration="00:00:05.4125026" startTime="2023-01-25T01:02:40.5625544+00:00" endTime="2023-01-25T01:02:40.5625987+00:00" testType="13cdc9d9-ddb5-4fa4-a97d-d965ccfc6d4b" outcome="Passed" testListId="8c84fa94-04c1-424b-9868-57a2d4851a1d" relativeResultsDirectory="f1eb6b2f-ce3c-4688-933c-3ac5571c8224" />
  </Results>
  <TestDefinitions>
    <UnitTest name="Tester.AzureUtils.Streaming.AQStreamingTests.AQ_15_ConsumeAtProducersRequest" storage="c:\users\anna\orleans\test\extensions\testerazureutils\bin\debug\net7.0\tester.azureutils.dll" id="48abf46c-6732-76c0-bfeb-19288ac48f8a">
      <Execution id="f1eb6b2f-ce3c-4688-933c-3ac5571c8224" />
      <TestMethod codeBase="C:\Users\anna\orleans\test\Extensions\TesterAzureUtils\bin\Debug\net7.0\Tester.AzureUtils.dll" adapterTypeName="executor://xunit/VsTestRunner2/netcoreapp" className="Tester.AzureUtils.Streaming.AQStreamingTests" name="AQ_15_ConsumeAtProducersRequest" />
    </UnitTest>
  </TestDefinitions>
  <TestEntries>
    <TestEntry testId="48abf46c-6732-76c0-bfeb-19288ac48f8a" executionId="f1eb6b2f-ce3c-4688-933c-3ac5571c8224" testListId="8c84fa94-04c1-424b-9868-57a2d4851a1d" />
  </TestEntries>
  <TestLists>
    <TestList name="Results Not in a List" id="8c84fa94-04c1-424b-9868-57a2d4851a1d" />
    <TestList name="All Loaded Results" id="19431567-8539-422a-85d7-44ee4e166bda" />
  </TestLists>
  <ResultSummary outcome="Completed">
    <Counters total="1" executed="1" passed="1" failed="0" error="0" timeout="0" aborted="0" inconclusive="0" passedButRunAborted="0" notRunnable="0" notExecuted="0" disconnected="0" warning="0" completed="0" inProgress="0" pending="0" />
    <Output>
      <StdOut>[xUnit.net 00:00:00.00] xUnit.net VSTest Adapter v2.4.5+1caef2f33e (64-bit .NET 7.0.2)&#xD;
[xUnit.net 00:00:01.24]   Discovering: Tester.AzureUtils (method display = ClassAndMethod, method display options = None)&#xD;
[xUnit.net 00:00:01.45]   Discovered:  Tester.AzureUtils (found 246 test cases)&#xD;
[xUnit.net 00:00:01.47]   Starting:    Tester.AzureUtils (parallel test collections = off, max threads = 4)&#xD;
[xUnit.net 00:00:25.77]   Finished:    Tester.AzureUtils&#xD;
</StdOut>
    </Output>
    <RunInfos>
      <RunInfo computerName="cloudtest-win10" outcome="Warning" timestamp="2023-01-25T01:02:40.7284153+00:00">
        <Text>Data collector 'Blame' message: All tests finished running, Sequence file will not be generated.</Text>
      </RunInfo>
    </RunInfos>
  </ResultSummary>
</TestRun>