<?xml version="1.0" encoding="utf-8"?>
<TestRun id="65833553-bc90-4b54-b70c-0a6c18801106" name="anna@cloudtest-win10 2023-01-25 01:04:39" runUser="cloudtest-win10\anna" xmlns="http://microsoft.com/schemas/VisualStudio/TeamTest/2010">
  <Times creation="2023-01-25T01:04:39.3835866+00:00" queuing="2023-01-25T01:04:39.3835871+00:00" start="2023-01-25T01:04:11.1495730+00:00" finish="2023-01-25T01:04:39.4199110+00:00" />
  <TestSettings name="default" id="99d34e9a-5c2e-4ba9-b267-6543ff7bb341">
    <Deployment runDeploymentRoot="anna_cloudtest-win10_2023-01-25_01_04_39" />
  </TestSettings>
  <Results>
    <UnitTestResult executionId="71b38886-c570-4c15-8069-6e39f8f69fad" testId="48abf46c-6732-76c0-bfeb-19288ac48f8a" testName="Tester.AzureUtils.Streaming.AQStreamingTests.AQ_15_ConsumeAtProducersRequest" computerName="cloudtest-win10" duration="00:00:04.5344230" startTime="2023-01-25T01:04:39.0674660+00:00" endTime="2023-01-25T01:04:39.0675256+00:00" testType="13cdc9d9-ddb5-4fa4-a97d-d965ccfc6d4b" outcome="Passed" testListId="8c84fa94-04c1-424b-9868-57a2d4851a1d" relativeResultsDirectory="71b38886-c570-4c15-8069-6e39f8f69fad" />
  </Results>
  <TestDefinitions>
    <UnitTest name="Tester.AzureUtils.Streaming.AQStreamingTests.AQ_15_ConsumeAtProducersRequest" storage="c:\users\anna\orleans\test\extensions\testerazureutils\bin\debug\net7.0\tester.azureutils.dll" id="48abf46c-6732-76c0-bfeb-19288ac48f8a">
      <Execution id="71b38886-c570-4c15-8069-6e39f8f69fad" />
      <TestMethod codeBase="C:\Users\anna\orleans\test\Extensions\TesterAzureUtils\bin\Debug\net7.0\Tester.AzureUtils.dll" adapterTypeName="executor://xunit/VsTestRunner2/netcoreapp" className="Tester.AzureUtils.Streaming.AQStreamingTests" name="AQ_15_ConsumeAtProducersRequest" />
    </UnitTest>
  </TestDefinitions>
  <TestEntries>
    <TestEntry testId="48abf46c-6732-76c0-bfeb-19288ac48f8a" executionId="71b38886-c570-4c15-8069-6e39f8f69fad" testListId="8c84fa94-04c1-424b-9868-57a2d4851a1d" />
  </TestEntries>
  <TestLists>
    <TestList name="Results Not in a List" id="8c84fa94-04c1-424b-9868-57a2d4851a1d" />
    <TestList name="All Loaded Results" id="19431567-8539-422a-85d7-44ee4e166bda" />
  </TestLists>
  <ResultSummary outcome="Completed">
    <Counters total="1" executed="1" passed="1" failed="0" error="0" timeout="0" aborted="0" inconclusive="0" passedButRunAborted="0" notRunnable="0" notExecuted="0" disconnected="0" warning="0" completed="0" inProgress="0" pending="0" />
    <Output>
      <StdOut>[xUnit.net 00:00:00.00] xUnit.net VSTest Adapter v2.4.5+1caef2f33e (64-bit .NET 7.0.2)&#xD;
[xUnit.net 00:00:01.25]   Discovering: Tester.AzureUtils (method display = ClassAndMethod, method display options = None)&#xD;
[xUnit.net 00:00:01.46]   Discovered:  Tester.AzureUtils (found 246 test cases)&#xD;
[xUnit.net 00:00:01.48]   Starting:    Tester.AzureUtils (parallel test collections = off, max threads = 4)&#xD;
[xUnit.net 00:00:25.01]   Finished:    Tester.AzureUtils&#xD;
</StdOut>
    </Output>
    <RunInfos>
      <RunInfo computerName="cloudtest-win10" outcome="Warning" timestamp="2023-01-25T01:04:39.2393036+00:00">
        <Text>Data collector 'Blame' message: All tests finished running, Sequence file will not be generated.</Text>
      </RunInfo>
    </RunInfos>
  </ResultSummary>
</TestRun>