<?xml version="1.0" encoding="utf-8"?>
<TestRun id="6dc5d700-4489-45db-a2d7-3155591493ac" name="anna@cloudtest-win10 2023-01-23 15:03:17" runUser="cloudtest-win10\anna" xmlns="http://microsoft.com/schemas/VisualStudio/TeamTest/2010">
  <Times creation="2023-01-23T15:03:17.1684496+00:00" queuing="2023-01-23T15:03:17.1684501+00:00" start="2023-01-23T15:03:10.2761640+00:00" finish="2023-01-23T15:03:17.2077437+00:00" />
  <TestSettings name="default" id="02c9e330-35bf-48b8-8c01-fa47c897b22d">
    <Deployment runDeploymentRoot="anna_cloudtest-win10_2023-01-23_15_03_17" />
  </TestSettings>
  <Results>
    <UnitTestResult executionId="3bea3d3a-ff3f-4ec9-9c28-f6a49b29ff75" testId="0b23a25b-5d4b-3e6d-d2a0-59f8f18f9102" testName="Tester.AzureUtils.Lease.AzureBlobLeaseProviderTests.ProviderCanReleaseLeases" computerName="cloudtest-win10" duration="00:00:02.1537238" startTime="2023-01-23T15:03:16.8649117+00:00" endTime="2023-01-23T15:03:16.8649554+00:00" testType="13cdc9d9-ddb5-4fa4-a97d-d965ccfc6d4b" outcome="Failed" testListId="8c84fa94-04c1-424b-9868-57a2d4851a1d" relativeResultsDirectory="3bea3d3a-ff3f-4ec9-9c28-f6a49b29ff75">
      <Output>
        <ErrorInfo>
          <Message>Azure.RequestFailedException : The lease ID specified did not match the lease ID for the blob.
RequestId:a6064ef0-f01e-0098-173b-2f6b66000000
Time:2023-01-23T15:03:16.7876333Z&#xD;
Status: 409 (The lease ID specified did not match the lease ID for the blob.)&#xD;
ErrorCode: LeaseIdMismatchWithLeaseOperation&#xD;
&#xD;
Content:&#xD;
&lt;?xml version="1.0" encoding="utf-8"?&gt;&lt;Error&gt;&lt;Code&gt;LeaseIdMismatchWithLeaseOperation&lt;/Code&gt;&lt;Message&gt;The lease ID specified did not match the lease ID for the blob.
RequestId:a6064ef0-f01e-0098-173b-2f6b66000000
Time:2023-01-23T15:03:16.7876333Z&lt;/Message&gt;&lt;/Error&gt;&#xD;
&#xD;
Headers:&#xD;
Server: Windows-Azure-Blob/1.0,Microsoft-HTTPAPI/2.0&#xD;
x-ms-request-id: a6064ef0-f01e-0098-173b-2f6b66000000&#xD;
x-ms-client-request-id: 9a004be0-8356-45fa-b02a-339d95136adf&#xD;
x-ms-version: 2021-10-04&#xD;
x-ms-error-code: LeaseIdMismatchWithLeaseOperation&#xD;
Date: Mon, 23 Jan 2023 15:03:16 GMT&#xD;
Connection: keep-alive&#xD;
Content-Length: 265&#xD;
Content-Type: application/xml&#xD;
</Message>
          <StackTrace>   at Azure.Storage.Blobs.BlobRestClient.ReleaseLeaseAsync(String leaseId, Nullable`1 timeout, Nullable`1 ifModifiedSince, Nullable`1 ifUnmodifiedSince, String ifMatch, String ifNoneMatch, String ifTags, CancellationToken cancellationToken)&#xD;
   at Azure.Storage.Blobs.Specialized.BlobLeaseClient.ReleaseInternal(RequestConditions conditions, Boolean async, CancellationToken cancellationToken)&#xD;
   at Azure.Storage.Blobs.Specialized.BlobLeaseClient.ReleaseAsync(RequestConditions conditions, CancellationToken cancellationToken)&#xD;
   at Orleans.LeaseProviders.AzureBlobLeaseProvider.Release(String category, AcquiredLease[] acquiredLeases) in C:\Users\anna\orleans\src\Azure\Orleans.Streaming.AzureStorage\Providers\Lease\AzureBlobLeaseProvider.cs:line 91&#xD;
   at TestExtensions.Runners.GoldenPathLeaseProviderTestRunner.ProviderCanReleaseLeases() in C:\Users\anna\orleans\test\TestInfrastructure\TestExtensions\Runners\GoldenPathLeaseProviderTestRunner.cs:line 50&#xD;
--- End of stack trace from previous location ---</StackTrace>
        </ErrorInfo>
      </Output>
    </UnitTestResult>
  </Results>
  <TestDefinitions>
    <UnitTest name="Tester.AzureUtils.Lease.AzureBlobLeaseProviderTests.ProviderCanReleaseLeases" storage="c:\users\anna\orleans\test\extensions\testerazureutils\bin\debug\net7.0\tester.azureutils.dll" id="0b23a25b-5d4b-3e6d-d2a0-59f8f18f9102">
      <Execution id="3bea3d3a-ff3f-4ec9-9c28-f6a49b29ff75" />
      <TestMethod codeBase="C:\Users\anna\orleans\test\Extensions\TesterAzureUtils\bin\Debug\net7.0\Tester.AzureUtils.dll" adapterTypeName="executor://xunit/VsTestRunner2/netcoreapp" className="Tester.AzureUtils.Lease.AzureBlobLeaseProviderTests" name="ProviderCanReleaseLeases" />
    </UnitTest>
  </TestDefinitions>
  <TestEntries>
    <TestEntry testId="0b23a25b-5d4b-3e6d-d2a0-59f8f18f9102" executionId="3bea3d3a-ff3f-4ec9-9c28-f6a49b29ff75" testListId="8c84fa94-04c1-424b-9868-57a2d4851a1d" />
  </TestEntries>
  <TestLists>
    <TestList name="Results Not in a List" id="8c84fa94-04c1-424b-9868-57a2d4851a1d" />
    <TestList name="All Loaded Results" id="19431567-8539-422a-85d7-44ee4e166bda" />
  </TestLists>
  <ResultSummary outcome="Failed">
    <Counters total="1" executed="1" passed="0" failed="1" error="0" timeout="0" aborted="0" inconclusive="0" passedButRunAborted="0" notRunnable="0" notExecuted="0" disconnected="0" warning="0" completed="0" inProgress="0" pending="0" />
    <Output>
      <StdOut>[xUnit.net 00:00:00.00] xUnit.net VSTest Adapter v2.4.5+1caef2f33e (64-bit .NET 7.0.2)&#xD;
[xUnit.net 00:00:01.23]   Discovering: Tester.AzureUtils (method display = ClassAndMethod, method display options = None)&#xD;
[xUnit.net 00:00:01.44]   Discovered:  Tester.AzureUtils (found 246 test cases)&#xD;
[xUnit.net 00:00:01.45]   Starting:    Tester.AzureUtils (parallel test collections = off, max threads = 4)&#xD;
[xUnit.net 00:00:03.69]       Azure.RequestFailedException : The lease ID specified did not match the lease ID for the blob.
RequestId:a6064ef0-f01e-0098-173b-2f6b66000000
Time:2023-01-23T15:03:16.7876333Z&#xD;
[xUnit.net 00:00:03.69]       Status: 409 (The lease ID specified did not match the lease ID for the blob.)&#xD;
[xUnit.net 00:00:03.69]       ErrorCode: LeaseIdMismatchWithLeaseOperation&#xD;
[xUnit.net 00:00:03.69]       &#xD;
[xUnit.net 00:00:03.69]       Content:&#xD;
[xUnit.net 00:00:03.69]       &lt;?xml version="1.0" encoding="utf-8"?&gt;&lt;Error&gt;&lt;Code&gt;LeaseIdMismatchWithLeaseOperation&lt;/Code&gt;&lt;Message&gt;The lease ID specified did not match the lease ID for the blob.
RequestId:a6064ef0-f01e-0098-173b-2f6b66000000
Time:2023-01-23T15:03:16.7876333Z&lt;/Message&gt;&lt;/Error&gt;&#xD;
[xUnit.net 00:00:03.69]       &#xD;
[xUnit.net 00:00:03.69]       Headers:&#xD;
[xUnit.net 00:00:03.69]       Server: Windows-Azure-Blob/1.0,Microsoft-HTTPAPI/2.0&#xD;
[xUnit.net 00:00:03.69]       x-ms-request-id: a6064ef0-f01e-0098-173b-2f6b66000000&#xD;
[xUnit.net 00:00:03.69]       x-ms-client-request-id: 9a004be0-8356-45fa-b02a-339d95136adf&#xD;
[xUnit.net 00:00:03.69]       x-ms-version: 2021-10-04&#xD;
[xUnit.net 00:00:03.69]       x-ms-error-code: LeaseIdMismatchWithLeaseOperation&#xD;
[xUnit.net 00:00:03.69]       Date: Mon, 23 Jan 2023 15:03:16 GMT&#xD;
[xUnit.net 00:00:03.69]       Connection: keep-alive&#xD;
[xUnit.net 00:00:03.69]       Content-Length: 265&#xD;
[xUnit.net 00:00:03.69]       Content-Type: application/xml&#xD;
[xUnit.net 00:00:03.69]       &#xD;
[xUnit.net 00:00:03.69]       Stack Trace:&#xD;
[xUnit.net 00:00:03.69]            at Azure.Storage.Blobs.BlobRestClient.ReleaseLeaseAsync(String leaseId, Nullable`1 timeout, Nullable`1 ifModifiedSince, Nullable`1 ifUnmodifiedSince, String ifMatch, String ifNoneMatch, String ifTags, CancellationToken cancellationToken)&#xD;
[xUnit.net 00:00:03.69]            at Azure.Storage.Blobs.Specialized.BlobLeaseClient.ReleaseInternal(RequestConditions conditions, Boolean async, CancellationToken cancellationToken)&#xD;
[xUnit.net 00:00:03.69]            at Azure.Storage.Blobs.Specialized.BlobLeaseClient.ReleaseAsync(RequestConditions conditions, CancellationToken cancellationToken)&#xD;
[xUnit.net 00:00:03.69]         C:\Users\anna\orleans\src\Azure\Orleans.Streaming.AzureStorage\Providers\Lease\AzureBlobLeaseProvider.cs(91,0): at Orleans.LeaseProviders.AzureBlobLeaseProvider.Release(String category, AcquiredLease[] acquiredLeases)&#xD;
[xUnit.net 00:00:03.69]         C:\Users\anna\orleans\test\TestInfrastructure\TestExtensions\Runners\GoldenPathLeaseProviderTestRunner.cs(50,0): at TestExtensions.Runners.GoldenPathLeaseProviderTestRunner.ProviderCanReleaseLeases()&#xD;
[xUnit.net 00:00:03.69]         --- End of stack trace from previous location ---&#xD;
[xUnit.net 00:00:03.73]   Finished:    Tester.AzureUtils&#xD;
</StdOut>
    </Output>
    <RunInfos>
      <RunInfo computerName="cloudtest-win10" outcome="Min" timestamp="2023-01-23T15:03:16.8590598+00:00">
        <Text>[xUnit.net 00:00:03.69]     Tester.AzureUtils.Lease.AzureBlobLeaseProviderTests.ProviderCanReleaseLeases [FAIL]</Text>
      </RunInfo>
      <RunInfo computerName="cloudtest-win10" outcome="Warning" timestamp="2023-01-23T15:03:17.0191580+00:00">
        <Text>Data collector 'Blame' message: All tests finished running, Sequence file will not be generated.</Text>
      </RunInfo>
    </RunInfos>
  </ResultSummary>
</TestRun>