<?xml version="1.0" encoding="utf-8"?>
<TestRun id="a6f596e7-0eba-4641-b832-302ea81643af" name="anna@cloudtest-win10 2023-01-23 15:02:59" runUser="cloudtest-win10\anna" xmlns="http://microsoft.com/schemas/VisualStudio/TeamTest/2010">
  <Times creation="2023-01-23T15:02:59.1855617+00:00" queuing="2023-01-23T15:02:59.1855621+00:00" start="2023-01-23T15:02:52.2511986+00:00" finish="2023-01-23T15:02:59.2218922+00:00" />
  <TestSettings name="default" id="854184e6-3e0c-4c1c-b16c-1e63d266f866">
    <Deployment runDeploymentRoot="anna_cloudtest-win10_2023-01-23_15_02_59" />
  </TestSettings>
  <Results>
    <UnitTestResult executionId="6d7ef477-d2ec-43af-8da6-a36e2dde7d3c" testId="0b23a25b-5d4b-3e6d-d2a0-59f8f18f9102" testName="Tester.AzureUtils.Lease.AzureBlobLeaseProviderTests.ProviderCanReleaseLeases" computerName="cloudtest-win10" duration="00:00:02.1803800" startTime="2023-01-23T15:02:58.8910248+00:00" endTime="2023-01-23T15:02:58.8910698+00:00" testType="13cdc9d9-ddb5-4fa4-a97d-d965ccfc6d4b" outcome="Passed" testListId="8c84fa94-04c1-424b-9868-57a2d4851a1d" relativeResultsDirectory="6d7ef477-d2ec-43af-8da6-a36e2dde7d3c" />
  </Results>
  <TestDefinitions>
    <UnitTest name="Tester.AzureUtils.Lease.AzureBlobLeaseProviderTests.ProviderCanReleaseLeases" storage="c:\users\anna\orleans\test\extensions\testerazureutils\bin\debug\net7.0\tester.azureutils.dll" id="0b23a25b-5d4b-3e6d-d2a0-59f8f18f9102">
      <Execution id="6d7ef477-d2ec-43af-8da6-a36e2dde7d3c" />
      <TestMethod codeBase="C:\Users\anna\orleans\test\Extensions\TesterAzureUtils\bin\Debug\net7.0\Tester.AzureUtils.dll" adapterTypeName="executor://xunit/VsTestRunner2/netcoreapp" className="Tester.AzureUtils.Lease.AzureBlobLeaseProviderTests" name="ProviderCanReleaseLeases" />
    </UnitTest>
  </TestDefinitions>
  <TestEntries>
    <TestEntry testId="0b23a25b-5d4b-3e6d-d2a0-59f8f18f9102" executionId="6d7ef477-d2ec-43af-8da6-a36e2dde7d3c" testListId="8c84fa94-04c1-424b-9868-57a2d4851a1d" />
  </TestEntries>
  <TestLists>
    <TestList name="Results Not in a List" id="8c84fa94-04c1-424b-9868-57a2d4851a1d" />
    <TestList name="All Loaded Results" id="19431567-8539-422a-85d7-44ee4e166bda" />
  </TestLists>
  <ResultSummary outcome="Completed">
    <Counters total="1" executed="1" passed="1" failed="0" error="0" timeout="0" aborted="0" inconclusive="0" passedButRunAborted="0" notRunnable="0" notExecuted="0" disconnected="0" warning="0" completed="0" inProgress="0" pending="0" />
    <Output>
      <StdOut>[xUnit.net 00:00:00.00] xUnit.net VSTest Adapter v2.4.5+1caef2f33e (64-bit .NET 7.0.2)&#xD;
[xUnit.net 00:00:01.25]   Discovering: Tester.AzureUtils (method display = ClassAndMethod, method display options = None)&#xD;
[xUnit.net 00:00:01.45]   Discovered:  Tester.AzureUtils (found 246 test cases)&#xD;
[xUnit.net 00:00:01.46]   Starting:    Tester.AzureUtils (parallel test collections = off, max threads = 4)&#xD;
[xUnit.net 00:00:03.75]   Finished:    Tester.AzureUtils&#xD;
</StdOut>
    </Output>
    <RunInfos>
      <RunInfo computerName="cloudtest-win10" outcome="Warning" timestamp="2023-01-23T15:02:59.0433720+00:00">
        <Text>Data collector 'Blame' message: All tests finished running, Sequence file will not be generated.</Text>
      </RunInfo>
    </RunInfos>
  </ResultSummary>
</TestRun>