<?xml version="1.0" encoding="utf-8"?>
<TestRun id="4ec622e1-41bf-40fa-9aa0-19018121d03b" name="anna@cloudtest-win10 2023-01-23 15:02:50" runUser="cloudtest-win10\anna" xmlns="http://microsoft.com/schemas/VisualStudio/TeamTest/2010">
  <Times creation="2023-01-23T15:02:50.1252046+00:00" queuing="2023-01-23T15:02:50.1252051+00:00" start="2023-01-23T15:02:43.1380148+00:00" finish="2023-01-23T15:02:50.1614309+00:00" />
  <TestSettings name="default" id="a161e95b-ca15-400c-9e62-15da4173797a">
    <Deployment runDeploymentRoot="anna_cloudtest-win10_2023-01-23_15_02_50" />
  </TestSettings>
  <Results>
    <UnitTestResult executionId="673d9d4f-3c4f-4276-ab92-6dcac1a7d3ec" testId="0b23a25b-5d4b-3e6d-d2a0-59f8f18f9102" testName="Tester.AzureUtils.Lease.AzureBlobLeaseProviderTests.ProviderCanReleaseLeases" computerName="cloudtest-win10" duration="00:00:02.2331096" startTime="2023-01-23T15:02:49.8215100+00:00" endTime="2023-01-23T15:02:49.8215678+00:00" testType="13cdc9d9-ddb5-4fa4-a97d-d965ccfc6d4b" outcome="Passed" testListId="8c84fa94-04c1-424b-9868-57a2d4851a1d" relativeResultsDirectory="673d9d4f-3c4f-4276-ab92-6dcac1a7d3ec" />
  </Results>
  <TestDefinitions>
    <UnitTest name="Tester.AzureUtils.Lease.AzureBlobLeaseProviderTests.ProviderCanReleaseLeases" storage="c:\users\anna\orleans\test\extensions\testerazureutils\bin\debug\net7.0\tester.azureutils.dll" id="0b23a25b-5d4b-3e6d-d2a0-59f8f18f9102">
      <Execution id="673d9d4f-3c4f-4276-ab92-6dcac1a7d3ec" />
      <TestMethod codeBase="C:\Users\anna\orleans\test\Extensions\TesterAzureUtils\bin\Debug\net7.0\Tester.AzureUtils.dll" adapterTypeName="executor://xunit/VsTestRunner2/netcoreapp" className="Tester.AzureUtils.Lease.AzureBlobLeaseProviderTests" name="ProviderCanReleaseLeases" />
    </UnitTest>
  </TestDefinitions>
  <TestEntries>
    <TestEntry testId="0b23a25b-5d4b-3e6d-d2a0-59f8f18f9102" executionId="673d9d4f-3c4f-4276-ab92-6dcac1a7d3ec" testListId="8c84fa94-04c1-424b-9868-57a2d4851a1d" />
  </TestEntries>
  <TestLists>
    <TestList name="Results Not in a List" id="8c84fa94-04c1-424b-9868-57a2d4851a1d" />
    <TestList name="All Loaded Results" id="19431567-8539-422a-85d7-44ee4e166bda" />
  </TestLists>
  <ResultSummary outcome="Completed">
    <Counters total="1" executed="1" passed="1" failed="0" error="0" timeout="0" aborted="0" inconclusive="0" passedButRunAborted="0" notRunnable="0" notExecuted="0" disconnected="0" warning="0" completed="0" inProgress="0" pending="0" />
    <Output>
      <StdOut>[xUnit.net 00:00:00.00] xUnit.net VSTest Adapter v2.4.5+1caef2f33e (64-bit .NET 7.0.2)&#xD;
[xUnit.net 00:00:01.23]   Discovering: Tester.AzureUtils (method display = ClassAndMethod, method display options = None)&#xD;
[xUnit.net 00:00:01.45]   Discovered:  Tester.AzureUtils (found 246 test cases)&#xD;
[xUnit.net 00:00:01.46]   Starting:    Tester.AzureUtils (parallel test collections = off, max threads = 4)&#xD;
[xUnit.net 00:00:03.80]   Finished:    Tester.AzureUtils&#xD;
</StdOut>
    </Output>
    <RunInfos>
      <RunInfo computerName="cloudtest-win10" outcome="Warning" timestamp="2023-01-23T15:02:49.9788240+00:00">
        <Text>Data collector 'Blame' message: All tests finished running, Sequence file will not be generated.</Text>
      </RunInfo>
    </RunInfos>
  </ResultSummary>
</TestRun>