<?xml version="1.0" encoding="utf-8"?>
<TestRun id="77722b0f-f51f-4ab1-9e4d-aaf19b589e6d" name="anna@cloudtest-win10 2023-01-24 23:56:48" runUser="cloudtest-win10\anna" xmlns="http://microsoft.com/schemas/VisualStudio/TeamTest/2010">
  <Times creation="2023-01-24T23:56:48.6935344+00:00" queuing="2023-01-24T23:56:48.6935351+00:00" start="2023-01-24T23:56:14.6252757+00:00" finish="2023-01-24T23:56:48.7300478+00:00" />
  <TestSettings name="default" id="08aeaced-05dd-4092-b486-13bfe96a3532">
    <Deployment runDeploymentRoot="anna_cloudtest-win10_2023-01-24_23_56_48" />
  </TestSettings>
  <Results>
    <UnitTestResult executionId="eba37229-a93d-4390-82fb-22ff7a3c8a6c" testId="080ea717-12d1-b5de-d5de-38f4ea3442f3" testName="Tester.AzureUtils.Streaming.AQStreamingTests.AQ_01_OneProducerGrainOneConsumerGrain" computerName="cloudtest-win10" duration="00:00:10.5384765" startTime="2023-01-24T23:56:48.3751734+00:00" endTime="2023-01-24T23:56:48.3752720+00:00" testType="13cdc9d9-ddb5-4fa4-a97d-d965ccfc6d4b" outcome="Passed" testListId="8c84fa94-04c1-424b-9868-57a2d4851a1d" relativeResultsDirectory="eba37229-a93d-4390-82fb-22ff7a3c8a6c" />
  </Results>
  <TestDefinitions>
    <UnitTest name="Tester.AzureUtils.Streaming.AQStreamingTests.AQ_01_OneProducerGrainOneConsumerGrain" storage="c:\users\anna\orleans\test\extensions\testerazureutils\bin\debug\net7.0\tester.azureutils.dll" id="080ea717-12d1-b5de-d5de-38f4ea3442f3">
      <Execution id="eba37229-a93d-4390-82fb-22ff7a3c8a6c" />
      <TestMethod codeBase="C:\Users\anna\orleans\test\Extensions\TesterAzureUtils\bin\Debug\net7.0\Tester.AzureUtils.dll" adapterTypeName="executor://xunit/VsTestRunner2/netcoreapp" className="Tester.AzureUtils.Streaming.AQStreamingTests" name="AQ_01_OneProducerGrainOneConsumerGrain" />
    </UnitTest>
  </TestDefinitions>
  <TestEntries>
    <TestEntry testId="080ea717-12d1-b5de-d5de-38f4ea3442f3" executionId="eba37229-a93d-4390-82fb-22ff7a3c8a6c" testListId="8c84fa94-04c1-424b-9868-57a2d4851a1d" />
  </TestEntries>
  <TestLists>
    <TestList name="Results Not in a List" id="8c84fa94-04c1-424b-9868-57a2d4851a1d" />
    <TestList name="All Loaded Results" id="19431567-8539-422a-85d7-44ee4e166bda" />
  </TestLists>
  <ResultSummary outcome="Completed">
    <Counters total="1" executed="1" passed="1" failed="0" error="0" timeout="0" aborted="0" inconclusive="0" passedButRunAborted="0" notRunnable="0" notExecuted="0" disconnected="0" warning="0" completed="0" inProgress="0" pending="0" />
    <Output>
      <StdOut>[xUnit.net 00:00:00.00] xUnit.net VSTest Adapter v2.4.5+1caef2f33e (64-bit .NET 7.0.2)&#xD;
[xUnit.net 00:00:01.25]   Discovering: Tester.AzureUtils (method display = ClassAndMethod, method display options = None)&#xD;
[xUnit.net 00:00:01.46]   Discovered:  Tester.AzureUtils (found 246 test cases)&#xD;
[xUnit.net 00:00:01.47]   Starting:    Tester.AzureUtils (parallel test collections = off, max threads = 4)&#xD;
[xUnit.net 00:00:30.80]   Finished:    Tester.AzureUtils&#xD;
</StdOut>
    </Output>
    <RunInfos>
      <RunInfo computerName="cloudtest-win10" outcome="Warning" timestamp="2023-01-24T23:56:48.5505477+00:00">
        <Text>Data collector 'Blame' message: All tests finished running, Sequence file will not be generated.</Text>
      </RunInfo>
    </RunInfos>
  </ResultSummary>
</TestRun>