<?xml version="1.0" encoding="utf-8"?>
<TestRun id="e6c41e7d-1c80-40b3-be4b-e638b8d2d9e7" name="anna@cloudtest-win10 2023-01-25 00:28:50" runUser="cloudtest-win10\anna" xmlns="http://microsoft.com/schemas/VisualStudio/TeamTest/2010">
  <Times creation="2023-01-25T00:28:50.3315034+00:00" queuing="2023-01-25T00:28:50.3315039+00:00" start="2023-01-25T00:28:25.4929959+00:00" finish="2023-01-25T00:28:50.3703914+00:00" />
  <TestSettings name="default" id="4a47d0e2-ce3b-4482-900a-0ecba4861ae7">
    <Deployment runDeploymentRoot="anna_cloudtest-win10_2023-01-25_00_28_50" />
  </TestSettings>
  <Results>
    <UnitTestResult executionId="0a0f3605-bd6d-4488-869e-de9ad11e2f5e" testId="2c0f8c5a-326b-2fb0-b974-2d65bc2fc41b" testName="Tester.AzureUtils.Streaming.AQStreamingTests.AQ_08_ManyDifferent_ManyProducerClientsManyConsumerClients" computerName="cloudtest-win10" duration="00:00:01.4129027" startTime="2023-01-25T00:28:50.0158705+00:00" endTime="2023-01-25T00:28:50.0159887+00:00" testType="13cdc9d9-ddb5-4fa4-a97d-d965ccfc6d4b" outcome="Failed" testListId="8c84fa94-04c1-424b-9868-57a2d4851a1d" relativeResultsDirectory="0a0f3605-bd6d-4488-869e-de9ad11e2f5e">
      <Output>
        <ErrorInfo>
          <Message>Orleans.Storage.TableStorageUpdateConditionNotSatisfiedException : Table storage condition not Satisfied.  GrainType: PubSubRendezvousGrain, GrainId: pubsubrendezvous/AzureQueueProvider/null/ab79d5b4e43e412f95a1ec7d0aac1fcf, TableName: OrleansGrainState, StoredETag: Unknown, CurrentETag: &#xD;
---- Azure.RequestFailedException : The specified entity already exists.
RequestId:d2c5a9cd-c002-0083-4853-305565000000
Time:2023-01-25T00:28:35.0584509Z&#xD;
Status: 409 (Conflict)&#xD;
ErrorCode: EntityAlreadyExists&#xD;
&#xD;
Content:&#xD;
{"odata.error":{"code":"EntityAlreadyExists","message":{"lang":"en-US","value":"The specified entity already exists.\nRequestId:d2c5a9cd-c002-0083-4853-305565000000\nTime:2023-01-25T00:28:35.0584509Z"}}}&#xD;
&#xD;
Headers:&#xD;
Cache-Control: no-cache&#xD;
Server: Windows-Azure-Table/1.0,Microsoft-HTTPAPI/2.0&#xD;
x-ms-request-id: d2c5a9cd-c002-0083-4853-305565000000&#xD;
x-ms-client-request-id: 9570929b-3069-4fcf-be8a-cfc5efac6342&#xD;
x-ms-version: REDACTED&#xD;
X-Content-Type-Options: REDACTED&#xD;
Preference-Applied: REDACTED&#xD;
Date: Wed, 25 Jan 2023 00:28:34 GMT&#xD;
Connection: keep-alive&#xD;
Content-Type: application/json; odata=minimalmetadata; streaming=true; charset=utf-8&#xD;
Content-Length: 203&#xD;
</Message>
          <StackTrace>   at Orleans.Storage.AzureTableGrainStorage.DoOptimisticUpdate(Func`1 updateOperation, String grainType, GrainId grainId, String tableName, String currentETag) in C:\Users\anna\orleans\src\Azure\Orleans.Persistence.AzureStorage\Providers\Storage\AzureTableStorage.cs:line 192&#xD;
   at Orleans.Storage.AzureTableGrainStorage.WriteStateAsync[T](String grainType, GrainId grainId, IGrainState`1 grainState) in C:\Users\anna\orleans\src\Azure\Orleans.Persistence.AzureStorage\Providers\Storage\AzureTableStorage.cs:line 113&#xD;
   at Orleans.Core.StateStorageBridge`1.WriteStateAsync() in C:\Users\anna\orleans\src\Orleans.Runtime\Storage\StateStorageBridge.cs:line 93&#xD;
   at Orleans.Streams.PubSubRendezvousGrain.RegisterConsumer(GuidId subscriptionId, QualifiedStreamId streamId, GrainId streamConsumer, String filterData) in C:\Users\anna\orleans\src\Orleans.Streaming\PubSub\PubSubRendezvousGrain.cs:line 181&#xD;
   at Orleans.Runtime.TaskRequest.Invoke() in C:\Users\anna\orleans\src\Orleans.Core.Abstractions\Runtime\GrainReference.cs:line 690&#xD;
--- End of stack trace from previous location ---&#xD;
   at Orleans.Serialization.Invocation.ResponseCompletionSource.System.Threading.Tasks.Sources.IValueTaskSource.GetResult(Int16 token) in C:\Users\anna\orleans\src\Orleans.Serialization\Invocation\ResponseCompletionSource.cs:line 98&#xD;
   at System.Threading.Tasks.ValueTask.ValueTaskSourceAsTask.&lt;&gt;c.&lt;.cctor&gt;b__4_0(Object state)&#xD;
--- End of stack trace from previous location ---&#xD;
   at Orleans.Streams.StreamConsumer`1.SubscribeAsyncImpl(IAsyncObserver`1 observer, IAsyncBatchObserver`1 batchObserver, StreamSequenceToken token, String filterData) in C:\Users\anna\orleans\src\Orleans.Streaming\Internal\StreamConsumer.cs:line 113&#xD;
   at UnitTests.Grains.ConsumerObserver.BecomeConsumer(Guid streamId, IStreamProvider streamProvider, String streamNamespace) in C:\Users\anna\orleans\test\Grains\TestInternalGrains\StreamingGrain.cs:line 124&#xD;
   at UnitTests.StreamingTests.ConsumerProxy.BecomeConsumer(Guid streamId, String providerToUse) in C:\Users\anna\orleans\test\TesterInternal\StreamingTests\StreamTestHelperClasses.cs:line 296&#xD;
   at UnitTests.StreamingTests.ConsumerProxy.NewConsumerProxy(Guid streamId, String streamProvider, IStreaming_ConsumerGrain[] targets, ILogger logger, IInternalGrainFactory grainFactory) in C:\Users\anna\orleans\test\TesterInternal\StreamingTests\StreamTestHelperClasses.cs:line 193&#xD;
   at UnitTests.StreamingTests.SingleStreamTestRunner.StreamTest_08_ManyDifferent_ManyProducerClientsManyConsumerClients() in C:\Users\anna\orleans\test\TesterInternal\StreamingTests\SingleStreamTestRunner.cs:line 150&#xD;
   at Tester.AzureUtils.Streaming.AQStreamingTests.AQ_08_ManyDifferent_ManyProducerClientsManyConsumerClients() in C:\Users\anna\orleans\test\Extensions\TesterAzureUtils\Streaming\AQStreamingTests.cs:line 139&#xD;
--- End of stack trace from previous location ---&#xD;
----- Inner Stack Trace -----&#xD;
   at Azure.Data.Tables.TableRestClient.InsertEntityAsync(String table, Nullable`1 timeout, Nullable`1 responsePreference, IDictionary`2 tableEntityProperties, QueryOptions queryOptions, CancellationToken cancellationToken)&#xD;
   at Azure.Data.Tables.TableClient.AddEntityAsync[T](T entity, CancellationToken cancellationToken)&#xD;
   at Orleans.Persistence.AzureStorage.AzureTableDataManager`1.CreateTableEntryAsync(T data) in C:\Users\anna\orleans\src\Azure\Shared\Storage\AzureTableDataManager.cs:line 171&#xD;
   at Orleans.Storage.AzureTableGrainStorage.GrainStateTableDataManager.Write(TableEntity entity) in C:\Users\anna\orleans\src\Azure\Orleans.Persistence.AzureStorage\Providers\Storage\AzureTableStorage.cs:line 457&#xD;
   at Orleans.Storage.AzureTableGrainStorage.DoOptimisticUpdate(Func`1 updateOperation, String grainType, GrainId grainId, String tableName, String currentETag) in C:\Users\anna\orleans\src\Azure\Orleans.Persistence.AzureStorage\Providers\Storage\AzureTableStorage.cs:line 188&#xD;
--- End of stack trace from previous location ---&#xD;
</StackTrace>
        </ErrorInfo>
      </Output>
    </UnitTestResult>
  </Results>
  <TestDefinitions>
    <UnitTest name="Tester.AzureUtils.Streaming.AQStreamingTests.AQ_08_ManyDifferent_ManyProducerClientsManyConsumerClients" storage="c:\users\anna\orleans\test\extensions\testerazureutils\bin\debug\net7.0\tester.azureutils.dll" id="2c0f8c5a-326b-2fb0-b974-2d65bc2fc41b">
      <Execution id="0a0f3605-bd6d-4488-869e-de9ad11e2f5e" />
      <TestMethod codeBase="C:\Users\anna\orleans\test\Extensions\TesterAzureUtils\bin\Debug\net7.0\Tester.AzureUtils.dll" adapterTypeName="executor://xunit/VsTestRunner2/netcoreapp" className="Tester.AzureUtils.Streaming.AQStreamingTests" name="AQ_08_ManyDifferent_ManyProducerClientsManyConsumerClients" />
    </UnitTest>
  </TestDefinitions>
  <TestEntries>
    <TestEntry testId="2c0f8c5a-326b-2fb0-b974-2d65bc2fc41b" executionId="0a0f3605-bd6d-4488-869e-de9ad11e2f5e" testListId="8c84fa94-04c1-424b-9868-57a2d4851a1d" />
  </TestEntries>
  <TestLists>
    <TestList name="Results Not in a List" id="8c84fa94-04c1-424b-9868-57a2d4851a1d" />
    <TestList name="All Loaded Results" id="19431567-8539-422a-85d7-44ee4e166bda" />
  </TestLists>
  <ResultSummary outcome="Failed">
    <Counters total="1" executed="1" passed="0" failed="1" error="0" timeout="0" aborted="0" inconclusive="0" passedButRunAborted="0" notRunnable="0" notExecuted="0" disconnected="0" warning="0" completed="0" inProgress="0" pending="0" />
    <Output>
      <StdOut>[xUnit.net 00:00:00.00] xUnit.net VSTest Adapter v2.4.5+1caef2f33e (64-bit .NET 7.0.2)&#xD;
[xUnit.net 00:00:01.25]   Discovering: Tester.AzureUtils (method display = ClassAndMethod, method display options = None)&#xD;
[xUnit.net 00:00:01.46]   Discovered:  Tester.AzureUtils (found 246 test cases)&#xD;
[xUnit.net 00:00:01.47]   Starting:    Tester.AzureUtils (parallel test collections = off, max threads = 4)&#xD;
[xUnit.net 00:00:21.60]       Orleans.Storage.TableStorageUpdateConditionNotSatisfiedException : Table storage condition not Satisfied.  GrainType: PubSubRendezvousGrain, GrainId: pubsubrendezvous/AzureQueueProvider/null/ab79d5b4e43e412f95a1ec7d0aac1fcf, TableName: OrleansGrainState, StoredETag: Unknown, CurrentETag: &#xD;
[xUnit.net 00:00:21.60]       ---- Azure.RequestFailedException : The specified entity already exists.
RequestId:d2c5a9cd-c002-0083-4853-305565000000
Time:2023-01-25T00:28:35.0584509Z&#xD;
[xUnit.net 00:00:21.60]       Status: 409 (Conflict)&#xD;
[xUnit.net 00:00:21.60]       ErrorCode: EntityAlreadyExists&#xD;
[xUnit.net 00:00:21.60]       &#xD;
[xUnit.net 00:00:21.60]       Content:&#xD;
[xUnit.net 00:00:21.60]       {"odata.error":{"code":"EntityAlreadyExists","message":{"lang":"en-US","value":"The specified entity already exists.\nRequestId:d2c5a9cd-c002-0083-4853-305565000000\nTime:2023-01-25T00:28:35.0584509Z"}}}&#xD;
[xUnit.net 00:00:21.60]       &#xD;
[xUnit.net 00:00:21.60]       Headers:&#xD;
[xUnit.net 00:00:21.60]       Cache-Control: no-cache&#xD;
[xUnit.net 00:00:21.60]       Server: Windows-Azure-Table/1.0,Microsoft-HTTPAPI/2.0&#xD;
[xUnit.net 00:00:21.60]       x-ms-request-id: d2c5a9cd-c002-0083-4853-305565000000&#xD;
[xUnit.net 00:00:21.60]       x-ms-client-request-id: 9570929b-3069-4fcf-be8a-cfc5efac6342&#xD;
[xUnit.net 00:00:21.60]       x-ms-version: REDACTED&#xD;
[xUnit.net 00:00:21.60]       X-Content-Type-Options: REDACTED&#xD;
[xUnit.net 00:00:21.60]       Preference-Applied: REDACTED&#xD;
[xUnit.net 00:00:21.60]       Date: Wed, 25 Jan 2023 00:28:34 GMT&#xD;
[xUnit.net 00:00:21.60]       Connection: keep-alive&#xD;
[xUnit.net 00:00:21.60]       Content-Type: application/json; odata=minimalmetadata; streaming=true; charset=utf-8&#xD;
[xUnit.net 00:00:21.60]       Content-Length: 203&#xD;
[xUnit.net 00:00:21.60]       &#xD;
[xUnit.net 00:00:21.60]       Stack Trace:&#xD;
[xUnit.net 00:00:21.60]         C:\Users\anna\orleans\src\Azure\Orleans.Persistence.AzureStorage\Providers\Storage\AzureTableStorage.cs(192,0): at Orleans.Storage.AzureTableGrainStorage.DoOptimisticUpdate(Func`1 updateOperation, String grainType, GrainId grainId, String tableName, String currentETag)&#xD;
[xUnit.net 00:00:21.60]         C:\Users\anna\orleans\src\Azure\Orleans.Persistence.AzureStorage\Providers\Storage\AzureTableStorage.cs(113,0): at Orleans.Storage.AzureTableGrainStorage.WriteStateAsync[T](String grainType, GrainId grainId, IGrainState`1 grainState)&#xD;
[xUnit.net 00:00:21.60]         C:\Users\anna\orleans\src\Orleans.Runtime\Storage\StateStorageBridge.cs(93,0): at Orleans.Core.StateStorageBridge`1.WriteStateAsync()&#xD;
[xUnit.net 00:00:21.60]         C:\Users\anna\orleans\src\Orleans.Streaming\PubSub\PubSubRendezvousGrain.cs(181,0): at Orleans.Streams.PubSubRendezvousGrain.RegisterConsumer(GuidId subscriptionId, QualifiedStreamId streamId, GrainId streamConsumer, String filterData)&#xD;
[xUnit.net 00:00:21.60]         C:\Users\anna\orleans\src\Orleans.Core.Abstractions\Runtime\GrainReference.cs(690,0): at Orleans.Runtime.TaskRequest.Invoke()&#xD;
[xUnit.net 00:00:21.60]         --- End of stack trace from previous location ---&#xD;
[xUnit.net 00:00:21.60]         C:\Users\anna\orleans\src\Orleans.Serialization\Invocation\ResponseCompletionSource.cs(98,0): at Orleans.Serialization.Invocation.ResponseCompletionSource.System.Threading.Tasks.Sources.IValueTaskSource.GetResult(Int16 token)&#xD;
[xUnit.net 00:00:21.60]            at System.Threading.Tasks.ValueTask.ValueTaskSourceAsTask.&lt;&gt;c.&lt;.cctor&gt;b__4_0(Object state)&#xD;
[xUnit.net 00:00:21.60]         --- End of stack trace from previous location ---&#xD;
[xUnit.net 00:00:21.60]         C:\Users\anna\orleans\src\Orleans.Streaming\Internal\StreamConsumer.cs(113,0): at Orleans.Streams.StreamConsumer`1.SubscribeAsyncImpl(IAsyncObserver`1 observer, IAsyncBatchObserver`1 batchObserver, StreamSequenceToken token, String filterData)&#xD;
[xUnit.net 00:00:21.60]         C:\Users\anna\orleans\test\Grains\TestInternalGrains\StreamingGrain.cs(124,0): at UnitTests.Grains.ConsumerObserver.BecomeConsumer(Guid streamId, IStreamProvider streamProvider, String streamNamespace)&#xD;
[xUnit.net 00:00:21.60]         C:\Users\anna\orleans\test\TesterInternal\StreamingTests\StreamTestHelperClasses.cs(296,0): at UnitTests.StreamingTests.ConsumerProxy.BecomeConsumer(Guid streamId, String providerToUse)&#xD;
[xUnit.net 00:00:21.60]         C:\Users\anna\orleans\test\TesterInternal\StreamingTests\StreamTestHelperClasses.cs(193,0): at UnitTests.StreamingTests.ConsumerProxy.NewConsumerProxy(Guid streamId, String streamProvider, IStreaming_ConsumerGrain[] targets, ILogger logger, IInternalGrainFactory grainFactory)&#xD;
[xUnit.net 00:00:21.60]         C:\Users\anna\orleans\test\TesterInternal\StreamingTests\SingleStreamTestRunner.cs(150,0): at UnitTests.StreamingTests.SingleStreamTestRunner.StreamTest_08_ManyDifferent_ManyProducerClientsManyConsumerClients()&#xD;
[xUnit.net 00:00:21.60]         C:\Users\anna\orleans\test\Extensions\TesterAzureUtils\Streaming\AQStreamingTests.cs(139,0): at Tester.AzureUtils.Streaming.AQStreamingTests.AQ_08_ManyDifferent_ManyProducerClientsManyConsumerClients()&#xD;
[xUnit.net 00:00:21.60]         --- End of stack trace from previous location ---&#xD;
[xUnit.net 00:00:21.60]         ----- Inner Stack Trace -----&#xD;
[xUnit.net 00:00:21.60]            at Azure.Data.Tables.TableRestClient.InsertEntityAsync(String table, Nullable`1 timeout, Nullable`1 responsePreference, IDictionary`2 tableEntityProperties, QueryOptions queryOptions, CancellationToken cancellationToken)&#xD;
[xUnit.net 00:00:21.60]            at Azure.Data.Tables.TableClient.AddEntityAsync[T](T entity, CancellationToken cancellationToken)&#xD;
[xUnit.net 00:00:21.60]         C:\Users\anna\orleans\src\Azure\Shared\Storage\AzureTableDataManager.cs(171,0): at Orleans.Persistence.AzureStorage.AzureTableDataManager`1.CreateTableEntryAsync(T data)&#xD;
[xUnit.net 00:00:21.60]         C:\Users\anna\orleans\src\Azure\Orleans.Persistence.AzureStorage\Providers\Storage\AzureTableStorage.cs(457,0): at Orleans.Storage.AzureTableGrainStorage.GrainStateTableDataManager.Write(TableEntity entity)&#xD;
[xUnit.net 00:00:21.60]         C:\Users\anna\orleans\src\Azure\Orleans.Persistence.AzureStorage\Providers\Storage\AzureTableStorage.cs(188,0): at Orleans.Storage.AzureTableGrainStorage.DoOptimisticUpdate(Func`1 updateOperation, String grainType, GrainId grainId, String tableName, String currentETag)&#xD;
[xUnit.net 00:00:21.60]         --- End of stack trace from previous location ---&#xD;
[xUnit.net 00:00:21.60]         &#xD;
[xUnit.net 00:00:21.64]   Finished:    Tester.AzureUtils&#xD;
</StdOut>
    </Output>
    <RunInfos>
      <RunInfo computerName="cloudtest-win10" outcome="Min" timestamp="2023-01-25T00:28:50.0088059+00:00">
        <Text>[xUnit.net 00:00:21.60]     Tester.AzureUtils.Streaming.AQStreamingTests.AQ_08_ManyDifferent_ManyProducerClientsManyConsumerClients [FAIL]</Text>
      </RunInfo>
      <RunInfo computerName="cloudtest-win10" outcome="Warning" timestamp="2023-01-25T00:28:50.1869596+00:00">
        <Text>Data collector 'Blame' message: All tests finished running, Sequence file will not be generated.</Text>
      </RunInfo>
    </RunInfos>
  </ResultSummary>
</TestRun>