<?xml version="1.0" encoding="utf-8"?>
<TestRun id="0e747b60-c301-4ad0-9b2c-6c0ded8a58e7" name="anna@cloudtest-win10 2023-01-25 00:27:18" runUser="cloudtest-win10\anna" xmlns="http://microsoft.com/schemas/VisualStudio/TeamTest/2010">
  <Times creation="2023-01-25T00:27:18.6366121+00:00" queuing="2023-01-25T00:27:18.6366125+00:00" start="2023-01-25T00:26:23.0373157+00:00" finish="2023-01-25T00:27:18.6757807+00:00" />
  <TestSettings name="default" id="69837bf0-ad31-4212-87b6-b2073198bc8b">
    <Deployment runDeploymentRoot="anna_cloudtest-win10_2023-01-25_00_27_18" />
  </TestSettings>
  <Results>
    <UnitTestResult executionId="bf1795f4-11ee-422b-9c62-8335384f668c" testId="2c0f8c5a-326b-2fb0-b974-2d65bc2fc41b" testName="Tester.AzureUtils.Streaming.AQStreamingTests.AQ_08_ManyDifferent_ManyProducerClientsManyConsumerClients" computerName="cloudtest-win10" duration="00:00:31.9754150" startTime="2023-01-25T00:27:18.3158262+00:00" endTime="2023-01-25T00:27:18.3158712+00:00" testType="13cdc9d9-ddb5-4fa4-a97d-d965ccfc6d4b" outcome="Failed" testListId="8c84fa94-04c1-424b-9868-57a2d4851a1d" relativeResultsDirectory="bf1795f4-11ee-422b-9c62-8335384f668c">
      <Output>
        <ErrorInfo>
          <Message>Assert.Equal() Failure&#xD;
Expected: 90&#xD;
Actual:   93</Message>
          <StackTrace>   at UnitTests.StreamingTests.SingleStreamTestRunner.CheckCounters(ProducerProxy producer, ConsumerProxy consumer, Boolean assertAreEqual) in C:\Users\anna\orleans\test\TesterInternal\StreamingTests\SingleStreamTestRunner.cs:line 479&#xD;
   at UnitTests.StreamingTests.SingleStreamTestRunner.BasicTestAsync(Boolean fullTest) in C:\Users\anna\orleans\test\TesterInternal\StreamingTests\SingleStreamTestRunner.cs:line 442&#xD;
   at UnitTests.StreamingTests.SingleStreamTestRunner.StreamTest_08_ManyDifferent_ManyProducerClientsManyConsumerClients() in C:\Users\anna\orleans\test\TesterInternal\StreamingTests\SingleStreamTestRunner.cs:line 152&#xD;
   at Tester.AzureUtils.Streaming.AQStreamingTests.AQ_08_ManyDifferent_ManyProducerClientsManyConsumerClients() in C:\Users\anna\orleans\test\Extensions\TesterAzureUtils\Streaming\AQStreamingTests.cs:line 139&#xD;
--- End of stack trace from previous location ---</StackTrace>
        </ErrorInfo>
      </Output>
    </UnitTestResult>
  </Results>
  <TestDefinitions>
    <UnitTest name="Tester.AzureUtils.Streaming.AQStreamingTests.AQ_08_ManyDifferent_ManyProducerClientsManyConsumerClients" storage="c:\users\anna\orleans\test\extensions\testerazureutils\bin\debug\net7.0\tester.azureutils.dll" id="2c0f8c5a-326b-2fb0-b974-2d65bc2fc41b">
      <Execution id="bf1795f4-11ee-422b-9c62-8335384f668c" />
      <TestMethod codeBase="C:\Users\anna\orleans\test\Extensions\TesterAzureUtils\bin\Debug\net7.0\Tester.AzureUtils.dll" adapterTypeName="executor://xunit/VsTestRunner2/netcoreapp" className="Tester.AzureUtils.Streaming.AQStreamingTests" name="AQ_08_ManyDifferent_ManyProducerClientsManyConsumerClients" />
    </UnitTest>
  </TestDefinitions>
  <TestEntries>
    <TestEntry testId="2c0f8c5a-326b-2fb0-b974-2d65bc2fc41b" executionId="bf1795f4-11ee-422b-9c62-8335384f668c" testListId="8c84fa94-04c1-424b-9868-57a2d4851a1d" />
  </TestEntries>
  <TestLists>
    <TestList name="Results Not in a List" id="8c84fa94-04c1-424b-9868-57a2d4851a1d" />
    <TestList name="All Loaded Results" id="19431567-8539-422a-85d7-44ee4e166bda" />
  </TestLists>
  <ResultSummary outcome="Failed">
    <Counters total="1" executed="1" passed="0" failed="1" error="0" timeout="0" aborted="0" inconclusive="0" passedButRunAborted="0" notRunnable="0" notExecuted="0" disconnected="0" warning="0" completed="0" inProgress="0" pending="0" />
    <Output>
      <StdOut>[xUnit.net 00:00:00.00] xUnit.net VSTest Adapter v2.4.5+1caef2f33e (64-bit .NET 7.0.2)&#xD;
[xUnit.net 00:00:01.26]   Discovering: Tester.AzureUtils (method display = ClassAndMethod, method display options = None)&#xD;
[xUnit.net 00:00:01.47]   Discovered:  Tester.AzureUtils (found 246 test cases)&#xD;
[xUnit.net 00:00:01.49]   Starting:    Tester.AzureUtils (parallel test collections = off, max threads = 4)&#xD;
[xUnit.net 00:00:52.31]       Assert.Equal() Failure&#xD;
[xUnit.net 00:00:52.31]       Expected: 90&#xD;
[xUnit.net 00:00:52.31]       Actual:   93&#xD;
[xUnit.net 00:00:52.31]       Stack Trace:&#xD;
[xUnit.net 00:00:52.32]         C:\Users\anna\orleans\test\TesterInternal\StreamingTests\SingleStreamTestRunner.cs(479,0): at UnitTests.StreamingTests.SingleStreamTestRunner.CheckCounters(ProducerProxy producer, ConsumerProxy consumer, Boolean assertAreEqual)&#xD;
[xUnit.net 00:00:52.32]         C:\Users\anna\orleans\test\TesterInternal\StreamingTests\SingleStreamTestRunner.cs(442,0): at UnitTests.StreamingTests.SingleStreamTestRunner.BasicTestAsync(Boolean fullTest)&#xD;
[xUnit.net 00:00:52.32]         C:\Users\anna\orleans\test\TesterInternal\StreamingTests\SingleStreamTestRunner.cs(152,0): at UnitTests.StreamingTests.SingleStreamTestRunner.StreamTest_08_ManyDifferent_ManyProducerClientsManyConsumerClients()&#xD;
[xUnit.net 00:00:52.32]         C:\Users\anna\orleans\test\Extensions\TesterAzureUtils\Streaming\AQStreamingTests.cs(139,0): at Tester.AzureUtils.Streaming.AQStreamingTests.AQ_08_ManyDifferent_ManyProducerClientsManyConsumerClients()&#xD;
[xUnit.net 00:00:52.32]         --- End of stack trace from previous location ---&#xD;
[xUnit.net 00:00:52.35]   Finished:    Tester.AzureUtils&#xD;
</StdOut>
    </Output>
    <RunInfos>
      <RunInfo computerName="cloudtest-win10" outcome="Min" timestamp="2023-01-25T00:27:18.3109117+00:00">
        <Text>[xUnit.net 00:00:52.31]     Tester.AzureUtils.Streaming.AQStreamingTests.AQ_08_ManyDifferent_ManyProducerClientsManyConsumerClients [FAIL]</Text>
      </RunInfo>
      <RunInfo computerName="cloudtest-win10" outcome="Warning" timestamp="2023-01-25T00:27:18.4905613+00:00">
        <Text>Data collector 'Blame' message: All tests finished running, Sequence file will not be generated.</Text>
      </RunInfo>
    </RunInfos>
  </ResultSummary>
</TestRun>