<?xml version="1.0" encoding="utf-8"?>
<TestRun id="c8d6b47e-b5e4-4d30-852f-87a8ddc0cb68" name="anna@cloudtest-win10 2023-01-22 23:57:54" runUser="cloudtest-win10\anna" xmlns="http://microsoft.com/schemas/VisualStudio/TeamTest/2010">
  <Times creation="2023-01-22T23:57:54.4394152+00:00" queuing="2023-01-22T23:57:54.4394158+00:00" start="2023-01-22T23:57:47.8289739+00:00" finish="2023-01-22T23:57:54.4770696+00:00" />
  <TestSettings name="default" id="b4c4e1a0-4657-4fb7-901e-41694484b901">
    <Deployment runDeploymentRoot="anna_cloudtest-win10_2023-01-22_23_57_54" />
  </TestSettings>
  <Results>
    <UnitTestResult executionId="ce2e78b2-e4de-4bca-9fbe-8e828b5dab4e" testId="2fd1ce0a-18a7-7e56-2688-c3932473fb36" testName="Tester.AzureUtils.AzureTableDataManagerTests.AzureTableDataManager_ReadSingleTableEntryAsync" computerName="cloudtest-win10" duration="00:00:01.7378031" startTime="2023-01-22T23:57:54.1388873+00:00" endTime="2023-01-22T23:57:54.1389377+00:00" testType="13cdc9d9-ddb5-4fa4-a97d-d965ccfc6d4b" outcome="Passed" testListId="8c84fa94-04c1-424b-9868-57a2d4851a1d" relativeResultsDirectory="ce2e78b2-e4de-4bca-9fbe-8e828b5dab4e" />
  </Results>
  <TestDefinitions>
    <UnitTest name="Tester.AzureUtils.AzureTableDataManagerTests.AzureTableDataManager_ReadSingleTableEntryAsync" storage="c:\users\anna\orleans\test\extensions\testerazureutils\bin\debug\net7.0\tester.azureutils.dll" id="2fd1ce0a-18a7-7e56-2688-c3932473fb36">
      <Execution id="ce2e78b2-e4de-4bca-9fbe-8e828b5dab4e" />
      <TestMethod codeBase="C:\Users\anna\orleans\test\Extensions\TesterAzureUtils\bin\Debug\net7.0\Tester.AzureUtils.dll" adapterTypeName="executor://xunit/VsTestRunner2/netcoreapp" className="Tester.AzureUtils.AzureTableDataManagerTests" name="AzureTableDataManager_ReadSingleTableEntryAsync" />
    </UnitTest>
  </TestDefinitions>
  <TestEntries>
    <TestEntry testId="2fd1ce0a-18a7-7e56-2688-c3932473fb36" executionId="ce2e78b2-e4de-4bca-9fbe-8e828b5dab4e" testListId="8c84fa94-04c1-424b-9868-57a2d4851a1d" />
  </TestEntries>
  <TestLists>
    <TestList name="Results Not in a List" id="8c84fa94-04c1-424b-9868-57a2d4851a1d" />
    <TestList name="All Loaded Results" id="19431567-8539-422a-85d7-44ee4e166bda" />
  </TestLists>
  <ResultSummary outcome="Completed">
    <Counters total="1" executed="1" passed="1" failed="0" error="0" timeout="0" aborted="0" inconclusive="0" passedButRunAborted="0" notRunnable="0" notExecuted="0" disconnected="0" warning="0" completed="0" inProgress="0" pending="0" />
    <Output>
      <StdOut>[xUnit.net 00:00:00.00] xUnit.net VSTest Adapter v2.4.5+1caef2f33e (64-bit .NET 7.0.2)&#xD;
[xUnit.net 00:00:01.28]   Discovering: Tester.AzureUtils (method display = ClassAndMethod, method display options = None)&#xD;
[xUnit.net 00:00:01.50]   Discovered:  Tester.AzureUtils (found 246 test cases)&#xD;
[xUnit.net 00:00:01.51]   Starting:    Tester.AzureUtils (parallel test collections = off, max threads = 4)&#xD;
[xUnit.net 00:00:03.35]   Finished:    Tester.AzureUtils&#xD;
</StdOut>
    </Output>
    <RunInfos>
      <RunInfo computerName="cloudtest-win10" outcome="Warning" timestamp="2023-01-22T23:57:54.2943611+00:00">
        <Text>Data collector 'Blame' message: All tests finished running, Sequence file will not be generated.</Text>
      </RunInfo>
    </RunInfos>
  </ResultSummary>
</TestRun>