<?xml version="1.0" encoding="utf-8"?>
<TestRun id="ec67da96-ca89-4145-9b9e-c8ceb8c51e57" name="anna@cloudtest-win10 2023-01-22 18:23:00" runUser="cloudtest-win10\anna" xmlns="http://microsoft.com/schemas/VisualStudio/TeamTest/2010">
  <Times creation="2023-01-22T18:23:00.3191740+00:00" queuing="2023-01-22T18:23:00.3191747+00:00" start="2023-01-22T18:22:50.4008849+00:00" finish="2023-01-22T18:23:00.3571928+00:00" />
  <TestSettings name="default" id="68814580-b3c9-4681-bb08-aeedf06c5337">
    <Deployment runDeploymentRoot="anna_cloudtest-win10_2023-01-22_18_23_00" />
  </TestSettings>
  <Results>
    <UnitTestResult executionId="460a246e-0c99-4771-9d75-14c514af29c5" testId="0f51aa7e-46f9-ea7b-ba91-ff845f618023" testName="Tester.AzureUtils.AzureMembershipTableTests.MembershipTable_Azure_GetGateways" computerName="cloudtest-win10" duration="00:00:04.0596198" startTime="2023-01-22T18:22:59.9961319+00:00" endTime="2023-01-22T18:22:59.9961842+00:00" testType="13cdc9d9-ddb5-4fa4-a97d-d965ccfc6d4b" outcome="Passed" testListId="8c84fa94-04c1-424b-9868-57a2d4851a1d" relativeResultsDirectory="460a246e-0c99-4771-9d75-14c514af29c5" />
  </Results>
  <TestDefinitions>
    <UnitTest name="Tester.AzureUtils.AzureMembershipTableTests.MembershipTable_Azure_GetGateways" storage="c:\users\anna\orleans\test\extensions\testerazureutils\bin\debug\net7.0\tester.azureutils.dll" id="0f51aa7e-46f9-ea7b-ba91-ff845f618023">
      <Execution id="460a246e-0c99-4771-9d75-14c514af29c5" />
      <TestMethod codeBase="C:\Users\anna\orleans\test\Extensions\TesterAzureUtils\bin\Debug\net7.0\Tester.AzureUtils.dll" adapterTypeName="executor://xunit/VsTestRunner2/netcoreapp" className="Tester.AzureUtils.AzureMembershipTableTests" name="MembershipTable_Azure_GetGateways" />
    </UnitTest>
  </TestDefinitions>
  <TestEntries>
    <TestEntry testId="0f51aa7e-46f9-ea7b-ba91-ff845f618023" executionId="460a246e-0c99-4771-9d75-14c514af29c5" testListId="8c84fa94-04c1-424b-9868-57a2d4851a1d" />
  </TestEntries>
  <TestLists>
    <TestList name="Results Not in a List" id="8c84fa94-04c1-424b-9868-57a2d4851a1d" />
    <TestList name="All Loaded Results" id="19431567-8539-422a-85d7-44ee4e166bda" />
  </TestLists>
  <ResultSummary outcome="Completed">
    <Counters total="1" executed="1" passed="1" failed="0" error="0" timeout="0" aborted="0" inconclusive="0" passedButRunAborted="0" notRunnable="0" notExecuted="0" disconnected="0" warning="0" completed="0" inProgress="0" pending="0" />
    <Output>
      <StdOut>[xUnit.net 00:00:00.00] xUnit.net VSTest Adapter v2.4.5+1caef2f33e (64-bit .NET 7.0.2)&#xD;
[xUnit.net 00:00:01.27]   Discovering: Tester.AzureUtils (method display = ClassAndMethod, method display options = None)&#xD;
[xUnit.net 00:00:01.49]   Discovered:  Tester.AzureUtils (found 246 test cases)&#xD;
[xUnit.net 00:00:01.50]   Starting:    Tester.AzureUtils (parallel test collections = off, max threads = 4)&#xD;
[xUnit.net 00:00:06.62]   Finished:    Tester.AzureUtils&#xD;
</StdOut>
    </Output>
    <RunInfos>
      <RunInfo computerName="cloudtest-win10" outcome="Warning" timestamp="2023-01-22T18:23:00.1664568+00:00">
        <Text>Data collector 'Blame' message: All tests finished running, Sequence file will not be generated.</Text>
      </RunInfo>
    </RunInfos>
  </ResultSummary>
</TestRun>