<?xml version="1.0" encoding="utf-8"?>
<TestRun id="00e6bbab-17e2-4099-aef8-44c663a2e1cf" name="anna@cloudtest-win10 2023-01-23 15:53:11" runUser="cloudtest-win10\anna" xmlns="http://microsoft.com/schemas/VisualStudio/TeamTest/2010">
  <Times creation="2023-01-23T15:53:11.1172622+00:00" queuing="2023-01-23T15:53:11.1172627+00:00" start="2023-01-23T15:52:21.0131798+00:00" finish="2023-01-23T15:53:11.1528918+00:00" />
  <TestSettings name="default" id="d3e45093-1236-4445-8363-c48bbe927345">
    <Deployment runDeploymentRoot="anna_cloudtest-win10_2023-01-23_15_53_11" />
  </TestSettings>
  <Results>
    <UnitTestResult executionId="8048b586-6e41-49fc-9a28-6d9dd0199f23" testId="119395b0-38b8-2d82-8b5c-6473d38a6a92" testName="Tester.AzureUtils.LivenessTests_AzureTable.Liveness_Azure_3_Restart_GW" computerName="cloudtest-win10" duration="00:00:19.1187635" startTime="2023-01-23T15:53:10.8006892+00:00" endTime="2023-01-23T15:53:10.8007360+00:00" testType="13cdc9d9-ddb5-4fa4-a97d-d965ccfc6d4b" outcome="Passed" testListId="8c84fa94-04c1-424b-9868-57a2d4851a1d" relativeResultsDirectory="8048b586-6e41-49fc-9a28-6d9dd0199f23" />
  </Results>
  <TestDefinitions>
    <UnitTest name="Tester.AzureUtils.LivenessTests_AzureTable.Liveness_Azure_3_Restart_GW" storage="c:\users\anna\orleans\test\extensions\testerazureutils\bin\debug\net7.0\tester.azureutils.dll" id="119395b0-38b8-2d82-8b5c-6473d38a6a92">
      <Execution id="8048b586-6e41-49fc-9a28-6d9dd0199f23" />
      <TestMethod codeBase="C:\Users\anna\orleans\test\Extensions\TesterAzureUtils\bin\Debug\net7.0\Tester.AzureUtils.dll" adapterTypeName="executor://xunit/VsTestRunner2/netcoreapp" className="Tester.AzureUtils.LivenessTests_AzureTable" name="Liveness_Azure_3_Restart_GW" />
    </UnitTest>
  </TestDefinitions>
  <TestEntries>
    <TestEntry testId="119395b0-38b8-2d82-8b5c-6473d38a6a92" executionId="8048b586-6e41-49fc-9a28-6d9dd0199f23" testListId="8c84fa94-04c1-424b-9868-57a2d4851a1d" />
  </TestEntries>
  <TestLists>
    <TestList name="Results Not in a List" id="8c84fa94-04c1-424b-9868-57a2d4851a1d" />
    <TestList name="All Loaded Results" id="19431567-8539-422a-85d7-44ee4e166bda" />
  </TestLists>
  <ResultSummary outcome="Completed">
    <Counters total="1" executed="1" passed="1" failed="0" error="0" timeout="0" aborted="0" inconclusive="0" passedButRunAborted="0" notRunnable="0" notExecuted="0" disconnected="0" warning="0" completed="0" inProgress="0" pending="0" />
    <Output>
      <StdOut>[xUnit.net 00:00:00.00] xUnit.net VSTest Adapter v2.4.5+1caef2f33e (64-bit .NET 7.0.2)&#xD;
[xUnit.net 00:00:01.24]   Discovering: Tester.AzureUtils (method display = ClassAndMethod, method display options = None)&#xD;
[xUnit.net 00:00:01.45]   Discovered:  Tester.AzureUtils (found 246 test cases)&#xD;
[xUnit.net 00:00:01.47]   Starting:    Tester.AzureUtils (parallel test collections = off, max threads = 4)&#xD;
[xUnit.net 00:00:46.92]   Finished:    Tester.AzureUtils&#xD;
</StdOut>
    </Output>
    <RunInfos>
      <RunInfo computerName="cloudtest-win10" outcome="Warning" timestamp="2023-01-23T15:53:10.9741513+00:00">
        <Text>Data collector 'Blame' message: All tests finished running, Sequence file will not be generated.</Text>
      </RunInfo>
    </RunInfos>
  </ResultSummary>
</TestRun>