<?xml version="1.0" encoding="utf-8"?>
<TestRun id="35834e10-055e-45c5-82fc-70a781cbfd4a" name="anna@cloudtest-win10 2023-01-23 15:55:49" runUser="cloudtest-win10\anna" xmlns="http://microsoft.com/schemas/VisualStudio/TeamTest/2010">
  <Times creation="2023-01-23T15:55:49.0910893+00:00" queuing="2023-01-23T15:55:49.0910900+00:00" start="2023-01-23T15:54:58.2650060+00:00" finish="2023-01-23T15:55:49.1268972+00:00" />
  <TestSettings name="default" id="0689b697-6b88-4942-902d-7609a8333249">
    <Deployment runDeploymentRoot="anna_cloudtest-win10_2023-01-23_15_55_49" />
  </TestSettings>
  <Results>
    <UnitTestResult executionId="ae790da6-0c8f-41ca-acf7-a0bb890135f5" testId="119395b0-38b8-2d82-8b5c-6473d38a6a92" testName="Tester.AzureUtils.LivenessTests_AzureTable.Liveness_Azure_3_Restart_GW" computerName="cloudtest-win10" duration="00:00:19.0210073" startTime="2023-01-23T15:55:48.7485199+00:00" endTime="2023-01-23T15:55:48.7486409+00:00" testType="13cdc9d9-ddb5-4fa4-a97d-d965ccfc6d4b" outcome="Passed" testListId="8c84fa94-04c1-424b-9868-57a2d4851a1d" relativeResultsDirectory="ae790da6-0c8f-41ca-acf7-a0bb890135f5" />
  </Results>
  <TestDefinitions>
    <UnitTest name="Tester.AzureUtils.LivenessTests_AzureTable.Liveness_Azure_3_Restart_GW" storage="c:\users\anna\orleans\test\extensions\testerazureutils\bin\debug\net7.0\tester.azureutils.dll" id="119395b0-38b8-2d82-8b5c-6473d38a6a92">
      <Execution id="ae790da6-0c8f-41ca-acf7-a0bb890135f5" />
      <TestMethod codeBase="C:\Users\anna\orleans\test\Extensions\TesterAzureUtils\bin\Debug\net7.0\Tester.AzureUtils.dll" adapterTypeName="executor://xunit/VsTestRunner2/netcoreapp" className="Tester.AzureUtils.LivenessTests_AzureTable" name="Liveness_Azure_3_Restart_GW" />
    </UnitTest>
  </TestDefinitions>
  <TestEntries>
    <TestEntry testId="119395b0-38b8-2d82-8b5c-6473d38a6a92" executionId="ae790da6-0c8f-41ca-acf7-a0bb890135f5" testListId="8c84fa94-04c1-424b-9868-57a2d4851a1d" />
  </TestEntries>
  <TestLists>
    <TestList name="Results Not in a List" id="8c84fa94-04c1-424b-9868-57a2d4851a1d" />
    <TestList name="All Loaded Results" id="19431567-8539-422a-85d7-44ee4e166bda" />
  </TestLists>
  <ResultSummary outcome="Completed">
    <Counters total="1" executed="1" passed="1" failed="0" error="0" timeout="0" aborted="0" inconclusive="0" passedButRunAborted="0" notRunnable="0" notExecuted="0" disconnected="0" warning="0" completed="0" inProgress="0" pending="0" />
    <Output>
      <StdOut>[xUnit.net 00:00:00.00] xUnit.net VSTest Adapter v2.4.5+1caef2f33e (64-bit .NET 7.0.2)&#xD;
[xUnit.net 00:00:01.24]   Discovering: Tester.AzureUtils (method display = ClassAndMethod, method display options = None)&#xD;
[xUnit.net 00:00:01.45]   Discovered:  Tester.AzureUtils (found 246 test cases)&#xD;
[xUnit.net 00:00:01.46]   Starting:    Tester.AzureUtils (parallel test collections = off, max threads = 4)&#xD;
[xUnit.net 00:00:47.61]   Finished:    Tester.AzureUtils&#xD;
</StdOut>
    </Output>
    <RunInfos>
      <RunInfo computerName="cloudtest-win10" outcome="Warning" timestamp="2023-01-23T15:55:48.9416024+00:00">
        <Text>Data collector 'Blame' message: All tests finished running, Sequence file will not be generated.</Text>
      </RunInfo>
    </RunInfos>
  </ResultSummary>
</TestRun>