<?xml version="1.0" encoding="utf-8"?>
<TestRun id="6aea0a16-ee88-4817-bdb5-926ce2dfb112" name="anna@cloudtest-win10 2023-01-22 18:26:33" runUser="cloudtest-win10\anna" xmlns="http://microsoft.com/schemas/VisualStudio/TeamTest/2010">
  <Times creation="2023-01-22T18:26:33.5756386+00:00" queuing="2023-01-22T18:26:33.5756390+00:00" start="2023-01-22T18:26:25.5932119+00:00" finish="2023-01-22T18:26:33.6163627+00:00" />
  <TestSettings name="default" id="61e0bb8e-2fdf-481c-9966-0093eb8e7487">
    <Deployment runDeploymentRoot="anna_cloudtest-win10_2023-01-22_18_26_33" />
  </TestSettings>
  <Results>
    <UnitTestResult executionId="640a91fd-d098-4028-a928-3803c8055e7a" testId="c38916fd-2ff6-d3fb-5c7c-1ed9cf77097b" testName="Tester.AzureUtils.AzureMembershipTableTests.MembershipTable_Azure_ReadAll_Insert_ReadAll" computerName="cloudtest-win10" duration="00:00:02.1497028" startTime="2023-01-22T18:26:33.2624694+00:00" endTime="2023-01-22T18:26:33.2625160+00:00" testType="13cdc9d9-ddb5-4fa4-a97d-d965ccfc6d4b" outcome="Failed" testListId="8c84fa94-04c1-424b-9868-57a2d4851a1d" relativeResultsDirectory="640a91fd-d098-4028-a928-3803c8055e7a">
      <Output>
        <ErrorInfo>
          <Message>InsertRow failed&#xD;
Expected: True&#xD;
Actual:   False</Message>
          <StackTrace>   at UnitTests.MembershipTests.MembershipTableTestsBase.MembershipTable_ReadAll_Insert_ReadAll(Boolean extendedProtocol) in C:\Users\anna\orleans\test\TesterInternal\MembershipTests\MembershipTableTestsBase.cs:line 236&#xD;
   at Tester.AzureUtils.AzureMembershipTableTests.MembershipTable_Azure_ReadAll_Insert_ReadAll() in C:\Users\anna\orleans\test\Extensions\TesterAzureUtils\AzureMembershipTableTests.cs:line 88&#xD;
--- End of stack trace from previous location ---</StackTrace>
        </ErrorInfo>
      </Output>
    </UnitTestResult>
  </Results>
  <TestDefinitions>
    <UnitTest name="Tester.AzureUtils.AzureMembershipTableTests.MembershipTable_Azure_ReadAll_Insert_ReadAll" storage="c:\users\anna\orleans\test\extensions\testerazureutils\bin\debug\net7.0\tester.azureutils.dll" id="c38916fd-2ff6-d3fb-5c7c-1ed9cf77097b">
      <Execution id="640a91fd-d098-4028-a928-3803c8055e7a" />
      <TestMethod codeBase="C:\Users\anna\orleans\test\Extensions\TesterAzureUtils\bin\Debug\net7.0\Tester.AzureUtils.dll" adapterTypeName="executor://xunit/VsTestRunner2/netcoreapp" className="Tester.AzureUtils.AzureMembershipTableTests" name="MembershipTable_Azure_ReadAll_Insert_ReadAll" />
    </UnitTest>
  </TestDefinitions>
  <TestEntries>
    <TestEntry testId="c38916fd-2ff6-d3fb-5c7c-1ed9cf77097b" executionId="640a91fd-d098-4028-a928-3803c8055e7a" testListId="8c84fa94-04c1-424b-9868-57a2d4851a1d" />
  </TestEntries>
  <TestLists>
    <TestList name="Results Not in a List" id="8c84fa94-04c1-424b-9868-57a2d4851a1d" />
    <TestList name="All Loaded Results" id="19431567-8539-422a-85d7-44ee4e166bda" />
  </TestLists>
  <ResultSummary outcome="Failed">
    <Counters total="1" executed="1" passed="0" failed="1" error="0" timeout="0" aborted="0" inconclusive="0" passedButRunAborted="0" notRunnable="0" notExecuted="0" disconnected="0" warning="0" completed="0" inProgress="0" pending="0" />
    <Output>
      <StdOut>[xUnit.net 00:00:00.00] xUnit.net VSTest Adapter v2.4.5+1caef2f33e (64-bit .NET 7.0.2)&#xD;
[xUnit.net 00:00:01.26]   Discovering: Tester.AzureUtils (method display = ClassAndMethod, method display options = None)&#xD;
[xUnit.net 00:00:01.47]   Discovered:  Tester.AzureUtils (found 246 test cases)&#xD;
[xUnit.net 00:00:01.48]   Starting:    Tester.AzureUtils (parallel test collections = off, max threads = 4)&#xD;
[xUnit.net 00:00:04.69]       InsertRow failed&#xD;
[xUnit.net 00:00:04.69]       Expected: True&#xD;
[xUnit.net 00:00:04.69]       Actual:   False&#xD;
[xUnit.net 00:00:04.69]       Stack Trace:&#xD;
[xUnit.net 00:00:04.69]         C:\Users\anna\orleans\test\TesterInternal\MembershipTests\MembershipTableTestsBase.cs(236,0): at UnitTests.MembershipTests.MembershipTableTestsBase.MembershipTable_ReadAll_Insert_ReadAll(Boolean extendedProtocol)&#xD;
[xUnit.net 00:00:04.69]         C:\Users\anna\orleans\test\Extensions\TesterAzureUtils\AzureMembershipTableTests.cs(88,0): at Tester.AzureUtils.AzureMembershipTableTests.MembershipTable_Azure_ReadAll_Insert_ReadAll()&#xD;
[xUnit.net 00:00:04.69]         --- End of stack trace from previous location ---&#xD;
[xUnit.net 00:00:04.72]   Finished:    Tester.AzureUtils&#xD;
</StdOut>
    </Output>
    <RunInfos>
      <RunInfo computerName="cloudtest-win10" outcome="Min" timestamp="2023-01-22T18:26:33.2578028+00:00">
        <Text>[xUnit.net 00:00:04.68]     Tester.AzureUtils.AzureMembershipTableTests.MembershipTable_Azure_ReadAll_Insert_ReadAll [FAIL]</Text>
      </RunInfo>
      <RunInfo computerName="cloudtest-win10" outcome="Warning" timestamp="2023-01-22T18:26:33.4268788+00:00">
        <Text>Data collector 'Blame' message: All tests finished running, Sequence file will not be generated.</Text>
      </RunInfo>
    </RunInfos>
  </ResultSummary>
</TestRun>