<?xml version="1.0" encoding="utf-8"?>
<TestRun id="5889f996-f42f-4d45-b1c3-50706343edb5" name="anna@cloudtest-win10 2023-01-22 18:26:43" runUser="cloudtest-win10\anna" xmlns="http://microsoft.com/schemas/VisualStudio/TeamTest/2010">
  <Times creation="2023-01-22T18:26:43.8442778+00:00" queuing="2023-01-22T18:26:43.8442784+00:00" start="2023-01-22T18:26:35.7016298+00:00" finish="2023-01-22T18:26:43.8811087+00:00" />
  <TestSettings name="default" id="b8d0f6d1-1daf-46f2-9ea0-c499dd464219">
    <Deployment runDeploymentRoot="anna_cloudtest-win10_2023-01-22_18_26_43" />
  </TestSettings>
  <Results>
    <UnitTestResult executionId="1f9fac9b-863f-44a8-a3b3-53325afb4587" testId="c38916fd-2ff6-d3fb-5c7c-1ed9cf77097b" testName="Tester.AzureUtils.AzureMembershipTableTests.MembershipTable_Azure_ReadAll_Insert_ReadAll" computerName="cloudtest-win10" duration="00:00:02.3556518" startTime="2023-01-22T18:26:43.5357321+00:00" endTime="2023-01-22T18:26:43.5357888+00:00" testType="13cdc9d9-ddb5-4fa4-a97d-d965ccfc6d4b" outcome="Passed" testListId="8c84fa94-04c1-424b-9868-57a2d4851a1d" relativeResultsDirectory="1f9fac9b-863f-44a8-a3b3-53325afb4587" />
  </Results>
  <TestDefinitions>
    <UnitTest name="Tester.AzureUtils.AzureMembershipTableTests.MembershipTable_Azure_ReadAll_Insert_ReadAll" storage="c:\users\anna\orleans\test\extensions\testerazureutils\bin\debug\net7.0\tester.azureutils.dll" id="c38916fd-2ff6-d3fb-5c7c-1ed9cf77097b">
      <Execution id="1f9fac9b-863f-44a8-a3b3-53325afb4587" />
      <TestMethod codeBase="C:\Users\anna\orleans\test\Extensions\TesterAzureUtils\bin\Debug\net7.0\Tester.AzureUtils.dll" adapterTypeName="executor://xunit/VsTestRunner2/netcoreapp" className="Tester.AzureUtils.AzureMembershipTableTests" name="MembershipTable_Azure_ReadAll_Insert_ReadAll" />
    </UnitTest>
  </TestDefinitions>
  <TestEntries>
    <TestEntry testId="c38916fd-2ff6-d3fb-5c7c-1ed9cf77097b" executionId="1f9fac9b-863f-44a8-a3b3-53325afb4587" testListId="8c84fa94-04c1-424b-9868-57a2d4851a1d" />
  </TestEntries>
  <TestLists>
    <TestList name="Results Not in a List" id="8c84fa94-04c1-424b-9868-57a2d4851a1d" />
    <TestList name="All Loaded Results" id="19431567-8539-422a-85d7-44ee4e166bda" />
  </TestLists>
  <ResultSummary outcome="Completed">
    <Counters total="1" executed="1" passed="1" failed="0" error="0" timeout="0" aborted="0" inconclusive="0" passedButRunAborted="0" notRunnable="0" notExecuted="0" disconnected="0" warning="0" completed="0" inProgress="0" pending="0" />
    <Output>
      <StdOut>[xUnit.net 00:00:00.00] xUnit.net VSTest Adapter v2.4.5+1caef2f33e (64-bit .NET 7.0.2)&#xD;
[xUnit.net 00:00:01.26]   Discovering: Tester.AzureUtils (method display = ClassAndMethod, method display options = None)&#xD;
[xUnit.net 00:00:01.47]   Discovered:  Tester.AzureUtils (found 246 test cases)&#xD;
[xUnit.net 00:00:01.49]   Starting:    Tester.AzureUtils (parallel test collections = off, max threads = 4)&#xD;
[xUnit.net 00:00:04.91]   Finished:    Tester.AzureUtils&#xD;
</StdOut>
    </Output>
    <RunInfos>
      <RunInfo computerName="cloudtest-win10" outcome="Warning" timestamp="2023-01-22T18:26:43.6980644+00:00">
        <Text>Data collector 'Blame' message: All tests finished running, Sequence file will not be generated.</Text>
      </RunInfo>
    </RunInfos>
  </ResultSummary>
</TestRun>