<?xml version="1.0" encoding="utf-8"?>
<TestRun id="c1775a96-21fa-423f-a2b5-d2c2d5812079" name="anna@cloudtest-win10 2023-01-22 18:26:23" runUser="cloudtest-win10\anna" xmlns="http://microsoft.com/schemas/VisualStudio/TeamTest/2010">
  <Times creation="2023-01-22T18:26:23.4785858+00:00" queuing="2023-01-22T18:26:23.4785865+00:00" start="2023-01-22T18:26:15.3831633+00:00" finish="2023-01-22T18:26:23.5141834+00:00" />
  <TestSettings name="default" id="52a14f66-ed30-402a-bcd2-aac39afbcb0b">
    <Deployment runDeploymentRoot="anna_cloudtest-win10_2023-01-22_18_26_23" />
  </TestSettings>
  <Results>
    <UnitTestResult executionId="b44ddfbe-ebe5-4b09-9ba7-127085bab749" testId="c38916fd-2ff6-d3fb-5c7c-1ed9cf77097b" testName="Tester.AzureUtils.AzureMembershipTableTests.MembershipTable_Azure_ReadAll_Insert_ReadAll" computerName="cloudtest-win10" duration="00:00:02.2489944" startTime="2023-01-22T18:26:23.1547439+00:00" endTime="2023-01-22T18:26:23.1548119+00:00" testType="13cdc9d9-ddb5-4fa4-a97d-d965ccfc6d4b" outcome="Passed" testListId="8c84fa94-04c1-424b-9868-57a2d4851a1d" relativeResultsDirectory="b44ddfbe-ebe5-4b09-9ba7-127085bab749" />
  </Results>
  <TestDefinitions>
    <UnitTest name="Tester.AzureUtils.AzureMembershipTableTests.MembershipTable_Azure_ReadAll_Insert_ReadAll" storage="c:\users\anna\orleans\test\extensions\testerazureutils\bin\debug\net7.0\tester.azureutils.dll" id="c38916fd-2ff6-d3fb-5c7c-1ed9cf77097b">
      <Execution id="b44ddfbe-ebe5-4b09-9ba7-127085bab749" />
      <TestMethod codeBase="C:\Users\anna\orleans\test\Extensions\TesterAzureUtils\bin\Debug\net7.0\Tester.AzureUtils.dll" adapterTypeName="executor://xunit/VsTestRunner2/netcoreapp" className="Tester.AzureUtils.AzureMembershipTableTests" name="MembershipTable_Azure_ReadAll_Insert_ReadAll" />
    </UnitTest>
  </TestDefinitions>
  <TestEntries>
    <TestEntry testId="c38916fd-2ff6-d3fb-5c7c-1ed9cf77097b" executionId="b44ddfbe-ebe5-4b09-9ba7-127085bab749" testListId="8c84fa94-04c1-424b-9868-57a2d4851a1d" />
  </TestEntries>
  <TestLists>
    <TestList name="Results Not in a List" id="8c84fa94-04c1-424b-9868-57a2d4851a1d" />
    <TestList name="All Loaded Results" id="19431567-8539-422a-85d7-44ee4e166bda" />
  </TestLists>
  <ResultSummary outcome="Completed">
    <Counters total="1" executed="1" passed="1" failed="0" error="0" timeout="0" aborted="0" inconclusive="0" passedButRunAborted="0" notRunnable="0" notExecuted="0" disconnected="0" warning="0" completed="0" inProgress="0" pending="0" />
    <Output>
      <StdOut>[xUnit.net 00:00:00.00] xUnit.net VSTest Adapter v2.4.5+1caef2f33e (64-bit .NET 7.0.2)&#xD;
[xUnit.net 00:00:01.27]   Discovering: Tester.AzureUtils (method display = ClassAndMethod, method display options = None)&#xD;
[xUnit.net 00:00:01.48]   Discovered:  Tester.AzureUtils (found 246 test cases)&#xD;
[xUnit.net 00:00:01.50]   Starting:    Tester.AzureUtils (parallel test collections = off, max threads = 4)&#xD;
[xUnit.net 00:00:04.82]   Finished:    Tester.AzureUtils&#xD;
</StdOut>
    </Output>
    <RunInfos>
      <RunInfo computerName="cloudtest-win10" outcome="Warning" timestamp="2023-01-22T18:26:23.3265324+00:00">
        <Text>Data collector 'Blame' message: All tests finished running, Sequence file will not be generated.</Text>
      </RunInfo>
    </RunInfos>
  </ResultSummary>
</TestRun>