<?xml version="1.0" encoding="utf-8"?>
<TestRun id="b6c5ac99-4363-4ec8-84df-331c4f30e2cf" name="anna@cloudtest-win10 2023-01-24 01:49:31" runUser="cloudtest-win10\anna" xmlns="http://microsoft.com/schemas/VisualStudio/TeamTest/2010">
  <Times creation="2023-01-24T01:49:31.6166951+00:00" queuing="2023-01-24T01:49:31.6166959+00:00" start="2023-01-24T01:49:24.7586156+00:00" finish="2023-01-24T01:49:31.6547954+00:00" />
  <TestSettings name="default" id="bd998289-eb0d-4e04-a00e-86c4fc2c5fba">
    <Deployment runDeploymentRoot="anna_cloudtest-win10_2023-01-24_01_49_31" />
  </TestSettings>
  <Results>
    <UnitTestResult executionId="b2ed3031-2355-4524-8b1f-276a08a7582d" testId="2f40bcbd-67d2-8cb0-7d4f-d11ebb7f112a" testName="Tester.AzureUtils.SiloInstanceTableManagerTests.SiloAddress_ToFrom_RowKey" computerName="cloudtest-win10" duration="00:00:01.8632898" startTime="2023-01-24T01:49:31.2905988+00:00" endTime="2023-01-24T01:49:31.2906524+00:00" testType="13cdc9d9-ddb5-4fa4-a97d-d965ccfc6d4b" outcome="Passed" testListId="8c84fa94-04c1-424b-9868-57a2d4851a1d" relativeResultsDirectory="b2ed3031-2355-4524-8b1f-276a08a7582d">
      <Output>
        <StdOut>ClusterId=test-a1cd7e08-115f-4284-97fe-1826db71e420 Generation=33529769&#xD;
Initializing SiloInstanceManager&#xD;
SiloAddress = S1.2.3.4:5555:6666 Row Key string = 1.2.3.4-5555-6666&#xD;
SiloAddress result = S1.2.3.4:5555:6666 From Row Key string = 1.2.3.4-5555-6666&#xD;
TestCleanup Timeout=00:01:00&#xD;
TestCleanup -  Finished</StdOut>
      </Output>
    </UnitTestResult>
  </Results>
  <TestDefinitions>
    <UnitTest name="Tester.AzureUtils.SiloInstanceTableManagerTests.SiloAddress_ToFrom_RowKey" storage="c:\users\anna\orleans\test\extensions\testerazureutils\bin\debug\net7.0\tester.azureutils.dll" id="2f40bcbd-67d2-8cb0-7d4f-d11ebb7f112a">
      <Execution id="b2ed3031-2355-4524-8b1f-276a08a7582d" />
      <TestMethod codeBase="C:\Users\anna\orleans\test\Extensions\TesterAzureUtils\bin\Debug\net7.0\Tester.AzureUtils.dll" adapterTypeName="executor://xunit/VsTestRunner2/netcoreapp" className="Tester.AzureUtils.SiloInstanceTableManagerTests" name="SiloAddress_ToFrom_RowKey" />
    </UnitTest>
  </TestDefinitions>
  <TestEntries>
    <TestEntry testId="2f40bcbd-67d2-8cb0-7d4f-d11ebb7f112a" executionId="b2ed3031-2355-4524-8b1f-276a08a7582d" testListId="8c84fa94-04c1-424b-9868-57a2d4851a1d" />
  </TestEntries>
  <TestLists>
    <TestList name="Results Not in a List" id="8c84fa94-04c1-424b-9868-57a2d4851a1d" />
    <TestList name="All Loaded Results" id="19431567-8539-422a-85d7-44ee4e166bda" />
  </TestLists>
  <ResultSummary outcome="Completed">
    <Counters total="1" executed="1" passed="1" failed="0" error="0" timeout="0" aborted="0" inconclusive="0" passedButRunAborted="0" notRunnable="0" notExecuted="0" disconnected="0" warning="0" completed="0" inProgress="0" pending="0" />
    <Output>
      <StdOut>[xUnit.net 00:00:00.00] xUnit.net VSTest Adapter v2.4.5+1caef2f33e (64-bit .NET 7.0.2)&#xD;
[xUnit.net 00:00:01.29]   Discovering: Tester.AzureUtils (method display = ClassAndMethod, method display options = None)&#xD;
[xUnit.net 00:00:01.50]   Discovered:  Tester.AzureUtils (found 246 test cases)&#xD;
[xUnit.net 00:00:01.52]   Starting:    Tester.AzureUtils (parallel test collections = off, max threads = 4)&#xD;
[xUnit.net 00:00:03.50]   Finished:    Tester.AzureUtils&#xD;
</StdOut>
    </Output>
    <RunInfos>
      <RunInfo computerName="cloudtest-win10" outcome="Warning" timestamp="2023-01-24T01:49:31.4475567+00:00">
        <Text>Data collector 'Blame' message: All tests finished running, Sequence file will not be generated.</Text>
      </RunInfo>
    </RunInfos>
  </ResultSummary>
</TestRun>