<?xml version="1.0" encoding="utf-8"?>
<TestRun id="e594abbc-bc9d-40fc-97c9-50b97f75b7af" name="anna@cloudtest-win10 2023-01-24 01:49:22" runUser="cloudtest-win10\anna" xmlns="http://microsoft.com/schemas/VisualStudio/TeamTest/2010">
  <Times creation="2023-01-24T01:49:22.4699575+00:00" queuing="2023-01-24T01:49:22.4699580+00:00" start="2023-01-24T01:49:15.6018131+00:00" finish="2023-01-24T01:49:22.5054016+00:00" />
  <TestSettings name="default" id="f2fde1fe-612f-4520-b174-1b947115c75a">
    <Deployment runDeploymentRoot="anna_cloudtest-win10_2023-01-24_01_49_22" />
  </TestSettings>
  <Results>
    <UnitTestResult executionId="f9e0bfc4-dc45-46ca-8fcf-140cc463931c" testId="2f40bcbd-67d2-8cb0-7d4f-d11ebb7f112a" testName="Tester.AzureUtils.SiloInstanceTableManagerTests.SiloAddress_ToFrom_RowKey" computerName="cloudtest-win10" duration="00:00:01.9458352" startTime="2023-01-24T01:49:22.1697793+00:00" endTime="2023-01-24T01:49:22.1698255+00:00" testType="13cdc9d9-ddb5-4fa4-a97d-d965ccfc6d4b" outcome="Passed" testListId="8c84fa94-04c1-424b-9868-57a2d4851a1d" relativeResultsDirectory="f9e0bfc4-dc45-46ca-8fcf-140cc463931c">
      <Output>
        <StdOut>ClusterId=test-5bed5790-a7b2-4e3a-b40d-043111e3a270 Generation=33529760&#xD;
Initializing SiloInstanceManager&#xD;
SiloAddress = S1.2.3.4:5555:6666 Row Key string = 1.2.3.4-5555-6666&#xD;
SiloAddress result = S1.2.3.4:5555:6666 From Row Key string = 1.2.3.4-5555-6666&#xD;
TestCleanup Timeout=00:01:00&#xD;
TestCleanup -  Finished</StdOut>
      </Output>
    </UnitTestResult>
  </Results>
  <TestDefinitions>
    <UnitTest name="Tester.AzureUtils.SiloInstanceTableManagerTests.SiloAddress_ToFrom_RowKey" storage="c:\users\anna\orleans\test\extensions\testerazureutils\bin\debug\net7.0\tester.azureutils.dll" id="2f40bcbd-67d2-8cb0-7d4f-d11ebb7f112a">
      <Execution id="f9e0bfc4-dc45-46ca-8fcf-140cc463931c" />
      <TestMethod codeBase="C:\Users\anna\orleans\test\Extensions\TesterAzureUtils\bin\Debug\net7.0\Tester.AzureUtils.dll" adapterTypeName="executor://xunit/VsTestRunner2/netcoreapp" className="Tester.AzureUtils.SiloInstanceTableManagerTests" name="SiloAddress_ToFrom_RowKey" />
    </UnitTest>
  </TestDefinitions>
  <TestEntries>
    <TestEntry testId="2f40bcbd-67d2-8cb0-7d4f-d11ebb7f112a" executionId="f9e0bfc4-dc45-46ca-8fcf-140cc463931c" testListId="8c84fa94-04c1-424b-9868-57a2d4851a1d" />
  </TestEntries>
  <TestLists>
    <TestList name="Results Not in a List" id="8c84fa94-04c1-424b-9868-57a2d4851a1d" />
    <TestList name="All Loaded Results" id="19431567-8539-422a-85d7-44ee4e166bda" />
  </TestLists>
  <ResultSummary outcome="Completed">
    <Counters total="1" executed="1" passed="1" failed="0" error="0" timeout="0" aborted="0" inconclusive="0" passedButRunAborted="0" notRunnable="0" notExecuted="0" disconnected="0" warning="0" completed="0" inProgress="0" pending="0" />
    <Output>
      <StdOut>[xUnit.net 00:00:00.00] xUnit.net VSTest Adapter v2.4.5+1caef2f33e (64-bit .NET 7.0.2)&#xD;
[xUnit.net 00:00:01.31]   Discovering: Tester.AzureUtils (method display = ClassAndMethod, method display options = None)&#xD;
[xUnit.net 00:00:01.55]   Discovered:  Tester.AzureUtils (found 246 test cases)&#xD;
[xUnit.net 00:00:01.56]   Starting:    Tester.AzureUtils (parallel test collections = off, max threads = 4)&#xD;
[xUnit.net 00:00:03.64]   Finished:    Tester.AzureUtils&#xD;
</StdOut>
    </Output>
    <RunInfos>
      <RunInfo computerName="cloudtest-win10" outcome="Warning" timestamp="2023-01-24T01:49:22.3229658+00:00">
        <Text>Data collector 'Blame' message: All tests finished running, Sequence file will not be generated.</Text>
      </RunInfo>
    </RunInfos>
  </ResultSummary>
</TestRun>