<?xml version="1.0" encoding="utf-8"?>
<TestRun id="f870393d-79ca-4605-974d-30edb086726c" name="anna@cloudtest-win10 2023-01-25 00:48:57" runUser="cloudtest-win10\anna" xmlns="http://microsoft.com/schemas/VisualStudio/TeamTest/2010">
  <Times creation="2023-01-25T00:48:57.6533519+00:00" queuing="2023-01-25T00:48:57.6533528+00:00" start="2023-01-25T00:48:01.9880718+00:00" finish="2023-01-25T00:48:57.8248218+00:00" />
  <TestSettings name="default" id="9ac86019-e462-4882-8876-ad33652b91ce">
    <Deployment runDeploymentRoot="anna_cloudtest-win10_2023-01-25_00_48_57" />
  </TestSettings>
  <Results>
    <UnitTestResult executionId="3c543163-bb4d-4009-897e-32ecb3a734fa" testId="da3655b9-516c-53dd-30c8-595e59a3aece" testName="Tester.AzureUtils.Streaming.AQStreamingTests.AQ_12_ManySame_ManyProducerClientsManyConsumerGrains" computerName="cloudtest-win10" duration="00:00:32.3800403" startTime="2023-01-25T00:48:57.5519569+00:00" endTime="2023-01-25T00:48:57.5520452+00:00" testType="13cdc9d9-ddb5-4fa4-a97d-d965ccfc6d4b" outcome="Failed" testListId="8c84fa94-04c1-424b-9868-57a2d4851a1d" relativeResultsDirectory="3c543163-bb4d-4009-897e-32ecb3a734fa">
      <Output>
        <ErrorInfo>
          <Message>Assert.Equal() Failure&#xD;
Expected: 90&#xD;
Actual:   93</Message>
          <StackTrace>   at UnitTests.StreamingTests.SingleStreamTestRunner.CheckCounters(ProducerProxy producer, ConsumerProxy consumer, Boolean assertAreEqual) in C:\Users\anna\orleans\test\TesterInternal\StreamingTests\SingleStreamTestRunner.cs:line 479&#xD;
   at UnitTests.StreamingTests.SingleStreamTestRunner.BasicTestAsync(Boolean fullTest) in C:\Users\anna\orleans\test\TesterInternal\StreamingTests\SingleStreamTestRunner.cs:line 442&#xD;
   at UnitTests.StreamingTests.SingleStreamTestRunner.StreamTest_12_ManySame_ManyProducerClientsManyConsumerGrains() in C:\Users\anna\orleans\test\TesterInternal\StreamingTests\SingleStreamTestRunner.cs:line 208&#xD;
   at Tester.AzureUtils.Streaming.AQStreamingTests.AQ_12_ManySame_ManyProducerClientsManyConsumerGrains() in C:\Users\anna\orleans\test\Extensions\TesterAzureUtils\Streaming\AQStreamingTests.cs:line 164&#xD;
--- End of stack trace from previous location ---</StackTrace>
        </ErrorInfo>
      </Output>
    </UnitTestResult>
  </Results>
  <TestDefinitions>
    <UnitTest name="Tester.AzureUtils.Streaming.AQStreamingTests.AQ_12_ManySame_ManyProducerClientsManyConsumerGrains" storage="c:\users\anna\orleans\test\extensions\testerazureutils\bin\debug\net7.0\tester.azureutils.dll" id="da3655b9-516c-53dd-30c8-595e59a3aece">
      <Execution id="3c543163-bb4d-4009-897e-32ecb3a734fa" />
      <TestMethod codeBase="C:\Users\anna\orleans\test\Extensions\TesterAzureUtils\bin\Debug\net7.0\Tester.AzureUtils.dll" adapterTypeName="executor://xunit/VsTestRunner2/netcoreapp" className="Tester.AzureUtils.Streaming.AQStreamingTests" name="AQ_12_ManySame_ManyProducerClientsManyConsumerGrains" />
    </UnitTest>
  </TestDefinitions>
  <TestEntries>
    <TestEntry testId="da3655b9-516c-53dd-30c8-595e59a3aece" executionId="3c543163-bb4d-4009-897e-32ecb3a734fa" testListId="8c84fa94-04c1-424b-9868-57a2d4851a1d" />
  </TestEntries>
  <TestLists>
    <TestList name="Results Not in a List" id="8c84fa94-04c1-424b-9868-57a2d4851a1d" />
    <TestList name="All Loaded Results" id="19431567-8539-422a-85d7-44ee4e166bda" />
  </TestLists>
  <ResultSummary outcome="Failed">
    <Counters total="1" executed="1" passed="0" failed="1" error="0" timeout="0" aborted="0" inconclusive="0" passedButRunAborted="0" notRunnable="0" notExecuted="0" disconnected="0" warning="0" completed="0" inProgress="0" pending="0" />
    <Output>
      <StdOut>[xUnit.net 00:00:00.00] xUnit.net VSTest Adapter v2.4.5+1caef2f33e (64-bit .NET 7.0.2)&#xD;
[xUnit.net 00:00:01.25]   Discovering: Tester.AzureUtils (method display = ClassAndMethod, method display options = None)&#xD;
[xUnit.net 00:00:01.46]   Discovered:  Tester.AzureUtils (found 246 test cases)&#xD;
[xUnit.net 00:00:01.47]   Starting:    Tester.AzureUtils (parallel test collections = off, max threads = 4)&#xD;
[xUnit.net 00:00:52.55]       Assert.Equal() Failure&#xD;
[xUnit.net 00:00:52.55]       Expected: 90&#xD;
[xUnit.net 00:00:52.55]       Actual:   93&#xD;
[xUnit.net 00:00:52.55]       Stack Trace:&#xD;
[xUnit.net 00:00:52.55]         C:\Users\anna\orleans\test\TesterInternal\StreamingTests\SingleStreamTestRunner.cs(479,0): at UnitTests.StreamingTests.SingleStreamTestRunner.CheckCounters(ProducerProxy producer, ConsumerProxy consumer, Boolean assertAreEqual)&#xD;
[xUnit.net 00:00:52.55]         C:\Users\anna\orleans\test\TesterInternal\StreamingTests\SingleStreamTestRunner.cs(442,0): at UnitTests.StreamingTests.SingleStreamTestRunner.BasicTestAsync(Boolean fullTest)&#xD;
[xUnit.net 00:00:52.55]         C:\Users\anna\orleans\test\TesterInternal\StreamingTests\SingleStreamTestRunner.cs(208,0): at UnitTests.StreamingTests.SingleStreamTestRunner.StreamTest_12_ManySame_ManyProducerClientsManyConsumerGrains()&#xD;
[xUnit.net 00:00:52.55]         C:\Users\anna\orleans\test\Extensions\TesterAzureUtils\Streaming\AQStreamingTests.cs(164,0): at Tester.AzureUtils.Streaming.AQStreamingTests.AQ_12_ManySame_ManyProducerClientsManyConsumerGrains()&#xD;
[xUnit.net 00:00:52.55]         --- End of stack trace from previous location ---&#xD;
[xUnit.net 00:00:52.60]   Finished:    Tester.AzureUtils&#xD;
</StdOut>
    </Output>
    <RunInfos>
      <RunInfo computerName="cloudtest-win10" outcome="Min" timestamp="2023-01-25T00:48:57.5457510+00:00">
        <Text>[xUnit.net 00:00:52.55]     Tester.AzureUtils.Streaming.AQStreamingTests.AQ_12_ManySame_ManyProducerClientsManyConsumerGrains [FAIL]</Text>
      </RunInfo>
      <RunInfo computerName="cloudtest-win10" outcome="Warning" timestamp="2023-01-25T00:48:57.7329345+00:00">
        <Text>Data collector 'Blame' message: All tests finished running, Sequence file will not be generated.</Text>
      </RunInfo>
    </RunInfos>
  </ResultSummary>
</TestRun>