<?xml version="1.0" encoding="utf-8"?>
<TestRun id="2ff7b8bc-d535-42d7-a66e-7b5290807590" name="anna@cloudtest-win10 2023-01-25 00:50:02" runUser="cloudtest-win10\anna" xmlns="http://microsoft.com/schemas/VisualStudio/TeamTest/2010">
  <Times creation="2023-01-25T00:50:02.5833285+00:00" queuing="2023-01-25T00:50:02.5833291+00:00" start="2023-01-25T00:49:32.6037695+00:00" finish="2023-01-25T00:50:02.6190853+00:00" />
  <TestSettings name="default" id="0b8170a3-bb05-42db-83b1-0c8b2f05f5a6">
    <Deployment runDeploymentRoot="anna_cloudtest-win10_2023-01-25_00_50_02" />
  </TestSettings>
  <Results>
    <UnitTestResult executionId="910a768e-f4aa-4023-a96a-9cd225fc59ed" testId="da3655b9-516c-53dd-30c8-595e59a3aece" testName="Tester.AzureUtils.Streaming.AQStreamingTests.AQ_12_ManySame_ManyProducerClientsManyConsumerGrains" computerName="cloudtest-win10" duration="00:00:06.5389037" startTime="2023-01-25T00:50:02.2717853+00:00" endTime="2023-01-25T00:50:02.2718317+00:00" testType="13cdc9d9-ddb5-4fa4-a97d-d965ccfc6d4b" outcome="Passed" testListId="8c84fa94-04c1-424b-9868-57a2d4851a1d" relativeResultsDirectory="910a768e-f4aa-4023-a96a-9cd225fc59ed" />
  </Results>
  <TestDefinitions>
    <UnitTest name="Tester.AzureUtils.Streaming.AQStreamingTests.AQ_12_ManySame_ManyProducerClientsManyConsumerGrains" storage="c:\users\anna\orleans\test\extensions\testerazureutils\bin\debug\net7.0\tester.azureutils.dll" id="da3655b9-516c-53dd-30c8-595e59a3aece">
      <Execution id="910a768e-f4aa-4023-a96a-9cd225fc59ed" />
      <TestMethod codeBase="C:\Users\anna\orleans\test\Extensions\TesterAzureUtils\bin\Debug\net7.0\Tester.AzureUtils.dll" adapterTypeName="executor://xunit/VsTestRunner2/netcoreapp" className="Tester.AzureUtils.Streaming.AQStreamingTests" name="AQ_12_ManySame_ManyProducerClientsManyConsumerGrains" />
    </UnitTest>
  </TestDefinitions>
  <TestEntries>
    <TestEntry testId="da3655b9-516c-53dd-30c8-595e59a3aece" executionId="910a768e-f4aa-4023-a96a-9cd225fc59ed" testListId="8c84fa94-04c1-424b-9868-57a2d4851a1d" />
  </TestEntries>
  <TestLists>
    <TestList name="Results Not in a List" id="8c84fa94-04c1-424b-9868-57a2d4851a1d" />
    <TestList name="All Loaded Results" id="19431567-8539-422a-85d7-44ee4e166bda" />
  </TestLists>
  <ResultSummary outcome="Completed">
    <Counters total="1" executed="1" passed="1" failed="0" error="0" timeout="0" aborted="0" inconclusive="0" passedButRunAborted="0" notRunnable="0" notExecuted="0" disconnected="0" warning="0" completed="0" inProgress="0" pending="0" />
    <Output>
      <StdOut>[xUnit.net 00:00:00.00] xUnit.net VSTest Adapter v2.4.5+1caef2f33e (64-bit .NET 7.0.2)&#xD;
[xUnit.net 00:00:01.27]   Discovering: Tester.AzureUtils (method display = ClassAndMethod, method display options = None)&#xD;
[xUnit.net 00:00:01.47]   Discovered:  Tester.AzureUtils (found 246 test cases)&#xD;
[xUnit.net 00:00:01.49]   Starting:    Tester.AzureUtils (parallel test collections = off, max threads = 4)&#xD;
[xUnit.net 00:00:26.78]   Finished:    Tester.AzureUtils&#xD;
</StdOut>
    </Output>
    <RunInfos>
      <RunInfo computerName="cloudtest-win10" outcome="Warning" timestamp="2023-01-25T00:50:02.4394195+00:00">
        <Text>Data collector 'Blame' message: All tests finished running, Sequence file will not be generated.</Text>
      </RunInfo>
    </RunInfos>
  </ResultSummary>
</TestRun>