<?xml version="1.0" encoding="utf-8"?>
<TestRun id="f9d98f23-3340-417e-8528-3122e4c6f2aa" name="anna@cloudtest-win10 2023-01-23 05:14:37" runUser="cloudtest-win10\anna" xmlns="http://microsoft.com/schemas/VisualStudio/TeamTest/2010">
  <Times creation="2023-01-23T05:14:37.4671059+00:00" queuing="2023-01-23T05:14:37.4671065+00:00" start="2023-01-23T05:13:47.8808258+00:00" finish="2023-01-23T05:14:37.5049983+00:00" />
  <TestSettings name="default" id="c6a38413-8990-4081-b4ea-ea64f0d70d4e">
    <Deployment runDeploymentRoot="anna_cloudtest-win10_2023-01-23_05_14_37" />
  </TestSettings>
  <Results>
    <UnitTestResult executionId="bf028db7-91da-4027-bfe9-6cec29277bb1" testId="bd3e8755-c61e-bf2b-1d1c-75d5a2c695ce" testName="Tester.AzureUtils.LivenessTests_AzureTable.Liveness_Azure_4_Restart_Silo_1" computerName="cloudtest-win10" duration="00:00:18.4610666" startTime="2023-01-23T05:14:37.1554925+00:00" endTime="2023-01-23T05:14:37.1555409+00:00" testType="13cdc9d9-ddb5-4fa4-a97d-d965ccfc6d4b" outcome="Passed" testListId="8c84fa94-04c1-424b-9868-57a2d4851a1d" relativeResultsDirectory="bf028db7-91da-4027-bfe9-6cec29277bb1" />
  </Results>
  <TestDefinitions>
    <UnitTest name="Tester.AzureUtils.LivenessTests_AzureTable.Liveness_Azure_4_Restart_Silo_1" storage="c:\users\anna\orleans\test\extensions\testerazureutils\bin\debug\net7.0\tester.azureutils.dll" id="bd3e8755-c61e-bf2b-1d1c-75d5a2c695ce">
      <Execution id="bf028db7-91da-4027-bfe9-6cec29277bb1" />
      <TestMethod codeBase="C:\Users\anna\orleans\test\Extensions\TesterAzureUtils\bin\Debug\net7.0\Tester.AzureUtils.dll" adapterTypeName="executor://xunit/VsTestRunner2/netcoreapp" className="Tester.AzureUtils.LivenessTests_AzureTable" name="Liveness_Azure_4_Restart_Silo_1" />
    </UnitTest>
  </TestDefinitions>
  <TestEntries>
    <TestEntry testId="bd3e8755-c61e-bf2b-1d1c-75d5a2c695ce" executionId="bf028db7-91da-4027-bfe9-6cec29277bb1" testListId="8c84fa94-04c1-424b-9868-57a2d4851a1d" />
  </TestEntries>
  <TestLists>
    <TestList name="Results Not in a List" id="8c84fa94-04c1-424b-9868-57a2d4851a1d" />
    <TestList name="All Loaded Results" id="19431567-8539-422a-85d7-44ee4e166bda" />
  </TestLists>
  <ResultSummary outcome="Completed">
    <Counters total="1" executed="1" passed="1" failed="0" error="0" timeout="0" aborted="0" inconclusive="0" passedButRunAborted="0" notRunnable="0" notExecuted="0" disconnected="0" warning="0" completed="0" inProgress="0" pending="0" />
    <Output>
      <StdOut>[xUnit.net 00:00:00.00] xUnit.net VSTest Adapter v2.4.5+1caef2f33e (64-bit .NET 7.0.2)&#xD;
[xUnit.net 00:00:01.25]   Discovering: Tester.AzureUtils (method display = ClassAndMethod, method display options = None)&#xD;
[xUnit.net 00:00:01.46]   Discovered:  Tester.AzureUtils (found 246 test cases)&#xD;
[xUnit.net 00:00:01.47]   Starting:    Tester.AzureUtils (parallel test collections = off, max threads = 4)&#xD;
[xUnit.net 00:00:46.38]   Finished:    Tester.AzureUtils&#xD;
</StdOut>
    </Output>
    <RunInfos>
      <RunInfo computerName="cloudtest-win10" outcome="Warning" timestamp="2023-01-23T05:14:37.3210546+00:00">
        <Text>Data collector 'Blame' message: All tests finished running, Sequence file will not be generated.</Text>
      </RunInfo>
    </RunInfos>
  </ResultSummary>
</TestRun>