<?xml version="1.0" encoding="utf-8"?>
<TestRun id="898f577e-041d-4c03-8ff7-4fa9f05a9378" name="anna@cloudtest-win10 2023-01-25 00:07:18" runUser="cloudtest-win10\anna" xmlns="http://microsoft.com/schemas/VisualStudio/TeamTest/2010">
  <Times creation="2023-01-25T00:07:18.3723170+00:00" queuing="2023-01-25T00:07:18.3723176+00:00" start="2023-01-25T00:06:46.7521830+00:00" finish="2023-01-25T00:07:18.4139406+00:00" />
  <TestSettings name="default" id="0d44c3a9-2bc7-4165-8e82-6fefc4e25d15">
    <Deployment runDeploymentRoot="anna_cloudtest-win10_2023-01-25_00_07_18" />
  </TestSettings>
  <Results>
    <UnitTestResult executionId="0cd324b0-0545-46f2-9de0-994dcc864f5b" testId="6db1c88c-76e2-58e9-f0b9-bfa65699ede0" testName="Tester.AzureUtils.Streaming.AQStreamingTests.AQ_03_OneProducerClientOneConsumerGrain" computerName="cloudtest-win10" duration="00:00:08.1523530" startTime="2023-01-25T00:07:18.0394015+00:00" endTime="2023-01-25T00:07:18.0394546+00:00" testType="13cdc9d9-ddb5-4fa4-a97d-d965ccfc6d4b" outcome="Passed" testListId="8c84fa94-04c1-424b-9868-57a2d4851a1d" relativeResultsDirectory="0cd324b0-0545-46f2-9de0-994dcc864f5b" />
  </Results>
  <TestDefinitions>
    <UnitTest name="Tester.AzureUtils.Streaming.AQStreamingTests.AQ_03_OneProducerClientOneConsumerGrain" storage="c:\users\anna\orleans\test\extensions\testerazureutils\bin\debug\net7.0\tester.azureutils.dll" id="6db1c88c-76e2-58e9-f0b9-bfa65699ede0">
      <Execution id="0cd324b0-0545-46f2-9de0-994dcc864f5b" />
      <TestMethod codeBase="C:\Users\anna\orleans\test\Extensions\TesterAzureUtils\bin\Debug\net7.0\Tester.AzureUtils.dll" adapterTypeName="executor://xunit/VsTestRunner2/netcoreapp" className="Tester.AzureUtils.Streaming.AQStreamingTests" name="AQ_03_OneProducerClientOneConsumerGrain" />
    </UnitTest>
  </TestDefinitions>
  <TestEntries>
    <TestEntry testId="6db1c88c-76e2-58e9-f0b9-bfa65699ede0" executionId="0cd324b0-0545-46f2-9de0-994dcc864f5b" testListId="8c84fa94-04c1-424b-9868-57a2d4851a1d" />
  </TestEntries>
  <TestLists>
    <TestList name="Results Not in a List" id="8c84fa94-04c1-424b-9868-57a2d4851a1d" />
    <TestList name="All Loaded Results" id="19431567-8539-422a-85d7-44ee4e166bda" />
  </TestLists>
  <ResultSummary outcome="Completed">
    <Counters total="1" executed="1" passed="1" failed="0" error="0" timeout="0" aborted="0" inconclusive="0" passedButRunAborted="0" notRunnable="0" notExecuted="0" disconnected="0" warning="0" completed="0" inProgress="0" pending="0" />
    <Output>
      <StdOut>[xUnit.net 00:00:00.00] xUnit.net VSTest Adapter v2.4.5+1caef2f33e (64-bit .NET 7.0.2)&#xD;
[xUnit.net 00:00:01.27]   Discovering: Tester.AzureUtils (method display = ClassAndMethod, method display options = None)&#xD;
[xUnit.net 00:00:01.48]   Discovered:  Tester.AzureUtils (found 246 test cases)&#xD;
[xUnit.net 00:00:01.49]   Starting:    Tester.AzureUtils (parallel test collections = off, max threads = 4)&#xD;
[xUnit.net 00:00:28.41]   Finished:    Tester.AzureUtils&#xD;
</StdOut>
    </Output>
    <RunInfos>
      <RunInfo computerName="cloudtest-win10" outcome="Warning" timestamp="2023-01-25T00:07:18.2252852+00:00">
        <Text>Data collector 'Blame' message: All tests finished running, Sequence file will not be generated.</Text>
      </RunInfo>
    </RunInfos>
  </ResultSummary>
</TestRun>