<?xml version="1.0" encoding="utf-8"?>
<TestRun id="b574703a-d917-4fa0-9023-ad3ae11781ed" name="anna@cloudtest-win10 2023-01-23 05:03:29" runUser="cloudtest-win10\anna" xmlns="http://microsoft.com/schemas/VisualStudio/TeamTest/2010">
  <Times creation="2023-01-23T05:03:29.5557912+00:00" queuing="2023-01-23T05:03:29.5557919+00:00" start="2023-01-23T05:02:39.2276889+00:00" finish="2023-01-23T05:03:29.5920887+00:00" />
  <TestSettings name="default" id="f6f92a4e-4e3a-47c2-84cf-65ae5fbde7d8">
    <Deployment runDeploymentRoot="anna_cloudtest-win10_2023-01-23_05_03_29" />
  </TestSettings>
  <Results>
    <UnitTestResult executionId="5815a087-35f6-4026-8d93-9a48cf781c28" testId="080342f8-c96b-cb4e-2f08-662742947f6f" testName="Tester.AzureUtils.LivenessTests_AzureTable.Liveness_Azure_2_Restart_Primary" computerName="cloudtest-win10" duration="00:00:18.4730564" startTime="2023-01-23T05:03:29.2402366+00:00" endTime="2023-01-23T05:03:29.2402827+00:00" testType="13cdc9d9-ddb5-4fa4-a97d-d965ccfc6d4b" outcome="Passed" testListId="8c84fa94-04c1-424b-9868-57a2d4851a1d" relativeResultsDirectory="5815a087-35f6-4026-8d93-9a48cf781c28" />
  </Results>
  <TestDefinitions>
    <UnitTest name="Tester.AzureUtils.LivenessTests_AzureTable.Liveness_Azure_2_Restart_Primary" storage="c:\users\anna\orleans\test\extensions\testerazureutils\bin\debug\net7.0\tester.azureutils.dll" id="080342f8-c96b-cb4e-2f08-662742947f6f">
      <Execution id="5815a087-35f6-4026-8d93-9a48cf781c28" />
      <TestMethod codeBase="C:\Users\anna\orleans\test\Extensions\TesterAzureUtils\bin\Debug\net7.0\Tester.AzureUtils.dll" adapterTypeName="executor://xunit/VsTestRunner2/netcoreapp" className="Tester.AzureUtils.LivenessTests_AzureTable" name="Liveness_Azure_2_Restart_Primary" />
    </UnitTest>
  </TestDefinitions>
  <TestEntries>
    <TestEntry testId="080342f8-c96b-cb4e-2f08-662742947f6f" executionId="5815a087-35f6-4026-8d93-9a48cf781c28" testListId="8c84fa94-04c1-424b-9868-57a2d4851a1d" />
  </TestEntries>
  <TestLists>
    <TestList name="Results Not in a List" id="8c84fa94-04c1-424b-9868-57a2d4851a1d" />
    <TestList name="All Loaded Results" id="19431567-8539-422a-85d7-44ee4e166bda" />
  </TestLists>
  <ResultSummary outcome="Completed">
    <Counters total="1" executed="1" passed="1" failed="0" error="0" timeout="0" aborted="0" inconclusive="0" passedButRunAborted="0" notRunnable="0" notExecuted="0" disconnected="0" warning="0" completed="0" inProgress="0" pending="0" />
    <Output>
      <StdOut>[xUnit.net 00:00:00.00] xUnit.net VSTest Adapter v2.4.5+1caef2f33e (64-bit .NET 7.0.2)&#xD;
[xUnit.net 00:00:01.24]   Discovering: Tester.AzureUtils (method display = ClassAndMethod, method display options = None)&#xD;
[xUnit.net 00:00:01.44]   Discovered:  Tester.AzureUtils (found 246 test cases)&#xD;
[xUnit.net 00:00:01.46]   Starting:    Tester.AzureUtils (parallel test collections = off, max threads = 4)&#xD;
[xUnit.net 00:00:47.16]   Finished:    Tester.AzureUtils&#xD;
</StdOut>
    </Output>
    <RunInfos>
      <RunInfo computerName="cloudtest-win10" outcome="Warning" timestamp="2023-01-23T05:03:29.4122208+00:00">
        <Text>Data collector 'Blame' message: All tests finished running, Sequence file will not be generated.</Text>
      </RunInfo>
    </RunInfos>
  </ResultSummary>
</TestRun>