<?xml version="1.0" encoding="utf-8"?>
<TestRun id="b9976134-1256-49ca-8342-c87270323f3f" name="anna@cloudtest-win10 2023-01-24 21:34:58" runUser="cloudtest-win10\anna" xmlns="http://microsoft.com/schemas/VisualStudio/TeamTest/2010">
  <Times creation="2023-01-24T21:34:58.5609138+00:00" queuing="2023-01-24T21:34:58.5609144+00:00" start="2023-01-24T21:34:30.9528492+00:00" finish="2023-01-24T21:34:58.5975227+00:00" />
  <TestSettings name="default" id="0c93848a-80f9-47e3-bd4b-ab8b03bfcc2a">
    <Deployment runDeploymentRoot="anna_cloudtest-win10_2023-01-24_21_34_58" />
  </TestSettings>
  <Results>
    <UnitTestResult executionId="dbf9dfe9-4a74-44fd-825d-2ed589e99987" testId="2c0f8c5a-326b-2fb0-b974-2d65bc2fc41b" testName="Tester.AzureUtils.Streaming.AQStreamingTests.AQ_08_ManyDifferent_ManyProducerClientsManyConsumerClients" computerName="cloudtest-win10" duration="00:00:04.8760265" startTime="2023-01-24T21:34:58.2473540+00:00" endTime="2023-01-24T21:34:58.2474642+00:00" testType="13cdc9d9-ddb5-4fa4-a97d-d965ccfc6d4b" outcome="Passed" testListId="8c84fa94-04c1-424b-9868-57a2d4851a1d" relativeResultsDirectory="dbf9dfe9-4a74-44fd-825d-2ed589e99987" />
  </Results>
  <TestDefinitions>
    <UnitTest name="Tester.AzureUtils.Streaming.AQStreamingTests.AQ_08_ManyDifferent_ManyProducerClientsManyConsumerClients" storage="c:\users\anna\orleans\test\extensions\testerazureutils\bin\debug\net7.0\tester.azureutils.dll" id="2c0f8c5a-326b-2fb0-b974-2d65bc2fc41b">
      <Execution id="dbf9dfe9-4a74-44fd-825d-2ed589e99987" />
      <TestMethod codeBase="C:\Users\anna\orleans\test\Extensions\TesterAzureUtils\bin\Debug\net7.0\Tester.AzureUtils.dll" adapterTypeName="executor://xunit/VsTestRunner2/netcoreapp" className="Tester.AzureUtils.Streaming.AQStreamingTests" name="AQ_08_ManyDifferent_ManyProducerClientsManyConsumerClients" />
    </UnitTest>
  </TestDefinitions>
  <TestEntries>
    <TestEntry testId="2c0f8c5a-326b-2fb0-b974-2d65bc2fc41b" executionId="dbf9dfe9-4a74-44fd-825d-2ed589e99987" testListId="8c84fa94-04c1-424b-9868-57a2d4851a1d" />
  </TestEntries>
  <TestLists>
    <TestList name="Results Not in a List" id="8c84fa94-04c1-424b-9868-57a2d4851a1d" />
    <TestList name="All Loaded Results" id="19431567-8539-422a-85d7-44ee4e166bda" />
  </TestLists>
  <ResultSummary outcome="Completed">
    <Counters total="1" executed="1" passed="1" failed="0" error="0" timeout="0" aborted="0" inconclusive="0" passedButRunAborted="0" notRunnable="0" notExecuted="0" disconnected="0" warning="0" completed="0" inProgress="0" pending="0" />
    <Output>
      <StdOut>[xUnit.net 00:00:00.00] xUnit.net VSTest Adapter v2.4.5+1caef2f33e (64-bit .NET 7.0.2)&#xD;
[xUnit.net 00:00:01.24]   Discovering: Tester.AzureUtils (method display = ClassAndMethod, method display options = None)&#xD;
[xUnit.net 00:00:01.45]   Discovered:  Tester.AzureUtils (found 246 test cases)&#xD;
[xUnit.net 00:00:01.46]   Starting:    Tester.AzureUtils (parallel test collections = off, max threads = 4)&#xD;
[xUnit.net 00:00:24.40]   Finished:    Tester.AzureUtils&#xD;
</StdOut>
    </Output>
    <RunInfos>
      <RunInfo computerName="cloudtest-win10" outcome="Warning" timestamp="2023-01-24T21:34:58.4150495+00:00">
        <Text>Data collector 'Blame' message: All tests finished running, Sequence file will not be generated.</Text>
      </RunInfo>
    </RunInfos>
  </ResultSummary>
</TestRun>