<?xml version="1.0" encoding="utf-8"?>
<TestRun id="80a1fbf2-8d72-4a8b-96f3-6f6f67d57682" name="anna@cloudtest-win10 2023-01-22 17:02:41" runUser="cloudtest-win10\anna" xmlns="http://microsoft.com/schemas/VisualStudio/TeamTest/2010">
  <Times creation="2023-01-22T17:02:41.4518801+00:00" queuing="2023-01-22T17:02:41.4518808+00:00" start="2023-01-22T17:02:06.2086856+00:00" finish="2023-01-22T17:02:54.5655566+00:00" />
  <TestSettings name="default" id="f70cb2be-25f5-4160-ac22-c27a4dd5b378">
    <Deployment runDeploymentRoot="anna_cloudtest-win10_2023-01-22_17_02_41" />
  </TestSettings>
  <Results>
    <UnitTestResult executionId="af6ff8a5-9c58-4533-9b2f-085ed49f1e52" testId="bb53a196-4d2a-26f3-3a93-736ec67dbc30" testName="Tester.AzureUtils.TimerTests.ReminderTests_AzureTable.Rem_Azure_Basic_Restart" computerName="cloudtest-win10" duration="00:00:25.8263743" startTime="2023-01-22T17:02:40.2130699+00:00" endTime="2023-01-22T17:02:40.2131222+00:00" testType="13cdc9d9-ddb5-4fa4-a97d-d965ccfc6d4b" outcome="Failed" testListId="8c84fa94-04c1-424b-9868-57a2d4851a1d" relativeResultsDirectory="af6ff8a5-9c58-4533-9b2f-085ed49f1e52">
      <Output>
        <ErrorInfo>
          <Message>Orleans.Runtime.ReminderException : Could not unregister reminder &lt;IOrleansReminder: GrainId=remindertestgrain2/9a0e185078564c15b445973a93050e27 ReminderName=DEFAULT_REMINDER ETag=W/"datetime'2023-01-22T17%3A02%3A14.5689930Z'"&gt; from the reminder table, due to tag mismatch. You can retry.</Message>
          <StackTrace>   at Orleans.Runtime.ReminderService.LocalReminderService.UnregisterReminder(IGrainReminder reminder) in C:\Users\anna\orleans\src\Orleans.Reminders\ReminderService\LocalReminderService.cs:line 186&#xD;
   at Orleans.Runtime.TaskRequest.Invoke() in C:\Users\anna\orleans\src\Orleans.Core.Abstractions\Runtime\GrainReference.cs:line 690&#xD;
--- End of stack trace from previous location ---&#xD;
   at Orleans.Serialization.Invocation.ResponseCompletionSource.System.Threading.Tasks.Sources.IValueTaskSource.GetResult(Int16 token) in C:\Users\anna\orleans\src\Orleans.Serialization\Invocation\ResponseCompletionSource.cs:line 98&#xD;
   at System.Threading.Tasks.ValueTask.ValueTaskSourceAsTask.&lt;&gt;c.&lt;.cctor&gt;b__4_0(Object state)&#xD;
--- End of stack trace from previous location ---&#xD;
   at UnitTests.Grains.ReminderTestGrain2.StopReminder(String reminderName) in C:\Users\anna\orleans\test\Grains\TestInternalGrains\ReminderTestGrain2.cs:line 141&#xD;
   at Orleans.Runtime.TaskRequest.CompleteInvokeAsync(Task resultTask) in C:\Users\anna\orleans\src\Orleans.Core.Abstractions\Runtime\GrainReference.cs:line 707&#xD;
--- End of stack trace from previous location ---&#xD;
   at Orleans.Serialization.Invocation.ResponseCompletionSource.System.Threading.Tasks.Sources.IValueTaskSource.GetResult(Int16 token) in C:\Users\anna\orleans\src\Orleans.Serialization\Invocation\ResponseCompletionSource.cs:line 98&#xD;
   at System.Threading.Tasks.ValueTask.ValueTaskSourceAsTask.&lt;&gt;c.&lt;.cctor&gt;b__4_0(Object state)&#xD;
--- End of stack trace from previous location ---&#xD;
   at Tester.AzureUtils.TimerTests.ReminderTests_AzureTable.Rem_Azure_Basic_Restart() in C:\Users\anna\orleans\test\Extensions\TesterAzureUtils\Reminder\ReminderTests_AzureTable.cs:line 106&#xD;
--- End of stack trace from previous location ---</StackTrace>
        </ErrorInfo>
      </Output>
    </UnitTestResult>
  </Results>
  <TestDefinitions>
    <UnitTest name="Tester.AzureUtils.TimerTests.ReminderTests_AzureTable.Rem_Azure_Basic_Restart" storage="c:\users\anna\orleans\test\extensions\testerazureutils\bin\debug\net7.0\tester.azureutils.dll" id="bb53a196-4d2a-26f3-3a93-736ec67dbc30">
      <Execution id="af6ff8a5-9c58-4533-9b2f-085ed49f1e52" />
      <TestMethod codeBase="C:\Users\anna\orleans\test\Extensions\TesterAzureUtils\bin\Debug\net7.0\Tester.AzureUtils.dll" adapterTypeName="executor://xunit/VsTestRunner2/netcoreapp" className="Tester.AzureUtils.TimerTests.ReminderTests_AzureTable" name="Rem_Azure_Basic_Restart" />
    </UnitTest>
  </TestDefinitions>
  <TestEntries>
    <TestEntry testId="bb53a196-4d2a-26f3-3a93-736ec67dbc30" executionId="af6ff8a5-9c58-4533-9b2f-085ed49f1e52" testListId="8c84fa94-04c1-424b-9868-57a2d4851a1d" />
  </TestEntries>
  <TestLists>
    <TestList name="Results Not in a List" id="8c84fa94-04c1-424b-9868-57a2d4851a1d" />
    <TestList name="All Loaded Results" id="19431567-8539-422a-85d7-44ee4e166bda" />
  </TestLists>
  <ResultSummary outcome="Failed">
    <Counters total="1" executed="1" passed="0" failed="1" error="0" timeout="0" aborted="0" inconclusive="0" passedButRunAborted="0" notRunnable="0" notExecuted="0" disconnected="0" warning="0" completed="0" inProgress="0" pending="0" />
    <Output>
      <StdOut>[xUnit.net 00:00:00.00] xUnit.net VSTest Adapter v2.4.5+1caef2f33e (64-bit .NET 7.0.2)&#xD;
[xUnit.net 00:00:01.27]   Discovering: Tester.AzureUtils (method display = ClassAndMethod, method display options = None)&#xD;
[xUnit.net 00:00:01.48]   Discovered:  Tester.AzureUtils (found 246 test cases)&#xD;
[xUnit.net 00:00:01.49]   Starting:    Tester.AzureUtils (parallel test collections = off, max threads = 4)&#xD;
[xUnit.net 00:00:31.00]       Orleans.Runtime.ReminderException : Could not unregister reminder &lt;IOrleansReminder: GrainId=remindertestgrain2/9a0e185078564c15b445973a93050e27 ReminderName=DEFAULT_REMINDER ETag=W/"datetime'2023-01-22T17%3A02%3A14.5689930Z'"&gt; from the reminder table, due to tag mismatch. You can retry.&#xD;
[xUnit.net 00:00:31.00]       Stack Trace:&#xD;
[xUnit.net 00:00:31.00]         C:\Users\anna\orleans\src\Orleans.Reminders\ReminderService\LocalReminderService.cs(186,0): at Orleans.Runtime.ReminderService.LocalReminderService.UnregisterReminder(IGrainReminder reminder)&#xD;
[xUnit.net 00:00:31.00]         C:\Users\anna\orleans\src\Orleans.Core.Abstractions\Runtime\GrainReference.cs(690,0): at Orleans.Runtime.TaskRequest.Invoke()&#xD;
[xUnit.net 00:00:31.00]         --- End of stack trace from previous location ---&#xD;
[xUnit.net 00:00:31.00]         C:\Users\anna\orleans\src\Orleans.Serialization\Invocation\ResponseCompletionSource.cs(98,0): at Orleans.Serialization.Invocation.ResponseCompletionSource.System.Threading.Tasks.Sources.IValueTaskSource.GetResult(Int16 token)&#xD;
[xUnit.net 00:00:31.00]            at System.Threading.Tasks.ValueTask.ValueTaskSourceAsTask.&lt;&gt;c.&lt;.cctor&gt;b__4_0(Object state)&#xD;
[xUnit.net 00:00:31.00]         --- End of stack trace from previous location ---&#xD;
[xUnit.net 00:00:31.00]         C:\Users\anna\orleans\test\Grains\TestInternalGrains\ReminderTestGrain2.cs(141,0): at UnitTests.Grains.ReminderTestGrain2.StopReminder(String reminderName)&#xD;
[xUnit.net 00:00:31.00]         C:\Users\anna\orleans\src\Orleans.Core.Abstractions\Runtime\GrainReference.cs(707,0): at Orleans.Runtime.TaskRequest.CompleteInvokeAsync(Task resultTask)&#xD;
[xUnit.net 00:00:31.00]         --- End of stack trace from previous location ---&#xD;
[xUnit.net 00:00:31.00]         C:\Users\anna\orleans\src\Orleans.Serialization\Invocation\ResponseCompletionSource.cs(98,0): at Orleans.Serialization.Invocation.ResponseCompletionSource.System.Threading.Tasks.Sources.IValueTaskSource.GetResult(Int16 token)&#xD;
[xUnit.net 00:00:31.00]            at System.Threading.Tasks.ValueTask.ValueTaskSourceAsTask.&lt;&gt;c.&lt;.cctor&gt;b__4_0(Object state)&#xD;
[xUnit.net 00:00:31.00]         --- End of stack trace from previous location ---&#xD;
[xUnit.net 00:00:31.00]         C:\Users\anna\orleans\test\Extensions\TesterAzureUtils\Reminder\ReminderTests_AzureTable.cs(106,0): at Tester.AzureUtils.TimerTests.ReminderTests_AzureTable.Rem_Azure_Basic_Restart()&#xD;
[xUnit.net 00:00:31.00]         --- End of stack trace from previous location ---&#xD;
[xUnit.net 00:00:45.14]   Finished:    Tester.AzureUtils&#xD;
</StdOut>
    </Output>
    <RunInfos>
      <RunInfo computerName="cloudtest-win10" outcome="Min" timestamp="2023-01-22T17:02:40.2071428+00:00">
        <Text>[xUnit.net 00:00:31.00]     Tester.AzureUtils.TimerTests.ReminderTests_AzureTable.Rem_Azure_Basic_Restart [FAIL]</Text>
      </RunInfo>
      <RunInfo computerName="cloudtest-win10" outcome="Warning" timestamp="2023-01-22T17:02:54.4743941+00:00">
        <Text>Data collector 'Blame' message: All tests finished running, Sequence file will not be generated.</Text>
      </RunInfo>
    </RunInfos>
  </ResultSummary>
</TestRun>