<?xml version="1.0" encoding="utf-8"?>
<TestRun id="03c81745-3f73-4ca3-a6be-3758e75b40ec" name="anna@cloudtest-win10 2023-01-22 17:04:08" runUser="cloudtest-win10\anna" xmlns="http://microsoft.com/schemas/VisualStudio/TeamTest/2010">
  <Times creation="2023-01-22T17:04:08.6075660+00:00" queuing="2023-01-22T17:04:08.6075666+00:00" start="2023-01-22T17:02:56.6604169+00:00" finish="2023-01-22T17:04:21.8720690+00:00" />
  <TestSettings name="default" id="d0491d3f-dc42-4834-b6d6-72081cf58692">
    <Deployment runDeploymentRoot="anna_cloudtest-win10_2023-01-22_17_04_08" />
  </TestSettings>
  <Results>
    <UnitTestResult executionId="4a5ddd73-74f1-478a-9a2e-550077d3b5ab" testId="bb53a196-4d2a-26f3-3a93-736ec67dbc30" testName="Tester.AzureUtils.TimerTests.ReminderTests_AzureTable.Rem_Azure_Basic_Restart" computerName="cloudtest-win10" duration="00:01:01.9197479" startTime="2023-01-22T17:04:07.4377062+00:00" endTime="2023-01-22T17:04:07.4377519+00:00" testType="13cdc9d9-ddb5-4fa4-a97d-d965ccfc6d4b" outcome="Passed" testListId="8c84fa94-04c1-424b-9868-57a2d4851a1d" relativeResultsDirectory="4a5ddd73-74f1-478a-9a2e-550077d3b5ab" />
  </Results>
  <TestDefinitions>
    <UnitTest name="Tester.AzureUtils.TimerTests.ReminderTests_AzureTable.Rem_Azure_Basic_Restart" storage="c:\users\anna\orleans\test\extensions\testerazureutils\bin\debug\net7.0\tester.azureutils.dll" id="bb53a196-4d2a-26f3-3a93-736ec67dbc30">
      <Execution id="4a5ddd73-74f1-478a-9a2e-550077d3b5ab" />
      <TestMethod codeBase="C:\Users\anna\orleans\test\Extensions\TesterAzureUtils\bin\Debug\net7.0\Tester.AzureUtils.dll" adapterTypeName="executor://xunit/VsTestRunner2/netcoreapp" className="Tester.AzureUtils.TimerTests.ReminderTests_AzureTable" name="Rem_Azure_Basic_Restart" />
    </UnitTest>
  </TestDefinitions>
  <TestEntries>
    <TestEntry testId="bb53a196-4d2a-26f3-3a93-736ec67dbc30" executionId="4a5ddd73-74f1-478a-9a2e-550077d3b5ab" testListId="8c84fa94-04c1-424b-9868-57a2d4851a1d" />
  </TestEntries>
  <TestLists>
    <TestList name="Results Not in a List" id="8c84fa94-04c1-424b-9868-57a2d4851a1d" />
    <TestList name="All Loaded Results" id="19431567-8539-422a-85d7-44ee4e166bda" />
  </TestLists>
  <ResultSummary outcome="Completed">
    <Counters total="1" executed="1" passed="1" failed="0" error="0" timeout="0" aborted="0" inconclusive="0" passedButRunAborted="0" notRunnable="0" notExecuted="0" disconnected="0" warning="0" completed="0" inProgress="0" pending="0" />
    <Output>
      <StdOut>[xUnit.net 00:00:00.00] xUnit.net VSTest Adapter v2.4.5+1caef2f33e (64-bit .NET 7.0.2)&#xD;
[xUnit.net 00:00:01.28]   Discovering: Tester.AzureUtils (method display = ClassAndMethod, method display options = None)&#xD;
[xUnit.net 00:00:01.50]   Discovered:  Tester.AzureUtils (found 246 test cases)&#xD;
[xUnit.net 00:00:01.51]   Starting:    Tester.AzureUtils (parallel test collections = off, max threads = 4)&#xD;
[xUnit.net 00:01:22.00]   Finished:    Tester.AzureUtils&#xD;
</StdOut>
    </Output>
    <RunInfos>
      <RunInfo computerName="cloudtest-win10" outcome="Warning" timestamp="2023-01-22T17:04:21.7798417+00:00">
        <Text>Data collector 'Blame' message: All tests finished running, Sequence file will not be generated.</Text>
      </RunInfo>
    </RunInfos>
  </ResultSummary>
</TestRun>