<?xml version="1.0" encoding="utf-8"?>
<TestRun id="6b8923bd-8611-4858-8852-09b0c999f1fe" name="anna@cloudtest-win10 2023-01-22 17:05:35" runUser="cloudtest-win10\anna" xmlns="http://microsoft.com/schemas/VisualStudio/TeamTest/2010">
  <Times creation="2023-01-22T17:05:35.9235207+00:00" queuing="2023-01-22T17:05:35.9235215+00:00" start="2023-01-22T17:04:23.9905672+00:00" finish="2023-01-22T17:05:49.1335832+00:00" />
  <TestSettings name="default" id="33fea741-eaf3-4372-88d5-38c7ed6d0f72">
    <Deployment runDeploymentRoot="anna_cloudtest-win10_2023-01-22_17_05_35" />
  </TestSettings>
  <Results>
    <UnitTestResult executionId="b5c1b84f-1c9c-40c1-a20e-467dfb7689aa" testId="bb53a196-4d2a-26f3-3a93-736ec67dbc30" testName="Tester.AzureUtils.TimerTests.ReminderTests_AzureTable.Rem_Azure_Basic_Restart" computerName="cloudtest-win10" duration="00:01:01.9047120" startTime="2023-01-22T17:05:34.7411365+00:00" endTime="2023-01-22T17:05:34.7411828+00:00" testType="13cdc9d9-ddb5-4fa4-a97d-d965ccfc6d4b" outcome="Passed" testListId="8c84fa94-04c1-424b-9868-57a2d4851a1d" relativeResultsDirectory="b5c1b84f-1c9c-40c1-a20e-467dfb7689aa" />
  </Results>
  <TestDefinitions>
    <UnitTest name="Tester.AzureUtils.TimerTests.ReminderTests_AzureTable.Rem_Azure_Basic_Restart" storage="c:\users\anna\orleans\test\extensions\testerazureutils\bin\debug\net7.0\tester.azureutils.dll" id="bb53a196-4d2a-26f3-3a93-736ec67dbc30">
      <Execution id="b5c1b84f-1c9c-40c1-a20e-467dfb7689aa" />
      <TestMethod codeBase="C:\Users\anna\orleans\test\Extensions\TesterAzureUtils\bin\Debug\net7.0\Tester.AzureUtils.dll" adapterTypeName="executor://xunit/VsTestRunner2/netcoreapp" className="Tester.AzureUtils.TimerTests.ReminderTests_AzureTable" name="Rem_Azure_Basic_Restart" />
    </UnitTest>
  </TestDefinitions>
  <TestEntries>
    <TestEntry testId="bb53a196-4d2a-26f3-3a93-736ec67dbc30" executionId="b5c1b84f-1c9c-40c1-a20e-467dfb7689aa" testListId="8c84fa94-04c1-424b-9868-57a2d4851a1d" />
  </TestEntries>
  <TestLists>
    <TestList name="Results Not in a List" id="8c84fa94-04c1-424b-9868-57a2d4851a1d" />
    <TestList name="All Loaded Results" id="19431567-8539-422a-85d7-44ee4e166bda" />
  </TestLists>
  <ResultSummary outcome="Completed">
    <Counters total="1" executed="1" passed="1" failed="0" error="0" timeout="0" aborted="0" inconclusive="0" passedButRunAborted="0" notRunnable="0" notExecuted="0" disconnected="0" warning="0" completed="0" inProgress="0" pending="0" />
    <Output>
      <StdOut>[xUnit.net 00:00:00.00] xUnit.net VSTest Adapter v2.4.5+1caef2f33e (64-bit .NET 7.0.2)&#xD;
[xUnit.net 00:00:01.27]   Discovering: Tester.AzureUtils (method display = ClassAndMethod, method display options = None)&#xD;
[xUnit.net 00:00:01.49]   Discovered:  Tester.AzureUtils (found 246 test cases)&#xD;
[xUnit.net 00:00:01.50]   Starting:    Tester.AzureUtils (parallel test collections = off, max threads = 4)&#xD;
[xUnit.net 00:01:21.94]   Finished:    Tester.AzureUtils&#xD;
</StdOut>
    </Output>
    <RunInfos>
      <RunInfo computerName="cloudtest-win10" outcome="Warning" timestamp="2023-01-22T17:05:49.0403234+00:00">
        <Text>Data collector 'Blame' message: All tests finished running, Sequence file will not be generated.</Text>
      </RunInfo>
    </RunInfos>
  </ResultSummary>
</TestRun>