<?xml version="1.0" encoding="utf-8"?>
<TestRun id="f8f3ec56-c43f-41e4-9129-fd3323075eb7" name="anna@cloudtest-win10 2023-01-22 17:01:49" runUser="cloudtest-win10\anna" xmlns="http://microsoft.com/schemas/VisualStudio/TeamTest/2010">
  <Times creation="2023-01-22T17:01:49.9977490+00:00" queuing="2023-01-22T17:01:49.9977498+00:00" start="2023-01-22T17:00:38.7601315+00:00" finish="2023-01-22T17:02:04.1027912+00:00" />
  <TestSettings name="default" id="617575e7-4c2b-4075-b598-85b7fdcf36c3">
    <Deployment runDeploymentRoot="anna_cloudtest-win10_2023-01-22_17_01_49" />
  </TestSettings>
  <Results>
    <UnitTestResult executionId="3533f990-5ffe-4f58-8862-906313870e65" testId="bb53a196-4d2a-26f3-3a93-736ec67dbc30" testName="Tester.AzureUtils.TimerTests.ReminderTests_AzureTable.Rem_Azure_Basic_Restart" computerName="cloudtest-win10" duration="00:01:02.8441508" startTime="2023-01-22T17:01:49.7328207+00:00" endTime="2023-01-22T17:01:49.7328686+00:00" testType="13cdc9d9-ddb5-4fa4-a97d-d965ccfc6d4b" outcome="Passed" testListId="8c84fa94-04c1-424b-9868-57a2d4851a1d" relativeResultsDirectory="3533f990-5ffe-4f58-8862-906313870e65" />
  </Results>
  <TestDefinitions>
    <UnitTest name="Tester.AzureUtils.TimerTests.ReminderTests_AzureTable.Rem_Azure_Basic_Restart" storage="c:\users\anna\orleans\test\extensions\testerazureutils\bin\debug\net7.0\tester.azureutils.dll" id="bb53a196-4d2a-26f3-3a93-736ec67dbc30">
      <Execution id="3533f990-5ffe-4f58-8862-906313870e65" />
      <TestMethod codeBase="C:\Users\anna\orleans\test\Extensions\TesterAzureUtils\bin\Debug\net7.0\Tester.AzureUtils.dll" adapterTypeName="executor://xunit/VsTestRunner2/netcoreapp" className="Tester.AzureUtils.TimerTests.ReminderTests_AzureTable" name="Rem_Azure_Basic_Restart" />
    </UnitTest>
  </TestDefinitions>
  <TestEntries>
    <TestEntry testId="bb53a196-4d2a-26f3-3a93-736ec67dbc30" executionId="3533f990-5ffe-4f58-8862-906313870e65" testListId="8c84fa94-04c1-424b-9868-57a2d4851a1d" />
  </TestEntries>
  <TestLists>
    <TestList name="Results Not in a List" id="8c84fa94-04c1-424b-9868-57a2d4851a1d" />
    <TestList name="All Loaded Results" id="19431567-8539-422a-85d7-44ee4e166bda" />
  </TestLists>
  <ResultSummary outcome="Completed">
    <Counters total="1" executed="1" passed="1" failed="0" error="0" timeout="0" aborted="0" inconclusive="0" passedButRunAborted="0" notRunnable="0" notExecuted="0" disconnected="0" warning="0" completed="0" inProgress="0" pending="0" />
    <Output>
      <StdOut>[xUnit.net 00:00:00.00] xUnit.net VSTest Adapter v2.4.5+1caef2f33e (64-bit .NET 7.0.2)&#xD;
[xUnit.net 00:00:01.27]   Discovering: Tester.AzureUtils (method display = ClassAndMethod, method display options = None)&#xD;
[xUnit.net 00:00:01.49]   Discovered:  Tester.AzureUtils (found 246 test cases)&#xD;
[xUnit.net 00:00:01.50]   Starting:    Tester.AzureUtils (parallel test collections = off, max threads = 4)&#xD;
[xUnit.net 00:01:22.12]   Finished:    Tester.AzureUtils&#xD;
</StdOut>
    </Output>
    <RunInfos>
      <RunInfo computerName="cloudtest-win10" outcome="Warning" timestamp="2023-01-22T17:02:04.0123098+00:00">
        <Text>Data collector 'Blame' message: All tests finished running, Sequence file will not be generated.</Text>
      </RunInfo>
    </RunInfos>
  </ResultSummary>
</TestRun>