<?xml version="1.0" encoding="utf-8"?>
<TestRun id="5555bfae-64bd-4a4e-a354-f7177789832d" name="anna@cloudtest-win10 2023-01-22 18:23:50" runUser="cloudtest-win10\anna" xmlns="http://microsoft.com/schemas/VisualStudio/TeamTest/2010">
  <Times creation="2023-01-22T18:23:50.1202057+00:00" queuing="2023-01-22T18:23:50.1202066+00:00" start="2023-01-22T18:23:42.2671526+00:00" finish="2023-01-22T18:23:50.1577817+00:00" />
  <TestSettings name="default" id="676a72de-4a4a-460e-911b-4165a2d9ef64">
    <Deployment runDeploymentRoot="anna_cloudtest-win10_2023-01-22_18_23_50" />
  </TestSettings>
  <Results>
    <UnitTestResult executionId="d8636524-0c00-4ebe-b50d-02d0c3bd27c6" testId="70e86026-7a29-ca79-ae25-d05e1a09777c" testName="Tester.AzureUtils.AzureMembershipTableTests.MembershipTable_Azure_Init" computerName="cloudtest-win10" duration="00:00:02.0429367" startTime="2023-01-22T18:23:49.8047592+00:00" endTime="2023-01-22T18:23:49.8048142+00:00" testType="13cdc9d9-ddb5-4fa4-a97d-d965ccfc6d4b" outcome="Passed" testListId="8c84fa94-04c1-424b-9868-57a2d4851a1d" relativeResultsDirectory="d8636524-0c00-4ebe-b50d-02d0c3bd27c6" />
  </Results>
  <TestDefinitions>
    <UnitTest name="Tester.AzureUtils.AzureMembershipTableTests.MembershipTable_Azure_Init" storage="c:\users\anna\orleans\test\extensions\testerazureutils\bin\debug\net7.0\tester.azureutils.dll" id="70e86026-7a29-ca79-ae25-d05e1a09777c">
      <Execution id="d8636524-0c00-4ebe-b50d-02d0c3bd27c6" />
      <TestMethod codeBase="C:\Users\anna\orleans\test\Extensions\TesterAzureUtils\bin\Debug\net7.0\Tester.AzureUtils.dll" adapterTypeName="executor://xunit/VsTestRunner2/netcoreapp" className="Tester.AzureUtils.AzureMembershipTableTests" name="MembershipTable_Azure_Init" />
    </UnitTest>
  </TestDefinitions>
  <TestEntries>
    <TestEntry testId="70e86026-7a29-ca79-ae25-d05e1a09777c" executionId="d8636524-0c00-4ebe-b50d-02d0c3bd27c6" testListId="8c84fa94-04c1-424b-9868-57a2d4851a1d" />
  </TestEntries>
  <TestLists>
    <TestList name="Results Not in a List" id="8c84fa94-04c1-424b-9868-57a2d4851a1d" />
    <TestList name="All Loaded Results" id="19431567-8539-422a-85d7-44ee4e166bda" />
  </TestLists>
  <ResultSummary outcome="Completed">
    <Counters total="1" executed="1" passed="1" failed="0" error="0" timeout="0" aborted="0" inconclusive="0" passedButRunAborted="0" notRunnable="0" notExecuted="0" disconnected="0" warning="0" completed="0" inProgress="0" pending="0" />
    <Output>
      <StdOut>[xUnit.net 00:00:00.00] xUnit.net VSTest Adapter v2.4.5+1caef2f33e (64-bit .NET 7.0.2)&#xD;
[xUnit.net 00:00:01.28]   Discovering: Tester.AzureUtils (method display = ClassAndMethod, method display options = None)&#xD;
[xUnit.net 00:00:01.49]   Discovered:  Tester.AzureUtils (found 246 test cases)&#xD;
[xUnit.net 00:00:01.50]   Starting:    Tester.AzureUtils (parallel test collections = off, max threads = 4)&#xD;
[xUnit.net 00:00:04.60]   Finished:    Tester.AzureUtils&#xD;
</StdOut>
    </Output>
    <RunInfos>
      <RunInfo computerName="cloudtest-win10" outcome="Warning" timestamp="2023-01-22T18:23:49.9727970+00:00">
        <Text>Data collector 'Blame' message: All tests finished running, Sequence file will not be generated.</Text>
      </RunInfo>
    </RunInfos>
  </ResultSummary>
</TestRun>