<?xml version="1.0" encoding="utf-8"?>
<TestRun id="f95a959c-7e0a-4bd9-83cf-c8bb42ae6746" name="anna@cloudtest-win10 2023-01-22 18:23:10" runUser="cloudtest-win10\anna" xmlns="http://microsoft.com/schemas/VisualStudio/TeamTest/2010">
  <Times creation="2023-01-22T18:23:10.3239723+00:00" queuing="2023-01-22T18:23:10.3239734+00:00" start="2023-01-22T18:23:02.4609859+00:00" finish="2023-01-22T18:23:10.3609659+00:00" />
  <TestSettings name="default" id="0cc07cd8-4bbe-4e70-8299-6f812762ff0b">
    <Deployment runDeploymentRoot="anna_cloudtest-win10_2023-01-22_18_23_10" />
  </TestSettings>
  <Results>
    <UnitTestResult executionId="015bcfa9-3190-48a5-9d36-468024528ada" testId="70e86026-7a29-ca79-ae25-d05e1a09777c" testName="Tester.AzureUtils.AzureMembershipTableTests.MembershipTable_Azure_Init" computerName="cloudtest-win10" duration="00:00:02.0221805" startTime="2023-01-22T18:23:10.0069045+00:00" endTime="2023-01-22T18:23:10.0069608+00:00" testType="13cdc9d9-ddb5-4fa4-a97d-d965ccfc6d4b" outcome="Passed" testListId="8c84fa94-04c1-424b-9868-57a2d4851a1d" relativeResultsDirectory="015bcfa9-3190-48a5-9d36-468024528ada" />
  </Results>
  <TestDefinitions>
    <UnitTest name="Tester.AzureUtils.AzureMembershipTableTests.MembershipTable_Azure_Init" storage="c:\users\anna\orleans\test\extensions\testerazureutils\bin\debug\net7.0\tester.azureutils.dll" id="70e86026-7a29-ca79-ae25-d05e1a09777c">
      <Execution id="015bcfa9-3190-48a5-9d36-468024528ada" />
      <TestMethod codeBase="C:\Users\anna\orleans\test\Extensions\TesterAzureUtils\bin\Debug\net7.0\Tester.AzureUtils.dll" adapterTypeName="executor://xunit/VsTestRunner2/netcoreapp" className="Tester.AzureUtils.AzureMembershipTableTests" name="MembershipTable_Azure_Init" />
    </UnitTest>
  </TestDefinitions>
  <TestEntries>
    <TestEntry testId="70e86026-7a29-ca79-ae25-d05e1a09777c" executionId="015bcfa9-3190-48a5-9d36-468024528ada" testListId="8c84fa94-04c1-424b-9868-57a2d4851a1d" />
  </TestEntries>
  <TestLists>
    <TestList name="Results Not in a List" id="8c84fa94-04c1-424b-9868-57a2d4851a1d" />
    <TestList name="All Loaded Results" id="19431567-8539-422a-85d7-44ee4e166bda" />
  </TestLists>
  <ResultSummary outcome="Completed">
    <Counters total="1" executed="1" passed="1" failed="0" error="0" timeout="0" aborted="0" inconclusive="0" passedButRunAborted="0" notRunnable="0" notExecuted="0" disconnected="0" warning="0" completed="0" inProgress="0" pending="0" />
    <Output>
      <StdOut>[xUnit.net 00:00:00.00] xUnit.net VSTest Adapter v2.4.5+1caef2f33e (64-bit .NET 7.0.2)&#xD;
[xUnit.net 00:00:01.26]   Discovering: Tester.AzureUtils (method display = ClassAndMethod, method display options = None)&#xD;
[xUnit.net 00:00:01.47]   Discovered:  Tester.AzureUtils (found 246 test cases)&#xD;
[xUnit.net 00:00:01.49]   Starting:    Tester.AzureUtils (parallel test collections = off, max threads = 4)&#xD;
[xUnit.net 00:00:04.59]   Finished:    Tester.AzureUtils&#xD;
</StdOut>
    </Output>
    <RunInfos>
      <RunInfo computerName="cloudtest-win10" outcome="Warning" timestamp="2023-01-22T18:23:10.1735509+00:00">
        <Text>Data collector 'Blame' message: All tests finished running, Sequence file will not be generated.</Text>
      </RunInfo>
    </RunInfos>
  </ResultSummary>
</TestRun>