<?xml version="1.0" encoding="utf-8"?>
<TestRun id="ee6d1db5-6207-40b4-8e41-12c287c6a451" name="anna@cloudtest-win10 2023-01-22 18:23:40" runUser="cloudtest-win10\anna" xmlns="http://microsoft.com/schemas/VisualStudio/TeamTest/2010">
  <Times creation="2023-01-22T18:23:40.1348802+00:00" queuing="2023-01-22T18:23:40.1348808+00:00" start="2023-01-22T18:23:32.3771497+00:00" finish="2023-01-22T18:23:40.1720475+00:00" />
  <TestSettings name="default" id="8208ff11-b375-4ed1-a5ec-e1db9f890ee2">
    <Deployment runDeploymentRoot="anna_cloudtest-win10_2023-01-22_18_23_40" />
  </TestSettings>
  <Results>
    <UnitTestResult executionId="05a40dce-d56e-4a17-9ded-cc9ab3af3bc5" testId="70e86026-7a29-ca79-ae25-d05e1a09777c" testName="Tester.AzureUtils.AzureMembershipTableTests.MembershipTable_Azure_Init" computerName="cloudtest-win10" duration="00:00:01.8960241" startTime="2023-01-22T18:23:39.8235287+00:00" endTime="2023-01-22T18:23:39.8235892+00:00" testType="13cdc9d9-ddb5-4fa4-a97d-d965ccfc6d4b" outcome="Passed" testListId="8c84fa94-04c1-424b-9868-57a2d4851a1d" relativeResultsDirectory="05a40dce-d56e-4a17-9ded-cc9ab3af3bc5" />
  </Results>
  <TestDefinitions>
    <UnitTest name="Tester.AzureUtils.AzureMembershipTableTests.MembershipTable_Azure_Init" storage="c:\users\anna\orleans\test\extensions\testerazureutils\bin\debug\net7.0\tester.azureutils.dll" id="70e86026-7a29-ca79-ae25-d05e1a09777c">
      <Execution id="05a40dce-d56e-4a17-9ded-cc9ab3af3bc5" />
      <TestMethod codeBase="C:\Users\anna\orleans\test\Extensions\TesterAzureUtils\bin\Debug\net7.0\Tester.AzureUtils.dll" adapterTypeName="executor://xunit/VsTestRunner2/netcoreapp" className="Tester.AzureUtils.AzureMembershipTableTests" name="MembershipTable_Azure_Init" />
    </UnitTest>
  </TestDefinitions>
  <TestEntries>
    <TestEntry testId="70e86026-7a29-ca79-ae25-d05e1a09777c" executionId="05a40dce-d56e-4a17-9ded-cc9ab3af3bc5" testListId="8c84fa94-04c1-424b-9868-57a2d4851a1d" />
  </TestEntries>
  <TestLists>
    <TestList name="Results Not in a List" id="8c84fa94-04c1-424b-9868-57a2d4851a1d" />
    <TestList name="All Loaded Results" id="19431567-8539-422a-85d7-44ee4e166bda" />
  </TestLists>
  <ResultSummary outcome="Completed">
    <Counters total="1" executed="1" passed="1" failed="0" error="0" timeout="0" aborted="0" inconclusive="0" passedButRunAborted="0" notRunnable="0" notExecuted="0" disconnected="0" warning="0" completed="0" inProgress="0" pending="0" />
    <Output>
      <StdOut>[xUnit.net 00:00:00.00] xUnit.net VSTest Adapter v2.4.5+1caef2f33e (64-bit .NET 7.0.2)&#xD;
[xUnit.net 00:00:01.27]   Discovering: Tester.AzureUtils (method display = ClassAndMethod, method display options = None)&#xD;
[xUnit.net 00:00:01.51]   Discovered:  Tester.AzureUtils (found 246 test cases)&#xD;
[xUnit.net 00:00:01.52]   Starting:    Tester.AzureUtils (parallel test collections = off, max threads = 4)&#xD;
[xUnit.net 00:00:04.49]   Finished:    Tester.AzureUtils&#xD;
</StdOut>
    </Output>
    <RunInfos>
      <RunInfo computerName="cloudtest-win10" outcome="Warning" timestamp="2023-01-22T18:23:39.9870721+00:00">
        <Text>Data collector 'Blame' message: All tests finished running, Sequence file will not be generated.</Text>
      </RunInfo>
    </RunInfos>
  </ResultSummary>
</TestRun>