<?xml version="1.0" encoding="utf-8"?>
<TestRun id="ac46fe2c-a13c-40fb-84ec-5a582c856787" name="anna@cloudtest-win10 2023-01-24 21:54:02" runUser="cloudtest-win10\anna" xmlns="http://microsoft.com/schemas/VisualStudio/TeamTest/2010">
  <Times creation="2023-01-24T21:54:02.8566328+00:00" queuing="2023-01-24T21:54:02.8566335+00:00" start="2023-01-24T21:53:34.3391383+00:00" finish="2023-01-24T21:54:02.8963230+00:00" />
  <TestSettings name="default" id="e33d8378-5bce-4da0-ab06-5e28209502b2">
    <Deployment runDeploymentRoot="anna_cloudtest-win10_2023-01-24_21_54_02" />
  </TestSettings>
  <Results>
    <UnitTestResult executionId="e2fbc207-be95-40e3-93f1-398308c0a726" testId="da3655b9-516c-53dd-30c8-595e59a3aece" testName="Tester.AzureUtils.Streaming.AQStreamingTests.AQ_12_ManySame_ManyProducerClientsManyConsumerGrains" computerName="cloudtest-win10" duration="00:00:05.7656037" startTime="2023-01-24T21:54:02.5389965+00:00" endTime="2023-01-24T21:54:02.5390423+00:00" testType="13cdc9d9-ddb5-4fa4-a97d-d965ccfc6d4b" outcome="Passed" testListId="8c84fa94-04c1-424b-9868-57a2d4851a1d" relativeResultsDirectory="e2fbc207-be95-40e3-93f1-398308c0a726" />
  </Results>
  <TestDefinitions>
    <UnitTest name="Tester.AzureUtils.Streaming.AQStreamingTests.AQ_12_ManySame_ManyProducerClientsManyConsumerGrains" storage="c:\users\anna\orleans\test\extensions\testerazureutils\bin\debug\net7.0\tester.azureutils.dll" id="da3655b9-516c-53dd-30c8-595e59a3aece">
      <Execution id="e2fbc207-be95-40e3-93f1-398308c0a726" />
      <TestMethod codeBase="C:\Users\anna\orleans\test\Extensions\TesterAzureUtils\bin\Debug\net7.0\Tester.AzureUtils.dll" adapterTypeName="executor://xunit/VsTestRunner2/netcoreapp" className="Tester.AzureUtils.Streaming.AQStreamingTests" name="AQ_12_ManySame_ManyProducerClientsManyConsumerGrains" />
    </UnitTest>
  </TestDefinitions>
  <TestEntries>
    <TestEntry testId="da3655b9-516c-53dd-30c8-595e59a3aece" executionId="e2fbc207-be95-40e3-93f1-398308c0a726" testListId="8c84fa94-04c1-424b-9868-57a2d4851a1d" />
  </TestEntries>
  <TestLists>
    <TestList name="Results Not in a List" id="8c84fa94-04c1-424b-9868-57a2d4851a1d" />
    <TestList name="All Loaded Results" id="19431567-8539-422a-85d7-44ee4e166bda" />
  </TestLists>
  <ResultSummary outcome="Completed">
    <Counters total="1" executed="1" passed="1" failed="0" error="0" timeout="0" aborted="0" inconclusive="0" passedButRunAborted="0" notRunnable="0" notExecuted="0" disconnected="0" warning="0" completed="0" inProgress="0" pending="0" />
    <Output>
      <StdOut>[xUnit.net 00:00:00.00] xUnit.net VSTest Adapter v2.4.5+1caef2f33e (64-bit .NET 7.0.2)&#xD;
[xUnit.net 00:00:01.28]   Discovering: Tester.AzureUtils (method display = ClassAndMethod, method display options = None)&#xD;
[xUnit.net 00:00:01.49]   Discovered:  Tester.AzureUtils (found 246 test cases)&#xD;
[xUnit.net 00:00:01.50]   Starting:    Tester.AzureUtils (parallel test collections = off, max threads = 4)&#xD;
[xUnit.net 00:00:25.29]   Finished:    Tester.AzureUtils&#xD;
</StdOut>
    </Output>
    <RunInfos>
      <RunInfo computerName="cloudtest-win10" outcome="Warning" timestamp="2023-01-24T21:54:02.7034036+00:00">
        <Text>Data collector 'Blame' message: All tests finished running, Sequence file will not be generated.</Text>
      </RunInfo>
    </RunInfos>
  </ResultSummary>
</TestRun>