<?xml version="1.0" encoding="utf-8"?>
<TestRun id="85e4e754-5983-414d-84e7-a04a925b1ac2" name="anna@cloudtest-win10 2023-01-23 04:22:53" runUser="cloudtest-win10\anna" xmlns="http://microsoft.com/schemas/VisualStudio/TeamTest/2010">
  <Times creation="2023-01-23T04:22:53.2701460+00:00" queuing="2023-01-23T04:22:53.2701466+00:00" start="2023-01-23T04:22:46.7924816+00:00" finish="2023-01-23T04:22:53.3089036+00:00" />
  <TestSettings name="default" id="a97b34a8-fd32-441b-bf49-c7c6c092bca5">
    <Deployment runDeploymentRoot="anna_cloudtest-win10_2023-01-23_04_22_53" />
  </TestSettings>
  <Results>
    <UnitTestResult executionId="c2cb82dd-0901-4ace-b8bf-e78fa96568dc" testId="6e4130f8-49b6-a5de-0180-63293180b9b3" testName="Tester.AzureUtils.Lease.AzureBlobLeaseProviderTests.Provider_TryRenewLeaseWithWrongToken_Return_InvalidToken" computerName="cloudtest-win10" duration="00:00:01.7480055" startTime="2023-01-23T04:22:52.9725966+00:00" endTime="2023-01-23T04:22:52.9726451+00:00" testType="13cdc9d9-ddb5-4fa4-a97d-d965ccfc6d4b" outcome="Passed" testListId="8c84fa94-04c1-424b-9868-57a2d4851a1d" relativeResultsDirectory="c2cb82dd-0901-4ace-b8bf-e78fa96568dc" />
  </Results>
  <TestDefinitions>
    <UnitTest name="Tester.AzureUtils.Lease.AzureBlobLeaseProviderTests.Provider_TryRenewLeaseWithWrongToken_Return_InvalidToken" storage="c:\users\anna\orleans\test\extensions\testerazureutils\bin\debug\net7.0\tester.azureutils.dll" id="6e4130f8-49b6-a5de-0180-63293180b9b3">
      <Execution id="c2cb82dd-0901-4ace-b8bf-e78fa96568dc" />
      <TestMethod codeBase="C:\Users\anna\orleans\test\Extensions\TesterAzureUtils\bin\Debug\net7.0\Tester.AzureUtils.dll" adapterTypeName="executor://xunit/VsTestRunner2/netcoreapp" className="Tester.AzureUtils.Lease.AzureBlobLeaseProviderTests" name="Provider_TryRenewLeaseWithWrongToken_Return_InvalidToken" />
    </UnitTest>
  </TestDefinitions>
  <TestEntries>
    <TestEntry testId="6e4130f8-49b6-a5de-0180-63293180b9b3" executionId="c2cb82dd-0901-4ace-b8bf-e78fa96568dc" testListId="8c84fa94-04c1-424b-9868-57a2d4851a1d" />
  </TestEntries>
  <TestLists>
    <TestList name="Results Not in a List" id="8c84fa94-04c1-424b-9868-57a2d4851a1d" />
    <TestList name="All Loaded Results" id="19431567-8539-422a-85d7-44ee4e166bda" />
  </TestLists>
  <ResultSummary outcome="Completed">
    <Counters total="1" executed="1" passed="1" failed="0" error="0" timeout="0" aborted="0" inconclusive="0" passedButRunAborted="0" notRunnable="0" notExecuted="0" disconnected="0" warning="0" completed="0" inProgress="0" pending="0" />
    <Output>
      <StdOut>[xUnit.net 00:00:00.00] xUnit.net VSTest Adapter v2.4.5+1caef2f33e (64-bit .NET 7.0.2)&#xD;
[xUnit.net 00:00:01.23]   Discovering: Tester.AzureUtils (method display = ClassAndMethod, method display options = None)&#xD;
[xUnit.net 00:00:01.45]   Discovered:  Tester.AzureUtils (found 246 test cases)&#xD;
[xUnit.net 00:00:01.46]   Starting:    Tester.AzureUtils (parallel test collections = off, max threads = 4)&#xD;
[xUnit.net 00:00:03.31]   Finished:    Tester.AzureUtils&#xD;
</StdOut>
    </Output>
    <RunInfos>
      <RunInfo computerName="cloudtest-win10" outcome="Warning" timestamp="2023-01-23T04:22:53.1242470+00:00">
        <Text>Data collector 'Blame' message: All tests finished running, Sequence file will not be generated.</Text>
      </RunInfo>
    </RunInfos>
  </ResultSummary>
</TestRun>