<?xml version="1.0" encoding="utf-8"?>
<TestRun id="c5a1383b-46e4-45f1-85d1-d9f9cba715c5" name="anna@cloudtest-win10 2023-01-22 23:58:39" runUser="cloudtest-win10\anna" xmlns="http://microsoft.com/schemas/VisualStudio/TeamTest/2010">
  <Times creation="2023-01-22T23:58:39.4248894+00:00" queuing="2023-01-22T23:58:39.4248900+00:00" start="2023-01-22T23:58:32.8642184+00:00" finish="2023-01-22T23:58:39.4646445+00:00" />
  <TestSettings name="default" id="47187b49-643a-4956-9763-5ddffe3d2f6f">
    <Deployment runDeploymentRoot="anna_cloudtest-win10_2023-01-22_23_58_39" />
  </TestSettings>
  <Results>
    <UnitTestResult executionId="624f1d04-403f-4b23-8bd6-a46dccb5b678" testId="e1f937ca-e18c-358d-8d22-1975310785f5" testName="Tester.AzureUtils.AzureTableDataManagerTests.AzureTableDataManager_UpdateTwoTableEntriesConditionallyAsync" computerName="cloudtest-win10" duration="00:00:01.6840357" startTime="2023-01-22T23:58:39.1190722+00:00" endTime="2023-01-22T23:58:39.1191177+00:00" testType="13cdc9d9-ddb5-4fa4-a97d-d965ccfc6d4b" outcome="Failed" testListId="8c84fa94-04c1-424b-9868-57a2d4851a1d" relativeResultsDirectory="624f1d04-403f-4b23-8bd6-a46dccb5b678">
      <Output>
        <ErrorInfo>
          <Message>Azure.Data.Tables.TableTransactionFailedException : 0:The specified entity already exists.
RequestId:9c59c0a8-8002-0092-17bd-2ecfd1000000
Time:2023-01-22T23:58:39.1057547Z
 The index of the entity that caused the error can be found in FailedTransactionActionIndex.&#xD;
Status: 409 (Conflict)&#xD;
ErrorCode: EntityAlreadyExists&#xD;
&#xD;
Additional Information:&#xD;
FailedEntity: 0&#xD;
&#xD;
Content:&#xD;
{"odata.error":{"code":"EntityAlreadyExists","message":{"lang":"en-US","value":"0:The specified entity already exists.\nRequestId:9c59c0a8-8002-0092-17bd-2ecfd1000000\nTime:2023-01-22T23:58:39.1057547Z"}}}&#xD;
&#xD;
Headers:&#xD;
X-Content-Type-Options: REDACTED&#xD;
Cache-Control: no-cache&#xD;
DataServiceVersion: 3.0;&#xD;
Content-Type: application/json;odata=minimalmetadata;streaming=true;charset=utf-8&#xD;
</Message>
          <StackTrace>   at Azure.Data.Tables.TableRestClient.SendBatchRequestAsync(HttpMessage message, CancellationToken cancellationToken)&#xD;
   at Azure.Data.Tables.TableClient.SubmitTransactionInternalAsync(IEnumerable`1 transactionalBatch, Guid batchId, Guid changesetId, Boolean async, CancellationToken cancellationToken)&#xD;
   at Azure.Data.Tables.TableClient.SubmitTransactionAsync(IEnumerable`1 transactionActions, CancellationToken cancellationToken)&#xD;
   at Orleans.Clustering.AzureStorage.AzureTableDataManager`1.InsertTwoTableEntriesConditionallyAsync(T data1, T data2, String data2Etag) in C:\Users\anna\orleans\src\Azure\Shared\Storage\AzureTableDataManager.cs:line 620&#xD;
   at Tester.AzureUtils.AzureTableDataManagerTests.AzureTableDataManager_UpdateTwoTableEntriesConditionallyAsync() in C:\Users\anna\orleans\test\Extensions\TesterAzureUtils\AzureTableDataManagerTests.cs:line 289&#xD;
--- End of stack trace from previous location ---</StackTrace>
        </ErrorInfo>
      </Output>
    </UnitTestResult>
  </Results>
  <TestDefinitions>
    <UnitTest name="Tester.AzureUtils.AzureTableDataManagerTests.AzureTableDataManager_UpdateTwoTableEntriesConditionallyAsync" storage="c:\users\anna\orleans\test\extensions\testerazureutils\bin\debug\net7.0\tester.azureutils.dll" id="e1f937ca-e18c-358d-8d22-1975310785f5">
      <Execution id="624f1d04-403f-4b23-8bd6-a46dccb5b678" />
      <TestMethod codeBase="C:\Users\anna\orleans\test\Extensions\TesterAzureUtils\bin\Debug\net7.0\Tester.AzureUtils.dll" adapterTypeName="executor://xunit/VsTestRunner2/netcoreapp" className="Tester.AzureUtils.AzureTableDataManagerTests" name="AzureTableDataManager_UpdateTwoTableEntriesConditionallyAsync" />
    </UnitTest>
  </TestDefinitions>
  <TestEntries>
    <TestEntry testId="e1f937ca-e18c-358d-8d22-1975310785f5" executionId="624f1d04-403f-4b23-8bd6-a46dccb5b678" testListId="8c84fa94-04c1-424b-9868-57a2d4851a1d" />
  </TestEntries>
  <TestLists>
    <TestList name="Results Not in a List" id="8c84fa94-04c1-424b-9868-57a2d4851a1d" />
    <TestList name="All Loaded Results" id="19431567-8539-422a-85d7-44ee4e166bda" />
  </TestLists>
  <ResultSummary outcome="Failed">
    <Counters total="1" executed="1" passed="0" failed="1" error="0" timeout="0" aborted="0" inconclusive="0" passedButRunAborted="0" notRunnable="0" notExecuted="0" disconnected="0" warning="0" completed="0" inProgress="0" pending="0" />
    <Output>
      <StdOut>[xUnit.net 00:00:00.00] xUnit.net VSTest Adapter v2.4.5+1caef2f33e (64-bit .NET 7.0.2)&#xD;
[xUnit.net 00:00:01.28]   Discovering: Tester.AzureUtils (method display = ClassAndMethod, method display options = None)&#xD;
[xUnit.net 00:00:01.49]   Discovered:  Tester.AzureUtils (found 246 test cases)&#xD;
[xUnit.net 00:00:01.50]   Starting:    Tester.AzureUtils (parallel test collections = off, max threads = 4)&#xD;
[xUnit.net 00:00:03.27]       Azure.Data.Tables.TableTransactionFailedException : 0:The specified entity already exists.
RequestId:9c59c0a8-8002-0092-17bd-2ecfd1000000
Time:2023-01-22T23:58:39.1057547Z
 The index of the entity that caused the error can be found in FailedTransactionActionIndex.&#xD;
[xUnit.net 00:00:03.27]       Status: 409 (Conflict)&#xD;
[xUnit.net 00:00:03.27]       ErrorCode: EntityAlreadyExists&#xD;
[xUnit.net 00:00:03.27]       &#xD;
[xUnit.net 00:00:03.27]       Additional Information:&#xD;
[xUnit.net 00:00:03.28]       FailedEntity: 0&#xD;
[xUnit.net 00:00:03.28]       &#xD;
[xUnit.net 00:00:03.28]       Content:&#xD;
[xUnit.net 00:00:03.28]       {"odata.error":{"code":"EntityAlreadyExists","message":{"lang":"en-US","value":"0:The specified entity already exists.\nRequestId:9c59c0a8-8002-0092-17bd-2ecfd1000000\nTime:2023-01-22T23:58:39.1057547Z"}}}&#xD;
[xUnit.net 00:00:03.28]       &#xD;
[xUnit.net 00:00:03.28]       Headers:&#xD;
[xUnit.net 00:00:03.28]       X-Content-Type-Options: REDACTED&#xD;
[xUnit.net 00:00:03.28]       Cache-Control: no-cache&#xD;
[xUnit.net 00:00:03.28]       DataServiceVersion: 3.0;&#xD;
[xUnit.net 00:00:03.28]       Content-Type: application/json;odata=minimalmetadata;streaming=true;charset=utf-8&#xD;
[xUnit.net 00:00:03.28]       &#xD;
[xUnit.net 00:00:03.28]       Stack Trace:&#xD;
[xUnit.net 00:00:03.28]            at Azure.Data.Tables.TableRestClient.SendBatchRequestAsync(HttpMessage message, CancellationToken cancellationToken)&#xD;
[xUnit.net 00:00:03.28]            at Azure.Data.Tables.TableClient.SubmitTransactionInternalAsync(IEnumerable`1 transactionalBatch, Guid batchId, Guid changesetId, Boolean async, CancellationToken cancellationToken)&#xD;
[xUnit.net 00:00:03.28]            at Azure.Data.Tables.TableClient.SubmitTransactionAsync(IEnumerable`1 transactionActions, CancellationToken cancellationToken)&#xD;
[xUnit.net 00:00:03.28]         C:\Users\anna\orleans\src\Azure\Shared\Storage\AzureTableDataManager.cs(620,0): at Orleans.Clustering.AzureStorage.AzureTableDataManager`1.InsertTwoTableEntriesConditionallyAsync(T data1, T data2, String data2Etag)&#xD;
[xUnit.net 00:00:03.28]         C:\Users\anna\orleans\test\Extensions\TesterAzureUtils\AzureTableDataManagerTests.cs(289,0): at Tester.AzureUtils.AzureTableDataManagerTests.AzureTableDataManager_UpdateTwoTableEntriesConditionallyAsync()&#xD;
[xUnit.net 00:00:03.28]         --- End of stack trace from previous location ---&#xD;
[xUnit.net 00:00:03.32]   Finished:    Tester.AzureUtils&#xD;
</StdOut>
    </Output>
    <RunInfos>
      <RunInfo computerName="cloudtest-win10" outcome="Min" timestamp="2023-01-22T23:58:39.1048055+00:00">
        <Text>[xUnit.net 00:00:03.27]     Tester.AzureUtils.AzureTableDataManagerTests.AzureTableDataManager_UpdateTwoTableEntriesConditionallyAsync [FAIL]</Text>
      </RunInfo>
      <RunInfo computerName="cloudtest-win10" outcome="Warning" timestamp="2023-01-22T23:58:39.2765376+00:00">
        <Text>Data collector 'Blame' message: All tests finished running, Sequence file will not be generated.</Text>
      </RunInfo>
    </RunInfos>
  </ResultSummary>
</TestRun>