<?xml version="1.0" encoding="utf-8"?>
<TestRun id="75cb6718-b08d-4dea-9e34-43604f4069fc" name="anna@cloudtest-win10 2023-01-22 23:58:48" runUser="cloudtest-win10\anna" xmlns="http://microsoft.com/schemas/VisualStudio/TeamTest/2010">
  <Times creation="2023-01-22T23:58:48.2967052+00:00" queuing="2023-01-22T23:58:48.2967058+00:00" start="2023-01-22T23:58:41.5453759+00:00" finish="2023-01-22T23:58:48.3328920+00:00" />
  <TestSettings name="default" id="583c4f14-8292-45a3-8b63-d89fb95b4fb5">
    <Deployment runDeploymentRoot="anna_cloudtest-win10_2023-01-22_23_58_48" />
  </TestSettings>
  <Results>
    <UnitTestResult executionId="7f7bf474-1803-449b-9831-8629fd6eee0f" testId="e1f937ca-e18c-358d-8d22-1975310785f5" testName="Tester.AzureUtils.AzureTableDataManagerTests.AzureTableDataManager_UpdateTwoTableEntriesConditionallyAsync" computerName="cloudtest-win10" duration="00:00:01.8715795" startTime="2023-01-22T23:58:47.9907604+00:00" endTime="2023-01-22T23:58:47.9908090+00:00" testType="13cdc9d9-ddb5-4fa4-a97d-d965ccfc6d4b" outcome="Passed" testListId="8c84fa94-04c1-424b-9868-57a2d4851a1d" relativeResultsDirectory="7f7bf474-1803-449b-9831-8629fd6eee0f" />
  </Results>
  <TestDefinitions>
    <UnitTest name="Tester.AzureUtils.AzureTableDataManagerTests.AzureTableDataManager_UpdateTwoTableEntriesConditionallyAsync" storage="c:\users\anna\orleans\test\extensions\testerazureutils\bin\debug\net7.0\tester.azureutils.dll" id="e1f937ca-e18c-358d-8d22-1975310785f5">
      <Execution id="7f7bf474-1803-449b-9831-8629fd6eee0f" />
      <TestMethod codeBase="C:\Users\anna\orleans\test\Extensions\TesterAzureUtils\bin\Debug\net7.0\Tester.AzureUtils.dll" adapterTypeName="executor://xunit/VsTestRunner2/netcoreapp" className="Tester.AzureUtils.AzureTableDataManagerTests" name="AzureTableDataManager_UpdateTwoTableEntriesConditionallyAsync" />
    </UnitTest>
  </TestDefinitions>
  <TestEntries>
    <TestEntry testId="e1f937ca-e18c-358d-8d22-1975310785f5" executionId="7f7bf474-1803-449b-9831-8629fd6eee0f" testListId="8c84fa94-04c1-424b-9868-57a2d4851a1d" />
  </TestEntries>
  <TestLists>
    <TestList name="Results Not in a List" id="8c84fa94-04c1-424b-9868-57a2d4851a1d" />
    <TestList name="All Loaded Results" id="19431567-8539-422a-85d7-44ee4e166bda" />
  </TestLists>
  <ResultSummary outcome="Completed">
    <Counters total="1" executed="1" passed="1" failed="0" error="0" timeout="0" aborted="0" inconclusive="0" passedButRunAborted="0" notRunnable="0" notExecuted="0" disconnected="0" warning="0" completed="0" inProgress="0" pending="0" />
    <Output>
      <StdOut>[xUnit.net 00:00:00.00] xUnit.net VSTest Adapter v2.4.5+1caef2f33e (64-bit .NET 7.0.2)&#xD;
[xUnit.net 00:00:01.28]   Discovering: Tester.AzureUtils (method display = ClassAndMethod, method display options = None)&#xD;
[xUnit.net 00:00:01.49]   Discovered:  Tester.AzureUtils (found 246 test cases)&#xD;
[xUnit.net 00:00:01.51]   Starting:    Tester.AzureUtils (parallel test collections = off, max threads = 4)&#xD;
[xUnit.net 00:00:03.49]   Finished:    Tester.AzureUtils&#xD;
</StdOut>
    </Output>
    <RunInfos>
      <RunInfo computerName="cloudtest-win10" outcome="Warning" timestamp="2023-01-22T23:58:48.1466602+00:00">
        <Text>Data collector 'Blame' message: All tests finished running, Sequence file will not be generated.</Text>
      </RunInfo>
    </RunInfos>
  </ResultSummary>
</TestRun>