<?xml version="1.0" encoding="utf-8"?>
<TestRun id="fbd5b1b6-d4f4-45e0-9a1d-c91111adb193" name="anna@cloudtest-win10 2023-01-22 23:15:13" runUser="cloudtest-win10\anna" xmlns="http://microsoft.com/schemas/VisualStudio/TeamTest/2010">
  <Times creation="2023-01-22T23:15:13.2986877+00:00" queuing="2023-01-22T23:15:13.2986881+00:00" start="2023-01-22T23:15:07.0759549+00:00" finish="2023-01-22T23:15:13.3384944+00:00" />
  <TestSettings name="default" id="88f0eab7-411b-4971-99a1-19b1473b7caa">
    <Deployment runDeploymentRoot="anna_cloudtest-win10_2023-01-22_23_15_13" />
  </TestSettings>
  <Results>
    <UnitTestResult executionId="05971d86-97f1-407a-a4a5-25fe47d9bd30" testId="b022214c-8457-f389-e810-35b621e8360f" testName="Tester.AzureUtils.AzureQueueDataManagerTests.AQ_Standalone_4" computerName="cloudtest-win10" duration="00:00:01.1048482" startTime="2023-01-22T23:15:12.9875480+00:00" endTime="2023-01-22T23:15:12.9875934+00:00" testType="13cdc9d9-ddb5-4fa4-a97d-d965ccfc6d4b" outcome="Failed" testListId="8c84fa94-04c1-424b-9868-57a2d4851a1d" relativeResultsDirectory="05971d86-97f1-407a-a4a5-25fe47d9bd30">
      <Output>
        <ErrorInfo>
          <Message>Assert.Equal() Failure&#xD;
Expected: 1&#xD;
Actual:   2</Message>
          <StackTrace>   at Tester.AzureUtils.AzureQueueDataManagerTests.AQ_Standalone_4() in C:\Users\anna\orleans\test\Extensions\TesterAzureUtils\AzureQueueDataManagerTests.cs:line 140&#xD;
--- End of stack trace from previous location ---</StackTrace>
        </ErrorInfo>
      </Output>
    </UnitTestResult>
  </Results>
  <TestDefinitions>
    <UnitTest name="Tester.AzureUtils.AzureQueueDataManagerTests.AQ_Standalone_4" storage="c:\users\anna\orleans\test\extensions\testerazureutils\bin\debug\net7.0\tester.azureutils.dll" id="b022214c-8457-f389-e810-35b621e8360f">
      <Execution id="05971d86-97f1-407a-a4a5-25fe47d9bd30" />
      <TestMethod codeBase="C:\Users\anna\orleans\test\Extensions\TesterAzureUtils\bin\Debug\net7.0\Tester.AzureUtils.dll" adapterTypeName="executor://xunit/VsTestRunner2/netcoreapp" className="Tester.AzureUtils.AzureQueueDataManagerTests" name="AQ_Standalone_4" />
    </UnitTest>
  </TestDefinitions>
  <TestEntries>
    <TestEntry testId="b022214c-8457-f389-e810-35b621e8360f" executionId="05971d86-97f1-407a-a4a5-25fe47d9bd30" testListId="8c84fa94-04c1-424b-9868-57a2d4851a1d" />
  </TestEntries>
  <TestLists>
    <TestList name="Results Not in a List" id="8c84fa94-04c1-424b-9868-57a2d4851a1d" />
    <TestList name="All Loaded Results" id="19431567-8539-422a-85d7-44ee4e166bda" />
  </TestLists>
  <ResultSummary outcome="Failed">
    <Counters total="1" executed="1" passed="0" failed="1" error="0" timeout="0" aborted="0" inconclusive="0" passedButRunAborted="0" notRunnable="0" notExecuted="0" disconnected="0" warning="0" completed="0" inProgress="0" pending="0" />
    <Output>
      <StdOut>[xUnit.net 00:00:00.00] xUnit.net VSTest Adapter v2.4.5+1caef2f33e (64-bit .NET 7.0.2)&#xD;
[xUnit.net 00:00:01.27]   Discovering: Tester.AzureUtils (method display = ClassAndMethod, method display options = None)&#xD;
[xUnit.net 00:00:01.48]   Discovered:  Tester.AzureUtils (found 246 test cases)&#xD;
[xUnit.net 00:00:01.49]   Starting:    Tester.AzureUtils (parallel test collections = off, max threads = 4)&#xD;
[xUnit.net 00:00:02.92]       Assert.Equal() Failure&#xD;
[xUnit.net 00:00:02.92]       Expected: 1&#xD;
[xUnit.net 00:00:02.92]       Actual:   2&#xD;
[xUnit.net 00:00:02.92]       Stack Trace:&#xD;
[xUnit.net 00:00:02.92]         C:\Users\anna\orleans\test\Extensions\TesterAzureUtils\AzureQueueDataManagerTests.cs(140,0): at Tester.AzureUtils.AzureQueueDataManagerTests.AQ_Standalone_4()&#xD;
[xUnit.net 00:00:02.92]         --- End of stack trace from previous location ---&#xD;
[xUnit.net 00:00:02.96]   Finished:    Tester.AzureUtils&#xD;
</StdOut>
    </Output>
    <RunInfos>
      <RunInfo computerName="cloudtest-win10" outcome="Min" timestamp="2023-01-22T23:15:12.9828666+00:00">
        <Text>[xUnit.net 00:00:02.91]     Tester.AzureUtils.AzureQueueDataManagerTests.AQ_Standalone_4 [FAIL]</Text>
      </RunInfo>
      <RunInfo computerName="cloudtest-win10" outcome="Warning" timestamp="2023-01-22T23:15:13.1515989+00:00">
        <Text>Data collector 'Blame' message: All tests finished running, Sequence file will not be generated.</Text>
      </RunInfo>
    </RunInfos>
  </ResultSummary>
</TestRun>