<?xml version="1.0" encoding="utf-8"?>
<TestRun id="1c7ebf55-51d9-499a-8574-49c8d1edcda5" name="anna@cloudtest-win10 2023-01-22 23:15:21" runUser="cloudtest-win10\anna" xmlns="http://microsoft.com/schemas/VisualStudio/TeamTest/2010">
  <Times creation="2023-01-22T23:15:21.7302953+00:00" queuing="2023-01-22T23:15:21.7302959+00:00" start="2023-01-22T23:15:15.4302330+00:00" finish="2023-01-22T23:15:21.7709675+00:00" />
  <TestSettings name="default" id="7f84425f-83db-4892-9263-9540c34054b5">
    <Deployment runDeploymentRoot="anna_cloudtest-win10_2023-01-22_23_15_21" />
  </TestSettings>
  <Results>
    <UnitTestResult executionId="6eb587e6-4d34-41f7-9b00-9977c856807a" testId="b022214c-8457-f389-e810-35b621e8360f" testName="Tester.AzureUtils.AzureQueueDataManagerTests.AQ_Standalone_4" computerName="cloudtest-win10" duration="00:00:01.2164974" startTime="2023-01-22T23:15:21.4195099+00:00" endTime="2023-01-22T23:15:21.4195569+00:00" testType="13cdc9d9-ddb5-4fa4-a97d-d965ccfc6d4b" outcome="Failed" testListId="8c84fa94-04c1-424b-9868-57a2d4851a1d" relativeResultsDirectory="6eb587e6-4d34-41f7-9b00-9977c856807a">
      <Output>
        <ErrorInfo>
          <Message>System.NullReferenceException : Object reference not set to an instance of an object.</Message>
          <StackTrace>   at Tester.AzureUtils.AzureQueueDataManagerTests.PrintQueueMessage(QueueMessage message) in C:\Users\anna\orleans\test\Extensions\TesterAzureUtils\AzureQueueDataManagerTests.cs:line 159&#xD;
   at Tester.AzureUtils.AzureQueueDataManagerTests.AQ_Standalone_4() in C:\Users\anna\orleans\test\Extensions\TesterAzureUtils\AzureQueueDataManagerTests.cs:line 143&#xD;
--- End of stack trace from previous location ---</StackTrace>
        </ErrorInfo>
      </Output>
    </UnitTestResult>
  </Results>
  <TestDefinitions>
    <UnitTest name="Tester.AzureUtils.AzureQueueDataManagerTests.AQ_Standalone_4" storage="c:\users\anna\orleans\test\extensions\testerazureutils\bin\debug\net7.0\tester.azureutils.dll" id="b022214c-8457-f389-e810-35b621e8360f">
      <Execution id="6eb587e6-4d34-41f7-9b00-9977c856807a" />
      <TestMethod codeBase="C:\Users\anna\orleans\test\Extensions\TesterAzureUtils\bin\Debug\net7.0\Tester.AzureUtils.dll" adapterTypeName="executor://xunit/VsTestRunner2/netcoreapp" className="Tester.AzureUtils.AzureQueueDataManagerTests" name="AQ_Standalone_4" />
    </UnitTest>
  </TestDefinitions>
  <TestEntries>
    <TestEntry testId="b022214c-8457-f389-e810-35b621e8360f" executionId="6eb587e6-4d34-41f7-9b00-9977c856807a" testListId="8c84fa94-04c1-424b-9868-57a2d4851a1d" />
  </TestEntries>
  <TestLists>
    <TestList name="Results Not in a List" id="8c84fa94-04c1-424b-9868-57a2d4851a1d" />
    <TestList name="All Loaded Results" id="19431567-8539-422a-85d7-44ee4e166bda" />
  </TestLists>
  <ResultSummary outcome="Failed">
    <Counters total="1" executed="1" passed="0" failed="1" error="0" timeout="0" aborted="0" inconclusive="0" passedButRunAborted="0" notRunnable="0" notExecuted="0" disconnected="0" warning="0" completed="0" inProgress="0" pending="0" />
    <Output>
      <StdOut>[xUnit.net 00:00:00.00] xUnit.net VSTest Adapter v2.4.5+1caef2f33e (64-bit .NET 7.0.2)&#xD;
[xUnit.net 00:00:01.27]   Discovering: Tester.AzureUtils (method display = ClassAndMethod, method display options = None)&#xD;
[xUnit.net 00:00:01.48]   Discovered:  Tester.AzureUtils (found 246 test cases)&#xD;
[xUnit.net 00:00:01.49]   Starting:    Tester.AzureUtils (parallel test collections = off, max threads = 4)&#xD;
[xUnit.net 00:00:03.01]       System.NullReferenceException : Object reference not set to an instance of an object.&#xD;
[xUnit.net 00:00:03.01]       Stack Trace:&#xD;
[xUnit.net 00:00:03.01]         C:\Users\anna\orleans\test\Extensions\TesterAzureUtils\AzureQueueDataManagerTests.cs(159,0): at Tester.AzureUtils.AzureQueueDataManagerTests.PrintQueueMessage(QueueMessage message)&#xD;
[xUnit.net 00:00:03.01]         C:\Users\anna\orleans\test\Extensions\TesterAzureUtils\AzureQueueDataManagerTests.cs(143,0): at Tester.AzureUtils.AzureQueueDataManagerTests.AQ_Standalone_4()&#xD;
[xUnit.net 00:00:03.01]         --- End of stack trace from previous location ---&#xD;
[xUnit.net 00:00:03.05]   Finished:    Tester.AzureUtils&#xD;
</StdOut>
    </Output>
    <RunInfos>
      <RunInfo computerName="cloudtest-win10" outcome="Min" timestamp="2023-01-22T23:15:21.4143981+00:00">
        <Text>[xUnit.net 00:00:03.01]     Tester.AzureUtils.AzureQueueDataManagerTests.AQ_Standalone_4 [FAIL]</Text>
      </RunInfo>
      <RunInfo computerName="cloudtest-win10" outcome="Warning" timestamp="2023-01-22T23:15:21.5833156+00:00">
        <Text>Data collector 'Blame' message: All tests finished running, Sequence file will not be generated.</Text>
      </RunInfo>
    </RunInfos>
  </ResultSummary>
</TestRun>