<?xml version="1.0" encoding="utf-8"?>
<TestRun id="808107b8-50b1-4035-8f03-346df5e0e197" name="anna@cloudtest-win10 2023-01-22 23:15:04" runUser="cloudtest-win10\anna" xmlns="http://microsoft.com/schemas/VisualStudio/TeamTest/2010">
  <Times creation="2023-01-22T23:15:04.9332759+00:00" queuing="2023-01-22T23:15:04.9332766+00:00" start="2023-01-22T23:14:56.6123238+00:00" finish="2023-01-22T23:15:04.9707753+00:00" />
  <TestSettings name="default" id="5f6f21e5-8b5b-43c7-9ce5-7ed02fafc939">
    <Deployment runDeploymentRoot="anna_cloudtest-win10_2023-01-22_23_15_04" />
  </TestSettings>
  <Results>
    <UnitTestResult executionId="798cb657-b09b-4bff-8b7d-0dd51da63ee8" testId="b022214c-8457-f389-e810-35b621e8360f" testName="Tester.AzureUtils.AzureQueueDataManagerTests.AQ_Standalone_4" computerName="cloudtest-win10" duration="00:00:03.1982111" startTime="2023-01-22T23:15:04.6220490+00:00" endTime="2023-01-22T23:15:04.6220944+00:00" testType="13cdc9d9-ddb5-4fa4-a97d-d965ccfc6d4b" outcome="Passed" testListId="8c84fa94-04c1-424b-9868-57a2d4851a1d" relativeResultsDirectory="798cb657-b09b-4bff-8b7d-0dd51da63ee8" />
  </Results>
  <TestDefinitions>
    <UnitTest name="Tester.AzureUtils.AzureQueueDataManagerTests.AQ_Standalone_4" storage="c:\users\anna\orleans\test\extensions\testerazureutils\bin\debug\net7.0\tester.azureutils.dll" id="b022214c-8457-f389-e810-35b621e8360f">
      <Execution id="798cb657-b09b-4bff-8b7d-0dd51da63ee8" />
      <TestMethod codeBase="C:\Users\anna\orleans\test\Extensions\TesterAzureUtils\bin\Debug\net7.0\Tester.AzureUtils.dll" adapterTypeName="executor://xunit/VsTestRunner2/netcoreapp" className="Tester.AzureUtils.AzureQueueDataManagerTests" name="AQ_Standalone_4" />
    </UnitTest>
  </TestDefinitions>
  <TestEntries>
    <TestEntry testId="b022214c-8457-f389-e810-35b621e8360f" executionId="798cb657-b09b-4bff-8b7d-0dd51da63ee8" testListId="8c84fa94-04c1-424b-9868-57a2d4851a1d" />
  </TestEntries>
  <TestLists>
    <TestList name="Results Not in a List" id="8c84fa94-04c1-424b-9868-57a2d4851a1d" />
    <TestList name="All Loaded Results" id="19431567-8539-422a-85d7-44ee4e166bda" />
  </TestLists>
  <ResultSummary outcome="Completed">
    <Counters total="1" executed="1" passed="1" failed="0" error="0" timeout="0" aborted="0" inconclusive="0" passedButRunAborted="0" notRunnable="0" notExecuted="0" disconnected="0" warning="0" completed="0" inProgress="0" pending="0" />
    <Output>
      <StdOut>[xUnit.net 00:00:00.00] xUnit.net VSTest Adapter v2.4.5+1caef2f33e (64-bit .NET 7.0.2)&#xD;
[xUnit.net 00:00:01.27]   Discovering: Tester.AzureUtils (method display = ClassAndMethod, method display options = None)&#xD;
[xUnit.net 00:00:01.48]   Discovered:  Tester.AzureUtils (found 246 test cases)&#xD;
[xUnit.net 00:00:01.50]   Starting:    Tester.AzureUtils (parallel test collections = off, max threads = 4)&#xD;
[xUnit.net 00:00:05.07]   Finished:    Tester.AzureUtils&#xD;
</StdOut>
    </Output>
    <RunInfos>
      <RunInfo computerName="cloudtest-win10" outcome="Warning" timestamp="2023-01-22T23:15:04.7832701+00:00">
        <Text>Data collector 'Blame' message: All tests finished running, Sequence file will not be generated.</Text>
      </RunInfo>
    </RunInfos>
  </ResultSummary>
</TestRun>