<?xml version="1.0" encoding="utf-8"?>
<TestRun id="c8cb411c-512f-43eb-9289-3cc0911b5cc2" name="anna@cloudtest-win10 2023-01-23 00:02:37" runUser="cloudtest-win10\anna" xmlns="http://microsoft.com/schemas/VisualStudio/TeamTest/2010">
  <Times creation="2023-01-23T00:02:37.3824774+00:00" queuing="2023-01-23T00:02:37.3824778+00:00" start="2023-01-23T00:02:27.7037786+00:00" finish="2023-01-23T00:02:51.4203931+00:00" />
  <TestSettings name="default" id="f7aba6fc-a3b8-40de-b2b4-ece986d4ede3">
    <Deployment runDeploymentRoot="anna_cloudtest-win10_2023-01-23_00_02_37" />
  </TestSettings>
  <Results>
    <UnitTestResult executionId="e7f579fb-54e4-487b-8a7e-a3df29cf4f46" testId="c214a608-493a-4a2d-277d-93fc4462ed62" testName="Tester.AzureUtils.General.GenericGrainsInAzureBlobStorageTests.Generic_OnAzureBlobStorage_LongNamedGrain_EchoValue" computerName="cloudtest-win10" duration="00:00:01.2606659" startTime="2023-01-23T00:02:37.0496744+00:00" endTime="2023-01-23T00:02:37.0497229+00:00" testType="13cdc9d9-ddb5-4fa4-a97d-d965ccfc6d4b" outcome="Passed" testListId="8c84fa94-04c1-424b-9868-57a2d4851a1d" relativeResultsDirectory="e7f579fb-54e4-487b-8a7e-a3df29cf4f46" />
  </Results>
  <TestDefinitions>
    <UnitTest name="Tester.AzureUtils.General.GenericGrainsInAzureBlobStorageTests.Generic_OnAzureBlobStorage_LongNamedGrain_EchoValue" storage="c:\users\anna\orleans\test\extensions\testerazureutils\bin\debug\net7.0\tester.azureutils.dll" id="c214a608-493a-4a2d-277d-93fc4462ed62">
      <Execution id="e7f579fb-54e4-487b-8a7e-a3df29cf4f46" />
      <TestMethod codeBase="C:\Users\anna\orleans\test\Extensions\TesterAzureUtils\bin\Debug\net7.0\Tester.AzureUtils.dll" adapterTypeName="executor://xunit/VsTestRunner2/netcoreapp" className="Tester.AzureUtils.General.GenericGrainsInAzureBlobStorageTests" name="Generic_OnAzureBlobStorage_LongNamedGrain_EchoValue" />
    </UnitTest>
  </TestDefinitions>
  <TestEntries>
    <TestEntry testId="c214a608-493a-4a2d-277d-93fc4462ed62" executionId="e7f579fb-54e4-487b-8a7e-a3df29cf4f46" testListId="8c84fa94-04c1-424b-9868-57a2d4851a1d" />
  </TestEntries>
  <TestLists>
    <TestList name="Results Not in a List" id="8c84fa94-04c1-424b-9868-57a2d4851a1d" />
    <TestList name="All Loaded Results" id="19431567-8539-422a-85d7-44ee4e166bda" />
  </TestLists>
  <ResultSummary outcome="Completed">
    <Counters total="1" executed="1" passed="1" failed="0" error="0" timeout="0" aborted="0" inconclusive="0" passedButRunAborted="0" notRunnable="0" notExecuted="0" disconnected="0" warning="0" completed="0" inProgress="0" pending="0" />
    <Output>
      <StdOut>[xUnit.net 00:00:00.00] xUnit.net VSTest Adapter v2.4.5+1caef2f33e (64-bit .NET 7.0.2)&#xD;
[xUnit.net 00:00:01.27]   Discovering: Tester.AzureUtils (method display = ClassAndMethod, method display options = None)&#xD;
[xUnit.net 00:00:01.48]   Discovered:  Tester.AzureUtils (found 246 test cases)&#xD;
[xUnit.net 00:00:01.49]   Starting:    Tester.AzureUtils (parallel test collections = off, max threads = 4)&#xD;
[xUnit.net 00:00:20.54]   Finished:    Tester.AzureUtils&#xD;
</StdOut>
    </Output>
    <RunInfos>
      <RunInfo computerName="cloudtest-win10" outcome="Warning" timestamp="2023-01-23T00:02:51.3263164+00:00">
        <Text>Data collector 'Blame' message: All tests finished running, Sequence file will not be generated.</Text>
      </RunInfo>
    </RunInfos>
  </ResultSummary>
</TestRun>