<?xml version="1.0" encoding="utf-8"?>
<TestRun id="95a574f6-4cb4-4a97-a528-a14cbe3fd714" name="anna@cloudtest-win10 2023-01-23 00:03:29" runUser="cloudtest-win10\anna" xmlns="http://microsoft.com/schemas/VisualStudio/TeamTest/2010">
  <Times creation="2023-01-23T00:03:29.6810952+00:00" queuing="2023-01-23T00:03:29.6810956+00:00" start="2023-01-23T00:03:19.3188593+00:00" finish="2023-01-23T00:03:42.9036807+00:00" />
  <TestSettings name="default" id="6bec12a3-463b-449d-babd-85322c73e82a">
    <Deployment runDeploymentRoot="anna_cloudtest-win10_2023-01-23_00_03_29" />
  </TestSettings>
  <Results>
    <UnitTestResult executionId="18f54f40-e4a2-4be4-9a9d-efda426856f1" testId="c214a608-493a-4a2d-277d-93fc4462ed62" testName="Tester.AzureUtils.General.GenericGrainsInAzureBlobStorageTests.Generic_OnAzureBlobStorage_LongNamedGrain_EchoValue" computerName="cloudtest-win10" duration="00:00:00.4557317" startTime="2023-01-23T00:03:28.5416812+00:00" endTime="2023-01-23T00:03:28.5417272+00:00" testType="13cdc9d9-ddb5-4fa4-a97d-d965ccfc6d4b" outcome="Passed" testListId="8c84fa94-04c1-424b-9868-57a2d4851a1d" relativeResultsDirectory="18f54f40-e4a2-4be4-9a9d-efda426856f1" />
  </Results>
  <TestDefinitions>
    <UnitTest name="Tester.AzureUtils.General.GenericGrainsInAzureBlobStorageTests.Generic_OnAzureBlobStorage_LongNamedGrain_EchoValue" storage="c:\users\anna\orleans\test\extensions\testerazureutils\bin\debug\net7.0\tester.azureutils.dll" id="c214a608-493a-4a2d-277d-93fc4462ed62">
      <Execution id="18f54f40-e4a2-4be4-9a9d-efda426856f1" />
      <TestMethod codeBase="C:\Users\anna\orleans\test\Extensions\TesterAzureUtils\bin\Debug\net7.0\Tester.AzureUtils.dll" adapterTypeName="executor://xunit/VsTestRunner2/netcoreapp" className="Tester.AzureUtils.General.GenericGrainsInAzureBlobStorageTests" name="Generic_OnAzureBlobStorage_LongNamedGrain_EchoValue" />
    </UnitTest>
  </TestDefinitions>
  <TestEntries>
    <TestEntry testId="c214a608-493a-4a2d-277d-93fc4462ed62" executionId="18f54f40-e4a2-4be4-9a9d-efda426856f1" testListId="8c84fa94-04c1-424b-9868-57a2d4851a1d" />
  </TestEntries>
  <TestLists>
    <TestList name="Results Not in a List" id="8c84fa94-04c1-424b-9868-57a2d4851a1d" />
    <TestList name="All Loaded Results" id="19431567-8539-422a-85d7-44ee4e166bda" />
  </TestLists>
  <ResultSummary outcome="Completed">
    <Counters total="1" executed="1" passed="1" failed="0" error="0" timeout="0" aborted="0" inconclusive="0" passedButRunAborted="0" notRunnable="0" notExecuted="0" disconnected="0" warning="0" completed="0" inProgress="0" pending="0" />
    <Output>
      <StdOut>[xUnit.net 00:00:00.00] xUnit.net VSTest Adapter v2.4.5+1caef2f33e (64-bit .NET 7.0.2)&#xD;
[xUnit.net 00:00:01.26]   Discovering: Tester.AzureUtils (method display = ClassAndMethod, method display options = None)&#xD;
[xUnit.net 00:00:01.47]   Discovered:  Tester.AzureUtils (found 246 test cases)&#xD;
[xUnit.net 00:00:01.49]   Starting:    Tester.AzureUtils (parallel test collections = off, max threads = 4)&#xD;
[xUnit.net 00:00:20.41]   Finished:    Tester.AzureUtils&#xD;
</StdOut>
    </Output>
    <RunInfos>
      <RunInfo computerName="cloudtest-win10" outcome="Warning" timestamp="2023-01-23T00:03:42.8105684+00:00">
        <Text>Data collector 'Blame' message: All tests finished running, Sequence file will not be generated.</Text>
      </RunInfo>
    </RunInfos>
  </ResultSummary>
</TestRun>