<?xml version="1.0" encoding="utf-8"?>
<TestRun id="41ecd2a1-01f5-49c9-9f82-10bceb6132b7" name="anna@cloudtest-win10 2023-01-23 21:17:26" runUser="cloudtest-win10\anna" xmlns="http://microsoft.com/schemas/VisualStudio/TeamTest/2010">
  <Times creation="2023-01-23T21:17:26.7180465+00:00" queuing="2023-01-23T21:17:26.7180472+00:00" start="2023-01-23T21:16:43.7529198+00:00" finish="2023-01-23T21:17:56.0125530+00:00" />
  <TestSettings name="default" id="ce7cfe1c-ab58-4985-a600-236b732f1777">
    <Deployment runDeploymentRoot="anna_cloudtest-win10_2023-01-23_21_17_26" />
  </TestSettings>
  <Results>
    <UnitTestResult executionId="5da3ac09-148b-4213-ae85-e6bc965f53c8" testId="5b7e1b06-615e-d006-acf4-96177d2222b3" testName="Tester.AzureUtils.Persistence.PersistenceStateTests_AzureTableGrainStorage.Grain_AzureTableGrainStorage_SiloRestart" computerName="cloudtest-win10" duration="00:00:32.9590973" startTime="2023-01-23T21:17:26.6095459+00:00" endTime="2023-01-23T21:17:26.6095904+00:00" testType="13cdc9d9-ddb5-4fa4-a97d-d965ccfc6d4b" outcome="Failed" testListId="8c84fa94-04c1-424b-9868-57a2d4851a1d" relativeResultsDirectory="5da3ac09-148b-4213-ae85-e6bc965f53c8">
      <Output>
        <StdOut>ClusterId=testcluster-2023-01-23t21-16-48-516 ServiceId=080812aa41824a4193fa81af1cf81867&#xD;
About to reset Silos&#xD;
Silos restarted&#xD;
ClusterId=testcluster-2023-01-23t21-16-48-516 ServiceId=080812aa41824a4193fa81af1cf81867</StdOut>
        <ErrorInfo>
          <Message>Orleans.Storage.TableStorageUpdateConditionNotSatisfiedException : Table storage condition not Satisfied.  GrainType: state, GrainId: new-test-storage-grain/adc5b644c09b4de1a82e44c313310373, TableName: OrleansGrainState, StoredETag: Unknown, CurrentETag: W/"datetime'2023-01-23T21%3A16%3A53.8862125Z'"&#xD;
---- Azure.RequestFailedException : The update condition specified in the request was not satisfied.
RequestId:af72b8c1-fc69-470a-8dcf-f929a1a34416
Time:2023-01-23T21:17:26.543Z&#xD;
Status: 412 (Precondition Failed)&#xD;
ErrorCode: UpdateConditionNotSatisfied&#xD;
&#xD;
Content:&#xD;
{"odata.error":{"code":"UpdateConditionNotSatisfied","message":{"lang":"en-US","value":"The update condition specified in the request was not satisfied.\nRequestId:af72b8c1-fc69-470a-8dcf-f929a1a34416\nTime:2023-01-23T21:17:26.543Z"}}}&#xD;
&#xD;
Headers:&#xD;
Server: Azurite-Table/3.20.1&#xD;
x-ms-error-code: REDACTED&#xD;
x-ms-request-id: af72b8c1-fc69-470a-8dcf-f929a1a34416&#xD;
x-ms-version: REDACTED&#xD;
Date: Mon, 23 Jan 2023 21:17:26 GMT&#xD;
Keep-Alive: REDACTED&#xD;
Connection: keep-alive&#xD;
Content-Type: application/json; odata=minimalmetadata; streaming=true; charset=utf-8&#xD;
Content-Length: 235&#xD;
</Message>
          <StackTrace>   at Orleans.Storage.AzureTableGrainStorage.DoOptimisticUpdate(Func`1 updateOperation, String grainType, GrainId grainId, String tableName, String currentETag) in C:\Users\anna\orleans\src\Azure\Orleans.Persistence.AzureStorage\Providers\Storage\AzureTableStorage.cs:line 192&#xD;
   at Orleans.Storage.AzureTableGrainStorage.WriteStateAsync[T](String grainType, GrainId grainId, IGrainState`1 grainState) in C:\Users\anna\orleans\src\Azure\Orleans.Persistence.AzureStorage\Providers\Storage\AzureTableStorage.cs:line 113&#xD;
   at Orleans.Core.StateStorageBridge`1.WriteStateAsync() in C:\Users\anna\orleans\src\Orleans.Runtime\Storage\StateStorageBridge.cs:line 93&#xD;
   at Orleans.Runtime.TaskRequest.Invoke() in C:\Users\anna\orleans\src\Orleans.Core.Abstractions\Runtime\GrainReference.cs:line 690&#xD;
--- End of stack trace from previous location ---&#xD;
   at Orleans.Serialization.Invocation.ResponseCompletionSource.System.Threading.Tasks.Sources.IValueTaskSource.GetResult(Int16 token) in C:\Users\anna\orleans\src\Orleans.Serialization\Invocation\ResponseCompletionSource.cs:line 98&#xD;
   at System.Threading.Tasks.ValueTask.ValueTaskSourceAsTask.&lt;&gt;c.&lt;.cctor&gt;b__4_0(Object state)&#xD;
--- End of stack trace from previous location ---&#xD;
   at TestExtensions.Runners.GrainPersistenceTestsRunner.Grain_GrainStorage_SiloRestart() in C:\Users\anna\orleans\test\TesterInternal\TestRunners\GrainPersistenceTestRunner.cs:line 323&#xD;
   at Tester.AzureUtils.Persistence.PersistenceStateTests_AzureTableGrainStorage.Grain_AzureTableGrainStorage_SiloRestart() in C:\Users\anna\orleans\test\Extensions\TesterAzureUtils\Persistence\PersistenceStateTests_AzureTableGrainStorage.cs:line 87&#xD;
--- End of stack trace from previous location ---&#xD;
----- Inner Stack Trace -----&#xD;
   at Azure.Data.Tables.TableRestClient.UpdateEntityAsync(String table, String partitionKey, String rowKey, Nullable`1 timeout, String ifMatch, IDictionary`2 tableEntityProperties, QueryOptions queryOptions, CancellationToken cancellationToken)&#xD;
   at Azure.Data.Tables.TableClient.UpdateEntityAsync[T](T entity, ETag ifMatch, TableUpdateMode mode, CancellationToken cancellationToken)&#xD;
   at Orleans.Persistence.AzureStorage.AzureTableDataManager`1.UpdateTableEntryAsync(T data, ETag dataEtag) in C:\Users\anna\orleans\src\Azure\Shared\Storage\AzureTableDataManager.cs:line 322&#xD;
   at Orleans.Storage.AzureTableGrainStorage.GrainStateTableDataManager.Write(TableEntity entity) in C:\Users\anna\orleans\src\Azure\Orleans.Persistence.AzureStorage\Providers\Storage\AzureTableStorage.cs:line 457&#xD;
   at Orleans.Storage.AzureTableGrainStorage.DoOptimisticUpdate(Func`1 updateOperation, String grainType, GrainId grainId, String tableName, String currentETag) in C:\Users\anna\orleans\src\Azure\Orleans.Persistence.AzureStorage\Providers\Storage\AzureTableStorage.cs:line 188&#xD;
--- End of stack trace from previous location ---&#xD;
</StackTrace>
        </ErrorInfo>
      </Output>
    </UnitTestResult>
  </Results>
  <TestDefinitions>
    <UnitTest name="Tester.AzureUtils.Persistence.PersistenceStateTests_AzureTableGrainStorage.Grain_AzureTableGrainStorage_SiloRestart" storage="c:\users\anna\orleans\test\extensions\testerazureutils\bin\debug\net7.0\tester.azureutils.dll" id="5b7e1b06-615e-d006-acf4-96177d2222b3">
      <Execution id="5da3ac09-148b-4213-ae85-e6bc965f53c8" />
      <TestMethod codeBase="C:\Users\anna\orleans\test\Extensions\TesterAzureUtils\bin\Debug\net7.0\Tester.AzureUtils.dll" adapterTypeName="executor://xunit/VsTestRunner2/netcoreapp" className="Tester.AzureUtils.Persistence.PersistenceStateTests_AzureTableGrainStorage" name="Grain_AzureTableGrainStorage_SiloRestart" />
    </UnitTest>
  </TestDefinitions>
  <TestEntries>
    <TestEntry testId="5b7e1b06-615e-d006-acf4-96177d2222b3" executionId="5da3ac09-148b-4213-ae85-e6bc965f53c8" testListId="8c84fa94-04c1-424b-9868-57a2d4851a1d" />
  </TestEntries>
  <TestLists>
    <TestList name="Results Not in a List" id="8c84fa94-04c1-424b-9868-57a2d4851a1d" />
    <TestList name="All Loaded Results" id="19431567-8539-422a-85d7-44ee4e166bda" />
  </TestLists>
  <ResultSummary outcome="Failed">
    <Counters total="1" executed="1" passed="0" failed="1" error="0" timeout="0" aborted="0" inconclusive="0" passedButRunAborted="0" notRunnable="0" notExecuted="0" disconnected="0" warning="0" completed="0" inProgress="0" pending="0" />
    <Output>
      <StdOut>[xUnit.net 00:00:00.00] xUnit.net VSTest Adapter v2.4.5+1caef2f33e (64-bit .NET 7.0.2)&#xD;
[xUnit.net 00:00:01.25]   Discovering: Tester.AzureUtils (method display = ClassAndMethod, method display options = None)&#xD;
[xUnit.net 00:00:01.45]   Discovered:  Tester.AzureUtils (found 246 test cases)&#xD;
[xUnit.net 00:00:01.47]   Starting:    Tester.AzureUtils (parallel test collections = off, max threads = 4)&#xD;
[xUnit.net 00:00:39.90]       Orleans.Storage.TableStorageUpdateConditionNotSatisfiedException : Table storage condition not Satisfied.  GrainType: state, GrainId: new-test-storage-grain/adc5b644c09b4de1a82e44c313310373, TableName: OrleansGrainState, StoredETag: Unknown, CurrentETag: W/"datetime'2023-01-23T21%3A16%3A53.8862125Z'"&#xD;
[xUnit.net 00:00:39.90]       ---- Azure.RequestFailedException : The update condition specified in the request was not satisfied.
RequestId:af72b8c1-fc69-470a-8dcf-f929a1a34416
Time:2023-01-23T21:17:26.543Z&#xD;
[xUnit.net 00:00:39.90]       Status: 412 (Precondition Failed)&#xD;
[xUnit.net 00:00:39.90]       ErrorCode: UpdateConditionNotSatisfied&#xD;
[xUnit.net 00:00:39.90]       &#xD;
[xUnit.net 00:00:39.90]       Content:&#xD;
[xUnit.net 00:00:39.90]       {"odata.error":{"code":"UpdateConditionNotSatisfied","message":{"lang":"en-US","value":"The update condition specified in the request was not satisfied.\nRequestId:af72b8c1-fc69-470a-8dcf-f929a1a34416\nTime:2023-01-23T21:17:26.543Z"}}}&#xD;
[xUnit.net 00:00:39.90]       &#xD;
[xUnit.net 00:00:39.90]       Headers:&#xD;
[xUnit.net 00:00:39.90]       Server: Azurite-Table/3.20.1&#xD;
[xUnit.net 00:00:39.90]       x-ms-error-code: REDACTED&#xD;
[xUnit.net 00:00:39.90]       x-ms-request-id: af72b8c1-fc69-470a-8dcf-f929a1a34416&#xD;
[xUnit.net 00:00:39.90]       x-ms-version: REDACTED&#xD;
[xUnit.net 00:00:39.90]       Date: Mon, 23 Jan 2023 21:17:26 GMT&#xD;
[xUnit.net 00:00:39.90]       Keep-Alive: REDACTED&#xD;
[xUnit.net 00:00:39.90]       Connection: keep-alive&#xD;
[xUnit.net 00:00:39.90]       Content-Type: application/json; odata=minimalmetadata; streaming=true; charset=utf-8&#xD;
[xUnit.net 00:00:39.90]       Content-Length: 235&#xD;
[xUnit.net 00:00:39.90]       &#xD;
[xUnit.net 00:00:39.90]       Stack Trace:&#xD;
[xUnit.net 00:00:39.90]         C:\Users\anna\orleans\src\Azure\Orleans.Persistence.AzureStorage\Providers\Storage\AzureTableStorage.cs(192,0): at Orleans.Storage.AzureTableGrainStorage.DoOptimisticUpdate(Func`1 updateOperation, String grainType, GrainId grainId, String tableName, String currentETag)&#xD;
[xUnit.net 00:00:39.90]         C:\Users\anna\orleans\src\Azure\Orleans.Persistence.AzureStorage\Providers\Storage\AzureTableStorage.cs(113,0): at Orleans.Storage.AzureTableGrainStorage.WriteStateAsync[T](String grainType, GrainId grainId, IGrainState`1 grainState)&#xD;
[xUnit.net 00:00:39.90]         C:\Users\anna\orleans\src\Orleans.Runtime\Storage\StateStorageBridge.cs(93,0): at Orleans.Core.StateStorageBridge`1.WriteStateAsync()&#xD;
[xUnit.net 00:00:39.90]         C:\Users\anna\orleans\src\Orleans.Core.Abstractions\Runtime\GrainReference.cs(690,0): at Orleans.Runtime.TaskRequest.Invoke()&#xD;
[xUnit.net 00:00:39.90]         --- End of stack trace from previous location ---&#xD;
[xUnit.net 00:00:39.90]         C:\Users\anna\orleans\src\Orleans.Serialization\Invocation\ResponseCompletionSource.cs(98,0): at Orleans.Serialization.Invocation.ResponseCompletionSource.System.Threading.Tasks.Sources.IValueTaskSource.GetResult(Int16 token)&#xD;
[xUnit.net 00:00:39.90]            at System.Threading.Tasks.ValueTask.ValueTaskSourceAsTask.&lt;&gt;c.&lt;.cctor&gt;b__4_0(Object state)&#xD;
[xUnit.net 00:00:39.90]         --- End of stack trace from previous location ---&#xD;
[xUnit.net 00:00:39.90]         C:\Users\anna\orleans\test\TesterInternal\TestRunners\GrainPersistenceTestRunner.cs(323,0): at TestExtensions.Runners.GrainPersistenceTestsRunner.Grain_GrainStorage_SiloRestart()&#xD;
[xUnit.net 00:00:39.90]         C:\Users\anna\orleans\test\Extensions\TesterAzureUtils\Persistence\PersistenceStateTests_AzureTableGrainStorage.cs(87,0): at Tester.AzureUtils.Persistence.PersistenceStateTests_AzureTableGrainStorage.Grain_AzureTableGrainStorage_SiloRestart()&#xD;
[xUnit.net 00:00:39.90]         --- End of stack trace from previous location ---&#xD;
[xUnit.net 00:00:39.90]         ----- Inner Stack Trace -----&#xD;
[xUnit.net 00:00:39.90]            at Azure.Data.Tables.TableRestClient.UpdateEntityAsync(String table, String partitionKey, String rowKey, Nullable`1 timeout, String ifMatch, IDictionary`2 tableEntityProperties, QueryOptions queryOptions, CancellationToken cancellationToken)&#xD;
[xUnit.net 00:00:39.90]            at Azure.Data.Tables.TableClient.UpdateEntityAsync[T](T entity, ETag ifMatch, TableUpdateMode mode, CancellationToken cancellationToken)&#xD;
[xUnit.net 00:00:39.90]         C:\Users\anna\orleans\src\Azure\Shared\Storage\AzureTableDataManager.cs(322,0): at Orleans.Persistence.AzureStorage.AzureTableDataManager`1.UpdateTableEntryAsync(T data, ETag dataEtag)&#xD;
[xUnit.net 00:00:39.90]         C:\Users\anna\orleans\src\Azure\Orleans.Persistence.AzureStorage\Providers\Storage\AzureTableStorage.cs(457,0): at Orleans.Storage.AzureTableGrainStorage.GrainStateTableDataManager.Write(TableEntity entity)&#xD;
[xUnit.net 00:00:39.90]         C:\Users\anna\orleans\src\Azure\Orleans.Persistence.AzureStorage\Providers\Storage\AzureTableStorage.cs(188,0): at Orleans.Storage.AzureTableGrainStorage.DoOptimisticUpdate(Func`1 updateOperation, String grainType, GrainId grainId, String tableName, String currentETag)&#xD;
[xUnit.net 00:00:39.90]         --- End of stack trace from previous location ---&#xD;
[xUnit.net 00:00:39.90]         &#xD;
[xUnit.net 00:00:39.90]       Output:&#xD;
[xUnit.net 00:00:39.90]         ClusterId=testcluster-2023-01-23t21-16-48-516 ServiceId=080812aa41824a4193fa81af1cf81867&#xD;
[xUnit.net 00:00:39.90]         About to reset Silos&#xD;
[xUnit.net 00:00:39.90]         Silos restarted&#xD;
[xUnit.net 00:00:39.90]         ClusterId=testcluster-2023-01-23t21-16-48-516 ServiceId=080812aa41824a4193fa81af1cf81867&#xD;
[xUnit.net 00:01:09.06]   Finished:    Tester.AzureUtils&#xD;
</StdOut>
    </Output>
    <RunInfos>
      <RunInfo computerName="cloudtest-win10" outcome="Min" timestamp="2023-01-23T21:17:26.6029413+00:00">
        <Text>[xUnit.net 00:00:39.90]     Tester.AzureUtils.Persistence.PersistenceStateTests_AzureTableGrainStorage.Grain_AzureTableGrainStorage_SiloRestart [FAIL]</Text>
      </RunInfo>
      <RunInfo computerName="cloudtest-win10" outcome="Warning" timestamp="2023-01-23T21:17:55.9237121+00:00">
        <Text>Data collector 'Blame' message: All tests finished running, Sequence file will not be generated.</Text>
      </RunInfo>
    </RunInfos>
  </ResultSummary>
</TestRun>