<?xml version="1.0" encoding="utf-8"?>
<TestRun id="b53da420-983b-4c5f-9200-40134af0418b" name="anna@cloudtest-win10 2023-01-23 21:19:54" runUser="cloudtest-win10\anna" xmlns="http://microsoft.com/schemas/VisualStudio/TeamTest/2010">
  <Times creation="2023-01-23T21:19:54.7999038+00:00" queuing="2023-01-23T21:19:54.7999043+00:00" start="2023-01-23T21:19:12.0084101+00:00" finish="2023-01-23T21:20:23.1548174+00:00" />
  <TestSettings name="default" id="12fb6170-3d13-4ef8-844a-8faa7981b213">
    <Deployment runDeploymentRoot="anna_cloudtest-win10_2023-01-23_21_19_54" />
  </TestSettings>
  <Results>
    <UnitTestResult executionId="55f34f82-410f-4ad9-aaae-177518c05230" testId="5b7e1b06-615e-d006-acf4-96177d2222b3" testName="Tester.AzureUtils.Persistence.PersistenceStateTests_AzureTableGrainStorage.Grain_AzureTableGrainStorage_SiloRestart" computerName="cloudtest-win10" duration="00:00:32.1411974" startTime="2023-01-23T21:19:53.8456712+00:00" endTime="2023-01-23T21:19:53.8457163+00:00" testType="13cdc9d9-ddb5-4fa4-a97d-d965ccfc6d4b" outcome="Passed" testListId="8c84fa94-04c1-424b-9868-57a2d4851a1d" relativeResultsDirectory="55f34f82-410f-4ad9-aaae-177518c05230">
      <Output>
        <StdOut>ClusterId=testcluster-2023-01-23t21-19-16-658 ServiceId=bcb3f984e39b4296bfe3138f122e601e&#xD;
About to reset Silos&#xD;
Silos restarted&#xD;
ClusterId=testcluster-2023-01-23t21-19-16-658 ServiceId=bcb3f984e39b4296bfe3138f122e601e</StdOut>
      </Output>
    </UnitTestResult>
  </Results>
  <TestDefinitions>
    <UnitTest name="Tester.AzureUtils.Persistence.PersistenceStateTests_AzureTableGrainStorage.Grain_AzureTableGrainStorage_SiloRestart" storage="c:\users\anna\orleans\test\extensions\testerazureutils\bin\debug\net7.0\tester.azureutils.dll" id="5b7e1b06-615e-d006-acf4-96177d2222b3">
      <Execution id="55f34f82-410f-4ad9-aaae-177518c05230" />
      <TestMethod codeBase="C:\Users\anna\orleans\test\Extensions\TesterAzureUtils\bin\Debug\net7.0\Tester.AzureUtils.dll" adapterTypeName="executor://xunit/VsTestRunner2/netcoreapp" className="Tester.AzureUtils.Persistence.PersistenceStateTests_AzureTableGrainStorage" name="Grain_AzureTableGrainStorage_SiloRestart" />
    </UnitTest>
  </TestDefinitions>
  <TestEntries>
    <TestEntry testId="5b7e1b06-615e-d006-acf4-96177d2222b3" executionId="55f34f82-410f-4ad9-aaae-177518c05230" testListId="8c84fa94-04c1-424b-9868-57a2d4851a1d" />
  </TestEntries>
  <TestLists>
    <TestList name="Results Not in a List" id="8c84fa94-04c1-424b-9868-57a2d4851a1d" />
    <TestList name="All Loaded Results" id="19431567-8539-422a-85d7-44ee4e166bda" />
  </TestLists>
  <ResultSummary outcome="Completed">
    <Counters total="1" executed="1" passed="1" failed="0" error="0" timeout="0" aborted="0" inconclusive="0" passedButRunAborted="0" notRunnable="0" notExecuted="0" disconnected="0" warning="0" completed="0" inProgress="0" pending="0" />
    <Output>
      <StdOut>[xUnit.net 00:00:00.00] xUnit.net VSTest Adapter v2.4.5+1caef2f33e (64-bit .NET 7.0.2)&#xD;
[xUnit.net 00:00:01.25]   Discovering: Tester.AzureUtils (method display = ClassAndMethod, method display options = None)&#xD;
[xUnit.net 00:00:01.46]   Discovered:  Tester.AzureUtils (found 246 test cases)&#xD;
[xUnit.net 00:00:01.47]   Starting:    Tester.AzureUtils (parallel test collections = off, max threads = 4)&#xD;
[xUnit.net 00:01:08.00]   Finished:    Tester.AzureUtils&#xD;
</StdOut>
    </Output>
    <RunInfos>
      <RunInfo computerName="cloudtest-win10" outcome="Warning" timestamp="2023-01-23T21:20:23.0655911+00:00">
        <Text>Data collector 'Blame' message: All tests finished running, Sequence file will not be generated.</Text>
      </RunInfo>
    </RunInfos>
  </ResultSummary>
</TestRun>