<?xml version="1.0" encoding="utf-8"?>
<TestRun id="7a30cac5-1415-4ec7-9091-89e46538dc10" name="anna@cloudtest-win10 2023-01-23 21:15:30" runUser="cloudtest-win10\anna" xmlns="http://microsoft.com/schemas/VisualStudio/TeamTest/2010">
  <Times creation="2023-01-23T21:15:30.2812734+00:00" queuing="2023-01-23T21:15:30.2812741+00:00" start="2023-01-23T21:14:47.3768253+00:00" finish="2023-01-23T21:15:58.4756398+00:00" />
  <TestSettings name="default" id="b22b3992-0b56-44a1-ad95-d1f1530aa21d">
    <Deployment runDeploymentRoot="anna_cloudtest-win10_2023-01-23_21_15_30" />
  </TestSettings>
  <Results>
    <UnitTestResult executionId="40f1b034-8ce0-468b-9db9-9ae5de4cf24e" testId="5b7e1b06-615e-d006-acf4-96177d2222b3" testName="Tester.AzureUtils.Persistence.PersistenceStateTests_AzureTableGrainStorage.Grain_AzureTableGrainStorage_SiloRestart" computerName="cloudtest-win10" duration="00:00:31.9370536" startTime="2023-01-23T21:15:29.1251756+00:00" endTime="2023-01-23T21:15:29.1252210+00:00" testType="13cdc9d9-ddb5-4fa4-a97d-d965ccfc6d4b" outcome="Passed" testListId="8c84fa94-04c1-424b-9868-57a2d4851a1d" relativeResultsDirectory="40f1b034-8ce0-468b-9db9-9ae5de4cf24e">
      <Output>
        <StdOut>ClusterId=testcluster-2023-01-23t21-14-51-162 ServiceId=e7811df82923443d8c09ad84eb7cea18&#xD;
About to reset Silos&#xD;
Silos restarted&#xD;
ClusterId=testcluster-2023-01-23t21-14-51-162 ServiceId=e7811df82923443d8c09ad84eb7cea18</StdOut>
      </Output>
    </UnitTestResult>
  </Results>
  <TestDefinitions>
    <UnitTest name="Tester.AzureUtils.Persistence.PersistenceStateTests_AzureTableGrainStorage.Grain_AzureTableGrainStorage_SiloRestart" storage="c:\users\anna\orleans\test\extensions\testerazureutils\bin\debug\net7.0\tester.azureutils.dll" id="5b7e1b06-615e-d006-acf4-96177d2222b3">
      <Execution id="40f1b034-8ce0-468b-9db9-9ae5de4cf24e" />
      <TestMethod codeBase="C:\Users\anna\orleans\test\Extensions\TesterAzureUtils\bin\Debug\net7.0\Tester.AzureUtils.dll" adapterTypeName="executor://xunit/VsTestRunner2/netcoreapp" className="Tester.AzureUtils.Persistence.PersistenceStateTests_AzureTableGrainStorage" name="Grain_AzureTableGrainStorage_SiloRestart" />
    </UnitTest>
  </TestDefinitions>
  <TestEntries>
    <TestEntry testId="5b7e1b06-615e-d006-acf4-96177d2222b3" executionId="40f1b034-8ce0-468b-9db9-9ae5de4cf24e" testListId="8c84fa94-04c1-424b-9868-57a2d4851a1d" />
  </TestEntries>
  <TestLists>
    <TestList name="Results Not in a List" id="8c84fa94-04c1-424b-9868-57a2d4851a1d" />
    <TestList name="All Loaded Results" id="19431567-8539-422a-85d7-44ee4e166bda" />
  </TestLists>
  <ResultSummary outcome="Completed">
    <Counters total="1" executed="1" passed="1" failed="0" error="0" timeout="0" aborted="0" inconclusive="0" passedButRunAborted="0" notRunnable="0" notExecuted="0" disconnected="0" warning="0" completed="0" inProgress="0" pending="0" />
    <Output>
      <StdOut>[xUnit.net 00:00:00.00] xUnit.net VSTest Adapter v2.4.5+1caef2f33e (64-bit .NET 7.0.2)&#xD;
[xUnit.net 00:00:01.26]   Discovering: Tester.AzureUtils (method display = ClassAndMethod, method display options = None)&#xD;
[xUnit.net 00:00:01.47]   Discovered:  Tester.AzureUtils (found 246 test cases)&#xD;
[xUnit.net 00:00:01.48]   Starting:    Tester.AzureUtils (parallel test collections = off, max threads = 4)&#xD;
[xUnit.net 00:01:07.94]   Finished:    Tester.AzureUtils&#xD;
</StdOut>
    </Output>
    <RunInfos>
      <RunInfo computerName="cloudtest-win10" outcome="Warning" timestamp="2023-01-23T21:15:58.3854798+00:00">
        <Text>Data collector 'Blame' message: All tests finished running, Sequence file will not be generated.</Text>
      </RunInfo>
    </RunInfos>
  </ResultSummary>
</TestRun>