<?xml version="1.0" encoding="utf-8"?>
<TestRun id="00e96ca9-09d5-4734-8216-a8e931434408" name="anna@cloudtest-win10 2023-01-23 21:21:09" runUser="cloudtest-win10\anna" xmlns="http://microsoft.com/schemas/VisualStudio/TeamTest/2010">
  <Times creation="2023-01-23T21:21:09.1443349+00:00" queuing="2023-01-23T21:21:09.1443353+00:00" start="2023-01-23T21:20:25.3496067+00:00" finish="2023-01-23T21:21:37.5413376+00:00" />
  <TestSettings name="default" id="1f0944e9-2849-4bb9-a019-7c956e766472">
    <Deployment runDeploymentRoot="anna_cloudtest-win10_2023-01-23_21_21_09" />
  </TestSettings>
  <Results>
    <UnitTestResult executionId="ba079232-4512-44ff-992e-d41e4e0690ea" testId="5b7e1b06-615e-d006-acf4-96177d2222b3" testName="Tester.AzureUtils.Persistence.PersistenceStateTests_AzureTableGrainStorage.Grain_AzureTableGrainStorage_SiloRestart" computerName="cloudtest-win10" duration="00:00:32.1707766" startTime="2023-01-23T21:21:08.2334442+00:00" endTime="2023-01-23T21:21:08.2334926+00:00" testType="13cdc9d9-ddb5-4fa4-a97d-d965ccfc6d4b" outcome="Passed" testListId="8c84fa94-04c1-424b-9868-57a2d4851a1d" relativeResultsDirectory="ba079232-4512-44ff-992e-d41e4e0690ea">
      <Output>
        <StdOut>ClusterId=testcluster-2023-01-23t21-20-29-345 ServiceId=c444238c8c9c40caa850be4bce7464a9&#xD;
About to reset Silos&#xD;
Silos restarted&#xD;
ClusterId=testcluster-2023-01-23t21-20-29-345 ServiceId=c444238c8c9c40caa850be4bce7464a9</StdOut>
      </Output>
    </UnitTestResult>
  </Results>
  <TestDefinitions>
    <UnitTest name="Tester.AzureUtils.Persistence.PersistenceStateTests_AzureTableGrainStorage.Grain_AzureTableGrainStorage_SiloRestart" storage="c:\users\anna\orleans\test\extensions\testerazureutils\bin\debug\net7.0\tester.azureutils.dll" id="5b7e1b06-615e-d006-acf4-96177d2222b3">
      <Execution id="ba079232-4512-44ff-992e-d41e4e0690ea" />
      <TestMethod codeBase="C:\Users\anna\orleans\test\Extensions\TesterAzureUtils\bin\Debug\net7.0\Tester.AzureUtils.dll" adapterTypeName="executor://xunit/VsTestRunner2/netcoreapp" className="Tester.AzureUtils.Persistence.PersistenceStateTests_AzureTableGrainStorage" name="Grain_AzureTableGrainStorage_SiloRestart" />
    </UnitTest>
  </TestDefinitions>
  <TestEntries>
    <TestEntry testId="5b7e1b06-615e-d006-acf4-96177d2222b3" executionId="ba079232-4512-44ff-992e-d41e4e0690ea" testListId="8c84fa94-04c1-424b-9868-57a2d4851a1d" />
  </TestEntries>
  <TestLists>
    <TestList name="Results Not in a List" id="8c84fa94-04c1-424b-9868-57a2d4851a1d" />
    <TestList name="All Loaded Results" id="19431567-8539-422a-85d7-44ee4e166bda" />
  </TestLists>
  <ResultSummary outcome="Completed">
    <Counters total="1" executed="1" passed="1" failed="0" error="0" timeout="0" aborted="0" inconclusive="0" passedButRunAborted="0" notRunnable="0" notExecuted="0" disconnected="0" warning="0" completed="0" inProgress="0" pending="0" />
    <Output>
      <StdOut>[xUnit.net 00:00:00.00] xUnit.net VSTest Adapter v2.4.5+1caef2f33e (64-bit .NET 7.0.2)&#xD;
[xUnit.net 00:00:01.24]   Discovering: Tester.AzureUtils (method display = ClassAndMethod, method display options = None)&#xD;
[xUnit.net 00:00:01.45]   Discovered:  Tester.AzureUtils (found 246 test cases)&#xD;
[xUnit.net 00:00:01.46]   Starting:    Tester.AzureUtils (parallel test collections = off, max threads = 4)&#xD;
[xUnit.net 00:01:09.03]   Finished:    Tester.AzureUtils&#xD;
</StdOut>
    </Output>
    <RunInfos>
      <RunInfo computerName="cloudtest-win10" outcome="Warning" timestamp="2023-01-23T21:21:37.4513560+00:00">
        <Text>Data collector 'Blame' message: All tests finished running, Sequence file will not be generated.</Text>
      </RunInfo>
    </RunInfos>
  </ResultSummary>
</TestRun>