<?xml version="1.0" encoding="utf-8"?>
<TestRun id="4bbe6280-305c-4808-98a9-e938faf5fc72" name="anna@cloudtest-win10 2023-01-24 21:41:47" runUser="cloudtest-win10\anna" xmlns="http://microsoft.com/schemas/VisualStudio/TeamTest/2010">
  <Times creation="2023-01-24T21:41:47.8486988+00:00" queuing="2023-01-24T21:41:47.8486994+00:00" start="2023-01-24T21:41:19.9499502+00:00" finish="2023-01-24T21:41:47.8845730+00:00" />
  <TestSettings name="default" id="792e00ea-acc8-487e-84e0-97ff941d1541">
    <Deployment runDeploymentRoot="anna_cloudtest-win10_2023-01-24_21_41_47" />
  </TestSettings>
  <Results>
    <UnitTestResult executionId="388120fa-f051-4b67-b434-cede04b0336c" testId="0b215f6f-f880-25f9-96f3-5ab331be7164" testName="Tester.AzureUtils.Streaming.AQStreamingTests.AQ_09_ManySame_ManyProducerGrainsManyConsumerGrains" computerName="cloudtest-win10" duration="00:00:05.3153387" startTime="2023-01-24T21:41:47.5442221+00:00" endTime="2023-01-24T21:41:47.5442711+00:00" testType="13cdc9d9-ddb5-4fa4-a97d-d965ccfc6d4b" outcome="Passed" testListId="8c84fa94-04c1-424b-9868-57a2d4851a1d" relativeResultsDirectory="388120fa-f051-4b67-b434-cede04b0336c" />
  </Results>
  <TestDefinitions>
    <UnitTest name="Tester.AzureUtils.Streaming.AQStreamingTests.AQ_09_ManySame_ManyProducerGrainsManyConsumerGrains" storage="c:\users\anna\orleans\test\extensions\testerazureutils\bin\debug\net7.0\tester.azureutils.dll" id="0b215f6f-f880-25f9-96f3-5ab331be7164">
      <Execution id="388120fa-f051-4b67-b434-cede04b0336c" />
      <TestMethod codeBase="C:\Users\anna\orleans\test\Extensions\TesterAzureUtils\bin\Debug\net7.0\Tester.AzureUtils.dll" adapterTypeName="executor://xunit/VsTestRunner2/netcoreapp" className="Tester.AzureUtils.Streaming.AQStreamingTests" name="AQ_09_ManySame_ManyProducerGrainsManyConsumerGrains" />
    </UnitTest>
  </TestDefinitions>
  <TestEntries>
    <TestEntry testId="0b215f6f-f880-25f9-96f3-5ab331be7164" executionId="388120fa-f051-4b67-b434-cede04b0336c" testListId="8c84fa94-04c1-424b-9868-57a2d4851a1d" />
  </TestEntries>
  <TestLists>
    <TestList name="Results Not in a List" id="8c84fa94-04c1-424b-9868-57a2d4851a1d" />
    <TestList name="All Loaded Results" id="19431567-8539-422a-85d7-44ee4e166bda" />
  </TestLists>
  <ResultSummary outcome="Completed">
    <Counters total="1" executed="1" passed="1" failed="0" error="0" timeout="0" aborted="0" inconclusive="0" passedButRunAborted="0" notRunnable="0" notExecuted="0" disconnected="0" warning="0" completed="0" inProgress="0" pending="0" />
    <Output>
      <StdOut>[xUnit.net 00:00:00.00] xUnit.net VSTest Adapter v2.4.5+1caef2f33e (64-bit .NET 7.0.2)&#xD;
[xUnit.net 00:00:01.23]   Discovering: Tester.AzureUtils (method display = ClassAndMethod, method display options = None)&#xD;
[xUnit.net 00:00:01.45]   Discovered:  Tester.AzureUtils (found 246 test cases)&#xD;
[xUnit.net 00:00:01.46]   Starting:    Tester.AzureUtils (parallel test collections = off, max threads = 4)&#xD;
[xUnit.net 00:00:24.72]   Finished:    Tester.AzureUtils&#xD;
</StdOut>
    </Output>
    <RunInfos>
      <RunInfo computerName="cloudtest-win10" outcome="Warning" timestamp="2023-01-24T21:41:47.7042361+00:00">
        <Text>Data collector 'Blame' message: All tests finished running, Sequence file will not be generated.</Text>
      </RunInfo>
    </RunInfos>
  </ResultSummary>
</TestRun>