<?xml version="1.0" encoding="utf-8"?>
<TestRun id="0e502ea4-371c-4dd2-be0c-0dfc8ca3d88f" name="anna@cloudtest-win10 2023-01-24 22:15:19" runUser="cloudtest-win10\anna" xmlns="http://microsoft.com/schemas/VisualStudio/TeamTest/2010">
  <Times creation="2023-01-24T22:15:19.2651994+00:00" queuing="2023-01-24T22:15:19.2652000+00:00" start="2023-01-24T22:14:23.9454582+00:00" finish="2023-01-24T22:15:19.3053235+00:00" />
  <TestSettings name="default" id="fd1a1af4-15f3-4e5a-b28d-181c01b6fea2">
    <Deployment runDeploymentRoot="anna_cloudtest-win10_2023-01-24_22_15_19" />
  </TestSettings>
  <Results>
    <UnitTestResult executionId="c86ccbd3-86f4-41e8-8955-8146cb0b8697" testId="8450984b-cf0a-eef9-6480-ac905c41d4c2" testName="Tester.AzureUtils.Streaming.AQStreamingTests.AQ_16_MultipleStreams_ManyDifferent_ManyProducerGrainsManyConsumerGrains" computerName="cloudtest-win10" duration="00:00:32.5457455" startTime="2023-01-24T22:15:18.9379421+00:00" endTime="2023-01-24T22:15:18.9379882+00:00" testType="13cdc9d9-ddb5-4fa4-a97d-d965ccfc6d4b" outcome="Failed" testListId="8c84fa94-04c1-424b-9868-57a2d4851a1d" relativeResultsDirectory="c86ccbd3-86f4-41e8-8955-8146cb0b8697">
      <Output>
        <ErrorInfo>
          <Message>Assert.Equal() Failure&#xD;
Expected: 10&#xD;
Actual:   11</Message>
          <StackTrace>   at UnitTests.StreamingTests.SingleStreamTestRunner.CheckCounters(ProducerProxy producer, ConsumerProxy consumer, Boolean assertAreEqual) in C:\Users\anna\orleans\test\TesterInternal\StreamingTests\SingleStreamTestRunner.cs:line 479&#xD;
   at UnitTests.StreamingTests.SingleStreamTestRunner.BasicTestAsync(Boolean fullTest) in C:\Users\anna\orleans\test\TesterInternal\StreamingTests\SingleStreamTestRunner.cs:line 442&#xD;
   at UnitTests.Streaming.MultipleStreamsTestRunner.StreamTest_MultipleStreams_ManyDifferent_ManyProducerGrainsManyConsumerGrains(Func`2 startSiloFunc, Action`1 stopSiloFunc) in C:\Users\anna\orleans\test\TesterInternal\StreamingTests\MultipleStreamsTestRunner.cs:line 65&#xD;
   at Tester.AzureUtils.Streaming.AQStreamingTests.AQ_16_MultipleStreams_ManyDifferent_ManyProducerGrainsManyConsumerGrains() in C:\Users\anna\orleans\test\Extensions\TesterAzureUtils\Streaming\AQStreamingTests.cs:line 193&#xD;
--- End of stack trace from previous location ---</StackTrace>
        </ErrorInfo>
      </Output>
    </UnitTestResult>
  </Results>
  <TestDefinitions>
    <UnitTest name="Tester.AzureUtils.Streaming.AQStreamingTests.AQ_16_MultipleStreams_ManyDifferent_ManyProducerGrainsManyConsumerGrains" storage="c:\users\anna\orleans\test\extensions\testerazureutils\bin\debug\net7.0\tester.azureutils.dll" id="8450984b-cf0a-eef9-6480-ac905c41d4c2">
      <Execution id="c86ccbd3-86f4-41e8-8955-8146cb0b8697" />
      <TestMethod codeBase="C:\Users\anna\orleans\test\Extensions\TesterAzureUtils\bin\Debug\net7.0\Tester.AzureUtils.dll" adapterTypeName="executor://xunit/VsTestRunner2/netcoreapp" className="Tester.AzureUtils.Streaming.AQStreamingTests" name="AQ_16_MultipleStreams_ManyDifferent_ManyProducerGrainsManyConsumerGrains" />
    </UnitTest>
  </TestDefinitions>
  <TestEntries>
    <TestEntry testId="8450984b-cf0a-eef9-6480-ac905c41d4c2" executionId="c86ccbd3-86f4-41e8-8955-8146cb0b8697" testListId="8c84fa94-04c1-424b-9868-57a2d4851a1d" />
  </TestEntries>
  <TestLists>
    <TestList name="Results Not in a List" id="8c84fa94-04c1-424b-9868-57a2d4851a1d" />
    <TestList name="All Loaded Results" id="19431567-8539-422a-85d7-44ee4e166bda" />
  </TestLists>
  <ResultSummary outcome="Failed">
    <Counters total="1" executed="1" passed="0" failed="1" error="0" timeout="0" aborted="0" inconclusive="0" passedButRunAborted="0" notRunnable="0" notExecuted="0" disconnected="0" warning="0" completed="0" inProgress="0" pending="0" />
    <Output>
      <StdOut>[xUnit.net 00:00:00.00] xUnit.net VSTest Adapter v2.4.5+1caef2f33e (64-bit .NET 7.0.2)&#xD;
[xUnit.net 00:00:01.29]   Discovering: Tester.AzureUtils (method display = ClassAndMethod, method display options = None)&#xD;
[xUnit.net 00:00:01.53]   Discovered:  Tester.AzureUtils (found 246 test cases)&#xD;
[xUnit.net 00:00:01.54]   Starting:    Tester.AzureUtils (parallel test collections = off, max threads = 4)&#xD;
[xUnit.net 00:00:52.07]       Assert.Equal() Failure&#xD;
[xUnit.net 00:00:52.07]       Expected: 10&#xD;
[xUnit.net 00:00:52.07]       Actual:   11&#xD;
[xUnit.net 00:00:52.07]       Stack Trace:&#xD;
[xUnit.net 00:00:52.07]         C:\Users\anna\orleans\test\TesterInternal\StreamingTests\SingleStreamTestRunner.cs(479,0): at UnitTests.StreamingTests.SingleStreamTestRunner.CheckCounters(ProducerProxy producer, ConsumerProxy consumer, Boolean assertAreEqual)&#xD;
[xUnit.net 00:00:52.08]         C:\Users\anna\orleans\test\TesterInternal\StreamingTests\SingleStreamTestRunner.cs(442,0): at UnitTests.StreamingTests.SingleStreamTestRunner.BasicTestAsync(Boolean fullTest)&#xD;
[xUnit.net 00:00:52.08]         C:\Users\anna\orleans\test\TesterInternal\StreamingTests\MultipleStreamsTestRunner.cs(65,0): at UnitTests.Streaming.MultipleStreamsTestRunner.StreamTest_MultipleStreams_ManyDifferent_ManyProducerGrainsManyConsumerGrains(Func`2 startSiloFunc, Action`1 stopSiloFunc)&#xD;
[xUnit.net 00:00:52.08]         C:\Users\anna\orleans\test\Extensions\TesterAzureUtils\Streaming\AQStreamingTests.cs(193,0): at Tester.AzureUtils.Streaming.AQStreamingTests.AQ_16_MultipleStreams_ManyDifferent_ManyProducerGrainsManyConsumerGrains()&#xD;
[xUnit.net 00:00:52.08]         --- End of stack trace from previous location ---&#xD;
[xUnit.net 00:00:52.11]   Finished:    Tester.AzureUtils&#xD;
</StdOut>
    </Output>
    <RunInfos>
      <RunInfo computerName="cloudtest-win10" outcome="Min" timestamp="2023-01-24T22:15:18.9326171+00:00">
        <Text>[xUnit.net 00:00:52.07]     Tester.AzureUtils.Streaming.AQStreamingTests.AQ_16_MultipleStreams_ManyDifferent_ManyProducerGrainsManyConsumerGrains [FAIL]</Text>
      </RunInfo>
      <RunInfo computerName="cloudtest-win10" outcome="Warning" timestamp="2023-01-24T22:15:19.1147355+00:00">
        <Text>Data collector 'Blame' message: All tests finished running, Sequence file will not be generated.</Text>
      </RunInfo>
    </RunInfos>
  </ResultSummary>
</TestRun>