<?xml version="1.0" encoding="utf-8"?>
<TestRun id="acc4e489-3f84-4817-99e2-9a3f770953eb" name="anna@cloudtest-win10 2023-01-24 22:17:11" runUser="cloudtest-win10\anna" xmlns="http://microsoft.com/schemas/VisualStudio/TeamTest/2010">
  <Times creation="2023-01-24T22:17:11.2370470+00:00" queuing="2023-01-24T22:17:11.2370477+00:00" start="2023-01-24T22:16:44.2039442+00:00" finish="2023-01-24T22:17:11.2752440+00:00" />
  <TestSettings name="default" id="1a9e42d0-28f3-4d04-945c-aa00e2b31cdb">
    <Deployment runDeploymentRoot="anna_cloudtest-win10_2023-01-24_22_17_11" />
  </TestSettings>
  <Results>
    <UnitTestResult executionId="1f1ac066-96d4-4cb1-a669-3522910ed7b9" testId="8450984b-cf0a-eef9-6480-ac905c41d4c2" testName="Tester.AzureUtils.Streaming.AQStreamingTests.AQ_16_MultipleStreams_ManyDifferent_ManyProducerGrainsManyConsumerGrains" computerName="cloudtest-win10" duration="00:00:04.3441889" startTime="2023-01-24T22:17:10.9251243+00:00" endTime="2023-01-24T22:17:10.9253168+00:00" testType="13cdc9d9-ddb5-4fa4-a97d-d965ccfc6d4b" outcome="Passed" testListId="8c84fa94-04c1-424b-9868-57a2d4851a1d" relativeResultsDirectory="1f1ac066-96d4-4cb1-a669-3522910ed7b9" />
  </Results>
  <TestDefinitions>
    <UnitTest name="Tester.AzureUtils.Streaming.AQStreamingTests.AQ_16_MultipleStreams_ManyDifferent_ManyProducerGrainsManyConsumerGrains" storage="c:\users\anna\orleans\test\extensions\testerazureutils\bin\debug\net7.0\tester.azureutils.dll" id="8450984b-cf0a-eef9-6480-ac905c41d4c2">
      <Execution id="1f1ac066-96d4-4cb1-a669-3522910ed7b9" />
      <TestMethod codeBase="C:\Users\anna\orleans\test\Extensions\TesterAzureUtils\bin\Debug\net7.0\Tester.AzureUtils.dll" adapterTypeName="executor://xunit/VsTestRunner2/netcoreapp" className="Tester.AzureUtils.Streaming.AQStreamingTests" name="AQ_16_MultipleStreams_ManyDifferent_ManyProducerGrainsManyConsumerGrains" />
    </UnitTest>
  </TestDefinitions>
  <TestEntries>
    <TestEntry testId="8450984b-cf0a-eef9-6480-ac905c41d4c2" executionId="1f1ac066-96d4-4cb1-a669-3522910ed7b9" testListId="8c84fa94-04c1-424b-9868-57a2d4851a1d" />
  </TestEntries>
  <TestLists>
    <TestList name="Results Not in a List" id="8c84fa94-04c1-424b-9868-57a2d4851a1d" />
    <TestList name="All Loaded Results" id="19431567-8539-422a-85d7-44ee4e166bda" />
  </TestLists>
  <ResultSummary outcome="Completed">
    <Counters total="1" executed="1" passed="1" failed="0" error="0" timeout="0" aborted="0" inconclusive="0" passedButRunAborted="0" notRunnable="0" notExecuted="0" disconnected="0" warning="0" completed="0" inProgress="0" pending="0" />
    <Output>
      <StdOut>[xUnit.net 00:00:00.00] xUnit.net VSTest Adapter v2.4.5+1caef2f33e (64-bit .NET 7.0.2)&#xD;
[xUnit.net 00:00:01.24]   Discovering: Tester.AzureUtils (method display = ClassAndMethod, method display options = None)&#xD;
[xUnit.net 00:00:01.44]   Discovered:  Tester.AzureUtils (found 246 test cases)&#xD;
[xUnit.net 00:00:01.46]   Starting:    Tester.AzureUtils (parallel test collections = off, max threads = 4)&#xD;
[xUnit.net 00:00:23.74]   Finished:    Tester.AzureUtils&#xD;
</StdOut>
    </Output>
    <RunInfos>
      <RunInfo computerName="cloudtest-win10" outcome="Warning" timestamp="2023-01-24T22:17:11.0894935+00:00">
        <Text>Data collector 'Blame' message: All tests finished running, Sequence file will not be generated.</Text>
      </RunInfo>
    </RunInfos>
  </ResultSummary>
</TestRun>