<?xml version="1.0" encoding="utf-8"?>
<TestRun id="59b53637-704f-4297-8bee-c551bac3ae06" name="anna@cloudtest-win10 2023-01-24 22:13:53" runUser="cloudtest-win10\anna" xmlns="http://microsoft.com/schemas/VisualStudio/TeamTest/2010">
  <Times creation="2023-01-24T22:13:53.1466164+00:00" queuing="2023-01-24T22:13:53.1466171+00:00" start="2023-01-24T22:13:27.0204222+00:00" finish="2023-01-24T22:13:53.1829104+00:00" />
  <TestSettings name="default" id="616c564a-9da0-4def-a3cb-426cdcffd948">
    <Deployment runDeploymentRoot="anna_cloudtest-win10_2023-01-24_22_13_53" />
  </TestSettings>
  <Results>
    <UnitTestResult executionId="f815f8e2-c793-4eea-907f-206afd1acac0" testId="8450984b-cf0a-eef9-6480-ac905c41d4c2" testName="Tester.AzureUtils.Streaming.AQStreamingTests.AQ_16_MultipleStreams_ManyDifferent_ManyProducerGrainsManyConsumerGrains" computerName="cloudtest-win10" duration="00:00:03.2926514" startTime="2023-01-24T22:13:52.8326051+00:00" endTime="2023-01-24T22:13:52.8326543+00:00" testType="13cdc9d9-ddb5-4fa4-a97d-d965ccfc6d4b" outcome="Passed" testListId="8c84fa94-04c1-424b-9868-57a2d4851a1d" relativeResultsDirectory="f815f8e2-c793-4eea-907f-206afd1acac0" />
  </Results>
  <TestDefinitions>
    <UnitTest name="Tester.AzureUtils.Streaming.AQStreamingTests.AQ_16_MultipleStreams_ManyDifferent_ManyProducerGrainsManyConsumerGrains" storage="c:\users\anna\orleans\test\extensions\testerazureutils\bin\debug\net7.0\tester.azureutils.dll" id="8450984b-cf0a-eef9-6480-ac905c41d4c2">
      <Execution id="f815f8e2-c793-4eea-907f-206afd1acac0" />
      <TestMethod codeBase="C:\Users\anna\orleans\test\Extensions\TesterAzureUtils\bin\Debug\net7.0\Tester.AzureUtils.dll" adapterTypeName="executor://xunit/VsTestRunner2/netcoreapp" className="Tester.AzureUtils.Streaming.AQStreamingTests" name="AQ_16_MultipleStreams_ManyDifferent_ManyProducerGrainsManyConsumerGrains" />
    </UnitTest>
  </TestDefinitions>
  <TestEntries>
    <TestEntry testId="8450984b-cf0a-eef9-6480-ac905c41d4c2" executionId="f815f8e2-c793-4eea-907f-206afd1acac0" testListId="8c84fa94-04c1-424b-9868-57a2d4851a1d" />
  </TestEntries>
  <TestLists>
    <TestList name="Results Not in a List" id="8c84fa94-04c1-424b-9868-57a2d4851a1d" />
    <TestList name="All Loaded Results" id="19431567-8539-422a-85d7-44ee4e166bda" />
  </TestLists>
  <ResultSummary outcome="Completed">
    <Counters total="1" executed="1" passed="1" failed="0" error="0" timeout="0" aborted="0" inconclusive="0" passedButRunAborted="0" notRunnable="0" notExecuted="0" disconnected="0" warning="0" completed="0" inProgress="0" pending="0" />
    <Output>
      <StdOut>[xUnit.net 00:00:00.00] xUnit.net VSTest Adapter v2.4.5+1caef2f33e (64-bit .NET 7.0.2)&#xD;
[xUnit.net 00:00:01.26]   Discovering: Tester.AzureUtils (method display = ClassAndMethod, method display options = None)&#xD;
[xUnit.net 00:00:01.46]   Discovered:  Tester.AzureUtils (found 246 test cases)&#xD;
[xUnit.net 00:00:01.47]   Starting:    Tester.AzureUtils (parallel test collections = off, max threads = 4)&#xD;
[xUnit.net 00:00:22.91]   Finished:    Tester.AzureUtils&#xD;
</StdOut>
    </Output>
    <RunInfos>
      <RunInfo computerName="cloudtest-win10" outcome="Warning" timestamp="2023-01-24T22:13:53.0039345+00:00">
        <Text>Data collector 'Blame' message: All tests finished running, Sequence file will not be generated.</Text>
      </RunInfo>
    </RunInfos>
  </ResultSummary>
</TestRun>