<?xml version="1.0" encoding="utf-8"?>
<TestRun id="781f18ee-ad28-4e61-b03d-44e3b2b95d83" name="anna@cloudtest-win10 2023-01-24 22:09:33" runUser="cloudtest-win10\anna" xmlns="http://microsoft.com/schemas/VisualStudio/TeamTest/2010">
  <Times creation="2023-01-24T22:09:33.3380867+00:00" queuing="2023-01-24T22:09:33.3380873+00:00" start="2023-01-24T22:09:06.4489308+00:00" finish="2023-01-24T22:09:33.3743198+00:00" />
  <TestSettings name="default" id="946e9fdd-96e6-438b-94f0-d88e41a0b1d4">
    <Deployment runDeploymentRoot="anna_cloudtest-win10_2023-01-24_22_09_33" />
  </TestSettings>
  <Results>
    <UnitTestResult executionId="26324f64-808e-4a78-bd3e-8046596b4e99" testId="48abf46c-6732-76c0-bfeb-19288ac48f8a" testName="Tester.AzureUtils.Streaming.AQStreamingTests.AQ_15_ConsumeAtProducersRequest" computerName="cloudtest-win10" duration="00:00:04.0687201" startTime="2023-01-24T22:09:33.0302592+00:00" endTime="2023-01-24T22:09:33.0303040+00:00" testType="13cdc9d9-ddb5-4fa4-a97d-d965ccfc6d4b" outcome="Passed" testListId="8c84fa94-04c1-424b-9868-57a2d4851a1d" relativeResultsDirectory="26324f64-808e-4a78-bd3e-8046596b4e99" />
  </Results>
  <TestDefinitions>
    <UnitTest name="Tester.AzureUtils.Streaming.AQStreamingTests.AQ_15_ConsumeAtProducersRequest" storage="c:\users\anna\orleans\test\extensions\testerazureutils\bin\debug\net7.0\tester.azureutils.dll" id="48abf46c-6732-76c0-bfeb-19288ac48f8a">
      <Execution id="26324f64-808e-4a78-bd3e-8046596b4e99" />
      <TestMethod codeBase="C:\Users\anna\orleans\test\Extensions\TesterAzureUtils\bin\Debug\net7.0\Tester.AzureUtils.dll" adapterTypeName="executor://xunit/VsTestRunner2/netcoreapp" className="Tester.AzureUtils.Streaming.AQStreamingTests" name="AQ_15_ConsumeAtProducersRequest" />
    </UnitTest>
  </TestDefinitions>
  <TestEntries>
    <TestEntry testId="48abf46c-6732-76c0-bfeb-19288ac48f8a" executionId="26324f64-808e-4a78-bd3e-8046596b4e99" testListId="8c84fa94-04c1-424b-9868-57a2d4851a1d" />
  </TestEntries>
  <TestLists>
    <TestList name="Results Not in a List" id="8c84fa94-04c1-424b-9868-57a2d4851a1d" />
    <TestList name="All Loaded Results" id="19431567-8539-422a-85d7-44ee4e166bda" />
  </TestLists>
  <ResultSummary outcome="Completed">
    <Counters total="1" executed="1" passed="1" failed="0" error="0" timeout="0" aborted="0" inconclusive="0" passedButRunAborted="0" notRunnable="0" notExecuted="0" disconnected="0" warning="0" completed="0" inProgress="0" pending="0" />
    <Output>
      <StdOut>[xUnit.net 00:00:00.00] xUnit.net VSTest Adapter v2.4.5+1caef2f33e (64-bit .NET 7.0.2)&#xD;
[xUnit.net 00:00:01.27]   Discovering: Tester.AzureUtils (method display = ClassAndMethod, method display options = None)&#xD;
[xUnit.net 00:00:01.47]   Discovered:  Tester.AzureUtils (found 246 test cases)&#xD;
[xUnit.net 00:00:01.49]   Starting:    Tester.AzureUtils (parallel test collections = off, max threads = 4)&#xD;
[xUnit.net 00:00:23.70]   Finished:    Tester.AzureUtils&#xD;
</StdOut>
    </Output>
    <RunInfos>
      <RunInfo computerName="cloudtest-win10" outcome="Warning" timestamp="2023-01-24T22:09:33.1931739+00:00">
        <Text>Data collector 'Blame' message: All tests finished running, Sequence file will not be generated.</Text>
      </RunInfo>
    </RunInfos>
  </ResultSummary>
</TestRun>