<?xml version="1.0" encoding="utf-8"?>
<TestRun id="7656852b-6be3-431c-bd22-64050ef88681" name="anna@cloudtest-win10 2023-01-24 23:59:42" runUser="cloudtest-win10\anna" xmlns="http://microsoft.com/schemas/VisualStudio/TeamTest/2010">
  <Times creation="2023-01-24T23:59:42.3163097+00:00" queuing="2023-01-24T23:59:42.3163103+00:00" start="2023-01-24T23:59:10.3054681+00:00" finish="2023-01-24T23:59:42.3519078+00:00" />
  <TestSettings name="default" id="289da089-3ecd-4c9a-a560-423cdd47c581">
    <Deployment runDeploymentRoot="anna_cloudtest-win10_2023-01-24_23_59_42" />
  </TestSettings>
  <Results>
    <UnitTestResult executionId="394cc13c-3d5b-48c0-b7e0-8ac7b1776add" testId="c58dd2df-e406-126a-acb7-0a2ea1af4989" testName="Tester.AzureUtils.Streaming.AQStreamingTests.AQ_02_OneProducerGrainOneConsumerClient" computerName="cloudtest-win10" duration="00:00:08.4374926" startTime="2023-01-24T23:59:41.9943143+00:00" endTime="2023-01-24T23:59:41.9943732+00:00" testType="13cdc9d9-ddb5-4fa4-a97d-d965ccfc6d4b" outcome="Passed" testListId="8c84fa94-04c1-424b-9868-57a2d4851a1d" relativeResultsDirectory="394cc13c-3d5b-48c0-b7e0-8ac7b1776add" />
  </Results>
  <TestDefinitions>
    <UnitTest name="Tester.AzureUtils.Streaming.AQStreamingTests.AQ_02_OneProducerGrainOneConsumerClient" storage="c:\users\anna\orleans\test\extensions\testerazureutils\bin\debug\net7.0\tester.azureutils.dll" id="c58dd2df-e406-126a-acb7-0a2ea1af4989">
      <Execution id="394cc13c-3d5b-48c0-b7e0-8ac7b1776add" />
      <TestMethod codeBase="C:\Users\anna\orleans\test\Extensions\TesterAzureUtils\bin\Debug\net7.0\Tester.AzureUtils.dll" adapterTypeName="executor://xunit/VsTestRunner2/netcoreapp" className="Tester.AzureUtils.Streaming.AQStreamingTests" name="AQ_02_OneProducerGrainOneConsumerClient" />
    </UnitTest>
  </TestDefinitions>
  <TestEntries>
    <TestEntry testId="c58dd2df-e406-126a-acb7-0a2ea1af4989" executionId="394cc13c-3d5b-48c0-b7e0-8ac7b1776add" testListId="8c84fa94-04c1-424b-9868-57a2d4851a1d" />
  </TestEntries>
  <TestLists>
    <TestList name="Results Not in a List" id="8c84fa94-04c1-424b-9868-57a2d4851a1d" />
    <TestList name="All Loaded Results" id="19431567-8539-422a-85d7-44ee4e166bda" />
  </TestLists>
  <ResultSummary outcome="Completed">
    <Counters total="1" executed="1" passed="1" failed="0" error="0" timeout="0" aborted="0" inconclusive="0" passedButRunAborted="0" notRunnable="0" notExecuted="0" disconnected="0" warning="0" completed="0" inProgress="0" pending="0" />
    <Output>
      <StdOut>[xUnit.net 00:00:00.00] xUnit.net VSTest Adapter v2.4.5+1caef2f33e (64-bit .NET 7.0.2)&#xD;
[xUnit.net 00:00:01.24]   Discovering: Tester.AzureUtils (method display = ClassAndMethod, method display options = None)&#xD;
[xUnit.net 00:00:01.46]   Discovered:  Tester.AzureUtils (found 246 test cases)&#xD;
[xUnit.net 00:00:01.47]   Starting:    Tester.AzureUtils (parallel test collections = off, max threads = 4)&#xD;
[xUnit.net 00:00:28.79]   Finished:    Tester.AzureUtils&#xD;
</StdOut>
    </Output>
    <RunInfos>
      <RunInfo computerName="cloudtest-win10" outcome="Warning" timestamp="2023-01-24T23:59:42.1705072+00:00">
        <Text>Data collector 'Blame' message: All tests finished running, Sequence file will not be generated.</Text>
      </RunInfo>
    </RunInfos>
  </ResultSummary>
</TestRun>