<?xml version="1.0" encoding="utf-8"?>
<TestRun id="07ce2e61-a4ad-4e08-a265-f589ebd8cbbd" name="anna@cloudtest-win10 2023-01-24 23:59:07" runUser="cloudtest-win10\anna" xmlns="http://microsoft.com/schemas/VisualStudio/TeamTest/2010">
  <Times creation="2023-01-24T23:59:08.0048112+00:00" queuing="2023-01-24T23:59:08.0048116+00:00" start="2023-01-24T23:58:35.6089984+00:00" finish="2023-01-24T23:59:08.0404043+00:00" />
  <TestSettings name="default" id="d56c4796-84ab-40ec-8918-2e7dd11f76f6">
    <Deployment runDeploymentRoot="anna_cloudtest-win10_2023-01-24_23_59_07" />
  </TestSettings>
  <Results>
    <UnitTestResult executionId="5d2fc467-b5b7-4bad-849c-1a2e99d0cc43" testId="c58dd2df-e406-126a-acb7-0a2ea1af4989" testName="Tester.AzureUtils.Streaming.AQStreamingTests.AQ_02_OneProducerGrainOneConsumerClient" computerName="cloudtest-win10" duration="00:00:08.8887600" startTime="2023-01-24T23:59:07.6852557+00:00" endTime="2023-01-24T23:59:07.6853218+00:00" testType="13cdc9d9-ddb5-4fa4-a97d-d965ccfc6d4b" outcome="Passed" testListId="8c84fa94-04c1-424b-9868-57a2d4851a1d" relativeResultsDirectory="5d2fc467-b5b7-4bad-849c-1a2e99d0cc43" />
  </Results>
  <TestDefinitions>
    <UnitTest name="Tester.AzureUtils.Streaming.AQStreamingTests.AQ_02_OneProducerGrainOneConsumerClient" storage="c:\users\anna\orleans\test\extensions\testerazureutils\bin\debug\net7.0\tester.azureutils.dll" id="c58dd2df-e406-126a-acb7-0a2ea1af4989">
      <Execution id="5d2fc467-b5b7-4bad-849c-1a2e99d0cc43" />
      <TestMethod codeBase="C:\Users\anna\orleans\test\Extensions\TesterAzureUtils\bin\Debug\net7.0\Tester.AzureUtils.dll" adapterTypeName="executor://xunit/VsTestRunner2/netcoreapp" className="Tester.AzureUtils.Streaming.AQStreamingTests" name="AQ_02_OneProducerGrainOneConsumerClient" />
    </UnitTest>
  </TestDefinitions>
  <TestEntries>
    <TestEntry testId="c58dd2df-e406-126a-acb7-0a2ea1af4989" executionId="5d2fc467-b5b7-4bad-849c-1a2e99d0cc43" testListId="8c84fa94-04c1-424b-9868-57a2d4851a1d" />
  </TestEntries>
  <TestLists>
    <TestList name="Results Not in a List" id="8c84fa94-04c1-424b-9868-57a2d4851a1d" />
    <TestList name="All Loaded Results" id="19431567-8539-422a-85d7-44ee4e166bda" />
  </TestLists>
  <ResultSummary outcome="Completed">
    <Counters total="1" executed="1" passed="1" failed="0" error="0" timeout="0" aborted="0" inconclusive="0" passedButRunAborted="0" notRunnable="0" notExecuted="0" disconnected="0" warning="0" completed="0" inProgress="0" pending="0" />
    <Output>
      <StdOut>[xUnit.net 00:00:00.00] xUnit.net VSTest Adapter v2.4.5+1caef2f33e (64-bit .NET 7.0.2)&#xD;
[xUnit.net 00:00:01.25]   Discovering: Tester.AzureUtils (method display = ClassAndMethod, method display options = None)&#xD;
[xUnit.net 00:00:01.46]   Discovered:  Tester.AzureUtils (found 246 test cases)&#xD;
[xUnit.net 00:00:01.47]   Starting:    Tester.AzureUtils (parallel test collections = off, max threads = 4)&#xD;
[xUnit.net 00:00:29.18]   Finished:    Tester.AzureUtils&#xD;
</StdOut>
    </Output>
    <RunInfos>
      <RunInfo computerName="cloudtest-win10" outcome="Warning" timestamp="2023-01-24T23:59:07.8639627+00:00">
        <Text>Data collector 'Blame' message: All tests finished running, Sequence file will not be generated.</Text>
      </RunInfo>
    </RunInfos>
  </ResultSummary>
</TestRun>