<?xml version="1.0" encoding="utf-8"?>
<TestRun id="0029c050-2b9e-4f1a-99c7-33ec64a36937" name="anna@cloudtest-win10 2023-01-23 15:26:58" runUser="cloudtest-win10\anna" xmlns="http://microsoft.com/schemas/VisualStudio/TeamTest/2010">
  <Times creation="2023-01-23T15:26:58.8668522+00:00" queuing="2023-01-23T15:26:58.8668526+00:00" start="2023-01-23T15:25:17.4019288+00:00" finish="2023-01-23T15:26:58.9023544+00:00" />
  <TestSettings name="default" id="30b97324-2931-4e52-a516-7e02335a8665">
    <Deployment runDeploymentRoot="anna_cloudtest-win10_2023-01-23_15_26_58" />
  </TestSettings>
  <Results>
    <UnitTestResult executionId="80e1f037-1b5d-4a2d-80dc-61a15d461de0" testId="a54a19bb-f9f5-e5b0-e7e8-37cf937bc901" testName="Tester.AzureUtils.Lease.LeaseBasedQueueBalancerTests.LeaseBalancedQueueBalancer_SupportUnexpectedNodeFailureScenerio" computerName="cloudtest-win10" duration="00:01:08.4711507" startTime="2023-01-23T15:26:58.5507550+00:00" endTime="2023-01-23T15:26:58.5508020+00:00" testType="13cdc9d9-ddb5-4fa4-a97d-d965ccfc6d4b" outcome="Passed" testListId="8c84fa94-04c1-424b-9868-57a2d4851a1d" relativeResultsDirectory="80e1f037-1b5d-4a2d-80dc-61a15d461de0" />
  </Results>
  <TestDefinitions>
    <UnitTest name="Tester.AzureUtils.Lease.LeaseBasedQueueBalancerTests.LeaseBalancedQueueBalancer_SupportUnexpectedNodeFailureScenerio" storage="c:\users\anna\orleans\test\extensions\testerazureutils\bin\debug\net7.0\tester.azureutils.dll" id="a54a19bb-f9f5-e5b0-e7e8-37cf937bc901">
      <Execution id="80e1f037-1b5d-4a2d-80dc-61a15d461de0" />
      <TestMethod codeBase="C:\Users\anna\orleans\test\Extensions\TesterAzureUtils\bin\Debug\net7.0\Tester.AzureUtils.dll" adapterTypeName="executor://xunit/VsTestRunner2/netcoreapp" className="Tester.AzureUtils.Lease.LeaseBasedQueueBalancerTests" name="LeaseBalancedQueueBalancer_SupportUnexpectedNodeFailureScenerio" />
    </UnitTest>
  </TestDefinitions>
  <TestEntries>
    <TestEntry testId="a54a19bb-f9f5-e5b0-e7e8-37cf937bc901" executionId="80e1f037-1b5d-4a2d-80dc-61a15d461de0" testListId="8c84fa94-04c1-424b-9868-57a2d4851a1d" />
  </TestEntries>
  <TestLists>
    <TestList name="Results Not in a List" id="8c84fa94-04c1-424b-9868-57a2d4851a1d" />
    <TestList name="All Loaded Results" id="19431567-8539-422a-85d7-44ee4e166bda" />
  </TestLists>
  <ResultSummary outcome="Completed">
    <Counters total="1" executed="1" passed="1" failed="0" error="0" timeout="0" aborted="0" inconclusive="0" passedButRunAborted="0" notRunnable="0" notExecuted="0" disconnected="0" warning="0" completed="0" inProgress="0" pending="0" />
    <Output>
      <StdOut>[xUnit.net 00:00:00.00] xUnit.net VSTest Adapter v2.4.5+1caef2f33e (64-bit .NET 7.0.2)&#xD;
[xUnit.net 00:00:01.24]   Discovering: Tester.AzureUtils (method display = ClassAndMethod, method display options = None)&#xD;
[xUnit.net 00:00:01.45]   Discovered:  Tester.AzureUtils (found 246 test cases)&#xD;
[xUnit.net 00:00:01.46]   Starting:    Tester.AzureUtils (parallel test collections = off, max threads = 4)&#xD;
[xUnit.net 00:01:38.28]   Finished:    Tester.AzureUtils&#xD;
</StdOut>
    </Output>
    <RunInfos>
      <RunInfo computerName="cloudtest-win10" outcome="Warning" timestamp="2023-01-23T15:26:58.7231428+00:00">
        <Text>Data collector 'Blame' message: All tests finished running, Sequence file will not be generated.</Text>
      </RunInfo>
    </RunInfos>
  </ResultSummary>
</TestRun>