<?xml version="1.0" encoding="utf-8"?>
<TestRun id="fbcae0d3-f4c8-4f4b-a1df-edf5a222796d" name="anna@cloudtest-win10 2023-01-24 22:27:07" runUser="cloudtest-win10\anna" xmlns="http://microsoft.com/schemas/VisualStudio/TeamTest/2010">
  <Times creation="2023-01-24T22:27:07.9539757+00:00" queuing="2023-01-24T22:27:07.9539763+00:00" start="2023-01-24T22:26:14.5088507+00:00" finish="2023-01-24T22:27:07.9928717+00:00" />
  <TestSettings name="default" id="da401cd8-571a-4337-a528-4591fb24fbdf">
    <Deployment runDeploymentRoot="anna_cloudtest-win10_2023-01-24_22_27_07" />
  </TestSettings>
  <Results>
    <UnitTestResult executionId="b7d95a45-bab0-4bca-9763-caada941f3bf" testId="e6c7c98f-081d-2999-cc2c-ecbd88f0697a" testName="Tester.AzureUtils.Streaming.AQStreamingTests.AQ_19_ConsumerImplicitlySubscribedToProducerClient" computerName="cloudtest-win10" duration="00:00:30.7390290" startTime="2023-01-24T22:27:07.6470504+00:00" endTime="2023-01-24T22:27:07.6470970+00:00" testType="13cdc9d9-ddb5-4fa4-a97d-d965ccfc6d4b" outcome="Failed" testListId="8c84fa94-04c1-424b-9868-57a2d4851a1d" relativeResultsDirectory="b7d95a45-bab0-4bca-9763-caada941f3bf">
      <Output>
        <ErrorInfo>
          <Message>Assert.Equal() Failure&#xD;
Expected: 10&#xD;
Actual:   11</Message>
          <StackTrace>   at UnitTests.StreamingTests.SingleStreamTestRunner.CheckCounters(ProducerProxy producer, ConsumerProxy consumer, Boolean assertAreEqual) in C:\Users\anna\orleans\test\TesterInternal\StreamingTests\SingleStreamTestRunner.cs:line 479&#xD;
   at UnitTests.StreamingTests.SingleStreamTestRunner.StreamTest_19_ConsumerImplicitlySubscribedToProducerClient() in C:\Users\anna\orleans\test\TesterInternal\StreamingTests\SingleStreamTestRunner.cs:line 330&#xD;
   at Tester.AzureUtils.Streaming.AQStreamingTests.AQ_19_ConsumerImplicitlySubscribedToProducerClient() in C:\Users\anna\orleans\test\Extensions\TesterAzureUtils\Streaming\AQStreamingTests.cs:line 217&#xD;
--- End of stack trace from previous location ---</StackTrace>
        </ErrorInfo>
      </Output>
    </UnitTestResult>
  </Results>
  <TestDefinitions>
    <UnitTest name="Tester.AzureUtils.Streaming.AQStreamingTests.AQ_19_ConsumerImplicitlySubscribedToProducerClient" storage="c:\users\anna\orleans\test\extensions\testerazureutils\bin\debug\net7.0\tester.azureutils.dll" id="e6c7c98f-081d-2999-cc2c-ecbd88f0697a">
      <Execution id="b7d95a45-bab0-4bca-9763-caada941f3bf" />
      <TestMethod codeBase="C:\Users\anna\orleans\test\Extensions\TesterAzureUtils\bin\Debug\net7.0\Tester.AzureUtils.dll" adapterTypeName="executor://xunit/VsTestRunner2/netcoreapp" className="Tester.AzureUtils.Streaming.AQStreamingTests" name="AQ_19_ConsumerImplicitlySubscribedToProducerClient" />
    </UnitTest>
  </TestDefinitions>
  <TestEntries>
    <TestEntry testId="e6c7c98f-081d-2999-cc2c-ecbd88f0697a" executionId="b7d95a45-bab0-4bca-9763-caada941f3bf" testListId="8c84fa94-04c1-424b-9868-57a2d4851a1d" />
  </TestEntries>
  <TestLists>
    <TestList name="Results Not in a List" id="8c84fa94-04c1-424b-9868-57a2d4851a1d" />
    <TestList name="All Loaded Results" id="19431567-8539-422a-85d7-44ee4e166bda" />
  </TestLists>
  <ResultSummary outcome="Failed">
    <Counters total="1" executed="1" passed="0" failed="1" error="0" timeout="0" aborted="0" inconclusive="0" passedButRunAborted="0" notRunnable="0" notExecuted="0" disconnected="0" warning="0" completed="0" inProgress="0" pending="0" />
    <Output>
      <StdOut>[xUnit.net 00:00:00.00] xUnit.net VSTest Adapter v2.4.5+1caef2f33e (64-bit .NET 7.0.2)&#xD;
[xUnit.net 00:00:01.30]   Discovering: Tester.AzureUtils (method display = ClassAndMethod, method display options = None)&#xD;
[xUnit.net 00:00:01.51]   Discovered:  Tester.AzureUtils (found 246 test cases)&#xD;
[xUnit.net 00:00:01.52]   Starting:    Tester.AzureUtils (parallel test collections = off, max threads = 4)&#xD;
[xUnit.net 00:00:50.20]       Assert.Equal() Failure&#xD;
[xUnit.net 00:00:50.20]       Expected: 10&#xD;
[xUnit.net 00:00:50.20]       Actual:   11&#xD;
[xUnit.net 00:00:50.20]       Stack Trace:&#xD;
[xUnit.net 00:00:50.21]         C:\Users\anna\orleans\test\TesterInternal\StreamingTests\SingleStreamTestRunner.cs(479,0): at UnitTests.StreamingTests.SingleStreamTestRunner.CheckCounters(ProducerProxy producer, ConsumerProxy consumer, Boolean assertAreEqual)&#xD;
[xUnit.net 00:00:50.21]         C:\Users\anna\orleans\test\TesterInternal\StreamingTests\SingleStreamTestRunner.cs(330,0): at UnitTests.StreamingTests.SingleStreamTestRunner.StreamTest_19_ConsumerImplicitlySubscribedToProducerClient()&#xD;
[xUnit.net 00:00:50.21]         C:\Users\anna\orleans\test\Extensions\TesterAzureUtils\Streaming\AQStreamingTests.cs(217,0): at Tester.AzureUtils.Streaming.AQStreamingTests.AQ_19_ConsumerImplicitlySubscribedToProducerClient()&#xD;
[xUnit.net 00:00:50.21]         --- End of stack trace from previous location ---&#xD;
[xUnit.net 00:00:50.24]   Finished:    Tester.AzureUtils&#xD;
</StdOut>
    </Output>
    <RunInfos>
      <RunInfo computerName="cloudtest-win10" outcome="Min" timestamp="2023-01-24T22:27:07.6418674+00:00">
        <Text>[xUnit.net 00:00:50.20]     Tester.AzureUtils.Streaming.AQStreamingTests.AQ_19_ConsumerImplicitlySubscribedToProducerClient [FAIL]</Text>
      </RunInfo>
      <RunInfo computerName="cloudtest-win10" outcome="Warning" timestamp="2023-01-24T22:27:07.8101365+00:00">
        <Text>Data collector 'Blame' message: All tests finished running, Sequence file will not be generated.</Text>
      </RunInfo>
    </RunInfos>
  </ResultSummary>
</TestRun>