<?xml version="1.0" encoding="utf-8"?>
<TestRun id="5abc98fb-41b6-4805-bfe4-4c123e8c5660" name="anna@cloudtest-win10 2023-01-24 22:29:00" runUser="cloudtest-win10\anna" xmlns="http://microsoft.com/schemas/VisualStudio/TeamTest/2010">
  <Times creation="2023-01-24T22:29:00.3706473+00:00" queuing="2023-01-24T22:29:00.3706478+00:00" start="2023-01-24T22:28:07.1104362+00:00" finish="2023-01-24T22:29:00.4080419+00:00" />
  <TestSettings name="default" id="f42acd18-ef0d-46ca-8b9c-f9a56d932a7d">
    <Deployment runDeploymentRoot="anna_cloudtest-win10_2023-01-24_22_29_00" />
  </TestSettings>
  <Results>
    <UnitTestResult executionId="cc3d40f3-4379-495e-a0f3-bf474482772f" testId="e6c7c98f-081d-2999-cc2c-ecbd88f0697a" testName="Tester.AzureUtils.Streaming.AQStreamingTests.AQ_19_ConsumerImplicitlySubscribedToProducerClient" computerName="cloudtest-win10" duration="00:00:30.5389736" startTime="2023-01-24T22:29:00.0602991+00:00" endTime="2023-01-24T22:29:00.0603468+00:00" testType="13cdc9d9-ddb5-4fa4-a97d-d965ccfc6d4b" outcome="Passed" testListId="8c84fa94-04c1-424b-9868-57a2d4851a1d" relativeResultsDirectory="cc3d40f3-4379-495e-a0f3-bf474482772f" />
  </Results>
  <TestDefinitions>
    <UnitTest name="Tester.AzureUtils.Streaming.AQStreamingTests.AQ_19_ConsumerImplicitlySubscribedToProducerClient" storage="c:\users\anna\orleans\test\extensions\testerazureutils\bin\debug\net7.0\tester.azureutils.dll" id="e6c7c98f-081d-2999-cc2c-ecbd88f0697a">
      <Execution id="cc3d40f3-4379-495e-a0f3-bf474482772f" />
      <TestMethod codeBase="C:\Users\anna\orleans\test\Extensions\TesterAzureUtils\bin\Debug\net7.0\Tester.AzureUtils.dll" adapterTypeName="executor://xunit/VsTestRunner2/netcoreapp" className="Tester.AzureUtils.Streaming.AQStreamingTests" name="AQ_19_ConsumerImplicitlySubscribedToProducerClient" />
    </UnitTest>
  </TestDefinitions>
  <TestEntries>
    <TestEntry testId="e6c7c98f-081d-2999-cc2c-ecbd88f0697a" executionId="cc3d40f3-4379-495e-a0f3-bf474482772f" testListId="8c84fa94-04c1-424b-9868-57a2d4851a1d" />
  </TestEntries>
  <TestLists>
    <TestList name="Results Not in a List" id="8c84fa94-04c1-424b-9868-57a2d4851a1d" />
    <TestList name="All Loaded Results" id="19431567-8539-422a-85d7-44ee4e166bda" />
  </TestLists>
  <ResultSummary outcome="Completed">
    <Counters total="1" executed="1" passed="1" failed="0" error="0" timeout="0" aborted="0" inconclusive="0" passedButRunAborted="0" notRunnable="0" notExecuted="0" disconnected="0" warning="0" completed="0" inProgress="0" pending="0" />
    <Output>
      <StdOut>[xUnit.net 00:00:00.00] xUnit.net VSTest Adapter v2.4.5+1caef2f33e (64-bit .NET 7.0.2)&#xD;
[xUnit.net 00:00:01.24]   Discovering: Tester.AzureUtils (method display = ClassAndMethod, method display options = None)&#xD;
[xUnit.net 00:00:01.45]   Discovered:  Tester.AzureUtils (found 246 test cases)&#xD;
[xUnit.net 00:00:01.47]   Starting:    Tester.AzureUtils (parallel test collections = off, max threads = 4)&#xD;
[xUnit.net 00:00:50.04]   Finished:    Tester.AzureUtils&#xD;
</StdOut>
    </Output>
    <RunInfos>
      <RunInfo computerName="cloudtest-win10" outcome="Warning" timestamp="2023-01-24T22:29:00.2241234+00:00">
        <Text>Data collector 'Blame' message: All tests finished running, Sequence file will not be generated.</Text>
      </RunInfo>
    </RunInfos>
  </ResultSummary>
</TestRun>