<?xml version="1.0" encoding="utf-8"?>
<TestRun id="7c477cb5-a743-45be-92f2-1bf28ee40947" name="anna@cloudtest-win10 2023-01-23 15:03:53" runUser="cloudtest-win10\anna" xmlns="http://microsoft.com/schemas/VisualStudio/TeamTest/2010">
  <Times creation="2023-01-23T15:03:53.1106759+00:00" queuing="2023-01-23T15:03:53.1106766+00:00" start="2023-01-23T15:03:46.3661779+00:00" finish="2023-01-23T15:03:53.1462715+00:00" />
  <TestSettings name="default" id="4e3b3e6e-6ad4-46e1-8132-28748507737a">
    <Deployment runDeploymentRoot="anna_cloudtest-win10_2023-01-23_15_03_53" />
  </TestSettings>
  <Results>
    <UnitTestResult executionId="f81fb0da-7e70-4206-afcd-584d06fd7d51" testId="83f1356a-2b36-3bd3-27e2-a5cbe8bc68ac" testName="Tester.AzureUtils.Lease.AzureBlobLeaseProviderTests.ProviderCanRenewLeases" computerName="cloudtest-win10" duration="00:00:02.0017591" startTime="2023-01-23T15:03:52.8066612+00:00" endTime="2023-01-23T15:03:52.8067086+00:00" testType="13cdc9d9-ddb5-4fa4-a97d-d965ccfc6d4b" outcome="Passed" testListId="8c84fa94-04c1-424b-9868-57a2d4851a1d" relativeResultsDirectory="f81fb0da-7e70-4206-afcd-584d06fd7d51" />
  </Results>
  <TestDefinitions>
    <UnitTest name="Tester.AzureUtils.Lease.AzureBlobLeaseProviderTests.ProviderCanRenewLeases" storage="c:\users\anna\orleans\test\extensions\testerazureutils\bin\debug\net7.0\tester.azureutils.dll" id="83f1356a-2b36-3bd3-27e2-a5cbe8bc68ac">
      <Execution id="f81fb0da-7e70-4206-afcd-584d06fd7d51" />
      <TestMethod codeBase="C:\Users\anna\orleans\test\Extensions\TesterAzureUtils\bin\Debug\net7.0\Tester.AzureUtils.dll" adapterTypeName="executor://xunit/VsTestRunner2/netcoreapp" className="Tester.AzureUtils.Lease.AzureBlobLeaseProviderTests" name="ProviderCanRenewLeases" />
    </UnitTest>
  </TestDefinitions>
  <TestEntries>
    <TestEntry testId="83f1356a-2b36-3bd3-27e2-a5cbe8bc68ac" executionId="f81fb0da-7e70-4206-afcd-584d06fd7d51" testListId="8c84fa94-04c1-424b-9868-57a2d4851a1d" />
  </TestEntries>
  <TestLists>
    <TestList name="Results Not in a List" id="8c84fa94-04c1-424b-9868-57a2d4851a1d" />
    <TestList name="All Loaded Results" id="19431567-8539-422a-85d7-44ee4e166bda" />
  </TestLists>
  <ResultSummary outcome="Completed">
    <Counters total="1" executed="1" passed="1" failed="0" error="0" timeout="0" aborted="0" inconclusive="0" passedButRunAborted="0" notRunnable="0" notExecuted="0" disconnected="0" warning="0" completed="0" inProgress="0" pending="0" />
    <Output>
      <StdOut>[xUnit.net 00:00:00.00] xUnit.net VSTest Adapter v2.4.5+1caef2f33e (64-bit .NET 7.0.2)&#xD;
[xUnit.net 00:00:01.24]   Discovering: Tester.AzureUtils (method display = ClassAndMethod, method display options = None)&#xD;
[xUnit.net 00:00:01.44]   Discovered:  Tester.AzureUtils (found 246 test cases)&#xD;
[xUnit.net 00:00:01.46]   Starting:    Tester.AzureUtils (parallel test collections = off, max threads = 4)&#xD;
[xUnit.net 00:00:03.56]   Finished:    Tester.AzureUtils&#xD;
</StdOut>
    </Output>
    <RunInfos>
      <RunInfo computerName="cloudtest-win10" outcome="Warning" timestamp="2023-01-23T15:03:52.9649721+00:00">
        <Text>Data collector 'Blame' message: All tests finished running, Sequence file will not be generated.</Text>
      </RunInfo>
    </RunInfos>
  </ResultSummary>
</TestRun>