<?xml version="1.0" encoding="utf-8"?>
<TestRun id="a38f27ca-544a-4a62-9447-ef2c8d662867" name="anna@cloudtest-win10 2023-01-23 15:03:26" runUser="cloudtest-win10\anna" xmlns="http://microsoft.com/schemas/VisualStudio/TeamTest/2010">
  <Times creation="2023-01-23T15:03:26.2566824+00:00" queuing="2023-01-23T15:03:26.2566829+00:00" start="2023-01-23T15:03:19.3074340+00:00" finish="2023-01-23T15:03:26.2921977+00:00" />
  <TestSettings name="default" id="9c29c383-7d55-4435-b679-629b4c405fd6">
    <Deployment runDeploymentRoot="anna_cloudtest-win10_2023-01-23_15_03_26" />
  </TestSettings>
  <Results>
    <UnitTestResult executionId="27660807-1c79-4ef7-b06d-d6679cab900c" testId="83f1356a-2b36-3bd3-27e2-a5cbe8bc68ac" testName="Tester.AzureUtils.Lease.AzureBlobLeaseProviderTests.ProviderCanRenewLeases" computerName="cloudtest-win10" duration="00:00:02.1847945" startTime="2023-01-23T15:03:25.9480175+00:00" endTime="2023-01-23T15:03:25.9480643+00:00" testType="13cdc9d9-ddb5-4fa4-a97d-d965ccfc6d4b" outcome="Passed" testListId="8c84fa94-04c1-424b-9868-57a2d4851a1d" relativeResultsDirectory="27660807-1c79-4ef7-b06d-d6679cab900c" />
  </Results>
  <TestDefinitions>
    <UnitTest name="Tester.AzureUtils.Lease.AzureBlobLeaseProviderTests.ProviderCanRenewLeases" storage="c:\users\anna\orleans\test\extensions\testerazureutils\bin\debug\net7.0\tester.azureutils.dll" id="83f1356a-2b36-3bd3-27e2-a5cbe8bc68ac">
      <Execution id="27660807-1c79-4ef7-b06d-d6679cab900c" />
      <TestMethod codeBase="C:\Users\anna\orleans\test\Extensions\TesterAzureUtils\bin\Debug\net7.0\Tester.AzureUtils.dll" adapterTypeName="executor://xunit/VsTestRunner2/netcoreapp" className="Tester.AzureUtils.Lease.AzureBlobLeaseProviderTests" name="ProviderCanRenewLeases" />
    </UnitTest>
  </TestDefinitions>
  <TestEntries>
    <TestEntry testId="83f1356a-2b36-3bd3-27e2-a5cbe8bc68ac" executionId="27660807-1c79-4ef7-b06d-d6679cab900c" testListId="8c84fa94-04c1-424b-9868-57a2d4851a1d" />
  </TestEntries>
  <TestLists>
    <TestList name="Results Not in a List" id="8c84fa94-04c1-424b-9868-57a2d4851a1d" />
    <TestList name="All Loaded Results" id="19431567-8539-422a-85d7-44ee4e166bda" />
  </TestLists>
  <ResultSummary outcome="Completed">
    <Counters total="1" executed="1" passed="1" failed="0" error="0" timeout="0" aborted="0" inconclusive="0" passedButRunAborted="0" notRunnable="0" notExecuted="0" disconnected="0" warning="0" completed="0" inProgress="0" pending="0" />
    <Output>
      <StdOut>[xUnit.net 00:00:00.00] xUnit.net VSTest Adapter v2.4.5+1caef2f33e (64-bit .NET 7.0.2)&#xD;
[xUnit.net 00:00:01.23]   Discovering: Tester.AzureUtils (method display = ClassAndMethod, method display options = None)&#xD;
[xUnit.net 00:00:01.44]   Discovered:  Tester.AzureUtils (found 246 test cases)&#xD;
[xUnit.net 00:00:01.45]   Starting:    Tester.AzureUtils (parallel test collections = off, max threads = 4)&#xD;
[xUnit.net 00:00:03.74]   Finished:    Tester.AzureUtils&#xD;
</StdOut>
    </Output>
    <RunInfos>
      <RunInfo computerName="cloudtest-win10" outcome="Warning" timestamp="2023-01-23T15:03:26.1078359+00:00">
        <Text>Data collector 'Blame' message: All tests finished running, Sequence file will not be generated.</Text>
      </RunInfo>
    </RunInfos>
  </ResultSummary>
</TestRun>