<?xml version="1.0" encoding="utf-8"?>
<TestRun id="c9b0bc27-9e26-4008-b997-6198ca0ac5cc" name="anna@cloudtest-win10 2023-01-25 00:13:51" runUser="cloudtest-win10\anna" xmlns="http://microsoft.com/schemas/VisualStudio/TeamTest/2010">
  <Times creation="2023-01-25T00:13:51.5275003+00:00" queuing="2023-01-25T00:13:51.5275010+00:00" start="2023-01-25T00:13:17.3878183+00:00" finish="2023-01-25T00:13:51.5633594+00:00" />
  <TestSettings name="default" id="dd14dde8-adf6-4693-89ac-95193546aedf">
    <Deployment runDeploymentRoot="anna_cloudtest-win10_2023-01-25_00_13_51" />
  </TestSettings>
  <Results>
    <UnitTestResult executionId="d310cc2c-fc88-4e34-9b40-81162d897682" testId="3cd29323-c52b-081b-cc00-5a1274a16516" testName="Tester.AzureUtils.Streaming.AQStreamingTests.AQ_04_OneProducerClientOneConsumerClient" computerName="cloudtest-win10" duration="00:00:10.8143502" startTime="2023-01-25T00:13:51.2106937+00:00" endTime="2023-01-25T00:13:51.2107423+00:00" testType="13cdc9d9-ddb5-4fa4-a97d-d965ccfc6d4b" outcome="Passed" testListId="8c84fa94-04c1-424b-9868-57a2d4851a1d" relativeResultsDirectory="d310cc2c-fc88-4e34-9b40-81162d897682" />
  </Results>
  <TestDefinitions>
    <UnitTest name="Tester.AzureUtils.Streaming.AQStreamingTests.AQ_04_OneProducerClientOneConsumerClient" storage="c:\users\anna\orleans\test\extensions\testerazureutils\bin\debug\net7.0\tester.azureutils.dll" id="3cd29323-c52b-081b-cc00-5a1274a16516">
      <Execution id="d310cc2c-fc88-4e34-9b40-81162d897682" />
      <TestMethod codeBase="C:\Users\anna\orleans\test\Extensions\TesterAzureUtils\bin\Debug\net7.0\Tester.AzureUtils.dll" adapterTypeName="executor://xunit/VsTestRunner2/netcoreapp" className="Tester.AzureUtils.Streaming.AQStreamingTests" name="AQ_04_OneProducerClientOneConsumerClient" />
    </UnitTest>
  </TestDefinitions>
  <TestEntries>
    <TestEntry testId="3cd29323-c52b-081b-cc00-5a1274a16516" executionId="d310cc2c-fc88-4e34-9b40-81162d897682" testListId="8c84fa94-04c1-424b-9868-57a2d4851a1d" />
  </TestEntries>
  <TestLists>
    <TestList name="Results Not in a List" id="8c84fa94-04c1-424b-9868-57a2d4851a1d" />
    <TestList name="All Loaded Results" id="19431567-8539-422a-85d7-44ee4e166bda" />
  </TestLists>
  <ResultSummary outcome="Completed">
    <Counters total="1" executed="1" passed="1" failed="0" error="0" timeout="0" aborted="0" inconclusive="0" passedButRunAborted="0" notRunnable="0" notExecuted="0" disconnected="0" warning="0" completed="0" inProgress="0" pending="0" />
    <Output>
      <StdOut>[xUnit.net 00:00:00.00] xUnit.net VSTest Adapter v2.4.5+1caef2f33e (64-bit .NET 7.0.2)&#xD;
[xUnit.net 00:00:01.24]   Discovering: Tester.AzureUtils (method display = ClassAndMethod, method display options = None)&#xD;
[xUnit.net 00:00:01.45]   Discovered:  Tester.AzureUtils (found 246 test cases)&#xD;
[xUnit.net 00:00:01.47]   Starting:    Tester.AzureUtils (parallel test collections = off, max threads = 4)&#xD;
[xUnit.net 00:00:30.89]   Finished:    Tester.AzureUtils&#xD;
</StdOut>
    </Output>
    <RunInfos>
      <RunInfo computerName="cloudtest-win10" outcome="Warning" timestamp="2023-01-25T00:13:51.3858690+00:00">
        <Text>Data collector 'Blame' message: All tests finished running, Sequence file will not be generated.</Text>
      </RunInfo>
    </RunInfos>
  </ResultSummary>
</TestRun>