<?xml version="1.0" encoding="utf-8"?>
<TestRun id="41380983-1ab0-4f17-b744-fcd53bc10d5a" name="anna@cloudtest-win10 2023-01-25 00:12:14" runUser="cloudtest-win10\anna" xmlns="http://microsoft.com/schemas/VisualStudio/TeamTest/2010">
  <Times creation="2023-01-25T00:12:14.2645603+00:00" queuing="2023-01-25T00:12:14.2645608+00:00" start="2023-01-25T00:11:42.5141124+00:00" finish="2023-01-25T00:12:14.2998350+00:00" />
  <TestSettings name="default" id="4b91c9fb-1296-4289-843e-b10ba90d8086">
    <Deployment runDeploymentRoot="anna_cloudtest-win10_2023-01-25_00_12_14" />
  </TestSettings>
  <Results>
    <UnitTestResult executionId="22a0182c-4ff3-4741-8e82-529417e7c655" testId="3cd29323-c52b-081b-cc00-5a1274a16516" testName="Tester.AzureUtils.Streaming.AQStreamingTests.AQ_04_OneProducerClientOneConsumerClient" computerName="cloudtest-win10" duration="00:00:08.2844050" startTime="2023-01-25T00:12:13.9457386+00:00" endTime="2023-01-25T00:12:13.9458407+00:00" testType="13cdc9d9-ddb5-4fa4-a97d-d965ccfc6d4b" outcome="Passed" testListId="8c84fa94-04c1-424b-9868-57a2d4851a1d" relativeResultsDirectory="22a0182c-4ff3-4741-8e82-529417e7c655" />
  </Results>
  <TestDefinitions>
    <UnitTest name="Tester.AzureUtils.Streaming.AQStreamingTests.AQ_04_OneProducerClientOneConsumerClient" storage="c:\users\anna\orleans\test\extensions\testerazureutils\bin\debug\net7.0\tester.azureutils.dll" id="3cd29323-c52b-081b-cc00-5a1274a16516">
      <Execution id="22a0182c-4ff3-4741-8e82-529417e7c655" />
      <TestMethod codeBase="C:\Users\anna\orleans\test\Extensions\TesterAzureUtils\bin\Debug\net7.0\Tester.AzureUtils.dll" adapterTypeName="executor://xunit/VsTestRunner2/netcoreapp" className="Tester.AzureUtils.Streaming.AQStreamingTests" name="AQ_04_OneProducerClientOneConsumerClient" />
    </UnitTest>
  </TestDefinitions>
  <TestEntries>
    <TestEntry testId="3cd29323-c52b-081b-cc00-5a1274a16516" executionId="22a0182c-4ff3-4741-8e82-529417e7c655" testListId="8c84fa94-04c1-424b-9868-57a2d4851a1d" />
  </TestEntries>
  <TestLists>
    <TestList name="Results Not in a List" id="8c84fa94-04c1-424b-9868-57a2d4851a1d" />
    <TestList name="All Loaded Results" id="19431567-8539-422a-85d7-44ee4e166bda" />
  </TestLists>
  <ResultSummary outcome="Completed">
    <Counters total="1" executed="1" passed="1" failed="0" error="0" timeout="0" aborted="0" inconclusive="0" passedButRunAborted="0" notRunnable="0" notExecuted="0" disconnected="0" warning="0" completed="0" inProgress="0" pending="0" />
    <Output>
      <StdOut>[xUnit.net 00:00:00.00] xUnit.net VSTest Adapter v2.4.5+1caef2f33e (64-bit .NET 7.0.2)&#xD;
[xUnit.net 00:00:01.25]   Discovering: Tester.AzureUtils (method display = ClassAndMethod, method display options = None)&#xD;
[xUnit.net 00:00:01.46]   Discovered:  Tester.AzureUtils (found 246 test cases)&#xD;
[xUnit.net 00:00:01.48]   Starting:    Tester.AzureUtils (parallel test collections = off, max threads = 4)&#xD;
[xUnit.net 00:00:28.50]   Finished:    Tester.AzureUtils&#xD;
</StdOut>
    </Output>
    <RunInfos>
      <RunInfo computerName="cloudtest-win10" outcome="Warning" timestamp="2023-01-25T00:12:14.1212052+00:00">
        <Text>Data collector 'Blame' message: All tests finished running, Sequence file will not be generated.</Text>
      </RunInfo>
    </RunInfos>
  </ResultSummary>
</TestRun>