<?xml version="1.0" encoding="utf-8"?>
<TestRun id="2f691a42-0de8-4b09-96db-8a123553dcef" name="anna@cloudtest-win10 2023-01-25 00:10:42" runUser="cloudtest-win10\anna" xmlns="http://microsoft.com/schemas/VisualStudio/TeamTest/2010">
  <Times creation="2023-01-25T00:10:42.5466500+00:00" queuing="2023-01-25T00:10:42.5466512+00:00" start="2023-01-25T00:10:10.0382942+00:00" finish="2023-01-25T00:10:42.5842597+00:00" />
  <TestSettings name="default" id="24be199f-8f13-465f-87e7-5d2629abf3c4">
    <Deployment runDeploymentRoot="anna_cloudtest-win10_2023-01-25_00_10_42" />
  </TestSettings>
  <Results>
    <UnitTestResult executionId="7790cd9b-32c7-4601-bdf0-e4d15a0d1fd3" testId="3cd29323-c52b-081b-cc00-5a1274a16516" testName="Tester.AzureUtils.Streaming.AQStreamingTests.AQ_04_OneProducerClientOneConsumerClient" computerName="cloudtest-win10" duration="00:00:07.8749849" startTime="2023-01-25T00:10:42.2308167+00:00" endTime="2023-01-25T00:10:42.2308696+00:00" testType="13cdc9d9-ddb5-4fa4-a97d-d965ccfc6d4b" outcome="Passed" testListId="8c84fa94-04c1-424b-9868-57a2d4851a1d" relativeResultsDirectory="7790cd9b-32c7-4601-bdf0-e4d15a0d1fd3" />
  </Results>
  <TestDefinitions>
    <UnitTest name="Tester.AzureUtils.Streaming.AQStreamingTests.AQ_04_OneProducerClientOneConsumerClient" storage="c:\users\anna\orleans\test\extensions\testerazureutils\bin\debug\net7.0\tester.azureutils.dll" id="3cd29323-c52b-081b-cc00-5a1274a16516">
      <Execution id="7790cd9b-32c7-4601-bdf0-e4d15a0d1fd3" />
      <TestMethod codeBase="C:\Users\anna\orleans\test\Extensions\TesterAzureUtils\bin\Debug\net7.0\Tester.AzureUtils.dll" adapterTypeName="executor://xunit/VsTestRunner2/netcoreapp" className="Tester.AzureUtils.Streaming.AQStreamingTests" name="AQ_04_OneProducerClientOneConsumerClient" />
    </UnitTest>
  </TestDefinitions>
  <TestEntries>
    <TestEntry testId="3cd29323-c52b-081b-cc00-5a1274a16516" executionId="7790cd9b-32c7-4601-bdf0-e4d15a0d1fd3" testListId="8c84fa94-04c1-424b-9868-57a2d4851a1d" />
  </TestEntries>
  <TestLists>
    <TestList name="Results Not in a List" id="8c84fa94-04c1-424b-9868-57a2d4851a1d" />
    <TestList name="All Loaded Results" id="19431567-8539-422a-85d7-44ee4e166bda" />
  </TestLists>
  <ResultSummary outcome="Completed">
    <Counters total="1" executed="1" passed="1" failed="0" error="0" timeout="0" aborted="0" inconclusive="0" passedButRunAborted="0" notRunnable="0" notExecuted="0" disconnected="0" warning="0" completed="0" inProgress="0" pending="0" />
    <Output>
      <StdOut>[xUnit.net 00:00:00.00] xUnit.net VSTest Adapter v2.4.5+1caef2f33e (64-bit .NET 7.0.2)&#xD;
[xUnit.net 00:00:01.25]   Discovering: Tester.AzureUtils (method display = ClassAndMethod, method display options = None)&#xD;
[xUnit.net 00:00:01.46]   Discovered:  Tester.AzureUtils (found 246 test cases)&#xD;
[xUnit.net 00:00:01.47]   Starting:    Tester.AzureUtils (parallel test collections = off, max threads = 4)&#xD;
[xUnit.net 00:00:29.29]   Finished:    Tester.AzureUtils&#xD;
</StdOut>
    </Output>
    <RunInfos>
      <RunInfo computerName="cloudtest-win10" outcome="Warning" timestamp="2023-01-25T00:10:42.3990257+00:00">
        <Text>Data collector 'Blame' message: All tests finished running, Sequence file will not be generated.</Text>
      </RunInfo>
    </RunInfos>
  </ResultSummary>
</TestRun>