<?xml version="1.0" encoding="utf-8"?>
<TestRun id="3f1d9d73-3a7d-49b6-b78d-e05c8dd36ec8" name="anna@cloudtest-win10 2023-01-23 00:05:38" runUser="cloudtest-win10\anna" xmlns="http://microsoft.com/schemas/VisualStudio/TeamTest/2010">
  <Times creation="2023-01-23T00:05:38.4477228+00:00" queuing="2023-01-23T00:05:38.4477234+00:00" start="2023-01-23T00:05:28.7795925+00:00" finish="2023-01-23T00:05:52.7111615+00:00" />
  <TestSettings name="default" id="aa7120a5-88cc-41d0-8469-66827be238fb">
    <Deployment runDeploymentRoot="anna_cloudtest-win10_2023-01-23_00_05_38" />
  </TestSettings>
  <Results>
    <UnitTestResult executionId="01ebe411-7309-4298-870f-2b4c34a308f8" testId="57807b22-d002-3c90-b147-d46169a81919" testName="Tester.AzureUtils.General.GenericGrainsInAzureBlobStorageTests.Generic_OnAzureBlobStorage_ShortNamedGrain_EchoValue" computerName="cloudtest-win10" duration="00:00:01.4805474" startTime="2023-01-23T00:05:38.3405548+00:00" endTime="2023-01-23T00:05:38.3406039+00:00" testType="13cdc9d9-ddb5-4fa4-a97d-d965ccfc6d4b" outcome="Passed" testListId="8c84fa94-04c1-424b-9868-57a2d4851a1d" relativeResultsDirectory="01ebe411-7309-4298-870f-2b4c34a308f8" />
  </Results>
  <TestDefinitions>
    <UnitTest name="Tester.AzureUtils.General.GenericGrainsInAzureBlobStorageTests.Generic_OnAzureBlobStorage_ShortNamedGrain_EchoValue" storage="c:\users\anna\orleans\test\extensions\testerazureutils\bin\debug\net7.0\tester.azureutils.dll" id="57807b22-d002-3c90-b147-d46169a81919">
      <Execution id="01ebe411-7309-4298-870f-2b4c34a308f8" />
      <TestMethod codeBase="C:\Users\anna\orleans\test\Extensions\TesterAzureUtils\bin\Debug\net7.0\Tester.AzureUtils.dll" adapterTypeName="executor://xunit/VsTestRunner2/netcoreapp" className="Tester.AzureUtils.General.GenericGrainsInAzureBlobStorageTests" name="Generic_OnAzureBlobStorage_ShortNamedGrain_EchoValue" />
    </UnitTest>
  </TestDefinitions>
  <TestEntries>
    <TestEntry testId="57807b22-d002-3c90-b147-d46169a81919" executionId="01ebe411-7309-4298-870f-2b4c34a308f8" testListId="8c84fa94-04c1-424b-9868-57a2d4851a1d" />
  </TestEntries>
  <TestLists>
    <TestList name="Results Not in a List" id="8c84fa94-04c1-424b-9868-57a2d4851a1d" />
    <TestList name="All Loaded Results" id="19431567-8539-422a-85d7-44ee4e166bda" />
  </TestLists>
  <ResultSummary outcome="Completed">
    <Counters total="1" executed="1" passed="1" failed="0" error="0" timeout="0" aborted="0" inconclusive="0" passedButRunAborted="0" notRunnable="0" notExecuted="0" disconnected="0" warning="0" completed="0" inProgress="0" pending="0" />
    <Output>
      <StdOut>[xUnit.net 00:00:00.00] xUnit.net VSTest Adapter v2.4.5+1caef2f33e (64-bit .NET 7.0.2)&#xD;
[xUnit.net 00:00:01.28]   Discovering: Tester.AzureUtils (method display = ClassAndMethod, method display options = None)&#xD;
[xUnit.net 00:00:01.49]   Discovered:  Tester.AzureUtils (found 246 test cases)&#xD;
[xUnit.net 00:00:01.50]   Starting:    Tester.AzureUtils (parallel test collections = off, max threads = 4)&#xD;
[xUnit.net 00:00:20.71]   Finished:    Tester.AzureUtils&#xD;
</StdOut>
    </Output>
    <RunInfos>
      <RunInfo computerName="cloudtest-win10" outcome="Warning" timestamp="2023-01-23T00:05:52.6199614+00:00">
        <Text>Data collector 'Blame' message: All tests finished running, Sequence file will not be generated.</Text>
      </RunInfo>
    </RunInfos>
  </ResultSummary>
</TestRun>