<?xml version="1.0" encoding="utf-8"?>
<TestRun id="859c2f40-a1f5-4885-bbef-e9fdbfafaf05" name="anna@cloudtest-win10 2023-01-22 17:47:20" runUser="cloudtest-win10\anna" xmlns="http://microsoft.com/schemas/VisualStudio/TeamTest/2010">
  <Times creation="2023-01-22T17:47:20.8810709+00:00" queuing="2023-01-22T17:47:20.8810713+00:00" start="2023-01-22T17:46:45.8968839+00:00" finish="2023-01-22T17:47:34.9832623+00:00" />
  <TestSettings name="default" id="54dc6813-122c-486a-a012-a36cbf2456d9">
    <Deployment runDeploymentRoot="anna_cloudtest-win10_2023-01-22_17_47_20" />
  </TestSettings>
  <Results>
    <UnitTestResult executionId="dd71544b-22b7-438b-a93b-5d92f6b54b3f" testId="0ead2138-2212-aba4-35b8-60be64e9d95f" testName="Tester.AzureUtils.TimerTests.ReminderTests_AzureTable.Rem_Azure_Basic_ListOps" computerName="cloudtest-win10" duration="00:00:25.3063519" startTime="2023-01-22T17:47:20.5886768+00:00" endTime="2023-01-22T17:47:20.5887217+00:00" testType="13cdc9d9-ddb5-4fa4-a97d-d965ccfc6d4b" outcome="Passed" testListId="8c84fa94-04c1-424b-9868-57a2d4851a1d" relativeResultsDirectory="dd71544b-22b7-438b-a93b-5d92f6b54b3f" />
  </Results>
  <TestDefinitions>
    <UnitTest name="Tester.AzureUtils.TimerTests.ReminderTests_AzureTable.Rem_Azure_Basic_ListOps" storage="c:\users\anna\orleans\test\extensions\testerazureutils\bin\debug\net7.0\tester.azureutils.dll" id="0ead2138-2212-aba4-35b8-60be64e9d95f">
      <Execution id="dd71544b-22b7-438b-a93b-5d92f6b54b3f" />
      <TestMethod codeBase="C:\Users\anna\orleans\test\Extensions\TesterAzureUtils\bin\Debug\net7.0\Tester.AzureUtils.dll" adapterTypeName="executor://xunit/VsTestRunner2/netcoreapp" className="Tester.AzureUtils.TimerTests.ReminderTests_AzureTable" name="Rem_Azure_Basic_ListOps" />
    </UnitTest>
  </TestDefinitions>
  <TestEntries>
    <TestEntry testId="0ead2138-2212-aba4-35b8-60be64e9d95f" executionId="dd71544b-22b7-438b-a93b-5d92f6b54b3f" testListId="8c84fa94-04c1-424b-9868-57a2d4851a1d" />
  </TestEntries>
  <TestLists>
    <TestList name="Results Not in a List" id="8c84fa94-04c1-424b-9868-57a2d4851a1d" />
    <TestList name="All Loaded Results" id="19431567-8539-422a-85d7-44ee4e166bda" />
  </TestLists>
  <ResultSummary outcome="Completed">
    <Counters total="1" executed="1" passed="1" failed="0" error="0" timeout="0" aborted="0" inconclusive="0" passedButRunAborted="0" notRunnable="0" notExecuted="0" disconnected="0" warning="0" completed="0" inProgress="0" pending="0" />
    <Output>
      <StdOut>[xUnit.net 00:00:00.00] xUnit.net VSTest Adapter v2.4.5+1caef2f33e (64-bit .NET 7.0.2)&#xD;
[xUnit.net 00:00:01.27]   Discovering: Tester.AzureUtils (method display = ClassAndMethod, method display options = None)&#xD;
[xUnit.net 00:00:01.49]   Discovered:  Tester.AzureUtils (found 246 test cases)&#xD;
[xUnit.net 00:00:01.50]   Starting:    Tester.AzureUtils (parallel test collections = off, max threads = 4)&#xD;
[xUnit.net 00:00:45.88]   Finished:    Tester.AzureUtils&#xD;
</StdOut>
    </Output>
    <RunInfos>
      <RunInfo computerName="cloudtest-win10" outcome="Warning" timestamp="2023-01-22T17:47:34.8812581+00:00">
        <Text>Data collector 'Blame' message: All tests finished running, Sequence file will not be generated.</Text>
      </RunInfo>
    </RunInfos>
  </ResultSummary>
</TestRun>