<?xml version="1.0" encoding="utf-8"?>
<TestRun id="0af6e8f5-8394-4f12-8337-38342d278d50" name="anna@cloudtest-win10 2023-01-22 17:46:29" runUser="cloudtest-win10\anna" xmlns="http://microsoft.com/schemas/VisualStudio/TeamTest/2010">
  <Times creation="2023-01-22T17:46:29.6919268+00:00" queuing="2023-01-22T17:46:29.6919276+00:00" start="2023-01-22T17:45:54.6964153+00:00" finish="2023-01-22T17:46:43.7589342+00:00" />
  <TestSettings name="default" id="37ee5de0-8a9d-4932-8312-fcb8979dfef7">
    <Deployment runDeploymentRoot="anna_cloudtest-win10_2023-01-22_17_46_29" />
  </TestSettings>
  <Results>
    <UnitTestResult executionId="8be690bb-a041-49bb-9e6e-e7f21b4ac89a" testId="0ead2138-2212-aba4-35b8-60be64e9d95f" testName="Tester.AzureUtils.TimerTests.ReminderTests_AzureTable.Rem_Azure_Basic_ListOps" computerName="cloudtest-win10" duration="00:00:25.3115144" startTime="2023-01-22T17:46:29.3948638+00:00" endTime="2023-01-22T17:46:29.3949114+00:00" testType="13cdc9d9-ddb5-4fa4-a97d-d965ccfc6d4b" outcome="Passed" testListId="8c84fa94-04c1-424b-9868-57a2d4851a1d" relativeResultsDirectory="8be690bb-a041-49bb-9e6e-e7f21b4ac89a" />
  </Results>
  <TestDefinitions>
    <UnitTest name="Tester.AzureUtils.TimerTests.ReminderTests_AzureTable.Rem_Azure_Basic_ListOps" storage="c:\users\anna\orleans\test\extensions\testerazureutils\bin\debug\net7.0\tester.azureutils.dll" id="0ead2138-2212-aba4-35b8-60be64e9d95f">
      <Execution id="8be690bb-a041-49bb-9e6e-e7f21b4ac89a" />
      <TestMethod codeBase="C:\Users\anna\orleans\test\Extensions\TesterAzureUtils\bin\Debug\net7.0\Tester.AzureUtils.dll" adapterTypeName="executor://xunit/VsTestRunner2/netcoreapp" className="Tester.AzureUtils.TimerTests.ReminderTests_AzureTable" name="Rem_Azure_Basic_ListOps" />
    </UnitTest>
  </TestDefinitions>
  <TestEntries>
    <TestEntry testId="0ead2138-2212-aba4-35b8-60be64e9d95f" executionId="8be690bb-a041-49bb-9e6e-e7f21b4ac89a" testListId="8c84fa94-04c1-424b-9868-57a2d4851a1d" />
  </TestEntries>
  <TestLists>
    <TestList name="Results Not in a List" id="8c84fa94-04c1-424b-9868-57a2d4851a1d" />
    <TestList name="All Loaded Results" id="19431567-8539-422a-85d7-44ee4e166bda" />
  </TestLists>
  <ResultSummary outcome="Completed">
    <Counters total="1" executed="1" passed="1" failed="0" error="0" timeout="0" aborted="0" inconclusive="0" passedButRunAborted="0" notRunnable="0" notExecuted="0" disconnected="0" warning="0" completed="0" inProgress="0" pending="0" />
    <Output>
      <StdOut>[xUnit.net 00:00:00.00] xUnit.net VSTest Adapter v2.4.5+1caef2f33e (64-bit .NET 7.0.2)&#xD;
[xUnit.net 00:00:01.27]   Discovering: Tester.AzureUtils (method display = ClassAndMethod, method display options = None)&#xD;
[xUnit.net 00:00:01.49]   Discovered:  Tester.AzureUtils (found 246 test cases)&#xD;
[xUnit.net 00:00:01.51]   Starting:    Tester.AzureUtils (parallel test collections = off, max threads = 4)&#xD;
[xUnit.net 00:00:45.86]   Finished:    Tester.AzureUtils&#xD;
</StdOut>
    </Output>
    <RunInfos>
      <RunInfo computerName="cloudtest-win10" outcome="Warning" timestamp="2023-01-22T17:46:43.6695133+00:00">
        <Text>Data collector 'Blame' message: All tests finished running, Sequence file will not be generated.</Text>
      </RunInfo>
    </RunInfos>
  </ResultSummary>
</TestRun>