<?xml version="1.0" encoding="utf-8"?>
<TestRun id="2c819186-2ac2-4883-994e-d38e8fff16aa" name="anna@cloudtest-win10 2023-01-22 19:01:41" runUser="cloudtest-win10\anna" xmlns="http://microsoft.com/schemas/VisualStudio/TeamTest/2010">
  <Times creation="2023-01-22T19:01:41.9479645+00:00" queuing="2023-01-22T19:01:41.9479651+00:00" start="2023-01-22T19:01:34.0299248+00:00" finish="2023-01-22T19:01:41.9835777+00:00" />
  <TestSettings name="default" id="4da2972f-2263-43c0-88a3-c5d4e8d72b9f">
    <Deployment runDeploymentRoot="anna_cloudtest-win10_2023-01-22_19_01_41" />
  </TestSettings>
  <Results>
    <UnitTestResult executionId="a2afa50d-722f-4671-b0db-d52280fc1a51" testId="c38916fd-2ff6-d3fb-5c7c-1ed9cf77097b" testName="Tester.AzureUtils.AzureMembershipTableTests.MembershipTable_Azure_ReadAll_Insert_ReadAll" computerName="cloudtest-win10" duration="00:00:02.0354146" startTime="2023-01-22T19:01:41.6347794+00:00" endTime="2023-01-22T19:01:41.6348286+00:00" testType="13cdc9d9-ddb5-4fa4-a97d-d965ccfc6d4b" outcome="Passed" testListId="8c84fa94-04c1-424b-9868-57a2d4851a1d" relativeResultsDirectory="a2afa50d-722f-4671-b0db-d52280fc1a51" />
  </Results>
  <TestDefinitions>
    <UnitTest name="Tester.AzureUtils.AzureMembershipTableTests.MembershipTable_Azure_ReadAll_Insert_ReadAll" storage="c:\users\anna\orleans\test\extensions\testerazureutils\bin\debug\net7.0\tester.azureutils.dll" id="c38916fd-2ff6-d3fb-5c7c-1ed9cf77097b">
      <Execution id="a2afa50d-722f-4671-b0db-d52280fc1a51" />
      <TestMethod codeBase="C:\Users\anna\orleans\test\Extensions\TesterAzureUtils\bin\Debug\net7.0\Tester.AzureUtils.dll" adapterTypeName="executor://xunit/VsTestRunner2/netcoreapp" className="Tester.AzureUtils.AzureMembershipTableTests" name="MembershipTable_Azure_ReadAll_Insert_ReadAll" />
    </UnitTest>
  </TestDefinitions>
  <TestEntries>
    <TestEntry testId="c38916fd-2ff6-d3fb-5c7c-1ed9cf77097b" executionId="a2afa50d-722f-4671-b0db-d52280fc1a51" testListId="8c84fa94-04c1-424b-9868-57a2d4851a1d" />
  </TestEntries>
  <TestLists>
    <TestList name="Results Not in a List" id="8c84fa94-04c1-424b-9868-57a2d4851a1d" />
    <TestList name="All Loaded Results" id="19431567-8539-422a-85d7-44ee4e166bda" />
  </TestLists>
  <ResultSummary outcome="Completed">
    <Counters total="1" executed="1" passed="1" failed="0" error="0" timeout="0" aborted="0" inconclusive="0" passedButRunAborted="0" notRunnable="0" notExecuted="0" disconnected="0" warning="0" completed="0" inProgress="0" pending="0" />
    <Output>
      <StdOut>[xUnit.net 00:00:00.00] xUnit.net VSTest Adapter v2.4.5+1caef2f33e (64-bit .NET 7.0.2)&#xD;
[xUnit.net 00:00:01.29]   Discovering: Tester.AzureUtils (method display = ClassAndMethod, method display options = None)&#xD;
[xUnit.net 00:00:01.51]   Discovered:  Tester.AzureUtils (found 246 test cases)&#xD;
[xUnit.net 00:00:01.53]   Starting:    Tester.AzureUtils (parallel test collections = off, max threads = 4)&#xD;
[xUnit.net 00:00:04.63]   Finished:    Tester.AzureUtils&#xD;
</StdOut>
    </Output>
    <RunInfos>
      <RunInfo computerName="cloudtest-win10" outcome="Warning" timestamp="2023-01-22T19:01:41.7951101+00:00">
        <Text>Data collector 'Blame' message: All tests finished running, Sequence file will not be generated.</Text>
      </RunInfo>
    </RunInfos>
  </ResultSummary>
</TestRun>