<?xml version="1.0" encoding="utf-8"?>
<TestRun id="a10f8f5c-a1d9-4ae9-b19b-63abcdd6b6f5" name="anna@cloudtest-win10 2023-01-24 21:16:20" runUser="cloudtest-win10\anna" xmlns="http://microsoft.com/schemas/VisualStudio/TeamTest/2010">
  <Times creation="2023-01-24T21:16:20.5519196+00:00" queuing="2023-01-24T21:16:20.5519203+00:00" start="2023-01-24T21:15:26.9261699+00:00" finish="2023-01-24T21:16:20.5902282+00:00" />
  <TestSettings name="default" id="d8e7523c-a8bd-4c69-8fb4-8f4cc34beb6a">
    <Deployment runDeploymentRoot="anna_cloudtest-win10_2023-01-24_21_16_20" />
  </TestSettings>
  <Results>
    <UnitTestResult executionId="980f874a-3c30-486d-b11a-904c703c6630" testId="6db1c88c-76e2-58e9-f0b9-bfa65699ede0" testName="Tester.AzureUtils.Streaming.AQStreamingTests.AQ_03_OneProducerClientOneConsumerGrain" computerName="cloudtest-win10" duration="00:00:30.8623456" startTime="2023-01-24T21:16:20.2496780+00:00" endTime="2023-01-24T21:16:20.2497254+00:00" testType="13cdc9d9-ddb5-4fa4-a97d-d965ccfc6d4b" outcome="Failed" testListId="8c84fa94-04c1-424b-9868-57a2d4851a1d" relativeResultsDirectory="980f874a-3c30-486d-b11a-904c703c6630">
      <Output>
        <ErrorInfo>
          <Message>Assert.Equal() Failure&#xD;
Expected: 10&#xD;
Actual:   11</Message>
          <StackTrace>   at UnitTests.StreamingTests.SingleStreamTestRunner.CheckCounters(ProducerProxy producer, ConsumerProxy consumer, Boolean assertAreEqual) in C:\Users\anna\orleans\test\TesterInternal\StreamingTests\SingleStreamTestRunner.cs:line 479&#xD;
   at UnitTests.StreamingTests.SingleStreamTestRunner.BasicTestAsync(Boolean fullTest) in C:\Users\anna\orleans\test\TesterInternal\StreamingTests\SingleStreamTestRunner.cs:line 442&#xD;
   at UnitTests.StreamingTests.SingleStreamTestRunner.StreamTest_03_OneProducerClientOneConsumerGrain() in C:\Users\anna\orleans\test\TesterInternal\StreamingTests\SingleStreamTestRunner.cs:line 88&#xD;
   at Tester.AzureUtils.Streaming.AQStreamingTests.AQ_03_OneProducerClientOneConsumerGrain() in C:\Users\anna\orleans\test\Extensions\TesterAzureUtils\Streaming\AQStreamingTests.cs:line 107&#xD;
--- End of stack trace from previous location ---</StackTrace>
        </ErrorInfo>
      </Output>
    </UnitTestResult>
  </Results>
  <TestDefinitions>
    <UnitTest name="Tester.AzureUtils.Streaming.AQStreamingTests.AQ_03_OneProducerClientOneConsumerGrain" storage="c:\users\anna\orleans\test\extensions\testerazureutils\bin\debug\net7.0\tester.azureutils.dll" id="6db1c88c-76e2-58e9-f0b9-bfa65699ede0">
      <Execution id="980f874a-3c30-486d-b11a-904c703c6630" />
      <TestMethod codeBase="C:\Users\anna\orleans\test\Extensions\TesterAzureUtils\bin\Debug\net7.0\Tester.AzureUtils.dll" adapterTypeName="executor://xunit/VsTestRunner2/netcoreapp" className="Tester.AzureUtils.Streaming.AQStreamingTests" name="AQ_03_OneProducerClientOneConsumerGrain" />
    </UnitTest>
  </TestDefinitions>
  <TestEntries>
    <TestEntry testId="6db1c88c-76e2-58e9-f0b9-bfa65699ede0" executionId="980f874a-3c30-486d-b11a-904c703c6630" testListId="8c84fa94-04c1-424b-9868-57a2d4851a1d" />
  </TestEntries>
  <TestLists>
    <TestList name="Results Not in a List" id="8c84fa94-04c1-424b-9868-57a2d4851a1d" />
    <TestList name="All Loaded Results" id="19431567-8539-422a-85d7-44ee4e166bda" />
  </TestLists>
  <ResultSummary outcome="Failed">
    <Counters total="1" executed="1" passed="0" failed="1" error="0" timeout="0" aborted="0" inconclusive="0" passedButRunAborted="0" notRunnable="0" notExecuted="0" disconnected="0" warning="0" completed="0" inProgress="0" pending="0" />
    <Output>
      <StdOut>[xUnit.net 00:00:00.00] xUnit.net VSTest Adapter v2.4.5+1caef2f33e (64-bit .NET 7.0.2)&#xD;
[xUnit.net 00:00:01.24]   Discovering: Tester.AzureUtils (method display = ClassAndMethod, method display options = None)&#xD;
[xUnit.net 00:00:01.45]   Discovered:  Tester.AzureUtils (found 246 test cases)&#xD;
[xUnit.net 00:00:01.46]   Starting:    Tester.AzureUtils (parallel test collections = off, max threads = 4)&#xD;
[xUnit.net 00:00:50.38]       Assert.Equal() Failure&#xD;
[xUnit.net 00:00:50.38]       Expected: 10&#xD;
[xUnit.net 00:00:50.38]       Actual:   11&#xD;
[xUnit.net 00:00:50.38]       Stack Trace:&#xD;
[xUnit.net 00:00:50.38]         C:\Users\anna\orleans\test\TesterInternal\StreamingTests\SingleStreamTestRunner.cs(479,0): at UnitTests.StreamingTests.SingleStreamTestRunner.CheckCounters(ProducerProxy producer, ConsumerProxy consumer, Boolean assertAreEqual)&#xD;
[xUnit.net 00:00:50.38]         C:\Users\anna\orleans\test\TesterInternal\StreamingTests\SingleStreamTestRunner.cs(442,0): at UnitTests.StreamingTests.SingleStreamTestRunner.BasicTestAsync(Boolean fullTest)&#xD;
[xUnit.net 00:00:50.38]         C:\Users\anna\orleans\test\TesterInternal\StreamingTests\SingleStreamTestRunner.cs(88,0): at UnitTests.StreamingTests.SingleStreamTestRunner.StreamTest_03_OneProducerClientOneConsumerGrain()&#xD;
[xUnit.net 00:00:50.38]         C:\Users\anna\orleans\test\Extensions\TesterAzureUtils\Streaming\AQStreamingTests.cs(107,0): at Tester.AzureUtils.Streaming.AQStreamingTests.AQ_03_OneProducerClientOneConsumerGrain()&#xD;
[xUnit.net 00:00:50.38]         --- End of stack trace from previous location ---&#xD;
[xUnit.net 00:00:50.42]   Finished:    Tester.AzureUtils&#xD;
</StdOut>
    </Output>
    <RunInfos>
      <RunInfo computerName="cloudtest-win10" outcome="Min" timestamp="2023-01-24T21:16:20.2449970+00:00">
        <Text>[xUnit.net 00:00:50.38]     Tester.AzureUtils.Streaming.AQStreamingTests.AQ_03_OneProducerClientOneConsumerGrain [FAIL]</Text>
      </RunInfo>
      <RunInfo computerName="cloudtest-win10" outcome="Warning" timestamp="2023-01-24T21:16:20.4096432+00:00">
        <Text>Data collector 'Blame' message: All tests finished running, Sequence file will not be generated.</Text>
      </RunInfo>
    </RunInfos>
  </ResultSummary>
</TestRun>