<?xml version="1.0" encoding="utf-8"?>
<TestRun id="69c006f5-9f24-409c-b1f1-96984f32dde2" name="anna@cloudtest-win10 2023-01-24 21:15:24" runUser="cloudtest-win10\anna" xmlns="http://microsoft.com/schemas/VisualStudio/TeamTest/2010">
  <Times creation="2023-01-24T21:15:24.6124635+00:00" queuing="2023-01-24T21:15:24.6124642+00:00" start="2023-01-24T21:14:54.5291970+00:00" finish="2023-01-24T21:15:24.6477487+00:00" />
  <TestSettings name="default" id="4c9cf7fc-b7b2-47cf-aeb8-9abd5f722add">
    <Deployment runDeploymentRoot="anna_cloudtest-win10_2023-01-24_21_15_24" />
  </TestSettings>
  <Results>
    <UnitTestResult executionId="00944339-fa00-4ce9-b323-b77b68b53af4" testId="6db1c88c-76e2-58e9-f0b9-bfa65699ede0" testName="Tester.AzureUtils.Streaming.AQStreamingTests.AQ_03_OneProducerClientOneConsumerGrain" computerName="cloudtest-win10" duration="00:00:07.2646866" startTime="2023-01-24T21:15:24.3057006+00:00" endTime="2023-01-24T21:15:24.3057468+00:00" testType="13cdc9d9-ddb5-4fa4-a97d-d965ccfc6d4b" outcome="Passed" testListId="8c84fa94-04c1-424b-9868-57a2d4851a1d" relativeResultsDirectory="00944339-fa00-4ce9-b323-b77b68b53af4" />
  </Results>
  <TestDefinitions>
    <UnitTest name="Tester.AzureUtils.Streaming.AQStreamingTests.AQ_03_OneProducerClientOneConsumerGrain" storage="c:\users\anna\orleans\test\extensions\testerazureutils\bin\debug\net7.0\tester.azureutils.dll" id="6db1c88c-76e2-58e9-f0b9-bfa65699ede0">
      <Execution id="00944339-fa00-4ce9-b323-b77b68b53af4" />
      <TestMethod codeBase="C:\Users\anna\orleans\test\Extensions\TesterAzureUtils\bin\Debug\net7.0\Tester.AzureUtils.dll" adapterTypeName="executor://xunit/VsTestRunner2/netcoreapp" className="Tester.AzureUtils.Streaming.AQStreamingTests" name="AQ_03_OneProducerClientOneConsumerGrain" />
    </UnitTest>
  </TestDefinitions>
  <TestEntries>
    <TestEntry testId="6db1c88c-76e2-58e9-f0b9-bfa65699ede0" executionId="00944339-fa00-4ce9-b323-b77b68b53af4" testListId="8c84fa94-04c1-424b-9868-57a2d4851a1d" />
  </TestEntries>
  <TestLists>
    <TestList name="Results Not in a List" id="8c84fa94-04c1-424b-9868-57a2d4851a1d" />
    <TestList name="All Loaded Results" id="19431567-8539-422a-85d7-44ee4e166bda" />
  </TestLists>
  <ResultSummary outcome="Completed">
    <Counters total="1" executed="1" passed="1" failed="0" error="0" timeout="0" aborted="0" inconclusive="0" passedButRunAborted="0" notRunnable="0" notExecuted="0" disconnected="0" warning="0" completed="0" inProgress="0" pending="0" />
    <Output>
      <StdOut>[xUnit.net 00:00:00.00] xUnit.net VSTest Adapter v2.4.5+1caef2f33e (64-bit .NET 7.0.2)&#xD;
[xUnit.net 00:00:01.25]   Discovering: Tester.AzureUtils (method display = ClassAndMethod, method display options = None)&#xD;
[xUnit.net 00:00:01.50]   Discovered:  Tester.AzureUtils (found 246 test cases)&#xD;
[xUnit.net 00:00:01.51]   Starting:    Tester.AzureUtils (parallel test collections = off, max threads = 4)&#xD;
[xUnit.net 00:00:26.88]   Finished:    Tester.AzureUtils&#xD;
</StdOut>
    </Output>
    <RunInfos>
      <RunInfo computerName="cloudtest-win10" outcome="Warning" timestamp="2023-01-24T21:15:24.4706796+00:00">
        <Text>Data collector 'Blame' message: All tests finished running, Sequence file will not be generated.</Text>
      </RunInfo>
    </RunInfos>
  </ResultSummary>
</TestRun>