<?xml version="1.0" encoding="utf-8"?>
<TestRun id="b9a6f300-8a80-4a04-a305-28379dd03858" name="anna@cloudtest-win10 2023-01-22 23:13:58" runUser="cloudtest-win10\anna" xmlns="http://microsoft.com/schemas/VisualStudio/TeamTest/2010">
  <Times creation="2023-01-22T23:13:58.8191158+00:00" queuing="2023-01-22T23:13:58.8191167+00:00" start="2023-01-22T23:13:51.5109987+00:00" finish="2023-01-22T23:13:58.8559425+00:00" />
  <TestSettings name="default" id="87e3bdbc-4b91-4bfb-8578-fe48d7063ce5">
    <Deployment runDeploymentRoot="anna_cloudtest-win10_2023-01-22_23_13_58" />
  </TestSettings>
  <Results>
    <UnitTestResult executionId="5030f1aa-1f15-4db1-9795-460e3a3cfbc8" testId="70490d52-ffd4-9caf-c9bb-f024ea7851e1" testName="Tester.AzureUtils.AzureQueueDataManagerTests.AQ_Standalone_2" computerName="cloudtest-win10" duration="00:00:02.2346613" startTime="2023-01-22T23:13:58.5077499+00:00" endTime="2023-01-22T23:13:58.5078007+00:00" testType="13cdc9d9-ddb5-4fa4-a97d-d965ccfc6d4b" outcome="Passed" testListId="8c84fa94-04c1-424b-9868-57a2d4851a1d" relativeResultsDirectory="5030f1aa-1f15-4db1-9795-460e3a3cfbc8" />
  </Results>
  <TestDefinitions>
    <UnitTest name="Tester.AzureUtils.AzureQueueDataManagerTests.AQ_Standalone_2" storage="c:\users\anna\orleans\test\extensions\testerazureutils\bin\debug\net7.0\tester.azureutils.dll" id="70490d52-ffd4-9caf-c9bb-f024ea7851e1">
      <Execution id="5030f1aa-1f15-4db1-9795-460e3a3cfbc8" />
      <TestMethod codeBase="C:\Users\anna\orleans\test\Extensions\TesterAzureUtils\bin\Debug\net7.0\Tester.AzureUtils.dll" adapterTypeName="executor://xunit/VsTestRunner2/netcoreapp" className="Tester.AzureUtils.AzureQueueDataManagerTests" name="AQ_Standalone_2" />
    </UnitTest>
  </TestDefinitions>
  <TestEntries>
    <TestEntry testId="70490d52-ffd4-9caf-c9bb-f024ea7851e1" executionId="5030f1aa-1f15-4db1-9795-460e3a3cfbc8" testListId="8c84fa94-04c1-424b-9868-57a2d4851a1d" />
  </TestEntries>
  <TestLists>
    <TestList name="Results Not in a List" id="8c84fa94-04c1-424b-9868-57a2d4851a1d" />
    <TestList name="All Loaded Results" id="19431567-8539-422a-85d7-44ee4e166bda" />
  </TestLists>
  <ResultSummary outcome="Completed">
    <Counters total="1" executed="1" passed="1" failed="0" error="0" timeout="0" aborted="0" inconclusive="0" passedButRunAborted="0" notRunnable="0" notExecuted="0" disconnected="0" warning="0" completed="0" inProgress="0" pending="0" />
    <Output>
      <StdOut>[xUnit.net 00:00:00.00] xUnit.net VSTest Adapter v2.4.5+1caef2f33e (64-bit .NET 7.0.2)&#xD;
[xUnit.net 00:00:01.27]   Discovering: Tester.AzureUtils (method display = ClassAndMethod, method display options = None)&#xD;
[xUnit.net 00:00:01.48]   Discovered:  Tester.AzureUtils (found 246 test cases)&#xD;
[xUnit.net 00:00:01.50]   Starting:    Tester.AzureUtils (parallel test collections = off, max threads = 4)&#xD;
[xUnit.net 00:00:04.06]   Finished:    Tester.AzureUtils&#xD;
</StdOut>
    </Output>
    <RunInfos>
      <RunInfo computerName="cloudtest-win10" outcome="Warning" timestamp="2023-01-22T23:13:58.6702456+00:00">
        <Text>Data collector 'Blame' message: All tests finished running, Sequence file will not be generated.</Text>
      </RunInfo>
    </RunInfos>
  </ResultSummary>
</TestRun>