<?xml version="1.0" encoding="utf-8"?>
<TestRun id="9d8c1392-a5a9-4c48-95bc-adf78b7a3d7e" name="anna@cloudtest-win10 2023-01-22 23:19:02" runUser="cloudtest-win10\anna" xmlns="http://microsoft.com/schemas/VisualStudio/TeamTest/2010">
  <Times creation="2023-01-22T23:19:02.3789673+00:00" queuing="2023-01-22T23:19:02.3789678+00:00" start="2023-01-22T23:15:44.8017675+00:00" finish="2023-01-22T23:19:02.4157956+00:00" />
  <TestSettings name="default" id="7614ea3f-5abc-4dd1-9efb-36696099913a">
    <Deployment runDeploymentRoot="anna_cloudtest-win10_2023-01-22_23_19_02" />
  </TestSettings>
  <Results>
    <UnitTestResult executionId="7aed5b9a-0343-4071-b7fc-21706254e140" testId="e94601a9-8547-590d-a1b8-7b708ab4cf5c" testName="Tester.AzureUtils.AzureTableDataManagerStressTests.AzureTableDataManagerStressTests_ReadAllTableEntities" computerName="cloudtest-win10" duration="00:03:12.7053699" startTime="2023-01-22T23:19:02.0579700+00:00" endTime="2023-01-22T23:19:02.0580198+00:00" testType="13cdc9d9-ddb5-4fa4-a97d-d965ccfc6d4b" outcome="Passed" testListId="8c84fa94-04c1-424b-9868-57a2d4851a1d" relativeResultsDirectory="7aed5b9a-0343-4071-b7fc-21706254e140">
      <Output>
        <StdOut>Iterations=2000, Batch=2000, Partitions=3&#xD;
AzureTableDataManagerStressTests_ReadAllTableEntities completed. Wrote 2000 entries to 3 partition(s) in 00:01:22.4392336 at 24.260293462990177 RPS&#xD;
AzureTable_ReadAllTableEntities completed. ReadAll 7001 entries in 00:00:36.9789147 at 189.32410690787526 RPS&#xD;
AzureTable_ReadAllTableEntities clear. Cleared table of 7001 entries in 00:01:12.4577386 at 96.62183964433028 RPS</StdOut>
      </Output>
    </UnitTestResult>
  </Results>
  <TestDefinitions>
    <UnitTest name="Tester.AzureUtils.AzureTableDataManagerStressTests.AzureTableDataManagerStressTests_ReadAllTableEntities" storage="c:\users\anna\orleans\test\extensions\testerazureutils\bin\debug\net7.0\tester.azureutils.dll" id="e94601a9-8547-590d-a1b8-7b708ab4cf5c">
      <Execution id="7aed5b9a-0343-4071-b7fc-21706254e140" />
      <TestMethod codeBase="C:\Users\anna\orleans\test\Extensions\TesterAzureUtils\bin\Debug\net7.0\Tester.AzureUtils.dll" adapterTypeName="executor://xunit/VsTestRunner2/netcoreapp" className="Tester.AzureUtils.AzureTableDataManagerStressTests" name="AzureTableDataManagerStressTests_ReadAllTableEntities" />
    </UnitTest>
  </TestDefinitions>
  <TestEntries>
    <TestEntry testId="e94601a9-8547-590d-a1b8-7b708ab4cf5c" executionId="7aed5b9a-0343-4071-b7fc-21706254e140" testListId="8c84fa94-04c1-424b-9868-57a2d4851a1d" />
  </TestEntries>
  <TestLists>
    <TestList name="Results Not in a List" id="8c84fa94-04c1-424b-9868-57a2d4851a1d" />
    <TestList name="All Loaded Results" id="19431567-8539-422a-85d7-44ee4e166bda" />
  </TestLists>
  <ResultSummary outcome="Completed">
    <Counters total="1" executed="1" passed="1" failed="0" error="0" timeout="0" aborted="0" inconclusive="0" passedButRunAborted="0" notRunnable="0" notExecuted="0" disconnected="0" warning="0" completed="0" inProgress="0" pending="0" />
    <Output>
      <StdOut>[xUnit.net 00:00:00.00] xUnit.net VSTest Adapter v2.4.5+1caef2f33e (64-bit .NET 7.0.2)&#xD;
[xUnit.net 00:00:01.26]   Discovering: Tester.AzureUtils (method display = ClassAndMethod, method display options = None)&#xD;
[xUnit.net 00:00:01.47]   Discovered:  Tester.AzureUtils (found 246 test cases)&#xD;
[xUnit.net 00:00:01.49]   Starting:    Tester.AzureUtils (parallel test collections = off, max threads = 4)&#xD;
[xUnit.net 00:03:14.30]   Finished:    Tester.AzureUtils&#xD;
</StdOut>
    </Output>
    <RunInfos>
      <RunInfo computerName="cloudtest-win10" outcome="Warning" timestamp="2023-01-22T23:19:02.2274366+00:00">
        <Text>Data collector 'Blame' message: All tests finished running, Sequence file will not be generated.</Text>
      </RunInfo>
    </RunInfos>
  </ResultSummary>
</TestRun>