<?xml version="1.0" encoding="utf-8"?>
<TestRun id="6044fb00-81d3-4440-8627-fb5b79b386d6" name="anna@cloudtest-win10 2023-01-22 23:25:05" runUser="cloudtest-win10\anna" xmlns="http://microsoft.com/schemas/VisualStudio/TeamTest/2010">
  <Times creation="2023-01-22T23:25:05.3121522+00:00" queuing="2023-01-22T23:25:05.3121528+00:00" start="2023-01-22T23:23:08.9029331+00:00" finish="2023-01-22T23:25:05.3493198+00:00" />
  <TestSettings name="default" id="09a962df-aea1-4551-a01c-9337dede823f">
    <Deployment runDeploymentRoot="anna_cloudtest-win10_2023-01-22_23_25_05" />
  </TestSettings>
  <Results>
    <UnitTestResult executionId="9dd553e3-bce6-4545-9fe1-43180c086f91" testId="e94601a9-8547-590d-a1b8-7b708ab4cf5c" testName="Tester.AzureUtils.AzureTableDataManagerStressTests.AzureTableDataManagerStressTests_ReadAllTableEntities" computerName="cloudtest-win10" duration="00:01:51.4856717" startTime="2023-01-22T23:25:04.9897378+00:00" endTime="2023-01-22T23:25:04.9897833+00:00" testType="13cdc9d9-ddb5-4fa4-a97d-d965ccfc6d4b" outcome="Passed" testListId="8c84fa94-04c1-424b-9868-57a2d4851a1d" relativeResultsDirectory="9dd553e3-bce6-4545-9fe1-43180c086f91">
      <Output>
        <StdOut>Iterations=2000, Batch=2000, Partitions=3&#xD;
AzureTableDataManagerStressTests_ReadAllTableEntities completed. Wrote 2000 entries to 3 partition(s) in 00:01:19.7503633 at 25.07825566231621 RPS&#xD;
AzureTable_ReadAllTableEntities completed. ReadAll 2000 entries in 00:00:10.6608721 at 187.60191298045868 RPS&#xD;
AzureTable_ReadAllTableEntities clear. Cleared table of 2000 entries in 00:00:19.5338098 at 102.38658103448924 RPS</StdOut>
      </Output>
    </UnitTestResult>
  </Results>
  <TestDefinitions>
    <UnitTest name="Tester.AzureUtils.AzureTableDataManagerStressTests.AzureTableDataManagerStressTests_ReadAllTableEntities" storage="c:\users\anna\orleans\test\extensions\testerazureutils\bin\debug\net7.0\tester.azureutils.dll" id="e94601a9-8547-590d-a1b8-7b708ab4cf5c">
      <Execution id="9dd553e3-bce6-4545-9fe1-43180c086f91" />
      <TestMethod codeBase="C:\Users\anna\orleans\test\Extensions\TesterAzureUtils\bin\Debug\net7.0\Tester.AzureUtils.dll" adapterTypeName="executor://xunit/VsTestRunner2/netcoreapp" className="Tester.AzureUtils.AzureTableDataManagerStressTests" name="AzureTableDataManagerStressTests_ReadAllTableEntities" />
    </UnitTest>
  </TestDefinitions>
  <TestEntries>
    <TestEntry testId="e94601a9-8547-590d-a1b8-7b708ab4cf5c" executionId="9dd553e3-bce6-4545-9fe1-43180c086f91" testListId="8c84fa94-04c1-424b-9868-57a2d4851a1d" />
  </TestEntries>
  <TestLists>
    <TestList name="Results Not in a List" id="8c84fa94-04c1-424b-9868-57a2d4851a1d" />
    <TestList name="All Loaded Results" id="19431567-8539-422a-85d7-44ee4e166bda" />
  </TestLists>
  <ResultSummary outcome="Completed">
    <Counters total="1" executed="1" passed="1" failed="0" error="0" timeout="0" aborted="0" inconclusive="0" passedButRunAborted="0" notRunnable="0" notExecuted="0" disconnected="0" warning="0" completed="0" inProgress="0" pending="0" />
    <Output>
      <StdOut>[xUnit.net 00:00:00.00] xUnit.net VSTest Adapter v2.4.5+1caef2f33e (64-bit .NET 7.0.2)&#xD;
[xUnit.net 00:00:01.28]   Discovering: Tester.AzureUtils (method display = ClassAndMethod, method display options = None)&#xD;
[xUnit.net 00:00:01.49]   Discovered:  Tester.AzureUtils (found 246 test cases)&#xD;
[xUnit.net 00:00:01.51]   Starting:    Tester.AzureUtils (parallel test collections = off, max threads = 4)&#xD;
[xUnit.net 00:01:53.10]   Finished:    Tester.AzureUtils&#xD;
</StdOut>
    </Output>
    <RunInfos>
      <RunInfo computerName="cloudtest-win10" outcome="Warning" timestamp="2023-01-22T23:25:05.1566541+00:00">
        <Text>Data collector 'Blame' message: All tests finished running, Sequence file will not be generated.</Text>
      </RunInfo>
    </RunInfos>
  </ResultSummary>
</TestRun>