<?xml version="1.0" encoding="utf-8"?>
<TestRun id="3e717694-f128-471a-ac98-a3bf54e6787f" name="anna@cloudtest-win10 2023-01-23 15:02:23" runUser="cloudtest-win10\anna" xmlns="http://microsoft.com/schemas/VisualStudio/TeamTest/2010">
  <Times creation="2023-01-23T15:02:23.2420812+00:00" queuing="2023-01-23T15:02:23.2420818+00:00" start="2023-01-23T15:02:15.7704977+00:00" finish="2023-01-23T15:02:23.2772370+00:00" />
  <TestSettings name="default" id="9e35305c-2180-4931-9c84-5e91a0a0cd56">
    <Deployment runDeploymentRoot="anna_cloudtest-win10_2023-01-23_15_02_23" />
  </TestSettings>
  <Results>
    <UnitTestResult executionId="ddc14810-a5b8-4f65-ae84-c1d0d7594c3f" testId="5114f1e2-8468-e610-28b0-b9e00bce4c8a" testName="Tester.AzureUtils.Lease.AzureBlobLeaseProviderTests.ProviderCanAcquireLeases" computerName="cloudtest-win10" duration="00:00:02.1860447" startTime="2023-01-23T15:02:22.9413132+00:00" endTime="2023-01-23T15:02:22.9413611+00:00" testType="13cdc9d9-ddb5-4fa4-a97d-d965ccfc6d4b" outcome="Passed" testListId="8c84fa94-04c1-424b-9868-57a2d4851a1d" relativeResultsDirectory="ddc14810-a5b8-4f65-ae84-c1d0d7594c3f" />
  </Results>
  <TestDefinitions>
    <UnitTest name="Tester.AzureUtils.Lease.AzureBlobLeaseProviderTests.ProviderCanAcquireLeases" storage="c:\users\anna\orleans\test\extensions\testerazureutils\bin\debug\net7.0\tester.azureutils.dll" id="5114f1e2-8468-e610-28b0-b9e00bce4c8a">
      <Execution id="ddc14810-a5b8-4f65-ae84-c1d0d7594c3f" />
      <TestMethod codeBase="C:\Users\anna\orleans\test\Extensions\TesterAzureUtils\bin\Debug\net7.0\Tester.AzureUtils.dll" adapterTypeName="executor://xunit/VsTestRunner2/netcoreapp" className="Tester.AzureUtils.Lease.AzureBlobLeaseProviderTests" name="ProviderCanAcquireLeases" />
    </UnitTest>
  </TestDefinitions>
  <TestEntries>
    <TestEntry testId="5114f1e2-8468-e610-28b0-b9e00bce4c8a" executionId="ddc14810-a5b8-4f65-ae84-c1d0d7594c3f" testListId="8c84fa94-04c1-424b-9868-57a2d4851a1d" />
  </TestEntries>
  <TestLists>
    <TestList name="Results Not in a List" id="8c84fa94-04c1-424b-9868-57a2d4851a1d" />
    <TestList name="All Loaded Results" id="19431567-8539-422a-85d7-44ee4e166bda" />
  </TestLists>
  <ResultSummary outcome="Completed">
    <Counters total="1" executed="1" passed="1" failed="0" error="0" timeout="0" aborted="0" inconclusive="0" passedButRunAborted="0" notRunnable="0" notExecuted="0" disconnected="0" warning="0" completed="0" inProgress="0" pending="0" />
    <Output>
      <StdOut>[xUnit.net 00:00:00.00] xUnit.net VSTest Adapter v2.4.5+1caef2f33e (64-bit .NET 7.0.2)&#xD;
[xUnit.net 00:00:01.24]   Discovering: Tester.AzureUtils (method display = ClassAndMethod, method display options = None)&#xD;
[xUnit.net 00:00:01.45]   Discovered:  Tester.AzureUtils (found 246 test cases)&#xD;
[xUnit.net 00:00:01.46]   Starting:    Tester.AzureUtils (parallel test collections = off, max threads = 4)&#xD;
[xUnit.net 00:00:03.75]   Finished:    Tester.AzureUtils&#xD;
</StdOut>
    </Output>
    <RunInfos>
      <RunInfo computerName="cloudtest-win10" outcome="Warning" timestamp="2023-01-23T15:02:23.0982307+00:00">
        <Text>Data collector 'Blame' message: All tests finished running, Sequence file will not be generated.</Text>
      </RunInfo>
    </RunInfos>
  </ResultSummary>
</TestRun>