<?xml version="1.0" encoding="utf-8"?>
<TestRun id="b5eba343-8267-40ad-9d41-6ce5a5a38310" name="anna@cloudtest-win10 2023-01-23 15:02:40" runUser="cloudtest-win10\anna" xmlns="http://microsoft.com/schemas/VisualStudio/TeamTest/2010">
  <Times creation="2023-01-23T15:02:41.0296344+00:00" queuing="2023-01-23T15:02:41.0296353+00:00" start="2023-01-23T15:02:34.2000360+00:00" finish="2023-01-23T15:02:41.0656246+00:00" />
  <TestSettings name="default" id="eec10bec-1fb3-49cd-8bfe-5d5ca7e8dcb7">
    <Deployment runDeploymentRoot="anna_cloudtest-win10_2023-01-23_15_02_40" />
  </TestSettings>
  <Results>
    <UnitTestResult executionId="d01d0c89-5661-441e-9c00-9c3ce9dd4c45" testId="5114f1e2-8468-e610-28b0-b9e00bce4c8a" testName="Tester.AzureUtils.Lease.AzureBlobLeaseProviderTests.ProviderCanAcquireLeases" computerName="cloudtest-win10" duration="00:00:02.0987131" startTime="2023-01-23T15:02:40.7311435+00:00" endTime="2023-01-23T15:02:40.7311937+00:00" testType="13cdc9d9-ddb5-4fa4-a97d-d965ccfc6d4b" outcome="Passed" testListId="8c84fa94-04c1-424b-9868-57a2d4851a1d" relativeResultsDirectory="d01d0c89-5661-441e-9c00-9c3ce9dd4c45" />
  </Results>
  <TestDefinitions>
    <UnitTest name="Tester.AzureUtils.Lease.AzureBlobLeaseProviderTests.ProviderCanAcquireLeases" storage="c:\users\anna\orleans\test\extensions\testerazureutils\bin\debug\net7.0\tester.azureutils.dll" id="5114f1e2-8468-e610-28b0-b9e00bce4c8a">
      <Execution id="d01d0c89-5661-441e-9c00-9c3ce9dd4c45" />
      <TestMethod codeBase="C:\Users\anna\orleans\test\Extensions\TesterAzureUtils\bin\Debug\net7.0\Tester.AzureUtils.dll" adapterTypeName="executor://xunit/VsTestRunner2/netcoreapp" className="Tester.AzureUtils.Lease.AzureBlobLeaseProviderTests" name="ProviderCanAcquireLeases" />
    </UnitTest>
  </TestDefinitions>
  <TestEntries>
    <TestEntry testId="5114f1e2-8468-e610-28b0-b9e00bce4c8a" executionId="d01d0c89-5661-441e-9c00-9c3ce9dd4c45" testListId="8c84fa94-04c1-424b-9868-57a2d4851a1d" />
  </TestEntries>
  <TestLists>
    <TestList name="Results Not in a List" id="8c84fa94-04c1-424b-9868-57a2d4851a1d" />
    <TestList name="All Loaded Results" id="19431567-8539-422a-85d7-44ee4e166bda" />
  </TestLists>
  <ResultSummary outcome="Completed">
    <Counters total="1" executed="1" passed="1" failed="0" error="0" timeout="0" aborted="0" inconclusive="0" passedButRunAborted="0" notRunnable="0" notExecuted="0" disconnected="0" warning="0" completed="0" inProgress="0" pending="0" />
    <Output>
      <StdOut>[xUnit.net 00:00:00.00] xUnit.net VSTest Adapter v2.4.5+1caef2f33e (64-bit .NET 7.0.2)&#xD;
[xUnit.net 00:00:01.24]   Discovering: Tester.AzureUtils (method display = ClassAndMethod, method display options = None)&#xD;
[xUnit.net 00:00:01.45]   Discovered:  Tester.AzureUtils (found 246 test cases)&#xD;
[xUnit.net 00:00:01.46]   Starting:    Tester.AzureUtils (parallel test collections = off, max threads = 4)&#xD;
[xUnit.net 00:00:03.66]   Finished:    Tester.AzureUtils&#xD;
</StdOut>
    </Output>
    <RunInfos>
      <RunInfo computerName="cloudtest-win10" outcome="Warning" timestamp="2023-01-23T15:02:40.8840941+00:00">
        <Text>Data collector 'Blame' message: All tests finished running, Sequence file will not be generated.</Text>
      </RunInfo>
    </RunInfos>
  </ResultSummary>
</TestRun>