<?xml version="1.0" encoding="utf-8"?>
<TestRun id="074146aa-9832-4678-b6f9-514f1d46ec49" name="anna@cloudtest-win10 2023-01-24 22:39:18" runUser="cloudtest-win10\anna" xmlns="http://microsoft.com/schemas/VisualStudio/TeamTest/2010">
  <Times creation="2023-01-24T22:39:18.7388346+00:00" queuing="2023-01-24T22:39:18.7388350+00:00" start="2023-01-24T22:38:25.2247017+00:00" finish="2023-01-24T22:39:18.7740420+00:00" />
  <TestSettings name="default" id="7d6fb5ec-833a-4bd7-ac2e-9920226436a1">
    <Deployment runDeploymentRoot="anna_cloudtest-win10_2023-01-24_22_39_18" />
  </TestSettings>
  <Results>
    <UnitTestResult executionId="670e52ab-9952-4904-86b8-05795e91132e" testId="d6dd809e-992a-3461-062e-a665238efa0b" testName="Tester.AzureUtils.Streaming.AQStreamingTests.AQ_20_ConsumerImplicitlySubscribedToProducerGrain" computerName="cloudtest-win10" duration="00:00:30.7868782" startTime="2023-01-24T22:39:18.4280645+00:00" endTime="2023-01-24T22:39:18.4281102+00:00" testType="13cdc9d9-ddb5-4fa4-a97d-d965ccfc6d4b" outcome="Passed" testListId="8c84fa94-04c1-424b-9868-57a2d4851a1d" relativeResultsDirectory="670e52ab-9952-4904-86b8-05795e91132e" />
  </Results>
  <TestDefinitions>
    <UnitTest name="Tester.AzureUtils.Streaming.AQStreamingTests.AQ_20_ConsumerImplicitlySubscribedToProducerGrain" storage="c:\users\anna\orleans\test\extensions\testerazureutils\bin\debug\net7.0\tester.azureutils.dll" id="d6dd809e-992a-3461-062e-a665238efa0b">
      <Execution id="670e52ab-9952-4904-86b8-05795e91132e" />
      <TestMethod codeBase="C:\Users\anna\orleans\test\Extensions\TesterAzureUtils\bin\Debug\net7.0\Tester.AzureUtils.dll" adapterTypeName="executor://xunit/VsTestRunner2/netcoreapp" className="Tester.AzureUtils.Streaming.AQStreamingTests" name="AQ_20_ConsumerImplicitlySubscribedToProducerGrain" />
    </UnitTest>
  </TestDefinitions>
  <TestEntries>
    <TestEntry testId="d6dd809e-992a-3461-062e-a665238efa0b" executionId="670e52ab-9952-4904-86b8-05795e91132e" testListId="8c84fa94-04c1-424b-9868-57a2d4851a1d" />
  </TestEntries>
  <TestLists>
    <TestList name="Results Not in a List" id="8c84fa94-04c1-424b-9868-57a2d4851a1d" />
    <TestList name="All Loaded Results" id="19431567-8539-422a-85d7-44ee4e166bda" />
  </TestLists>
  <ResultSummary outcome="Completed">
    <Counters total="1" executed="1" passed="1" failed="0" error="0" timeout="0" aborted="0" inconclusive="0" passedButRunAborted="0" notRunnable="0" notExecuted="0" disconnected="0" warning="0" completed="0" inProgress="0" pending="0" />
    <Output>
      <StdOut>[xUnit.net 00:00:00.00] xUnit.net VSTest Adapter v2.4.5+1caef2f33e (64-bit .NET 7.0.2)&#xD;
[xUnit.net 00:00:01.26]   Discovering: Tester.AzureUtils (method display = ClassAndMethod, method display options = None)&#xD;
[xUnit.net 00:00:01.46]   Discovered:  Tester.AzureUtils (found 246 test cases)&#xD;
[xUnit.net 00:00:01.47]   Starting:    Tester.AzureUtils (parallel test collections = off, max threads = 4)&#xD;
[xUnit.net 00:00:50.31]   Finished:    Tester.AzureUtils&#xD;
</StdOut>
    </Output>
    <RunInfos>
      <RunInfo computerName="cloudtest-win10" outcome="Warning" timestamp="2023-01-24T22:39:18.5973066+00:00">
        <Text>Data collector 'Blame' message: All tests finished running, Sequence file will not be generated.</Text>
      </RunInfo>
    </RunInfos>
  </ResultSummary>
</TestRun>