<?xml version="1.0" encoding="utf-8"?>
<TestRun id="defc5ed6-0c1a-4e44-91de-982d1361d658" name="anna@cloudtest-win10 2023-01-24 22:33:41" runUser="cloudtest-win10\anna" xmlns="http://microsoft.com/schemas/VisualStudio/TeamTest/2010">
  <Times creation="2023-01-24T22:33:41.6099835+00:00" queuing="2023-01-24T22:33:41.6099841+00:00" start="2023-01-24T22:32:47.7133392+00:00" finish="2023-01-24T22:33:41.6463582+00:00" />
  <TestSettings name="default" id="235af7f8-f3d2-4ef6-89a1-1fddaa1fe99f">
    <Deployment runDeploymentRoot="anna_cloudtest-win10_2023-01-24_22_33_41" />
  </TestSettings>
  <Results>
    <UnitTestResult executionId="91ff9439-18e8-4c49-9c2d-b1ece49148be" testId="d6dd809e-992a-3461-062e-a665238efa0b" testName="Tester.AzureUtils.Streaming.AQStreamingTests.AQ_20_ConsumerImplicitlySubscribedToProducerGrain" computerName="cloudtest-win10" duration="00:00:30.7509408" startTime="2023-01-24T22:33:41.2893562+00:00" endTime="2023-01-24T22:33:41.2894087+00:00" testType="13cdc9d9-ddb5-4fa4-a97d-d965ccfc6d4b" outcome="Passed" testListId="8c84fa94-04c1-424b-9868-57a2d4851a1d" relativeResultsDirectory="91ff9439-18e8-4c49-9c2d-b1ece49148be" />
  </Results>
  <TestDefinitions>
    <UnitTest name="Tester.AzureUtils.Streaming.AQStreamingTests.AQ_20_ConsumerImplicitlySubscribedToProducerGrain" storage="c:\users\anna\orleans\test\extensions\testerazureutils\bin\debug\net7.0\tester.azureutils.dll" id="d6dd809e-992a-3461-062e-a665238efa0b">
      <Execution id="91ff9439-18e8-4c49-9c2d-b1ece49148be" />
      <TestMethod codeBase="C:\Users\anna\orleans\test\Extensions\TesterAzureUtils\bin\Debug\net7.0\Tester.AzureUtils.dll" adapterTypeName="executor://xunit/VsTestRunner2/netcoreapp" className="Tester.AzureUtils.Streaming.AQStreamingTests" name="AQ_20_ConsumerImplicitlySubscribedToProducerGrain" />
    </UnitTest>
  </TestDefinitions>
  <TestEntries>
    <TestEntry testId="d6dd809e-992a-3461-062e-a665238efa0b" executionId="91ff9439-18e8-4c49-9c2d-b1ece49148be" testListId="8c84fa94-04c1-424b-9868-57a2d4851a1d" />
  </TestEntries>
  <TestLists>
    <TestList name="Results Not in a List" id="8c84fa94-04c1-424b-9868-57a2d4851a1d" />
    <TestList name="All Loaded Results" id="19431567-8539-422a-85d7-44ee4e166bda" />
  </TestLists>
  <ResultSummary outcome="Completed">
    <Counters total="1" executed="1" passed="1" failed="0" error="0" timeout="0" aborted="0" inconclusive="0" passedButRunAborted="0" notRunnable="0" notExecuted="0" disconnected="0" warning="0" completed="0" inProgress="0" pending="0" />
    <Output>
      <StdOut>[xUnit.net 00:00:00.00] xUnit.net VSTest Adapter v2.4.5+1caef2f33e (64-bit .NET 7.0.2)&#xD;
[xUnit.net 00:00:01.24]   Discovering: Tester.AzureUtils (method display = ClassAndMethod, method display options = None)&#xD;
[xUnit.net 00:00:01.44]   Discovered:  Tester.AzureUtils (found 246 test cases)&#xD;
[xUnit.net 00:00:01.46]   Starting:    Tester.AzureUtils (parallel test collections = off, max threads = 4)&#xD;
[xUnit.net 00:00:50.62]   Finished:    Tester.AzureUtils&#xD;
</StdOut>
    </Output>
    <RunInfos>
      <RunInfo computerName="cloudtest-win10" outcome="Warning" timestamp="2023-01-24T22:33:41.4609019+00:00">
        <Text>Data collector 'Blame' message: All tests finished running, Sequence file will not be generated.</Text>
      </RunInfo>
    </RunInfos>
  </ResultSummary>
</TestRun>