<?xml version="1.0" encoding="utf-8"?>
<TestRun id="8a4ce19d-0496-4d44-b0e1-43975b288f8b" name="anna@cloudtest-win10 2023-01-24 22:34:38" runUser="cloudtest-win10\anna" xmlns="http://microsoft.com/schemas/VisualStudio/TeamTest/2010">
  <Times creation="2023-01-24T22:34:38.2300467+00:00" queuing="2023-01-24T22:34:38.2300471+00:00" start="2023-01-24T22:33:44.2452662+00:00" finish="2023-01-24T22:34:38.2657836+00:00" />
  <TestSettings name="default" id="c013e43f-01c9-437d-8be3-5f7806283a5f">
    <Deployment runDeploymentRoot="anna_cloudtest-win10_2023-01-24_22_34_38" />
  </TestSettings>
  <Results>
    <UnitTestResult executionId="dd9047cc-563c-44af-80f3-b1e2a0cbbcaf" testId="d6dd809e-992a-3461-062e-a665238efa0b" testName="Tester.AzureUtils.Streaming.AQStreamingTests.AQ_20_ConsumerImplicitlySubscribedToProducerGrain" computerName="cloudtest-win10" duration="00:00:31.0254095" startTime="2023-01-24T22:34:37.9167602+00:00" endTime="2023-01-24T22:34:37.9168080+00:00" testType="13cdc9d9-ddb5-4fa4-a97d-d965ccfc6d4b" outcome="Passed" testListId="8c84fa94-04c1-424b-9868-57a2d4851a1d" relativeResultsDirectory="dd9047cc-563c-44af-80f3-b1e2a0cbbcaf" />
  </Results>
  <TestDefinitions>
    <UnitTest name="Tester.AzureUtils.Streaming.AQStreamingTests.AQ_20_ConsumerImplicitlySubscribedToProducerGrain" storage="c:\users\anna\orleans\test\extensions\testerazureutils\bin\debug\net7.0\tester.azureutils.dll" id="d6dd809e-992a-3461-062e-a665238efa0b">
      <Execution id="dd9047cc-563c-44af-80f3-b1e2a0cbbcaf" />
      <TestMethod codeBase="C:\Users\anna\orleans\test\Extensions\TesterAzureUtils\bin\Debug\net7.0\Tester.AzureUtils.dll" adapterTypeName="executor://xunit/VsTestRunner2/netcoreapp" className="Tester.AzureUtils.Streaming.AQStreamingTests" name="AQ_20_ConsumerImplicitlySubscribedToProducerGrain" />
    </UnitTest>
  </TestDefinitions>
  <TestEntries>
    <TestEntry testId="d6dd809e-992a-3461-062e-a665238efa0b" executionId="dd9047cc-563c-44af-80f3-b1e2a0cbbcaf" testListId="8c84fa94-04c1-424b-9868-57a2d4851a1d" />
  </TestEntries>
  <TestLists>
    <TestList name="Results Not in a List" id="8c84fa94-04c1-424b-9868-57a2d4851a1d" />
    <TestList name="All Loaded Results" id="19431567-8539-422a-85d7-44ee4e166bda" />
  </TestLists>
  <ResultSummary outcome="Completed">
    <Counters total="1" executed="1" passed="1" failed="0" error="0" timeout="0" aborted="0" inconclusive="0" passedButRunAborted="0" notRunnable="0" notExecuted="0" disconnected="0" warning="0" completed="0" inProgress="0" pending="0" />
    <Output>
      <StdOut>[xUnit.net 00:00:00.00] xUnit.net VSTest Adapter v2.4.5+1caef2f33e (64-bit .NET 7.0.2)&#xD;
[xUnit.net 00:00:01.28]   Discovering: Tester.AzureUtils (method display = ClassAndMethod, method display options = None)&#xD;
[xUnit.net 00:00:01.48]   Discovered:  Tester.AzureUtils (found 246 test cases)&#xD;
[xUnit.net 00:00:01.50]   Starting:    Tester.AzureUtils (parallel test collections = off, max threads = 4)&#xD;
[xUnit.net 00:00:50.77]   Finished:    Tester.AzureUtils&#xD;
</StdOut>
    </Output>
    <RunInfos>
      <RunInfo computerName="cloudtest-win10" outcome="Warning" timestamp="2023-01-24T22:34:38.0850830+00:00">
        <Text>Data collector 'Blame' message: All tests finished running, Sequence file will not be generated.</Text>
      </RunInfo>
    </RunInfos>
  </ResultSummary>
</TestRun>