<?xml version="1.0" encoding="utf-8"?>
<TestRun id="0d965feb-6ce0-4716-bde5-3244c68be9a8" name="anna@cloudtest-win10 2023-01-24 22:38:22" runUser="cloudtest-win10\anna" xmlns="http://microsoft.com/schemas/VisualStudio/TeamTest/2010">
  <Times creation="2023-01-24T22:38:22.6014787+00:00" queuing="2023-01-24T22:38:22.6014792+00:00" start="2023-01-24T22:37:29.3140704+00:00" finish="2023-01-24T22:38:22.6372018+00:00" />
  <TestSettings name="default" id="d03a3929-1280-473c-8992-b48b4c0ccdca">
    <Deployment runDeploymentRoot="anna_cloudtest-win10_2023-01-24_22_38_22" />
  </TestSettings>
  <Results>
    <UnitTestResult executionId="667f90c8-ebba-44a8-a288-d7c167b807a4" testId="d6dd809e-992a-3461-062e-a665238efa0b" testName="Tester.AzureUtils.Streaming.AQStreamingTests.AQ_20_ConsumerImplicitlySubscribedToProducerGrain" computerName="cloudtest-win10" duration="00:00:30.6918958" startTime="2023-01-24T22:38:22.2919802+00:00" endTime="2023-01-24T22:38:22.2920290+00:00" testType="13cdc9d9-ddb5-4fa4-a97d-d965ccfc6d4b" outcome="Passed" testListId="8c84fa94-04c1-424b-9868-57a2d4851a1d" relativeResultsDirectory="667f90c8-ebba-44a8-a288-d7c167b807a4" />
  </Results>
  <TestDefinitions>
    <UnitTest name="Tester.AzureUtils.Streaming.AQStreamingTests.AQ_20_ConsumerImplicitlySubscribedToProducerGrain" storage="c:\users\anna\orleans\test\extensions\testerazureutils\bin\debug\net7.0\tester.azureutils.dll" id="d6dd809e-992a-3461-062e-a665238efa0b">
      <Execution id="667f90c8-ebba-44a8-a288-d7c167b807a4" />
      <TestMethod codeBase="C:\Users\anna\orleans\test\Extensions\TesterAzureUtils\bin\Debug\net7.0\Tester.AzureUtils.dll" adapterTypeName="executor://xunit/VsTestRunner2/netcoreapp" className="Tester.AzureUtils.Streaming.AQStreamingTests" name="AQ_20_ConsumerImplicitlySubscribedToProducerGrain" />
    </UnitTest>
  </TestDefinitions>
  <TestEntries>
    <TestEntry testId="d6dd809e-992a-3461-062e-a665238efa0b" executionId="667f90c8-ebba-44a8-a288-d7c167b807a4" testListId="8c84fa94-04c1-424b-9868-57a2d4851a1d" />
  </TestEntries>
  <TestLists>
    <TestList name="Results Not in a List" id="8c84fa94-04c1-424b-9868-57a2d4851a1d" />
    <TestList name="All Loaded Results" id="19431567-8539-422a-85d7-44ee4e166bda" />
  </TestLists>
  <ResultSummary outcome="Completed">
    <Counters total="1" executed="1" passed="1" failed="0" error="0" timeout="0" aborted="0" inconclusive="0" passedButRunAborted="0" notRunnable="0" notExecuted="0" disconnected="0" warning="0" completed="0" inProgress="0" pending="0" />
    <Output>
      <StdOut>[xUnit.net 00:00:00.00] xUnit.net VSTest Adapter v2.4.5+1caef2f33e (64-bit .NET 7.0.2)&#xD;
[xUnit.net 00:00:01.25]   Discovering: Tester.AzureUtils (method display = ClassAndMethod, method display options = None)&#xD;
[xUnit.net 00:00:01.45]   Discovered:  Tester.AzureUtils (found 246 test cases)&#xD;
[xUnit.net 00:00:01.47]   Starting:    Tester.AzureUtils (parallel test collections = off, max threads = 4)&#xD;
[xUnit.net 00:00:50.11]   Finished:    Tester.AzureUtils&#xD;
</StdOut>
    </Output>
    <RunInfos>
      <RunInfo computerName="cloudtest-win10" outcome="Warning" timestamp="2023-01-24T22:38:22.4577263+00:00">
        <Text>Data collector 'Blame' message: All tests finished running, Sequence file will not be generated.</Text>
      </RunInfo>
    </RunInfos>
  </ResultSummary>
</TestRun>