<?xml version="1.0" encoding="utf-8"?>
<TestRun id="6fecc980-a593-4e84-ab4e-c29c5efd6cc8" name="anna@cloudtest-win10 2023-01-23 00:06:55" runUser="cloudtest-win10\anna" xmlns="http://microsoft.com/schemas/VisualStudio/TeamTest/2010">
  <Times creation="2023-01-23T00:06:55.9782969+00:00" queuing="2023-01-23T00:06:55.9782978+00:00" start="2023-01-23T00:06:46.3094009+00:00" finish="2023-01-23T00:07:10.1432512+00:00" />
  <TestSettings name="default" id="041c7b3f-ea7a-4cf7-976e-12affad4c361">
    <Deployment runDeploymentRoot="anna_cloudtest-win10_2023-01-23_00_06_55" />
  </TestSettings>
  <Results>
    <UnitTestResult executionId="01fd9125-65d1-4770-bd87-e34665113acc" testId="e2e26a6b-f3bc-f2d5-328e-7538637a67d0" testName="Tester.AzureUtils.General.GenericGrainsInAzureTableStorageTests.Generic_OnAzureTableStorage_LongNamedGrain_EchoValue" computerName="cloudtest-win10" duration="00:00:01.4187159" startTime="2023-01-23T00:06:55.8110818+00:00" endTime="2023-01-23T00:06:55.8111272+00:00" testType="13cdc9d9-ddb5-4fa4-a97d-d965ccfc6d4b" outcome="Failed" testListId="8c84fa94-04c1-424b-9868-57a2d4851a1d" relativeResultsDirectory="01fd9125-65d1-4770-bd87-e34665113acc">
      <Output>
        <ErrorInfo>
          <Message>Orleans.Storage.TableStorageUpdateConditionNotSatisfiedException : Table storage condition not Satisfied.  GrainType: state, GrainId: simplegenericgrainusingazurestorageandlonggrainname`1[[int]]/6763d0a94fb846b9ba12734006356543, TableName: OrleansGrainState, StoredETag: Unknown, CurrentETag: W/"datetime'2023-01-23T00%3A06%3A54.7165395Z'"&#xD;
---- Azure.RequestFailedException : The update condition specified in the request was not satisfied.
RequestId:bad23e3b-4002-008d-22be-2e7cd5000000
Time:2023-01-23T00:06:55.7663628Z&#xD;
Status: 412 (Precondition Failed)&#xD;
ErrorCode: UpdateConditionNotSatisfied&#xD;
&#xD;
Content:&#xD;
{"odata.error":{"code":"UpdateConditionNotSatisfied","message":{"lang":"en-US","value":"The update condition specified in the request was not satisfied.\nRequestId:bad23e3b-4002-008d-22be-2e7cd5000000\nTime:2023-01-23T00:06:55.7663628Z"}}}&#xD;
&#xD;
Headers:&#xD;
Cache-Control: no-cache&#xD;
Server: Windows-Azure-Table/1.0,Microsoft-HTTPAPI/2.0&#xD;
x-ms-request-id: bad23e3b-4002-008d-22be-2e7cd5000000&#xD;
x-ms-client-request-id: 3db431d3-e425-45d3-802b-885f58c2a3cc&#xD;
x-ms-version: REDACTED&#xD;
X-Content-Type-Options: REDACTED&#xD;
Date: Mon, 23 Jan 2023 00:06:54 GMT&#xD;
Connection: keep-alive&#xD;
Content-Type: application/json; odata=minimalmetadata; streaming=true; charset=utf-8&#xD;
Content-Length: 239&#xD;
</Message>
          <StackTrace>   at Orleans.Storage.AzureTableGrainStorage.DoOptimisticUpdate(Func`1 updateOperation, String grainType, GrainId grainId, String tableName, String currentETag) in C:\Users\anna\orleans\src\Azure\Orleans.Persistence.AzureStorage\Providers\Storage\AzureTableStorage.cs:line 192&#xD;
   at Orleans.Storage.AzureTableGrainStorage.ClearStateAsync[T](String grainType, GrainId grainId, IGrainState`1 grainState) in C:\Users\anna\orleans\src\Azure\Orleans.Persistence.AzureStorage\Providers\Storage\AzureTableStorage.cs:line 164&#xD;
   at Orleans.Core.StateStorageBridge`1.ClearStateAsync() in C:\Users\anna\orleans\src\Orleans.Runtime\Storage\StateStorageBridge.cs:line 119&#xD;
   at UnitTests.Grains.SimpleGenericGrainUsingAzureStorageAndLongGrainName`1.ClearState() in C:\Users\anna\orleans\test\Grains\TestGrains\GenericGrains.cs:line 72&#xD;
   at Orleans.Runtime.TaskRequest.Invoke() in C:\Users\anna\orleans\src\Orleans.Core.Abstractions\Runtime\GrainReference.cs:line 690&#xD;
--- End of stack trace from previous location ---&#xD;
   at Orleans.Serialization.Invocation.ResponseCompletionSource.System.Threading.Tasks.Sources.IValueTaskSource.GetResult(Int16 token) in C:\Users\anna\orleans\src\Orleans.Serialization\Invocation\ResponseCompletionSource.cs:line 98&#xD;
   at System.Threading.Tasks.ValueTask.ValueTaskSourceAsTask.&lt;&gt;c.&lt;.cctor&gt;b__4_0(Object state)&#xD;
--- End of stack trace from previous location ---&#xD;
   at Tester.AzureUtils.General.GenericGrainsInAzureTableStorageTests.Generic_OnAzureTableStorage_LongNamedGrain_EchoValue() in C:\Users\anna\orleans\test\Extensions\TesterAzureUtils\GenericGrainsInAzureStorageTests.cs:line 56&#xD;
--- End of stack trace from previous location ---&#xD;
----- Inner Stack Trace -----&#xD;
   at Azure.Data.Tables.TableRestClient.UpdateEntityAsync(String table, String partitionKey, String rowKey, Nullable`1 timeout, String ifMatch, IDictionary`2 tableEntityProperties, QueryOptions queryOptions, CancellationToken cancellationToken)&#xD;
   at Azure.Data.Tables.TableClient.UpdateEntityAsync[T](T entity, ETag ifMatch, TableUpdateMode mode, CancellationToken cancellationToken)&#xD;
   at Orleans.Persistence.AzureStorage.AzureTableDataManager`1.UpdateTableEntryAsync(T data, ETag dataEtag) in C:\Users\anna\orleans\src\Azure\Shared\Storage\AzureTableDataManager.cs:line 322&#xD;
   at Orleans.Storage.AzureTableGrainStorage.GrainStateTableDataManager.Write(TableEntity entity) in C:\Users\anna\orleans\src\Azure\Orleans.Persistence.AzureStorage\Providers\Storage\AzureTableStorage.cs:line 457&#xD;
   at Orleans.Storage.AzureTableGrainStorage.DoOptimisticUpdate(Func`1 updateOperation, String grainType, GrainId grainId, String tableName, String currentETag) in C:\Users\anna\orleans\src\Azure\Orleans.Persistence.AzureStorage\Providers\Storage\AzureTableStorage.cs:line 188&#xD;
--- End of stack trace from previous location ---&#xD;
</StackTrace>
        </ErrorInfo>
      </Output>
    </UnitTestResult>
  </Results>
  <TestDefinitions>
    <UnitTest name="Tester.AzureUtils.General.GenericGrainsInAzureTableStorageTests.Generic_OnAzureTableStorage_LongNamedGrain_EchoValue" storage="c:\users\anna\orleans\test\extensions\testerazureutils\bin\debug\net7.0\tester.azureutils.dll" id="e2e26a6b-f3bc-f2d5-328e-7538637a67d0">
      <Execution id="01fd9125-65d1-4770-bd87-e34665113acc" />
      <TestMethod codeBase="C:\Users\anna\orleans\test\Extensions\TesterAzureUtils\bin\Debug\net7.0\Tester.AzureUtils.dll" adapterTypeName="executor://xunit/VsTestRunner2/netcoreapp" className="Tester.AzureUtils.General.GenericGrainsInAzureTableStorageTests" name="Generic_OnAzureTableStorage_LongNamedGrain_EchoValue" />
    </UnitTest>
  </TestDefinitions>
  <TestEntries>
    <TestEntry testId="e2e26a6b-f3bc-f2d5-328e-7538637a67d0" executionId="01fd9125-65d1-4770-bd87-e34665113acc" testListId="8c84fa94-04c1-424b-9868-57a2d4851a1d" />
  </TestEntries>
  <TestLists>
    <TestList name="Results Not in a List" id="8c84fa94-04c1-424b-9868-57a2d4851a1d" />
    <TestList name="All Loaded Results" id="19431567-8539-422a-85d7-44ee4e166bda" />
  </TestLists>
  <ResultSummary outcome="Failed">
    <Counters total="1" executed="1" passed="0" failed="1" error="0" timeout="0" aborted="0" inconclusive="0" passedButRunAborted="0" notRunnable="0" notExecuted="0" disconnected="0" warning="0" completed="0" inProgress="0" pending="0" />
    <Output>
      <StdOut>[xUnit.net 00:00:00.00] xUnit.net VSTest Adapter v2.4.5+1caef2f33e (64-bit .NET 7.0.2)&#xD;
[xUnit.net 00:00:01.28]   Discovering: Tester.AzureUtils (method display = ClassAndMethod, method display options = None)&#xD;
[xUnit.net 00:00:01.50]   Discovered:  Tester.AzureUtils (found 246 test cases)&#xD;
[xUnit.net 00:00:01.51]   Starting:    Tester.AzureUtils (parallel test collections = off, max threads = 4)&#xD;
[xUnit.net 00:00:06.51]       Orleans.Storage.TableStorageUpdateConditionNotSatisfiedException : Table storage condition not Satisfied.  GrainType: state, GrainId: simplegenericgrainusingazurestorageandlonggrainname`1[[int]]/6763d0a94fb846b9ba12734006356543, TableName: OrleansGrainState, StoredETag: Unknown, CurrentETag: W/"datetime'2023-01-23T00%3A06%3A54.7165395Z'"&#xD;
[xUnit.net 00:00:06.52]       ---- Azure.RequestFailedException : The update condition specified in the request was not satisfied.
RequestId:bad23e3b-4002-008d-22be-2e7cd5000000
Time:2023-01-23T00:06:55.7663628Z&#xD;
[xUnit.net 00:00:06.52]       Status: 412 (Precondition Failed)&#xD;
[xUnit.net 00:00:06.52]       ErrorCode: UpdateConditionNotSatisfied&#xD;
[xUnit.net 00:00:06.52]       &#xD;
[xUnit.net 00:00:06.52]       Content:&#xD;
[xUnit.net 00:00:06.52]       {"odata.error":{"code":"UpdateConditionNotSatisfied","message":{"lang":"en-US","value":"The update condition specified in the request was not satisfied.\nRequestId:bad23e3b-4002-008d-22be-2e7cd5000000\nTime:2023-01-23T00:06:55.7663628Z"}}}&#xD;
[xUnit.net 00:00:06.52]       &#xD;
[xUnit.net 00:00:06.52]       Headers:&#xD;
[xUnit.net 00:00:06.52]       Cache-Control: no-cache&#xD;
[xUnit.net 00:00:06.52]       Server: Windows-Azure-Table/1.0,Microsoft-HTTPAPI/2.0&#xD;
[xUnit.net 00:00:06.52]       x-ms-request-id: bad23e3b-4002-008d-22be-2e7cd5000000&#xD;
[xUnit.net 00:00:06.52]       x-ms-client-request-id: 3db431d3-e425-45d3-802b-885f58c2a3cc&#xD;
[xUnit.net 00:00:06.52]       x-ms-version: REDACTED&#xD;
[xUnit.net 00:00:06.52]       X-Content-Type-Options: REDACTED&#xD;
[xUnit.net 00:00:06.52]       Date: Mon, 23 Jan 2023 00:06:54 GMT&#xD;
[xUnit.net 00:00:06.52]       Connection: keep-alive&#xD;
[xUnit.net 00:00:06.52]       Content-Type: application/json; odata=minimalmetadata; streaming=true; charset=utf-8&#xD;
[xUnit.net 00:00:06.52]       Content-Length: 239&#xD;
[xUnit.net 00:00:06.52]       &#xD;
[xUnit.net 00:00:06.52]       Stack Trace:&#xD;
[xUnit.net 00:00:06.52]         C:\Users\anna\orleans\src\Azure\Orleans.Persistence.AzureStorage\Providers\Storage\AzureTableStorage.cs(192,0): at Orleans.Storage.AzureTableGrainStorage.DoOptimisticUpdate(Func`1 updateOperation, String grainType, GrainId grainId, String tableName, String currentETag)&#xD;
[xUnit.net 00:00:06.52]         C:\Users\anna\orleans\src\Azure\Orleans.Persistence.AzureStorage\Providers\Storage\AzureTableStorage.cs(164,0): at Orleans.Storage.AzureTableGrainStorage.ClearStateAsync[T](String grainType, GrainId grainId, IGrainState`1 grainState)&#xD;
[xUnit.net 00:00:06.52]         C:\Users\anna\orleans\src\Orleans.Runtime\Storage\StateStorageBridge.cs(119,0): at Orleans.Core.StateStorageBridge`1.ClearStateAsync()&#xD;
[xUnit.net 00:00:06.52]         C:\Users\anna\orleans\test\Grains\TestGrains\GenericGrains.cs(72,0): at UnitTests.Grains.SimpleGenericGrainUsingAzureStorageAndLongGrainName`1.ClearState()&#xD;
[xUnit.net 00:00:06.52]         C:\Users\anna\orleans\src\Orleans.Core.Abstractions\Runtime\GrainReference.cs(690,0): at Orleans.Runtime.TaskRequest.Invoke()&#xD;
[xUnit.net 00:00:06.52]         --- End of stack trace from previous location ---&#xD;
[xUnit.net 00:00:06.52]         C:\Users\anna\orleans\src\Orleans.Serialization\Invocation\ResponseCompletionSource.cs(98,0): at Orleans.Serialization.Invocation.ResponseCompletionSource.System.Threading.Tasks.Sources.IValueTaskSource.GetResult(Int16 token)&#xD;
[xUnit.net 00:00:06.52]            at System.Threading.Tasks.ValueTask.ValueTaskSourceAsTask.&lt;&gt;c.&lt;.cctor&gt;b__4_0(Object state)&#xD;
[xUnit.net 00:00:06.52]         --- End of stack trace from previous location ---&#xD;
[xUnit.net 00:00:06.52]         C:\Users\anna\orleans\test\Extensions\TesterAzureUtils\GenericGrainsInAzureStorageTests.cs(56,0): at Tester.AzureUtils.General.GenericGrainsInAzureTableStorageTests.Generic_OnAzureTableStorage_LongNamedGrain_EchoValue()&#xD;
[xUnit.net 00:00:06.52]         --- End of stack trace from previous location ---&#xD;
[xUnit.net 00:00:06.52]         ----- Inner Stack Trace -----&#xD;
[xUnit.net 00:00:06.52]            at Azure.Data.Tables.TableRestClient.UpdateEntityAsync(String table, String partitionKey, String rowKey, Nullable`1 timeout, String ifMatch, IDictionary`2 tableEntityProperties, QueryOptions queryOptions, CancellationToken cancellationToken)&#xD;
[xUnit.net 00:00:06.52]            at Azure.Data.Tables.TableClient.UpdateEntityAsync[T](T entity, ETag ifMatch, TableUpdateMode mode, CancellationToken cancellationToken)&#xD;
[xUnit.net 00:00:06.52]         C:\Users\anna\orleans\src\Azure\Shared\Storage\AzureTableDataManager.cs(322,0): at Orleans.Persistence.AzureStorage.AzureTableDataManager`1.UpdateTableEntryAsync(T data, ETag dataEtag)&#xD;
[xUnit.net 00:00:06.52]         C:\Users\anna\orleans\src\Azure\Orleans.Persistence.AzureStorage\Providers\Storage\AzureTableStorage.cs(457,0): at Orleans.Storage.AzureTableGrainStorage.GrainStateTableDataManager.Write(TableEntity entity)&#xD;
[xUnit.net 00:00:06.52]         C:\Users\anna\orleans\src\Azure\Orleans.Persistence.AzureStorage\Providers\Storage\AzureTableStorage.cs(188,0): at Orleans.Storage.AzureTableGrainStorage.DoOptimisticUpdate(Func`1 updateOperation, String grainType, GrainId grainId, String tableName, String currentETag)&#xD;
[xUnit.net 00:00:06.52]         --- End of stack trace from previous location ---&#xD;
[xUnit.net 00:00:06.52]         &#xD;
[xUnit.net 00:00:20.63]   Finished:    Tester.AzureUtils&#xD;
</StdOut>
    </Output>
    <RunInfos>
      <RunInfo computerName="cloudtest-win10" outcome="Min" timestamp="2023-01-23T00:06:55.8039123+00:00">
        <Text>[xUnit.net 00:00:06.51]     Tester.AzureUtils.General.GenericGrainsInAzureTableStorageTests.Generic_OnAzureTableStorage_LongNamedGrain_EchoValue [FAIL]</Text>
      </RunInfo>
      <RunInfo computerName="cloudtest-win10" outcome="Warning" timestamp="2023-01-23T00:07:10.0524439+00:00">
        <Text>Data collector 'Blame' message: All tests finished running, Sequence file will not be generated.</Text>
      </RunInfo>
    </RunInfos>
  </ResultSummary>
</TestRun>