<?xml version="1.0" encoding="utf-8"?>
<TestRun id="46a845c4-384a-4e81-8685-285224d78725" name="anna@cloudtest-win10 2023-01-23 00:06:30" runUser="cloudtest-win10\anna" xmlns="http://microsoft.com/schemas/VisualStudio/TeamTest/2010">
  <Times creation="2023-01-23T00:06:30.1660619+00:00" queuing="2023-01-23T00:06:30.1660625+00:00" start="2023-01-23T00:06:20.5623687+00:00" finish="2023-01-23T00:06:44.2040228+00:00" />
  <TestSettings name="default" id="e341ccf2-22b6-4751-b746-9561edcbf220">
    <Deployment runDeploymentRoot="anna_cloudtest-win10_2023-01-23_00_06_30" />
  </TestSettings>
  <Results>
    <UnitTestResult executionId="ea8d712e-773e-4bb5-9d47-8d98d2a06411" testId="e2e26a6b-f3bc-f2d5-328e-7538637a67d0" testName="Tester.AzureUtils.General.GenericGrainsInAzureTableStorageTests.Generic_OnAzureTableStorage_LongNamedGrain_EchoValue" computerName="cloudtest-win10" duration="00:00:01.2155040" startTime="2023-01-23T00:06:29.8157097+00:00" endTime="2023-01-23T00:06:29.8157762+00:00" testType="13cdc9d9-ddb5-4fa4-a97d-d965ccfc6d4b" outcome="Failed" testListId="8c84fa94-04c1-424b-9868-57a2d4851a1d" relativeResultsDirectory="ea8d712e-773e-4bb5-9d47-8d98d2a06411">
      <Output>
        <ErrorInfo>
          <Message>Orleans.Storage.TableStorageUpdateConditionNotSatisfiedException : Table storage condition not Satisfied.  GrainType: state, GrainId: simplegenericgrainusingazurestorageandlonggrainname`1[[int]]/2d9a40a7aba849528a694bebf9c95297, TableName: OrleansGrainState, StoredETag: Unknown, CurrentETag: &#xD;
---- Azure.RequestFailedException : The specified entity already exists.
RequestId:31f3f7fc-7002-005d-12be-2e4183000000
Time:2023-01-23T00:06:29.7666094Z&#xD;
Status: 409 (Conflict)&#xD;
ErrorCode: EntityAlreadyExists&#xD;
&#xD;
Content:&#xD;
{"odata.error":{"code":"EntityAlreadyExists","message":{"lang":"en-US","value":"The specified entity already exists.\nRequestId:31f3f7fc-7002-005d-12be-2e4183000000\nTime:2023-01-23T00:06:29.7666094Z"}}}&#xD;
&#xD;
Headers:&#xD;
Cache-Control: no-cache&#xD;
Server: Windows-Azure-Table/1.0,Microsoft-HTTPAPI/2.0&#xD;
x-ms-request-id: 31f3f7fc-7002-005d-12be-2e4183000000&#xD;
x-ms-client-request-id: 897b012c-77e2-42fc-800b-a884ba461be7&#xD;
x-ms-version: REDACTED&#xD;
X-Content-Type-Options: REDACTED&#xD;
Preference-Applied: REDACTED&#xD;
Date: Mon, 23 Jan 2023 00:06:28 GMT&#xD;
Connection: keep-alive&#xD;
Content-Type: application/json; odata=minimalmetadata; streaming=true; charset=utf-8&#xD;
Content-Length: 203&#xD;
</Message>
          <StackTrace>   at Orleans.Storage.AzureTableGrainStorage.DoOptimisticUpdate(Func`1 updateOperation, String grainType, GrainId grainId, String tableName, String currentETag) in C:\Users\anna\orleans\src\Azure\Orleans.Persistence.AzureStorage\Providers\Storage\AzureTableStorage.cs:line 192&#xD;
   at Orleans.Storage.AzureTableGrainStorage.WriteStateAsync[T](String grainType, GrainId grainId, IGrainState`1 grainState) in C:\Users\anna\orleans\src\Azure\Orleans.Persistence.AzureStorage\Providers\Storage\AzureTableStorage.cs:line 113&#xD;
   at Orleans.Core.StateStorageBridge`1.WriteStateAsync() in C:\Users\anna\orleans\src\Orleans.Runtime\Storage\StateStorageBridge.cs:line 93&#xD;
   at UnitTests.Grains.SimpleGenericGrainUsingAzureStorageAndLongGrainName`1.EchoAsync(T entity) in C:\Users\anna\orleans\test\Grains\TestGrains\GenericGrains.cs:line 66&#xD;
   at Orleans.Runtime.TaskRequest`1.Invoke() in C:\Users\anna\orleans\src\Orleans.Core.Abstractions\Runtime\GrainReference.cs:line 641&#xD;
--- End of stack trace from previous location ---&#xD;
   at Orleans.Serialization.Invocation.ResponseCompletionSource`1.GetResult(Int16 token) in C:\Users\anna\orleans\src\Orleans.Serialization\Invocation\ResponseCompletionSource.cs:line 230&#xD;
   at System.Threading.Tasks.ValueTask`1.ValueTaskSourceAsTask.&lt;&gt;c.&lt;.cctor&gt;b__4_0(Object state)&#xD;
--- End of stack trace from previous location ---&#xD;
   at Tester.AzureUtils.General.GenericGrainsInAzureTableStorageTests.Generic_OnAzureTableStorage_LongNamedGrain_EchoValue() in C:\Users\anna\orleans\test\Extensions\TesterAzureUtils\GenericGrainsInAzureStorageTests.cs:line 54&#xD;
--- End of stack trace from previous location ---&#xD;
----- Inner Stack Trace -----&#xD;
   at Azure.Data.Tables.TableRestClient.InsertEntityAsync(String table, Nullable`1 timeout, Nullable`1 responsePreference, IDictionary`2 tableEntityProperties, QueryOptions queryOptions, CancellationToken cancellationToken)&#xD;
   at Azure.Data.Tables.TableClient.AddEntityAsync[T](T entity, CancellationToken cancellationToken)&#xD;
   at Orleans.Persistence.AzureStorage.AzureTableDataManager`1.CreateTableEntryAsync(T data) in C:\Users\anna\orleans\src\Azure\Shared\Storage\AzureTableDataManager.cs:line 171&#xD;
   at Orleans.Storage.AzureTableGrainStorage.GrainStateTableDataManager.Write(TableEntity entity) in C:\Users\anna\orleans\src\Azure\Orleans.Persistence.AzureStorage\Providers\Storage\AzureTableStorage.cs:line 457&#xD;
   at Orleans.Storage.AzureTableGrainStorage.DoOptimisticUpdate(Func`1 updateOperation, String grainType, GrainId grainId, String tableName, String currentETag) in C:\Users\anna\orleans\src\Azure\Orleans.Persistence.AzureStorage\Providers\Storage\AzureTableStorage.cs:line 188&#xD;
--- End of stack trace from previous location ---&#xD;
</StackTrace>
        </ErrorInfo>
      </Output>
    </UnitTestResult>
  </Results>
  <TestDefinitions>
    <UnitTest name="Tester.AzureUtils.General.GenericGrainsInAzureTableStorageTests.Generic_OnAzureTableStorage_LongNamedGrain_EchoValue" storage="c:\users\anna\orleans\test\extensions\testerazureutils\bin\debug\net7.0\tester.azureutils.dll" id="e2e26a6b-f3bc-f2d5-328e-7538637a67d0">
      <Execution id="ea8d712e-773e-4bb5-9d47-8d98d2a06411" />
      <TestMethod codeBase="C:\Users\anna\orleans\test\Extensions\TesterAzureUtils\bin\Debug\net7.0\Tester.AzureUtils.dll" adapterTypeName="executor://xunit/VsTestRunner2/netcoreapp" className="Tester.AzureUtils.General.GenericGrainsInAzureTableStorageTests" name="Generic_OnAzureTableStorage_LongNamedGrain_EchoValue" />
    </UnitTest>
  </TestDefinitions>
  <TestEntries>
    <TestEntry testId="e2e26a6b-f3bc-f2d5-328e-7538637a67d0" executionId="ea8d712e-773e-4bb5-9d47-8d98d2a06411" testListId="8c84fa94-04c1-424b-9868-57a2d4851a1d" />
  </TestEntries>
  <TestLists>
    <TestList name="Results Not in a List" id="8c84fa94-04c1-424b-9868-57a2d4851a1d" />
    <TestList name="All Loaded Results" id="19431567-8539-422a-85d7-44ee4e166bda" />
  </TestLists>
  <ResultSummary outcome="Failed">
    <Counters total="1" executed="1" passed="0" failed="1" error="0" timeout="0" aborted="0" inconclusive="0" passedButRunAborted="0" notRunnable="0" notExecuted="0" disconnected="0" warning="0" completed="0" inProgress="0" pending="0" />
    <Output>
      <StdOut>[xUnit.net 00:00:00.00] xUnit.net VSTest Adapter v2.4.5+1caef2f33e (64-bit .NET 7.0.2)&#xD;
[xUnit.net 00:00:01.28]   Discovering: Tester.AzureUtils (method display = ClassAndMethod, method display options = None)&#xD;
[xUnit.net 00:00:01.50]   Discovered:  Tester.AzureUtils (found 246 test cases)&#xD;
[xUnit.net 00:00:01.51]   Starting:    Tester.AzureUtils (parallel test collections = off, max threads = 4)&#xD;
[xUnit.net 00:00:06.24]       Orleans.Storage.TableStorageUpdateConditionNotSatisfiedException : Table storage condition not Satisfied.  GrainType: state, GrainId: simplegenericgrainusingazurestorageandlonggrainname`1[[int]]/2d9a40a7aba849528a694bebf9c95297, TableName: OrleansGrainState, StoredETag: Unknown, CurrentETag: &#xD;
[xUnit.net 00:00:06.24]       ---- Azure.RequestFailedException : The specified entity already exists.
RequestId:31f3f7fc-7002-005d-12be-2e4183000000
Time:2023-01-23T00:06:29.7666094Z&#xD;
[xUnit.net 00:00:06.24]       Status: 409 (Conflict)&#xD;
[xUnit.net 00:00:06.24]       ErrorCode: EntityAlreadyExists&#xD;
[xUnit.net 00:00:06.24]       &#xD;
[xUnit.net 00:00:06.24]       Content:&#xD;
[xUnit.net 00:00:06.24]       {"odata.error":{"code":"EntityAlreadyExists","message":{"lang":"en-US","value":"The specified entity already exists.\nRequestId:31f3f7fc-7002-005d-12be-2e4183000000\nTime:2023-01-23T00:06:29.7666094Z"}}}&#xD;
[xUnit.net 00:00:06.24]       &#xD;
[xUnit.net 00:00:06.24]       Headers:&#xD;
[xUnit.net 00:00:06.24]       Cache-Control: no-cache&#xD;
[xUnit.net 00:00:06.24]       Server: Windows-Azure-Table/1.0,Microsoft-HTTPAPI/2.0&#xD;
[xUnit.net 00:00:06.24]       x-ms-request-id: 31f3f7fc-7002-005d-12be-2e4183000000&#xD;
[xUnit.net 00:00:06.24]       x-ms-client-request-id: 897b012c-77e2-42fc-800b-a884ba461be7&#xD;
[xUnit.net 00:00:06.24]       x-ms-version: REDACTED&#xD;
[xUnit.net 00:00:06.24]       X-Content-Type-Options: REDACTED&#xD;
[xUnit.net 00:00:06.24]       Preference-Applied: REDACTED&#xD;
[xUnit.net 00:00:06.24]       Date: Mon, 23 Jan 2023 00:06:28 GMT&#xD;
[xUnit.net 00:00:06.24]       Connection: keep-alive&#xD;
[xUnit.net 00:00:06.24]       Content-Type: application/json; odata=minimalmetadata; streaming=true; charset=utf-8&#xD;
[xUnit.net 00:00:06.24]       Content-Length: 203&#xD;
[xUnit.net 00:00:06.24]       &#xD;
[xUnit.net 00:00:06.24]       Stack Trace:&#xD;
[xUnit.net 00:00:06.24]         C:\Users\anna\orleans\src\Azure\Orleans.Persistence.AzureStorage\Providers\Storage\AzureTableStorage.cs(192,0): at Orleans.Storage.AzureTableGrainStorage.DoOptimisticUpdate(Func`1 updateOperation, String grainType, GrainId grainId, String tableName, String currentETag)&#xD;
[xUnit.net 00:00:06.24]         C:\Users\anna\orleans\src\Azure\Orleans.Persistence.AzureStorage\Providers\Storage\AzureTableStorage.cs(113,0): at Orleans.Storage.AzureTableGrainStorage.WriteStateAsync[T](String grainType, GrainId grainId, IGrainState`1 grainState)&#xD;
[xUnit.net 00:00:06.24]         C:\Users\anna\orleans\src\Orleans.Runtime\Storage\StateStorageBridge.cs(93,0): at Orleans.Core.StateStorageBridge`1.WriteStateAsync()&#xD;
[xUnit.net 00:00:06.24]         C:\Users\anna\orleans\test\Grains\TestGrains\GenericGrains.cs(66,0): at UnitTests.Grains.SimpleGenericGrainUsingAzureStorageAndLongGrainName`1.EchoAsync(T entity)&#xD;
[xUnit.net 00:00:06.24]         C:\Users\anna\orleans\src\Orleans.Core.Abstractions\Runtime\GrainReference.cs(641,0): at Orleans.Runtime.TaskRequest`1.Invoke()&#xD;
[xUnit.net 00:00:06.24]         --- End of stack trace from previous location ---&#xD;
[xUnit.net 00:00:06.24]         C:\Users\anna\orleans\src\Orleans.Serialization\Invocation\ResponseCompletionSource.cs(230,0): at Orleans.Serialization.Invocation.ResponseCompletionSource`1.GetResult(Int16 token)&#xD;
[xUnit.net 00:00:06.24]            at System.Threading.Tasks.ValueTask`1.ValueTaskSourceAsTask.&lt;&gt;c.&lt;.cctor&gt;b__4_0(Object state)&#xD;
[xUnit.net 00:00:06.24]         --- End of stack trace from previous location ---&#xD;
[xUnit.net 00:00:06.24]         C:\Users\anna\orleans\test\Extensions\TesterAzureUtils\GenericGrainsInAzureStorageTests.cs(54,0): at Tester.AzureUtils.General.GenericGrainsInAzureTableStorageTests.Generic_OnAzureTableStorage_LongNamedGrain_EchoValue()&#xD;
[xUnit.net 00:00:06.24]         --- End of stack trace from previous location ---&#xD;
[xUnit.net 00:00:06.24]         ----- Inner Stack Trace -----&#xD;
[xUnit.net 00:00:06.24]            at Azure.Data.Tables.TableRestClient.InsertEntityAsync(String table, Nullable`1 timeout, Nullable`1 responsePreference, IDictionary`2 tableEntityProperties, QueryOptions queryOptions, CancellationToken cancellationToken)&#xD;
[xUnit.net 00:00:06.24]            at Azure.Data.Tables.TableClient.AddEntityAsync[T](T entity, CancellationToken cancellationToken)&#xD;
[xUnit.net 00:00:06.24]         C:\Users\anna\orleans\src\Azure\Shared\Storage\AzureTableDataManager.cs(171,0): at Orleans.Persistence.AzureStorage.AzureTableDataManager`1.CreateTableEntryAsync(T data)&#xD;
[xUnit.net 00:00:06.24]         C:\Users\anna\orleans\src\Azure\Orleans.Persistence.AzureStorage\Providers\Storage\AzureTableStorage.cs(457,0): at Orleans.Storage.AzureTableGrainStorage.GrainStateTableDataManager.Write(TableEntity entity)&#xD;
[xUnit.net 00:00:06.24]         C:\Users\anna\orleans\src\Azure\Orleans.Persistence.AzureStorage\Providers\Storage\AzureTableStorage.cs(188,0): at Orleans.Storage.AzureTableGrainStorage.DoOptimisticUpdate(Func`1 updateOperation, String grainType, GrainId grainId, String tableName, String currentETag)&#xD;
[xUnit.net 00:00:06.24]         --- End of stack trace from previous location ---&#xD;
[xUnit.net 00:00:06.24]         &#xD;
[xUnit.net 00:00:20.41]   Finished:    Tester.AzureUtils&#xD;
</StdOut>
    </Output>
    <RunInfos>
      <RunInfo computerName="cloudtest-win10" outcome="Min" timestamp="2023-01-23T00:06:29.8085046+00:00">
        <Text>[xUnit.net 00:00:06.24]     Tester.AzureUtils.General.GenericGrainsInAzureTableStorageTests.Generic_OnAzureTableStorage_LongNamedGrain_EchoValue [FAIL]</Text>
      </RunInfo>
      <RunInfo computerName="cloudtest-win10" outcome="Warning" timestamp="2023-01-23T00:06:44.1100106+00:00">
        <Text>Data collector 'Blame' message: All tests finished running, Sequence file will not be generated.</Text>
      </RunInfo>
    </RunInfos>
  </ResultSummary>
</TestRun>