<?xml version="1.0" encoding="utf-8"?>
<TestRun id="8c2dbc64-ad2f-41f9-b218-b341d4d78edf" name="anna@cloudtest-win10 2023-01-23 00:07:22" runUser="cloudtest-win10\anna" xmlns="http://microsoft.com/schemas/VisualStudio/TeamTest/2010">
  <Times creation="2023-01-23T00:07:22.4985357+00:00" queuing="2023-01-23T00:07:22.4985365+00:00" start="2023-01-23T00:07:12.2369288+00:00" finish="2023-01-23T00:07:35.7017898+00:00" />
  <TestSettings name="default" id="22a3c806-f09a-4d6c-bea9-acf793fc3b74">
    <Deployment runDeploymentRoot="anna_cloudtest-win10_2023-01-23_00_07_22" />
  </TestSettings>
  <Results>
    <UnitTestResult executionId="efc9898b-2875-49ca-aaf3-e981404ef5a9" testId="e2e26a6b-f3bc-f2d5-328e-7538637a67d0" testName="Tester.AzureUtils.General.GenericGrainsInAzureTableStorageTests.Generic_OnAzureTableStorage_LongNamedGrain_EchoValue" computerName="cloudtest-win10" duration="00:00:00.4021775" startTime="2023-01-23T00:07:21.2854126+00:00" endTime="2023-01-23T00:07:21.2854576+00:00" testType="13cdc9d9-ddb5-4fa4-a97d-d965ccfc6d4b" outcome="Passed" testListId="8c84fa94-04c1-424b-9868-57a2d4851a1d" relativeResultsDirectory="efc9898b-2875-49ca-aaf3-e981404ef5a9" />
  </Results>
  <TestDefinitions>
    <UnitTest name="Tester.AzureUtils.General.GenericGrainsInAzureTableStorageTests.Generic_OnAzureTableStorage_LongNamedGrain_EchoValue" storage="c:\users\anna\orleans\test\extensions\testerazureutils\bin\debug\net7.0\tester.azureutils.dll" id="e2e26a6b-f3bc-f2d5-328e-7538637a67d0">
      <Execution id="efc9898b-2875-49ca-aaf3-e981404ef5a9" />
      <TestMethod codeBase="C:\Users\anna\orleans\test\Extensions\TesterAzureUtils\bin\Debug\net7.0\Tester.AzureUtils.dll" adapterTypeName="executor://xunit/VsTestRunner2/netcoreapp" className="Tester.AzureUtils.General.GenericGrainsInAzureTableStorageTests" name="Generic_OnAzureTableStorage_LongNamedGrain_EchoValue" />
    </UnitTest>
  </TestDefinitions>
  <TestEntries>
    <TestEntry testId="e2e26a6b-f3bc-f2d5-328e-7538637a67d0" executionId="efc9898b-2875-49ca-aaf3-e981404ef5a9" testListId="8c84fa94-04c1-424b-9868-57a2d4851a1d" />
  </TestEntries>
  <TestLists>
    <TestList name="Results Not in a List" id="8c84fa94-04c1-424b-9868-57a2d4851a1d" />
    <TestList name="All Loaded Results" id="19431567-8539-422a-85d7-44ee4e166bda" />
  </TestLists>
  <ResultSummary outcome="Completed">
    <Counters total="1" executed="1" passed="1" failed="0" error="0" timeout="0" aborted="0" inconclusive="0" passedButRunAborted="0" notRunnable="0" notExecuted="0" disconnected="0" warning="0" completed="0" inProgress="0" pending="0" />
    <Output>
      <StdOut>[xUnit.net 00:00:00.00] xUnit.net VSTest Adapter v2.4.5+1caef2f33e (64-bit .NET 7.0.2)&#xD;
[xUnit.net 00:00:01.26]   Discovering: Tester.AzureUtils (method display = ClassAndMethod, method display options = None)&#xD;
[xUnit.net 00:00:01.48]   Discovered:  Tester.AzureUtils (found 246 test cases)&#xD;
[xUnit.net 00:00:01.49]   Starting:    Tester.AzureUtils (parallel test collections = off, max threads = 4)&#xD;
[xUnit.net 00:00:20.25]   Finished:    Tester.AzureUtils&#xD;
</StdOut>
    </Output>
    <RunInfos>
      <RunInfo computerName="cloudtest-win10" outcome="Warning" timestamp="2023-01-23T00:07:35.6096529+00:00">
        <Text>Data collector 'Blame' message: All tests finished running, Sequence file will not be generated.</Text>
      </RunInfo>
    </RunInfos>
  </ResultSummary>
</TestRun>