<?xml version="1.0" encoding="utf-8"?>
<TestRun id="a1d5b4d3-421d-4d80-a08a-e9109c347385" name="anna@cloudtest-win10 2023-01-23 00:06:04" runUser="cloudtest-win10\anna" xmlns="http://microsoft.com/schemas/VisualStudio/TeamTest/2010">
  <Times creation="2023-01-23T00:06:04.4458806+00:00" queuing="2023-01-23T00:06:04.4458810+00:00" start="2023-01-23T00:05:54.8133964+00:00" finish="2023-01-23T00:06:18.4526741+00:00" />
  <TestSettings name="default" id="060e9fad-1d82-4a81-b097-a269435f2c36">
    <Deployment runDeploymentRoot="anna_cloudtest-win10_2023-01-23_00_06_04" />
  </TestSettings>
  <Results>
    <UnitTestResult executionId="7d7a36f6-18ee-4df5-a750-67639e2cf96d" testId="e2e26a6b-f3bc-f2d5-328e-7538637a67d0" testName="Tester.AzureUtils.General.GenericGrainsInAzureTableStorageTests.Generic_OnAzureTableStorage_LongNamedGrain_EchoValue" computerName="cloudtest-win10" duration="00:00:01.2490362" startTime="2023-01-23T00:06:04.1111807+00:00" endTime="2023-01-23T00:06:04.1112786+00:00" testType="13cdc9d9-ddb5-4fa4-a97d-d965ccfc6d4b" outcome="Passed" testListId="8c84fa94-04c1-424b-9868-57a2d4851a1d" relativeResultsDirectory="7d7a36f6-18ee-4df5-a750-67639e2cf96d" />
  </Results>
  <TestDefinitions>
    <UnitTest name="Tester.AzureUtils.General.GenericGrainsInAzureTableStorageTests.Generic_OnAzureTableStorage_LongNamedGrain_EchoValue" storage="c:\users\anna\orleans\test\extensions\testerazureutils\bin\debug\net7.0\tester.azureutils.dll" id="e2e26a6b-f3bc-f2d5-328e-7538637a67d0">
      <Execution id="7d7a36f6-18ee-4df5-a750-67639e2cf96d" />
      <TestMethod codeBase="C:\Users\anna\orleans\test\Extensions\TesterAzureUtils\bin\Debug\net7.0\Tester.AzureUtils.dll" adapterTypeName="executor://xunit/VsTestRunner2/netcoreapp" className="Tester.AzureUtils.General.GenericGrainsInAzureTableStorageTests" name="Generic_OnAzureTableStorage_LongNamedGrain_EchoValue" />
    </UnitTest>
  </TestDefinitions>
  <TestEntries>
    <TestEntry testId="e2e26a6b-f3bc-f2d5-328e-7538637a67d0" executionId="7d7a36f6-18ee-4df5-a750-67639e2cf96d" testListId="8c84fa94-04c1-424b-9868-57a2d4851a1d" />
  </TestEntries>
  <TestLists>
    <TestList name="Results Not in a List" id="8c84fa94-04c1-424b-9868-57a2d4851a1d" />
    <TestList name="All Loaded Results" id="19431567-8539-422a-85d7-44ee4e166bda" />
  </TestLists>
  <ResultSummary outcome="Completed">
    <Counters total="1" executed="1" passed="1" failed="0" error="0" timeout="0" aborted="0" inconclusive="0" passedButRunAborted="0" notRunnable="0" notExecuted="0" disconnected="0" warning="0" completed="0" inProgress="0" pending="0" />
    <Output>
      <StdOut>[xUnit.net 00:00:00.00] xUnit.net VSTest Adapter v2.4.5+1caef2f33e (64-bit .NET 7.0.2)&#xD;
[xUnit.net 00:00:01.29]   Discovering: Tester.AzureUtils (method display = ClassAndMethod, method display options = None)&#xD;
[xUnit.net 00:00:01.51]   Discovered:  Tester.AzureUtils (found 246 test cases)&#xD;
[xUnit.net 00:00:01.52]   Starting:    Tester.AzureUtils (parallel test collections = off, max threads = 4)&#xD;
[xUnit.net 00:00:20.43]   Finished:    Tester.AzureUtils&#xD;
</StdOut>
    </Output>
    <RunInfos>
      <RunInfo computerName="cloudtest-win10" outcome="Warning" timestamp="2023-01-23T00:06:18.3605606+00:00">
        <Text>Data collector 'Blame' message: All tests finished running, Sequence file will not be generated.</Text>
      </RunInfo>
    </RunInfos>
  </ResultSummary>
</TestRun>