<?xml version="1.0" encoding="utf-8"?>
<TestRun id="ba908fb6-45bc-4c5c-b913-a79b3931195e" name="anna@cloudtest-win10 2023-01-23 00:08:13" runUser="cloudtest-win10\anna" xmlns="http://microsoft.com/schemas/VisualStudio/TeamTest/2010">
  <Times creation="2023-01-23T00:08:13.0871578+00:00" queuing="2023-01-23T00:08:13.0871582+00:00" start="2023-01-23T00:08:03.5404789+00:00" finish="2023-01-23T00:08:27.0811269+00:00" />
  <TestSettings name="default" id="b51ee1f5-0e09-4a8b-a680-628a3389f418">
    <Deployment runDeploymentRoot="anna_cloudtest-win10_2023-01-23_00_08_13" />
  </TestSettings>
  <Results>
    <UnitTestResult executionId="9f0fb768-5060-4671-8bb5-da01e2fc037d" testId="7dd27e1b-f2b4-321d-eace-467fa6404dcf" testName="Tester.AzureUtils.General.GenericGrainsInAzureTableStorageTests.Generic_OnAzureTableStorage_ShortNamedGrain_EchoValue" computerName="cloudtest-win10" duration="00:00:01.2620336" startTime="2023-01-23T00:08:12.7687647+00:00" endTime="2023-01-23T00:08:12.7688103+00:00" testType="13cdc9d9-ddb5-4fa4-a97d-d965ccfc6d4b" outcome="Failed" testListId="8c84fa94-04c1-424b-9868-57a2d4851a1d" relativeResultsDirectory="9f0fb768-5060-4671-8bb5-da01e2fc037d">
      <Output>
        <ErrorInfo>
          <Message>Orleans.Storage.TableStorageUpdateConditionNotSatisfiedException : Table storage condition not Satisfied.  GrainType: state, GrainId: tinyname`1[[int]]/1ad6f64ae79e46bc8db6d6b4cb8f5a83, TableName: OrleansGrainState, StoredETag: Unknown, CurrentETag: &#xD;
---- Azure.RequestFailedException : The specified entity already exists.
RequestId:2fba436f-6002-0051-03be-2ed68b000000
Time:2023-01-23T00:08:12.7193622Z&#xD;
Status: 409 (Conflict)&#xD;
ErrorCode: EntityAlreadyExists&#xD;
&#xD;
Content:&#xD;
{"odata.error":{"code":"EntityAlreadyExists","message":{"lang":"en-US","value":"The specified entity already exists.\nRequestId:2fba436f-6002-0051-03be-2ed68b000000\nTime:2023-01-23T00:08:12.7193622Z"}}}&#xD;
&#xD;
Headers:&#xD;
Cache-Control: no-cache&#xD;
Server: Windows-Azure-Table/1.0,Microsoft-HTTPAPI/2.0&#xD;
x-ms-request-id: 2fba436f-6002-0051-03be-2ed68b000000&#xD;
x-ms-client-request-id: e97e85e0-3bd1-4db8-8986-45e6cc528af9&#xD;
x-ms-version: REDACTED&#xD;
X-Content-Type-Options: REDACTED&#xD;
Preference-Applied: REDACTED&#xD;
Date: Mon, 23 Jan 2023 00:08:12 GMT&#xD;
Connection: keep-alive&#xD;
Content-Type: application/json; odata=minimalmetadata; streaming=true; charset=utf-8&#xD;
Content-Length: 203&#xD;
</Message>
          <StackTrace>   at Orleans.Storage.AzureTableGrainStorage.DoOptimisticUpdate(Func`1 updateOperation, String grainType, GrainId grainId, String tableName, String currentETag) in C:\Users\anna\orleans\src\Azure\Orleans.Persistence.AzureStorage\Providers\Storage\AzureTableStorage.cs:line 192&#xD;
   at Orleans.Storage.AzureTableGrainStorage.WriteStateAsync[T](String grainType, GrainId grainId, IGrainState`1 grainState) in C:\Users\anna\orleans\src\Azure\Orleans.Persistence.AzureStorage\Providers\Storage\AzureTableStorage.cs:line 113&#xD;
   at Orleans.Core.StateStorageBridge`1.WriteStateAsync() in C:\Users\anna\orleans\src\Orleans.Runtime\Storage\StateStorageBridge.cs:line 93&#xD;
   at UnitTests.Grains.TinyNameGrain`1.EchoAsync(T entity) in C:\Users\anna\orleans\test\Grains\TestGrains\GenericGrains.cs:line 82&#xD;
   at Orleans.Runtime.TaskRequest`1.Invoke() in C:\Users\anna\orleans\src\Orleans.Core.Abstractions\Runtime\GrainReference.cs:line 641&#xD;
--- End of stack trace from previous location ---&#xD;
   at Orleans.Serialization.Invocation.ResponseCompletionSource`1.GetResult(Int16 token) in C:\Users\anna\orleans\src\Orleans.Serialization\Invocation\ResponseCompletionSource.cs:line 230&#xD;
   at System.Threading.Tasks.ValueTask`1.ValueTaskSourceAsTask.&lt;&gt;c.&lt;.cctor&gt;b__4_0(Object state)&#xD;
--- End of stack trace from previous location ---&#xD;
   at Tester.AzureUtils.General.GenericGrainsInAzureTableStorageTests.Generic_OnAzureTableStorage_ShortNamedGrain_EchoValue() in C:\Users\anna\orleans\test\Extensions\TesterAzureUtils\GenericGrainsInAzureStorageTests.cs:line 63&#xD;
--- End of stack trace from previous location ---&#xD;
----- Inner Stack Trace -----&#xD;
   at Azure.Data.Tables.TableRestClient.InsertEntityAsync(String table, Nullable`1 timeout, Nullable`1 responsePreference, IDictionary`2 tableEntityProperties, QueryOptions queryOptions, CancellationToken cancellationToken)&#xD;
   at Azure.Data.Tables.TableClient.AddEntityAsync[T](T entity, CancellationToken cancellationToken)&#xD;
   at Orleans.Persistence.AzureStorage.AzureTableDataManager`1.CreateTableEntryAsync(T data) in C:\Users\anna\orleans\src\Azure\Shared\Storage\AzureTableDataManager.cs:line 171&#xD;
   at Orleans.Storage.AzureTableGrainStorage.GrainStateTableDataManager.Write(TableEntity entity) in C:\Users\anna\orleans\src\Azure\Orleans.Persistence.AzureStorage\Providers\Storage\AzureTableStorage.cs:line 457&#xD;
   at Orleans.Storage.AzureTableGrainStorage.DoOptimisticUpdate(Func`1 updateOperation, String grainType, GrainId grainId, String tableName, String currentETag) in C:\Users\anna\orleans\src\Azure\Orleans.Persistence.AzureStorage\Providers\Storage\AzureTableStorage.cs:line 188&#xD;
--- End of stack trace from previous location ---&#xD;
</StackTrace>
        </ErrorInfo>
      </Output>
    </UnitTestResult>
  </Results>
  <TestDefinitions>
    <UnitTest name="Tester.AzureUtils.General.GenericGrainsInAzureTableStorageTests.Generic_OnAzureTableStorage_ShortNamedGrain_EchoValue" storage="c:\users\anna\orleans\test\extensions\testerazureutils\bin\debug\net7.0\tester.azureutils.dll" id="7dd27e1b-f2b4-321d-eace-467fa6404dcf">
      <Execution id="9f0fb768-5060-4671-8bb5-da01e2fc037d" />
      <TestMethod codeBase="C:\Users\anna\orleans\test\Extensions\TesterAzureUtils\bin\Debug\net7.0\Tester.AzureUtils.dll" adapterTypeName="executor://xunit/VsTestRunner2/netcoreapp" className="Tester.AzureUtils.General.GenericGrainsInAzureTableStorageTests" name="Generic_OnAzureTableStorage_ShortNamedGrain_EchoValue" />
    </UnitTest>
  </TestDefinitions>
  <TestEntries>
    <TestEntry testId="7dd27e1b-f2b4-321d-eace-467fa6404dcf" executionId="9f0fb768-5060-4671-8bb5-da01e2fc037d" testListId="8c84fa94-04c1-424b-9868-57a2d4851a1d" />
  </TestEntries>
  <TestLists>
    <TestList name="Results Not in a List" id="8c84fa94-04c1-424b-9868-57a2d4851a1d" />
    <TestList name="All Loaded Results" id="19431567-8539-422a-85d7-44ee4e166bda" />
  </TestLists>
  <ResultSummary outcome="Failed">
    <Counters total="1" executed="1" passed="0" failed="1" error="0" timeout="0" aborted="0" inconclusive="0" passedButRunAborted="0" notRunnable="0" notExecuted="0" disconnected="0" warning="0" completed="0" inProgress="0" pending="0" />
    <Output>
      <StdOut>[xUnit.net 00:00:00.00] xUnit.net VSTest Adapter v2.4.5+1caef2f33e (64-bit .NET 7.0.2)&#xD;
[xUnit.net 00:00:01.28]   Discovering: Tester.AzureUtils (method display = ClassAndMethod, method display options = None)&#xD;
[xUnit.net 00:00:01.49]   Discovered:  Tester.AzureUtils (found 246 test cases)&#xD;
[xUnit.net 00:00:01.51]   Starting:    Tester.AzureUtils (parallel test collections = off, max threads = 4)&#xD;
[xUnit.net 00:00:06.21]       Orleans.Storage.TableStorageUpdateConditionNotSatisfiedException : Table storage condition not Satisfied.  GrainType: state, GrainId: tinyname`1[[int]]/1ad6f64ae79e46bc8db6d6b4cb8f5a83, TableName: OrleansGrainState, StoredETag: Unknown, CurrentETag: &#xD;
[xUnit.net 00:00:06.21]       ---- Azure.RequestFailedException : The specified entity already exists.
RequestId:2fba436f-6002-0051-03be-2ed68b000000
Time:2023-01-23T00:08:12.7193622Z&#xD;
[xUnit.net 00:00:06.21]       Status: 409 (Conflict)&#xD;
[xUnit.net 00:00:06.21]       ErrorCode: EntityAlreadyExists&#xD;
[xUnit.net 00:00:06.21]       &#xD;
[xUnit.net 00:00:06.21]       Content:&#xD;
[xUnit.net 00:00:06.21]       {"odata.error":{"code":"EntityAlreadyExists","message":{"lang":"en-US","value":"The specified entity already exists.\nRequestId:2fba436f-6002-0051-03be-2ed68b000000\nTime:2023-01-23T00:08:12.7193622Z"}}}&#xD;
[xUnit.net 00:00:06.21]       &#xD;
[xUnit.net 00:00:06.21]       Headers:&#xD;
[xUnit.net 00:00:06.21]       Cache-Control: no-cache&#xD;
[xUnit.net 00:00:06.21]       Server: Windows-Azure-Table/1.0,Microsoft-HTTPAPI/2.0&#xD;
[xUnit.net 00:00:06.21]       x-ms-request-id: 2fba436f-6002-0051-03be-2ed68b000000&#xD;
[xUnit.net 00:00:06.21]       x-ms-client-request-id: e97e85e0-3bd1-4db8-8986-45e6cc528af9&#xD;
[xUnit.net 00:00:06.21]       x-ms-version: REDACTED&#xD;
[xUnit.net 00:00:06.21]       X-Content-Type-Options: REDACTED&#xD;
[xUnit.net 00:00:06.22]       Preference-Applied: REDACTED&#xD;
[xUnit.net 00:00:06.22]       Date: Mon, 23 Jan 2023 00:08:12 GMT&#xD;
[xUnit.net 00:00:06.22]       Connection: keep-alive&#xD;
[xUnit.net 00:00:06.22]       Content-Type: application/json; odata=minimalmetadata; streaming=true; charset=utf-8&#xD;
[xUnit.net 00:00:06.22]       Content-Length: 203&#xD;
[xUnit.net 00:00:06.22]       &#xD;
[xUnit.net 00:00:06.22]       Stack Trace:&#xD;
[xUnit.net 00:00:06.22]         C:\Users\anna\orleans\src\Azure\Orleans.Persistence.AzureStorage\Providers\Storage\AzureTableStorage.cs(192,0): at Orleans.Storage.AzureTableGrainStorage.DoOptimisticUpdate(Func`1 updateOperation, String grainType, GrainId grainId, String tableName, String currentETag)&#xD;
[xUnit.net 00:00:06.22]         C:\Users\anna\orleans\src\Azure\Orleans.Persistence.AzureStorage\Providers\Storage\AzureTableStorage.cs(113,0): at Orleans.Storage.AzureTableGrainStorage.WriteStateAsync[T](String grainType, GrainId grainId, IGrainState`1 grainState)&#xD;
[xUnit.net 00:00:06.22]         C:\Users\anna\orleans\src\Orleans.Runtime\Storage\StateStorageBridge.cs(93,0): at Orleans.Core.StateStorageBridge`1.WriteStateAsync()&#xD;
[xUnit.net 00:00:06.22]         C:\Users\anna\orleans\test\Grains\TestGrains\GenericGrains.cs(82,0): at UnitTests.Grains.TinyNameGrain`1.EchoAsync(T entity)&#xD;
[xUnit.net 00:00:06.22]         C:\Users\anna\orleans\src\Orleans.Core.Abstractions\Runtime\GrainReference.cs(641,0): at Orleans.Runtime.TaskRequest`1.Invoke()&#xD;
[xUnit.net 00:00:06.22]         --- End of stack trace from previous location ---&#xD;
[xUnit.net 00:00:06.22]         C:\Users\anna\orleans\src\Orleans.Serialization\Invocation\ResponseCompletionSource.cs(230,0): at Orleans.Serialization.Invocation.ResponseCompletionSource`1.GetResult(Int16 token)&#xD;
[xUnit.net 00:00:06.22]            at System.Threading.Tasks.ValueTask`1.ValueTaskSourceAsTask.&lt;&gt;c.&lt;.cctor&gt;b__4_0(Object state)&#xD;
[xUnit.net 00:00:06.22]         --- End of stack trace from previous location ---&#xD;
[xUnit.net 00:00:06.22]         C:\Users\anna\orleans\test\Extensions\TesterAzureUtils\GenericGrainsInAzureStorageTests.cs(63,0): at Tester.AzureUtils.General.GenericGrainsInAzureTableStorageTests.Generic_OnAzureTableStorage_ShortNamedGrain_EchoValue()&#xD;
[xUnit.net 00:00:06.22]         --- End of stack trace from previous location ---&#xD;
[xUnit.net 00:00:06.22]         ----- Inner Stack Trace -----&#xD;
[xUnit.net 00:00:06.22]            at Azure.Data.Tables.TableRestClient.InsertEntityAsync(String table, Nullable`1 timeout, Nullable`1 responsePreference, IDictionary`2 tableEntityProperties, QueryOptions queryOptions, CancellationToken cancellationToken)&#xD;
[xUnit.net 00:00:06.22]            at Azure.Data.Tables.TableClient.AddEntityAsync[T](T entity, CancellationToken cancellationToken)&#xD;
[xUnit.net 00:00:06.22]         C:\Users\anna\orleans\src\Azure\Shared\Storage\AzureTableDataManager.cs(171,0): at Orleans.Persistence.AzureStorage.AzureTableDataManager`1.CreateTableEntryAsync(T data)&#xD;
[xUnit.net 00:00:06.22]         C:\Users\anna\orleans\src\Azure\Orleans.Persistence.AzureStorage\Providers\Storage\AzureTableStorage.cs(457,0): at Orleans.Storage.AzureTableGrainStorage.GrainStateTableDataManager.Write(TableEntity entity)&#xD;
[xUnit.net 00:00:06.22]         C:\Users\anna\orleans\src\Azure\Orleans.Persistence.AzureStorage\Providers\Storage\AzureTableStorage.cs(188,0): at Orleans.Storage.AzureTableGrainStorage.DoOptimisticUpdate(Func`1 updateOperation, String grainType, GrainId grainId, String tableName, String currentETag)&#xD;
[xUnit.net 00:00:06.22]         --- End of stack trace from previous location ---&#xD;
[xUnit.net 00:00:06.22]         &#xD;
[xUnit.net 00:00:20.31]   Finished:    Tester.AzureUtils&#xD;
</StdOut>
    </Output>
    <RunInfos>
      <RunInfo computerName="cloudtest-win10" outcome="Min" timestamp="2023-01-23T00:08:12.7615263+00:00">
        <Text>[xUnit.net 00:00:06.21]     Tester.AzureUtils.General.GenericGrainsInAzureTableStorageTests.Generic_OnAzureTableStorage_ShortNamedGrain_EchoValue [FAIL]</Text>
      </RunInfo>
      <RunInfo computerName="cloudtest-win10" outcome="Warning" timestamp="2023-01-23T00:08:26.9881704+00:00">
        <Text>Data collector 'Blame' message: All tests finished running, Sequence file will not be generated.</Text>
      </RunInfo>
    </RunInfos>
  </ResultSummary>
</TestRun>