<?xml version="1.0" encoding="utf-8"?>
<TestRun id="54cbcf6a-adc0-4b49-9413-376f2d29fa72" name="anna@cloudtest-win10 2023-01-23 00:08:38" runUser="cloudtest-win10\anna" xmlns="http://microsoft.com/schemas/VisualStudio/TeamTest/2010">
  <Times creation="2023-01-23T00:08:38.7469661+00:00" queuing="2023-01-23T00:08:38.7469666+00:00" start="2023-01-23T00:08:29.1824125+00:00" finish="2023-01-23T00:08:52.7985714+00:00" />
  <TestSettings name="default" id="3f6280fd-095c-4f61-9ed7-4d7fa998f83f">
    <Deployment runDeploymentRoot="anna_cloudtest-win10_2023-01-23_00_08_38" />
  </TestSettings>
  <Results>
    <UnitTestResult executionId="a5c8a53a-87a6-4c55-aaf9-e4718b2cf183" testId="7dd27e1b-f2b4-321d-eace-467fa6404dcf" testName="Tester.AzureUtils.General.GenericGrainsInAzureTableStorageTests.Generic_OnAzureTableStorage_ShortNamedGrain_EchoValue" computerName="cloudtest-win10" duration="00:00:01.2705740" startTime="2023-01-23T00:08:38.4540820+00:00" endTime="2023-01-23T00:08:38.4541354+00:00" testType="13cdc9d9-ddb5-4fa4-a97d-d965ccfc6d4b" outcome="Failed" testListId="8c84fa94-04c1-424b-9868-57a2d4851a1d" relativeResultsDirectory="a5c8a53a-87a6-4c55-aaf9-e4718b2cf183">
      <Output>
        <ErrorInfo>
          <Message>Orleans.Storage.TableStorageUpdateConditionNotSatisfiedException : Table storage condition not Satisfied.  GrainType: state, GrainId: tinyname`1[[int]]/45e44ff1947941a6adc2f8cb0512d37e, TableName: OrleansGrainState, StoredETag: Unknown, CurrentETag: W/"datetime'2023-01-23T00%3A08%3A37.4827727Z'"&#xD;
---- Azure.RequestFailedException : The update condition specified in the request was not satisfied.
RequestId:131f3a33-3002-0097-10be-2e1d0a000000
Time:2023-01-23T00:08:38.4086667Z&#xD;
Status: 412 (Precondition Failed)&#xD;
ErrorCode: UpdateConditionNotSatisfied&#xD;
&#xD;
Content:&#xD;
{"odata.error":{"code":"UpdateConditionNotSatisfied","message":{"lang":"en-US","value":"The update condition specified in the request was not satisfied.\nRequestId:131f3a33-3002-0097-10be-2e1d0a000000\nTime:2023-01-23T00:08:38.4086667Z"}}}&#xD;
&#xD;
Headers:&#xD;
Cache-Control: no-cache&#xD;
Server: Windows-Azure-Table/1.0,Microsoft-HTTPAPI/2.0&#xD;
x-ms-request-id: 131f3a33-3002-0097-10be-2e1d0a000000&#xD;
x-ms-client-request-id: 071544f5-575a-4617-9cb5-f8461dd261ad&#xD;
x-ms-version: REDACTED&#xD;
X-Content-Type-Options: REDACTED&#xD;
Date: Mon, 23 Jan 2023 00:08:37 GMT&#xD;
Connection: keep-alive&#xD;
Content-Type: application/json; odata=minimalmetadata; streaming=true; charset=utf-8&#xD;
Content-Length: 239&#xD;
</Message>
          <StackTrace>   at Orleans.Storage.AzureTableGrainStorage.DoOptimisticUpdate(Func`1 updateOperation, String grainType, GrainId grainId, String tableName, String currentETag) in C:\Users\anna\orleans\src\Azure\Orleans.Persistence.AzureStorage\Providers\Storage\AzureTableStorage.cs:line 192&#xD;
   at Orleans.Storage.AzureTableGrainStorage.ClearStateAsync[T](String grainType, GrainId grainId, IGrainState`1 grainState) in C:\Users\anna\orleans\src\Azure\Orleans.Persistence.AzureStorage\Providers\Storage\AzureTableStorage.cs:line 164&#xD;
   at Orleans.Core.StateStorageBridge`1.ClearStateAsync() in C:\Users\anna\orleans\src\Orleans.Runtime\Storage\StateStorageBridge.cs:line 119&#xD;
   at UnitTests.Grains.TinyNameGrain`1.ClearState() in C:\Users\anna\orleans\test\Grains\TestGrains\GenericGrains.cs:line 88&#xD;
   at Orleans.Runtime.TaskRequest.Invoke() in C:\Users\anna\orleans\src\Orleans.Core.Abstractions\Runtime\GrainReference.cs:line 690&#xD;
--- End of stack trace from previous location ---&#xD;
   at Orleans.Serialization.Invocation.ResponseCompletionSource.System.Threading.Tasks.Sources.IValueTaskSource.GetResult(Int16 token) in C:\Users\anna\orleans\src\Orleans.Serialization\Invocation\ResponseCompletionSource.cs:line 98&#xD;
   at System.Threading.Tasks.ValueTask.ValueTaskSourceAsTask.&lt;&gt;c.&lt;.cctor&gt;b__4_0(Object state)&#xD;
--- End of stack trace from previous location ---&#xD;
   at Tester.AzureUtils.General.GenericGrainsInAzureTableStorageTests.Generic_OnAzureTableStorage_ShortNamedGrain_EchoValue() in C:\Users\anna\orleans\test\Extensions\TesterAzureUtils\GenericGrainsInAzureStorageTests.cs:line 65&#xD;
--- End of stack trace from previous location ---&#xD;
----- Inner Stack Trace -----&#xD;
   at Azure.Data.Tables.TableRestClient.UpdateEntityAsync(String table, String partitionKey, String rowKey, Nullable`1 timeout, String ifMatch, IDictionary`2 tableEntityProperties, QueryOptions queryOptions, CancellationToken cancellationToken)&#xD;
   at Azure.Data.Tables.TableClient.UpdateEntityAsync[T](T entity, ETag ifMatch, TableUpdateMode mode, CancellationToken cancellationToken)&#xD;
   at Orleans.Persistence.AzureStorage.AzureTableDataManager`1.UpdateTableEntryAsync(T data, ETag dataEtag) in C:\Users\anna\orleans\src\Azure\Shared\Storage\AzureTableDataManager.cs:line 322&#xD;
   at Orleans.Storage.AzureTableGrainStorage.GrainStateTableDataManager.Write(TableEntity entity) in C:\Users\anna\orleans\src\Azure\Orleans.Persistence.AzureStorage\Providers\Storage\AzureTableStorage.cs:line 457&#xD;
   at Orleans.Storage.AzureTableGrainStorage.DoOptimisticUpdate(Func`1 updateOperation, String grainType, GrainId grainId, String tableName, String currentETag) in C:\Users\anna\orleans\src\Azure\Orleans.Persistence.AzureStorage\Providers\Storage\AzureTableStorage.cs:line 188&#xD;
--- End of stack trace from previous location ---&#xD;
</StackTrace>
        </ErrorInfo>
      </Output>
    </UnitTestResult>
  </Results>
  <TestDefinitions>
    <UnitTest name="Tester.AzureUtils.General.GenericGrainsInAzureTableStorageTests.Generic_OnAzureTableStorage_ShortNamedGrain_EchoValue" storage="c:\users\anna\orleans\test\extensions\testerazureutils\bin\debug\net7.0\tester.azureutils.dll" id="7dd27e1b-f2b4-321d-eace-467fa6404dcf">
      <Execution id="a5c8a53a-87a6-4c55-aaf9-e4718b2cf183" />
      <TestMethod codeBase="C:\Users\anna\orleans\test\Extensions\TesterAzureUtils\bin\Debug\net7.0\Tester.AzureUtils.dll" adapterTypeName="executor://xunit/VsTestRunner2/netcoreapp" className="Tester.AzureUtils.General.GenericGrainsInAzureTableStorageTests" name="Generic_OnAzureTableStorage_ShortNamedGrain_EchoValue" />
    </UnitTest>
  </TestDefinitions>
  <TestEntries>
    <TestEntry testId="7dd27e1b-f2b4-321d-eace-467fa6404dcf" executionId="a5c8a53a-87a6-4c55-aaf9-e4718b2cf183" testListId="8c84fa94-04c1-424b-9868-57a2d4851a1d" />
  </TestEntries>
  <TestLists>
    <TestList name="Results Not in a List" id="8c84fa94-04c1-424b-9868-57a2d4851a1d" />
    <TestList name="All Loaded Results" id="19431567-8539-422a-85d7-44ee4e166bda" />
  </TestLists>
  <ResultSummary outcome="Failed">
    <Counters total="1" executed="1" passed="0" failed="1" error="0" timeout="0" aborted="0" inconclusive="0" passedButRunAborted="0" notRunnable="0" notExecuted="0" disconnected="0" warning="0" completed="0" inProgress="0" pending="0" />
    <Output>
      <StdOut>[xUnit.net 00:00:00.00] xUnit.net VSTest Adapter v2.4.5+1caef2f33e (64-bit .NET 7.0.2)&#xD;
[xUnit.net 00:00:01.27]   Discovering: Tester.AzureUtils (method display = ClassAndMethod, method display options = None)&#xD;
[xUnit.net 00:00:01.49]   Discovered:  Tester.AzureUtils (found 246 test cases)&#xD;
[xUnit.net 00:00:01.51]   Starting:    Tester.AzureUtils (parallel test collections = off, max threads = 4)&#xD;
[xUnit.net 00:00:06.29]       Orleans.Storage.TableStorageUpdateConditionNotSatisfiedException : Table storage condition not Satisfied.  GrainType: state, GrainId: tinyname`1[[int]]/45e44ff1947941a6adc2f8cb0512d37e, TableName: OrleansGrainState, StoredETag: Unknown, CurrentETag: W/"datetime'2023-01-23T00%3A08%3A37.4827727Z'"&#xD;
[xUnit.net 00:00:06.29]       ---- Azure.RequestFailedException : The update condition specified in the request was not satisfied.
RequestId:131f3a33-3002-0097-10be-2e1d0a000000
Time:2023-01-23T00:08:38.4086667Z&#xD;
[xUnit.net 00:00:06.29]       Status: 412 (Precondition Failed)&#xD;
[xUnit.net 00:00:06.29]       ErrorCode: UpdateConditionNotSatisfied&#xD;
[xUnit.net 00:00:06.29]       &#xD;
[xUnit.net 00:00:06.29]       Content:&#xD;
[xUnit.net 00:00:06.29]       {"odata.error":{"code":"UpdateConditionNotSatisfied","message":{"lang":"en-US","value":"The update condition specified in the request was not satisfied.\nRequestId:131f3a33-3002-0097-10be-2e1d0a000000\nTime:2023-01-23T00:08:38.4086667Z"}}}&#xD;
[xUnit.net 00:00:06.29]       &#xD;
[xUnit.net 00:00:06.29]       Headers:&#xD;
[xUnit.net 00:00:06.29]       Cache-Control: no-cache&#xD;
[xUnit.net 00:00:06.29]       Server: Windows-Azure-Table/1.0,Microsoft-HTTPAPI/2.0&#xD;
[xUnit.net 00:00:06.29]       x-ms-request-id: 131f3a33-3002-0097-10be-2e1d0a000000&#xD;
[xUnit.net 00:00:06.29]       x-ms-client-request-id: 071544f5-575a-4617-9cb5-f8461dd261ad&#xD;
[xUnit.net 00:00:06.29]       x-ms-version: REDACTED&#xD;
[xUnit.net 00:00:06.29]       X-Content-Type-Options: REDACTED&#xD;
[xUnit.net 00:00:06.29]       Date: Mon, 23 Jan 2023 00:08:37 GMT&#xD;
[xUnit.net 00:00:06.29]       Connection: keep-alive&#xD;
[xUnit.net 00:00:06.29]       Content-Type: application/json; odata=minimalmetadata; streaming=true; charset=utf-8&#xD;
[xUnit.net 00:00:06.29]       Content-Length: 239&#xD;
[xUnit.net 00:00:06.29]       &#xD;
[xUnit.net 00:00:06.30]       Stack Trace:&#xD;
[xUnit.net 00:00:06.30]         C:\Users\anna\orleans\src\Azure\Orleans.Persistence.AzureStorage\Providers\Storage\AzureTableStorage.cs(192,0): at Orleans.Storage.AzureTableGrainStorage.DoOptimisticUpdate(Func`1 updateOperation, String grainType, GrainId grainId, String tableName, String currentETag)&#xD;
[xUnit.net 00:00:06.30]         C:\Users\anna\orleans\src\Azure\Orleans.Persistence.AzureStorage\Providers\Storage\AzureTableStorage.cs(164,0): at Orleans.Storage.AzureTableGrainStorage.ClearStateAsync[T](String grainType, GrainId grainId, IGrainState`1 grainState)&#xD;
[xUnit.net 00:00:06.30]         C:\Users\anna\orleans\src\Orleans.Runtime\Storage\StateStorageBridge.cs(119,0): at Orleans.Core.StateStorageBridge`1.ClearStateAsync()&#xD;
[xUnit.net 00:00:06.30]         C:\Users\anna\orleans\test\Grains\TestGrains\GenericGrains.cs(88,0): at UnitTests.Grains.TinyNameGrain`1.ClearState()&#xD;
[xUnit.net 00:00:06.30]         C:\Users\anna\orleans\src\Orleans.Core.Abstractions\Runtime\GrainReference.cs(690,0): at Orleans.Runtime.TaskRequest.Invoke()&#xD;
[xUnit.net 00:00:06.30]         --- End of stack trace from previous location ---&#xD;
[xUnit.net 00:00:06.30]         C:\Users\anna\orleans\src\Orleans.Serialization\Invocation\ResponseCompletionSource.cs(98,0): at Orleans.Serialization.Invocation.ResponseCompletionSource.System.Threading.Tasks.Sources.IValueTaskSource.GetResult(Int16 token)&#xD;
[xUnit.net 00:00:06.30]            at System.Threading.Tasks.ValueTask.ValueTaskSourceAsTask.&lt;&gt;c.&lt;.cctor&gt;b__4_0(Object state)&#xD;
[xUnit.net 00:00:06.30]         --- End of stack trace from previous location ---&#xD;
[xUnit.net 00:00:06.30]         C:\Users\anna\orleans\test\Extensions\TesterAzureUtils\GenericGrainsInAzureStorageTests.cs(65,0): at Tester.AzureUtils.General.GenericGrainsInAzureTableStorageTests.Generic_OnAzureTableStorage_ShortNamedGrain_EchoValue()&#xD;
[xUnit.net 00:00:06.30]         --- End of stack trace from previous location ---&#xD;
[xUnit.net 00:00:06.30]         ----- Inner Stack Trace -----&#xD;
[xUnit.net 00:00:06.30]            at Azure.Data.Tables.TableRestClient.UpdateEntityAsync(String table, String partitionKey, String rowKey, Nullable`1 timeout, String ifMatch, IDictionary`2 tableEntityProperties, QueryOptions queryOptions, CancellationToken cancellationToken)&#xD;
[xUnit.net 00:00:06.30]            at Azure.Data.Tables.TableClient.UpdateEntityAsync[T](T entity, ETag ifMatch, TableUpdateMode mode, CancellationToken cancellationToken)&#xD;
[xUnit.net 00:00:06.30]         C:\Users\anna\orleans\src\Azure\Shared\Storage\AzureTableDataManager.cs(322,0): at Orleans.Persistence.AzureStorage.AzureTableDataManager`1.UpdateTableEntryAsync(T data, ETag dataEtag)&#xD;
[xUnit.net 00:00:06.30]         C:\Users\anna\orleans\src\Azure\Orleans.Persistence.AzureStorage\Providers\Storage\AzureTableStorage.cs(457,0): at Orleans.Storage.AzureTableGrainStorage.GrainStateTableDataManager.Write(TableEntity entity)&#xD;
[xUnit.net 00:00:06.30]         C:\Users\anna\orleans\src\Azure\Orleans.Persistence.AzureStorage\Providers\Storage\AzureTableStorage.cs(188,0): at Orleans.Storage.AzureTableGrainStorage.DoOptimisticUpdate(Func`1 updateOperation, String grainType, GrainId grainId, String tableName, String currentETag)&#xD;
[xUnit.net 00:00:06.30]         --- End of stack trace from previous location ---&#xD;
[xUnit.net 00:00:06.30]         &#xD;
[xUnit.net 00:00:20.43]   Finished:    Tester.AzureUtils&#xD;
</StdOut>
    </Output>
    <RunInfos>
      <RunInfo computerName="cloudtest-win10" outcome="Min" timestamp="2023-01-23T00:08:38.4461868+00:00">
        <Text>[xUnit.net 00:00:06.29]     Tester.AzureUtils.General.GenericGrainsInAzureTableStorageTests.Generic_OnAzureTableStorage_ShortNamedGrain_EchoValue [FAIL]</Text>
      </RunInfo>
      <RunInfo computerName="cloudtest-win10" outcome="Warning" timestamp="2023-01-23T00:08:52.7079710+00:00">
        <Text>Data collector 'Blame' message: All tests finished running, Sequence file will not be generated.</Text>
      </RunInfo>
    </RunInfos>
  </ResultSummary>
</TestRun>