<?xml version="1.0" encoding="utf-8"?>
<TestRun id="38f019aa-61a8-4990-a165-dea581f1fadd" name="anna@cloudtest-win10 2023-01-23 00:07:47" runUser="cloudtest-win10\anna" xmlns="http://microsoft.com/schemas/VisualStudio/TeamTest/2010">
  <Times creation="2023-01-23T00:07:47.3544990+00:00" queuing="2023-01-23T00:07:47.3544997+00:00" start="2023-01-23T00:07:37.8013256+00:00" finish="2023-01-23T00:08:01.4320810+00:00" />
  <TestSettings name="default" id="07c1e9b8-868a-401c-8675-3b00c3b6d17b">
    <Deployment runDeploymentRoot="anna_cloudtest-win10_2023-01-23_00_07_47" />
  </TestSettings>
  <Results>
    <UnitTestResult executionId="33e78089-1aa9-4503-82db-a827c877fbcf" testId="7dd27e1b-f2b4-321d-eace-467fa6404dcf" testName="Tester.AzureUtils.General.GenericGrainsInAzureTableStorageTests.Generic_OnAzureTableStorage_ShortNamedGrain_EchoValue" computerName="cloudtest-win10" duration="00:00:01.3318435" startTime="2023-01-23T00:07:47.0908760+00:00" endTime="2023-01-23T00:07:47.0909299+00:00" testType="13cdc9d9-ddb5-4fa4-a97d-d965ccfc6d4b" outcome="Passed" testListId="8c84fa94-04c1-424b-9868-57a2d4851a1d" relativeResultsDirectory="33e78089-1aa9-4503-82db-a827c877fbcf" />
  </Results>
  <TestDefinitions>
    <UnitTest name="Tester.AzureUtils.General.GenericGrainsInAzureTableStorageTests.Generic_OnAzureTableStorage_ShortNamedGrain_EchoValue" storage="c:\users\anna\orleans\test\extensions\testerazureutils\bin\debug\net7.0\tester.azureutils.dll" id="7dd27e1b-f2b4-321d-eace-467fa6404dcf">
      <Execution id="33e78089-1aa9-4503-82db-a827c877fbcf" />
      <TestMethod codeBase="C:\Users\anna\orleans\test\Extensions\TesterAzureUtils\bin\Debug\net7.0\Tester.AzureUtils.dll" adapterTypeName="executor://xunit/VsTestRunner2/netcoreapp" className="Tester.AzureUtils.General.GenericGrainsInAzureTableStorageTests" name="Generic_OnAzureTableStorage_ShortNamedGrain_EchoValue" />
    </UnitTest>
  </TestDefinitions>
  <TestEntries>
    <TestEntry testId="7dd27e1b-f2b4-321d-eace-467fa6404dcf" executionId="33e78089-1aa9-4503-82db-a827c877fbcf" testListId="8c84fa94-04c1-424b-9868-57a2d4851a1d" />
  </TestEntries>
  <TestLists>
    <TestList name="Results Not in a List" id="8c84fa94-04c1-424b-9868-57a2d4851a1d" />
    <TestList name="All Loaded Results" id="19431567-8539-422a-85d7-44ee4e166bda" />
  </TestLists>
  <ResultSummary outcome="Completed">
    <Counters total="1" executed="1" passed="1" failed="0" error="0" timeout="0" aborted="0" inconclusive="0" passedButRunAborted="0" notRunnable="0" notExecuted="0" disconnected="0" warning="0" completed="0" inProgress="0" pending="0" />
    <Output>
      <StdOut>[xUnit.net 00:00:00.00] xUnit.net VSTest Adapter v2.4.5+1caef2f33e (64-bit .NET 7.0.2)&#xD;
[xUnit.net 00:00:01.28]   Discovering: Tester.AzureUtils (method display = ClassAndMethod, method display options = None)&#xD;
[xUnit.net 00:00:01.50]   Discovered:  Tester.AzureUtils (found 246 test cases)&#xD;
[xUnit.net 00:00:01.51]   Starting:    Tester.AzureUtils (parallel test collections = off, max threads = 4)&#xD;
[xUnit.net 00:00:20.43]   Finished:    Tester.AzureUtils&#xD;
</StdOut>
    </Output>
    <RunInfos>
      <RunInfo computerName="cloudtest-win10" outcome="Warning" timestamp="2023-01-23T00:08:01.3403360+00:00">
        <Text>Data collector 'Blame' message: All tests finished running, Sequence file will not be generated.</Text>
      </RunInfo>
    </RunInfos>
  </ResultSummary>
</TestRun>