<?xml version="1.0" encoding="utf-8"?>
<TestRun id="9209f692-ed1d-4a29-94c1-6cd1439088bd" name="anna@cloudtest-win10 2023-01-24 21:46:09" runUser="cloudtest-win10\anna" xmlns="http://microsoft.com/schemas/VisualStudio/TeamTest/2010">
  <Times creation="2023-01-24T21:46:09.1494571+00:00" queuing="2023-01-24T21:46:09.1494576+00:00" start="2023-01-24T21:45:14.9573833+00:00" finish="2023-01-24T21:46:09.1882564+00:00" />
  <TestSettings name="default" id="70f36c7b-e7a4-4ab3-8b7e-5aca8295e8e5">
    <Deployment runDeploymentRoot="anna_cloudtest-win10_2023-01-24_21_46_09" />
  </TestSettings>
  <Results>
    <UnitTestResult executionId="b2a8fdf0-ecd2-4e3d-92a9-f53db665e2bb" testId="7b15b4ad-4b0c-848d-0b42-042a369a2b9c" testName="Tester.AzureUtils.Streaming.AQStreamingTests.AQ_10_ManySame_ManyConsumerGrainsManyProducerGrains" computerName="cloudtest-win10" duration="00:00:31.4134758" startTime="2023-01-24T21:46:08.8355358+00:00" endTime="2023-01-24T21:46:08.8355807+00:00" testType="13cdc9d9-ddb5-4fa4-a97d-d965ccfc6d4b" outcome="Failed" testListId="8c84fa94-04c1-424b-9868-57a2d4851a1d" relativeResultsDirectory="b2a8fdf0-ecd2-4e3d-92a9-f53db665e2bb">
      <Output>
        <ErrorInfo>
          <Message>Assert.Equal() Failure&#xD;
Expected: 90&#xD;
Actual:   93</Message>
          <StackTrace>   at UnitTests.StreamingTests.SingleStreamTestRunner.CheckCounters(ProducerProxy producer, ConsumerProxy consumer, Boolean assertAreEqual) in C:\Users\anna\orleans\test\TesterInternal\StreamingTests\SingleStreamTestRunner.cs:line 479&#xD;
   at UnitTests.StreamingTests.SingleStreamTestRunner.BasicTestAsync(Boolean fullTest) in C:\Users\anna\orleans\test\TesterInternal\StreamingTests\SingleStreamTestRunner.cs:line 442&#xD;
   at UnitTests.StreamingTests.SingleStreamTestRunner.StreamTest_10_ManySame_ManyConsumerGrainsManyProducerGrains() in C:\Users\anna\orleans\test\TesterInternal\StreamingTests\SingleStreamTestRunner.cs:line 184&#xD;
   at Tester.AzureUtils.Streaming.AQStreamingTests.AQ_10_ManySame_ManyConsumerGrainsManyProducerGrains() in C:\Users\anna\orleans\test\Extensions\TesterAzureUtils\Streaming\AQStreamingTests.cs:line 152&#xD;
--- End of stack trace from previous location ---</StackTrace>
        </ErrorInfo>
      </Output>
    </UnitTestResult>
  </Results>
  <TestDefinitions>
    <UnitTest name="Tester.AzureUtils.Streaming.AQStreamingTests.AQ_10_ManySame_ManyConsumerGrainsManyProducerGrains" storage="c:\users\anna\orleans\test\extensions\testerazureutils\bin\debug\net7.0\tester.azureutils.dll" id="7b15b4ad-4b0c-848d-0b42-042a369a2b9c">
      <Execution id="b2a8fdf0-ecd2-4e3d-92a9-f53db665e2bb" />
      <TestMethod codeBase="C:\Users\anna\orleans\test\Extensions\TesterAzureUtils\bin\Debug\net7.0\Tester.AzureUtils.dll" adapterTypeName="executor://xunit/VsTestRunner2/netcoreapp" className="Tester.AzureUtils.Streaming.AQStreamingTests" name="AQ_10_ManySame_ManyConsumerGrainsManyProducerGrains" />
    </UnitTest>
  </TestDefinitions>
  <TestEntries>
    <TestEntry testId="7b15b4ad-4b0c-848d-0b42-042a369a2b9c" executionId="b2a8fdf0-ecd2-4e3d-92a9-f53db665e2bb" testListId="8c84fa94-04c1-424b-9868-57a2d4851a1d" />
  </TestEntries>
  <TestLists>
    <TestList name="Results Not in a List" id="8c84fa94-04c1-424b-9868-57a2d4851a1d" />
    <TestList name="All Loaded Results" id="19431567-8539-422a-85d7-44ee4e166bda" />
  </TestLists>
  <ResultSummary outcome="Failed">
    <Counters total="1" executed="1" passed="0" failed="1" error="0" timeout="0" aborted="0" inconclusive="0" passedButRunAborted="0" notRunnable="0" notExecuted="0" disconnected="0" warning="0" completed="0" inProgress="0" pending="0" />
    <Output>
      <StdOut>[xUnit.net 00:00:00.00] xUnit.net VSTest Adapter v2.4.5+1caef2f33e (64-bit .NET 7.0.2)&#xD;
[xUnit.net 00:00:01.25]   Discovering: Tester.AzureUtils (method display = ClassAndMethod, method display options = None)&#xD;
[xUnit.net 00:00:01.46]   Discovered:  Tester.AzureUtils (found 246 test cases)&#xD;
[xUnit.net 00:00:01.48]   Starting:    Tester.AzureUtils (parallel test collections = off, max threads = 4)&#xD;
[xUnit.net 00:00:50.93]       Assert.Equal() Failure&#xD;
[xUnit.net 00:00:50.93]       Expected: 90&#xD;
[xUnit.net 00:00:50.93]       Actual:   93&#xD;
[xUnit.net 00:00:50.94]       Stack Trace:&#xD;
[xUnit.net 00:00:50.94]         C:\Users\anna\orleans\test\TesterInternal\StreamingTests\SingleStreamTestRunner.cs(479,0): at UnitTests.StreamingTests.SingleStreamTestRunner.CheckCounters(ProducerProxy producer, ConsumerProxy consumer, Boolean assertAreEqual)&#xD;
[xUnit.net 00:00:50.94]         C:\Users\anna\orleans\test\TesterInternal\StreamingTests\SingleStreamTestRunner.cs(442,0): at UnitTests.StreamingTests.SingleStreamTestRunner.BasicTestAsync(Boolean fullTest)&#xD;
[xUnit.net 00:00:50.94]         C:\Users\anna\orleans\test\TesterInternal\StreamingTests\SingleStreamTestRunner.cs(184,0): at UnitTests.StreamingTests.SingleStreamTestRunner.StreamTest_10_ManySame_ManyConsumerGrainsManyProducerGrains()&#xD;
[xUnit.net 00:00:50.94]         C:\Users\anna\orleans\test\Extensions\TesterAzureUtils\Streaming\AQStreamingTests.cs(152,0): at Tester.AzureUtils.Streaming.AQStreamingTests.AQ_10_ManySame_ManyConsumerGrainsManyProducerGrains()&#xD;
[xUnit.net 00:00:50.94]         --- End of stack trace from previous location ---&#xD;
[xUnit.net 00:00:50.97]   Finished:    Tester.AzureUtils&#xD;
</StdOut>
    </Output>
    <RunInfos>
      <RunInfo computerName="cloudtest-win10" outcome="Min" timestamp="2023-01-24T21:46:08.8280127+00:00">
        <Text>[xUnit.net 00:00:50.93]     Tester.AzureUtils.Streaming.AQStreamingTests.AQ_10_ManySame_ManyConsumerGrainsManyProducerGrains [FAIL]</Text>
      </RunInfo>
      <RunInfo computerName="cloudtest-win10" outcome="Warning" timestamp="2023-01-24T21:46:08.9967705+00:00">
        <Text>Data collector 'Blame' message: All tests finished running, Sequence file will not be generated.</Text>
      </RunInfo>
    </RunInfos>
  </ResultSummary>
</TestRun>