<?xml version="1.0" encoding="utf-8"?>
<TestRun id="96ca8f96-0e15-40d5-b10b-7f2c0970ce35" name="anna@cloudtest-win10 2023-01-24 21:46:39" runUser="cloudtest-win10\anna" xmlns="http://microsoft.com/schemas/VisualStudio/TeamTest/2010">
  <Times creation="2023-01-24T21:46:39.6829979+00:00" queuing="2023-01-24T21:46:39.6829988+00:00" start="2023-01-24T21:46:11.8672338+00:00" finish="2023-01-24T21:46:39.7211455+00:00" />
  <TestSettings name="default" id="67036f56-e2d6-4a20-9af4-5d8944e77256">
    <Deployment runDeploymentRoot="anna_cloudtest-win10_2023-01-24_21_46_39" />
  </TestSettings>
  <Results>
    <UnitTestResult executionId="9e6f5f1c-feb9-4308-960e-f9909cce1fc6" testId="7b15b4ad-4b0c-848d-0b42-042a369a2b9c" testName="Tester.AzureUtils.Streaming.AQStreamingTests.AQ_10_ManySame_ManyConsumerGrainsManyProducerGrains" computerName="cloudtest-win10" duration="00:00:05.0681546" startTime="2023-01-24T21:46:39.3699805+00:00" endTime="2023-01-24T21:46:39.3700284+00:00" testType="13cdc9d9-ddb5-4fa4-a97d-d965ccfc6d4b" outcome="Passed" testListId="8c84fa94-04c1-424b-9868-57a2d4851a1d" relativeResultsDirectory="9e6f5f1c-feb9-4308-960e-f9909cce1fc6" />
  </Results>
  <TestDefinitions>
    <UnitTest name="Tester.AzureUtils.Streaming.AQStreamingTests.AQ_10_ManySame_ManyConsumerGrainsManyProducerGrains" storage="c:\users\anna\orleans\test\extensions\testerazureutils\bin\debug\net7.0\tester.azureutils.dll" id="7b15b4ad-4b0c-848d-0b42-042a369a2b9c">
      <Execution id="9e6f5f1c-feb9-4308-960e-f9909cce1fc6" />
      <TestMethod codeBase="C:\Users\anna\orleans\test\Extensions\TesterAzureUtils\bin\Debug\net7.0\Tester.AzureUtils.dll" adapterTypeName="executor://xunit/VsTestRunner2/netcoreapp" className="Tester.AzureUtils.Streaming.AQStreamingTests" name="AQ_10_ManySame_ManyConsumerGrainsManyProducerGrains" />
    </UnitTest>
  </TestDefinitions>
  <TestEntries>
    <TestEntry testId="7b15b4ad-4b0c-848d-0b42-042a369a2b9c" executionId="9e6f5f1c-feb9-4308-960e-f9909cce1fc6" testListId="8c84fa94-04c1-424b-9868-57a2d4851a1d" />
  </TestEntries>
  <TestLists>
    <TestList name="Results Not in a List" id="8c84fa94-04c1-424b-9868-57a2d4851a1d" />
    <TestList name="All Loaded Results" id="19431567-8539-422a-85d7-44ee4e166bda" />
  </TestLists>
  <ResultSummary outcome="Completed">
    <Counters total="1" executed="1" passed="1" failed="0" error="0" timeout="0" aborted="0" inconclusive="0" passedButRunAborted="0" notRunnable="0" notExecuted="0" disconnected="0" warning="0" completed="0" inProgress="0" pending="0" />
    <Output>
      <StdOut>[xUnit.net 00:00:00.00] xUnit.net VSTest Adapter v2.4.5+1caef2f33e (64-bit .NET 7.0.2)&#xD;
[xUnit.net 00:00:01.26]   Discovering: Tester.AzureUtils (method display = ClassAndMethod, method display options = None)&#xD;
[xUnit.net 00:00:01.49]   Discovered:  Tester.AzureUtils (found 246 test cases)&#xD;
[xUnit.net 00:00:01.51]   Starting:    Tester.AzureUtils (parallel test collections = off, max threads = 4)&#xD;
[xUnit.net 00:00:24.61]   Finished:    Tester.AzureUtils&#xD;
</StdOut>
    </Output>
    <RunInfos>
      <RunInfo computerName="cloudtest-win10" outcome="Warning" timestamp="2023-01-24T21:46:39.5719418+00:00">
        <Text>Data collector 'Blame' message: All tests finished running, Sequence file will not be generated.</Text>
      </RunInfo>
    </RunInfos>
  </ResultSummary>
</TestRun>