<?xml version="1.0" encoding="utf-8"?>
<TestRun id="f8949069-0648-4c31-b7b7-3d8dbc132127" name="anna@cloudtest-win10 2023-01-24 01:33:40" runUser="cloudtest-win10\anna" xmlns="http://microsoft.com/schemas/VisualStudio/TeamTest/2010">
  <Times creation="2023-01-24T01:33:40.6243869+00:00" queuing="2023-01-24T01:33:40.6243873+00:00" start="2023-01-24T01:33:34.1667925+00:00" finish="2023-01-24T01:33:40.6651530+00:00" />
  <TestSettings name="default" id="49ddba01-6af7-4648-8627-62de18aa41cc">
    <Deployment runDeploymentRoot="anna_cloudtest-win10_2023-01-24_01_33_40" />
  </TestSettings>
  <Results>
    <UnitTestResult executionId="20ad8719-ddeb-417d-9024-d535d6ac29e2" testId="6368dda7-e78d-74ce-fb1e-4626f663705f" testName="Tester.AzureUtils.SiloInstanceTableManagerTests.SiloInstanceTable_Op_ActivateSiloInstance" computerName="cloudtest-win10" duration="00:00:01.6761518" startTime="2023-01-24T01:33:40.3226526+00:00" endTime="2023-01-24T01:33:40.3226968+00:00" testType="13cdc9d9-ddb5-4fa4-a97d-d965ccfc6d4b" outcome="Failed" testListId="8c84fa94-04c1-424b-9868-57a2d4851a1d" relativeResultsDirectory="20ad8719-ddeb-417d-9024-d535d6ac29e2">
      <Output>
        <StdOut>ClusterId=test-d7b5da99-9c29-4bc6-8ce4-95801ed0a96f Generation=33528818&#xD;
Initializing SiloInstanceManager&#xD;
MyEntry=OrleansSilo [ Deployment=test-d7b5da99-9c29-4bc6-8ce4-95801ed0a96f LocalEndpoint=127.0.0.1 LocalPort=0 Generation=33528818 Host=127.0.0.1 Status= ProxyPort=30000 RoleName=MyRole SiloName=MyInstance UpgradeZone=0 FaultZone=0 StartTime=2023-01-24 01:33:39.154 GMT IAmAliveTime=]&#xD;
TestCleanup Timeout=00:01:00</StdOut>
        <ErrorInfo>
          <Message>System.AggregateException : One or more errors occurred. (0:The specified resource does not exist.
RequestId:7d5b0717-01ca-4f2c-985d-5a064ae1e413
Time:2023-01-24T01:33:40.257Z
 The index of the entity that caused the error can be found in FailedTransactionActionIndex.&#xD;
Status: 404 (Not Found)&#xD;
ErrorCode: ResourceNotFound&#xD;
&#xD;
Additional Information:&#xD;
FailedEntity: 0&#xD;
&#xD;
Content:&#xD;
{"odata.error":{"code":"ResourceNotFound","message":{"lang":"en-US","value":"0:The specified resource does not exist.\nRequestId:7d5b0717-01ca-4f2c-985d-5a064ae1e413\nTime:2023-01-24T01:33:40.257Z"}}}&#xD;
&#xD;
Headers:&#xD;
Content-ID: REDACTED&#xD;
DataServiceVersion: 3.0;&#xD;
Content-Type: application/json;odata=minimalmetadata;charset=utf-8&#xD;
)&#xD;
---- Azure.Data.Tables.TableTransactionFailedException : 0:The specified resource does not exist.
RequestId:7d5b0717-01ca-4f2c-985d-5a064ae1e413
Time:2023-01-24T01:33:40.257Z
 The index of the entity that caused the error can be found in FailedTransactionActionIndex.&#xD;
Status: 404 (Not Found)&#xD;
ErrorCode: ResourceNotFound&#xD;
&#xD;
Additional Information:&#xD;
FailedEntity: 0&#xD;
&#xD;
Content:&#xD;
{"odata.error":{"code":"ResourceNotFound","message":{"lang":"en-US","value":"0:The specified resource does not exist.\nRequestId:7d5b0717-01ca-4f2c-985d-5a064ae1e413\nTime:2023-01-24T01:33:40.257Z"}}}&#xD;
&#xD;
Headers:&#xD;
Content-ID: REDACTED&#xD;
DataServiceVersion: 3.0;&#xD;
Content-Type: application/json;odata=minimalmetadata;charset=utf-8&#xD;
</Message>
          <StackTrace>   at System.Threading.Tasks.Task.ThrowIfExceptional(Boolean includeTaskCanceledExceptions)&#xD;
   at System.Threading.Tasks.Task.Wait(Int32 millisecondsTimeout, CancellationToken cancellationToken)&#xD;
   at System.Threading.Tasks.Task.Wait(TimeSpan timeout, CancellationToken cancellationToken)&#xD;
   at System.Threading.Tasks.Task.Wait(TimeSpan timeout)&#xD;
   at Orleans.Internal.OrleansTaskExtentions.WaitWithThrow(Task task, TimeSpan timeout) in C:\Users\anna\orleans\src\Orleans.Core\Async\TaskExtensions.cs:line 49&#xD;
   at Tester.AzureUtils.SiloInstanceTableManagerTests.Dispose() in C:\Users\anna\orleans\test\Extensions\TesterAzureUtils\SiloInstanceTableManagerTests.cs:line 70&#xD;
   at ReflectionAbstractionExtensions.DisposeTestClass(ITest test, Object testClass, IMessageBus messageBus, ExecutionTimer timer, CancellationTokenSource cancellationTokenSource) in /_/src/xunit.execution/Extensions/ReflectionAbstractionExtensions.cs:line 79&#xD;
----- Inner Stack Trace -----&#xD;
   at Azure.Data.Tables.TableRestClient.SendBatchRequestAsync(HttpMessage message, CancellationToken cancellationToken)&#xD;
   at Azure.Data.Tables.TableClient.SubmitTransactionInternalAsync(IEnumerable`1 transactionalBatch, Guid batchId, Guid changesetId, Boolean async, CancellationToken cancellationToken)&#xD;
   at Azure.Data.Tables.TableClient.SubmitTransactionAsync(IEnumerable`1 transactionActions, CancellationToken cancellationToken)&#xD;
   at Orleans.Clustering.AzureStorage.AzureTableDataManager`1.DeleteTableEntriesAsync(List`1 collection) in C:\Users\anna\orleans\src\Azure\Shared\Storage\AzureTableDataManager.cs:line 483&#xD;
   at Orleans.AzureUtils.OrleansSiloInstanceManager.DeleteEntriesBatch(List`1 entriesList) in C:\Users\anna\orleans\src\Azure\Orleans.Clustering.AzureStorage\OrleansSiloInstanceManager.cs:line 197&#xD;
   at Orleans.AzureUtils.OrleansSiloInstanceManager.DeleteTableEntries(String clusterId) in C:\Users\anna\orleans\src\Azure\Orleans.Clustering.AzureStorage\OrleansSiloInstanceManager.cs:line 177</StackTrace>
        </ErrorInfo>
      </Output>
    </UnitTestResult>
  </Results>
  <TestDefinitions>
    <UnitTest name="Tester.AzureUtils.SiloInstanceTableManagerTests.SiloInstanceTable_Op_ActivateSiloInstance" storage="c:\users\anna\orleans\test\extensions\testerazureutils\bin\debug\net7.0\tester.azureutils.dll" id="6368dda7-e78d-74ce-fb1e-4626f663705f">
      <Execution id="20ad8719-ddeb-417d-9024-d535d6ac29e2" />
      <TestMethod codeBase="C:\Users\anna\orleans\test\Extensions\TesterAzureUtils\bin\Debug\net7.0\Tester.AzureUtils.dll" adapterTypeName="executor://xunit/VsTestRunner2/netcoreapp" className="Tester.AzureUtils.SiloInstanceTableManagerTests" name="SiloInstanceTable_Op_ActivateSiloInstance" />
    </UnitTest>
  </TestDefinitions>
  <TestEntries>
    <TestEntry testId="6368dda7-e78d-74ce-fb1e-4626f663705f" executionId="20ad8719-ddeb-417d-9024-d535d6ac29e2" testListId="8c84fa94-04c1-424b-9868-57a2d4851a1d" />
  </TestEntries>
  <TestLists>
    <TestList name="Results Not in a List" id="8c84fa94-04c1-424b-9868-57a2d4851a1d" />
    <TestList name="All Loaded Results" id="19431567-8539-422a-85d7-44ee4e166bda" />
  </TestLists>
  <ResultSummary outcome="Failed">
    <Counters total="1" executed="1" passed="0" failed="1" error="0" timeout="0" aborted="0" inconclusive="0" passedButRunAborted="0" notRunnable="0" notExecuted="0" disconnected="0" warning="0" completed="0" inProgress="0" pending="0" />
    <Output>
      <StdOut>[xUnit.net 00:00:00.00] xUnit.net VSTest Adapter v2.4.5+1caef2f33e (64-bit .NET 7.0.2)&#xD;
[xUnit.net 00:00:01.25]   Discovering: Tester.AzureUtils (method display = ClassAndMethod, method display options = None)&#xD;
[xUnit.net 00:00:01.45]   Discovered:  Tester.AzureUtils (found 246 test cases)&#xD;
[xUnit.net 00:00:01.47]   Starting:    Tester.AzureUtils (parallel test collections = off, max threads = 4)&#xD;
[xUnit.net 00:00:03.24]       System.AggregateException : One or more errors occurred. (0:The specified resource does not exist.
RequestId:7d5b0717-01ca-4f2c-985d-5a064ae1e413
Time:2023-01-24T01:33:40.257Z
 The index of the entity that caused the error can be found in FailedTransactionActionIndex.&#xD;
[xUnit.net 00:00:03.24]       Status: 404 (Not Found)&#xD;
[xUnit.net 00:00:03.24]       ErrorCode: ResourceNotFound&#xD;
[xUnit.net 00:00:03.24]       &#xD;
[xUnit.net 00:00:03.24]       Additional Information:&#xD;
[xUnit.net 00:00:03.24]       FailedEntity: 0&#xD;
[xUnit.net 00:00:03.24]       &#xD;
[xUnit.net 00:00:03.24]       Content:&#xD;
[xUnit.net 00:00:03.24]       {"odata.error":{"code":"ResourceNotFound","message":{"lang":"en-US","value":"0:The specified resource does not exist.\nRequestId:7d5b0717-01ca-4f2c-985d-5a064ae1e413\nTime:2023-01-24T01:33:40.257Z"}}}&#xD;
[xUnit.net 00:00:03.24]       &#xD;
[xUnit.net 00:00:03.24]       Headers:&#xD;
[xUnit.net 00:00:03.24]       Content-ID: REDACTED&#xD;
[xUnit.net 00:00:03.24]       DataServiceVersion: 3.0;&#xD;
[xUnit.net 00:00:03.24]       Content-Type: application/json;odata=minimalmetadata;charset=utf-8&#xD;
[xUnit.net 00:00:03.24]       )&#xD;
[xUnit.net 00:00:03.24]       ---- Azure.Data.Tables.TableTransactionFailedException : 0:The specified resource does not exist.
RequestId:7d5b0717-01ca-4f2c-985d-5a064ae1e413
Time:2023-01-24T01:33:40.257Z
 The index of the entity that caused the error can be found in FailedTransactionActionIndex.&#xD;
[xUnit.net 00:00:03.24]       Status: 404 (Not Found)&#xD;
[xUnit.net 00:00:03.24]       ErrorCode: ResourceNotFound&#xD;
[xUnit.net 00:00:03.24]       &#xD;
[xUnit.net 00:00:03.24]       Additional Information:&#xD;
[xUnit.net 00:00:03.24]       FailedEntity: 0&#xD;
[xUnit.net 00:00:03.24]       &#xD;
[xUnit.net 00:00:03.24]       Content:&#xD;
[xUnit.net 00:00:03.24]       {"odata.error":{"code":"ResourceNotFound","message":{"lang":"en-US","value":"0:The specified resource does not exist.\nRequestId:7d5b0717-01ca-4f2c-985d-5a064ae1e413\nTime:2023-01-24T01:33:40.257Z"}}}&#xD;
[xUnit.net 00:00:03.24]       &#xD;
[xUnit.net 00:00:03.24]       Headers:&#xD;
[xUnit.net 00:00:03.24]       Content-ID: REDACTED&#xD;
[xUnit.net 00:00:03.24]       DataServiceVersion: 3.0;&#xD;
[xUnit.net 00:00:03.24]       Content-Type: application/json;odata=minimalmetadata;charset=utf-8&#xD;
[xUnit.net 00:00:03.24]       &#xD;
[xUnit.net 00:00:03.24]       Stack Trace:&#xD;
[xUnit.net 00:00:03.24]            at System.Threading.Tasks.Task.ThrowIfExceptional(Boolean includeTaskCanceledExceptions)&#xD;
[xUnit.net 00:00:03.24]            at System.Threading.Tasks.Task.Wait(Int32 millisecondsTimeout, CancellationToken cancellationToken)&#xD;
[xUnit.net 00:00:03.24]            at System.Threading.Tasks.Task.Wait(TimeSpan timeout, CancellationToken cancellationToken)&#xD;
[xUnit.net 00:00:03.24]            at System.Threading.Tasks.Task.Wait(TimeSpan timeout)&#xD;
[xUnit.net 00:00:03.24]         C:\Users\anna\orleans\src\Orleans.Core\Async\TaskExtensions.cs(49,0): at Orleans.Internal.OrleansTaskExtentions.WaitWithThrow(Task task, TimeSpan timeout)&#xD;
[xUnit.net 00:00:03.24]         C:\Users\anna\orleans\test\Extensions\TesterAzureUtils\SiloInstanceTableManagerTests.cs(70,0): at Tester.AzureUtils.SiloInstanceTableManagerTests.Dispose()&#xD;
[xUnit.net 00:00:03.24]         /_/src/xunit.execution/Extensions/ReflectionAbstractionExtensions.cs(79,0): at ReflectionAbstractionExtensions.DisposeTestClass(ITest test, Object testClass, IMessageBus messageBus, ExecutionTimer timer, CancellationTokenSource cancellationTokenSource)&#xD;
[xUnit.net 00:00:03.24]         ----- Inner Stack Trace -----&#xD;
[xUnit.net 00:00:03.24]            at Azure.Data.Tables.TableRestClient.SendBatchRequestAsync(HttpMessage message, CancellationToken cancellationToken)&#xD;
[xUnit.net 00:00:03.24]            at Azure.Data.Tables.TableClient.SubmitTransactionInternalAsync(IEnumerable`1 transactionalBatch, Guid batchId, Guid changesetId, Boolean async, CancellationToken cancellationToken)&#xD;
[xUnit.net 00:00:03.24]            at Azure.Data.Tables.TableClient.SubmitTransactionAsync(IEnumerable`1 transactionActions, CancellationToken cancellationToken)&#xD;
[xUnit.net 00:00:03.24]         C:\Users\anna\orleans\src\Azure\Shared\Storage\AzureTableDataManager.cs(483,0): at Orleans.Clustering.AzureStorage.AzureTableDataManager`1.DeleteTableEntriesAsync(List`1 collection)&#xD;
[xUnit.net 00:00:03.24]         C:\Users\anna\orleans\src\Azure\Orleans.Clustering.AzureStorage\OrleansSiloInstanceManager.cs(197,0): at Orleans.AzureUtils.OrleansSiloInstanceManager.DeleteEntriesBatch(List`1 entriesList)&#xD;
[xUnit.net 00:00:03.24]         C:\Users\anna\orleans\src\Azure\Orleans.Clustering.AzureStorage\OrleansSiloInstanceManager.cs(177,0): at Orleans.AzureUtils.OrleansSiloInstanceManager.DeleteTableEntries(String clusterId)&#xD;
[xUnit.net 00:00:03.25]       Output:&#xD;
[xUnit.net 00:00:03.25]         ClusterId=test-d7b5da99-9c29-4bc6-8ce4-95801ed0a96f Generation=33528818&#xD;
[xUnit.net 00:00:03.25]         Initializing SiloInstanceManager&#xD;
[xUnit.net 00:00:03.25]         MyEntry=OrleansSilo [ Deployment=test-d7b5da99-9c29-4bc6-8ce4-95801ed0a96f LocalEndpoint=127.0.0.1 LocalPort=0 Generation=33528818 Host=127.0.0.1 Status= ProxyPort=30000 RoleName=MyRole SiloName=MyInstance UpgradeZone=0 FaultZone=0 StartTime=2023-01-24 01:33:39.154 GMT IAmAliveTime=]&#xD;
[xUnit.net 00:00:03.25]         TestCleanup Timeout=00:01:00&#xD;
[xUnit.net 00:00:03.28]   Finished:    Tester.AzureUtils&#xD;
</StdOut>
    </Output>
    <RunInfos>
      <RunInfo computerName="cloudtest-win10" outcome="Min" timestamp="2023-01-24T01:33:40.3150982+00:00">
        <Text>[xUnit.net 00:00:03.24]     Tester.AzureUtils.SiloInstanceTableManagerTests.SiloInstanceTable_Op_ActivateSiloInstance [FAIL]</Text>
      </RunInfo>
      <RunInfo computerName="cloudtest-win10" outcome="Warning" timestamp="2023-01-24T01:33:40.4780571+00:00">
        <Text>Data collector 'Blame' message: All tests finished running, Sequence file will not be generated.</Text>
      </RunInfo>
    </RunInfos>
  </ResultSummary>
</TestRun>