<?xml version="1.0" encoding="utf-8"?>
<TestRun id="dc8e1b3d-0f5b-4c2f-bb91-af2e3de45e1a" name="anna@cloudtest-win10 2023-01-24 01:33:31" runUser="cloudtest-win10\anna" xmlns="http://microsoft.com/schemas/VisualStudio/TeamTest/2010">
  <Times creation="2023-01-24T01:33:31.9592571+00:00" queuing="2023-01-24T01:33:31.9592578+00:00" start="2023-01-24T01:33:25.6025226+00:00" finish="2023-01-24T01:33:31.9953591+00:00" />
  <TestSettings name="default" id="d0d2f2df-767e-4f0d-ba62-1ca9306cf022">
    <Deployment runDeploymentRoot="anna_cloudtest-win10_2023-01-24_01_33_31" />
  </TestSettings>
  <Results>
    <UnitTestResult executionId="722b478b-4af3-4e04-ac57-7f0fe5cba8fc" testId="6368dda7-e78d-74ce-fb1e-4626f663705f" testName="Tester.AzureUtils.SiloInstanceTableManagerTests.SiloInstanceTable_Op_ActivateSiloInstance" computerName="cloudtest-win10" duration="00:00:01.5384070" startTime="2023-01-24T01:33:31.6586610+00:00" endTime="2023-01-24T01:33:31.6587078+00:00" testType="13cdc9d9-ddb5-4fa4-a97d-d965ccfc6d4b" outcome="Passed" testListId="8c84fa94-04c1-424b-9868-57a2d4851a1d" relativeResultsDirectory="722b478b-4af3-4e04-ac57-7f0fe5cba8fc">
      <Output>
        <StdOut>ClusterId=test-5a1061fc-7db0-44db-9911-6640b11b1830 Generation=33528810&#xD;
Initializing SiloInstanceManager&#xD;
MyEntry=OrleansSilo [ Deployment=test-5a1061fc-7db0-44db-9911-6640b11b1830 LocalEndpoint=127.0.0.1 LocalPort=0 Generation=33528810 Host=127.0.0.1 Status= ProxyPort=30000 RoleName=MyRole SiloName=MyInstance UpgradeZone=0 FaultZone=0 StartTime=2023-01-24 01:33:30.626 GMT IAmAliveTime=]&#xD;
TestCleanup Timeout=00:01:00&#xD;
TestCleanup -  Finished</StdOut>
      </Output>
    </UnitTestResult>
  </Results>
  <TestDefinitions>
    <UnitTest name="Tester.AzureUtils.SiloInstanceTableManagerTests.SiloInstanceTable_Op_ActivateSiloInstance" storage="c:\users\anna\orleans\test\extensions\testerazureutils\bin\debug\net7.0\tester.azureutils.dll" id="6368dda7-e78d-74ce-fb1e-4626f663705f">
      <Execution id="722b478b-4af3-4e04-ac57-7f0fe5cba8fc" />
      <TestMethod codeBase="C:\Users\anna\orleans\test\Extensions\TesterAzureUtils\bin\Debug\net7.0\Tester.AzureUtils.dll" adapterTypeName="executor://xunit/VsTestRunner2/netcoreapp" className="Tester.AzureUtils.SiloInstanceTableManagerTests" name="SiloInstanceTable_Op_ActivateSiloInstance" />
    </UnitTest>
  </TestDefinitions>
  <TestEntries>
    <TestEntry testId="6368dda7-e78d-74ce-fb1e-4626f663705f" executionId="722b478b-4af3-4e04-ac57-7f0fe5cba8fc" testListId="8c84fa94-04c1-424b-9868-57a2d4851a1d" />
  </TestEntries>
  <TestLists>
    <TestList name="Results Not in a List" id="8c84fa94-04c1-424b-9868-57a2d4851a1d" />
    <TestList name="All Loaded Results" id="19431567-8539-422a-85d7-44ee4e166bda" />
  </TestLists>
  <ResultSummary outcome="Completed">
    <Counters total="1" executed="1" passed="1" failed="0" error="0" timeout="0" aborted="0" inconclusive="0" passedButRunAborted="0" notRunnable="0" notExecuted="0" disconnected="0" warning="0" completed="0" inProgress="0" pending="0" />
    <Output>
      <StdOut>[xUnit.net 00:00:00.00] xUnit.net VSTest Adapter v2.4.5+1caef2f33e (64-bit .NET 7.0.2)&#xD;
[xUnit.net 00:00:01.25]   Discovering: Tester.AzureUtils (method display = ClassAndMethod, method display options = None)&#xD;
[xUnit.net 00:00:01.46]   Discovered:  Tester.AzureUtils (found 246 test cases)&#xD;
[xUnit.net 00:00:01.47]   Starting:    Tester.AzureUtils (parallel test collections = off, max threads = 4)&#xD;
[xUnit.net 00:00:03.13]   Finished:    Tester.AzureUtils&#xD;
</StdOut>
    </Output>
    <RunInfos>
      <RunInfo computerName="cloudtest-win10" outcome="Warning" timestamp="2023-01-24T01:33:31.8122600+00:00">
        <Text>Data collector 'Blame' message: All tests finished running, Sequence file will not be generated.</Text>
      </RunInfo>
    </RunInfos>
  </ResultSummary>
</TestRun>