<?xml version="1.0" encoding="utf-8"?>
<TestRun id="56b22e39-76ba-4957-8336-dd1e23bbcea2" name="anna@cloudtest-win10 2023-01-22 19:45:52" runUser="cloudtest-win10\anna" xmlns="http://microsoft.com/schemas/VisualStudio/TeamTest/2010">
  <Times creation="2023-01-22T19:45:52.5052585+00:00" queuing="2023-01-22T19:45:52.5052590+00:00" start="2023-01-22T19:44:44.4034875+00:00" finish="2023-01-22T19:45:52.5471565+00:00" />
  <TestSettings name="default" id="36ca2dde-9d1f-4392-8af4-bc7328405332">
    <Deployment runDeploymentRoot="anna_cloudtest-win10_2023-01-22_19_45_52" />
  </TestSettings>
  <Results>
    <UnitTestResult executionId="2bf17839-e193-4f69-b681-2670796a053b" testId="e94601a9-8547-590d-a1b8-7b708ab4cf5c" testName="Tester.AzureUtils.AzureTableDataManagerStressTests.AzureTableDataManagerStressTests_ReadAllTableEntities" computerName="cloudtest-win10" duration="00:01:03.2129082" startTime="2023-01-22T19:45:52.1904959+00:00" endTime="2023-01-22T19:45:52.1905398+00:00" testType="13cdc9d9-ddb5-4fa4-a97d-d965ccfc6d4b" outcome="Failed" testListId="8c84fa94-04c1-424b-9868-57a2d4851a1d" relativeResultsDirectory="2bf17839-e193-4f69-b681-2670796a053b">
      <Output>
        <StdOut>Iterations=2000, Batch=2000, Partitions=3&#xD;
AzureTableDataManagerStressTests_ReadAllTableEntities completed. Wrote 2000 entries to 3 partition(s) in 00:00:33.5823066 at 59.555170638576676 RPS&#xD;
AzureTable_ReadAllTableEntities completed. ReadAll 2000 entries in 00:00:10.3991519 at 192.32337590914506 RPS</StdOut>
        <ErrorInfo>
          <Message>System.AggregateException : One or more errors occurred. (0:The specified resource does not exist.
RequestId:3a8ca032-d975-47d3-9426-7e31b3d2e090
Time:2023-01-22T19:45:45.191Z
 The index of the entity that caused the error can be found in FailedTransactionActionIndex.&#xD;
Status: 404 (Not Found)&#xD;
ErrorCode: ResourceNotFound&#xD;
&#xD;
Additional Information:&#xD;
FailedEntity: 0&#xD;
&#xD;
Content:&#xD;
{"odata.error":{"code":"ResourceNotFound","message":{"lang":"en-US","value":"0:The specified resource does not exist.\nRequestId:3a8ca032-d975-47d3-9426-7e31b3d2e090\nTime:2023-01-22T19:45:45.191Z"}}}&#xD;
&#xD;
Headers:&#xD;
Content-ID: REDACTED&#xD;
DataServiceVersion: 3.0;&#xD;
Content-Type: application/json;odata=minimalmetadata;charset=utf-8&#xD;
)&#xD;
---- Azure.Data.Tables.TableTransactionFailedException : 0:The specified resource does not exist.
RequestId:3a8ca032-d975-47d3-9426-7e31b3d2e090
Time:2023-01-22T19:45:45.191Z
 The index of the entity that caused the error can be found in FailedTransactionActionIndex.&#xD;
Status: 404 (Not Found)&#xD;
ErrorCode: ResourceNotFound&#xD;
&#xD;
Additional Information:&#xD;
FailedEntity: 0&#xD;
&#xD;
Content:&#xD;
{"odata.error":{"code":"ResourceNotFound","message":{"lang":"en-US","value":"0:The specified resource does not exist.\nRequestId:3a8ca032-d975-47d3-9426-7e31b3d2e090\nTime:2023-01-22T19:45:45.191Z"}}}&#xD;
&#xD;
Headers:&#xD;
Content-ID: REDACTED&#xD;
DataServiceVersion: 3.0;&#xD;
Content-Type: application/json;odata=minimalmetadata;charset=utf-8&#xD;
</Message>
          <StackTrace>   at System.Threading.Tasks.Task.ThrowIfExceptional(Boolean includeTaskCanceledExceptions)&#xD;
   at System.Threading.Tasks.Task.Wait(Int32 millisecondsTimeout, CancellationToken cancellationToken)&#xD;
   at System.Threading.Tasks.Task.Wait(TimeSpan timeout, CancellationToken cancellationToken)&#xD;
   at System.Threading.Tasks.Task.Wait(TimeSpan timeout)&#xD;
   at Orleans.Internal.OrleansTaskExtentions.WaitWithThrow(Task task, TimeSpan timeout) in C:\Users\anna\orleans\src\Orleans.Core\Async\TaskExtensions.cs:line 49&#xD;
   at Tester.AzureUtils.AzureTableDataManagerStressTests.AzureTableDataManagerStressTests_ReadAllTableEntities() in C:\Users\anna\orleans\test\Extensions\TesterAzureUtils\AzureTableDataManagerStressTests.cs:line 99&#xD;
   at System.RuntimeMethodHandle.InvokeMethod(Object target, Void** arguments, Signature sig, Boolean isConstructor)&#xD;
   at System.Reflection.MethodInvoker.Invoke(Object obj, IntPtr* args, BindingFlags invokeAttr)&#xD;
----- Inner Stack Trace -----&#xD;
   at Azure.Data.Tables.TableRestClient.SendBatchRequestAsync(HttpMessage message, CancellationToken cancellationToken)&#xD;
   at Azure.Data.Tables.TableClient.SubmitTransactionInternalAsync(IEnumerable`1 transactionalBatch, Guid batchId, Guid changesetId, Boolean async, CancellationToken cancellationToken)&#xD;
   at Azure.Data.Tables.TableClient.SubmitTransactionAsync(IEnumerable`1 transactionActions, CancellationToken cancellationToken)&#xD;
   at Orleans.Clustering.AzureStorage.AzureTableDataManager`1.DeleteTableEntriesAsync(List`1 collection) in C:\Users\anna\orleans\src\Azure\Shared\Storage\AzureTableDataManager.cs:line 483&#xD;
   at Orleans.Clustering.AzureStorage.AzureTableDataManager`1.ClearTableAsync() in C:\Users\anna\orleans\src\Azure\Shared\Storage\AzureTableDataManager.cs:line 150</StackTrace>
        </ErrorInfo>
      </Output>
    </UnitTestResult>
  </Results>
  <TestDefinitions>
    <UnitTest name="Tester.AzureUtils.AzureTableDataManagerStressTests.AzureTableDataManagerStressTests_ReadAllTableEntities" storage="c:\users\anna\orleans\test\extensions\testerazureutils\bin\debug\net7.0\tester.azureutils.dll" id="e94601a9-8547-590d-a1b8-7b708ab4cf5c">
      <Execution id="2bf17839-e193-4f69-b681-2670796a053b" />
      <TestMethod codeBase="C:\Users\anna\orleans\test\Extensions\TesterAzureUtils\bin\Debug\net7.0\Tester.AzureUtils.dll" adapterTypeName="executor://xunit/VsTestRunner2/netcoreapp" className="Tester.AzureUtils.AzureTableDataManagerStressTests" name="AzureTableDataManagerStressTests_ReadAllTableEntities" />
    </UnitTest>
  </TestDefinitions>
  <TestEntries>
    <TestEntry testId="e94601a9-8547-590d-a1b8-7b708ab4cf5c" executionId="2bf17839-e193-4f69-b681-2670796a053b" testListId="8c84fa94-04c1-424b-9868-57a2d4851a1d" />
  </TestEntries>
  <TestLists>
    <TestList name="Results Not in a List" id="8c84fa94-04c1-424b-9868-57a2d4851a1d" />
    <TestList name="All Loaded Results" id="19431567-8539-422a-85d7-44ee4e166bda" />
  </TestLists>
  <ResultSummary outcome="Failed">
    <Counters total="1" executed="1" passed="0" failed="1" error="0" timeout="0" aborted="0" inconclusive="0" passedButRunAborted="0" notRunnable="0" notExecuted="0" disconnected="0" warning="0" completed="0" inProgress="0" pending="0" />
    <Output>
      <StdOut>[xUnit.net 00:00:00.00] xUnit.net VSTest Adapter v2.4.5+1caef2f33e (64-bit .NET 7.0.2)&#xD;
[xUnit.net 00:00:01.27]   Discovering: Tester.AzureUtils (method display = ClassAndMethod, method display options = None)&#xD;
[xUnit.net 00:00:01.48]   Discovered:  Tester.AzureUtils (found 246 test cases)&#xD;
[xUnit.net 00:00:01.50]   Starting:    Tester.AzureUtils (parallel test collections = off, max threads = 4)&#xD;
[xUnit.net 00:01:04.80]       System.AggregateException : One or more errors occurred. (0:The specified resource does not exist.
RequestId:3a8ca032-d975-47d3-9426-7e31b3d2e090
Time:2023-01-22T19:45:45.191Z
 The index of the entity that caused the error can be found in FailedTransactionActionIndex.&#xD;
[xUnit.net 00:01:04.80]       Status: 404 (Not Found)&#xD;
[xUnit.net 00:01:04.80]       ErrorCode: ResourceNotFound&#xD;
[xUnit.net 00:01:04.80]       &#xD;
[xUnit.net 00:01:04.80]       Additional Information:&#xD;
[xUnit.net 00:01:04.80]       FailedEntity: 0&#xD;
[xUnit.net 00:01:04.80]       &#xD;
[xUnit.net 00:01:04.80]       Content:&#xD;
[xUnit.net 00:01:04.80]       {"odata.error":{"code":"ResourceNotFound","message":{"lang":"en-US","value":"0:The specified resource does not exist.\nRequestId:3a8ca032-d975-47d3-9426-7e31b3d2e090\nTime:2023-01-22T19:45:45.191Z"}}}&#xD;
[xUnit.net 00:01:04.80]       &#xD;
[xUnit.net 00:01:04.80]       Headers:&#xD;
[xUnit.net 00:01:04.80]       Content-ID: REDACTED&#xD;
[xUnit.net 00:01:04.80]       DataServiceVersion: 3.0;&#xD;
[xUnit.net 00:01:04.80]       Content-Type: application/json;odata=minimalmetadata;charset=utf-8&#xD;
[xUnit.net 00:01:04.80]       )&#xD;
[xUnit.net 00:01:04.80]       ---- Azure.Data.Tables.TableTransactionFailedException : 0:The specified resource does not exist.
RequestId:3a8ca032-d975-47d3-9426-7e31b3d2e090
Time:2023-01-22T19:45:45.191Z
 The index of the entity that caused the error can be found in FailedTransactionActionIndex.&#xD;
[xUnit.net 00:01:04.80]       Status: 404 (Not Found)&#xD;
[xUnit.net 00:01:04.80]       ErrorCode: ResourceNotFound&#xD;
[xUnit.net 00:01:04.80]       &#xD;
[xUnit.net 00:01:04.80]       Additional Information:&#xD;
[xUnit.net 00:01:04.80]       FailedEntity: 0&#xD;
[xUnit.net 00:01:04.80]       &#xD;
[xUnit.net 00:01:04.80]       Content:&#xD;
[xUnit.net 00:01:04.80]       {"odata.error":{"code":"ResourceNotFound","message":{"lang":"en-US","value":"0:The specified resource does not exist.\nRequestId:3a8ca032-d975-47d3-9426-7e31b3d2e090\nTime:2023-01-22T19:45:45.191Z"}}}&#xD;
[xUnit.net 00:01:04.80]       &#xD;
[xUnit.net 00:01:04.80]       Headers:&#xD;
[xUnit.net 00:01:04.80]       Content-ID: REDACTED&#xD;
[xUnit.net 00:01:04.80]       DataServiceVersion: 3.0;&#xD;
[xUnit.net 00:01:04.80]       Content-Type: application/json;odata=minimalmetadata;charset=utf-8&#xD;
[xUnit.net 00:01:04.80]       &#xD;
[xUnit.net 00:01:04.80]       Stack Trace:&#xD;
[xUnit.net 00:01:04.80]            at System.Threading.Tasks.Task.ThrowIfExceptional(Boolean includeTaskCanceledExceptions)&#xD;
[xUnit.net 00:01:04.80]            at System.Threading.Tasks.Task.Wait(Int32 millisecondsTimeout, CancellationToken cancellationToken)&#xD;
[xUnit.net 00:01:04.80]            at System.Threading.Tasks.Task.Wait(TimeSpan timeout, CancellationToken cancellationToken)&#xD;
[xUnit.net 00:01:04.80]            at System.Threading.Tasks.Task.Wait(TimeSpan timeout)&#xD;
[xUnit.net 00:01:04.80]         C:\Users\anna\orleans\src\Orleans.Core\Async\TaskExtensions.cs(49,0): at Orleans.Internal.OrleansTaskExtentions.WaitWithThrow(Task task, TimeSpan timeout)&#xD;
[xUnit.net 00:01:04.80]         C:\Users\anna\orleans\test\Extensions\TesterAzureUtils\AzureTableDataManagerStressTests.cs(99,0): at Tester.AzureUtils.AzureTableDataManagerStressTests.AzureTableDataManagerStressTests_ReadAllTableEntities()&#xD;
[xUnit.net 00:01:04.80]            at System.RuntimeMethodHandle.InvokeMethod(Object target, Void** arguments, Signature sig, Boolean isConstructor)&#xD;
[xUnit.net 00:01:04.80]            at System.Reflection.MethodInvoker.Invoke(Object obj, IntPtr* args, BindingFlags invokeAttr)&#xD;
[xUnit.net 00:01:04.80]         ----- Inner Stack Trace -----&#xD;
[xUnit.net 00:01:04.80]            at Azure.Data.Tables.TableRestClient.SendBatchRequestAsync(HttpMessage message, CancellationToken cancellationToken)&#xD;
[xUnit.net 00:01:04.80]            at Azure.Data.Tables.TableClient.SubmitTransactionInternalAsync(IEnumerable`1 transactionalBatch, Guid batchId, Guid changesetId, Boolean async, CancellationToken cancellationToken)&#xD;
[xUnit.net 00:01:04.80]            at Azure.Data.Tables.TableClient.SubmitTransactionAsync(IEnumerable`1 transactionActions, CancellationToken cancellationToken)&#xD;
[xUnit.net 00:01:04.80]         C:\Users\anna\orleans\src\Azure\Shared\Storage\AzureTableDataManager.cs(483,0): at Orleans.Clustering.AzureStorage.AzureTableDataManager`1.DeleteTableEntriesAsync(List`1 collection)&#xD;
[xUnit.net 00:01:04.80]         C:\Users\anna\orleans\src\Azure\Shared\Storage\AzureTableDataManager.cs(150,0): at Orleans.Clustering.AzureStorage.AzureTableDataManager`1.ClearTableAsync()&#xD;
[xUnit.net 00:01:04.81]       Output:&#xD;
[xUnit.net 00:01:04.81]         Iterations=2000, Batch=2000, Partitions=3&#xD;
[xUnit.net 00:01:04.81]         AzureTableDataManagerStressTests_ReadAllTableEntities completed. Wrote 2000 entries to 3 partition(s) in 00:00:33.5823066 at 59.555170638576676 RPS&#xD;
[xUnit.net 00:01:04.81]         AzureTable_ReadAllTableEntities completed. ReadAll 2000 entries in 00:00:10.3991519 at 192.32337590914506 RPS&#xD;
[xUnit.net 00:01:04.84]   Finished:    Tester.AzureUtils&#xD;
</StdOut>
    </Output>
    <RunInfos>
      <RunInfo computerName="cloudtest-win10" outcome="Min" timestamp="2023-01-22T19:45:52.1833956+00:00">
        <Text>[xUnit.net 00:01:04.80]     Tester.AzureUtils.AzureTableDataManagerStressTests.AzureTableDataManagerStressTests_ReadAllTableEntities [FAIL]</Text>
      </RunInfo>
      <RunInfo computerName="cloudtest-win10" outcome="Warning" timestamp="2023-01-22T19:45:52.3541831+00:00">
        <Text>Data collector 'Blame' message: All tests finished running, Sequence file will not be generated.</Text>
      </RunInfo>
    </RunInfos>
  </ResultSummary>
</TestRun>