<?xml version="1.0" encoding="utf-8"?>
<TestRun id="da5572b3-9e02-4dfd-aefd-9c10d59bf83a" name="anna@cloudtest-win10 2023-01-22 19:48:11" runUser="cloudtest-win10\anna" xmlns="http://microsoft.com/schemas/VisualStudio/TeamTest/2010">
  <Times creation="2023-01-22T19:48:11.3620449+00:00" queuing="2023-01-22T19:48:11.3620457+00:00" start="2023-01-22T19:47:04.6883447+00:00" finish="2023-01-22T19:48:11.3991183+00:00" />
  <TestSettings name="default" id="9376a37c-dbf2-40a2-becc-b55563f143f2">
    <Deployment runDeploymentRoot="anna_cloudtest-win10_2023-01-22_19_48_11" />
  </TestSettings>
  <Results>
    <UnitTestResult executionId="a542a74b-1152-486c-b453-c3956440802b" testId="e94601a9-8547-590d-a1b8-7b708ab4cf5c" testName="Tester.AzureUtils.AzureTableDataManagerStressTests.AzureTableDataManagerStressTests_ReadAllTableEntities" computerName="cloudtest-win10" duration="00:01:01.8139322" startTime="2023-01-22T19:48:11.0476213+00:00" endTime="2023-01-22T19:48:11.0476809+00:00" testType="13cdc9d9-ddb5-4fa4-a97d-d965ccfc6d4b" outcome="Passed" testListId="8c84fa94-04c1-424b-9868-57a2d4851a1d" relativeResultsDirectory="a542a74b-1152-486c-b453-c3956440802b">
      <Output>
        <StdOut>Iterations=2000, Batch=2000, Partitions=3&#xD;
AzureTableDataManagerStressTests_ReadAllTableEntities completed. Wrote 2000 entries to 3 partition(s) in 00:00:32.0532897 at 62.396091593681255 RPS&#xD;
AzureTable_ReadAllTableEntities completed. ReadAll 2000 entries in 00:00:10.3981618 at 192.34168870117023 RPS&#xD;
AzureTable_ReadAllTableEntities clear. Cleared table of 2000 entries in 00:00:17.9968496 at 111.1305614289292 RPS</StdOut>
      </Output>
    </UnitTestResult>
  </Results>
  <TestDefinitions>
    <UnitTest name="Tester.AzureUtils.AzureTableDataManagerStressTests.AzureTableDataManagerStressTests_ReadAllTableEntities" storage="c:\users\anna\orleans\test\extensions\testerazureutils\bin\debug\net7.0\tester.azureutils.dll" id="e94601a9-8547-590d-a1b8-7b708ab4cf5c">
      <Execution id="a542a74b-1152-486c-b453-c3956440802b" />
      <TestMethod codeBase="C:\Users\anna\orleans\test\Extensions\TesterAzureUtils\bin\Debug\net7.0\Tester.AzureUtils.dll" adapterTypeName="executor://xunit/VsTestRunner2/netcoreapp" className="Tester.AzureUtils.AzureTableDataManagerStressTests" name="AzureTableDataManagerStressTests_ReadAllTableEntities" />
    </UnitTest>
  </TestDefinitions>
  <TestEntries>
    <TestEntry testId="e94601a9-8547-590d-a1b8-7b708ab4cf5c" executionId="a542a74b-1152-486c-b453-c3956440802b" testListId="8c84fa94-04c1-424b-9868-57a2d4851a1d" />
  </TestEntries>
  <TestLists>
    <TestList name="Results Not in a List" id="8c84fa94-04c1-424b-9868-57a2d4851a1d" />
    <TestList name="All Loaded Results" id="19431567-8539-422a-85d7-44ee4e166bda" />
  </TestLists>
  <ResultSummary outcome="Completed">
    <Counters total="1" executed="1" passed="1" failed="0" error="0" timeout="0" aborted="0" inconclusive="0" passedButRunAborted="0" notRunnable="0" notExecuted="0" disconnected="0" warning="0" completed="0" inProgress="0" pending="0" />
    <Output>
      <StdOut>[xUnit.net 00:00:00.00] xUnit.net VSTest Adapter v2.4.5+1caef2f33e (64-bit .NET 7.0.2)&#xD;
[xUnit.net 00:00:01.27]   Discovering: Tester.AzureUtils (method display = ClassAndMethod, method display options = None)&#xD;
[xUnit.net 00:00:01.48]   Discovered:  Tester.AzureUtils (found 246 test cases)&#xD;
[xUnit.net 00:00:01.50]   Starting:    Tester.AzureUtils (parallel test collections = off, max threads = 4)&#xD;
[xUnit.net 00:01:03.42]   Finished:    Tester.AzureUtils&#xD;
</StdOut>
    </Output>
    <RunInfos>
      <RunInfo computerName="cloudtest-win10" outcome="Warning" timestamp="2023-01-22T19:48:11.2097299+00:00">
        <Text>Data collector 'Blame' message: All tests finished running, Sequence file will not be generated.</Text>
      </RunInfo>
    </RunInfos>
  </ResultSummary>
</TestRun>