<?xml version="1.0" encoding="utf-8"?>
<TestRun id="a887cdf2-0e11-4f1f-a907-a59e14196c49" name="anna@cloudtest-win10 2023-01-22 19:47:01" runUser="cloudtest-win10\anna" xmlns="http://microsoft.com/schemas/VisualStudio/TeamTest/2010">
  <Times creation="2023-01-22T19:47:02.0087026+00:00" queuing="2023-01-22T19:47:02.0087032+00:00" start="2023-01-22T19:45:55.1717526+00:00" finish="2023-01-22T19:47:02.0462709+00:00" />
  <TestSettings name="default" id="de7b7bb0-6028-45f8-91b8-664d5e06b372">
    <Deployment runDeploymentRoot="anna_cloudtest-win10_2023-01-22_19_47_01" />
  </TestSettings>
  <Results>
    <UnitTestResult executionId="8272c261-cd01-413b-88ca-6fed57af1069" testId="e94601a9-8547-590d-a1b8-7b708ab4cf5c" testName="Tester.AzureUtils.AzureTableDataManagerStressTests.AzureTableDataManagerStressTests_ReadAllTableEntities" computerName="cloudtest-win10" duration="00:01:01.9625847" startTime="2023-01-22T19:47:01.6892498+00:00" endTime="2023-01-22T19:47:01.6892971+00:00" testType="13cdc9d9-ddb5-4fa4-a97d-d965ccfc6d4b" outcome="Passed" testListId="8c84fa94-04c1-424b-9868-57a2d4851a1d" relativeResultsDirectory="8272c261-cd01-413b-88ca-6fed57af1069">
      <Output>
        <StdOut>Iterations=2000, Batch=2000, Partitions=3&#xD;
AzureTableDataManagerStressTests_ReadAllTableEntities completed. Wrote 2000 entries to 3 partition(s) in 00:00:32.2870979 at 61.944248014932306 RPS&#xD;
AzureTable_ReadAllTableEntities completed. ReadAll 2000 entries in 00:00:11.1640122 at 179.14706327533392 RPS&#xD;
AzureTable_ReadAllTableEntities clear. Cleared table of 2000 entries in 00:00:17.9923219 at 111.15852701590448 RPS</StdOut>
      </Output>
    </UnitTestResult>
  </Results>
  <TestDefinitions>
    <UnitTest name="Tester.AzureUtils.AzureTableDataManagerStressTests.AzureTableDataManagerStressTests_ReadAllTableEntities" storage="c:\users\anna\orleans\test\extensions\testerazureutils\bin\debug\net7.0\tester.azureutils.dll" id="e94601a9-8547-590d-a1b8-7b708ab4cf5c">
      <Execution id="8272c261-cd01-413b-88ca-6fed57af1069" />
      <TestMethod codeBase="C:\Users\anna\orleans\test\Extensions\TesterAzureUtils\bin\Debug\net7.0\Tester.AzureUtils.dll" adapterTypeName="executor://xunit/VsTestRunner2/netcoreapp" className="Tester.AzureUtils.AzureTableDataManagerStressTests" name="AzureTableDataManagerStressTests_ReadAllTableEntities" />
    </UnitTest>
  </TestDefinitions>
  <TestEntries>
    <TestEntry testId="e94601a9-8547-590d-a1b8-7b708ab4cf5c" executionId="8272c261-cd01-413b-88ca-6fed57af1069" testListId="8c84fa94-04c1-424b-9868-57a2d4851a1d" />
  </TestEntries>
  <TestLists>
    <TestList name="Results Not in a List" id="8c84fa94-04c1-424b-9868-57a2d4851a1d" />
    <TestList name="All Loaded Results" id="19431567-8539-422a-85d7-44ee4e166bda" />
  </TestLists>
  <ResultSummary outcome="Completed">
    <Counters total="1" executed="1" passed="1" failed="0" error="0" timeout="0" aborted="0" inconclusive="0" passedButRunAborted="0" notRunnable="0" notExecuted="0" disconnected="0" warning="0" completed="0" inProgress="0" pending="0" />
    <Output>
      <StdOut>[xUnit.net 00:00:00.00] xUnit.net VSTest Adapter v2.4.5+1caef2f33e (64-bit .NET 7.0.2)&#xD;
[xUnit.net 00:00:01.28]   Discovering: Tester.AzureUtils (method display = ClassAndMethod, method display options = None)&#xD;
[xUnit.net 00:00:01.49]   Discovered:  Tester.AzureUtils (found 246 test cases)&#xD;
[xUnit.net 00:00:01.51]   Starting:    Tester.AzureUtils (parallel test collections = off, max threads = 4)&#xD;
[xUnit.net 00:01:03.58]   Finished:    Tester.AzureUtils&#xD;
</StdOut>
    </Output>
    <RunInfos>
      <RunInfo computerName="cloudtest-win10" outcome="Warning" timestamp="2023-01-22T19:47:01.8582387+00:00">
        <Text>Data collector 'Blame' message: All tests finished running, Sequence file will not be generated.</Text>
      </RunInfo>
    </RunInfos>
  </ResultSummary>
</TestRun>