<?xml version="1.0" encoding="utf-8"?>
<TestRun id="5cadb871-ad4b-46d0-bdf6-1e028ce40310" name="anna@cloudtest-win10 2023-01-22 19:41:11" runUser="cloudtest-win10\anna" xmlns="http://microsoft.com/schemas/VisualStudio/TeamTest/2010">
  <Times creation="2023-01-22T19:41:12.0280355+00:00" queuing="2023-01-22T19:41:12.0280362+00:00" start="2023-01-22T19:41:02.2803656+00:00" finish="2023-01-22T19:41:12.0646716+00:00" />
  <TestSettings name="default" id="72cd5887-b335-4dfc-bd07-69ca5988ba92">
    <Deployment runDeploymentRoot="anna_cloudtest-win10_2023-01-22_19_41_11" />
  </TestSettings>
  <Results>
    <UnitTestResult executionId="8f872c74-917e-49b6-bede-829616ebe50d" testId="3a0555cf-ba8a-40f9-10bc-d07be1eff110" testName="Tester.AzureUtils.AzureQueueDataManagerTests.AQ_Standalone_3_Init_MultipleThreads" computerName="cloudtest-win10" duration="00:00:04.8300726" startTime="2023-01-22T19:41:11.7118766+00:00" endTime="2023-01-22T19:41:11.7119228+00:00" testType="13cdc9d9-ddb5-4fa4-a97d-d965ccfc6d4b" outcome="Passed" testListId="8c84fa94-04c1-424b-9868-57a2d4851a1d" relativeResultsDirectory="8f872c74-917e-49b6-bede-829616ebe50d" />
  </Results>
  <TestDefinitions>
    <UnitTest name="Tester.AzureUtils.AzureQueueDataManagerTests.AQ_Standalone_3_Init_MultipleThreads" storage="c:\users\anna\orleans\test\extensions\testerazureutils\bin\debug\net7.0\tester.azureutils.dll" id="3a0555cf-ba8a-40f9-10bc-d07be1eff110">
      <Execution id="8f872c74-917e-49b6-bede-829616ebe50d" />
      <TestMethod codeBase="C:\Users\anna\orleans\test\Extensions\TesterAzureUtils\bin\Debug\net7.0\Tester.AzureUtils.dll" adapterTypeName="executor://xunit/VsTestRunner2/netcoreapp" className="Tester.AzureUtils.AzureQueueDataManagerTests" name="AQ_Standalone_3_Init_MultipleThreads" />
    </UnitTest>
  </TestDefinitions>
  <TestEntries>
    <TestEntry testId="3a0555cf-ba8a-40f9-10bc-d07be1eff110" executionId="8f872c74-917e-49b6-bede-829616ebe50d" testListId="8c84fa94-04c1-424b-9868-57a2d4851a1d" />
  </TestEntries>
  <TestLists>
    <TestList name="Results Not in a List" id="8c84fa94-04c1-424b-9868-57a2d4851a1d" />
    <TestList name="All Loaded Results" id="19431567-8539-422a-85d7-44ee4e166bda" />
  </TestLists>
  <ResultSummary outcome="Completed">
    <Counters total="1" executed="1" passed="1" failed="0" error="0" timeout="0" aborted="0" inconclusive="0" passedButRunAborted="0" notRunnable="0" notExecuted="0" disconnected="0" warning="0" completed="0" inProgress="0" pending="0" />
    <Output>
      <StdOut>[xUnit.net 00:00:00.00] xUnit.net VSTest Adapter v2.4.5+1caef2f33e (64-bit .NET 7.0.2)&#xD;
[xUnit.net 00:00:01.26]   Discovering: Tester.AzureUtils (method display = ClassAndMethod, method display options = None)&#xD;
[xUnit.net 00:00:01.48]   Discovered:  Tester.AzureUtils (found 246 test cases)&#xD;
[xUnit.net 00:00:01.50]   Starting:    Tester.AzureUtils (parallel test collections = off, max threads = 4)&#xD;
[xUnit.net 00:00:06.49]   Finished:    Tester.AzureUtils&#xD;
</StdOut>
    </Output>
    <RunInfos>
      <RunInfo computerName="cloudtest-win10" outcome="Warning" timestamp="2023-01-22T19:41:11.8786692+00:00">
        <Text>Data collector 'Blame' message: All tests finished running, Sequence file will not be generated.</Text>
      </RunInfo>
    </RunInfos>
  </ResultSummary>
</TestRun>