<?xml version="1.0" encoding="utf-8"?>
<TestRun id="93d6540a-009c-4a5b-a675-b23223e2dc20" name="anna@cloudtest-win10 2023-01-23 00:02:02" runUser="cloudtest-win10\anna" xmlns="http://microsoft.com/schemas/VisualStudio/TeamTest/2010">
  <Times creation="2023-01-23T00:02:02.9902598+00:00" queuing="2023-01-23T00:02:02.9902608+00:00" start="2023-01-23T00:01:54.0088256+00:00" finish="2023-01-23T00:02:03.0320135+00:00" />
  <TestSettings name="default" id="3ace7b54-60bf-4e08-8735-730734c95970">
    <Deployment runDeploymentRoot="anna_cloudtest-win10_2023-01-23_00_02_02" />
  </TestSettings>
  <Results>
    <UnitTestResult executionId="1149fb87-1c24-48e5-a843-4bad32baa074" testId="7d547514-35c0-e668-e8e4-93a3599bef84" testName="Tester.AzureUtils.AzureTableGrainDirectoryTests.UnregisterMany" computerName="cloudtest-win10" duration="00:00:04.1168056" startTime="2023-01-23T00:02:02.6751757+00:00" endTime="2023-01-23T00:02:02.6752214+00:00" testType="13cdc9d9-ddb5-4fa4-a97d-d965ccfc6d4b" outcome="Failed" testListId="8c84fa94-04c1-424b-9868-57a2d4851a1d" relativeResultsDirectory="1149fb87-1c24-48e5-a843-4bad32baa074">
      <Output>
        <ErrorInfo>
          <Message>Azure.Data.Tables.TableTransactionFailedException : 0:The specified resource does not exist.
RequestId:6e8624fa-8002-003b-7dbd-2e0ea3000000
Time:2023-01-23T00:02:02.6445036Z
 The index of the entity that caused the error can be found in FailedTransactionActionIndex.&#xD;
Status: 404 (Not Found)&#xD;
ErrorCode: ResourceNotFound&#xD;
&#xD;
Additional Information:&#xD;
FailedEntity: 0&#xD;
&#xD;
Content:&#xD;
{"odata.error":{"code":"ResourceNotFound","message":{"lang":"en-US","value":"0:The specified resource does not exist.\nRequestId:6e8624fa-8002-003b-7dbd-2e0ea3000000\nTime:2023-01-23T00:02:02.6445036Z"}}}&#xD;
&#xD;
Headers:&#xD;
X-Content-Type-Options: REDACTED&#xD;
Cache-Control: no-cache&#xD;
DataServiceVersion: 3.0;&#xD;
Content-Type: application/json;odata=minimalmetadata;streaming=true;charset=utf-8&#xD;
</Message>
          <StackTrace>   at Azure.Data.Tables.TableRestClient.SendBatchRequestAsync(HttpMessage message, CancellationToken cancellationToken)&#xD;
   at Azure.Data.Tables.TableClient.SubmitTransactionInternalAsync(IEnumerable`1 transactionalBatch, Guid batchId, Guid changesetId, Boolean async, CancellationToken cancellationToken)&#xD;
   at Azure.Data.Tables.TableClient.SubmitTransactionAsync(IEnumerable`1 transactionActions, CancellationToken cancellationToken)&#xD;
   at Orleans.GrainDirectory.AzureStorage.AzureTableDataManager`1.DeleteTableEntriesAsync(List`1 collection) in C:\Users\anna\orleans\src\Azure\Shared\Storage\AzureTableDataManager.cs:line 483&#xD;
   at Orleans.GrainDirectory.AzureStorage.AzureTableGrainDirectory.UnregisterManyBlock(List`1 addresses) in C:\Users\anna\orleans\src\Azure\Orleans.GrainDirectory.AzureStorage\AzureTableGrainDirectory.cs:line 153&#xD;
   at Orleans.GrainDirectory.AzureStorage.AzureTableGrainDirectory.UnregisterMany(List`1 addresses) in C:\Users\anna\orleans\src\Azure\Orleans.GrainDirectory.AzureStorage\AzureTableGrainDirectory.cs:line 111&#xD;
   at Tester.AzureUtils.AzureTableGrainDirectoryTests.UnregisterMany() in C:\Users\anna\orleans\test\Extensions\TesterAzureUtils\AzureGrainDirectoryTests.cs:line 78&#xD;
--- End of stack trace from previous location ---</StackTrace>
        </ErrorInfo>
      </Output>
    </UnitTestResult>
  </Results>
  <TestDefinitions>
    <UnitTest name="Tester.AzureUtils.AzureTableGrainDirectoryTests.UnregisterMany" storage="c:\users\anna\orleans\test\extensions\testerazureutils\bin\debug\net7.0\tester.azureutils.dll" id="7d547514-35c0-e668-e8e4-93a3599bef84">
      <Execution id="1149fb87-1c24-48e5-a843-4bad32baa074" />
      <TestMethod codeBase="C:\Users\anna\orleans\test\Extensions\TesterAzureUtils\bin\Debug\net7.0\Tester.AzureUtils.dll" adapterTypeName="executor://xunit/VsTestRunner2/netcoreapp" className="Tester.AzureUtils.AzureTableGrainDirectoryTests" name="UnregisterMany" />
    </UnitTest>
  </TestDefinitions>
  <TestEntries>
    <TestEntry testId="7d547514-35c0-e668-e8e4-93a3599bef84" executionId="1149fb87-1c24-48e5-a843-4bad32baa074" testListId="8c84fa94-04c1-424b-9868-57a2d4851a1d" />
  </TestEntries>
  <TestLists>
    <TestList name="Results Not in a List" id="8c84fa94-04c1-424b-9868-57a2d4851a1d" />
    <TestList name="All Loaded Results" id="19431567-8539-422a-85d7-44ee4e166bda" />
  </TestLists>
  <ResultSummary outcome="Failed">
    <Counters total="1" executed="1" passed="0" failed="1" error="0" timeout="0" aborted="0" inconclusive="0" passedButRunAborted="0" notRunnable="0" notExecuted="0" disconnected="0" warning="0" completed="0" inProgress="0" pending="0" />
    <Output>
      <StdOut>[xUnit.net 00:00:00.00] xUnit.net VSTest Adapter v2.4.5+1caef2f33e (64-bit .NET 7.0.2)&#xD;
[xUnit.net 00:00:01.26]   Discovering: Tester.AzureUtils (method display = ClassAndMethod, method display options = None)&#xD;
[xUnit.net 00:00:01.48]   Discovered:  Tester.AzureUtils (found 246 test cases)&#xD;
[xUnit.net 00:00:01.49]   Starting:    Tester.AzureUtils (parallel test collections = off, max threads = 4)&#xD;
[xUnit.net 00:00:05.69]       Azure.Data.Tables.TableTransactionFailedException : 0:The specified resource does not exist.
RequestId:6e8624fa-8002-003b-7dbd-2e0ea3000000
Time:2023-01-23T00:02:02.6445036Z
 The index of the entity that caused the error can be found in FailedTransactionActionIndex.&#xD;
[xUnit.net 00:00:05.69]       Status: 404 (Not Found)&#xD;
[xUnit.net 00:00:05.69]       ErrorCode: ResourceNotFound&#xD;
[xUnit.net 00:00:05.69]       &#xD;
[xUnit.net 00:00:05.69]       Additional Information:&#xD;
[xUnit.net 00:00:05.69]       FailedEntity: 0&#xD;
[xUnit.net 00:00:05.69]       &#xD;
[xUnit.net 00:00:05.69]       Content:&#xD;
[xUnit.net 00:00:05.69]       {"odata.error":{"code":"ResourceNotFound","message":{"lang":"en-US","value":"0:The specified resource does not exist.\nRequestId:6e8624fa-8002-003b-7dbd-2e0ea3000000\nTime:2023-01-23T00:02:02.6445036Z"}}}&#xD;
[xUnit.net 00:00:05.69]       &#xD;
[xUnit.net 00:00:05.69]       Headers:&#xD;
[xUnit.net 00:00:05.69]       X-Content-Type-Options: REDACTED&#xD;
[xUnit.net 00:00:05.69]       Cache-Control: no-cache&#xD;
[xUnit.net 00:00:05.69]       DataServiceVersion: 3.0;&#xD;
[xUnit.net 00:00:05.69]       Content-Type: application/json;odata=minimalmetadata;streaming=true;charset=utf-8&#xD;
[xUnit.net 00:00:05.69]       &#xD;
[xUnit.net 00:00:05.70]       Stack Trace:&#xD;
[xUnit.net 00:00:05.70]            at Azure.Data.Tables.TableRestClient.SendBatchRequestAsync(HttpMessage message, CancellationToken cancellationToken)&#xD;
[xUnit.net 00:00:05.70]            at Azure.Data.Tables.TableClient.SubmitTransactionInternalAsync(IEnumerable`1 transactionalBatch, Guid batchId, Guid changesetId, Boolean async, CancellationToken cancellationToken)&#xD;
[xUnit.net 00:00:05.70]            at Azure.Data.Tables.TableClient.SubmitTransactionAsync(IEnumerable`1 transactionActions, CancellationToken cancellationToken)&#xD;
[xUnit.net 00:00:05.70]         C:\Users\anna\orleans\src\Azure\Shared\Storage\AzureTableDataManager.cs(483,0): at Orleans.GrainDirectory.AzureStorage.AzureTableDataManager`1.DeleteTableEntriesAsync(List`1 collection)&#xD;
[xUnit.net 00:00:05.70]         C:\Users\anna\orleans\src\Azure\Orleans.GrainDirectory.AzureStorage\AzureTableGrainDirectory.cs(153,0): at Orleans.GrainDirectory.AzureStorage.AzureTableGrainDirectory.UnregisterManyBlock(List`1 addresses)&#xD;
[xUnit.net 00:00:05.70]         C:\Users\anna\orleans\src\Azure\Orleans.GrainDirectory.AzureStorage\AzureTableGrainDirectory.cs(111,0): at Orleans.GrainDirectory.AzureStorage.AzureTableGrainDirectory.UnregisterMany(List`1 addresses)&#xD;
[xUnit.net 00:00:05.70]         C:\Users\anna\orleans\test\Extensions\TesterAzureUtils\AzureGrainDirectoryTests.cs(78,0): at Tester.AzureUtils.AzureTableGrainDirectoryTests.UnregisterMany()&#xD;
[xUnit.net 00:00:05.70]         --- End of stack trace from previous location ---&#xD;
[xUnit.net 00:00:05.73]   Finished:    Tester.AzureUtils&#xD;
</StdOut>
    </Output>
    <RunInfos>
      <RunInfo computerName="cloudtest-win10" outcome="Min" timestamp="2023-01-23T00:02:02.6694556+00:00">
        <Text>[xUnit.net 00:00:05.69]     Tester.AzureUtils.AzureTableGrainDirectoryTests.UnregisterMany [FAIL]</Text>
      </RunInfo>
      <RunInfo computerName="cloudtest-win10" outcome="Warning" timestamp="2023-01-23T00:02:02.8371927+00:00">
        <Text>Data collector 'Blame' message: All tests finished running, Sequence file will not be generated.</Text>
      </RunInfo>
    </RunInfos>
  </ResultSummary>
</TestRun>