<?xml version="1.0" encoding="utf-8"?>
<TestRun id="00cc2eab-eb6e-4899-8d1f-1fb6eeab1172" name="anna@cloudtest-win10 2023-01-23 00:02:14" runUser="cloudtest-win10\anna" xmlns="http://microsoft.com/schemas/VisualStudio/TeamTest/2010">
  <Times creation="2023-01-23T00:02:14.2057521+00:00" queuing="2023-01-23T00:02:14.2057526+00:00" start="2023-01-23T00:02:05.1425847+00:00" finish="2023-01-23T00:02:14.2433267+00:00" />
  <TestSettings name="default" id="b725fdab-9a26-4226-90e3-7a1f08990c98">
    <Deployment runDeploymentRoot="anna_cloudtest-win10_2023-01-23_00_02_14" />
  </TestSettings>
  <Results>
    <UnitTestResult executionId="122e28b4-1d41-4622-b939-94b608029e96" testId="7d547514-35c0-e668-e8e4-93a3599bef84" testName="Tester.AzureUtils.AzureTableGrainDirectoryTests.UnregisterMany" computerName="cloudtest-win10" duration="00:00:04.2395746" startTime="2023-01-23T00:02:13.8941421+00:00" endTime="2023-01-23T00:02:13.8942022+00:00" testType="13cdc9d9-ddb5-4fa4-a97d-d965ccfc6d4b" outcome="Passed" testListId="8c84fa94-04c1-424b-9868-57a2d4851a1d" relativeResultsDirectory="122e28b4-1d41-4622-b939-94b608029e96" />
  </Results>
  <TestDefinitions>
    <UnitTest name="Tester.AzureUtils.AzureTableGrainDirectoryTests.UnregisterMany" storage="c:\users\anna\orleans\test\extensions\testerazureutils\bin\debug\net7.0\tester.azureutils.dll" id="7d547514-35c0-e668-e8e4-93a3599bef84">
      <Execution id="122e28b4-1d41-4622-b939-94b608029e96" />
      <TestMethod codeBase="C:\Users\anna\orleans\test\Extensions\TesterAzureUtils\bin\Debug\net7.0\Tester.AzureUtils.dll" adapterTypeName="executor://xunit/VsTestRunner2/netcoreapp" className="Tester.AzureUtils.AzureTableGrainDirectoryTests" name="UnregisterMany" />
    </UnitTest>
  </TestDefinitions>
  <TestEntries>
    <TestEntry testId="7d547514-35c0-e668-e8e4-93a3599bef84" executionId="122e28b4-1d41-4622-b939-94b608029e96" testListId="8c84fa94-04c1-424b-9868-57a2d4851a1d" />
  </TestEntries>
  <TestLists>
    <TestList name="Results Not in a List" id="8c84fa94-04c1-424b-9868-57a2d4851a1d" />
    <TestList name="All Loaded Results" id="19431567-8539-422a-85d7-44ee4e166bda" />
  </TestLists>
  <ResultSummary outcome="Completed">
    <Counters total="1" executed="1" passed="1" failed="0" error="0" timeout="0" aborted="0" inconclusive="0" passedButRunAborted="0" notRunnable="0" notExecuted="0" disconnected="0" warning="0" completed="0" inProgress="0" pending="0" />
    <Output>
      <StdOut>[xUnit.net 00:00:00.00] xUnit.net VSTest Adapter v2.4.5+1caef2f33e (64-bit .NET 7.0.2)&#xD;
[xUnit.net 00:00:01.27]   Discovering: Tester.AzureUtils (method display = ClassAndMethod, method display options = None)&#xD;
[xUnit.net 00:00:01.48]   Discovered:  Tester.AzureUtils (found 246 test cases)&#xD;
[xUnit.net 00:00:01.49]   Starting:    Tester.AzureUtils (parallel test collections = off, max threads = 4)&#xD;
[xUnit.net 00:00:05.84]   Finished:    Tester.AzureUtils&#xD;
</StdOut>
    </Output>
    <RunInfos>
      <RunInfo computerName="cloudtest-win10" outcome="Warning" timestamp="2023-01-23T00:02:14.0571324+00:00">
        <Text>Data collector 'Blame' message: All tests finished running, Sequence file will not be generated.</Text>
      </RunInfo>
    </RunInfos>
  </ResultSummary>
</TestRun>