<?xml version="1.0" encoding="utf-8"?>
<TestRun id="87857d09-21c6-4696-bab1-7d9e2a1052c8" name="anna@cloudtest-win10 2023-01-23 00:02:25" runUser="cloudtest-win10\anna" xmlns="http://microsoft.com/schemas/VisualStudio/TeamTest/2010">
  <Times creation="2023-01-23T00:02:25.5780671+00:00" queuing="2023-01-23T00:02:25.5780679+00:00" start="2023-01-23T00:02:16.3286835+00:00" finish="2023-01-23T00:02:25.6145733+00:00" />
  <TestSettings name="default" id="a1099579-2bfd-4fe4-97e3-cf58c0f7c763">
    <Deployment runDeploymentRoot="anna_cloudtest-win10_2023-01-23_00_02_25" />
  </TestSettings>
  <Results>
    <UnitTestResult executionId="3bf0e8f2-a484-4e2c-9211-eb483f15c71f" testId="7d547514-35c0-e668-e8e4-93a3599bef84" testName="Tester.AzureUtils.AzureTableGrainDirectoryTests.UnregisterMany" computerName="cloudtest-win10" duration="00:00:04.3756494" startTime="2023-01-23T00:02:25.2673377+00:00" endTime="2023-01-23T00:02:25.2674070+00:00" testType="13cdc9d9-ddb5-4fa4-a97d-d965ccfc6d4b" outcome="Passed" testListId="8c84fa94-04c1-424b-9868-57a2d4851a1d" relativeResultsDirectory="3bf0e8f2-a484-4e2c-9211-eb483f15c71f" />
  </Results>
  <TestDefinitions>
    <UnitTest name="Tester.AzureUtils.AzureTableGrainDirectoryTests.UnregisterMany" storage="c:\users\anna\orleans\test\extensions\testerazureutils\bin\debug\net7.0\tester.azureutils.dll" id="7d547514-35c0-e668-e8e4-93a3599bef84">
      <Execution id="3bf0e8f2-a484-4e2c-9211-eb483f15c71f" />
      <TestMethod codeBase="C:\Users\anna\orleans\test\Extensions\TesterAzureUtils\bin\Debug\net7.0\Tester.AzureUtils.dll" adapterTypeName="executor://xunit/VsTestRunner2/netcoreapp" className="Tester.AzureUtils.AzureTableGrainDirectoryTests" name="UnregisterMany" />
    </UnitTest>
  </TestDefinitions>
  <TestEntries>
    <TestEntry testId="7d547514-35c0-e668-e8e4-93a3599bef84" executionId="3bf0e8f2-a484-4e2c-9211-eb483f15c71f" testListId="8c84fa94-04c1-424b-9868-57a2d4851a1d" />
  </TestEntries>
  <TestLists>
    <TestList name="Results Not in a List" id="8c84fa94-04c1-424b-9868-57a2d4851a1d" />
    <TestList name="All Loaded Results" id="19431567-8539-422a-85d7-44ee4e166bda" />
  </TestLists>
  <ResultSummary outcome="Completed">
    <Counters total="1" executed="1" passed="1" failed="0" error="0" timeout="0" aborted="0" inconclusive="0" passedButRunAborted="0" notRunnable="0" notExecuted="0" disconnected="0" warning="0" completed="0" inProgress="0" pending="0" />
    <Output>
      <StdOut>[xUnit.net 00:00:00.00] xUnit.net VSTest Adapter v2.4.5+1caef2f33e (64-bit .NET 7.0.2)&#xD;
[xUnit.net 00:00:01.29]   Discovering: Tester.AzureUtils (method display = ClassAndMethod, method display options = None)&#xD;
[xUnit.net 00:00:01.50]   Discovered:  Tester.AzureUtils (found 246 test cases)&#xD;
[xUnit.net 00:00:01.51]   Starting:    Tester.AzureUtils (parallel test collections = off, max threads = 4)&#xD;
[xUnit.net 00:00:06.00]   Finished:    Tester.AzureUtils&#xD;
</StdOut>
    </Output>
    <RunInfos>
      <RunInfo computerName="cloudtest-win10" outcome="Warning" timestamp="2023-01-23T00:02:25.4308743+00:00">
        <Text>Data collector 'Blame' message: All tests finished running, Sequence file will not be generated.</Text>
      </RunInfo>
    </RunInfos>
  </ResultSummary>
</TestRun>