<?xml version="1.0" encoding="utf-8"?>
<TestRun id="817681ce-0f8a-48ef-b884-b5507af4c7b4" name="anna@cloudtest-win10 2023-01-23 00:01:40" runUser="cloudtest-win10\anna" xmlns="http://microsoft.com/schemas/VisualStudio/TeamTest/2010">
  <Times creation="2023-01-23T00:01:40.0525322+00:00" queuing="2023-01-23T00:01:40.0525331+00:00" start="2023-01-23T00:01:30.8021586+00:00" finish="2023-01-23T00:01:40.0905903+00:00" />
  <TestSettings name="default" id="f36946a9-ea6b-4a56-ac0b-abe2f7e09b1c">
    <Deployment runDeploymentRoot="anna_cloudtest-win10_2023-01-23_00_01_40" />
  </TestSettings>
  <Results>
    <UnitTestResult executionId="814b9657-ab24-4414-ad83-4582766dbfb6" testId="7d547514-35c0-e668-e8e4-93a3599bef84" testName="Tester.AzureUtils.AzureTableGrainDirectoryTests.UnregisterMany" computerName="cloudtest-win10" duration="00:00:04.3554045" startTime="2023-01-23T00:01:39.7411037+00:00" endTime="2023-01-23T00:01:39.7411626+00:00" testType="13cdc9d9-ddb5-4fa4-a97d-d965ccfc6d4b" outcome="Passed" testListId="8c84fa94-04c1-424b-9868-57a2d4851a1d" relativeResultsDirectory="814b9657-ab24-4414-ad83-4582766dbfb6" />
  </Results>
  <TestDefinitions>
    <UnitTest name="Tester.AzureUtils.AzureTableGrainDirectoryTests.UnregisterMany" storage="c:\users\anna\orleans\test\extensions\testerazureutils\bin\debug\net7.0\tester.azureutils.dll" id="7d547514-35c0-e668-e8e4-93a3599bef84">
      <Execution id="814b9657-ab24-4414-ad83-4582766dbfb6" />
      <TestMethod codeBase="C:\Users\anna\orleans\test\Extensions\TesterAzureUtils\bin\Debug\net7.0\Tester.AzureUtils.dll" adapterTypeName="executor://xunit/VsTestRunner2/netcoreapp" className="Tester.AzureUtils.AzureTableGrainDirectoryTests" name="UnregisterMany" />
    </UnitTest>
  </TestDefinitions>
  <TestEntries>
    <TestEntry testId="7d547514-35c0-e668-e8e4-93a3599bef84" executionId="814b9657-ab24-4414-ad83-4582766dbfb6" testListId="8c84fa94-04c1-424b-9868-57a2d4851a1d" />
  </TestEntries>
  <TestLists>
    <TestList name="Results Not in a List" id="8c84fa94-04c1-424b-9868-57a2d4851a1d" />
    <TestList name="All Loaded Results" id="19431567-8539-422a-85d7-44ee4e166bda" />
  </TestLists>
  <ResultSummary outcome="Completed">
    <Counters total="1" executed="1" passed="1" failed="0" error="0" timeout="0" aborted="0" inconclusive="0" passedButRunAborted="0" notRunnable="0" notExecuted="0" disconnected="0" warning="0" completed="0" inProgress="0" pending="0" />
    <Output>
      <StdOut>[xUnit.net 00:00:00.00] xUnit.net VSTest Adapter v2.4.5+1caef2f33e (64-bit .NET 7.0.2)&#xD;
[xUnit.net 00:00:01.27]   Discovering: Tester.AzureUtils (method display = ClassAndMethod, method display options = None)&#xD;
[xUnit.net 00:00:01.49]   Discovered:  Tester.AzureUtils (found 246 test cases)&#xD;
[xUnit.net 00:00:01.50]   Starting:    Tester.AzureUtils (parallel test collections = off, max threads = 4)&#xD;
[xUnit.net 00:00:05.96]   Finished:    Tester.AzureUtils&#xD;
</StdOut>
    </Output>
    <RunInfos>
      <RunInfo computerName="cloudtest-win10" outcome="Warning" timestamp="2023-01-23T00:01:39.9053927+00:00">
        <Text>Data collector 'Blame' message: All tests finished running, Sequence file will not be generated.</Text>
      </RunInfo>
    </RunInfos>
  </ResultSummary>
</TestRun>