<?xml version="1.0" encoding="utf-8"?>
<TestRun id="365104b3-1ebb-42e9-9d37-d17cda388166" name="anna@cloudtest-win10 2023-01-25 00:58:07" runUser="cloudtest-win10\anna" xmlns="http://microsoft.com/schemas/VisualStudio/TeamTest/2010">
  <Times creation="2023-01-25T00:58:07.4610155+00:00" queuing="2023-01-25T00:58:07.4610160+00:00" start="2023-01-25T00:57:38.8749725+00:00" finish="2023-01-25T00:58:07.4977832+00:00" />
  <TestSettings name="default" id="172eeabb-6e56-47de-814f-8a668898e47c">
    <Deployment runDeploymentRoot="anna_cloudtest-win10_2023-01-25_00_58_07" />
  </TestSettings>
  <Results>
    <UnitTestResult executionId="b2fb7a3c-a909-4b8f-8604-1abc6f9766a9" testId="e65e02e4-96be-60b3-5f98-1837de94bfc5" testName="Tester.AzureUtils.Streaming.AQStreamingTests.AQ_14_SameGrain_ProducerFirstConsumerLater" computerName="cloudtest-win10" duration="00:00:04.6755476" startTime="2023-01-25T00:58:07.1396930+00:00" endTime="2023-01-25T00:58:07.1397385+00:00" testType="13cdc9d9-ddb5-4fa4-a97d-d965ccfc6d4b" outcome="Passed" testListId="8c84fa94-04c1-424b-9868-57a2d4851a1d" relativeResultsDirectory="b2fb7a3c-a909-4b8f-8604-1abc6f9766a9" />
  </Results>
  <TestDefinitions>
    <UnitTest name="Tester.AzureUtils.Streaming.AQStreamingTests.AQ_14_SameGrain_ProducerFirstConsumerLater" storage="c:\users\anna\orleans\test\extensions\testerazureutils\bin\debug\net7.0\tester.azureutils.dll" id="e65e02e4-96be-60b3-5f98-1837de94bfc5">
      <Execution id="b2fb7a3c-a909-4b8f-8604-1abc6f9766a9" />
      <TestMethod codeBase="C:\Users\anna\orleans\test\Extensions\TesterAzureUtils\bin\Debug\net7.0\Tester.AzureUtils.dll" adapterTypeName="executor://xunit/VsTestRunner2/netcoreapp" className="Tester.AzureUtils.Streaming.AQStreamingTests" name="AQ_14_SameGrain_ProducerFirstConsumerLater" />
    </UnitTest>
  </TestDefinitions>
  <TestEntries>
    <TestEntry testId="e65e02e4-96be-60b3-5f98-1837de94bfc5" executionId="b2fb7a3c-a909-4b8f-8604-1abc6f9766a9" testListId="8c84fa94-04c1-424b-9868-57a2d4851a1d" />
  </TestEntries>
  <TestLists>
    <TestList name="Results Not in a List" id="8c84fa94-04c1-424b-9868-57a2d4851a1d" />
    <TestList name="All Loaded Results" id="19431567-8539-422a-85d7-44ee4e166bda" />
  </TestLists>
  <ResultSummary outcome="Completed">
    <Counters total="1" executed="1" passed="1" failed="0" error="0" timeout="0" aborted="0" inconclusive="0" passedButRunAborted="0" notRunnable="0" notExecuted="0" disconnected="0" warning="0" completed="0" inProgress="0" pending="0" />
    <Output>
      <StdOut>[xUnit.net 00:00:00.00] xUnit.net VSTest Adapter v2.4.5+1caef2f33e (64-bit .NET 7.0.2)&#xD;
[xUnit.net 00:00:01.26]   Discovering: Tester.AzureUtils (method display = ClassAndMethod, method display options = None)&#xD;
[xUnit.net 00:00:01.47]   Discovered:  Tester.AzureUtils (found 246 test cases)&#xD;
[xUnit.net 00:00:01.48]   Starting:    Tester.AzureUtils (parallel test collections = off, max threads = 4)&#xD;
[xUnit.net 00:00:25.33]   Finished:    Tester.AzureUtils&#xD;
</StdOut>
    </Output>
    <RunInfos>
      <RunInfo computerName="cloudtest-win10" outcome="Warning" timestamp="2023-01-25T00:58:07.3154631+00:00">
        <Text>Data collector 'Blame' message: All tests finished running, Sequence file will not be generated.</Text>
      </RunInfo>
    </RunInfos>
  </ResultSummary>
</TestRun>