<?xml version="1.0" encoding="utf-8"?>
<TestRun id="2efaca5a-9b8c-4944-be95-98caab24d06a" name="anna@cloudtest-win10 2023-01-24 21:59:52" runUser="cloudtest-win10\anna" xmlns="http://microsoft.com/schemas/VisualStudio/TeamTest/2010">
  <Times creation="2023-01-24T21:59:52.5398124+00:00" queuing="2023-01-24T21:59:52.5398130+00:00" start="2023-01-24T21:59:25.2643114+00:00" finish="2023-01-24T21:59:52.5770722+00:00" />
  <TestSettings name="default" id="81ba915b-d2d8-4d76-bff0-6d403dfb07e5">
    <Deployment runDeploymentRoot="anna_cloudtest-win10_2023-01-24_21_59_52" />
  </TestSettings>
  <Results>
    <UnitTestResult executionId="83989791-2907-4d3b-9d75-901f214516c3" testId="46917de2-37bc-a8c3-cb56-27820ddba90b" testName="Tester.AzureUtils.Streaming.AQStreamingTests.AQ_13_SameGrain_ConsumerFirstProducerLater" computerName="cloudtest-win10" duration="00:00:04.4229117" startTime="2023-01-24T21:59:52.2389995+00:00" endTime="2023-01-24T21:59:52.2390437+00:00" testType="13cdc9d9-ddb5-4fa4-a97d-d965ccfc6d4b" outcome="Passed" testListId="8c84fa94-04c1-424b-9868-57a2d4851a1d" relativeResultsDirectory="83989791-2907-4d3b-9d75-901f214516c3" />
  </Results>
  <TestDefinitions>
    <UnitTest name="Tester.AzureUtils.Streaming.AQStreamingTests.AQ_13_SameGrain_ConsumerFirstProducerLater" storage="c:\users\anna\orleans\test\extensions\testerazureutils\bin\debug\net7.0\tester.azureutils.dll" id="46917de2-37bc-a8c3-cb56-27820ddba90b">
      <Execution id="83989791-2907-4d3b-9d75-901f214516c3" />
      <TestMethod codeBase="C:\Users\anna\orleans\test\Extensions\TesterAzureUtils\bin\Debug\net7.0\Tester.AzureUtils.dll" adapterTypeName="executor://xunit/VsTestRunner2/netcoreapp" className="Tester.AzureUtils.Streaming.AQStreamingTests" name="AQ_13_SameGrain_ConsumerFirstProducerLater" />
    </UnitTest>
  </TestDefinitions>
  <TestEntries>
    <TestEntry testId="46917de2-37bc-a8c3-cb56-27820ddba90b" executionId="83989791-2907-4d3b-9d75-901f214516c3" testListId="8c84fa94-04c1-424b-9868-57a2d4851a1d" />
  </TestEntries>
  <TestLists>
    <TestList name="Results Not in a List" id="8c84fa94-04c1-424b-9868-57a2d4851a1d" />
    <TestList name="All Loaded Results" id="19431567-8539-422a-85d7-44ee4e166bda" />
  </TestLists>
  <ResultSummary outcome="Completed">
    <Counters total="1" executed="1" passed="1" failed="0" error="0" timeout="0" aborted="0" inconclusive="0" passedButRunAborted="0" notRunnable="0" notExecuted="0" disconnected="0" warning="0" completed="0" inProgress="0" pending="0" />
    <Output>
      <StdOut>[xUnit.net 00:00:00.00] xUnit.net VSTest Adapter v2.4.5+1caef2f33e (64-bit .NET 7.0.2)&#xD;
[xUnit.net 00:00:01.25]   Discovering: Tester.AzureUtils (method display = ClassAndMethod, method display options = None)&#xD;
[xUnit.net 00:00:01.45]   Discovered:  Tester.AzureUtils (found 246 test cases)&#xD;
[xUnit.net 00:00:01.47]   Starting:    Tester.AzureUtils (parallel test collections = off, max threads = 4)&#xD;
[xUnit.net 00:00:24.04]   Finished:    Tester.AzureUtils&#xD;
</StdOut>
    </Output>
    <RunInfos>
      <RunInfo computerName="cloudtest-win10" outcome="Warning" timestamp="2023-01-24T21:59:52.3973737+00:00">
        <Text>Data collector 'Blame' message: All tests finished running, Sequence file will not be generated.</Text>
      </RunInfo>
    </RunInfos>
  </ResultSummary>
</TestRun>