<?xml version="1.0" encoding="utf-8"?>
<TestRun id="ea8af14d-b08c-4e88-90cc-6dc9367185e8" name="anna@cloudtest-win10 2023-01-24 21:58:53" runUser="cloudtest-win10\anna" xmlns="http://microsoft.com/schemas/VisualStudio/TeamTest/2010">
  <Times creation="2023-01-24T21:58:53.7174577+00:00" queuing="2023-01-24T21:58:53.7174593+00:00" start="2023-01-24T21:58:26.0537507+00:00" finish="2023-01-24T21:58:53.7535011+00:00" />
  <TestSettings name="default" id="5e7fda6b-0e30-4e5f-bf00-29d290161cae">
    <Deployment runDeploymentRoot="anna_cloudtest-win10_2023-01-24_21_58_53" />
  </TestSettings>
  <Results>
    <UnitTestResult executionId="15ce2c33-cbfa-4897-b21a-6559f55ed917" testId="46917de2-37bc-a8c3-cb56-27820ddba90b" testName="Tester.AzureUtils.Streaming.AQStreamingTests.AQ_13_SameGrain_ConsumerFirstProducerLater" computerName="cloudtest-win10" duration="00:00:04.7954791" startTime="2023-01-24T21:58:53.4075681+00:00" endTime="2023-01-24T21:58:53.4076130+00:00" testType="13cdc9d9-ddb5-4fa4-a97d-d965ccfc6d4b" outcome="Passed" testListId="8c84fa94-04c1-424b-9868-57a2d4851a1d" relativeResultsDirectory="15ce2c33-cbfa-4897-b21a-6559f55ed917" />
  </Results>
  <TestDefinitions>
    <UnitTest name="Tester.AzureUtils.Streaming.AQStreamingTests.AQ_13_SameGrain_ConsumerFirstProducerLater" storage="c:\users\anna\orleans\test\extensions\testerazureutils\bin\debug\net7.0\tester.azureutils.dll" id="46917de2-37bc-a8c3-cb56-27820ddba90b">
      <Execution id="15ce2c33-cbfa-4897-b21a-6559f55ed917" />
      <TestMethod codeBase="C:\Users\anna\orleans\test\Extensions\TesterAzureUtils\bin\Debug\net7.0\Tester.AzureUtils.dll" adapterTypeName="executor://xunit/VsTestRunner2/netcoreapp" className="Tester.AzureUtils.Streaming.AQStreamingTests" name="AQ_13_SameGrain_ConsumerFirstProducerLater" />
    </UnitTest>
  </TestDefinitions>
  <TestEntries>
    <TestEntry testId="46917de2-37bc-a8c3-cb56-27820ddba90b" executionId="15ce2c33-cbfa-4897-b21a-6559f55ed917" testListId="8c84fa94-04c1-424b-9868-57a2d4851a1d" />
  </TestEntries>
  <TestLists>
    <TestList name="Results Not in a List" id="8c84fa94-04c1-424b-9868-57a2d4851a1d" />
    <TestList name="All Loaded Results" id="19431567-8539-422a-85d7-44ee4e166bda" />
  </TestLists>
  <ResultSummary outcome="Completed">
    <Counters total="1" executed="1" passed="1" failed="0" error="0" timeout="0" aborted="0" inconclusive="0" passedButRunAborted="0" notRunnable="0" notExecuted="0" disconnected="0" warning="0" completed="0" inProgress="0" pending="0" />
    <Output>
      <StdOut>[xUnit.net 00:00:00.00] xUnit.net VSTest Adapter v2.4.5+1caef2f33e (64-bit .NET 7.0.2)&#xD;
[xUnit.net 00:00:01.24]   Discovering: Tester.AzureUtils (method display = ClassAndMethod, method display options = None)&#xD;
[xUnit.net 00:00:01.45]   Discovered:  Tester.AzureUtils (found 246 test cases)&#xD;
[xUnit.net 00:00:01.46]   Starting:    Tester.AzureUtils (parallel test collections = off, max threads = 4)&#xD;
[xUnit.net 00:00:24.42]   Finished:    Tester.AzureUtils&#xD;
</StdOut>
    </Output>
    <RunInfos>
      <RunInfo computerName="cloudtest-win10" outcome="Warning" timestamp="2023-01-24T21:58:53.5705055+00:00">
        <Text>Data collector 'Blame' message: All tests finished running, Sequence file will not be generated.</Text>
      </RunInfo>
    </RunInfos>
  </ResultSummary>
</TestRun>