<?xml version="1.0" encoding="utf-8"?>
<TestRun id="05f81fe6-f586-4a04-92b6-80558a41036e" name="anna@cloudtest-win10 2023-01-24 21:26:41" runUser="cloudtest-win10\anna" xmlns="http://microsoft.com/schemas/VisualStudio/TeamTest/2010">
  <Times creation="2023-01-24T21:26:41.2258331+00:00" queuing="2023-01-24T21:26:41.2258338+00:00" start="2023-01-24T21:25:46.8381428+00:00" finish="2023-01-24T21:26:41.2655470+00:00" />
  <TestSettings name="default" id="6bf65f83-2071-414d-8e78-cb50a027cb13">
    <Deployment runDeploymentRoot="anna_cloudtest-win10_2023-01-24_21_26_41" />
  </TestSettings>
  <Results>
    <UnitTestResult executionId="3a87d94c-546b-4ade-ae73-f93864ca5065" testId="117ab365-9142-4859-372c-a786b1339fb7" testName="Tester.AzureUtils.Streaming.AQStreamingTests.AQ_05_ManyDifferent_ManyProducerGrainsManyConsumerGrains" computerName="cloudtest-win10" duration="00:00:31.7958195" startTime="2023-01-24T21:26:40.9206782+00:00" endTime="2023-01-24T21:26:40.9207410+00:00" testType="13cdc9d9-ddb5-4fa4-a97d-d965ccfc6d4b" outcome="Failed" testListId="8c84fa94-04c1-424b-9868-57a2d4851a1d" relativeResultsDirectory="3a87d94c-546b-4ade-ae73-f93864ca5065">
      <Output>
        <ErrorInfo>
          <Message>Assert.Equal() Failure&#xD;
Expected: 90&#xD;
Actual:   93</Message>
          <StackTrace>   at UnitTests.StreamingTests.SingleStreamTestRunner.CheckCounters(ProducerProxy producer, ConsumerProxy consumer, Boolean assertAreEqual) in C:\Users\anna\orleans\test\TesterInternal\StreamingTests\SingleStreamTestRunner.cs:line 479&#xD;
   at UnitTests.StreamingTests.SingleStreamTestRunner.BasicTestAsync(Boolean fullTest) in C:\Users\anna\orleans\test\TesterInternal\StreamingTests\SingleStreamTestRunner.cs:line 442&#xD;
   at UnitTests.StreamingTests.SingleStreamTestRunner.StreamTest_05_ManyDifferent_ManyProducerGrainsManyConsumerGrains() in C:\Users\anna\orleans\test\TesterInternal\StreamingTests\SingleStreamTestRunner.cs:line 122&#xD;
   at Tester.AzureUtils.Streaming.AQStreamingTests.AQ_05_ManyDifferent_ManyProducerGrainsManyConsumerGrains() in C:\Users\anna\orleans\test\Extensions\TesterAzureUtils\Streaming\AQStreamingTests.cs:line 121&#xD;
--- End of stack trace from previous location ---</StackTrace>
        </ErrorInfo>
      </Output>
    </UnitTestResult>
  </Results>
  <TestDefinitions>
    <UnitTest name="Tester.AzureUtils.Streaming.AQStreamingTests.AQ_05_ManyDifferent_ManyProducerGrainsManyConsumerGrains" storage="c:\users\anna\orleans\test\extensions\testerazureutils\bin\debug\net7.0\tester.azureutils.dll" id="117ab365-9142-4859-372c-a786b1339fb7">
      <Execution id="3a87d94c-546b-4ade-ae73-f93864ca5065" />
      <TestMethod codeBase="C:\Users\anna\orleans\test\Extensions\TesterAzureUtils\bin\Debug\net7.0\Tester.AzureUtils.dll" adapterTypeName="executor://xunit/VsTestRunner2/netcoreapp" className="Tester.AzureUtils.Streaming.AQStreamingTests" name="AQ_05_ManyDifferent_ManyProducerGrainsManyConsumerGrains" />
    </UnitTest>
  </TestDefinitions>
  <TestEntries>
    <TestEntry testId="117ab365-9142-4859-372c-a786b1339fb7" executionId="3a87d94c-546b-4ade-ae73-f93864ca5065" testListId="8c84fa94-04c1-424b-9868-57a2d4851a1d" />
  </TestEntries>
  <TestLists>
    <TestList name="Results Not in a List" id="8c84fa94-04c1-424b-9868-57a2d4851a1d" />
    <TestList name="All Loaded Results" id="19431567-8539-422a-85d7-44ee4e166bda" />
  </TestLists>
  <ResultSummary outcome="Failed">
    <Counters total="1" executed="1" passed="0" failed="1" error="0" timeout="0" aborted="0" inconclusive="0" passedButRunAborted="0" notRunnable="0" notExecuted="0" disconnected="0" warning="0" completed="0" inProgress="0" pending="0" />
    <Output>
      <StdOut>[xUnit.net 00:00:00.00] xUnit.net VSTest Adapter v2.4.5+1caef2f33e (64-bit .NET 7.0.2)&#xD;
[xUnit.net 00:00:01.25]   Discovering: Tester.AzureUtils (method display = ClassAndMethod, method display options = None)&#xD;
[xUnit.net 00:00:01.47]   Discovered:  Tester.AzureUtils (found 246 test cases)&#xD;
[xUnit.net 00:00:01.49]   Starting:    Tester.AzureUtils (parallel test collections = off, max threads = 4)&#xD;
[xUnit.net 00:00:51.17]       Assert.Equal() Failure&#xD;
[xUnit.net 00:00:51.17]       Expected: 90&#xD;
[xUnit.net 00:00:51.17]       Actual:   93&#xD;
[xUnit.net 00:00:51.17]       Stack Trace:&#xD;
[xUnit.net 00:00:51.17]         C:\Users\anna\orleans\test\TesterInternal\StreamingTests\SingleStreamTestRunner.cs(479,0): at UnitTests.StreamingTests.SingleStreamTestRunner.CheckCounters(ProducerProxy producer, ConsumerProxy consumer, Boolean assertAreEqual)&#xD;
[xUnit.net 00:00:51.17]         C:\Users\anna\orleans\test\TesterInternal\StreamingTests\SingleStreamTestRunner.cs(442,0): at UnitTests.StreamingTests.SingleStreamTestRunner.BasicTestAsync(Boolean fullTest)&#xD;
[xUnit.net 00:00:51.17]         C:\Users\anna\orleans\test\TesterInternal\StreamingTests\SingleStreamTestRunner.cs(122,0): at UnitTests.StreamingTests.SingleStreamTestRunner.StreamTest_05_ManyDifferent_ManyProducerGrainsManyConsumerGrains()&#xD;
[xUnit.net 00:00:51.17]         C:\Users\anna\orleans\test\Extensions\TesterAzureUtils\Streaming\AQStreamingTests.cs(121,0): at Tester.AzureUtils.Streaming.AQStreamingTests.AQ_05_ManyDifferent_ManyProducerGrainsManyConsumerGrains()&#xD;
[xUnit.net 00:00:51.17]         --- End of stack trace from previous location ---&#xD;
[xUnit.net 00:00:51.21]   Finished:    Tester.AzureUtils&#xD;
</StdOut>
    </Output>
    <RunInfos>
      <RunInfo computerName="cloudtest-win10" outcome="Min" timestamp="2023-01-24T21:26:40.9149380+00:00">
        <Text>[xUnit.net 00:00:51.17]     Tester.AzureUtils.Streaming.AQStreamingTests.AQ_05_ManyDifferent_ManyProducerGrainsManyConsumerGrains [FAIL]</Text>
      </RunInfo>
      <RunInfo computerName="cloudtest-win10" outcome="Warning" timestamp="2023-01-24T21:26:41.0833493+00:00">
        <Text>Data collector 'Blame' message: All tests finished running, Sequence file will not be generated.</Text>
      </RunInfo>
    </RunInfos>
  </ResultSummary>
</TestRun>