<?xml version="1.0" encoding="utf-8"?>
<TestRun id="214c90eb-9372-4df7-a4e0-ee10e8eaec4e" name="anna@cloudtest-win10 2023-01-24 21:24:44" runUser="cloudtest-win10\anna" xmlns="http://microsoft.com/schemas/VisualStudio/TeamTest/2010">
  <Times creation="2023-01-24T21:24:44.2741818+00:00" queuing="2023-01-24T21:24:44.2741823+00:00" start="2023-01-24T21:24:15.6308598+00:00" finish="2023-01-24T21:24:44.3092407+00:00" />
  <TestSettings name="default" id="ef4fca21-ff20-48af-85a6-b8ff77478e9d">
    <Deployment runDeploymentRoot="anna_cloudtest-win10_2023-01-24_21_24_44" />
  </TestSettings>
  <Results>
    <UnitTestResult executionId="43897877-3dd7-482d-8aae-bc3aedb10ede" testId="117ab365-9142-4859-372c-a786b1339fb7" testName="Tester.AzureUtils.Streaming.AQStreamingTests.AQ_05_ManyDifferent_ManyProducerGrainsManyConsumerGrains" computerName="cloudtest-win10" duration="00:00:05.8329836" startTime="2023-01-24T21:24:43.9591667+00:00" endTime="2023-01-24T21:24:43.9592123+00:00" testType="13cdc9d9-ddb5-4fa4-a97d-d965ccfc6d4b" outcome="Passed" testListId="8c84fa94-04c1-424b-9868-57a2d4851a1d" relativeResultsDirectory="43897877-3dd7-482d-8aae-bc3aedb10ede" />
  </Results>
  <TestDefinitions>
    <UnitTest name="Tester.AzureUtils.Streaming.AQStreamingTests.AQ_05_ManyDifferent_ManyProducerGrainsManyConsumerGrains" storage="c:\users\anna\orleans\test\extensions\testerazureutils\bin\debug\net7.0\tester.azureutils.dll" id="117ab365-9142-4859-372c-a786b1339fb7">
      <Execution id="43897877-3dd7-482d-8aae-bc3aedb10ede" />
      <TestMethod codeBase="C:\Users\anna\orleans\test\Extensions\TesterAzureUtils\bin\Debug\net7.0\Tester.AzureUtils.dll" adapterTypeName="executor://xunit/VsTestRunner2/netcoreapp" className="Tester.AzureUtils.Streaming.AQStreamingTests" name="AQ_05_ManyDifferent_ManyProducerGrainsManyConsumerGrains" />
    </UnitTest>
  </TestDefinitions>
  <TestEntries>
    <TestEntry testId="117ab365-9142-4859-372c-a786b1339fb7" executionId="43897877-3dd7-482d-8aae-bc3aedb10ede" testListId="8c84fa94-04c1-424b-9868-57a2d4851a1d" />
  </TestEntries>
  <TestLists>
    <TestList name="Results Not in a List" id="8c84fa94-04c1-424b-9868-57a2d4851a1d" />
    <TestList name="All Loaded Results" id="19431567-8539-422a-85d7-44ee4e166bda" />
  </TestLists>
  <ResultSummary outcome="Completed">
    <Counters total="1" executed="1" passed="1" failed="0" error="0" timeout="0" aborted="0" inconclusive="0" passedButRunAborted="0" notRunnable="0" notExecuted="0" disconnected="0" warning="0" completed="0" inProgress="0" pending="0" />
    <Output>
      <StdOut>[xUnit.net 00:00:00.00] xUnit.net VSTest Adapter v2.4.5+1caef2f33e (64-bit .NET 7.0.2)&#xD;
[xUnit.net 00:00:01.24]   Discovering: Tester.AzureUtils (method display = ClassAndMethod, method display options = None)&#xD;
[xUnit.net 00:00:01.44]   Discovered:  Tester.AzureUtils (found 246 test cases)&#xD;
[xUnit.net 00:00:01.46]   Starting:    Tester.AzureUtils (parallel test collections = off, max threads = 4)&#xD;
[xUnit.net 00:00:25.46]   Finished:    Tester.AzureUtils&#xD;
</StdOut>
    </Output>
    <RunInfos>
      <RunInfo computerName="cloudtest-win10" outcome="Warning" timestamp="2023-01-24T21:24:44.1320020+00:00">
        <Text>Data collector 'Blame' message: All tests finished running, Sequence file will not be generated.</Text>
      </RunInfo>
    </RunInfos>
  </ResultSummary>
</TestRun>