<?xml version="1.0" encoding="utf-8"?>
<TestRun id="535ce129-80df-46bb-ad3c-c7304de6f83b" name="anna@cloudtest-win10 2023-01-22 19:41:51" runUser="cloudtest-win10\anna" xmlns="http://microsoft.com/schemas/VisualStudio/TeamTest/2010">
  <Times creation="2023-01-22T19:41:51.2735472+00:00" queuing="2023-01-22T19:41:51.2735479+00:00" start="2023-01-22T19:41:45.5373067+00:00" finish="2023-01-22T19:41:51.3129912+00:00" />
  <TestSettings name="default" id="b1abd4a5-25c3-4e72-85c6-5babc7dbdec7">
    <Deployment runDeploymentRoot="anna_cloudtest-win10_2023-01-22_19_41_51" />
  </TestSettings>
  <Results>
    <UnitTestResult executionId="b4cca66e-1009-4dc7-aca1-25ba8e75d281" testId="b022214c-8457-f389-e810-35b621e8360f" testName="Tester.AzureUtils.AzureQueueDataManagerTests.AQ_Standalone_4" computerName="cloudtest-win10" duration="00:00:00.7661804" startTime="2023-01-22T19:41:50.9579067+00:00" endTime="2023-01-22T19:41:50.9579513+00:00" testType="13cdc9d9-ddb5-4fa4-a97d-d965ccfc6d4b" outcome="Failed" testListId="8c84fa94-04c1-424b-9868-57a2d4851a1d" relativeResultsDirectory="b4cca66e-1009-4dc7-aca1-25ba8e75d281">
      <Output>
        <ErrorInfo>
          <Message>Assert.Equal() Failure&#xD;
Expected: 1&#xD;
Actual:   2</Message>
          <StackTrace>   at Tester.AzureUtils.AzureQueueDataManagerTests.AQ_Standalone_4() in C:\Users\anna\orleans\test\Extensions\TesterAzureUtils\AzureQueueDataManagerTests.cs:line 140&#xD;
--- End of stack trace from previous location ---</StackTrace>
        </ErrorInfo>
      </Output>
    </UnitTestResult>
  </Results>
  <TestDefinitions>
    <UnitTest name="Tester.AzureUtils.AzureQueueDataManagerTests.AQ_Standalone_4" storage="c:\users\anna\orleans\test\extensions\testerazureutils\bin\debug\net7.0\tester.azureutils.dll" id="b022214c-8457-f389-e810-35b621e8360f">
      <Execution id="b4cca66e-1009-4dc7-aca1-25ba8e75d281" />
      <TestMethod codeBase="C:\Users\anna\orleans\test\Extensions\TesterAzureUtils\bin\Debug\net7.0\Tester.AzureUtils.dll" adapterTypeName="executor://xunit/VsTestRunner2/netcoreapp" className="Tester.AzureUtils.AzureQueueDataManagerTests" name="AQ_Standalone_4" />
    </UnitTest>
  </TestDefinitions>
  <TestEntries>
    <TestEntry testId="b022214c-8457-f389-e810-35b621e8360f" executionId="b4cca66e-1009-4dc7-aca1-25ba8e75d281" testListId="8c84fa94-04c1-424b-9868-57a2d4851a1d" />
  </TestEntries>
  <TestLists>
    <TestList name="Results Not in a List" id="8c84fa94-04c1-424b-9868-57a2d4851a1d" />
    <TestList name="All Loaded Results" id="19431567-8539-422a-85d7-44ee4e166bda" />
  </TestLists>
  <ResultSummary outcome="Failed">
    <Counters total="1" executed="1" passed="0" failed="1" error="0" timeout="0" aborted="0" inconclusive="0" passedButRunAborted="0" notRunnable="0" notExecuted="0" disconnected="0" warning="0" completed="0" inProgress="0" pending="0" />
    <Output>
      <StdOut>[xUnit.net 00:00:00.00] xUnit.net VSTest Adapter v2.4.5+1caef2f33e (64-bit .NET 7.0.2)&#xD;
[xUnit.net 00:00:01.27]   Discovering: Tester.AzureUtils (method display = ClassAndMethod, method display options = None)&#xD;
[xUnit.net 00:00:01.48]   Discovered:  Tester.AzureUtils (found 246 test cases)&#xD;
[xUnit.net 00:00:01.50]   Starting:    Tester.AzureUtils (parallel test collections = off, max threads = 4)&#xD;
[xUnit.net 00:00:02.45]       Assert.Equal() Failure&#xD;
[xUnit.net 00:00:02.45]       Expected: 1&#xD;
[xUnit.net 00:00:02.45]       Actual:   2&#xD;
[xUnit.net 00:00:02.45]       Stack Trace:&#xD;
[xUnit.net 00:00:02.45]         C:\Users\anna\orleans\test\Extensions\TesterAzureUtils\AzureQueueDataManagerTests.cs(140,0): at Tester.AzureUtils.AzureQueueDataManagerTests.AQ_Standalone_4()&#xD;
[xUnit.net 00:00:02.45]         --- End of stack trace from previous location ---&#xD;
[xUnit.net 00:00:02.49]   Finished:    Tester.AzureUtils&#xD;
</StdOut>
    </Output>
    <RunInfos>
      <RunInfo computerName="cloudtest-win10" outcome="Min" timestamp="2023-01-22T19:41:50.9530517+00:00">
        <Text>[xUnit.net 00:00:02.45]     Tester.AzureUtils.AzureQueueDataManagerTests.AQ_Standalone_4 [FAIL]</Text>
      </RunInfo>
      <RunInfo computerName="cloudtest-win10" outcome="Warning" timestamp="2023-01-22T19:41:51.1228310+00:00">
        <Text>Data collector 'Blame' message: All tests finished running, Sequence file will not be generated.</Text>
      </RunInfo>
    </RunInfos>
  </ResultSummary>
</TestRun>