<?xml version="1.0" encoding="utf-8"?>
<TestRun id="f65e7b1d-d47a-4cb6-ba60-65f80726d762" name="anna@cloudtest-win10 2023-01-22 19:42:09" runUser="cloudtest-win10\anna" xmlns="http://microsoft.com/schemas/VisualStudio/TeamTest/2010">
  <Times creation="2023-01-22T19:42:09.0827079+00:00" queuing="2023-01-22T19:42:09.0827086+00:00" start="2023-01-22T19:42:01.3242810+00:00" finish="2023-01-22T19:42:09.1181499+00:00" />
  <TestSettings name="default" id="da2ca74f-2833-4c49-a61e-79f13bcb6a00">
    <Deployment runDeploymentRoot="anna_cloudtest-win10_2023-01-22_19_42_09" />
  </TestSettings>
  <Results>
    <UnitTestResult executionId="26b9304a-b725-4a15-bbc8-d7fc77e6ecf1" testId="b022214c-8457-f389-e810-35b621e8360f" testName="Tester.AzureUtils.AzureQueueDataManagerTests.AQ_Standalone_4" computerName="cloudtest-win10" duration="00:00:02.8679496" startTime="2023-01-22T19:42:08.7771250+00:00" endTime="2023-01-22T19:42:08.7771718+00:00" testType="13cdc9d9-ddb5-4fa4-a97d-d965ccfc6d4b" outcome="Passed" testListId="8c84fa94-04c1-424b-9868-57a2d4851a1d" relativeResultsDirectory="26b9304a-b725-4a15-bbc8-d7fc77e6ecf1" />
  </Results>
  <TestDefinitions>
    <UnitTest name="Tester.AzureUtils.AzureQueueDataManagerTests.AQ_Standalone_4" storage="c:\users\anna\orleans\test\extensions\testerazureutils\bin\debug\net7.0\tester.azureutils.dll" id="b022214c-8457-f389-e810-35b621e8360f">
      <Execution id="26b9304a-b725-4a15-bbc8-d7fc77e6ecf1" />
      <TestMethod codeBase="C:\Users\anna\orleans\test\Extensions\TesterAzureUtils\bin\Debug\net7.0\Tester.AzureUtils.dll" adapterTypeName="executor://xunit/VsTestRunner2/netcoreapp" className="Tester.AzureUtils.AzureQueueDataManagerTests" name="AQ_Standalone_4" />
    </UnitTest>
  </TestDefinitions>
  <TestEntries>
    <TestEntry testId="b022214c-8457-f389-e810-35b621e8360f" executionId="26b9304a-b725-4a15-bbc8-d7fc77e6ecf1" testListId="8c84fa94-04c1-424b-9868-57a2d4851a1d" />
  </TestEntries>
  <TestLists>
    <TestList name="Results Not in a List" id="8c84fa94-04c1-424b-9868-57a2d4851a1d" />
    <TestList name="All Loaded Results" id="19431567-8539-422a-85d7-44ee4e166bda" />
  </TestLists>
  <ResultSummary outcome="Completed">
    <Counters total="1" executed="1" passed="1" failed="0" error="0" timeout="0" aborted="0" inconclusive="0" passedButRunAborted="0" notRunnable="0" notExecuted="0" disconnected="0" warning="0" completed="0" inProgress="0" pending="0" />
    <Output>
      <StdOut>[xUnit.net 00:00:00.00] xUnit.net VSTest Adapter v2.4.5+1caef2f33e (64-bit .NET 7.0.2)&#xD;
[xUnit.net 00:00:01.26]   Discovering: Tester.AzureUtils (method display = ClassAndMethod, method display options = None)&#xD;
[xUnit.net 00:00:01.47]   Discovered:  Tester.AzureUtils (found 246 test cases)&#xD;
[xUnit.net 00:00:01.49]   Starting:    Tester.AzureUtils (parallel test collections = off, max threads = 4)&#xD;
[xUnit.net 00:00:04.52]   Finished:    Tester.AzureUtils&#xD;
</StdOut>
    </Output>
    <RunInfos>
      <RunInfo computerName="cloudtest-win10" outcome="Warning" timestamp="2023-01-22T19:42:08.9344451+00:00">
        <Text>Data collector 'Blame' message: All tests finished running, Sequence file will not be generated.</Text>
      </RunInfo>
    </RunInfos>
  </ResultSummary>
</TestRun>