<?xml version="1.0" encoding="utf-8"?>
<TestRun id="32fe0489-ff80-4626-b723-e86b3dc20a84" name="anna@cloudtest-win10 2023-01-24 01:50:54" runUser="cloudtest-win10\anna" xmlns="http://microsoft.com/schemas/VisualStudio/TeamTest/2010">
  <Times creation="2023-01-24T01:50:54.8142956+00:00" queuing="2023-01-24T01:50:54.8142960+00:00" start="2023-01-24T01:50:47.6824248+00:00" finish="2023-01-24T01:50:54.8513988+00:00" />
  <TestSettings name="default" id="174695bb-8f62-4dc2-a9ee-00a074225337">
    <Deployment runDeploymentRoot="anna_cloudtest-win10_2023-01-24_01_50_54" />
  </TestSettings>
  <Results>
    <UnitTestResult executionId="ff4ba1b2-356d-46cd-9efe-5a8b6fd6505d" testId="d8f5a3dc-7553-7c5e-0a7c-ee51dead7147" testName="Tester.AzureUtils.SiloInstanceTableManagerTests.SiloInstanceTable_FindAllGatewayProxyEndpoints" computerName="cloudtest-win10" duration="00:00:02.2552983" startTime="2023-01-24T01:50:54.5050402+00:00" endTime="2023-01-24T01:50:54.5051283+00:00" testType="13cdc9d9-ddb5-4fa4-a97d-d965ccfc6d4b" outcome="Passed" testListId="8c84fa94-04c1-424b-9868-57a2d4851a1d" relativeResultsDirectory="ff4ba1b2-356d-46cd-9efe-5a8b6fd6505d">
      <Output>
        <StdOut>ClusterId=test-779045df-a48f-42fe-ae00-ab4b5cb83d3b Generation=33529852&#xD;
Initializing SiloInstanceManager&#xD;
MyEntry=OrleansSilo [ Deployment=test-779045df-a48f-42fe-ae00-ab4b5cb83d3b LocalEndpoint=127.0.0.1 LocalPort=0 Generation=33529852 Host=127.0.0.1 Status= ProxyPort=30000 RoleName=MyRole SiloName=MyInstance UpgradeZone=0 FaultZone=0 StartTime=2023-01-24 01:50:53.939 GMT IAmAliveTime=]&#xD;
TestCleanup Timeout=00:01:00&#xD;
TestCleanup -  Finished</StdOut>
      </Output>
    </UnitTestResult>
  </Results>
  <TestDefinitions>
    <UnitTest name="Tester.AzureUtils.SiloInstanceTableManagerTests.SiloInstanceTable_FindAllGatewayProxyEndpoints" storage="c:\users\anna\orleans\test\extensions\testerazureutils\bin\debug\net7.0\tester.azureutils.dll" id="d8f5a3dc-7553-7c5e-0a7c-ee51dead7147">
      <Execution id="ff4ba1b2-356d-46cd-9efe-5a8b6fd6505d" />
      <TestMethod codeBase="C:\Users\anna\orleans\test\Extensions\TesterAzureUtils\bin\Debug\net7.0\Tester.AzureUtils.dll" adapterTypeName="executor://xunit/VsTestRunner2/netcoreapp" className="Tester.AzureUtils.SiloInstanceTableManagerTests" name="SiloInstanceTable_FindAllGatewayProxyEndpoints" />
    </UnitTest>
  </TestDefinitions>
  <TestEntries>
    <TestEntry testId="d8f5a3dc-7553-7c5e-0a7c-ee51dead7147" executionId="ff4ba1b2-356d-46cd-9efe-5a8b6fd6505d" testListId="8c84fa94-04c1-424b-9868-57a2d4851a1d" />
  </TestEntries>
  <TestLists>
    <TestList name="Results Not in a List" id="8c84fa94-04c1-424b-9868-57a2d4851a1d" />
    <TestList name="All Loaded Results" id="19431567-8539-422a-85d7-44ee4e166bda" />
  </TestLists>
  <ResultSummary outcome="Completed">
    <Counters total="1" executed="1" passed="1" failed="0" error="0" timeout="0" aborted="0" inconclusive="0" passedButRunAborted="0" notRunnable="0" notExecuted="0" disconnected="0" warning="0" completed="0" inProgress="0" pending="0" />
    <Output>
      <StdOut>[xUnit.net 00:00:00.00] xUnit.net VSTest Adapter v2.4.5+1caef2f33e (64-bit .NET 7.0.2)&#xD;
[xUnit.net 00:00:01.25]   Discovering: Tester.AzureUtils (method display = ClassAndMethod, method display options = None)&#xD;
[xUnit.net 00:00:01.47]   Discovered:  Tester.AzureUtils (found 246 test cases)&#xD;
[xUnit.net 00:00:01.48]   Starting:    Tester.AzureUtils (parallel test collections = off, max threads = 4)&#xD;
[xUnit.net 00:00:03.85]   Finished:    Tester.AzureUtils&#xD;
</StdOut>
    </Output>
    <RunInfos>
      <RunInfo computerName="cloudtest-win10" outcome="Warning" timestamp="2023-01-24T01:50:54.6641306+00:00">
        <Text>Data collector 'Blame' message: All tests finished running, Sequence file will not be generated.</Text>
      </RunInfo>
    </RunInfos>
  </ResultSummary>
</TestRun>