<?xml version="1.0" encoding="utf-8"?>
<TestRun id="8ba4544c-14b2-45f5-98e5-cc4d941d10f9" name="anna@cloudtest-win10 2023-01-24 01:50:45" runUser="cloudtest-win10\anna" xmlns="http://microsoft.com/schemas/VisualStudio/TeamTest/2010">
  <Times creation="2023-01-24T01:50:45.3631259+00:00" queuing="2023-01-24T01:50:45.3631265+00:00" start="2023-01-24T01:50:38.4133770+00:00" finish="2023-01-24T01:50:45.3999623+00:00" />
  <TestSettings name="default" id="fcfe55f9-841d-4b92-83bd-c1bd4935448d">
    <Deployment runDeploymentRoot="anna_cloudtest-win10_2023-01-24_01_50_45" />
  </TestSettings>
  <Results>
    <UnitTestResult executionId="9692e36b-0c05-4523-b834-a81b624e9b8b" testId="d8f5a3dc-7553-7c5e-0a7c-ee51dead7147" testName="Tester.AzureUtils.SiloInstanceTableManagerTests.SiloInstanceTable_FindAllGatewayProxyEndpoints" computerName="cloudtest-win10" duration="00:00:02.0886247" startTime="2023-01-24T01:50:45.0664121+00:00" endTime="2023-01-24T01:50:45.0664947+00:00" testType="13cdc9d9-ddb5-4fa4-a97d-d965ccfc6d4b" outcome="Passed" testListId="8c84fa94-04c1-424b-9868-57a2d4851a1d" relativeResultsDirectory="9692e36b-0c05-4523-b834-a81b624e9b8b">
      <Output>
        <StdOut>ClusterId=test-254d8b15-8be5-433d-a72b-46b788b6ddbf Generation=33529842&#xD;
Initializing SiloInstanceManager&#xD;
MyEntry=OrleansSilo [ Deployment=test-254d8b15-8be5-433d-a72b-46b788b6ddbf LocalEndpoint=127.0.0.1 LocalPort=0 Generation=33529842 Host=127.0.0.1 Status= ProxyPort=30000 RoleName=MyRole SiloName=MyInstance UpgradeZone=0 FaultZone=0 StartTime=2023-01-24 01:50:43.658 GMT IAmAliveTime=]&#xD;
TestCleanup Timeout=00:01:00&#xD;
TestCleanup -  Finished</StdOut>
      </Output>
    </UnitTestResult>
  </Results>
  <TestDefinitions>
    <UnitTest name="Tester.AzureUtils.SiloInstanceTableManagerTests.SiloInstanceTable_FindAllGatewayProxyEndpoints" storage="c:\users\anna\orleans\test\extensions\testerazureutils\bin\debug\net7.0\tester.azureutils.dll" id="d8f5a3dc-7553-7c5e-0a7c-ee51dead7147">
      <Execution id="9692e36b-0c05-4523-b834-a81b624e9b8b" />
      <TestMethod codeBase="C:\Users\anna\orleans\test\Extensions\TesterAzureUtils\bin\Debug\net7.0\Tester.AzureUtils.dll" adapterTypeName="executor://xunit/VsTestRunner2/netcoreapp" className="Tester.AzureUtils.SiloInstanceTableManagerTests" name="SiloInstanceTable_FindAllGatewayProxyEndpoints" />
    </UnitTest>
  </TestDefinitions>
  <TestEntries>
    <TestEntry testId="d8f5a3dc-7553-7c5e-0a7c-ee51dead7147" executionId="9692e36b-0c05-4523-b834-a81b624e9b8b" testListId="8c84fa94-04c1-424b-9868-57a2d4851a1d" />
  </TestEntries>
  <TestLists>
    <TestList name="Results Not in a List" id="8c84fa94-04c1-424b-9868-57a2d4851a1d" />
    <TestList name="All Loaded Results" id="19431567-8539-422a-85d7-44ee4e166bda" />
  </TestLists>
  <ResultSummary outcome="Completed">
    <Counters total="1" executed="1" passed="1" failed="0" error="0" timeout="0" aborted="0" inconclusive="0" passedButRunAborted="0" notRunnable="0" notExecuted="0" disconnected="0" warning="0" completed="0" inProgress="0" pending="0" />
    <Output>
      <StdOut>[xUnit.net 00:00:00.00] xUnit.net VSTest Adapter v2.4.5+1caef2f33e (64-bit .NET 7.0.2)&#xD;
[xUnit.net 00:00:01.28]   Discovering: Tester.AzureUtils (method display = ClassAndMethod, method display options = None)&#xD;
[xUnit.net 00:00:01.49]   Discovered:  Tester.AzureUtils (found 246 test cases)&#xD;
[xUnit.net 00:00:01.50]   Starting:    Tester.AzureUtils (parallel test collections = off, max threads = 4)&#xD;
[xUnit.net 00:00:03.71]   Finished:    Tester.AzureUtils&#xD;
</StdOut>
    </Output>
    <RunInfos>
      <RunInfo computerName="cloudtest-win10" outcome="Warning" timestamp="2023-01-24T01:50:45.2193668+00:00">
        <Text>Data collector 'Blame' message: All tests finished running, Sequence file will not be generated.</Text>
      </RunInfo>
    </RunInfos>
  </ResultSummary>
</TestRun>