<?xml version="1.0" encoding="utf-8"?>
<TestRun id="5e21615a-51ec-4847-bc4e-91e1888814c4" name="anna@cloudtest-win10 2023-01-22 18:59:23" runUser="cloudtest-win10\anna" xmlns="http://microsoft.com/schemas/VisualStudio/TeamTest/2010">
  <Times creation="2023-01-22T18:59:23.2677006+00:00" queuing="2023-01-22T18:59:23.2677015+00:00" start="2023-01-22T18:59:15.9252871+00:00" finish="2023-01-22T18:59:23.3048822+00:00" />
  <TestSettings name="default" id="364f1009-0475-46aa-b16e-6b5fe935a47c">
    <Deployment runDeploymentRoot="anna_cloudtest-win10_2023-01-22_18_59_23" />
  </TestSettings>
  <Results>
    <UnitTestResult executionId="1b704320-f2fc-4c75-9f82-942fd1f3319d" testId="70e86026-7a29-ca79-ae25-d05e1a09777c" testName="Tester.AzureUtils.AzureMembershipTableTests.MembershipTable_Azure_Init" computerName="cloudtest-win10" duration="00:00:01.4713672" startTime="2023-01-22T18:59:22.9483861+00:00" endTime="2023-01-22T18:59:22.9484396+00:00" testType="13cdc9d9-ddb5-4fa4-a97d-d965ccfc6d4b" outcome="Passed" testListId="8c84fa94-04c1-424b-9868-57a2d4851a1d" relativeResultsDirectory="1b704320-f2fc-4c75-9f82-942fd1f3319d" />
  </Results>
  <TestDefinitions>
    <UnitTest name="Tester.AzureUtils.AzureMembershipTableTests.MembershipTable_Azure_Init" storage="c:\users\anna\orleans\test\extensions\testerazureutils\bin\debug\net7.0\tester.azureutils.dll" id="70e86026-7a29-ca79-ae25-d05e1a09777c">
      <Execution id="1b704320-f2fc-4c75-9f82-942fd1f3319d" />
      <TestMethod codeBase="C:\Users\anna\orleans\test\Extensions\TesterAzureUtils\bin\Debug\net7.0\Tester.AzureUtils.dll" adapterTypeName="executor://xunit/VsTestRunner2/netcoreapp" className="Tester.AzureUtils.AzureMembershipTableTests" name="MembershipTable_Azure_Init" />
    </UnitTest>
  </TestDefinitions>
  <TestEntries>
    <TestEntry testId="70e86026-7a29-ca79-ae25-d05e1a09777c" executionId="1b704320-f2fc-4c75-9f82-942fd1f3319d" testListId="8c84fa94-04c1-424b-9868-57a2d4851a1d" />
  </TestEntries>
  <TestLists>
    <TestList name="Results Not in a List" id="8c84fa94-04c1-424b-9868-57a2d4851a1d" />
    <TestList name="All Loaded Results" id="19431567-8539-422a-85d7-44ee4e166bda" />
  </TestLists>
  <ResultSummary outcome="Completed">
    <Counters total="1" executed="1" passed="1" failed="0" error="0" timeout="0" aborted="0" inconclusive="0" passedButRunAborted="0" notRunnable="0" notExecuted="0" disconnected="0" warning="0" completed="0" inProgress="0" pending="0" />
    <Output>
      <StdOut>[xUnit.net 00:00:00.00] xUnit.net VSTest Adapter v2.4.5+1caef2f33e (64-bit .NET 7.0.2)&#xD;
[xUnit.net 00:00:01.28]   Discovering: Tester.AzureUtils (method display = ClassAndMethod, method display options = None)&#xD;
[xUnit.net 00:00:01.49]   Discovered:  Tester.AzureUtils (found 246 test cases)&#xD;
[xUnit.net 00:00:01.51]   Starting:    Tester.AzureUtils (parallel test collections = off, max threads = 4)&#xD;
[xUnit.net 00:00:04.05]   Finished:    Tester.AzureUtils&#xD;
</StdOut>
    </Output>
    <RunInfos>
      <RunInfo computerName="cloudtest-win10" outcome="Warning" timestamp="2023-01-22T18:59:23.1136448+00:00">
        <Text>Data collector 'Blame' message: All tests finished running, Sequence file will not be generated.</Text>
      </RunInfo>
    </RunInfos>
  </ResultSummary>
</TestRun>