<?xml version="1.0" encoding="utf-8"?>
<TestRun id="1240872e-abd6-4a15-a17f-6cee0fd55f6c" name="anna@cloudtest-win10 2023-01-22 18:58:53" runUser="cloudtest-win10\anna" xmlns="http://microsoft.com/schemas/VisualStudio/TeamTest/2010">
  <Times creation="2023-01-22T18:58:54.0233815+00:00" queuing="2023-01-22T18:58:54.0233819+00:00" start="2023-01-22T18:58:46.5506313+00:00" finish="2023-01-22T18:58:54.0605100+00:00" />
  <TestSettings name="default" id="9bb288cc-59e1-4f2f-927f-712678078dc9">
    <Deployment runDeploymentRoot="anna_cloudtest-win10_2023-01-22_18_58_53" />
  </TestSettings>
  <Results>
    <UnitTestResult executionId="fbcf7b62-ad5e-48ae-af52-245c634ea5de" testId="70e86026-7a29-ca79-ae25-d05e1a09777c" testName="Tester.AzureUtils.AzureMembershipTableTests.MembershipTable_Azure_Init" computerName="cloudtest-win10" duration="00:00:01.5918404" startTime="2023-01-22T18:58:53.7100539+00:00" endTime="2023-01-22T18:58:53.7101073+00:00" testType="13cdc9d9-ddb5-4fa4-a97d-d965ccfc6d4b" outcome="Passed" testListId="8c84fa94-04c1-424b-9868-57a2d4851a1d" relativeResultsDirectory="fbcf7b62-ad5e-48ae-af52-245c634ea5de" />
  </Results>
  <TestDefinitions>
    <UnitTest name="Tester.AzureUtils.AzureMembershipTableTests.MembershipTable_Azure_Init" storage="c:\users\anna\orleans\test\extensions\testerazureutils\bin\debug\net7.0\tester.azureutils.dll" id="70e86026-7a29-ca79-ae25-d05e1a09777c">
      <Execution id="fbcf7b62-ad5e-48ae-af52-245c634ea5de" />
      <TestMethod codeBase="C:\Users\anna\orleans\test\Extensions\TesterAzureUtils\bin\Debug\net7.0\Tester.AzureUtils.dll" adapterTypeName="executor://xunit/VsTestRunner2/netcoreapp" className="Tester.AzureUtils.AzureMembershipTableTests" name="MembershipTable_Azure_Init" />
    </UnitTest>
  </TestDefinitions>
  <TestEntries>
    <TestEntry testId="70e86026-7a29-ca79-ae25-d05e1a09777c" executionId="fbcf7b62-ad5e-48ae-af52-245c634ea5de" testListId="8c84fa94-04c1-424b-9868-57a2d4851a1d" />
  </TestEntries>
  <TestLists>
    <TestList name="Results Not in a List" id="8c84fa94-04c1-424b-9868-57a2d4851a1d" />
    <TestList name="All Loaded Results" id="19431567-8539-422a-85d7-44ee4e166bda" />
  </TestLists>
  <ResultSummary outcome="Completed">
    <Counters total="1" executed="1" passed="1" failed="0" error="0" timeout="0" aborted="0" inconclusive="0" passedButRunAborted="0" notRunnable="0" notExecuted="0" disconnected="0" warning="0" completed="0" inProgress="0" pending="0" />
    <Output>
      <StdOut>[xUnit.net 00:00:00.00] xUnit.net VSTest Adapter v2.4.5+1caef2f33e (64-bit .NET 7.0.2)&#xD;
[xUnit.net 00:00:01.28]   Discovering: Tester.AzureUtils (method display = ClassAndMethod, method display options = None)&#xD;
[xUnit.net 00:00:01.50]   Discovered:  Tester.AzureUtils (found 246 test cases)&#xD;
[xUnit.net 00:00:01.51]   Starting:    Tester.AzureUtils (parallel test collections = off, max threads = 4)&#xD;
[xUnit.net 00:00:04.18]   Finished:    Tester.AzureUtils&#xD;
</StdOut>
    </Output>
    <RunInfos>
      <RunInfo computerName="cloudtest-win10" outcome="Warning" timestamp="2023-01-22T18:58:53.8764803+00:00">
        <Text>Data collector 'Blame' message: All tests finished running, Sequence file will not be generated.</Text>
      </RunInfo>
    </RunInfos>
  </ResultSummary>
</TestRun>