<?xml version="1.0" encoding="utf-8"?>
<TestRun id="ea710b1f-a70d-423c-aa78-3ec32f2f9a16" name="anna@cloudtest-win10 2023-01-24 01:35:53" runUser="cloudtest-win10\anna" xmlns="http://microsoft.com/schemas/VisualStudio/TeamTest/2010">
  <Times creation="2023-01-24T01:35:53.2941385+00:00" queuing="2023-01-24T01:35:53.2941393+00:00" start="2023-01-24T01:35:46.9489547+00:00" finish="2023-01-24T01:35:53.3298421+00:00" />
  <TestSettings name="default" id="9d43bf52-7e26-4458-97a2-62466c2c67cf">
    <Deployment runDeploymentRoot="anna_cloudtest-win10_2023-01-24_01_35_53" />
  </TestSettings>
  <Results>
    <UnitTestResult executionId="b38f78dc-46b5-4c0f-afb5-6d53eb98898d" testId="3573d3ee-354c-3210-4087-b549fe24d804" testName="Tester.AzureUtils.SiloInstanceTableManagerTests.SiloInstanceTable_Op_CreateSiloEntryConditionally" computerName="cloudtest-win10" duration="00:00:01.5281632" startTime="2023-01-24T01:35:52.9919392+00:00" endTime="2023-01-24T01:35:52.9919845+00:00" testType="13cdc9d9-ddb5-4fa4-a97d-d965ccfc6d4b" outcome="Passed" testListId="8c84fa94-04c1-424b-9868-57a2d4851a1d" relativeResultsDirectory="b38f78dc-46b5-4c0f-afb5-6d53eb98898d">
      <Output>
        <StdOut>ClusterId=test-3d1add4f-3922-4125-b4fe-bd093a89e4f3 Generation=33528951&#xD;
Initializing SiloInstanceManager&#xD;
TestCleanup Timeout=00:01:00&#xD;
TestCleanup -  Finished</StdOut>
      </Output>
    </UnitTestResult>
  </Results>
  <TestDefinitions>
    <UnitTest name="Tester.AzureUtils.SiloInstanceTableManagerTests.SiloInstanceTable_Op_CreateSiloEntryConditionally" storage="c:\users\anna\orleans\test\extensions\testerazureutils\bin\debug\net7.0\tester.azureutils.dll" id="3573d3ee-354c-3210-4087-b549fe24d804">
      <Execution id="b38f78dc-46b5-4c0f-afb5-6d53eb98898d" />
      <TestMethod codeBase="C:\Users\anna\orleans\test\Extensions\TesterAzureUtils\bin\Debug\net7.0\Tester.AzureUtils.dll" adapterTypeName="executor://xunit/VsTestRunner2/netcoreapp" className="Tester.AzureUtils.SiloInstanceTableManagerTests" name="SiloInstanceTable_Op_CreateSiloEntryConditionally" />
    </UnitTest>
  </TestDefinitions>
  <TestEntries>
    <TestEntry testId="3573d3ee-354c-3210-4087-b549fe24d804" executionId="b38f78dc-46b5-4c0f-afb5-6d53eb98898d" testListId="8c84fa94-04c1-424b-9868-57a2d4851a1d" />
  </TestEntries>
  <TestLists>
    <TestList name="Results Not in a List" id="8c84fa94-04c1-424b-9868-57a2d4851a1d" />
    <TestList name="All Loaded Results" id="19431567-8539-422a-85d7-44ee4e166bda" />
  </TestLists>
  <ResultSummary outcome="Completed">
    <Counters total="1" executed="1" passed="1" failed="0" error="0" timeout="0" aborted="0" inconclusive="0" passedButRunAborted="0" notRunnable="0" notExecuted="0" disconnected="0" warning="0" completed="0" inProgress="0" pending="0" />
    <Output>
      <StdOut>[xUnit.net 00:00:00.00] xUnit.net VSTest Adapter v2.4.5+1caef2f33e (64-bit .NET 7.0.2)&#xD;
[xUnit.net 00:00:01.26]   Discovering: Tester.AzureUtils (method display = ClassAndMethod, method display options = None)&#xD;
[xUnit.net 00:00:01.46]   Discovered:  Tester.AzureUtils (found 246 test cases)&#xD;
[xUnit.net 00:00:01.48]   Starting:    Tester.AzureUtils (parallel test collections = off, max threads = 4)&#xD;
[xUnit.net 00:00:03.12]   Finished:    Tester.AzureUtils&#xD;
</StdOut>
    </Output>
    <RunInfos>
      <RunInfo computerName="cloudtest-win10" outcome="Warning" timestamp="2023-01-24T01:35:53.1445865+00:00">
        <Text>Data collector 'Blame' message: All tests finished running, Sequence file will not be generated.</Text>
      </RunInfo>
    </RunInfos>
  </ResultSummary>
</TestRun>