<?xml version="1.0" encoding="utf-8"?>
<TestRun id="5c531602-29b8-457b-a129-c7aedcf5c049" name="anna@cloudtest-win10 2023-01-24 21:32:03" runUser="cloudtest-win10\anna" xmlns="http://microsoft.com/schemas/VisualStudio/TeamTest/2010">
  <Times creation="2023-01-24T21:32:03.2793334+00:00" queuing="2023-01-24T21:32:03.2793342+00:00" start="2023-01-24T21:31:35.5042641+00:00" finish="2023-01-24T21:32:03.3154613+00:00" />
  <TestSettings name="default" id="f63a2582-54e3-4889-b3e6-f6384e6165ca">
    <Deployment runDeploymentRoot="anna_cloudtest-win10_2023-01-24_21_32_03" />
  </TestSettings>
  <Results>
    <UnitTestResult executionId="a00f1698-a200-4972-b914-0a430808d86d" testId="5110fc96-72c5-8053-68ed-43d36d525b9b" testName="Tester.AzureUtils.Streaming.AQStreamingTests.AQ_06_ManyDifferent_ManyProducerGrainManyConsumerClients" computerName="cloudtest-win10" duration="00:00:05.0310210" startTime="2023-01-24T21:32:02.9706081+00:00" endTime="2023-01-24T21:32:02.9706564+00:00" testType="13cdc9d9-ddb5-4fa4-a97d-d965ccfc6d4b" outcome="Passed" testListId="8c84fa94-04c1-424b-9868-57a2d4851a1d" relativeResultsDirectory="a00f1698-a200-4972-b914-0a430808d86d" />
  </Results>
  <TestDefinitions>
    <UnitTest name="Tester.AzureUtils.Streaming.AQStreamingTests.AQ_06_ManyDifferent_ManyProducerGrainManyConsumerClients" storage="c:\users\anna\orleans\test\extensions\testerazureutils\bin\debug\net7.0\tester.azureutils.dll" id="5110fc96-72c5-8053-68ed-43d36d525b9b">
      <Execution id="a00f1698-a200-4972-b914-0a430808d86d" />
      <TestMethod codeBase="C:\Users\anna\orleans\test\Extensions\TesterAzureUtils\bin\Debug\net7.0\Tester.AzureUtils.dll" adapterTypeName="executor://xunit/VsTestRunner2/netcoreapp" className="Tester.AzureUtils.Streaming.AQStreamingTests" name="AQ_06_ManyDifferent_ManyProducerGrainManyConsumerClients" />
    </UnitTest>
  </TestDefinitions>
  <TestEntries>
    <TestEntry testId="5110fc96-72c5-8053-68ed-43d36d525b9b" executionId="a00f1698-a200-4972-b914-0a430808d86d" testListId="8c84fa94-04c1-424b-9868-57a2d4851a1d" />
  </TestEntries>
  <TestLists>
    <TestList name="Results Not in a List" id="8c84fa94-04c1-424b-9868-57a2d4851a1d" />
    <TestList name="All Loaded Results" id="19431567-8539-422a-85d7-44ee4e166bda" />
  </TestLists>
  <ResultSummary outcome="Completed">
    <Counters total="1" executed="1" passed="1" failed="0" error="0" timeout="0" aborted="0" inconclusive="0" passedButRunAborted="0" notRunnable="0" notExecuted="0" disconnected="0" warning="0" completed="0" inProgress="0" pending="0" />
    <Output>
      <StdOut>[xUnit.net 00:00:00.00] xUnit.net VSTest Adapter v2.4.5+1caef2f33e (64-bit .NET 7.0.2)&#xD;
[xUnit.net 00:00:01.23]   Discovering: Tester.AzureUtils (method display = ClassAndMethod, method display options = None)&#xD;
[xUnit.net 00:00:01.44]   Discovered:  Tester.AzureUtils (found 246 test cases)&#xD;
[xUnit.net 00:00:01.45]   Starting:    Tester.AzureUtils (parallel test collections = off, max threads = 4)&#xD;
[xUnit.net 00:00:24.58]   Finished:    Tester.AzureUtils&#xD;
</StdOut>
    </Output>
    <RunInfos>
      <RunInfo computerName="cloudtest-win10" outcome="Warning" timestamp="2023-01-24T21:32:03.1351250+00:00">
        <Text>Data collector 'Blame' message: All tests finished running, Sequence file will not be generated.</Text>
      </RunInfo>
    </RunInfos>
  </ResultSummary>
</TestRun>