<?xml version="1.0" encoding="utf-8"?>
<TestRun id="2ba49e25-5db6-4a43-8fd3-7d7b5d5cd225" name="anna@cloudtest-win10 2023-01-24 21:32:33" runUser="cloudtest-win10\anna" xmlns="http://microsoft.com/schemas/VisualStudio/TeamTest/2010">
  <Times creation="2023-01-24T21:32:33.3371081+00:00" queuing="2023-01-24T21:32:33.3371088+00:00" start="2023-01-24T21:32:05.6008362+00:00" finish="2023-01-24T21:32:33.3730031+00:00" />
  <TestSettings name="default" id="531b9395-3ee5-4063-9e2b-925e11d751df">
    <Deployment runDeploymentRoot="anna_cloudtest-win10_2023-01-24_21_32_33" />
  </TestSettings>
  <Results>
    <UnitTestResult executionId="42489a57-9d12-4246-8717-e06d685110a2" testId="5110fc96-72c5-8053-68ed-43d36d525b9b" testName="Tester.AzureUtils.Streaming.AQStreamingTests.AQ_06_ManyDifferent_ManyProducerGrainManyConsumerClients" computerName="cloudtest-win10" duration="00:00:05.0268109" startTime="2023-01-24T21:32:33.0275006+00:00" endTime="2023-01-24T21:32:33.0275526+00:00" testType="13cdc9d9-ddb5-4fa4-a97d-d965ccfc6d4b" outcome="Passed" testListId="8c84fa94-04c1-424b-9868-57a2d4851a1d" relativeResultsDirectory="42489a57-9d12-4246-8717-e06d685110a2" />
  </Results>
  <TestDefinitions>
    <UnitTest name="Tester.AzureUtils.Streaming.AQStreamingTests.AQ_06_ManyDifferent_ManyProducerGrainManyConsumerClients" storage="c:\users\anna\orleans\test\extensions\testerazureutils\bin\debug\net7.0\tester.azureutils.dll" id="5110fc96-72c5-8053-68ed-43d36d525b9b">
      <Execution id="42489a57-9d12-4246-8717-e06d685110a2" />
      <TestMethod codeBase="C:\Users\anna\orleans\test\Extensions\TesterAzureUtils\bin\Debug\net7.0\Tester.AzureUtils.dll" adapterTypeName="executor://xunit/VsTestRunner2/netcoreapp" className="Tester.AzureUtils.Streaming.AQStreamingTests" name="AQ_06_ManyDifferent_ManyProducerGrainManyConsumerClients" />
    </UnitTest>
  </TestDefinitions>
  <TestEntries>
    <TestEntry testId="5110fc96-72c5-8053-68ed-43d36d525b9b" executionId="42489a57-9d12-4246-8717-e06d685110a2" testListId="8c84fa94-04c1-424b-9868-57a2d4851a1d" />
  </TestEntries>
  <TestLists>
    <TestList name="Results Not in a List" id="8c84fa94-04c1-424b-9868-57a2d4851a1d" />
    <TestList name="All Loaded Results" id="19431567-8539-422a-85d7-44ee4e166bda" />
  </TestLists>
  <ResultSummary outcome="Completed">
    <Counters total="1" executed="1" passed="1" failed="0" error="0" timeout="0" aborted="0" inconclusive="0" passedButRunAborted="0" notRunnable="0" notExecuted="0" disconnected="0" warning="0" completed="0" inProgress="0" pending="0" />
    <Output>
      <StdOut>[xUnit.net 00:00:00.00] xUnit.net VSTest Adapter v2.4.5+1caef2f33e (64-bit .NET 7.0.2)&#xD;
[xUnit.net 00:00:01.25]   Discovering: Tester.AzureUtils (method display = ClassAndMethod, method display options = None)&#xD;
[xUnit.net 00:00:01.46]   Discovered:  Tester.AzureUtils (found 246 test cases)&#xD;
[xUnit.net 00:00:01.47]   Starting:    Tester.AzureUtils (parallel test collections = off, max threads = 4)&#xD;
[xUnit.net 00:00:24.54]   Finished:    Tester.AzureUtils&#xD;
</StdOut>
    </Output>
    <RunInfos>
      <RunInfo computerName="cloudtest-win10" outcome="Warning" timestamp="2023-01-24T21:32:33.1907412+00:00">
        <Text>Data collector 'Blame' message: All tests finished running, Sequence file will not be generated.</Text>
      </RunInfo>
    </RunInfos>
  </ResultSummary>
</TestRun>