<?xml version="1.0" encoding="utf-8"?>
<TestRun id="58385708-aad0-442f-bce7-5153de8cd78b" name="anna@cloudtest-win10 2023-01-24 01:37:44" runUser="cloudtest-win10\anna" xmlns="http://microsoft.com/schemas/VisualStudio/TeamTest/2010">
  <Times creation="2023-01-24T01:37:44.6628029+00:00" queuing="2023-01-24T01:37:44.6628039+00:00" start="2023-01-24T01:37:38.3367532+00:00" finish="2023-01-24T01:37:44.6981290+00:00" />
  <TestSettings name="default" id="02a67f29-404f-4b73-a771-17979e25d487">
    <Deployment runDeploymentRoot="anna_cloudtest-win10_2023-01-24_01_37_44" />
  </TestSettings>
  <Results>
    <UnitTestResult executionId="3490adfe-ab55-4dfa-ba28-f842b68af094" testId="97391499-cea7-ece6-37da-e491ed23d91d" testName="Tester.AzureUtils.SiloInstanceTableManagerTests.SiloInstanceTable_Register_CheckData" computerName="cloudtest-win10" duration="00:00:01.5469659" startTime="2023-01-24T01:37:44.3618802+00:00" endTime="2023-01-24T01:37:44.3619334+00:00" testType="13cdc9d9-ddb5-4fa4-a97d-d965ccfc6d4b" outcome="Passed" testListId="8c84fa94-04c1-424b-9868-57a2d4851a1d" relativeResultsDirectory="3490adfe-ab55-4dfa-ba28-f842b68af094">
      <Output>
        <StdOut>ClusterId=test-06791a61-10be-4305-bf40-f5c3ee7d402f Generation=33529062&#xD;
Initializing SiloInstanceManager&#xD;
Start SiloInstanceTable_Register_CheckData&#xD;
MyEntry=OrleansSilo [ Deployment=test-06791a61-10be-4305-bf40-f5c3ee7d402f LocalEndpoint=127.0.0.1 LocalPort=0 Generation=33529062 Host=127.0.0.1 Status= ProxyPort=30000 RoleName=MyRole SiloName=MyInstance UpgradeZone=0 FaultZone=0 StartTime=2023-01-24 01:37:44.022 GMT IAmAliveTime=]&#xD;
FindSiloEntry for SiloAddress=S127.0.0.1:0:33529062 PartitionKey=test-06791a61-10be-4305-bf40-f5c3ee7d402f RowKey=127.0.0.1-0-33529062&#xD;
FindSiloEntry returning Data=(OrleansSilo [ Deployment=test-06791a61-10be-4305-bf40-f5c3ee7d402f LocalEndpoint=127.0.0.1 LocalPort=0 Generation=33529062 Host=127.0.0.1 Status=Created ProxyPort=30000 RoleName=MyRole SiloName=MyInstance UpgradeZone=0 FaultZone=0 StartTime=2023-01-24 01:37:44.022 GMT IAmAliveTime=], W/"datetime'2023-01-24T01%3A37%3A44.0891848Z'")&#xD;
End SiloInstanceTable_Register_CheckData&#xD;
TestCleanup Timeout=00:01:00&#xD;
TestCleanup -  Finished</StdOut>
      </Output>
    </UnitTestResult>
  </Results>
  <TestDefinitions>
    <UnitTest name="Tester.AzureUtils.SiloInstanceTableManagerTests.SiloInstanceTable_Register_CheckData" storage="c:\users\anna\orleans\test\extensions\testerazureutils\bin\debug\net7.0\tester.azureutils.dll" id="97391499-cea7-ece6-37da-e491ed23d91d">
      <Execution id="3490adfe-ab55-4dfa-ba28-f842b68af094" />
      <TestMethod codeBase="C:\Users\anna\orleans\test\Extensions\TesterAzureUtils\bin\Debug\net7.0\Tester.AzureUtils.dll" adapterTypeName="executor://xunit/VsTestRunner2/netcoreapp" className="Tester.AzureUtils.SiloInstanceTableManagerTests" name="SiloInstanceTable_Register_CheckData" />
    </UnitTest>
  </TestDefinitions>
  <TestEntries>
    <TestEntry testId="97391499-cea7-ece6-37da-e491ed23d91d" executionId="3490adfe-ab55-4dfa-ba28-f842b68af094" testListId="8c84fa94-04c1-424b-9868-57a2d4851a1d" />
  </TestEntries>
  <TestLists>
    <TestList name="Results Not in a List" id="8c84fa94-04c1-424b-9868-57a2d4851a1d" />
    <TestList name="All Loaded Results" id="19431567-8539-422a-85d7-44ee4e166bda" />
  </TestLists>
  <ResultSummary outcome="Completed">
    <Counters total="1" executed="1" passed="1" failed="0" error="0" timeout="0" aborted="0" inconclusive="0" passedButRunAborted="0" notRunnable="0" notExecuted="0" disconnected="0" warning="0" completed="0" inProgress="0" pending="0" />
    <Output>
      <StdOut>[xUnit.net 00:00:00.00] xUnit.net VSTest Adapter v2.4.5+1caef2f33e (64-bit .NET 7.0.2)&#xD;
[xUnit.net 00:00:01.26]   Discovering: Tester.AzureUtils (method display = ClassAndMethod, method display options = None)&#xD;
[xUnit.net 00:00:01.47]   Discovered:  Tester.AzureUtils (found 246 test cases)&#xD;
[xUnit.net 00:00:01.48]   Starting:    Tester.AzureUtils (parallel test collections = off, max threads = 4)&#xD;
[xUnit.net 00:00:03.15]   Finished:    Tester.AzureUtils&#xD;
</StdOut>
    </Output>
    <RunInfos>
      <RunInfo computerName="cloudtest-win10" outcome="Warning" timestamp="2023-01-24T01:37:44.5149767+00:00">
        <Text>Data collector 'Blame' message: All tests finished running, Sequence file will not be generated.</Text>
      </RunInfo>
    </RunInfos>
  </ResultSummary>
</TestRun>