<?xml version="1.0" encoding="utf-8"?>
<TestRun id="029474d6-3b2c-48c7-8dd8-9e3cd2ad6346" name="anna@cloudtest-win10 2023-01-24 01:37:10" runUser="cloudtest-win10\anna" xmlns="http://microsoft.com/schemas/VisualStudio/TeamTest/2010">
  <Times creation="2023-01-24T01:37:10.3294618+00:00" queuing="2023-01-24T01:37:10.3294625+00:00" start="2023-01-24T01:37:03.9826257+00:00" finish="2023-01-24T01:37:10.3660698+00:00" />
  <TestSettings name="default" id="7da8e766-7ac5-4756-81b2-7015863d953f">
    <Deployment runDeploymentRoot="anna_cloudtest-win10_2023-01-24_01_37_10" />
  </TestSettings>
  <Results>
    <UnitTestResult executionId="f82f2c03-0b00-4430-b537-009c6ed542bc" testId="97391499-cea7-ece6-37da-e491ed23d91d" testName="Tester.AzureUtils.SiloInstanceTableManagerTests.SiloInstanceTable_Register_CheckData" computerName="cloudtest-win10" duration="00:00:01.5801239" startTime="2023-01-24T01:37:10.0245707+00:00" endTime="2023-01-24T01:37:10.0246267+00:00" testType="13cdc9d9-ddb5-4fa4-a97d-d965ccfc6d4b" outcome="Passed" testListId="8c84fa94-04c1-424b-9868-57a2d4851a1d" relativeResultsDirectory="f82f2c03-0b00-4430-b537-009c6ed542bc">
      <Output>
        <StdOut>ClusterId=test-09853607-ec2a-48b4-9ef4-985fea67360a Generation=33529028&#xD;
Initializing SiloInstanceManager&#xD;
Start SiloInstanceTable_Register_CheckData&#xD;
MyEntry=OrleansSilo [ Deployment=test-09853607-ec2a-48b4-9ef4-985fea67360a LocalEndpoint=127.0.0.1 LocalPort=0 Generation=33529028 Host=127.0.0.1 Status= ProxyPort=30000 RoleName=MyRole SiloName=MyInstance UpgradeZone=0 FaultZone=0 StartTime=2023-01-24 01:37:08.987 GMT IAmAliveTime=]&#xD;
FindSiloEntry for SiloAddress=S127.0.0.1:0:33529028 PartitionKey=test-09853607-ec2a-48b4-9ef4-985fea67360a RowKey=127.0.0.1-0-33529028&#xD;
FindSiloEntry returning Data=(OrleansSilo [ Deployment=test-09853607-ec2a-48b4-9ef4-985fea67360a LocalEndpoint=127.0.0.1 LocalPort=0 Generation=33529028 Host=127.0.0.1 Status=Created ProxyPort=30000 RoleName=MyRole SiloName=MyInstance UpgradeZone=0 FaultZone=0 StartTime=2023-01-24 01:37:08.987 GMT IAmAliveTime=], W/"datetime'2023-01-24T01%3A37%3A09.0741710Z'")&#xD;
End SiloInstanceTable_Register_CheckData&#xD;
TestCleanup Timeout=00:01:00&#xD;
TestCleanup -  Finished</StdOut>
      </Output>
    </UnitTestResult>
  </Results>
  <TestDefinitions>
    <UnitTest name="Tester.AzureUtils.SiloInstanceTableManagerTests.SiloInstanceTable_Register_CheckData" storage="c:\users\anna\orleans\test\extensions\testerazureutils\bin\debug\net7.0\tester.azureutils.dll" id="97391499-cea7-ece6-37da-e491ed23d91d">
      <Execution id="f82f2c03-0b00-4430-b537-009c6ed542bc" />
      <TestMethod codeBase="C:\Users\anna\orleans\test\Extensions\TesterAzureUtils\bin\Debug\net7.0\Tester.AzureUtils.dll" adapterTypeName="executor://xunit/VsTestRunner2/netcoreapp" className="Tester.AzureUtils.SiloInstanceTableManagerTests" name="SiloInstanceTable_Register_CheckData" />
    </UnitTest>
  </TestDefinitions>
  <TestEntries>
    <TestEntry testId="97391499-cea7-ece6-37da-e491ed23d91d" executionId="f82f2c03-0b00-4430-b537-009c6ed542bc" testListId="8c84fa94-04c1-424b-9868-57a2d4851a1d" />
  </TestEntries>
  <TestLists>
    <TestList name="Results Not in a List" id="8c84fa94-04c1-424b-9868-57a2d4851a1d" />
    <TestList name="All Loaded Results" id="19431567-8539-422a-85d7-44ee4e166bda" />
  </TestLists>
  <ResultSummary outcome="Completed">
    <Counters total="1" executed="1" passed="1" failed="0" error="0" timeout="0" aborted="0" inconclusive="0" passedButRunAborted="0" notRunnable="0" notExecuted="0" disconnected="0" warning="0" completed="0" inProgress="0" pending="0" />
    <Output>
      <StdOut>[xUnit.net 00:00:00.00] xUnit.net VSTest Adapter v2.4.5+1caef2f33e (64-bit .NET 7.0.2)&#xD;
[xUnit.net 00:00:01.26]   Discovering: Tester.AzureUtils (method display = ClassAndMethod, method display options = None)&#xD;
[xUnit.net 00:00:01.46]   Discovered:  Tester.AzureUtils (found 246 test cases)&#xD;
[xUnit.net 00:00:01.47]   Starting:    Tester.AzureUtils (parallel test collections = off, max threads = 4)&#xD;
[xUnit.net 00:00:03.17]   Finished:    Tester.AzureUtils&#xD;
</StdOut>
    </Output>
    <RunInfos>
      <RunInfo computerName="cloudtest-win10" outcome="Warning" timestamp="2023-01-24T01:37:10.1768215+00:00">
        <Text>Data collector 'Blame' message: All tests finished running, Sequence file will not be generated.</Text>
      </RunInfo>
    </RunInfos>
  </ResultSummary>
</TestRun>