<?xml version="1.0" encoding="utf-8"?>
<TestRun id="343c5c01-35e0-4abb-8ea1-34294b7676b4" name="anna@cloudtest-win10 2023-01-23 05:06:03" runUser="cloudtest-win10\anna" xmlns="http://microsoft.com/schemas/VisualStudio/TeamTest/2010">
  <Times creation="2023-01-23T05:06:03.2519123+00:00" queuing="2023-01-23T05:06:03.2519129+00:00" start="2023-01-23T05:05:14.1706545+00:00" finish="2023-01-23T05:06:03.2873626+00:00" />
  <TestSettings name="default" id="2b4d107e-f8c6-485c-b6e7-51d352ae04e9">
    <Deployment runDeploymentRoot="anna_cloudtest-win10_2023-01-23_05_06_03" />
  </TestSettings>
  <Results>
    <UnitTestResult executionId="436bbd84-2bab-42b8-a143-8b5968456223" testId="119395b0-38b8-2d82-8b5c-6473d38a6a92" testName="Tester.AzureUtils.LivenessTests_AzureTable.Liveness_Azure_3_Restart_GW" computerName="cloudtest-win10" duration="00:00:18.6174405" startTime="2023-01-23T05:06:02.9462945+00:00" endTime="2023-01-23T05:06:02.9463569+00:00" testType="13cdc9d9-ddb5-4fa4-a97d-d965ccfc6d4b" outcome="Passed" testListId="8c84fa94-04c1-424b-9868-57a2d4851a1d" relativeResultsDirectory="436bbd84-2bab-42b8-a143-8b5968456223" />
  </Results>
  <TestDefinitions>
    <UnitTest name="Tester.AzureUtils.LivenessTests_AzureTable.Liveness_Azure_3_Restart_GW" storage="c:\users\anna\orleans\test\extensions\testerazureutils\bin\debug\net7.0\tester.azureutils.dll" id="119395b0-38b8-2d82-8b5c-6473d38a6a92">
      <Execution id="436bbd84-2bab-42b8-a143-8b5968456223" />
      <TestMethod codeBase="C:\Users\anna\orleans\test\Extensions\TesterAzureUtils\bin\Debug\net7.0\Tester.AzureUtils.dll" adapterTypeName="executor://xunit/VsTestRunner2/netcoreapp" className="Tester.AzureUtils.LivenessTests_AzureTable" name="Liveness_Azure_3_Restart_GW" />
    </UnitTest>
  </TestDefinitions>
  <TestEntries>
    <TestEntry testId="119395b0-38b8-2d82-8b5c-6473d38a6a92" executionId="436bbd84-2bab-42b8-a143-8b5968456223" testListId="8c84fa94-04c1-424b-9868-57a2d4851a1d" />
  </TestEntries>
  <TestLists>
    <TestList name="Results Not in a List" id="8c84fa94-04c1-424b-9868-57a2d4851a1d" />
    <TestList name="All Loaded Results" id="19431567-8539-422a-85d7-44ee4e166bda" />
  </TestLists>
  <ResultSummary outcome="Completed">
    <Counters total="1" executed="1" passed="1" failed="0" error="0" timeout="0" aborted="0" inconclusive="0" passedButRunAborted="0" notRunnable="0" notExecuted="0" disconnected="0" warning="0" completed="0" inProgress="0" pending="0" />
    <Output>
      <StdOut>[xUnit.net 00:00:00.00] xUnit.net VSTest Adapter v2.4.5+1caef2f33e (64-bit .NET 7.0.2)&#xD;
[xUnit.net 00:00:01.24]   Discovering: Tester.AzureUtils (method display = ClassAndMethod, method display options = None)&#xD;
[xUnit.net 00:00:01.45]   Discovered:  Tester.AzureUtils (found 246 test cases)&#xD;
[xUnit.net 00:00:01.46]   Starting:    Tester.AzureUtils (parallel test collections = off, max threads = 4)&#xD;
[xUnit.net 00:00:45.88]   Finished:    Tester.AzureUtils&#xD;
</StdOut>
    </Output>
    <RunInfos>
      <RunInfo computerName="cloudtest-win10" outcome="Warning" timestamp="2023-01-23T05:06:03.1074542+00:00">
        <Text>Data collector 'Blame' message: All tests finished running, Sequence file will not be generated.</Text>
      </RunInfo>
    </RunInfos>
  </ResultSummary>
</TestRun>