<?xml version="1.0" encoding="utf-8"?>
<TestRun id="60b13251-76bc-47f0-bfcb-324fb93f8f13" name="anna@cloudtest-win10 2023-01-23 05:10:20" runUser="cloudtest-win10\anna" xmlns="http://microsoft.com/schemas/VisualStudio/TeamTest/2010">
  <Times creation="2023-01-23T05:10:20.5246296+00:00" queuing="2023-01-23T05:10:20.5246301+00:00" start="2023-01-23T05:09:31.4663369+00:00" finish="2023-01-23T05:10:20.5607345+00:00" />
  <TestSettings name="default" id="3e27f9f9-e787-45e9-ac93-a99b8416a3eb">
    <Deployment runDeploymentRoot="anna_cloudtest-win10_2023-01-23_05_10_20" />
  </TestSettings>
  <Results>
    <UnitTestResult executionId="1138363f-dddc-4aad-ae27-577035f1ac2d" testId="119395b0-38b8-2d82-8b5c-6473d38a6a92" testName="Tester.AzureUtils.LivenessTests_AzureTable.Liveness_Azure_3_Restart_GW" computerName="cloudtest-win10" duration="00:00:18.5941232" startTime="2023-01-23T05:10:20.2017527+00:00" endTime="2023-01-23T05:10:20.2017987+00:00" testType="13cdc9d9-ddb5-4fa4-a97d-d965ccfc6d4b" outcome="Passed" testListId="8c84fa94-04c1-424b-9868-57a2d4851a1d" relativeResultsDirectory="1138363f-dddc-4aad-ae27-577035f1ac2d" />
  </Results>
  <TestDefinitions>
    <UnitTest name="Tester.AzureUtils.LivenessTests_AzureTable.Liveness_Azure_3_Restart_GW" storage="c:\users\anna\orleans\test\extensions\testerazureutils\bin\debug\net7.0\tester.azureutils.dll" id="119395b0-38b8-2d82-8b5c-6473d38a6a92">
      <Execution id="1138363f-dddc-4aad-ae27-577035f1ac2d" />
      <TestMethod codeBase="C:\Users\anna\orleans\test\Extensions\TesterAzureUtils\bin\Debug\net7.0\Tester.AzureUtils.dll" adapterTypeName="executor://xunit/VsTestRunner2/netcoreapp" className="Tester.AzureUtils.LivenessTests_AzureTable" name="Liveness_Azure_3_Restart_GW" />
    </UnitTest>
  </TestDefinitions>
  <TestEntries>
    <TestEntry testId="119395b0-38b8-2d82-8b5c-6473d38a6a92" executionId="1138363f-dddc-4aad-ae27-577035f1ac2d" testListId="8c84fa94-04c1-424b-9868-57a2d4851a1d" />
  </TestEntries>
  <TestLists>
    <TestList name="Results Not in a List" id="8c84fa94-04c1-424b-9868-57a2d4851a1d" />
    <TestList name="All Loaded Results" id="19431567-8539-422a-85d7-44ee4e166bda" />
  </TestLists>
  <ResultSummary outcome="Completed">
    <Counters total="1" executed="1" passed="1" failed="0" error="0" timeout="0" aborted="0" inconclusive="0" passedButRunAborted="0" notRunnable="0" notExecuted="0" disconnected="0" warning="0" completed="0" inProgress="0" pending="0" />
    <Output>
      <StdOut>[xUnit.net 00:00:00.00] xUnit.net VSTest Adapter v2.4.5+1caef2f33e (64-bit .NET 7.0.2)&#xD;
[xUnit.net 00:00:01.24]   Discovering: Tester.AzureUtils (method display = ClassAndMethod, method display options = None)&#xD;
[xUnit.net 00:00:01.44]   Discovered:  Tester.AzureUtils (found 246 test cases)&#xD;
[xUnit.net 00:00:01.46]   Starting:    Tester.AzureUtils (parallel test collections = off, max threads = 4)&#xD;
[xUnit.net 00:00:45.85]   Finished:    Tester.AzureUtils&#xD;
</StdOut>
    </Output>
    <RunInfos>
      <RunInfo computerName="cloudtest-win10" outcome="Warning" timestamp="2023-01-23T05:10:20.3771463+00:00">
        <Text>Data collector 'Blame' message: All tests finished running, Sequence file will not be generated.</Text>
      </RunInfo>
    </RunInfos>
  </ResultSummary>
</TestRun>