<?xml version="1.0" encoding="utf-8"?>
<TestRun id="745dd212-f7aa-4344-9a40-d4358a621a7c" name="anna@cloudtest-win10 2023-01-23 22:49:42" runUser="cloudtest-win10\anna" xmlns="http://microsoft.com/schemas/VisualStudio/TeamTest/2010">
  <Times creation="2023-01-23T22:49:42.6885850+00:00" queuing="2023-01-23T22:49:42.6885856+00:00" start="2023-01-23T22:49:30.8117341+00:00" finish="2023-01-23T22:50:11.8645154+00:00" />
  <TestSettings name="default" id="32cbbf5c-d6bd-4d3c-aa01-f13d462eef76">
    <Deployment runDeploymentRoot="anna_cloudtest-win10_2023-01-23_22_49_42" />
  </TestSettings>
  <Results>
    <UnitTestResult executionId="38ffdaea-7340-4448-876a-9f5b97941c0b" testId="92f98ae8-7548-0b8f-fc43-eaa631fc2c88" testName="Tester.AzureUtils.Persistence.PersistenceStateTests_AzureTableGrainStorage.Grain_GuidKey_AzureTableGrainStorage_Read_Write" computerName="cloudtest-win10" duration="00:00:01.1681493" startTime="2023-01-23T22:49:42.2959983+00:00" endTime="2023-01-23T22:49:42.2960421+00:00" testType="13cdc9d9-ddb5-4fa4-a97d-d965ccfc6d4b" outcome="Failed" testListId="8c84fa94-04c1-424b-9868-57a2d4851a1d" relativeResultsDirectory="38ffdaea-7340-4448-876a-9f5b97941c0b">
      <Output>
        <ErrorInfo>
          <Message>Orleans.Storage.TableStorageUpdateConditionNotSatisfiedException : Table storage condition not Satisfied.  GrainType: state, GrainId: new-test-storage-grain/9d51ca62ac024b5994b849644177e82d, TableName: OrleansGrainState, StoredETag: Unknown, CurrentETag: &#xD;
---- Azure.RequestFailedException : The specified entity already exists.
RequestId:a18d9cd4-a002-004e-4e7c-2f658f000000
Time:2023-01-23T22:49:42.2537434Z&#xD;
Status: 409 (Conflict)&#xD;
ErrorCode: EntityAlreadyExists&#xD;
&#xD;
Content:&#xD;
{"odata.error":{"code":"EntityAlreadyExists","message":{"lang":"en-US","value":"The specified entity already exists.\nRequestId:a18d9cd4-a002-004e-4e7c-2f658f000000\nTime:2023-01-23T22:49:42.2537434Z"}}}&#xD;
&#xD;
Headers:&#xD;
Cache-Control: no-cache&#xD;
Server: Windows-Azure-Table/1.0,Microsoft-HTTPAPI/2.0&#xD;
x-ms-request-id: a18d9cd4-a002-004e-4e7c-2f658f000000&#xD;
x-ms-client-request-id: e664b8d2-34b6-410a-8027-d7561a4c8c1a&#xD;
x-ms-version: REDACTED&#xD;
X-Content-Type-Options: REDACTED&#xD;
Preference-Applied: REDACTED&#xD;
Date: Mon, 23 Jan 2023 22:49:41 GMT&#xD;
Connection: keep-alive&#xD;
Content-Type: application/json; odata=minimalmetadata; streaming=true; charset=utf-8&#xD;
Content-Length: 203&#xD;
</Message>
          <StackTrace>   at Orleans.Storage.AzureTableGrainStorage.DoOptimisticUpdate(Func`1 updateOperation, String grainType, GrainId grainId, String tableName, String currentETag) in C:\Users\anna\orleans\src\Azure\Orleans.Persistence.AzureStorage\Providers\Storage\AzureTableStorage.cs:line 192&#xD;
   at Orleans.Storage.AzureTableGrainStorage.WriteStateAsync[T](String grainType, GrainId grainId, IGrainState`1 grainState) in C:\Users\anna\orleans\src\Azure\Orleans.Persistence.AzureStorage\Providers\Storage\AzureTableStorage.cs:line 113&#xD;
   at Orleans.Core.StateStorageBridge`1.WriteStateAsync() in C:\Users\anna\orleans\src\Orleans.Runtime\Storage\StateStorageBridge.cs:line 93&#xD;
   at Orleans.Runtime.TaskRequest.Invoke() in C:\Users\anna\orleans\src\Orleans.Core.Abstractions\Runtime\GrainReference.cs:line 690&#xD;
--- End of stack trace from previous location ---&#xD;
   at Orleans.Serialization.Invocation.ResponseCompletionSource.System.Threading.Tasks.Sources.IValueTaskSource.GetResult(Int16 token) in C:\Users\anna\orleans\src\Orleans.Serialization\Invocation\ResponseCompletionSource.cs:line 98&#xD;
   at System.Threading.Tasks.ValueTask.ValueTaskSourceAsTask.&lt;&gt;c.&lt;.cctor&gt;b__4_0(Object state)&#xD;
--- End of stack trace from previous location ---&#xD;
   at TestExtensions.Runners.GrainPersistenceTestsRunner.Grain_GuidKey_GrainStorage_Read_Write() in C:\Users\anna\orleans\test\TesterInternal\TestRunners\GrainPersistenceTestRunner.cs:line 75&#xD;
   at Tester.AzureUtils.Persistence.PersistenceStateTests_AzureTableGrainStorage.Grain_GuidKey_AzureTableGrainStorage_Read_Write() in C:\Users\anna\orleans\test\Extensions\TesterAzureUtils\Persistence\PersistenceStateTests_AzureTableGrainStorage.cs:line 63&#xD;
--- End of stack trace from previous location ---&#xD;
----- Inner Stack Trace -----&#xD;
   at Azure.Data.Tables.TableRestClient.InsertEntityAsync(String table, Nullable`1 timeout, Nullable`1 responsePreference, IDictionary`2 tableEntityProperties, QueryOptions queryOptions, CancellationToken cancellationToken)&#xD;
   at Azure.Data.Tables.TableClient.AddEntityAsync[T](T entity, CancellationToken cancellationToken)&#xD;
   at Orleans.Persistence.AzureStorage.AzureTableDataManager`1.CreateTableEntryAsync(T data) in C:\Users\anna\orleans\src\Azure\Shared\Storage\AzureTableDataManager.cs:line 171&#xD;
   at Orleans.Storage.AzureTableGrainStorage.GrainStateTableDataManager.Write(TableEntity entity) in C:\Users\anna\orleans\src\Azure\Orleans.Persistence.AzureStorage\Providers\Storage\AzureTableStorage.cs:line 457&#xD;
   at Orleans.Storage.AzureTableGrainStorage.DoOptimisticUpdate(Func`1 updateOperation, String grainType, GrainId grainId, String tableName, String currentETag) in C:\Users\anna\orleans\src\Azure\Orleans.Persistence.AzureStorage\Providers\Storage\AzureTableStorage.cs:line 188&#xD;
--- End of stack trace from previous location ---&#xD;
</StackTrace>
        </ErrorInfo>
      </Output>
    </UnitTestResult>
  </Results>
  <TestDefinitions>
    <UnitTest name="Tester.AzureUtils.Persistence.PersistenceStateTests_AzureTableGrainStorage.Grain_GuidKey_AzureTableGrainStorage_Read_Write" storage="c:\users\anna\orleans\test\extensions\testerazureutils\bin\debug\net7.0\tester.azureutils.dll" id="92f98ae8-7548-0b8f-fc43-eaa631fc2c88">
      <Execution id="38ffdaea-7340-4448-876a-9f5b97941c0b" />
      <TestMethod codeBase="C:\Users\anna\orleans\test\Extensions\TesterAzureUtils\bin\Debug\net7.0\Tester.AzureUtils.dll" adapterTypeName="executor://xunit/VsTestRunner2/netcoreapp" className="Tester.AzureUtils.Persistence.PersistenceStateTests_AzureTableGrainStorage" name="Grain_GuidKey_AzureTableGrainStorage_Read_Write" />
    </UnitTest>
  </TestDefinitions>
  <TestEntries>
    <TestEntry testId="92f98ae8-7548-0b8f-fc43-eaa631fc2c88" executionId="38ffdaea-7340-4448-876a-9f5b97941c0b" testListId="8c84fa94-04c1-424b-9868-57a2d4851a1d" />
  </TestEntries>
  <TestLists>
    <TestList name="Results Not in a List" id="8c84fa94-04c1-424b-9868-57a2d4851a1d" />
    <TestList name="All Loaded Results" id="19431567-8539-422a-85d7-44ee4e166bda" />
  </TestLists>
  <ResultSummary outcome="Failed">
    <Counters total="1" executed="1" passed="0" failed="1" error="0" timeout="0" aborted="0" inconclusive="0" passedButRunAborted="0" notRunnable="0" notExecuted="0" disconnected="0" warning="0" completed="0" inProgress="0" pending="0" />
    <Output>
      <StdOut>[xUnit.net 00:00:00.00] xUnit.net VSTest Adapter v2.4.5+1caef2f33e (64-bit .NET 7.0.2)&#xD;
[xUnit.net 00:00:01.26]   Discovering: Tester.AzureUtils (method display = ClassAndMethod, method display options = None)&#xD;
[xUnit.net 00:00:01.46]   Discovered:  Tester.AzureUtils (found 246 test cases)&#xD;
[xUnit.net 00:00:01.48]   Starting:    Tester.AzureUtils (parallel test collections = off, max threads = 4)&#xD;
[xUnit.net 00:00:08.56]       Orleans.Storage.TableStorageUpdateConditionNotSatisfiedException : Table storage condition not Satisfied.  GrainType: state, GrainId: new-test-storage-grain/9d51ca62ac024b5994b849644177e82d, TableName: OrleansGrainState, StoredETag: Unknown, CurrentETag: &#xD;
[xUnit.net 00:00:08.56]       ---- Azure.RequestFailedException : The specified entity already exists.
RequestId:a18d9cd4-a002-004e-4e7c-2f658f000000
Time:2023-01-23T22:49:42.2537434Z&#xD;
[xUnit.net 00:00:08.56]       Status: 409 (Conflict)&#xD;
[xUnit.net 00:00:08.56]       ErrorCode: EntityAlreadyExists&#xD;
[xUnit.net 00:00:08.56]       &#xD;
[xUnit.net 00:00:08.56]       Content:&#xD;
[xUnit.net 00:00:08.56]       {"odata.error":{"code":"EntityAlreadyExists","message":{"lang":"en-US","value":"The specified entity already exists.\nRequestId:a18d9cd4-a002-004e-4e7c-2f658f000000\nTime:2023-01-23T22:49:42.2537434Z"}}}&#xD;
[xUnit.net 00:00:08.56]       &#xD;
[xUnit.net 00:00:08.56]       Headers:&#xD;
[xUnit.net 00:00:08.56]       Cache-Control: no-cache&#xD;
[xUnit.net 00:00:08.56]       Server: Windows-Azure-Table/1.0,Microsoft-HTTPAPI/2.0&#xD;
[xUnit.net 00:00:08.56]       x-ms-request-id: a18d9cd4-a002-004e-4e7c-2f658f000000&#xD;
[xUnit.net 00:00:08.56]       x-ms-client-request-id: e664b8d2-34b6-410a-8027-d7561a4c8c1a&#xD;
[xUnit.net 00:00:08.56]       x-ms-version: REDACTED&#xD;
[xUnit.net 00:00:08.56]       X-Content-Type-Options: REDACTED&#xD;
[xUnit.net 00:00:08.56]       Preference-Applied: REDACTED&#xD;
[xUnit.net 00:00:08.56]       Date: Mon, 23 Jan 2023 22:49:41 GMT&#xD;
[xUnit.net 00:00:08.56]       Connection: keep-alive&#xD;
[xUnit.net 00:00:08.56]       Content-Type: application/json; odata=minimalmetadata; streaming=true; charset=utf-8&#xD;
[xUnit.net 00:00:08.56]       Content-Length: 203&#xD;
[xUnit.net 00:00:08.56]       &#xD;
[xUnit.net 00:00:08.56]       Stack Trace:&#xD;
[xUnit.net 00:00:08.57]         C:\Users\anna\orleans\src\Azure\Orleans.Persistence.AzureStorage\Providers\Storage\AzureTableStorage.cs(192,0): at Orleans.Storage.AzureTableGrainStorage.DoOptimisticUpdate(Func`1 updateOperation, String grainType, GrainId grainId, String tableName, String currentETag)&#xD;
[xUnit.net 00:00:08.57]         C:\Users\anna\orleans\src\Azure\Orleans.Persistence.AzureStorage\Providers\Storage\AzureTableStorage.cs(113,0): at Orleans.Storage.AzureTableGrainStorage.WriteStateAsync[T](String grainType, GrainId grainId, IGrainState`1 grainState)&#xD;
[xUnit.net 00:00:08.57]         C:\Users\anna\orleans\src\Orleans.Runtime\Storage\StateStorageBridge.cs(93,0): at Orleans.Core.StateStorageBridge`1.WriteStateAsync()&#xD;
[xUnit.net 00:00:08.57]         C:\Users\anna\orleans\src\Orleans.Core.Abstractions\Runtime\GrainReference.cs(690,0): at Orleans.Runtime.TaskRequest.Invoke()&#xD;
[xUnit.net 00:00:08.57]         --- End of stack trace from previous location ---&#xD;
[xUnit.net 00:00:08.57]         C:\Users\anna\orleans\src\Orleans.Serialization\Invocation\ResponseCompletionSource.cs(98,0): at Orleans.Serialization.Invocation.ResponseCompletionSource.System.Threading.Tasks.Sources.IValueTaskSource.GetResult(Int16 token)&#xD;
[xUnit.net 00:00:08.57]            at System.Threading.Tasks.ValueTask.ValueTaskSourceAsTask.&lt;&gt;c.&lt;.cctor&gt;b__4_0(Object state)&#xD;
[xUnit.net 00:00:08.57]         --- End of stack trace from previous location ---&#xD;
[xUnit.net 00:00:08.57]         C:\Users\anna\orleans\test\TesterInternal\TestRunners\GrainPersistenceTestRunner.cs(75,0): at TestExtensions.Runners.GrainPersistenceTestsRunner.Grain_GuidKey_GrainStorage_Read_Write()&#xD;
[xUnit.net 00:00:08.57]         C:\Users\anna\orleans\test\Extensions\TesterAzureUtils\Persistence\PersistenceStateTests_AzureTableGrainStorage.cs(63,0): at Tester.AzureUtils.Persistence.PersistenceStateTests_AzureTableGrainStorage.Grain_GuidKey_AzureTableGrainStorage_Read_Write()&#xD;
[xUnit.net 00:00:08.57]         --- End of stack trace from previous location ---&#xD;
[xUnit.net 00:00:08.57]         ----- Inner Stack Trace -----&#xD;
[xUnit.net 00:00:08.57]            at Azure.Data.Tables.TableRestClient.InsertEntityAsync(String table, Nullable`1 timeout, Nullable`1 responsePreference, IDictionary`2 tableEntityProperties, QueryOptions queryOptions, CancellationToken cancellationToken)&#xD;
[xUnit.net 00:00:08.57]            at Azure.Data.Tables.TableClient.AddEntityAsync[T](T entity, CancellationToken cancellationToken)&#xD;
[xUnit.net 00:00:08.57]         C:\Users\anna\orleans\src\Azure\Shared\Storage\AzureTableDataManager.cs(171,0): at Orleans.Persistence.AzureStorage.AzureTableDataManager`1.CreateTableEntryAsync(T data)&#xD;
[xUnit.net 00:00:08.57]         C:\Users\anna\orleans\src\Azure\Orleans.Persistence.AzureStorage\Providers\Storage\AzureTableStorage.cs(457,0): at Orleans.Storage.AzureTableGrainStorage.GrainStateTableDataManager.Write(TableEntity entity)&#xD;
[xUnit.net 00:00:08.57]         C:\Users\anna\orleans\src\Azure\Orleans.Persistence.AzureStorage\Providers\Storage\AzureTableStorage.cs(188,0): at Orleans.Storage.AzureTableGrainStorage.DoOptimisticUpdate(Func`1 updateOperation, String grainType, GrainId grainId, String tableName, String currentETag)&#xD;
[xUnit.net 00:00:08.57]         --- End of stack trace from previous location ---&#xD;
[xUnit.net 00:00:08.57]         &#xD;
[xUnit.net 00:00:37.91]   Finished:    Tester.AzureUtils&#xD;
</StdOut>
    </Output>
    <RunInfos>
      <RunInfo computerName="cloudtest-win10" outcome="Min" timestamp="2023-01-23T22:49:42.2883945+00:00">
        <Text>[xUnit.net 00:00:08.56]     Tester.AzureUtils.Persistence.PersistenceStateTests_AzureTableGrainStorage.Grain_GuidKey_AzureTableGrainStorage_Read_Write [FAIL]</Text>
      </RunInfo>
      <RunInfo computerName="cloudtest-win10" outcome="Warning" timestamp="2023-01-23T22:50:11.7758175+00:00">
        <Text>Data collector 'Blame' message: All tests finished running, Sequence file will not be generated.</Text>
      </RunInfo>
    </RunInfos>
  </ResultSummary>
</TestRun>