<?xml version="1.0" encoding="utf-8"?>
<TestRun id="90e1ef9f-9b12-419c-b64a-c56ec4c402c4" name="anna@cloudtest-win10 2023-01-23 22:48:18" runUser="cloudtest-win10\anna" xmlns="http://microsoft.com/schemas/VisualStudio/TeamTest/2010">
  <Times creation="2023-01-23T22:48:18.3117555+00:00" queuing="2023-01-23T22:48:18.3117561+00:00" start="2023-01-23T22:48:04.6825630+00:00" finish="2023-01-23T22:48:46.5563263+00:00" />
  <TestSettings name="default" id="19033d04-992b-49f3-b447-4d960901b1cc">
    <Deployment runDeploymentRoot="anna_cloudtest-win10_2023-01-23_22_48_18" />
  </TestSettings>
  <Results>
    <UnitTestResult executionId="6131837a-0fb0-45d0-8384-afafb43f4f27" testId="92f98ae8-7548-0b8f-fc43-eaa631fc2c88" testName="Tester.AzureUtils.Persistence.PersistenceStateTests_AzureTableGrainStorage.Grain_GuidKey_AzureTableGrainStorage_Read_Write" computerName="cloudtest-win10" duration="00:00:01.5966045" startTime="2023-01-23T22:48:16.8326387+00:00" endTime="2023-01-23T22:48:16.8326909+00:00" testType="13cdc9d9-ddb5-4fa4-a97d-d965ccfc6d4b" outcome="Passed" testListId="8c84fa94-04c1-424b-9868-57a2d4851a1d" relativeResultsDirectory="6131837a-0fb0-45d0-8384-afafb43f4f27" />
  </Results>
  <TestDefinitions>
    <UnitTest name="Tester.AzureUtils.Persistence.PersistenceStateTests_AzureTableGrainStorage.Grain_GuidKey_AzureTableGrainStorage_Read_Write" storage="c:\users\anna\orleans\test\extensions\testerazureutils\bin\debug\net7.0\tester.azureutils.dll" id="92f98ae8-7548-0b8f-fc43-eaa631fc2c88">
      <Execution id="6131837a-0fb0-45d0-8384-afafb43f4f27" />
      <TestMethod codeBase="C:\Users\anna\orleans\test\Extensions\TesterAzureUtils\bin\Debug\net7.0\Tester.AzureUtils.dll" adapterTypeName="executor://xunit/VsTestRunner2/netcoreapp" className="Tester.AzureUtils.Persistence.PersistenceStateTests_AzureTableGrainStorage" name="Grain_GuidKey_AzureTableGrainStorage_Read_Write" />
    </UnitTest>
  </TestDefinitions>
  <TestEntries>
    <TestEntry testId="92f98ae8-7548-0b8f-fc43-eaa631fc2c88" executionId="6131837a-0fb0-45d0-8384-afafb43f4f27" testListId="8c84fa94-04c1-424b-9868-57a2d4851a1d" />
  </TestEntries>
  <TestLists>
    <TestList name="Results Not in a List" id="8c84fa94-04c1-424b-9868-57a2d4851a1d" />
    <TestList name="All Loaded Results" id="19431567-8539-422a-85d7-44ee4e166bda" />
  </TestLists>
  <ResultSummary outcome="Completed">
    <Counters total="1" executed="1" passed="1" failed="0" error="0" timeout="0" aborted="0" inconclusive="0" passedButRunAborted="0" notRunnable="0" notExecuted="0" disconnected="0" warning="0" completed="0" inProgress="0" pending="0" />
    <Output>
      <StdOut>[xUnit.net 00:00:00.00] xUnit.net VSTest Adapter v2.4.5+1caef2f33e (64-bit .NET 7.0.2)&#xD;
[xUnit.net 00:00:01.25]   Discovering: Tester.AzureUtils (method display = ClassAndMethod, method display options = None)&#xD;
[xUnit.net 00:00:01.46]   Discovered:  Tester.AzureUtils (found 246 test cases)&#xD;
[xUnit.net 00:00:01.47]   Starting:    Tester.AzureUtils (parallel test collections = off, max threads = 4)&#xD;
[xUnit.net 00:00:38.70]   Finished:    Tester.AzureUtils&#xD;
</StdOut>
    </Output>
    <RunInfos>
      <RunInfo computerName="cloudtest-win10" outcome="Warning" timestamp="2023-01-23T22:48:46.4664107+00:00">
        <Text>Data collector 'Blame' message: All tests finished running, Sequence file will not be generated.</Text>
      </RunInfo>
    </RunInfos>
  </ResultSummary>
</TestRun>