<?xml version="1.0" encoding="utf-8"?>
<TestRun id="0b0047fa-5f06-4c2e-a87a-135ae2766b8a" name="anna@cloudtest-win10 2023-01-23 22:47:34" runUser="cloudtest-win10\anna" xmlns="http://microsoft.com/schemas/VisualStudio/TeamTest/2010">
  <Times creation="2023-01-23T22:47:34.0929710+00:00" queuing="2023-01-23T22:47:34.0929716+00:00" start="2023-01-23T22:47:22.2747804+00:00" finish="2023-01-23T22:48:02.5640968+00:00" />
  <TestSettings name="default" id="c77941c8-6a3f-4c48-9b6b-41002f767646">
    <Deployment runDeploymentRoot="anna_cloudtest-win10_2023-01-23_22_47_34" />
  </TestSettings>
  <Results>
    <UnitTestResult executionId="897d3b1f-79ec-4ac2-b194-335724d16e89" testId="92f98ae8-7548-0b8f-fc43-eaa631fc2c88" testName="Tester.AzureUtils.Persistence.PersistenceStateTests_AzureTableGrainStorage.Grain_GuidKey_AzureTableGrainStorage_Read_Write" computerName="cloudtest-win10" duration="00:00:00.4273732" startTime="2023-01-23T22:47:32.9338424+00:00" endTime="2023-01-23T22:47:32.9339278+00:00" testType="13cdc9d9-ddb5-4fa4-a97d-d965ccfc6d4b" outcome="Passed" testListId="8c84fa94-04c1-424b-9868-57a2d4851a1d" relativeResultsDirectory="897d3b1f-79ec-4ac2-b194-335724d16e89" />
  </Results>
  <TestDefinitions>
    <UnitTest name="Tester.AzureUtils.Persistence.PersistenceStateTests_AzureTableGrainStorage.Grain_GuidKey_AzureTableGrainStorage_Read_Write" storage="c:\users\anna\orleans\test\extensions\testerazureutils\bin\debug\net7.0\tester.azureutils.dll" id="92f98ae8-7548-0b8f-fc43-eaa631fc2c88">
      <Execution id="897d3b1f-79ec-4ac2-b194-335724d16e89" />
      <TestMethod codeBase="C:\Users\anna\orleans\test\Extensions\TesterAzureUtils\bin\Debug\net7.0\Tester.AzureUtils.dll" adapterTypeName="executor://xunit/VsTestRunner2/netcoreapp" className="Tester.AzureUtils.Persistence.PersistenceStateTests_AzureTableGrainStorage" name="Grain_GuidKey_AzureTableGrainStorage_Read_Write" />
    </UnitTest>
  </TestDefinitions>
  <TestEntries>
    <TestEntry testId="92f98ae8-7548-0b8f-fc43-eaa631fc2c88" executionId="897d3b1f-79ec-4ac2-b194-335724d16e89" testListId="8c84fa94-04c1-424b-9868-57a2d4851a1d" />
  </TestEntries>
  <TestLists>
    <TestList name="Results Not in a List" id="8c84fa94-04c1-424b-9868-57a2d4851a1d" />
    <TestList name="All Loaded Results" id="19431567-8539-422a-85d7-44ee4e166bda" />
  </TestLists>
  <ResultSummary outcome="Completed">
    <Counters total="1" executed="1" passed="1" failed="0" error="0" timeout="0" aborted="0" inconclusive="0" passedButRunAborted="0" notRunnable="0" notExecuted="0" disconnected="0" warning="0" completed="0" inProgress="0" pending="0" />
    <Output>
      <StdOut>[xUnit.net 00:00:00.00] xUnit.net VSTest Adapter v2.4.5+1caef2f33e (64-bit .NET 7.0.2)&#xD;
[xUnit.net 00:00:01.26]   Discovering: Tester.AzureUtils (method display = ClassAndMethod, method display options = None)&#xD;
[xUnit.net 00:00:01.47]   Discovered:  Tester.AzureUtils (found 246 test cases)&#xD;
[xUnit.net 00:00:01.48]   Starting:    Tester.AzureUtils (parallel test collections = off, max threads = 4)&#xD;
[xUnit.net 00:00:37.11]   Finished:    Tester.AzureUtils&#xD;
</StdOut>
    </Output>
    <RunInfos>
      <RunInfo computerName="cloudtest-win10" outcome="Warning" timestamp="2023-01-23T22:48:02.4752731+00:00">
        <Text>Data collector 'Blame' message: All tests finished running, Sequence file will not be generated.</Text>
      </RunInfo>
    </RunInfos>
  </ResultSummary>
</TestRun>