<?xml version="1.0" encoding="utf-8"?>
<TestRun id="b23a845b-a0ba-4384-82eb-3595aa5388a5" name="anna@cloudtest-win10 2023-01-23 22:51:11" runUser="cloudtest-win10\anna" xmlns="http://microsoft.com/schemas/VisualStudio/TeamTest/2010">
  <Times creation="2023-01-23T22:51:11.3629256+00:00" queuing="2023-01-23T22:51:11.3629261+00:00" start="2023-01-23T22:50:56.3526903+00:00" finish="2023-01-23T22:51:39.8708237+00:00" />
  <TestSettings name="default" id="a6d73ebc-ddc9-4b91-bfe9-5dbeecc6574d">
    <Deployment runDeploymentRoot="anna_cloudtest-win10_2023-01-23_22_51_11" />
  </TestSettings>
  <Results>
    <UnitTestResult executionId="44c6f5b7-9999-44ea-939a-ccf755bd3035" testId="92f98ae8-7548-0b8f-fc43-eaa631fc2c88" testName="Tester.AzureUtils.Persistence.PersistenceStateTests_AzureTableGrainStorage.Grain_GuidKey_AzureTableGrainStorage_Read_Write" computerName="cloudtest-win10" duration="00:00:00.4007548" startTime="2023-01-23T22:51:10.1822616+00:00" endTime="2023-01-23T22:51:10.1823122+00:00" testType="13cdc9d9-ddb5-4fa4-a97d-d965ccfc6d4b" outcome="Passed" testListId="8c84fa94-04c1-424b-9868-57a2d4851a1d" relativeResultsDirectory="44c6f5b7-9999-44ea-939a-ccf755bd3035" />
  </Results>
  <TestDefinitions>
    <UnitTest name="Tester.AzureUtils.Persistence.PersistenceStateTests_AzureTableGrainStorage.Grain_GuidKey_AzureTableGrainStorage_Read_Write" storage="c:\users\anna\orleans\test\extensions\testerazureutils\bin\debug\net7.0\tester.azureutils.dll" id="92f98ae8-7548-0b8f-fc43-eaa631fc2c88">
      <Execution id="44c6f5b7-9999-44ea-939a-ccf755bd3035" />
      <TestMethod codeBase="C:\Users\anna\orleans\test\Extensions\TesterAzureUtils\bin\Debug\net7.0\Tester.AzureUtils.dll" adapterTypeName="executor://xunit/VsTestRunner2/netcoreapp" className="Tester.AzureUtils.Persistence.PersistenceStateTests_AzureTableGrainStorage" name="Grain_GuidKey_AzureTableGrainStorage_Read_Write" />
    </UnitTest>
  </TestDefinitions>
  <TestEntries>
    <TestEntry testId="92f98ae8-7548-0b8f-fc43-eaa631fc2c88" executionId="44c6f5b7-9999-44ea-939a-ccf755bd3035" testListId="8c84fa94-04c1-424b-9868-57a2d4851a1d" />
  </TestEntries>
  <TestLists>
    <TestList name="Results Not in a List" id="8c84fa94-04c1-424b-9868-57a2d4851a1d" />
    <TestList name="All Loaded Results" id="19431567-8539-422a-85d7-44ee4e166bda" />
  </TestLists>
  <ResultSummary outcome="Completed">
    <Counters total="1" executed="1" passed="1" failed="0" error="0" timeout="0" aborted="0" inconclusive="0" passedButRunAborted="0" notRunnable="0" notExecuted="0" disconnected="0" warning="0" completed="0" inProgress="0" pending="0" />
    <Output>
      <StdOut>[xUnit.net 00:00:00.00] xUnit.net VSTest Adapter v2.4.5+1caef2f33e (64-bit .NET 7.0.2)&#xD;
[xUnit.net 00:00:01.26]   Discovering: Tester.AzureUtils (method display = ClassAndMethod, method display options = None)&#xD;
[xUnit.net 00:00:01.47]   Discovered:  Tester.AzureUtils (found 246 test cases)&#xD;
[xUnit.net 00:00:01.48]   Starting:    Tester.AzureUtils (parallel test collections = off, max threads = 4)&#xD;
[xUnit.net 00:00:40.36]   Finished:    Tester.AzureUtils&#xD;
</StdOut>
    </Output>
    <RunInfos>
      <RunInfo computerName="cloudtest-win10" outcome="Warning" timestamp="2023-01-23T22:51:39.7820701+00:00">
        <Text>Data collector 'Blame' message: All tests finished running, Sequence file will not be generated.</Text>
      </RunInfo>
    </RunInfos>
  </ResultSummary>
</TestRun>