<?xml version="1.0" encoding="utf-8"?>
<TestRun id="5bc605be-a03d-4a64-9b9e-7f2d2923745c" name="anna@cloudtest-win10 2023-01-24 01:32:48" runUser="cloudtest-win10\anna" xmlns="http://microsoft.com/schemas/VisualStudio/TeamTest/2010">
  <Times creation="2023-01-24T01:32:48.4230139+00:00" queuing="2023-01-24T01:32:48.4230147+00:00" start="2023-01-24T01:32:41.9755884+00:00" finish="2023-01-24T01:32:48.4588795+00:00" />
  <TestSettings name="default" id="a8afaf6b-fc04-47ac-bc9a-f97dfd1c2f31">
    <Deployment runDeploymentRoot="anna_cloudtest-win10_2023-01-24_01_32_48" />
  </TestSettings>
  <Results>
    <UnitTestResult executionId="a762e7b6-4421-4338-8dd9-da00d24e37a4" testId="bfb62a78-fe33-687b-1882-7a9d075536dd" testName="Tester.AzureUtils.SiloInstanceTableManagerTests.SiloInstanceTable_Activate_CheckData" computerName="cloudtest-win10" duration="00:00:01.6666504" startTime="2023-01-24T01:32:48.1232773+00:00" endTime="2023-01-24T01:32:48.1233216+00:00" testType="13cdc9d9-ddb5-4fa4-a97d-d965ccfc6d4b" outcome="Passed" testListId="8c84fa94-04c1-424b-9868-57a2d4851a1d" relativeResultsDirectory="a762e7b6-4421-4338-8dd9-da00d24e37a4">
      <Output>
        <StdOut>ClusterId=test-eb3de4a7-3393-4999-9c4a-75a896f2597d Generation=33528766&#xD;
Initializing SiloInstanceManager&#xD;
MyEntry=OrleansSilo [ Deployment=test-eb3de4a7-3393-4999-9c4a-75a896f2597d LocalEndpoint=127.0.0.1 LocalPort=0 Generation=33528766 Host=127.0.0.1 Status= ProxyPort=30000 RoleName=MyRole SiloName=MyInstance UpgradeZone=0 FaultZone=0 StartTime=2023-01-24 01:32:47.738 GMT IAmAliveTime=]&#xD;
FindSiloEntry for SiloAddress=S127.0.0.1:0:33528766 PartitionKey=test-eb3de4a7-3393-4999-9c4a-75a896f2597d RowKey=127.0.0.1-0-33528766&#xD;
FindSiloEntry returning Data=(OrleansSilo [ Deployment=test-eb3de4a7-3393-4999-9c4a-75a896f2597d LocalEndpoint=127.0.0.1 LocalPort=0 Generation=33528766 Host=127.0.0.1 Status=Active ProxyPort=30000 RoleName=MyRole SiloName=MyInstance UpgradeZone=0 FaultZone=0 StartTime=2023-01-24 01:32:47.738 GMT IAmAliveTime=], W/"datetime'2023-01-24T01%3A32%3A47.8529523Z'")&#xD;
TestCleanup Timeout=00:01:00&#xD;
TestCleanup -  Finished</StdOut>
      </Output>
    </UnitTestResult>
  </Results>
  <TestDefinitions>
    <UnitTest name="Tester.AzureUtils.SiloInstanceTableManagerTests.SiloInstanceTable_Activate_CheckData" storage="c:\users\anna\orleans\test\extensions\testerazureutils\bin\debug\net7.0\tester.azureutils.dll" id="bfb62a78-fe33-687b-1882-7a9d075536dd">
      <Execution id="a762e7b6-4421-4338-8dd9-da00d24e37a4" />
      <TestMethod codeBase="C:\Users\anna\orleans\test\Extensions\TesterAzureUtils\bin\Debug\net7.0\Tester.AzureUtils.dll" adapterTypeName="executor://xunit/VsTestRunner2/netcoreapp" className="Tester.AzureUtils.SiloInstanceTableManagerTests" name="SiloInstanceTable_Activate_CheckData" />
    </UnitTest>
  </TestDefinitions>
  <TestEntries>
    <TestEntry testId="bfb62a78-fe33-687b-1882-7a9d075536dd" executionId="a762e7b6-4421-4338-8dd9-da00d24e37a4" testListId="8c84fa94-04c1-424b-9868-57a2d4851a1d" />
  </TestEntries>
  <TestLists>
    <TestList name="Results Not in a List" id="8c84fa94-04c1-424b-9868-57a2d4851a1d" />
    <TestList name="All Loaded Results" id="19431567-8539-422a-85d7-44ee4e166bda" />
  </TestLists>
  <ResultSummary outcome="Completed">
    <Counters total="1" executed="1" passed="1" failed="0" error="0" timeout="0" aborted="0" inconclusive="0" passedButRunAborted="0" notRunnable="0" notExecuted="0" disconnected="0" warning="0" completed="0" inProgress="0" pending="0" />
    <Output>
      <StdOut>[xUnit.net 00:00:00.00] xUnit.net VSTest Adapter v2.4.5+1caef2f33e (64-bit .NET 7.0.2)&#xD;
[xUnit.net 00:00:01.25]   Discovering: Tester.AzureUtils (method display = ClassAndMethod, method display options = None)&#xD;
[xUnit.net 00:00:01.46]   Discovered:  Tester.AzureUtils (found 246 test cases)&#xD;
[xUnit.net 00:00:01.47]   Starting:    Tester.AzureUtils (parallel test collections = off, max threads = 4)&#xD;
[xUnit.net 00:00:03.26]   Finished:    Tester.AzureUtils&#xD;
</StdOut>
    </Output>
    <RunInfos>
      <RunInfo computerName="cloudtest-win10" outcome="Warning" timestamp="2023-01-24T01:32:48.2765078+00:00">
        <Text>Data collector 'Blame' message: All tests finished running, Sequence file will not be generated.</Text>
      </RunInfo>
    </RunInfos>
  </ResultSummary>
</TestRun>