<?xml version="1.0" encoding="utf-8"?>
<TestRun id="80b44171-bed8-4be8-bed0-624fb5d3a952" name="anna@cloudtest-win10 2023-01-24 01:32:22" runUser="cloudtest-win10\anna" xmlns="http://microsoft.com/schemas/VisualStudio/TeamTest/2010">
  <Times creation="2023-01-24T01:32:22.3873533+00:00" queuing="2023-01-24T01:32:22.3873539+00:00" start="2023-01-24T01:32:15.7113182+00:00" finish="2023-01-24T01:32:22.4227716+00:00" />
  <TestSettings name="default" id="e571c5e6-7c68-4d42-92d4-ba487d631988">
    <Deployment runDeploymentRoot="anna_cloudtest-win10_2023-01-24_01_32_22" />
  </TestSettings>
  <Results>
    <UnitTestResult executionId="6a11ad75-b1b6-485c-82db-9b24621ee360" testId="bfb62a78-fe33-687b-1882-7a9d075536dd" testName="Tester.AzureUtils.SiloInstanceTableManagerTests.SiloInstanceTable_Activate_CheckData" computerName="cloudtest-win10" duration="00:00:01.8678194" startTime="2023-01-24T01:32:22.0912535+00:00" endTime="2023-01-24T01:32:22.0913517+00:00" testType="13cdc9d9-ddb5-4fa4-a97d-d965ccfc6d4b" outcome="Passed" testListId="8c84fa94-04c1-424b-9868-57a2d4851a1d" relativeResultsDirectory="6a11ad75-b1b6-485c-82db-9b24621ee360">
      <Output>
        <StdOut>ClusterId=test-a5ffb4c8-4182-4c20-8166-0d670f44db6a Generation=33528740&#xD;
Initializing SiloInstanceManager&#xD;
MyEntry=OrleansSilo [ Deployment=test-a5ffb4c8-4182-4c20-8166-0d670f44db6a LocalEndpoint=127.0.0.1 LocalPort=0 Generation=33528740 Host=127.0.0.1 Status= ProxyPort=30000 RoleName=MyRole SiloName=MyInstance UpgradeZone=0 FaultZone=0 StartTime=2023-01-24 01:32:20.739 GMT IAmAliveTime=]&#xD;
FindSiloEntry for SiloAddress=S127.0.0.1:0:33528740 PartitionKey=test-a5ffb4c8-4182-4c20-8166-0d670f44db6a RowKey=127.0.0.1-0-33528740&#xD;
FindSiloEntry returning Data=(OrleansSilo [ Deployment=test-a5ffb4c8-4182-4c20-8166-0d670f44db6a LocalEndpoint=127.0.0.1 LocalPort=0 Generation=33528740 Host=127.0.0.1 Status=Active ProxyPort=30000 RoleName=MyRole SiloName=MyInstance UpgradeZone=0 FaultZone=0 StartTime=2023-01-24 01:32:20.739 GMT IAmAliveTime=], W/"datetime'2023-01-24T01%3A32%3A21.8189185Z'")&#xD;
TestCleanup Timeout=00:01:00&#xD;
TestCleanup -  Finished</StdOut>
      </Output>
    </UnitTestResult>
  </Results>
  <TestDefinitions>
    <UnitTest name="Tester.AzureUtils.SiloInstanceTableManagerTests.SiloInstanceTable_Activate_CheckData" storage="c:\users\anna\orleans\test\extensions\testerazureutils\bin\debug\net7.0\tester.azureutils.dll" id="bfb62a78-fe33-687b-1882-7a9d075536dd">
      <Execution id="6a11ad75-b1b6-485c-82db-9b24621ee360" />
      <TestMethod codeBase="C:\Users\anna\orleans\test\Extensions\TesterAzureUtils\bin\Debug\net7.0\Tester.AzureUtils.dll" adapterTypeName="executor://xunit/VsTestRunner2/netcoreapp" className="Tester.AzureUtils.SiloInstanceTableManagerTests" name="SiloInstanceTable_Activate_CheckData" />
    </UnitTest>
  </TestDefinitions>
  <TestEntries>
    <TestEntry testId="bfb62a78-fe33-687b-1882-7a9d075536dd" executionId="6a11ad75-b1b6-485c-82db-9b24621ee360" testListId="8c84fa94-04c1-424b-9868-57a2d4851a1d" />
  </TestEntries>
  <TestLists>
    <TestList name="Results Not in a List" id="8c84fa94-04c1-424b-9868-57a2d4851a1d" />
    <TestList name="All Loaded Results" id="19431567-8539-422a-85d7-44ee4e166bda" />
  </TestLists>
  <ResultSummary outcome="Completed">
    <Counters total="1" executed="1" passed="1" failed="0" error="0" timeout="0" aborted="0" inconclusive="0" passedButRunAborted="0" notRunnable="0" notExecuted="0" disconnected="0" warning="0" completed="0" inProgress="0" pending="0" />
    <Output>
      <StdOut>[xUnit.net 00:00:00.00] xUnit.net VSTest Adapter v2.4.5+1caef2f33e (64-bit .NET 7.0.2)&#xD;
[xUnit.net 00:00:01.24]   Discovering: Tester.AzureUtils (method display = ClassAndMethod, method display options = None)&#xD;
[xUnit.net 00:00:01.45]   Discovered:  Tester.AzureUtils (found 246 test cases)&#xD;
[xUnit.net 00:00:01.46]   Starting:    Tester.AzureUtils (parallel test collections = off, max threads = 4)&#xD;
[xUnit.net 00:00:03.45]   Finished:    Tester.AzureUtils&#xD;
</StdOut>
    </Output>
    <RunInfos>
      <RunInfo computerName="cloudtest-win10" outcome="Warning" timestamp="2023-01-24T01:32:22.2440480+00:00">
        <Text>Data collector 'Blame' message: All tests finished running, Sequence file will not be generated.</Text>
      </RunInfo>
    </RunInfos>
  </ResultSummary>
</TestRun>