<?xml version="1.0" encoding="utf-8"?>
<TestRun id="078bf842-be1b-4a16-becf-522f09a9cabf" name="anna@cloudtest-win10 2023-01-22 23:14:43" runUser="cloudtest-win10\anna" xmlns="http://microsoft.com/schemas/VisualStudio/TeamTest/2010">
  <Times creation="2023-01-22T23:14:43.5642792+00:00" queuing="2023-01-22T23:14:43.5642797+00:00" start="2023-01-22T23:14:32.6606154+00:00" finish="2023-01-22T23:14:43.6011279+00:00" />
  <TestSettings name="default" id="481d6912-83fb-4054-a732-32180cbd8999">
    <Deployment runDeploymentRoot="anna_cloudtest-win10_2023-01-22_23_14_43" />
  </TestSettings>
  <Results>
    <UnitTestResult executionId="39301c2f-fe9e-43fe-9924-ca6d9f34db37" testId="3a0555cf-ba8a-40f9-10bc-d07be1eff110" testName="Tester.AzureUtils.AzureQueueDataManagerTests.AQ_Standalone_3_Init_MultipleThreads" computerName="cloudtest-win10" duration="00:00:05.8239930" startTime="2023-01-22T23:14:43.2564838+00:00" endTime="2023-01-22T23:14:43.2565302+00:00" testType="13cdc9d9-ddb5-4fa4-a97d-d965ccfc6d4b" outcome="Passed" testListId="8c84fa94-04c1-424b-9868-57a2d4851a1d" relativeResultsDirectory="39301c2f-fe9e-43fe-9924-ca6d9f34db37" />
  </Results>
  <TestDefinitions>
    <UnitTest name="Tester.AzureUtils.AzureQueueDataManagerTests.AQ_Standalone_3_Init_MultipleThreads" storage="c:\users\anna\orleans\test\extensions\testerazureutils\bin\debug\net7.0\tester.azureutils.dll" id="3a0555cf-ba8a-40f9-10bc-d07be1eff110">
      <Execution id="39301c2f-fe9e-43fe-9924-ca6d9f34db37" />
      <TestMethod codeBase="C:\Users\anna\orleans\test\Extensions\TesterAzureUtils\bin\Debug\net7.0\Tester.AzureUtils.dll" adapterTypeName="executor://xunit/VsTestRunner2/netcoreapp" className="Tester.AzureUtils.AzureQueueDataManagerTests" name="AQ_Standalone_3_Init_MultipleThreads" />
    </UnitTest>
  </TestDefinitions>
  <TestEntries>
    <TestEntry testId="3a0555cf-ba8a-40f9-10bc-d07be1eff110" executionId="39301c2f-fe9e-43fe-9924-ca6d9f34db37" testListId="8c84fa94-04c1-424b-9868-57a2d4851a1d" />
  </TestEntries>
  <TestLists>
    <TestList name="Results Not in a List" id="8c84fa94-04c1-424b-9868-57a2d4851a1d" />
    <TestList name="All Loaded Results" id="19431567-8539-422a-85d7-44ee4e166bda" />
  </TestLists>
  <ResultSummary outcome="Completed">
    <Counters total="1" executed="1" passed="1" failed="0" error="0" timeout="0" aborted="0" inconclusive="0" passedButRunAborted="0" notRunnable="0" notExecuted="0" disconnected="0" warning="0" completed="0" inProgress="0" pending="0" />
    <Output>
      <StdOut>[xUnit.net 00:00:00.00] xUnit.net VSTest Adapter v2.4.5+1caef2f33e (64-bit .NET 7.0.2)&#xD;
[xUnit.net 00:00:01.27]   Discovering: Tester.AzureUtils (method display = ClassAndMethod, method display options = None)&#xD;
[xUnit.net 00:00:01.48]   Discovered:  Tester.AzureUtils (found 246 test cases)&#xD;
[xUnit.net 00:00:01.50]   Starting:    Tester.AzureUtils (parallel test collections = off, max threads = 4)&#xD;
[xUnit.net 00:00:07.69]   Finished:    Tester.AzureUtils&#xD;
</StdOut>
    </Output>
    <RunInfos>
      <RunInfo computerName="cloudtest-win10" outcome="Warning" timestamp="2023-01-22T23:14:43.4188013+00:00">
        <Text>Data collector 'Blame' message: All tests finished running, Sequence file will not be generated.</Text>
      </RunInfo>
    </RunInfos>
  </ResultSummary>
</TestRun>