<?xml version="1.0" encoding="utf-8"?>
<TestRun id="98c9d878-3014-40a6-aaaf-24e13db94b5f" name="anna@cloudtest-win10 2023-01-22 23:14:30" runUser="cloudtest-win10\anna" xmlns="http://microsoft.com/schemas/VisualStudio/TeamTest/2010">
  <Times creation="2023-01-22T23:14:30.5115945+00:00" queuing="2023-01-22T23:14:30.5115952+00:00" start="2023-01-22T23:14:19.8035317+00:00" finish="2023-01-22T23:14:30.5482832+00:00" />
  <TestSettings name="default" id="fa16d68d-666f-4856-90f3-f1a940f2e3b8">
    <Deployment runDeploymentRoot="anna_cloudtest-win10_2023-01-22_23_14_30" />
  </TestSettings>
  <Results>
    <UnitTestResult executionId="404f7447-1af6-4e8d-bfe9-14796df638ba" testId="3a0555cf-ba8a-40f9-10bc-d07be1eff110" testName="Tester.AzureUtils.AzureQueueDataManagerTests.AQ_Standalone_3_Init_MultipleThreads" computerName="cloudtest-win10" duration="00:00:05.7659659" startTime="2023-01-22T23:14:30.2049956+00:00" endTime="2023-01-22T23:14:30.2050523+00:00" testType="13cdc9d9-ddb5-4fa4-a97d-d965ccfc6d4b" outcome="Passed" testListId="8c84fa94-04c1-424b-9868-57a2d4851a1d" relativeResultsDirectory="404f7447-1af6-4e8d-bfe9-14796df638ba" />
  </Results>
  <TestDefinitions>
    <UnitTest name="Tester.AzureUtils.AzureQueueDataManagerTests.AQ_Standalone_3_Init_MultipleThreads" storage="c:\users\anna\orleans\test\extensions\testerazureutils\bin\debug\net7.0\tester.azureutils.dll" id="3a0555cf-ba8a-40f9-10bc-d07be1eff110">
      <Execution id="404f7447-1af6-4e8d-bfe9-14796df638ba" />
      <TestMethod codeBase="C:\Users\anna\orleans\test\Extensions\TesterAzureUtils\bin\Debug\net7.0\Tester.AzureUtils.dll" adapterTypeName="executor://xunit/VsTestRunner2/netcoreapp" className="Tester.AzureUtils.AzureQueueDataManagerTests" name="AQ_Standalone_3_Init_MultipleThreads" />
    </UnitTest>
  </TestDefinitions>
  <TestEntries>
    <TestEntry testId="3a0555cf-ba8a-40f9-10bc-d07be1eff110" executionId="404f7447-1af6-4e8d-bfe9-14796df638ba" testListId="8c84fa94-04c1-424b-9868-57a2d4851a1d" />
  </TestEntries>
  <TestLists>
    <TestList name="Results Not in a List" id="8c84fa94-04c1-424b-9868-57a2d4851a1d" />
    <TestList name="All Loaded Results" id="19431567-8539-422a-85d7-44ee4e166bda" />
  </TestLists>
  <ResultSummary outcome="Completed">
    <Counters total="1" executed="1" passed="1" failed="0" error="0" timeout="0" aborted="0" inconclusive="0" passedButRunAborted="0" notRunnable="0" notExecuted="0" disconnected="0" warning="0" completed="0" inProgress="0" pending="0" />
    <Output>
      <StdOut>[xUnit.net 00:00:00.00] xUnit.net VSTest Adapter v2.4.5+1caef2f33e (64-bit .NET 7.0.2)&#xD;
[xUnit.net 00:00:01.27]   Discovering: Tester.AzureUtils (method display = ClassAndMethod, method display options = None)&#xD;
[xUnit.net 00:00:01.48]   Discovered:  Tester.AzureUtils (found 246 test cases)&#xD;
[xUnit.net 00:00:01.50]   Starting:    Tester.AzureUtils (parallel test collections = off, max threads = 4)&#xD;
[xUnit.net 00:00:07.48]   Finished:    Tester.AzureUtils&#xD;
</StdOut>
    </Output>
    <RunInfos>
      <RunInfo computerName="cloudtest-win10" outcome="Warning" timestamp="2023-01-22T23:14:30.3670336+00:00">
        <Text>Data collector 'Blame' message: All tests finished running, Sequence file will not be generated.</Text>
      </RunInfo>
    </RunInfos>
  </ResultSummary>
</TestRun>