<?xml version="1.0" encoding="utf-8"?>
<TestRun id="545afd11-650c-4c06-ac76-3283db3cf56b" name="anna@cloudtest-win10 2023-01-22 18:28:08" runUser="cloudtest-win10\anna" xmlns="http://microsoft.com/schemas/VisualStudio/TeamTest/2010">
  <Times creation="2023-01-22T18:28:08.8811362+00:00" queuing="2023-01-22T18:28:08.8811369+00:00" start="2023-01-22T18:28:00.3856595+00:00" finish="2023-01-22T18:28:08.9175795+00:00" />
  <TestSettings name="default" id="0d65d165-fca2-413a-9681-9dffeb86030c">
    <Deployment runDeploymentRoot="anna_cloudtest-win10_2023-01-22_18_28_08" />
  </TestSettings>
  <Results>
    <UnitTestResult executionId="882e8ee6-fede-4e89-be72-9d2b5f74a5a9" testId="dd494d96-08b2-fa33-4417-fa08456d2c25" testName="Tester.AzureUtils.AzureMembershipTableTests.MembershipTable_Azure_UpdateIAmAlive" computerName="cloudtest-win10" duration="00:00:02.6698063" startTime="2023-01-22T18:28:08.5680667+00:00" endTime="2023-01-22T18:28:08.5681266+00:00" testType="13cdc9d9-ddb5-4fa4-a97d-d965ccfc6d4b" outcome="Passed" testListId="8c84fa94-04c1-424b-9868-57a2d4851a1d" relativeResultsDirectory="882e8ee6-fede-4e89-be72-9d2b5f74a5a9" />
  </Results>
  <TestDefinitions>
    <UnitTest name="Tester.AzureUtils.AzureMembershipTableTests.MembershipTable_Azure_UpdateIAmAlive" storage="c:\users\anna\orleans\test\extensions\testerazureutils\bin\debug\net7.0\tester.azureutils.dll" id="dd494d96-08b2-fa33-4417-fa08456d2c25">
      <Execution id="882e8ee6-fede-4e89-be72-9d2b5f74a5a9" />
      <TestMethod codeBase="C:\Users\anna\orleans\test\Extensions\TesterAzureUtils\bin\Debug\net7.0\Tester.AzureUtils.dll" adapterTypeName="executor://xunit/VsTestRunner2/netcoreapp" className="Tester.AzureUtils.AzureMembershipTableTests" name="MembershipTable_Azure_UpdateIAmAlive" />
    </UnitTest>
  </TestDefinitions>
  <TestEntries>
    <TestEntry testId="dd494d96-08b2-fa33-4417-fa08456d2c25" executionId="882e8ee6-fede-4e89-be72-9d2b5f74a5a9" testListId="8c84fa94-04c1-424b-9868-57a2d4851a1d" />
  </TestEntries>
  <TestLists>
    <TestList name="Results Not in a List" id="8c84fa94-04c1-424b-9868-57a2d4851a1d" />
    <TestList name="All Loaded Results" id="19431567-8539-422a-85d7-44ee4e166bda" />
  </TestLists>
  <ResultSummary outcome="Completed">
    <Counters total="1" executed="1" passed="1" failed="0" error="0" timeout="0" aborted="0" inconclusive="0" passedButRunAborted="0" notRunnable="0" notExecuted="0" disconnected="0" warning="0" completed="0" inProgress="0" pending="0" />
    <Output>
      <StdOut>[xUnit.net 00:00:00.00] xUnit.net VSTest Adapter v2.4.5+1caef2f33e (64-bit .NET 7.0.2)&#xD;
[xUnit.net 00:00:01.26]   Discovering: Tester.AzureUtils (method display = ClassAndMethod, method display options = None)&#xD;
[xUnit.net 00:00:01.48]   Discovered:  Tester.AzureUtils (found 246 test cases)&#xD;
[xUnit.net 00:00:01.49]   Starting:    Tester.AzureUtils (parallel test collections = off, max threads = 4)&#xD;
[xUnit.net 00:00:05.23]   Finished:    Tester.AzureUtils&#xD;
</StdOut>
    </Output>
    <RunInfos>
      <RunInfo computerName="cloudtest-win10" outcome="Warning" timestamp="2023-01-22T18:28:08.7329317+00:00">
        <Text>Data collector 'Blame' message: All tests finished running, Sequence file will not be generated.</Text>
      </RunInfo>
    </RunInfos>
  </ResultSummary>
</TestRun>