<?xml version="1.0" encoding="utf-8"?>
<TestRun id="48b7f1a0-9d4e-45b1-97b6-8e5d3103d19e" name="anna@cloudtest-win10 2023-01-23 15:04:29" runUser="cloudtest-win10\anna" xmlns="http://microsoft.com/schemas/VisualStudio/TeamTest/2010">
  <Times creation="2023-01-23T15:04:29.2789571+00:00" queuing="2023-01-23T15:04:29.2789576+00:00" start="2023-01-23T15:04:22.4539130+00:00" finish="2023-01-23T15:04:29.3148751+00:00" />
  <TestSettings name="default" id="43db2006-5930-4f37-9ff9-dea606c10eaa">
    <Deployment runDeploymentRoot="anna_cloudtest-win10_2023-01-23_15_04_29" />
  </TestSettings>
  <Results>
    <UnitTestResult executionId="6908f21e-0a29-40af-8acf-3debc918a2ff" testId="52d72771-d83b-d056-c40d-b993264b41a3" testName="Tester.AzureUtils.Lease.AzureBlobLeaseProviderTests.Provider_LifeCycle_Acqurie_Renew_Release_ShouldBeAbleToAcquireLeaseOnTheSameResourceAfterRelease" computerName="cloudtest-win10" duration="00:00:02.1007926" startTime="2023-01-23T15:04:28.9805691+00:00" endTime="2023-01-23T15:04:28.9806149+00:00" testType="13cdc9d9-ddb5-4fa4-a97d-d965ccfc6d4b" outcome="Passed" testListId="8c84fa94-04c1-424b-9868-57a2d4851a1d" relativeResultsDirectory="6908f21e-0a29-40af-8acf-3debc918a2ff" />
  </Results>
  <TestDefinitions>
    <UnitTest name="Tester.AzureUtils.Lease.AzureBlobLeaseProviderTests.Provider_LifeCycle_Acqurie_Renew_Release_ShouldBeAbleToAcquireLeaseOnTheSameResourceAfterRelease" storage="c:\users\anna\orleans\test\extensions\testerazureutils\bin\debug\net7.0\tester.azureutils.dll" id="52d72771-d83b-d056-c40d-b993264b41a3">
      <Execution id="6908f21e-0a29-40af-8acf-3debc918a2ff" />
      <TestMethod codeBase="C:\Users\anna\orleans\test\Extensions\TesterAzureUtils\bin\Debug\net7.0\Tester.AzureUtils.dll" adapterTypeName="executor://xunit/VsTestRunner2/netcoreapp" className="Tester.AzureUtils.Lease.AzureBlobLeaseProviderTests" name="Provider_LifeCycle_Acqurie_Renew_Release_ShouldBeAbleToAcquireLeaseOnTheSameResourceAfterRelease" />
    </UnitTest>
  </TestDefinitions>
  <TestEntries>
    <TestEntry testId="52d72771-d83b-d056-c40d-b993264b41a3" executionId="6908f21e-0a29-40af-8acf-3debc918a2ff" testListId="8c84fa94-04c1-424b-9868-57a2d4851a1d" />
  </TestEntries>
  <TestLists>
    <TestList name="Results Not in a List" id="8c84fa94-04c1-424b-9868-57a2d4851a1d" />
    <TestList name="All Loaded Results" id="19431567-8539-422a-85d7-44ee4e166bda" />
  </TestLists>
  <ResultSummary outcome="Completed">
    <Counters total="1" executed="1" passed="1" failed="0" error="0" timeout="0" aborted="0" inconclusive="0" passedButRunAborted="0" notRunnable="0" notExecuted="0" disconnected="0" warning="0" completed="0" inProgress="0" pending="0" />
    <Output>
      <StdOut>[xUnit.net 00:00:00.00] xUnit.net VSTest Adapter v2.4.5+1caef2f33e (64-bit .NET 7.0.2)&#xD;
[xUnit.net 00:00:01.24]   Discovering: Tester.AzureUtils (method display = ClassAndMethod, method display options = None)&#xD;
[xUnit.net 00:00:01.44]   Discovered:  Tester.AzureUtils (found 246 test cases)&#xD;
[xUnit.net 00:00:01.46]   Starting:    Tester.AzureUtils (parallel test collections = off, max threads = 4)&#xD;
[xUnit.net 00:00:03.66]   Finished:    Tester.AzureUtils&#xD;
</StdOut>
    </Output>
    <RunInfos>
      <RunInfo computerName="cloudtest-win10" outcome="Warning" timestamp="2023-01-23T15:04:29.1362120+00:00">
        <Text>Data collector 'Blame' message: All tests finished running, Sequence file will not be generated.</Text>
      </RunInfo>
    </RunInfos>
  </ResultSummary>
</TestRun>