<?xml version="1.0" encoding="utf-8"?>
<TestRun id="035b8192-d882-4077-a06c-d7a0f1ad91a6" name="anna@cloudtest-win10 2023-01-23 15:04:20" runUser="cloudtest-win10\anna" xmlns="http://microsoft.com/schemas/VisualStudio/TeamTest/2010">
  <Times creation="2023-01-23T15:04:20.3467084+00:00" queuing="2023-01-23T15:04:20.3467090+00:00" start="2023-01-23T15:04:13.3100254+00:00" finish="2023-01-23T15:04:20.3824516+00:00" />
  <TestSettings name="default" id="b7b97021-34e7-4ba3-b6f7-426ae9b40850">
    <Deployment runDeploymentRoot="anna_cloudtest-win10_2023-01-23_15_04_20" />
  </TestSettings>
  <Results>
    <UnitTestResult executionId="59aeaf49-e740-4849-b014-7ab1a5d3cee9" testId="52d72771-d83b-d056-c40d-b993264b41a3" testName="Tester.AzureUtils.Lease.AzureBlobLeaseProviderTests.Provider_LifeCycle_Acqurie_Renew_Release_ShouldBeAbleToAcquireLeaseOnTheSameResourceAfterRelease" computerName="cloudtest-win10" duration="00:00:02.3038408" startTime="2023-01-23T15:04:20.0379719+00:00" endTime="2023-01-23T15:04:20.0380178+00:00" testType="13cdc9d9-ddb5-4fa4-a97d-d965ccfc6d4b" outcome="Passed" testListId="8c84fa94-04c1-424b-9868-57a2d4851a1d" relativeResultsDirectory="59aeaf49-e740-4849-b014-7ab1a5d3cee9" />
  </Results>
  <TestDefinitions>
    <UnitTest name="Tester.AzureUtils.Lease.AzureBlobLeaseProviderTests.Provider_LifeCycle_Acqurie_Renew_Release_ShouldBeAbleToAcquireLeaseOnTheSameResourceAfterRelease" storage="c:\users\anna\orleans\test\extensions\testerazureutils\bin\debug\net7.0\tester.azureutils.dll" id="52d72771-d83b-d056-c40d-b993264b41a3">
      <Execution id="59aeaf49-e740-4849-b014-7ab1a5d3cee9" />
      <TestMethod codeBase="C:\Users\anna\orleans\test\Extensions\TesterAzureUtils\bin\Debug\net7.0\Tester.AzureUtils.dll" adapterTypeName="executor://xunit/VsTestRunner2/netcoreapp" className="Tester.AzureUtils.Lease.AzureBlobLeaseProviderTests" name="Provider_LifeCycle_Acqurie_Renew_Release_ShouldBeAbleToAcquireLeaseOnTheSameResourceAfterRelease" />
    </UnitTest>
  </TestDefinitions>
  <TestEntries>
    <TestEntry testId="52d72771-d83b-d056-c40d-b993264b41a3" executionId="59aeaf49-e740-4849-b014-7ab1a5d3cee9" testListId="8c84fa94-04c1-424b-9868-57a2d4851a1d" />
  </TestEntries>
  <TestLists>
    <TestList name="Results Not in a List" id="8c84fa94-04c1-424b-9868-57a2d4851a1d" />
    <TestList name="All Loaded Results" id="19431567-8539-422a-85d7-44ee4e166bda" />
  </TestLists>
  <ResultSummary outcome="Completed">
    <Counters total="1" executed="1" passed="1" failed="0" error="0" timeout="0" aborted="0" inconclusive="0" passedButRunAborted="0" notRunnable="0" notExecuted="0" disconnected="0" warning="0" completed="0" inProgress="0" pending="0" />
    <Output>
      <StdOut>[xUnit.net 00:00:00.00] xUnit.net VSTest Adapter v2.4.5+1caef2f33e (64-bit .NET 7.0.2)&#xD;
[xUnit.net 00:00:01.23]   Discovering: Tester.AzureUtils (method display = ClassAndMethod, method display options = None)&#xD;
[xUnit.net 00:00:01.44]   Discovered:  Tester.AzureUtils (found 246 test cases)&#xD;
[xUnit.net 00:00:01.45]   Starting:    Tester.AzureUtils (parallel test collections = off, max threads = 4)&#xD;
[xUnit.net 00:00:03.86]   Finished:    Tester.AzureUtils&#xD;
</StdOut>
    </Output>
    <RunInfos>
      <RunInfo computerName="cloudtest-win10" outcome="Warning" timestamp="2023-01-23T15:04:20.2009645+00:00">
        <Text>Data collector 'Blame' message: All tests finished running, Sequence file will not be generated.</Text>
      </RunInfo>
    </RunInfos>
  </ResultSummary>
</TestRun>