<?xml version="1.0" encoding="utf-8"?>
<TestRun id="1d321dc6-bd66-42cf-a970-ee1ebcc20d09" name="anna@cloudtest-win10 2023-01-23 22:34:28" runUser="cloudtest-win10\anna" xmlns="http://microsoft.com/schemas/VisualStudio/TeamTest/2010">
  <Times creation="2023-01-23T22:34:28.6314898+00:00" queuing="2023-01-23T22:34:28.6314904+00:00" start="2023-01-23T22:33:42.9189617+00:00" finish="2023-01-23T22:34:57.6713087+00:00" />
  <TestSettings name="default" id="33e4949d-1011-453a-ba8b-588427f3f9ee">
    <Deployment runDeploymentRoot="anna_cloudtest-win10_2023-01-23_22_34_28" />
  </TestSettings>
  <Results>
    <UnitTestResult executionId="51800e00-f89f-4964-82f8-bf71f51e817d" testId="5b7e1b06-615e-d006-acf4-96177d2222b3" testName="Tester.AzureUtils.Persistence.PersistenceStateTests_AzureTableGrainStorage.Grain_AzureTableGrainStorage_SiloRestart" computerName="cloudtest-win10" duration="00:00:33.7062893" startTime="2023-01-23T22:34:27.7442388+00:00" endTime="2023-01-23T22:34:27.7442843+00:00" testType="13cdc9d9-ddb5-4fa4-a97d-d965ccfc6d4b" outcome="Passed" testListId="8c84fa94-04c1-424b-9868-57a2d4851a1d" relativeResultsDirectory="51800e00-f89f-4964-82f8-bf71f51e817d">
      <Output>
        <StdOut>ClusterId=testcluster-2023-01-23t22-33-47-474 ServiceId=d6dca87ea1954d3a8ab3be49572f46df&#xD;
About to reset Silos&#xD;
Silos restarted&#xD;
ClusterId=testcluster-2023-01-23t22-33-47-474 ServiceId=d6dca87ea1954d3a8ab3be49572f46df</StdOut>
      </Output>
    </UnitTestResult>
  </Results>
  <TestDefinitions>
    <UnitTest name="Tester.AzureUtils.Persistence.PersistenceStateTests_AzureTableGrainStorage.Grain_AzureTableGrainStorage_SiloRestart" storage="c:\users\anna\orleans\test\extensions\testerazureutils\bin\debug\net7.0\tester.azureutils.dll" id="5b7e1b06-615e-d006-acf4-96177d2222b3">
      <Execution id="51800e00-f89f-4964-82f8-bf71f51e817d" />
      <TestMethod codeBase="C:\Users\anna\orleans\test\Extensions\TesterAzureUtils\bin\Debug\net7.0\Tester.AzureUtils.dll" adapterTypeName="executor://xunit/VsTestRunner2/netcoreapp" className="Tester.AzureUtils.Persistence.PersistenceStateTests_AzureTableGrainStorage" name="Grain_AzureTableGrainStorage_SiloRestart" />
    </UnitTest>
  </TestDefinitions>
  <TestEntries>
    <TestEntry testId="5b7e1b06-615e-d006-acf4-96177d2222b3" executionId="51800e00-f89f-4964-82f8-bf71f51e817d" testListId="8c84fa94-04c1-424b-9868-57a2d4851a1d" />
  </TestEntries>
  <TestLists>
    <TestList name="Results Not in a List" id="8c84fa94-04c1-424b-9868-57a2d4851a1d" />
    <TestList name="All Loaded Results" id="19431567-8539-422a-85d7-44ee4e166bda" />
  </TestLists>
  <ResultSummary outcome="Completed">
    <Counters total="1" executed="1" passed="1" failed="0" error="0" timeout="0" aborted="0" inconclusive="0" passedButRunAborted="0" notRunnable="0" notExecuted="0" disconnected="0" warning="0" completed="0" inProgress="0" pending="0" />
    <Output>
      <StdOut>[xUnit.net 00:00:00.00] xUnit.net VSTest Adapter v2.4.5+1caef2f33e (64-bit .NET 7.0.2)&#xD;
[xUnit.net 00:00:01.25]   Discovering: Tester.AzureUtils (method display = ClassAndMethod, method display options = None)&#xD;
[xUnit.net 00:00:01.46]   Discovered:  Tester.AzureUtils (found 246 test cases)&#xD;
[xUnit.net 00:00:01.47]   Starting:    Tester.AzureUtils (parallel test collections = off, max threads = 4)&#xD;
[xUnit.net 00:01:11.58]   Finished:    Tester.AzureUtils&#xD;
</StdOut>
    </Output>
    <RunInfos>
      <RunInfo computerName="cloudtest-win10" outcome="Warning" timestamp="2023-01-23T22:34:57.5815778+00:00">
        <Text>Data collector 'Blame' message: All tests finished running, Sequence file will not be generated.</Text>
      </RunInfo>
    </RunInfos>
  </ResultSummary>
</TestRun>