<?xml version="1.0" encoding="utf-8"?>
<TestRun id="6791bc3c-6db2-4303-a93a-30d6a5401a74" name="anna@cloudtest-win10 2023-01-23 22:37:01" runUser="cloudtest-win10\anna" xmlns="http://microsoft.com/schemas/VisualStudio/TeamTest/2010">
  <Times creation="2023-01-23T22:37:01.7916149+00:00" queuing="2023-01-23T22:37:01.7916155+00:00" start="2023-01-23T22:36:16.4299803+00:00" finish="2023-01-23T22:37:30.2831595+00:00" />
  <TestSettings name="default" id="464154d8-98ae-4e7a-a064-6a69c0899cc7">
    <Deployment runDeploymentRoot="anna_cloudtest-win10_2023-01-23_22_37_01" />
  </TestSettings>
  <Results>
    <UnitTestResult executionId="41617da5-54bb-4a7e-bf11-af52e176ae72" testId="5b7e1b06-615e-d006-acf4-96177d2222b3" testName="Tester.AzureUtils.Persistence.PersistenceStateTests_AzureTableGrainStorage.Grain_AzureTableGrainStorage_SiloRestart" computerName="cloudtest-win10" duration="00:00:33.3392732" startTime="2023-01-23T22:37:00.5498889+00:00" endTime="2023-01-23T22:37:00.5499397+00:00" testType="13cdc9d9-ddb5-4fa4-a97d-d965ccfc6d4b" outcome="Passed" testListId="8c84fa94-04c1-424b-9868-57a2d4851a1d" relativeResultsDirectory="41617da5-54bb-4a7e-bf11-af52e176ae72">
      <Output>
        <StdOut>ClusterId=testcluster-2023-01-23t22-36-20-247 ServiceId=6ee5452ada4d4957a538e765e4f75587&#xD;
About to reset Silos&#xD;
Silos restarted&#xD;
ClusterId=testcluster-2023-01-23t22-36-20-247 ServiceId=6ee5452ada4d4957a538e765e4f75587</StdOut>
      </Output>
    </UnitTestResult>
  </Results>
  <TestDefinitions>
    <UnitTest name="Tester.AzureUtils.Persistence.PersistenceStateTests_AzureTableGrainStorage.Grain_AzureTableGrainStorage_SiloRestart" storage="c:\users\anna\orleans\test\extensions\testerazureutils\bin\debug\net7.0\tester.azureutils.dll" id="5b7e1b06-615e-d006-acf4-96177d2222b3">
      <Execution id="41617da5-54bb-4a7e-bf11-af52e176ae72" />
      <TestMethod codeBase="C:\Users\anna\orleans\test\Extensions\TesterAzureUtils\bin\Debug\net7.0\Tester.AzureUtils.dll" adapterTypeName="executor://xunit/VsTestRunner2/netcoreapp" className="Tester.AzureUtils.Persistence.PersistenceStateTests_AzureTableGrainStorage" name="Grain_AzureTableGrainStorage_SiloRestart" />
    </UnitTest>
  </TestDefinitions>
  <TestEntries>
    <TestEntry testId="5b7e1b06-615e-d006-acf4-96177d2222b3" executionId="41617da5-54bb-4a7e-bf11-af52e176ae72" testListId="8c84fa94-04c1-424b-9868-57a2d4851a1d" />
  </TestEntries>
  <TestLists>
    <TestList name="Results Not in a List" id="8c84fa94-04c1-424b-9868-57a2d4851a1d" />
    <TestList name="All Loaded Results" id="19431567-8539-422a-85d7-44ee4e166bda" />
  </TestLists>
  <ResultSummary outcome="Completed">
    <Counters total="1" executed="1" passed="1" failed="0" error="0" timeout="0" aborted="0" inconclusive="0" passedButRunAborted="0" notRunnable="0" notExecuted="0" disconnected="0" warning="0" completed="0" inProgress="0" pending="0" />
    <Output>
      <StdOut>[xUnit.net 00:00:00.00] xUnit.net VSTest Adapter v2.4.5+1caef2f33e (64-bit .NET 7.0.2)&#xD;
[xUnit.net 00:00:01.26]   Discovering: Tester.AzureUtils (method display = ClassAndMethod, method display options = None)&#xD;
[xUnit.net 00:00:01.46]   Discovered:  Tester.AzureUtils (found 246 test cases)&#xD;
[xUnit.net 00:00:01.48]   Starting:    Tester.AzureUtils (parallel test collections = off, max threads = 4)&#xD;
[xUnit.net 00:01:10.70]   Finished:    Tester.AzureUtils&#xD;
</StdOut>
    </Output>
    <RunInfos>
      <RunInfo computerName="cloudtest-win10" outcome="Warning" timestamp="2023-01-23T22:37:30.1964133+00:00">
        <Text>Data collector 'Blame' message: All tests finished running, Sequence file will not be generated.</Text>
      </RunInfo>
    </RunInfos>
  </ResultSummary>
</TestRun>