<?xml version="1.0" encoding="utf-8"?>
<TestRun id="a7553871-04bd-412c-aa75-7d7ee39263bd" name="anna@cloudtest-win10 2023-01-22 18:30:28" runUser="cloudtest-win10\anna" xmlns="http://microsoft.com/schemas/VisualStudio/TeamTest/2010">
  <Times creation="2023-01-22T18:30:28.2579425+00:00" queuing="2023-01-22T18:30:28.2579430+00:00" start="2023-01-22T18:30:20.2370577+00:00" finish="2023-01-22T18:30:28.2967028+00:00" />
  <TestSettings name="default" id="b440abd6-58b8-441d-a87c-d0ebf64407e9">
    <Deployment runDeploymentRoot="anna_cloudtest-win10_2023-01-22_18_30_28" />
  </TestSettings>
  <Results>
    <UnitTestResult executionId="f70b2f22-656e-455f-b26d-278b55365179" testId="308bcf34-689e-c2f1-8dfd-270dc1dba339" testName="Tester.AzureUtils.AzureMembershipTableTests.MembershipTable_Azure_UpdateRow" computerName="cloudtest-win10" duration="00:00:02.1813685" startTime="2023-01-22T18:30:27.9405132+00:00" endTime="2023-01-22T18:30:27.9405586+00:00" testType="13cdc9d9-ddb5-4fa4-a97d-d965ccfc6d4b" outcome="Failed" testListId="8c84fa94-04c1-424b-9868-57a2d4851a1d" relativeResultsDirectory="f70b2f22-656e-455f-b26d-278b55365179">
      <Output>
        <ErrorInfo>
          <Message>InsertRow failed&#xD;
Expected: True&#xD;
Actual:   False</Message>
          <StackTrace>   at UnitTests.MembershipTests.MembershipTableTestsBase.MembershipTable_UpdateRow(Boolean extendedProtocol) in C:\Users\anna\orleans\test\TesterInternal\MembershipTests\MembershipTableTestsBase.cs:line 282&#xD;
   at Tester.AzureUtils.AzureMembershipTableTests.MembershipTable_Azure_UpdateRow() in C:\Users\anna\orleans\test\Extensions\TesterAzureUtils\AzureMembershipTableTests.cs:line 94&#xD;
--- End of stack trace from previous location ---</StackTrace>
        </ErrorInfo>
      </Output>
    </UnitTestResult>
  </Results>
  <TestDefinitions>
    <UnitTest name="Tester.AzureUtils.AzureMembershipTableTests.MembershipTable_Azure_UpdateRow" storage="c:\users\anna\orleans\test\extensions\testerazureutils\bin\debug\net7.0\tester.azureutils.dll" id="308bcf34-689e-c2f1-8dfd-270dc1dba339">
      <Execution id="f70b2f22-656e-455f-b26d-278b55365179" />
      <TestMethod codeBase="C:\Users\anna\orleans\test\Extensions\TesterAzureUtils\bin\Debug\net7.0\Tester.AzureUtils.dll" adapterTypeName="executor://xunit/VsTestRunner2/netcoreapp" className="Tester.AzureUtils.AzureMembershipTableTests" name="MembershipTable_Azure_UpdateRow" />
    </UnitTest>
  </TestDefinitions>
  <TestEntries>
    <TestEntry testId="308bcf34-689e-c2f1-8dfd-270dc1dba339" executionId="f70b2f22-656e-455f-b26d-278b55365179" testListId="8c84fa94-04c1-424b-9868-57a2d4851a1d" />
  </TestEntries>
  <TestLists>
    <TestList name="Results Not in a List" id="8c84fa94-04c1-424b-9868-57a2d4851a1d" />
    <TestList name="All Loaded Results" id="19431567-8539-422a-85d7-44ee4e166bda" />
  </TestLists>
  <ResultSummary outcome="Failed">
    <Counters total="1" executed="1" passed="0" failed="1" error="0" timeout="0" aborted="0" inconclusive="0" passedButRunAborted="0" notRunnable="0" notExecuted="0" disconnected="0" warning="0" completed="0" inProgress="0" pending="0" />
    <Output>
      <StdOut>[xUnit.net 00:00:00.00] xUnit.net VSTest Adapter v2.4.5+1caef2f33e (64-bit .NET 7.0.2)&#xD;
[xUnit.net 00:00:01.29]   Discovering: Tester.AzureUtils (method display = ClassAndMethod, method display options = None)&#xD;
[xUnit.net 00:00:01.50]   Discovered:  Tester.AzureUtils (found 246 test cases)&#xD;
[xUnit.net 00:00:01.51]   Starting:    Tester.AzureUtils (parallel test collections = off, max threads = 4)&#xD;
[xUnit.net 00:00:04.74]       InsertRow failed&#xD;
[xUnit.net 00:00:04.74]       Expected: True&#xD;
[xUnit.net 00:00:04.74]       Actual:   False&#xD;
[xUnit.net 00:00:04.74]       Stack Trace:&#xD;
[xUnit.net 00:00:04.74]         C:\Users\anna\orleans\test\TesterInternal\MembershipTests\MembershipTableTestsBase.cs(282,0): at UnitTests.MembershipTests.MembershipTableTestsBase.MembershipTable_UpdateRow(Boolean extendedProtocol)&#xD;
[xUnit.net 00:00:04.74]         C:\Users\anna\orleans\test\Extensions\TesterAzureUtils\AzureMembershipTableTests.cs(94,0): at Tester.AzureUtils.AzureMembershipTableTests.MembershipTable_Azure_UpdateRow()&#xD;
[xUnit.net 00:00:04.74]         --- End of stack trace from previous location ---&#xD;
[xUnit.net 00:00:04.78]   Finished:    Tester.AzureUtils&#xD;
</StdOut>
    </Output>
    <RunInfos>
      <RunInfo computerName="cloudtest-win10" outcome="Min" timestamp="2023-01-22T18:30:27.9355451+00:00">
        <Text>[xUnit.net 00:00:04.74]     Tester.AzureUtils.AzureMembershipTableTests.MembershipTable_Azure_UpdateRow [FAIL]</Text>
      </RunInfo>
      <RunInfo computerName="cloudtest-win10" outcome="Warning" timestamp="2023-01-22T18:30:28.1081884+00:00">
        <Text>Data collector 'Blame' message: All tests finished running, Sequence file will not be generated.</Text>
      </RunInfo>
    </RunInfos>
  </ResultSummary>
</TestRun>