<?xml version="1.0" encoding="utf-8"?>
<TestRun id="e4650d8d-b045-44e9-b98a-620e4d889ec7" name="anna@cloudtest-win10 2023-01-22 18:31:06" runUser="cloudtest-win10\anna" xmlns="http://microsoft.com/schemas/VisualStudio/TeamTest/2010">
  <Times creation="2023-01-22T18:31:06.8796210+00:00" queuing="2023-01-22T18:31:06.8796214+00:00" start="2023-01-22T18:30:49.9333773+00:00" finish="2023-01-22T18:31:06.9152943+00:00" />
  <TestSettings name="default" id="ce714f0c-9ac1-4f41-b8f1-e454e81edd16">
    <Deployment runDeploymentRoot="anna_cloudtest-win10_2023-01-22_18_31_06" />
  </TestSettings>
  <Results>
    <UnitTestResult executionId="ca20dd4c-3a4d-4c61-8d07-55f5dad210ed" testId="308bcf34-689e-c2f1-8dfd-270dc1dba339" testName="Tester.AzureUtils.AzureMembershipTableTests.MembershipTable_Azure_UpdateRow" computerName="cloudtest-win10" duration="00:00:11.1334094" startTime="2023-01-22T18:31:06.5654161+00:00" endTime="2023-01-22T18:31:06.5655932+00:00" testType="13cdc9d9-ddb5-4fa4-a97d-d965ccfc6d4b" outcome="Passed" testListId="8c84fa94-04c1-424b-9868-57a2d4851a1d" relativeResultsDirectory="ca20dd4c-3a4d-4c61-8d07-55f5dad210ed" />
  </Results>
  <TestDefinitions>
    <UnitTest name="Tester.AzureUtils.AzureMembershipTableTests.MembershipTable_Azure_UpdateRow" storage="c:\users\anna\orleans\test\extensions\testerazureutils\bin\debug\net7.0\tester.azureutils.dll" id="308bcf34-689e-c2f1-8dfd-270dc1dba339">
      <Execution id="ca20dd4c-3a4d-4c61-8d07-55f5dad210ed" />
      <TestMethod codeBase="C:\Users\anna\orleans\test\Extensions\TesterAzureUtils\bin\Debug\net7.0\Tester.AzureUtils.dll" adapterTypeName="executor://xunit/VsTestRunner2/netcoreapp" className="Tester.AzureUtils.AzureMembershipTableTests" name="MembershipTable_Azure_UpdateRow" />
    </UnitTest>
  </TestDefinitions>
  <TestEntries>
    <TestEntry testId="308bcf34-689e-c2f1-8dfd-270dc1dba339" executionId="ca20dd4c-3a4d-4c61-8d07-55f5dad210ed" testListId="8c84fa94-04c1-424b-9868-57a2d4851a1d" />
  </TestEntries>
  <TestLists>
    <TestList name="Results Not in a List" id="8c84fa94-04c1-424b-9868-57a2d4851a1d" />
    <TestList name="All Loaded Results" id="19431567-8539-422a-85d7-44ee4e166bda" />
  </TestLists>
  <ResultSummary outcome="Completed">
    <Counters total="1" executed="1" passed="1" failed="0" error="0" timeout="0" aborted="0" inconclusive="0" passedButRunAborted="0" notRunnable="0" notExecuted="0" disconnected="0" warning="0" completed="0" inProgress="0" pending="0" />
    <Output>
      <StdOut>[xUnit.net 00:00:00.00] xUnit.net VSTest Adapter v2.4.5+1caef2f33e (64-bit .NET 7.0.2)&#xD;
[xUnit.net 00:00:01.27]   Discovering: Tester.AzureUtils (method display = ClassAndMethod, method display options = None)&#xD;
[xUnit.net 00:00:01.48]   Discovered:  Tester.AzureUtils (found 246 test cases)&#xD;
[xUnit.net 00:00:01.50]   Starting:    Tester.AzureUtils (parallel test collections = off, max threads = 4)&#xD;
[xUnit.net 00:00:13.69]   Finished:    Tester.AzureUtils&#xD;
</StdOut>
    </Output>
    <RunInfos>
      <RunInfo computerName="cloudtest-win10" outcome="Warning" timestamp="2023-01-22T18:31:06.7337474+00:00">
        <Text>Data collector 'Blame' message: All tests finished running, Sequence file will not be generated.</Text>
      </RunInfo>
    </RunInfos>
  </ResultSummary>
</TestRun>