<?xml version="1.0" encoding="utf-8"?>
<TestRun id="beb7885f-540a-461d-aa1f-7b322a568bff" name="anna@cloudtest-win10 2023-01-22 18:30:47" runUser="cloudtest-win10\anna" xmlns="http://microsoft.com/schemas/VisualStudio/TeamTest/2010">
  <Times creation="2023-01-22T18:30:47.7726482+00:00" queuing="2023-01-22T18:30:47.7726489+00:00" start="2023-01-22T18:30:30.3847564+00:00" finish="2023-01-22T18:30:47.8087696+00:00" />
  <TestSettings name="default" id="d53c53fa-f4fd-4e20-bc73-e53fba537eb4">
    <Deployment runDeploymentRoot="anna_cloudtest-win10_2023-01-22_18_30_47" />
  </TestSettings>
  <Results>
    <UnitTestResult executionId="7ca4e0ce-66af-4f7b-84f3-dcf8c4f3e8c4" testId="308bcf34-689e-c2f1-8dfd-270dc1dba339" testName="Tester.AzureUtils.AzureMembershipTableTests.MembershipTable_Azure_UpdateRow" computerName="cloudtest-win10" duration="00:00:11.5313246" startTime="2023-01-22T18:30:47.4559878+00:00" endTime="2023-01-22T18:30:47.4560368+00:00" testType="13cdc9d9-ddb5-4fa4-a97d-d965ccfc6d4b" outcome="Passed" testListId="8c84fa94-04c1-424b-9868-57a2d4851a1d" relativeResultsDirectory="7ca4e0ce-66af-4f7b-84f3-dcf8c4f3e8c4" />
  </Results>
  <TestDefinitions>
    <UnitTest name="Tester.AzureUtils.AzureMembershipTableTests.MembershipTable_Azure_UpdateRow" storage="c:\users\anna\orleans\test\extensions\testerazureutils\bin\debug\net7.0\tester.azureutils.dll" id="308bcf34-689e-c2f1-8dfd-270dc1dba339">
      <Execution id="7ca4e0ce-66af-4f7b-84f3-dcf8c4f3e8c4" />
      <TestMethod codeBase="C:\Users\anna\orleans\test\Extensions\TesterAzureUtils\bin\Debug\net7.0\Tester.AzureUtils.dll" adapterTypeName="executor://xunit/VsTestRunner2/netcoreapp" className="Tester.AzureUtils.AzureMembershipTableTests" name="MembershipTable_Azure_UpdateRow" />
    </UnitTest>
  </TestDefinitions>
  <TestEntries>
    <TestEntry testId="308bcf34-689e-c2f1-8dfd-270dc1dba339" executionId="7ca4e0ce-66af-4f7b-84f3-dcf8c4f3e8c4" testListId="8c84fa94-04c1-424b-9868-57a2d4851a1d" />
  </TestEntries>
  <TestLists>
    <TestList name="Results Not in a List" id="8c84fa94-04c1-424b-9868-57a2d4851a1d" />
    <TestList name="All Loaded Results" id="19431567-8539-422a-85d7-44ee4e166bda" />
  </TestLists>
  <ResultSummary outcome="Completed">
    <Counters total="1" executed="1" passed="1" failed="0" error="0" timeout="0" aborted="0" inconclusive="0" passedButRunAborted="0" notRunnable="0" notExecuted="0" disconnected="0" warning="0" completed="0" inProgress="0" pending="0" />
    <Output>
      <StdOut>[xUnit.net 00:00:00.00] xUnit.net VSTest Adapter v2.4.5+1caef2f33e (64-bit .NET 7.0.2)&#xD;
[xUnit.net 00:00:01.29]   Discovering: Tester.AzureUtils (method display = ClassAndMethod, method display options = None)&#xD;
[xUnit.net 00:00:01.51]   Discovered:  Tester.AzureUtils (found 246 test cases)&#xD;
[xUnit.net 00:00:01.52]   Starting:    Tester.AzureUtils (parallel test collections = off, max threads = 4)&#xD;
[xUnit.net 00:00:14.12]   Finished:    Tester.AzureUtils&#xD;
</StdOut>
    </Output>
    <RunInfos>
      <RunInfo computerName="cloudtest-win10" outcome="Warning" timestamp="2023-01-22T18:30:47.6219111+00:00">
        <Text>Data collector 'Blame' message: All tests finished running, Sequence file will not be generated.</Text>
      </RunInfo>
    </RunInfos>
  </ResultSummary>
</TestRun>