<?xml version="1.0" encoding="utf-8"?>
<TestRun id="5213c3e1-7eb4-4db7-819d-716e0fac65bd" name="anna@cloudtest-win10 2023-01-22 18:29:39" runUser="cloudtest-win10\anna" xmlns="http://microsoft.com/schemas/VisualStudio/TeamTest/2010">
  <Times creation="2023-01-22T18:29:39.2753520+00:00" queuing="2023-01-22T18:29:39.2753525+00:00" start="2023-01-22T18:29:21.9974292+00:00" finish="2023-01-22T18:29:39.3116337+00:00" />
  <TestSettings name="default" id="33b3a3e8-d253-4a68-ad22-be479f1c34a6">
    <Deployment runDeploymentRoot="anna_cloudtest-win10_2023-01-22_18_29_39" />
  </TestSettings>
  <Results>
    <UnitTestResult executionId="1abc4787-5e65-4ced-9f0c-b7d709b27629" testId="308bcf34-689e-c2f1-8dfd-270dc1dba339" testName="Tester.AzureUtils.AzureMembershipTableTests.MembershipTable_Azure_UpdateRow" computerName="cloudtest-win10" duration="00:00:11.4390487" startTime="2023-01-22T18:29:38.9580390+00:00" endTime="2023-01-22T18:29:38.9580881+00:00" testType="13cdc9d9-ddb5-4fa4-a97d-d965ccfc6d4b" outcome="Passed" testListId="8c84fa94-04c1-424b-9868-57a2d4851a1d" relativeResultsDirectory="1abc4787-5e65-4ced-9f0c-b7d709b27629" />
  </Results>
  <TestDefinitions>
    <UnitTest name="Tester.AzureUtils.AzureMembershipTableTests.MembershipTable_Azure_UpdateRow" storage="c:\users\anna\orleans\test\extensions\testerazureutils\bin\debug\net7.0\tester.azureutils.dll" id="308bcf34-689e-c2f1-8dfd-270dc1dba339">
      <Execution id="1abc4787-5e65-4ced-9f0c-b7d709b27629" />
      <TestMethod codeBase="C:\Users\anna\orleans\test\Extensions\TesterAzureUtils\bin\Debug\net7.0\Tester.AzureUtils.dll" adapterTypeName="executor://xunit/VsTestRunner2/netcoreapp" className="Tester.AzureUtils.AzureMembershipTableTests" name="MembershipTable_Azure_UpdateRow" />
    </UnitTest>
  </TestDefinitions>
  <TestEntries>
    <TestEntry testId="308bcf34-689e-c2f1-8dfd-270dc1dba339" executionId="1abc4787-5e65-4ced-9f0c-b7d709b27629" testListId="8c84fa94-04c1-424b-9868-57a2d4851a1d" />
  </TestEntries>
  <TestLists>
    <TestList name="Results Not in a List" id="8c84fa94-04c1-424b-9868-57a2d4851a1d" />
    <TestList name="All Loaded Results" id="19431567-8539-422a-85d7-44ee4e166bda" />
  </TestLists>
  <ResultSummary outcome="Completed">
    <Counters total="1" executed="1" passed="1" failed="0" error="0" timeout="0" aborted="0" inconclusive="0" passedButRunAborted="0" notRunnable="0" notExecuted="0" disconnected="0" warning="0" completed="0" inProgress="0" pending="0" />
    <Output>
      <StdOut>[xUnit.net 00:00:00.00] xUnit.net VSTest Adapter v2.4.5+1caef2f33e (64-bit .NET 7.0.2)&#xD;
[xUnit.net 00:00:01.27]   Discovering: Tester.AzureUtils (method display = ClassAndMethod, method display options = None)&#xD;
[xUnit.net 00:00:01.49]   Discovered:  Tester.AzureUtils (found 246 test cases)&#xD;
[xUnit.net 00:00:01.50]   Starting:    Tester.AzureUtils (parallel test collections = off, max threads = 4)&#xD;
[xUnit.net 00:00:14.02]   Finished:    Tester.AzureUtils&#xD;
</StdOut>
    </Output>
    <RunInfos>
      <RunInfo computerName="cloudtest-win10" outcome="Warning" timestamp="2023-01-22T18:29:39.1244259+00:00">
        <Text>Data collector 'Blame' message: All tests finished running, Sequence file will not be generated.</Text>
      </RunInfo>
    </RunInfos>
  </ResultSummary>
</TestRun>