<?xml version="1.0" encoding="utf-8"?>
<TestRun id="3ac6aa1b-c71e-4ed1-b1bd-d3a407eaa63f" name="anna@cloudtest-win10 2023-01-22 19:51:45" runUser="cloudtest-win10\anna" xmlns="http://microsoft.com/schemas/VisualStudio/TeamTest/2010">
  <Times creation="2023-01-22T19:51:45.1644431+00:00" queuing="2023-01-22T19:51:45.1644437+00:00" start="2023-01-22T19:51:05.1397036+00:00" finish="2023-01-22T19:51:45.2014007+00:00" />
  <TestSettings name="default" id="d86f9591-2d14-4a0c-95d1-ee2d4576c007">
    <Deployment runDeploymentRoot="anna_cloudtest-win10_2023-01-22_19_51_45" />
  </TestSettings>
  <Results>
    <UnitTestResult executionId="2851a5f4-346b-4efb-a262-5d6da5bee0bf" testId="732e6b4c-18be-ecac-351d-b41a2208fdf8" testName="Tester.AzureUtils.AzureTableDataManagerStressTests.AzureTableDataManagerStressTests_WriteAlot_SinglePartition" computerName="cloudtest-win10" duration="00:00:35.1029676" startTime="2023-01-22T19:51:44.8477240+00:00" endTime="2023-01-22T19:51:44.8477726+00:00" testType="13cdc9d9-ddb5-4fa4-a97d-d965ccfc6d4b" outcome="Passed" testListId="8c84fa94-04c1-424b-9868-57a2d4851a1d" relativeResultsDirectory="2851a5f4-346b-4efb-a262-5d6da5bee0bf">
      <Output>
        <StdOut>Iterations=2000, Batch=1000, Partitions=1&#xD;
AzureTableDataManagerStressTests_WriteAlot_SinglePartition has written 1000 rows in 00:00:17.3829608 at 57.52759843389167 RPS&#xD;
AzureTableDataManagerStressTests_WriteAlot_SinglePartition completed. Wrote 2000 entries to 1 partition(s) in 00:00:34.5925329 at 57.81594559096307 RPS</StdOut>
      </Output>
    </UnitTestResult>
  </Results>
  <TestDefinitions>
    <UnitTest name="Tester.AzureUtils.AzureTableDataManagerStressTests.AzureTableDataManagerStressTests_WriteAlot_SinglePartition" storage="c:\users\anna\orleans\test\extensions\testerazureutils\bin\debug\net7.0\tester.azureutils.dll" id="732e6b4c-18be-ecac-351d-b41a2208fdf8">
      <Execution id="2851a5f4-346b-4efb-a262-5d6da5bee0bf" />
      <TestMethod codeBase="C:\Users\anna\orleans\test\Extensions\TesterAzureUtils\bin\Debug\net7.0\Tester.AzureUtils.dll" adapterTypeName="executor://xunit/VsTestRunner2/netcoreapp" className="Tester.AzureUtils.AzureTableDataManagerStressTests" name="AzureTableDataManagerStressTests_WriteAlot_SinglePartition" />
    </UnitTest>
  </TestDefinitions>
  <TestEntries>
    <TestEntry testId="732e6b4c-18be-ecac-351d-b41a2208fdf8" executionId="2851a5f4-346b-4efb-a262-5d6da5bee0bf" testListId="8c84fa94-04c1-424b-9868-57a2d4851a1d" />
  </TestEntries>
  <TestLists>
    <TestList name="Results Not in a List" id="8c84fa94-04c1-424b-9868-57a2d4851a1d" />
    <TestList name="All Loaded Results" id="19431567-8539-422a-85d7-44ee4e166bda" />
  </TestLists>
  <ResultSummary outcome="Completed">
    <Counters total="1" executed="1" passed="1" failed="0" error="0" timeout="0" aborted="0" inconclusive="0" passedButRunAborted="0" notRunnable="0" notExecuted="0" disconnected="0" warning="0" completed="0" inProgress="0" pending="0" />
    <Output>
      <StdOut>[xUnit.net 00:00:00.00] xUnit.net VSTest Adapter v2.4.5+1caef2f33e (64-bit .NET 7.0.2)&#xD;
[xUnit.net 00:00:01.27]   Discovering: Tester.AzureUtils (method display = ClassAndMethod, method display options = None)&#xD;
[xUnit.net 00:00:01.48]   Discovered:  Tester.AzureUtils (found 246 test cases)&#xD;
[xUnit.net 00:00:01.49]   Starting:    Tester.AzureUtils (parallel test collections = off, max threads = 4)&#xD;
[xUnit.net 00:00:36.70]   Finished:    Tester.AzureUtils&#xD;
</StdOut>
    </Output>
    <RunInfos>
      <RunInfo computerName="cloudtest-win10" outcome="Warning" timestamp="2023-01-22T19:51:45.0130440+00:00">
        <Text>Data collector 'Blame' message: All tests finished running, Sequence file will not be generated.</Text>
      </RunInfo>
    </RunInfos>
  </ResultSummary>
</TestRun>