<?xml version="1.0" encoding="utf-8"?>
<TestRun id="1b9664ef-d2d9-44c6-8d02-ee8afa8dade2" name="anna@cloudtest-win10 2023-01-22 19:52:27" runUser="cloudtest-win10\anna" xmlns="http://microsoft.com/schemas/VisualStudio/TeamTest/2010">
  <Times creation="2023-01-22T19:52:27.4045369+00:00" queuing="2023-01-22T19:52:27.4045373+00:00" start="2023-01-22T19:51:47.6338723+00:00" finish="2023-01-22T19:52:27.4407076+00:00" />
  <TestSettings name="default" id="2d199386-b5bc-47d8-9358-31d4588a88d0">
    <Deployment runDeploymentRoot="anna_cloudtest-win10_2023-01-22_19_52_27" />
  </TestSettings>
  <Results>
    <UnitTestResult executionId="0f27fd76-3017-4ab9-bdf4-e973b224ef33" testId="732e6b4c-18be-ecac-351d-b41a2208fdf8" testName="Tester.AzureUtils.AzureTableDataManagerStressTests.AzureTableDataManagerStressTests_WriteAlot_SinglePartition" computerName="cloudtest-win10" duration="00:00:34.8826719" startTime="2023-01-22T19:52:27.0921907+00:00" endTime="2023-01-22T19:52:27.0922375+00:00" testType="13cdc9d9-ddb5-4fa4-a97d-d965ccfc6d4b" outcome="Passed" testListId="8c84fa94-04c1-424b-9868-57a2d4851a1d" relativeResultsDirectory="0f27fd76-3017-4ab9-bdf4-e973b224ef33">
      <Output>
        <StdOut>Iterations=2000, Batch=1000, Partitions=1&#xD;
AzureTableDataManagerStressTests_WriteAlot_SinglePartition has written 1000 rows in 00:00:16.3644408 at 61.10810628972906 RPS&#xD;
AzureTableDataManagerStressTests_WriteAlot_SinglePartition completed. Wrote 2000 entries to 1 partition(s) in 00:00:33.5883999 at 59.54436668476131 RPS</StdOut>
      </Output>
    </UnitTestResult>
  </Results>
  <TestDefinitions>
    <UnitTest name="Tester.AzureUtils.AzureTableDataManagerStressTests.AzureTableDataManagerStressTests_WriteAlot_SinglePartition" storage="c:\users\anna\orleans\test\extensions\testerazureutils\bin\debug\net7.0\tester.azureutils.dll" id="732e6b4c-18be-ecac-351d-b41a2208fdf8">
      <Execution id="0f27fd76-3017-4ab9-bdf4-e973b224ef33" />
      <TestMethod codeBase="C:\Users\anna\orleans\test\Extensions\TesterAzureUtils\bin\Debug\net7.0\Tester.AzureUtils.dll" adapterTypeName="executor://xunit/VsTestRunner2/netcoreapp" className="Tester.AzureUtils.AzureTableDataManagerStressTests" name="AzureTableDataManagerStressTests_WriteAlot_SinglePartition" />
    </UnitTest>
  </TestDefinitions>
  <TestEntries>
    <TestEntry testId="732e6b4c-18be-ecac-351d-b41a2208fdf8" executionId="0f27fd76-3017-4ab9-bdf4-e973b224ef33" testListId="8c84fa94-04c1-424b-9868-57a2d4851a1d" />
  </TestEntries>
  <TestLists>
    <TestList name="Results Not in a List" id="8c84fa94-04c1-424b-9868-57a2d4851a1d" />
    <TestList name="All Loaded Results" id="19431567-8539-422a-85d7-44ee4e166bda" />
  </TestLists>
  <ResultSummary outcome="Completed">
    <Counters total="1" executed="1" passed="1" failed="0" error="0" timeout="0" aborted="0" inconclusive="0" passedButRunAborted="0" notRunnable="0" notExecuted="0" disconnected="0" warning="0" completed="0" inProgress="0" pending="0" />
    <Output>
      <StdOut>[xUnit.net 00:00:00.00] xUnit.net VSTest Adapter v2.4.5+1caef2f33e (64-bit .NET 7.0.2)&#xD;
[xUnit.net 00:00:01.27]   Discovering: Tester.AzureUtils (method display = ClassAndMethod, method display options = None)&#xD;
[xUnit.net 00:00:01.49]   Discovered:  Tester.AzureUtils (found 246 test cases)&#xD;
[xUnit.net 00:00:01.50]   Starting:    Tester.AzureUtils (parallel test collections = off, max threads = 4)&#xD;
[xUnit.net 00:00:36.50]   Finished:    Tester.AzureUtils&#xD;
</StdOut>
    </Output>
    <RunInfos>
      <RunInfo computerName="cloudtest-win10" outcome="Warning" timestamp="2023-01-22T19:52:27.2554050+00:00">
        <Text>Data collector 'Blame' message: All tests finished running, Sequence file will not be generated.</Text>
      </RunInfo>
    </RunInfos>
  </ResultSummary>
</TestRun>