<?xml version="1.0" encoding="utf-8"?>
<TestRun id="18a0b0b5-3d6d-49ef-a765-9092fac64b3c" name="anna@cloudtest-win10 2023-01-22 19:00:42" runUser="cloudtest-win10\anna" xmlns="http://microsoft.com/schemas/VisualStudio/TeamTest/2010">
  <Times creation="2023-01-22T19:00:42.9899825+00:00" queuing="2023-01-22T19:00:42.9899832+00:00" start="2023-01-22T19:00:35.3361453+00:00" finish="2023-01-22T19:00:43.0268230+00:00" />
  <TestSettings name="default" id="9dcff040-55e3-42ae-a855-d15a56001a13">
    <Deployment runDeploymentRoot="anna_cloudtest-win10_2023-01-22_19_00_42" />
  </TestSettings>
  <Results>
    <UnitTestResult executionId="5022b4d6-376d-4468-adbc-85b5a5454667" testId="0fc7afa1-bccc-bd57-5ca0-475359ca85dd" testName="Tester.AzureUtils.AzureMembershipTableTests.MembershipTable_Azure_ReadAll_EmptyTable" computerName="cloudtest-win10" duration="00:00:01.7280321" startTime="2023-01-22T19:00:42.6707348+00:00" endTime="2023-01-22T19:00:42.6707864+00:00" testType="13cdc9d9-ddb5-4fa4-a97d-d965ccfc6d4b" outcome="Passed" testListId="8c84fa94-04c1-424b-9868-57a2d4851a1d" relativeResultsDirectory="5022b4d6-376d-4468-adbc-85b5a5454667" />
  </Results>
  <TestDefinitions>
    <UnitTest name="Tester.AzureUtils.AzureMembershipTableTests.MembershipTable_Azure_ReadAll_EmptyTable" storage="c:\users\anna\orleans\test\extensions\testerazureutils\bin\debug\net7.0\tester.azureutils.dll" id="0fc7afa1-bccc-bd57-5ca0-475359ca85dd">
      <Execution id="5022b4d6-376d-4468-adbc-85b5a5454667" />
      <TestMethod codeBase="C:\Users\anna\orleans\test\Extensions\TesterAzureUtils\bin\Debug\net7.0\Tester.AzureUtils.dll" adapterTypeName="executor://xunit/VsTestRunner2/netcoreapp" className="Tester.AzureUtils.AzureMembershipTableTests" name="MembershipTable_Azure_ReadAll_EmptyTable" />
    </UnitTest>
  </TestDefinitions>
  <TestEntries>
    <TestEntry testId="0fc7afa1-bccc-bd57-5ca0-475359ca85dd" executionId="5022b4d6-376d-4468-adbc-85b5a5454667" testListId="8c84fa94-04c1-424b-9868-57a2d4851a1d" />
  </TestEntries>
  <TestLists>
    <TestList name="Results Not in a List" id="8c84fa94-04c1-424b-9868-57a2d4851a1d" />
    <TestList name="All Loaded Results" id="19431567-8539-422a-85d7-44ee4e166bda" />
  </TestLists>
  <ResultSummary outcome="Completed">
    <Counters total="1" executed="1" passed="1" failed="0" error="0" timeout="0" aborted="0" inconclusive="0" passedButRunAborted="0" notRunnable="0" notExecuted="0" disconnected="0" warning="0" completed="0" inProgress="0" pending="0" />
    <Output>
      <StdOut>[xUnit.net 00:00:00.00] xUnit.net VSTest Adapter v2.4.5+1caef2f33e (64-bit .NET 7.0.2)&#xD;
[xUnit.net 00:00:01.29]   Discovering: Tester.AzureUtils (method display = ClassAndMethod, method display options = None)&#xD;
[xUnit.net 00:00:01.50]   Discovered:  Tester.AzureUtils (found 246 test cases)&#xD;
[xUnit.net 00:00:01.51]   Starting:    Tester.AzureUtils (parallel test collections = off, max threads = 4)&#xD;
[xUnit.net 00:00:04.33]   Finished:    Tester.AzureUtils&#xD;
</StdOut>
    </Output>
    <RunInfos>
      <RunInfo computerName="cloudtest-win10" outcome="Warning" timestamp="2023-01-22T19:00:42.8410461+00:00">
        <Text>Data collector 'Blame' message: All tests finished running, Sequence file will not be generated.</Text>
      </RunInfo>
    </RunInfos>
  </ResultSummary>
</TestRun>