<?xml version="1.0" encoding="utf-8"?>
<TestRun id="a4515ec6-d19b-49c5-916e-0e0f81be818c" name="anna@cloudtest-win10 2023-01-22 19:00:52" runUser="cloudtest-win10\anna" xmlns="http://microsoft.com/schemas/VisualStudio/TeamTest/2010">
  <Times creation="2023-01-22T19:00:52.9582247+00:00" queuing="2023-01-22T19:00:52.9582253+00:00" start="2023-01-22T19:00:45.1887845+00:00" finish="2023-01-22T19:00:52.9952213+00:00" />
  <TestSettings name="default" id="b1e4f500-a2c2-4aff-86d7-b9719cecb23f">
    <Deployment runDeploymentRoot="anna_cloudtest-win10_2023-01-22_19_00_52" />
  </TestSettings>
  <Results>
    <UnitTestResult executionId="544fb5f6-5d25-4510-9118-2ce0a4babaf1" testId="0fc7afa1-bccc-bd57-5ca0-475359ca85dd" testName="Tester.AzureUtils.AzureMembershipTableTests.MembershipTable_Azure_ReadAll_EmptyTable" computerName="cloudtest-win10" duration="00:00:01.9188823" startTime="2023-01-22T19:00:52.6445177+00:00" endTime="2023-01-22T19:00:52.6446073+00:00" testType="13cdc9d9-ddb5-4fa4-a97d-d965ccfc6d4b" outcome="Passed" testListId="8c84fa94-04c1-424b-9868-57a2d4851a1d" relativeResultsDirectory="544fb5f6-5d25-4510-9118-2ce0a4babaf1" />
  </Results>
  <TestDefinitions>
    <UnitTest name="Tester.AzureUtils.AzureMembershipTableTests.MembershipTable_Azure_ReadAll_EmptyTable" storage="c:\users\anna\orleans\test\extensions\testerazureutils\bin\debug\net7.0\tester.azureutils.dll" id="0fc7afa1-bccc-bd57-5ca0-475359ca85dd">
      <Execution id="544fb5f6-5d25-4510-9118-2ce0a4babaf1" />
      <TestMethod codeBase="C:\Users\anna\orleans\test\Extensions\TesterAzureUtils\bin\Debug\net7.0\Tester.AzureUtils.dll" adapterTypeName="executor://xunit/VsTestRunner2/netcoreapp" className="Tester.AzureUtils.AzureMembershipTableTests" name="MembershipTable_Azure_ReadAll_EmptyTable" />
    </UnitTest>
  </TestDefinitions>
  <TestEntries>
    <TestEntry testId="0fc7afa1-bccc-bd57-5ca0-475359ca85dd" executionId="544fb5f6-5d25-4510-9118-2ce0a4babaf1" testListId="8c84fa94-04c1-424b-9868-57a2d4851a1d" />
  </TestEntries>
  <TestLists>
    <TestList name="Results Not in a List" id="8c84fa94-04c1-424b-9868-57a2d4851a1d" />
    <TestList name="All Loaded Results" id="19431567-8539-422a-85d7-44ee4e166bda" />
  </TestLists>
  <ResultSummary outcome="Completed">
    <Counters total="1" executed="1" passed="1" failed="0" error="0" timeout="0" aborted="0" inconclusive="0" passedButRunAborted="0" notRunnable="0" notExecuted="0" disconnected="0" warning="0" completed="0" inProgress="0" pending="0" />
    <Output>
      <StdOut>[xUnit.net 00:00:00.00] xUnit.net VSTest Adapter v2.4.5+1caef2f33e (64-bit .NET 7.0.2)&#xD;
[xUnit.net 00:00:01.27]   Discovering: Tester.AzureUtils (method display = ClassAndMethod, method display options = None)&#xD;
[xUnit.net 00:00:01.49]   Discovered:  Tester.AzureUtils (found 246 test cases)&#xD;
[xUnit.net 00:00:01.50]   Starting:    Tester.AzureUtils (parallel test collections = off, max threads = 4)&#xD;
[xUnit.net 00:00:04.51]   Finished:    Tester.AzureUtils&#xD;
</StdOut>
    </Output>
    <RunInfos>
      <RunInfo computerName="cloudtest-win10" outcome="Warning" timestamp="2023-01-22T19:00:52.8100455+00:00">
        <Text>Data collector 'Blame' message: All tests finished running, Sequence file will not be generated.</Text>
      </RunInfo>
    </RunInfos>
  </ResultSummary>
</TestRun>