<?xml version="1.0" encoding="utf-8"?>
<TestRun id="87abc870-31a7-42a4-81d3-8318d1bcfce5" name="anna@cloudtest-win10 2023-01-22 18:27:27" runUser="cloudtest-win10\anna" xmlns="http://microsoft.com/schemas/VisualStudio/TeamTest/2010">
  <Times creation="2023-01-22T18:27:27.1341384+00:00" queuing="2023-01-22T18:27:27.1341392+00:00" start="2023-01-22T18:27:18.5522095+00:00" finish="2023-01-22T18:27:27.1706781+00:00" />
  <TestSettings name="default" id="fb3644b3-5ce7-4787-95b4-86abb0b83665">
    <Deployment runDeploymentRoot="anna_cloudtest-win10_2023-01-22_18_27_27" />
  </TestSettings>
  <Results>
    <UnitTestResult executionId="030c843a-4dc3-40af-a70b-1b27589081a9" testId="3b1868e8-34d3-e73d-cfed-ceff9555946a" testName="Tester.AzureUtils.AzureMembershipTableTests.MembershipTable_Azure_ReadRow_Insert_Read" computerName="cloudtest-win10" duration="00:00:02.7505426" startTime="2023-01-22T18:27:26.8157307+00:00" endTime="2023-01-22T18:27:26.8157887+00:00" testType="13cdc9d9-ddb5-4fa4-a97d-d965ccfc6d4b" outcome="Passed" testListId="8c84fa94-04c1-424b-9868-57a2d4851a1d" relativeResultsDirectory="030c843a-4dc3-40af-a70b-1b27589081a9" />
  </Results>
  <TestDefinitions>
    <UnitTest name="Tester.AzureUtils.AzureMembershipTableTests.MembershipTable_Azure_ReadRow_Insert_Read" storage="c:\users\anna\orleans\test\extensions\testerazureutils\bin\debug\net7.0\tester.azureutils.dll" id="3b1868e8-34d3-e73d-cfed-ceff9555946a">
      <Execution id="030c843a-4dc3-40af-a70b-1b27589081a9" />
      <TestMethod codeBase="C:\Users\anna\orleans\test\Extensions\TesterAzureUtils\bin\Debug\net7.0\Tester.AzureUtils.dll" adapterTypeName="executor://xunit/VsTestRunner2/netcoreapp" className="Tester.AzureUtils.AzureMembershipTableTests" name="MembershipTable_Azure_ReadRow_Insert_Read" />
    </UnitTest>
  </TestDefinitions>
  <TestEntries>
    <TestEntry testId="3b1868e8-34d3-e73d-cfed-ceff9555946a" executionId="030c843a-4dc3-40af-a70b-1b27589081a9" testListId="8c84fa94-04c1-424b-9868-57a2d4851a1d" />
  </TestEntries>
  <TestLists>
    <TestList name="Results Not in a List" id="8c84fa94-04c1-424b-9868-57a2d4851a1d" />
    <TestList name="All Loaded Results" id="19431567-8539-422a-85d7-44ee4e166bda" />
  </TestLists>
  <ResultSummary outcome="Completed">
    <Counters total="1" executed="1" passed="1" failed="0" error="0" timeout="0" aborted="0" inconclusive="0" passedButRunAborted="0" notRunnable="0" notExecuted="0" disconnected="0" warning="0" completed="0" inProgress="0" pending="0" />
    <Output>
      <StdOut>[xUnit.net 00:00:00.00] xUnit.net VSTest Adapter v2.4.5+1caef2f33e (64-bit .NET 7.0.2)&#xD;
[xUnit.net 00:00:01.26]   Discovering: Tester.AzureUtils (method display = ClassAndMethod, method display options = None)&#xD;
[xUnit.net 00:00:01.47]   Discovered:  Tester.AzureUtils (found 246 test cases)&#xD;
[xUnit.net 00:00:01.48]   Starting:    Tester.AzureUtils (parallel test collections = off, max threads = 4)&#xD;
[xUnit.net 00:00:05.33]   Finished:    Tester.AzureUtils&#xD;
</StdOut>
    </Output>
    <RunInfos>
      <RunInfo computerName="cloudtest-win10" outcome="Warning" timestamp="2023-01-22T18:27:26.9827564+00:00">
        <Text>Data collector 'Blame' message: All tests finished running, Sequence file will not be generated.</Text>
      </RunInfo>
    </RunInfos>
  </ResultSummary>
</TestRun>