<?xml version="1.0" encoding="utf-8"?>
<TestRun id="5d85cd7f-c30f-456a-ad6a-e54d38293df9" name="anna@cloudtest-win10 2023-01-23 05:16:19" runUser="cloudtest-win10\anna" xmlns="http://microsoft.com/schemas/VisualStudio/TeamTest/2010">
  <Times creation="2023-01-23T05:16:19.6367286+00:00" queuing="2023-01-23T05:16:19.6367292+00:00" start="2023-01-23T05:15:30.5968324+00:00" finish="2023-01-23T05:16:19.6723949+00:00" />
  <TestSettings name="default" id="183634f3-dc6c-47e9-935f-fb749ec55ee3">
    <Deployment runDeploymentRoot="anna_cloudtest-win10_2023-01-23_05_16_19" />
  </TestSettings>
  <Results>
    <UnitTestResult executionId="139732ee-19c2-4586-b28b-34d99e6dd90f" testId="7840ab3a-139e-dcc5-c861-dc85ff45b00d" testName="Tester.AzureUtils.LivenessTests_AzureTable.Liveness_Azure_5_Kill_Silo_1_With_Timers" computerName="cloudtest-win10" duration="00:00:26.1933686" startTime="2023-01-23T05:16:19.3208193+00:00" endTime="2023-01-23T05:16:19.3209367+00:00" testType="13cdc9d9-ddb5-4fa4-a97d-d965ccfc6d4b" outcome="Passed" testListId="8c84fa94-04c1-424b-9868-57a2d4851a1d" relativeResultsDirectory="139732ee-19c2-4586-b28b-34d99e6dd90f" />
  </Results>
  <TestDefinitions>
    <UnitTest name="Tester.AzureUtils.LivenessTests_AzureTable.Liveness_Azure_5_Kill_Silo_1_With_Timers" storage="c:\users\anna\orleans\test\extensions\testerazureutils\bin\debug\net7.0\tester.azureutils.dll" id="7840ab3a-139e-dcc5-c861-dc85ff45b00d">
      <Execution id="139732ee-19c2-4586-b28b-34d99e6dd90f" />
      <TestMethod codeBase="C:\Users\anna\orleans\test\Extensions\TesterAzureUtils\bin\Debug\net7.0\Tester.AzureUtils.dll" adapterTypeName="executor://xunit/VsTestRunner2/netcoreapp" className="Tester.AzureUtils.LivenessTests_AzureTable" name="Liveness_Azure_5_Kill_Silo_1_With_Timers" />
    </UnitTest>
  </TestDefinitions>
  <TestEntries>
    <TestEntry testId="7840ab3a-139e-dcc5-c861-dc85ff45b00d" executionId="139732ee-19c2-4586-b28b-34d99e6dd90f" testListId="8c84fa94-04c1-424b-9868-57a2d4851a1d" />
  </TestEntries>
  <TestLists>
    <TestList name="Results Not in a List" id="8c84fa94-04c1-424b-9868-57a2d4851a1d" />
    <TestList name="All Loaded Results" id="19431567-8539-422a-85d7-44ee4e166bda" />
  </TestLists>
  <ResultSummary outcome="Completed">
    <Counters total="1" executed="1" passed="1" failed="0" error="0" timeout="0" aborted="0" inconclusive="0" passedButRunAborted="0" notRunnable="0" notExecuted="0" disconnected="0" warning="0" completed="0" inProgress="0" pending="0" />
    <Output>
      <StdOut>[xUnit.net 00:00:00.00] xUnit.net VSTest Adapter v2.4.5+1caef2f33e (64-bit .NET 7.0.2)&#xD;
[xUnit.net 00:00:01.25]   Discovering: Tester.AzureUtils (method display = ClassAndMethod, method display options = None)&#xD;
[xUnit.net 00:00:01.46]   Discovered:  Tester.AzureUtils (found 246 test cases)&#xD;
[xUnit.net 00:00:01.47]   Starting:    Tester.AzureUtils (parallel test collections = off, max threads = 4)&#xD;
[xUnit.net 00:00:45.85]   Finished:    Tester.AzureUtils&#xD;
</StdOut>
    </Output>
    <RunInfos>
      <RunInfo computerName="cloudtest-win10" outcome="Warning" timestamp="2023-01-23T05:16:19.4914654+00:00">
        <Text>Data collector 'Blame' message: All tests finished running, Sequence file will not be generated.</Text>
      </RunInfo>
    </RunInfos>
  </ResultSummary>
</TestRun>