<?xml version="1.0" encoding="utf-8"?>
<TestRun id="33148a7b-8453-44c7-982d-86a18903f888" name="anna@cloudtest-win10 2023-01-23 05:18:02" runUser="cloudtest-win10\anna" xmlns="http://microsoft.com/schemas/VisualStudio/TeamTest/2010">
  <Times creation="2023-01-23T05:18:02.1174792+00:00" queuing="2023-01-23T05:18:02.1174796+00:00" start="2023-01-23T05:17:13.0477098+00:00" finish="2023-01-23T05:18:02.1533534+00:00" />
  <TestSettings name="default" id="6fc7c2f7-0db9-4586-b787-505d6ea94d05">
    <Deployment runDeploymentRoot="anna_cloudtest-win10_2023-01-23_05_18_02" />
  </TestSettings>
  <Results>
    <UnitTestResult executionId="3e2f711e-7d7d-44f2-aec2-5fda5c02c333" testId="7840ab3a-139e-dcc5-c861-dc85ff45b00d" testName="Tester.AzureUtils.LivenessTests_AzureTable.Liveness_Azure_5_Kill_Silo_1_With_Timers" computerName="cloudtest-win10" duration="00:00:26.0532593" startTime="2023-01-23T05:18:01.7968038+00:00" endTime="2023-01-23T05:18:01.7968499+00:00" testType="13cdc9d9-ddb5-4fa4-a97d-d965ccfc6d4b" outcome="Passed" testListId="8c84fa94-04c1-424b-9868-57a2d4851a1d" relativeResultsDirectory="3e2f711e-7d7d-44f2-aec2-5fda5c02c333" />
  </Results>
  <TestDefinitions>
    <UnitTest name="Tester.AzureUtils.LivenessTests_AzureTable.Liveness_Azure_5_Kill_Silo_1_With_Timers" storage="c:\users\anna\orleans\test\extensions\testerazureutils\bin\debug\net7.0\tester.azureutils.dll" id="7840ab3a-139e-dcc5-c861-dc85ff45b00d">
      <Execution id="3e2f711e-7d7d-44f2-aec2-5fda5c02c333" />
      <TestMethod codeBase="C:\Users\anna\orleans\test\Extensions\TesterAzureUtils\bin\Debug\net7.0\Tester.AzureUtils.dll" adapterTypeName="executor://xunit/VsTestRunner2/netcoreapp" className="Tester.AzureUtils.LivenessTests_AzureTable" name="Liveness_Azure_5_Kill_Silo_1_With_Timers" />
    </UnitTest>
  </TestDefinitions>
  <TestEntries>
    <TestEntry testId="7840ab3a-139e-dcc5-c861-dc85ff45b00d" executionId="3e2f711e-7d7d-44f2-aec2-5fda5c02c333" testListId="8c84fa94-04c1-424b-9868-57a2d4851a1d" />
  </TestEntries>
  <TestLists>
    <TestList name="Results Not in a List" id="8c84fa94-04c1-424b-9868-57a2d4851a1d" />
    <TestList name="All Loaded Results" id="19431567-8539-422a-85d7-44ee4e166bda" />
  </TestLists>
  <ResultSummary outcome="Completed">
    <Counters total="1" executed="1" passed="1" failed="0" error="0" timeout="0" aborted="0" inconclusive="0" passedButRunAborted="0" notRunnable="0" notExecuted="0" disconnected="0" warning="0" completed="0" inProgress="0" pending="0" />
    <Output>
      <StdOut>[xUnit.net 00:00:00.00] xUnit.net VSTest Adapter v2.4.5+1caef2f33e (64-bit .NET 7.0.2)&#xD;
[xUnit.net 00:00:01.23]   Discovering: Tester.AzureUtils (method display = ClassAndMethod, method display options = None)&#xD;
[xUnit.net 00:00:01.44]   Discovered:  Tester.AzureUtils (found 246 test cases)&#xD;
[xUnit.net 00:00:01.45]   Starting:    Tester.AzureUtils (parallel test collections = off, max threads = 4)&#xD;
[xUnit.net 00:00:45.85]   Finished:    Tester.AzureUtils&#xD;
</StdOut>
    </Output>
    <RunInfos>
      <RunInfo computerName="cloudtest-win10" outcome="Warning" timestamp="2023-01-23T05:18:01.9676316+00:00">
        <Text>Data collector 'Blame' message: All tests finished running, Sequence file will not be generated.</Text>
      </RunInfo>
    </RunInfos>
  </ResultSummary>
</TestRun>