<?xml version="1.0" encoding="utf-8"?>
<TestRun id="10b31919-59dc-45b4-9753-06cc833b293e" name="anna@cloudtest-win10 2023-01-24 01:55:32" runUser="cloudtest-win10\anna" xmlns="http://microsoft.com/schemas/VisualStudio/TeamTest/2010">
  <Times creation="2023-01-24T01:55:32.8331601+00:00" queuing="2023-01-24T01:55:32.8331608+00:00" start="2023-01-24T01:55:26.1613540+00:00" finish="2023-01-24T01:55:32.8684928+00:00" />
  <TestSettings name="default" id="8a3f33f5-428e-4ef1-afcd-2a434344eb8f">
    <Deployment runDeploymentRoot="anna_cloudtest-win10_2023-01-24_01_55_32" />
  </TestSettings>
  <Results>
    <UnitTestResult executionId="d65f4c1f-c0ff-4bfe-9779-0627f87db94d" testId="97391499-cea7-ece6-37da-e491ed23d91d" testName="Tester.AzureUtils.SiloInstanceTableManagerTests.SiloInstanceTable_Register_CheckData" computerName="cloudtest-win10" duration="00:00:01.8460780" startTime="2023-01-24T01:55:32.5342689+00:00" endTime="2023-01-24T01:55:32.5343162+00:00" testType="13cdc9d9-ddb5-4fa4-a97d-d965ccfc6d4b" outcome="Passed" testListId="8c84fa94-04c1-424b-9868-57a2d4851a1d" relativeResultsDirectory="d65f4c1f-c0ff-4bfe-9779-0627f87db94d">
      <Output>
        <StdOut>ClusterId=test-1d0839b1-ffd1-4b16-9513-f8e8bbf9499f Generation=33530130&#xD;
Initializing SiloInstanceManager&#xD;
Start SiloInstanceTable_Register_CheckData&#xD;
MyEntry=OrleansSilo [ Deployment=test-1d0839b1-ffd1-4b16-9513-f8e8bbf9499f LocalEndpoint=127.0.0.1 LocalPort=0 Generation=33530130 Host=127.0.0.1 Status= ProxyPort=30000 RoleName=MyRole SiloName=MyInstance UpgradeZone=0 FaultZone=0 StartTime=2023-01-24 01:55:32.115 GMT IAmAliveTime=]&#xD;
FindSiloEntry for SiloAddress=S127.0.0.1:0:33530130 PartitionKey=test-1d0839b1-ffd1-4b16-9513-f8e8bbf9499f RowKey=127.0.0.1-0-33530130&#xD;
FindSiloEntry returning Data=(OrleansSilo [ Deployment=test-1d0839b1-ffd1-4b16-9513-f8e8bbf9499f LocalEndpoint=127.0.0.1 LocalPort=0 Generation=33530130 Host=127.0.0.1 Status=Created ProxyPort=30000 RoleName=MyRole SiloName=MyInstance UpgradeZone=0 FaultZone=0 StartTime=2023-01-24 01:55:32.115 GMT IAmAliveTime=], W/"datetime'2023-01-24T01%3A55%3A32.2309647Z'")&#xD;
End SiloInstanceTable_Register_CheckData&#xD;
TestCleanup Timeout=00:01:00&#xD;
TestCleanup -  Finished</StdOut>
      </Output>
    </UnitTestResult>
  </Results>
  <TestDefinitions>
    <UnitTest name="Tester.AzureUtils.SiloInstanceTableManagerTests.SiloInstanceTable_Register_CheckData" storage="c:\users\anna\orleans\test\extensions\testerazureutils\bin\debug\net7.0\tester.azureutils.dll" id="97391499-cea7-ece6-37da-e491ed23d91d">
      <Execution id="d65f4c1f-c0ff-4bfe-9779-0627f87db94d" />
      <TestMethod codeBase="C:\Users\anna\orleans\test\Extensions\TesterAzureUtils\bin\Debug\net7.0\Tester.AzureUtils.dll" adapterTypeName="executor://xunit/VsTestRunner2/netcoreapp" className="Tester.AzureUtils.SiloInstanceTableManagerTests" name="SiloInstanceTable_Register_CheckData" />
    </UnitTest>
  </TestDefinitions>
  <TestEntries>
    <TestEntry testId="97391499-cea7-ece6-37da-e491ed23d91d" executionId="d65f4c1f-c0ff-4bfe-9779-0627f87db94d" testListId="8c84fa94-04c1-424b-9868-57a2d4851a1d" />
  </TestEntries>
  <TestLists>
    <TestList name="Results Not in a List" id="8c84fa94-04c1-424b-9868-57a2d4851a1d" />
    <TestList name="All Loaded Results" id="19431567-8539-422a-85d7-44ee4e166bda" />
  </TestLists>
  <ResultSummary outcome="Completed">
    <Counters total="1" executed="1" passed="1" failed="0" error="0" timeout="0" aborted="0" inconclusive="0" passedButRunAborted="0" notRunnable="0" notExecuted="0" disconnected="0" warning="0" completed="0" inProgress="0" pending="0" />
    <Output>
      <StdOut>[xUnit.net 00:00:00.00] xUnit.net VSTest Adapter v2.4.5+1caef2f33e (64-bit .NET 7.0.2)&#xD;
[xUnit.net 00:00:01.26]   Discovering: Tester.AzureUtils (method display = ClassAndMethod, method display options = None)&#xD;
[xUnit.net 00:00:01.47]   Discovered:  Tester.AzureUtils (found 246 test cases)&#xD;
[xUnit.net 00:00:01.49]   Starting:    Tester.AzureUtils (parallel test collections = off, max threads = 4)&#xD;
[xUnit.net 00:00:03.45]   Finished:    Tester.AzureUtils&#xD;
</StdOut>
    </Output>
    <RunInfos>
      <RunInfo computerName="cloudtest-win10" outcome="Warning" timestamp="2023-01-24T01:55:32.6876437+00:00">
        <Text>Data collector 'Blame' message: All tests finished running, Sequence file will not be generated.</Text>
      </RunInfo>
    </RunInfos>
  </ResultSummary>
</TestRun>