<?xml version="1.0" encoding="utf-8"?>
<TestRun id="02bcc0ac-da73-4e79-b7a1-e509ad6773fb" name="anna@cloudtest-win10 2023-01-23 00:00:35" runUser="cloudtest-win10\anna" xmlns="http://microsoft.com/schemas/VisualStudio/TeamTest/2010">
  <Times creation="2023-01-23T00:00:35.1497497+00:00" queuing="2023-01-23T00:00:35.1497502+00:00" start="2023-01-23T00:00:28.9528499+00:00" finish="2023-01-23T00:00:35.3131994+00:00" />
  <TestSettings name="default" id="5dfebd9b-a61d-483e-ac56-cedce079e4ae">
    <Deployment runDeploymentRoot="anna_cloudtest-win10_2023-01-23_00_00_35" />
  </TestSettings>
  <Results>
    <UnitTestResult executionId="ab786fcd-89d9-423f-bd3c-75ac9d6f6873" testId="22b78a51-a607-2980-8f01-eb509e93c575" testName="Tester.AzureUtils.AzureTableGrainDirectoryTests.LookupNotFound" computerName="cloudtest-win10" duration="00:00:01.5163157" startTime="2023-01-23T00:00:35.0455572+00:00" endTime="2023-01-23T00:00:35.0456087+00:00" testType="13cdc9d9-ddb5-4fa4-a97d-d965ccfc6d4b" outcome="Passed" testListId="8c84fa94-04c1-424b-9868-57a2d4851a1d" relativeResultsDirectory="ab786fcd-89d9-423f-bd3c-75ac9d6f6873" />
  </Results>
  <TestDefinitions>
    <UnitTest name="Tester.AzureUtils.AzureTableGrainDirectoryTests.LookupNotFound" storage="c:\users\anna\orleans\test\extensions\testerazureutils\bin\debug\net7.0\tester.azureutils.dll" id="22b78a51-a607-2980-8f01-eb509e93c575">
      <Execution id="ab786fcd-89d9-423f-bd3c-75ac9d6f6873" />
      <TestMethod codeBase="C:\Users\anna\orleans\test\Extensions\TesterAzureUtils\bin\Debug\net7.0\Tester.AzureUtils.dll" adapterTypeName="executor://xunit/VsTestRunner2/netcoreapp" className="Tester.AzureUtils.AzureTableGrainDirectoryTests" name="LookupNotFound" />
    </UnitTest>
  </TestDefinitions>
  <TestEntries>
    <TestEntry testId="22b78a51-a607-2980-8f01-eb509e93c575" executionId="ab786fcd-89d9-423f-bd3c-75ac9d6f6873" testListId="8c84fa94-04c1-424b-9868-57a2d4851a1d" />
  </TestEntries>
  <TestLists>
    <TestList name="Results Not in a List" id="8c84fa94-04c1-424b-9868-57a2d4851a1d" />
    <TestList name="All Loaded Results" id="19431567-8539-422a-85d7-44ee4e166bda" />
  </TestLists>
  <ResultSummary outcome="Completed">
    <Counters total="1" executed="1" passed="1" failed="0" error="0" timeout="0" aborted="0" inconclusive="0" passedButRunAborted="0" notRunnable="0" notExecuted="0" disconnected="0" warning="0" completed="0" inProgress="0" pending="0" />
    <Output>
      <StdOut>[xUnit.net 00:00:00.00] xUnit.net VSTest Adapter v2.4.5+1caef2f33e (64-bit .NET 7.0.2)&#xD;
[xUnit.net 00:00:01.27]   Discovering: Tester.AzureUtils (method display = ClassAndMethod, method display options = None)&#xD;
[xUnit.net 00:00:01.49]   Discovered:  Tester.AzureUtils (found 246 test cases)&#xD;
[xUnit.net 00:00:01.51]   Starting:    Tester.AzureUtils (parallel test collections = off, max threads = 4)&#xD;
[xUnit.net 00:00:03.14]   Finished:    Tester.AzureUtils&#xD;
</StdOut>
    </Output>
    <RunInfos>
      <RunInfo computerName="cloudtest-win10" outcome="Warning" timestamp="2023-01-23T00:00:35.2173752+00:00">
        <Text>Data collector 'Blame' message: All tests finished running, Sequence file will not be generated.</Text>
      </RunInfo>
    </RunInfos>
  </ResultSummary>
</TestRun>