<?xml version="1.0" encoding="utf-8"?>
<TestRun id="06bcba1b-553c-41fb-a25f-8f79915fb134" name="anna@cloudtest-win10 2023-01-25 01:16:54" runUser="cloudtest-win10\anna" xmlns="http://microsoft.com/schemas/VisualStudio/TeamTest/2010">
  <Times creation="2023-01-25T01:16:54.9664659+00:00" queuing="2023-01-25T01:16:54.9664669+00:00" start="2023-01-25T01:16:19.7366408+00:00" finish="2023-01-25T01:16:55.0033881+00:00" />
  <TestSettings name="default" id="b9f47709-5ce2-47a6-b9f7-31f003be7e00">
    <Deployment runDeploymentRoot="anna_cloudtest-win10_2023-01-25_01_16_54" />
  </TestSettings>
  <Results>
    <UnitTestResult executionId="cd6fc9fe-45f7-4caa-b451-88c1f37d0d85" testId="0994ae13-c9c5-5baa-8264-e21bcdf343ec" testName="Tester.AzureUtils.Streaming.AQStreamingTests.AQ_17_MultipleStreams_1J_ManyProducerGrainsManyConsumerGrains" computerName="cloudtest-win10" duration="00:00:04.7684110" startTime="2023-01-25T01:16:54.6390179+00:00" endTime="2023-01-25T01:16:54.6390626+00:00" testType="13cdc9d9-ddb5-4fa4-a97d-d965ccfc6d4b" outcome="Passed" testListId="8c84fa94-04c1-424b-9868-57a2d4851a1d" relativeResultsDirectory="cd6fc9fe-45f7-4caa-b451-88c1f37d0d85" />
  </Results>
  <TestDefinitions>
    <UnitTest name="Tester.AzureUtils.Streaming.AQStreamingTests.AQ_17_MultipleStreams_1J_ManyProducerGrainsManyConsumerGrains" storage="c:\users\anna\orleans\test\extensions\testerazureutils\bin\debug\net7.0\tester.azureutils.dll" id="0994ae13-c9c5-5baa-8264-e21bcdf343ec">
      <Execution id="cd6fc9fe-45f7-4caa-b451-88c1f37d0d85" />
      <TestMethod codeBase="C:\Users\anna\orleans\test\Extensions\TesterAzureUtils\bin\Debug\net7.0\Tester.AzureUtils.dll" adapterTypeName="executor://xunit/VsTestRunner2/netcoreapp" className="Tester.AzureUtils.Streaming.AQStreamingTests" name="AQ_17_MultipleStreams_1J_ManyProducerGrainsManyConsumerGrains" />
    </UnitTest>
  </TestDefinitions>
  <TestEntries>
    <TestEntry testId="0994ae13-c9c5-5baa-8264-e21bcdf343ec" executionId="cd6fc9fe-45f7-4caa-b451-88c1f37d0d85" testListId="8c84fa94-04c1-424b-9868-57a2d4851a1d" />
  </TestEntries>
  <TestLists>
    <TestList name="Results Not in a List" id="8c84fa94-04c1-424b-9868-57a2d4851a1d" />
    <TestList name="All Loaded Results" id="19431567-8539-422a-85d7-44ee4e166bda" />
  </TestLists>
  <ResultSummary outcome="Completed">
    <Counters total="1" executed="1" passed="1" failed="0" error="0" timeout="0" aborted="0" inconclusive="0" passedButRunAborted="0" notRunnable="0" notExecuted="0" disconnected="0" warning="0" completed="0" inProgress="0" pending="0" />
    <Output>
      <StdOut>[xUnit.net 00:00:00.00] xUnit.net VSTest Adapter v2.4.5+1caef2f33e (64-bit .NET 7.0.2)&#xD;
[xUnit.net 00:00:01.25]   Discovering: Tester.AzureUtils (method display = ClassAndMethod, method display options = None)&#xD;
[xUnit.net 00:00:01.47]   Discovered:  Tester.AzureUtils (found 246 test cases)&#xD;
[xUnit.net 00:00:01.48]   Starting:    Tester.AzureUtils (parallel test collections = off, max threads = 4)&#xD;
[xUnit.net 00:00:31.97]   Finished:    Tester.AzureUtils&#xD;
</StdOut>
    </Output>
    <RunInfos>
      <RunInfo computerName="cloudtest-win10" outcome="Warning" timestamp="2023-01-25T01:16:54.8216675+00:00">
        <Text>Data collector 'Blame' message: All tests finished running, Sequence file will not be generated.</Text>
      </RunInfo>
    </RunInfos>
  </ResultSummary>
</TestRun>