<?xml version="1.0" encoding="utf-8"?>
<TestRun id="4e95d417-850d-41d5-a685-0b61b68b630b" name="anna@cloudtest-win10 2023-01-25 01:12:14" runUser="cloudtest-win10\anna" xmlns="http://microsoft.com/schemas/VisualStudio/TeamTest/2010">
  <Times creation="2023-01-25T01:12:14.7664575+00:00" queuing="2023-01-25T01:12:14.7664582+00:00" start="2023-01-25T01:11:38.3871501+00:00" finish="2023-01-25T01:12:14.8034115+00:00" />
  <TestSettings name="default" id="82ace3a0-aba3-4717-9e5f-21d0f3a8ae95">
    <Deployment runDeploymentRoot="anna_cloudtest-win10_2023-01-25_01_12_14" />
  </TestSettings>
  <Results>
    <UnitTestResult executionId="dc2ee176-bd2e-46ca-80fc-f39ff8ece409" testId="0994ae13-c9c5-5baa-8264-e21bcdf343ec" testName="Tester.AzureUtils.Streaming.AQStreamingTests.AQ_17_MultipleStreams_1J_ManyProducerGrainsManyConsumerGrains" computerName="cloudtest-win10" duration="00:00:05.9578713" startTime="2023-01-25T01:12:14.4364113+00:00" endTime="2023-01-25T01:12:14.4364569+00:00" testType="13cdc9d9-ddb5-4fa4-a97d-d965ccfc6d4b" outcome="Passed" testListId="8c84fa94-04c1-424b-9868-57a2d4851a1d" relativeResultsDirectory="dc2ee176-bd2e-46ca-80fc-f39ff8ece409" />
  </Results>
  <TestDefinitions>
    <UnitTest name="Tester.AzureUtils.Streaming.AQStreamingTests.AQ_17_MultipleStreams_1J_ManyProducerGrainsManyConsumerGrains" storage="c:\users\anna\orleans\test\extensions\testerazureutils\bin\debug\net7.0\tester.azureutils.dll" id="0994ae13-c9c5-5baa-8264-e21bcdf343ec">
      <Execution id="dc2ee176-bd2e-46ca-80fc-f39ff8ece409" />
      <TestMethod codeBase="C:\Users\anna\orleans\test\Extensions\TesterAzureUtils\bin\Debug\net7.0\Tester.AzureUtils.dll" adapterTypeName="executor://xunit/VsTestRunner2/netcoreapp" className="Tester.AzureUtils.Streaming.AQStreamingTests" name="AQ_17_MultipleStreams_1J_ManyProducerGrainsManyConsumerGrains" />
    </UnitTest>
  </TestDefinitions>
  <TestEntries>
    <TestEntry testId="0994ae13-c9c5-5baa-8264-e21bcdf343ec" executionId="dc2ee176-bd2e-46ca-80fc-f39ff8ece409" testListId="8c84fa94-04c1-424b-9868-57a2d4851a1d" />
  </TestEntries>
  <TestLists>
    <TestList name="Results Not in a List" id="8c84fa94-04c1-424b-9868-57a2d4851a1d" />
    <TestList name="All Loaded Results" id="19431567-8539-422a-85d7-44ee4e166bda" />
  </TestLists>
  <ResultSummary outcome="Completed">
    <Counters total="1" executed="1" passed="1" failed="0" error="0" timeout="0" aborted="0" inconclusive="0" passedButRunAborted="0" notRunnable="0" notExecuted="0" disconnected="0" warning="0" completed="0" inProgress="0" pending="0" />
    <Output>
      <StdOut>[xUnit.net 00:00:00.00] xUnit.net VSTest Adapter v2.4.5+1caef2f33e (64-bit .NET 7.0.2)&#xD;
[xUnit.net 00:00:01.25]   Discovering: Tester.AzureUtils (method display = ClassAndMethod, method display options = None)&#xD;
[xUnit.net 00:00:01.45]   Discovered:  Tester.AzureUtils (found 246 test cases)&#xD;
[xUnit.net 00:00:01.47]   Starting:    Tester.AzureUtils (parallel test collections = off, max threads = 4)&#xD;
[xUnit.net 00:00:33.13]   Finished:    Tester.AzureUtils&#xD;
</StdOut>
    </Output>
    <RunInfos>
      <RunInfo computerName="cloudtest-win10" outcome="Warning" timestamp="2023-01-25T01:12:14.6198420+00:00">
        <Text>Data collector 'Blame' message: All tests finished running, Sequence file will not be generated.</Text>
      </RunInfo>
    </RunInfos>
  </ResultSummary>
</TestRun>