<?xml version="1.0" encoding="utf-8"?>
<TestRun id="2799c217-3bb4-4a2e-b9e6-7939ff5e9e0c" name="anna@cloudtest-win10 2023-01-23 00:01:19" runUser="cloudtest-win10\anna" xmlns="http://microsoft.com/schemas/VisualStudio/TeamTest/2010">
  <Times creation="2023-01-23T00:01:19.7357175+00:00" queuing="2023-01-23T00:01:19.7357179+00:00" start="2023-01-23T00:01:13.0056889+00:00" finish="2023-01-23T00:01:19.7763107+00:00" />
  <TestSettings name="default" id="dcc32d84-37dd-4f4b-b1cf-4ee6b476ca42">
    <Deployment runDeploymentRoot="anna_cloudtest-win10_2023-01-23_00_01_19" />
  </TestSettings>
  <Results>
    <UnitTestResult executionId="d6281759-59ed-4c75-8b80-97c7391a93ad" testId="6b1bbc09-e7cb-8942-de15-8521c22985d1" testName="Tester.AzureUtils.AzureTableGrainDirectoryTests.RegisterLookupUnregisterLookup" computerName="cloudtest-win10" duration="00:00:01.8168702" startTime="2023-01-23T00:01:19.4228297+00:00" endTime="2023-01-23T00:01:19.4229170+00:00" testType="13cdc9d9-ddb5-4fa4-a97d-d965ccfc6d4b" outcome="Failed" testListId="8c84fa94-04c1-424b-9868-57a2d4851a1d" relativeResultsDirectory="d6281759-59ed-4c75-8b80-97c7391a93ad">
      <Output>
        <ErrorInfo>
          <Message>Azure.RequestFailedException : Resource not found</Message>
          <StackTrace>   at Orleans.GrainDirectory.AzureStorage.AzureTableDataManager`1.DeleteTableEntryAsync(T data, ETag eTag) in C:\Users\anna\orleans\src\Azure\Shared\Storage\AzureTableDataManager.cs:line 370&#xD;
   at Orleans.GrainDirectory.AzureStorage.AzureTableGrainDirectory.Unregister(GrainAddress address) in C:\Users\anna\orleans\src\Azure\Orleans.GrainDirectory.AzureStorage\AzureTableGrainDirectory.cs:line 104&#xD;
   at Tester.Directories.GrainDirectoryTests`1.RegisterLookupUnregisterLookup() in C:\Users\anna\orleans\test\Tester\Directories\GrainDirectoryTests.cs:line 42&#xD;
--- End of stack trace from previous location ---</StackTrace>
        </ErrorInfo>
      </Output>
    </UnitTestResult>
  </Results>
  <TestDefinitions>
    <UnitTest name="Tester.AzureUtils.AzureTableGrainDirectoryTests.RegisterLookupUnregisterLookup" storage="c:\users\anna\orleans\test\extensions\testerazureutils\bin\debug\net7.0\tester.azureutils.dll" id="6b1bbc09-e7cb-8942-de15-8521c22985d1">
      <Execution id="d6281759-59ed-4c75-8b80-97c7391a93ad" />
      <TestMethod codeBase="C:\Users\anna\orleans\test\Extensions\TesterAzureUtils\bin\Debug\net7.0\Tester.AzureUtils.dll" adapterTypeName="executor://xunit/VsTestRunner2/netcoreapp" className="Tester.AzureUtils.AzureTableGrainDirectoryTests" name="RegisterLookupUnregisterLookup" />
    </UnitTest>
  </TestDefinitions>
  <TestEntries>
    <TestEntry testId="6b1bbc09-e7cb-8942-de15-8521c22985d1" executionId="d6281759-59ed-4c75-8b80-97c7391a93ad" testListId="8c84fa94-04c1-424b-9868-57a2d4851a1d" />
  </TestEntries>
  <TestLists>
    <TestList name="Results Not in a List" id="8c84fa94-04c1-424b-9868-57a2d4851a1d" />
    <TestList name="All Loaded Results" id="19431567-8539-422a-85d7-44ee4e166bda" />
  </TestLists>
  <ResultSummary outcome="Failed">
    <Counters total="1" executed="1" passed="0" failed="1" error="0" timeout="0" aborted="0" inconclusive="0" passedButRunAborted="0" notRunnable="0" notExecuted="0" disconnected="0" warning="0" completed="0" inProgress="0" pending="0" />
    <Output>
      <StdOut>[xUnit.net 00:00:00.00] xUnit.net VSTest Adapter v2.4.5+1caef2f33e (64-bit .NET 7.0.2)&#xD;
[xUnit.net 00:00:01.29]   Discovering: Tester.AzureUtils (method display = ClassAndMethod, method display options = None)&#xD;
[xUnit.net 00:00:01.51]   Discovered:  Tester.AzureUtils (found 246 test cases)&#xD;
[xUnit.net 00:00:01.53]   Starting:    Tester.AzureUtils (parallel test collections = off, max threads = 4)&#xD;
[xUnit.net 00:00:03.43]       Azure.RequestFailedException : Resource not found&#xD;
[xUnit.net 00:00:03.43]       Stack Trace:&#xD;
[xUnit.net 00:00:03.43]         C:\Users\anna\orleans\src\Azure\Shared\Storage\AzureTableDataManager.cs(370,0): at Orleans.GrainDirectory.AzureStorage.AzureTableDataManager`1.DeleteTableEntryAsync(T data, ETag eTag)&#xD;
[xUnit.net 00:00:03.43]         C:\Users\anna\orleans\src\Azure\Orleans.GrainDirectory.AzureStorage\AzureTableGrainDirectory.cs(104,0): at Orleans.GrainDirectory.AzureStorage.AzureTableGrainDirectory.Unregister(GrainAddress address)&#xD;
[xUnit.net 00:00:03.43]         C:\Users\anna\orleans\test\Tester\Directories\GrainDirectoryTests.cs(42,0): at Tester.Directories.GrainDirectoryTests`1.RegisterLookupUnregisterLookup()&#xD;
[xUnit.net 00:00:03.43]         --- End of stack trace from previous location ---&#xD;
[xUnit.net 00:00:03.47]   Finished:    Tester.AzureUtils&#xD;
</StdOut>
    </Output>
    <RunInfos>
      <RunInfo computerName="cloudtest-win10" outcome="Min" timestamp="2023-01-23T00:01:19.4167178+00:00">
        <Text>[xUnit.net 00:00:03.43]     Tester.AzureUtils.AzureTableGrainDirectoryTests.RegisterLookupUnregisterLookup [FAIL]</Text>
      </RunInfo>
      <RunInfo computerName="cloudtest-win10" outcome="Warning" timestamp="2023-01-23T00:01:19.5887491+00:00">
        <Text>Data collector 'Blame' message: All tests finished running, Sequence file will not be generated.</Text>
      </RunInfo>
    </RunInfos>
  </ResultSummary>
</TestRun>