<?xml version="1.0" encoding="utf-8"?>
<TestRun id="18cac70f-5d9c-4534-8efb-7a858b457c16" name="anna@cloudtest-win10 2023-01-23 00:01:01" runUser="cloudtest-win10\anna" xmlns="http://microsoft.com/schemas/VisualStudio/TeamTest/2010">
  <Times creation="2023-01-23T00:01:01.7606461+00:00" queuing="2023-01-23T00:01:01.7606466+00:00" start="2023-01-23T00:00:54.9813969+00:00" finish="2023-01-23T00:01:01.7978525+00:00" />
  <TestSettings name="default" id="7e6f2fd6-9dbf-4254-a140-2399e8d86c85">
    <Deployment runDeploymentRoot="anna_cloudtest-win10_2023-01-23_00_01_01" />
  </TestSettings>
  <Results>
    <UnitTestResult executionId="1c7c5662-f062-45f2-b642-02816e82351d" testId="6b1bbc09-e7cb-8942-de15-8521c22985d1" testName="Tester.AzureUtils.AzureTableGrainDirectoryTests.RegisterLookupUnregisterLookup" computerName="cloudtest-win10" duration="00:00:01.9008686" startTime="2023-01-23T00:01:01.4504296+00:00" endTime="2023-01-23T00:01:01.4504800+00:00" testType="13cdc9d9-ddb5-4fa4-a97d-d965ccfc6d4b" outcome="Passed" testListId="8c84fa94-04c1-424b-9868-57a2d4851a1d" relativeResultsDirectory="1c7c5662-f062-45f2-b642-02816e82351d" />
  </Results>
  <TestDefinitions>
    <UnitTest name="Tester.AzureUtils.AzureTableGrainDirectoryTests.RegisterLookupUnregisterLookup" storage="c:\users\anna\orleans\test\extensions\testerazureutils\bin\debug\net7.0\tester.azureutils.dll" id="6b1bbc09-e7cb-8942-de15-8521c22985d1">
      <Execution id="1c7c5662-f062-45f2-b642-02816e82351d" />
      <TestMethod codeBase="C:\Users\anna\orleans\test\Extensions\TesterAzureUtils\bin\Debug\net7.0\Tester.AzureUtils.dll" adapterTypeName="executor://xunit/VsTestRunner2/netcoreapp" className="Tester.AzureUtils.AzureTableGrainDirectoryTests" name="RegisterLookupUnregisterLookup" />
    </UnitTest>
  </TestDefinitions>
  <TestEntries>
    <TestEntry testId="6b1bbc09-e7cb-8942-de15-8521c22985d1" executionId="1c7c5662-f062-45f2-b642-02816e82351d" testListId="8c84fa94-04c1-424b-9868-57a2d4851a1d" />
  </TestEntries>
  <TestLists>
    <TestList name="Results Not in a List" id="8c84fa94-04c1-424b-9868-57a2d4851a1d" />
    <TestList name="All Loaded Results" id="19431567-8539-422a-85d7-44ee4e166bda" />
  </TestLists>
  <ResultSummary outcome="Completed">
    <Counters total="1" executed="1" passed="1" failed="0" error="0" timeout="0" aborted="0" inconclusive="0" passedButRunAborted="0" notRunnable="0" notExecuted="0" disconnected="0" warning="0" completed="0" inProgress="0" pending="0" />
    <Output>
      <StdOut>[xUnit.net 00:00:00.00] xUnit.net VSTest Adapter v2.4.5+1caef2f33e (64-bit .NET 7.0.2)&#xD;
[xUnit.net 00:00:01.28]   Discovering: Tester.AzureUtils (method display = ClassAndMethod, method display options = None)&#xD;
[xUnit.net 00:00:01.50]   Discovered:  Tester.AzureUtils (found 246 test cases)&#xD;
[xUnit.net 00:00:01.51]   Starting:    Tester.AzureUtils (parallel test collections = off, max threads = 4)&#xD;
[xUnit.net 00:00:03.52]   Finished:    Tester.AzureUtils&#xD;
</StdOut>
    </Output>
    <RunInfos>
      <RunInfo computerName="cloudtest-win10" outcome="Warning" timestamp="2023-01-23T00:01:01.6137415+00:00">
        <Text>Data collector 'Blame' message: All tests finished running, Sequence file will not be generated.</Text>
      </RunInfo>
    </RunInfos>
  </ResultSummary>
</TestRun>